--------------- Build Started: 04/23/2018 16:28:27 Project: BLE_OTA_External_Memory_Bootloader01, Configuration: ARM GCC 5.4-2016-q2-update Debug ---------------
cydsfit.exe -.appdatapath "C:\Users\Administrator\AppData\Local\Cypress Semiconductor\PSoC Creator\4.1" -.fdsnotice -.fdswarpdepfile=warp_dependencies.txt -.fdselabdepfile=elab_dependencies.txt -.fdsbldfile=generated_files.txt -.fdsreffile=referenced_files.txt -p G:\Psoc4_prj\7.rental_house\18-04-11\second_images[4-9]\EntranceGuard_171019-12.50\BLE_OTA_External_Memory_Bootloader01.cydsn\BLE_OTA_External_Memory_Bootloader01.cyprj -d CY8C4248LQI-BL483 -s G:\Psoc4_prj\7.rental_house\18-04-11\second_images[4-9]\EntranceGuard_171019-12.50\BLE_OTA_External_Memory_Bootloader01.cydsn\Generated_Source\PSoC4 -- -yv2 -q10 -ygs -o2 -v3 -.fftcfgtype=LE
Elaborating Design...
HDL Generation...
Synthesis...
Tech Mapping...
Analog Placement...
Analog Routing...
Analog Code Generation...
Digital Placement...
Digital Routing...
Bitstream Generation...
Bitstream Verification...
Static timing analysis...
API Generation...
Dependency Generation...
Cleanup...
arm-none-eabi-gcc.exe -mcpu=cortex-m0 -mthumb -I.\Code -I.\Code\BOOT -I.\Code\W25Qxx -I. -IGenerated_Source\PSoC4 -Wa,-alh=.\CortexM0\ARM_GCC_541\Debug/boot.lst -g -D DEBUG -Wall -ffunction-sections -ffat-lto-objects -Os -c Code\BOOT\boot.c -o .\CortexM0\ARM_GCC_541\Debug\boot.o
arm-none-eabi-gcc.exe -mcpu=cortex-m0 -mthumb -I.\Code -I.\Code\BOOT -I.\Code\W25Qxx -I. -IGenerated_Source\PSoC4 -Wa,-alh=.\CortexM0\ARM_GCC_541\Debug/flash_spi.lst -g -D DEBUG -Wall -ffunction-sections -ffat-lto-objects -Os -c Code\W25Qxx\flash_spi.c -o .\CortexM0\ARM_GCC_541\Debug\flash_spi.o
arm-none-eabi-gcc.exe -mcpu=cortex-m0 -mthumb -I.\Code -I.\Code\BOOT -I.\Code\W25Qxx -I. -IGenerated_Source\PSoC4 -Wa,-alh=.\CortexM0\ARM_GCC_541\Debug/w25qxx.lst -g -D DEBUG -Wall -ffunction-sections -ffat-lto-objects -Os -c Code\W25Qxx\w25qxx.c -o .\CortexM0\ARM_GCC_541\Debug\w25qxx.o
arm-none-eabi-gcc.exe -mcpu=cortex-m0 -mthumb -I.\Code -I.\Code\BOOT -I.\Code\W25Qxx -I. -IGenerated_Source\PSoC4 -Wa,-alh=.\CortexM0\ARM_GCC_541\Debug/main.lst -g -D DEBUG -Wall -ffunction-sections -ffat-lto-objects -Os -c main.c -o .\CortexM0\ARM_GCC_541\Debug\main.o
arm-none-eabi-gcc.exe -mcpu=cortex-m0 -mthumb -I.\Code -I.\Code\BOOT -I.\Code\W25Qxx -I. -IGenerated_Source\PSoC4 -Wa,-alh=.\CortexM0\ARM_GCC_541\Debug/debug.lst -g -D DEBUG -Wall -ffunction-sections -ffat-lto-objects -Os -c debug.c -o .\CortexM0\ARM_GCC_541\Debug\debug.o
arm-none-eabi-gcc.exe -mcpu=cortex-m0 -mthumb -I.\Code -I.\Code\BOOT -I.\Code\W25Qxx -I. -IGenerated_Source\PSoC4 -Wa,-alh=.\CortexM0\ARM_GCC_541\Debug/OTAMandatory.lst -g -D DEBUG -Wall -ffunction-sections -ffat-lto-objects -Os -c OTAMandatory.c -o .\CortexM0\ARM_GCC_541\Debug\OTAMandatory.o
arm-none-eabi-gcc.exe -mcpu=cortex-m0 -mthumb -I.\Code -I.\Code\BOOT -I.\Code\W25Qxx -I. -IGenerated_Source\PSoC4 -Wa,-alh=.\CortexM0\ARM_GCC_541\Debug/OTAOptional.lst -g -D DEBUG -Wall -ffunction-sections -ffat-lto-objects -Os -c OTAOptional.c -o .\CortexM0\ARM_GCC_541\Debug\OTAOptional.o
arm-none-eabi-gcc.exe -mcpu=cortex-m0 -mthumb -I.\Code -I.\Code\BOOT -I.\Code\W25Qxx -I. -IGenerated_Source\PSoC4 -Wa,-alh=.\CortexM0\ARM_GCC_541\Debug/cyfitter_cfg.lst -g -D DEBUG -Wall -ffunction-sections -ffat-lto-objects -Os -c Generated_Source\PSoC4\cyfitter_cfg.c -o .\CortexM0\ARM_GCC_541\Debug\cyfitter_cfg.o
arm-none-eabi-gcc.exe -mcpu=cortex-m0 -mthumb -I.\Code -I.\Code\BOOT -I.\Code\W25Qxx -I. -IGenerated_Source\PSoC4 -Wa,-alh=.\CortexM0\ARM_GCC_541\Debug/cymetadata.lst -g -D DEBUG -Wall -ffunction-sections -ffat-lto-objects -Os -c Generated_Source\PSoC4\cymetadata.c -o .\CortexM0\ARM_GCC_541\Debug\cymetadata.o
arm-none-eabi-gcc.exe -mcpu=cortex-m0 -mthumb -I.\Code -I.\Code\BOOT -I.\Code\W25Qxx -I. -IGenerated_Source\PSoC4 -Wa,-alh=.\CortexM0\ARM_GCC_541\Debug/Bootloader.lst -g -D DEBUG -Wall -ffunction-sections -ffat-lto-objects -Os -c Generated_Source\PSoC4\Bootloader.c -o .\CortexM0\ARM_GCC_541\Debug\Bootloader.o
arm-none-eabi-gcc.exe -mcpu=cortex-m0 -mthumb -I.\Code -I.\Code\BOOT -I.\Code\W25Qxx -I. -IGenerated_Source\PSoC4 -Wa,-alh=.\CortexM0\ARM_GCC_541\Debug/UART.lst -g -D DEBUG -Wall -ffunction-sections -ffat-lto-objects -Os -c Generated_Source\PSoC4\UART.c -o .\CortexM0\ARM_GCC_541\Debug\UART.o
arm-none-eabi-gcc.exe -mcpu=cortex-m0 -mthumb -I.\Code -I.\Code\BOOT -I.\Code\W25Qxx -I. -IGenerated_Source\PSoC4 -Wa,-alh=.\CortexM0\ARM_GCC_541\Debug/BLE.lst -g -D DEBUG -Wall -ffunction-sections -ffat-lto-objects -Os -c Generated_Source\PSoC4\BLE.c -o .\CortexM0\ARM_GCC_541\Debug\BLE.o
arm-none-eabi-gcc.exe -mcpu=cortex-m0 -mthumb -I.\Code -I.\Code\BOOT -I.\Code\W25Qxx -I. -IGenerated_Source\PSoC4 -Wa,-alh=.\CortexM0\ARM_GCC_541\Debug/BLE_gatt.lst -g -D DEBUG -Wall -ffunction-sections -ffat-lto-objects -Os -c Generated_Source\PSoC4\BLE_gatt.c -o .\CortexM0\ARM_GCC_541\Debug\BLE_gatt.o
arm-none-eabi-gcc.exe -mcpu=cortex-m0 -mthumb -I.\Code -I.\Code\BOOT -I.\Code\W25Qxx -I. -IGenerated_Source\PSoC4 -Wa,-alh=.\CortexM0\ARM_GCC_541\Debug/BLE_eventHandler.lst -g -D DEBUG -Wall -ffunction-sections -ffat-lto-objects -Os -c Generated_Source\PSoC4\BLE_eventHandler.c -o .\CortexM0\ARM_GCC_541\Debug\BLE_eventHandler.o
arm-none-eabi-gcc.exe -mcpu=cortex-m0 -mthumb -I.\Code -I.\Code\BOOT -I.\Code\W25Qxx -I. -IGenerated_Source\PSoC4 -Wa,-alh=.\CortexM0\ARM_GCC_541\Debug/BLE_HAL_INT.lst -g -D DEBUG -Wall -ffunction-sections -ffat-lto-objects -Os -c Generated_Source\PSoC4\BLE_HAL_INT.c -o .\CortexM0\ARM_GCC_541\Debug\BLE_HAL_INT.o
arm-none-eabi-gcc.exe -mcpu=cortex-m0 -mthumb -I.\Code -I.\Code\BOOT -I.\Code\W25Qxx -I. -IGenerated_Source\PSoC4 -Wa,-alh=.\CortexM0\ARM_GCC_541\Debug/BLE_HAL_PVT.lst -g -D DEBUG -Wall -ffunction-sections -ffat-lto-objects -Os -c Generated_Source\PSoC4\BLE_HAL_PVT.c -o .\CortexM0\ARM_GCC_541\Debug\BLE_HAL_PVT.o
arm-none-eabi-gcc.exe -mcpu=cortex-m0 -mthumb -I.\Code -I.\Code\BOOT -I.\Code\W25Qxx -I. -IGenerated_Source\PSoC4 -Wa,-alh=.\CortexM0\ARM_GCC_541\Debug/BLE_custom.lst -g -D DEBUG -Wall -ffunction-sections -ffat-lto-objects -Os -c Generated_Source\PSoC4\BLE_custom.c -o .\CortexM0\ARM_GCC_541\Debug\BLE_custom.o
arm-none-eabi-gcc.exe -mcpu=cortex-m0 -mthumb -I.\Code -I.\Code\BOOT -I.\Code\W25Qxx -I. -IGenerated_Source\PSoC4 -Wa,-alh=.\CortexM0\ARM_GCC_541\Debug/BLE_bts.lst -g -D DEBUG -Wall -ffunction-sections -ffat-lto-objects -Os -c Generated_Source\PSoC4\BLE_bts.c -o .\CortexM0\ARM_GCC_541\Debug\BLE_bts.o
arm-none-eabi-gcc.exe -mcpu=cortex-m0 -mthumb -I.\Code -I.\Code\BOOT -I.\Code\W25Qxx -I. -IGenerated_Source\PSoC4 -Wa,-alh=.\CortexM0\ARM_GCC_541\Debug/BLE_bless_isr.lst -g -D DEBUG -Wall -ffunction-sections -ffat-lto-objects -Os -c Generated_Source\PSoC4\BLE_bless_isr.c -o .\CortexM0\ARM_GCC_541\Debug\BLE_bless_isr.o
arm-none-eabi-gcc.exe -mcpu=cortex-m0 -mthumb -I.\Code -I.\Code\BOOT -I.\Code\W25Qxx -I. -IGenerated_Source\PSoC4 -Wa,-alh=.\CortexM0\ARM_GCC_541\Debug/Cm0Start.lst -g -D DEBUG -Wall -ffunction-sections -ffat-lto-objects -Os -c Generated_Source\PSoC4\Cm0Start.c -o .\CortexM0\ARM_GCC_541\Debug\Cm0Start.o
arm-none-eabi-gcc.exe -mcpu=cortex-m0 -mthumb -I.\Code -I.\Code\BOOT -I.\Code\W25Qxx -I. -IGenerated_Source\PSoC4 -Wa,-alh=.\CortexM0\ARM_GCC_541\Debug/CyFlash.lst -g -D DEBUG -Wall -ffunction-sections -ffat-lto-objects -Os -c Generated_Source\PSoC4\CyFlash.c -o .\CortexM0\ARM_GCC_541\Debug\CyFlash.o
arm-none-eabi-gcc.exe -mcpu=cortex-m0 -mthumb -I.\Code -I.\Code\BOOT -I.\Code\W25Qxx -I. -IGenerated_Source\PSoC4 -Wa,-alh=.\CortexM0\ARM_GCC_541\Debug/CyLib.lst -g -D DEBUG -Wall -ffunction-sections -ffat-lto-objects -Os -c Generated_Source\PSoC4\CyLib.c -o .\CortexM0\ARM_GCC_541\Debug\CyLib.o
arm-none-eabi-gcc.exe -mcpu=cortex-m0 -mthumb -I.\Code -I.\Code\BOOT -I.\Code\W25Qxx -I. -IGenerated_Source\PSoC4 -Wa,-alh=.\CortexM0\ARM_GCC_541\Debug/cyPm.lst -g -D DEBUG -Wall -ffunction-sections -ffat-lto-objects -Os -c Generated_Source\PSoC4\cyPm.c -o .\CortexM0\ARM_GCC_541\Debug\cyPm.o
arm-none-eabi-gcc.exe -mcpu=cortex-m0 -mthumb -I.\Code -I.\Code\BOOT -I.\Code\W25Qxx -I. -IGenerated_Source\PSoC4 -Wa,-alh=.\CortexM0\ARM_GCC_541\Debug/cyutils.lst -g -D DEBUG -Wall -ffunction-sections -ffat-lto-objects -Os -c Generated_Source\PSoC4\cyutils.c -o .\CortexM0\ARM_GCC_541\Debug\cyutils.o
arm-none-eabi-gcc.exe -mcpu=cortex-m0 -mthumb -I.\Code -I.\Code\BOOT -I.\Code\W25Qxx -I. -IGenerated_Source\PSoC4 -Wa,-alh=.\CortexM0\ARM_GCC_541\Debug/CyLFClk.lst -g -D DEBUG -Wall -ffunction-sections -ffat-lto-objects -Os -c Generated_Source\PSoC4\CyLFClk.c -o .\CortexM0\ARM_GCC_541\Debug\CyLFClk.o
arm-none-eabi-gcc.exe -mcpu=cortex-m0 -mthumb -I.\Code -I.\Code\BOOT -I.\Code\W25Qxx -I. -IGenerated_Source\PSoC4 -Wa,-alh=.\CortexM0\ARM_GCC_541\Debug/FLASH_NCS.lst -g -D DEBUG -Wall -ffunction-sections -ffat-lto-objects -Os -c Generated_Source\PSoC4\FLASH_NCS.c -o .\CortexM0\ARM_GCC_541\Debug\FLASH_NCS.o
arm-none-eabi-gcc.exe -mcpu=cortex-m0 -mthumb -I.\Code -I.\Code\BOOT -I.\Code\W25Qxx -I. -IGenerated_Source\PSoC4 -Wa,-alh=.\CortexM0\ARM_GCC_541\Debug/FLASH_NCS_PM.lst -g -D DEBUG -Wall -ffunction-sections -ffat-lto-objects -Os -c Generated_Source\PSoC4\FLASH_NCS_PM.c -o .\CortexM0\ARM_GCC_541\Debug\FLASH_NCS_PM.o
arm-none-eabi-gcc.exe -mcpu=cortex-m0 -mthumb -I.\Code -I.\Code\BOOT -I.\Code\W25Qxx -I. -IGenerated_Source\PSoC4 -Wa,-alh=.\CortexM0\ARM_GCC_541\Debug/FLASH_SCK.lst -g -D DEBUG -Wall -ffunction-sections -ffat-lto-objects -Os -c Generated_Source\PSoC4\FLASH_SCK.c -o .\CortexM0\ARM_GCC_541\Debug\FLASH_SCK.o
arm-none-eabi-gcc.exe -mcpu=cortex-m0 -mthumb -I.\Code -I.\Code\BOOT -I.\Code\W25Qxx -I. -IGenerated_Source\PSoC4 -Wa,-alh=.\CortexM0\ARM_GCC_541\Debug/FLASH_SCK_PM.lst -g -D DEBUG -Wall -ffunction-sections -ffat-lto-objects -Os -c Generated_Source\PSoC4\FLASH_SCK_PM.c -o .\CortexM0\ARM_GCC_541\Debug\FLASH_SCK_PM.o
arm-none-eabi-gcc.exe -mcpu=cortex-m0 -mthumb -I.\Code -I.\Code\BOOT -I.\Code\W25Qxx -I. -IGenerated_Source\PSoC4 -Wa,-alh=.\CortexM0\ARM_GCC_541\Debug/FLASH_MISO.lst -g -D DEBUG -Wall -ffunction-sections -ffat-lto-objects -Os -c Generated_Source\PSoC4\FLASH_MISO.c -o .\CortexM0\ARM_GCC_541\Debug\FLASH_MISO.o
arm-none-eabi-gcc.exe -mcpu=cortex-m0 -mthumb -I.\Code -I.\Code\BOOT -I.\Code\W25Qxx -I. -IGenerated_Source\PSoC4 -Wa,-alh=.\CortexM0\ARM_GCC_541\Debug/FLASH_MISO_PM.lst -g -D DEBUG -Wall -ffunction-sections -ffat-lto-objects -Os -c Generated_Source\PSoC4\FLASH_MISO_PM.c -o .\CortexM0\ARM_GCC_541\Debug\FLASH_MISO_PM.o
arm-none-eabi-gcc.exe -mcpu=cortex-m0 -mthumb -I.\Code -I.\Code\BOOT -I.\Code\W25Qxx -I. -IGenerated_Source\PSoC4 -Wa,-alh=.\CortexM0\ARM_GCC_541\Debug/FLASH_MOSI.lst -g -D DEBUG -Wall -ffunction-sections -ffat-lto-objects -Os -c Generated_Source\PSoC4\FLASH_MOSI.c -o .\CortexM0\ARM_GCC_541\Debug\FLASH_MOSI.o
arm-none-eabi-gcc.exe -mcpu=cortex-m0 -mthumb -I.\Code -I.\Code\BOOT -I.\Code\W25Qxx -I. -IGenerated_Source\PSoC4 -Wa,-alh=.\CortexM0\ARM_GCC_541\Debug/FLASH_MOSI_PM.lst -g -D DEBUG -Wall -ffunction-sections -ffat-lto-objects -Os -c Generated_Source\PSoC4\FLASH_MOSI_PM.c -o .\CortexM0\ARM_GCC_541\Debug\FLASH_MOSI_PM.o
arm-none-eabi-as.exe -mcpu=cortex-m0 -mthumb -I. -IGenerated_Source\PSoC4 -alh=.\CortexM0\ARM_GCC_541\Debug/UART_AsmGnu.lst -g -W -o .\CortexM0\ARM_GCC_541\Debug\UART_AsmGnu.o Generated_Source\PSoC4\UART_AsmGnu.s
arm-none-eabi-as.exe -mcpu=cortex-m0 -mthumb -I. -IGenerated_Source\PSoC4 -alh=.\CortexM0\ARM_GCC_541\Debug/CyBootAsmGnu.lst -g -W -o .\CortexM0\ARM_GCC_541\Debug\CyBootAsmGnu.o Generated_Source\PSoC4\CyBootAsmGnu.s
arm-none-eabi-ar.exe -rs .\CortexM0\ARM_GCC_541\Debug\BLE_OTA_External_Memory_Bootloader01.a .\CortexM0\ARM_GCC_541\Debug\Bootloader.o .\CortexM0\ARM_GCC_541\Debug\UART.o .\CortexM0\ARM_GCC_541\Debug\BLE.o .\CortexM0\ARM_GCC_541\Debug\BLE_gatt.o .\CortexM0\ARM_GCC_541\Debug\BLE_eventHandler.o .\CortexM0\ARM_GCC_541\Debug\BLE_HAL_INT.o .\CortexM0\ARM_GCC_541\Debug\BLE_HAL_PVT.o .\CortexM0\ARM_GCC_541\Debug\BLE_custom.o .\CortexM0\ARM_GCC_541\Debug\BLE_bts.o .\CortexM0\ARM_GCC_541\Debug\BLE_bless_isr.o .\CortexM0\ARM_GCC_541\Debug\CyFlash.o .\CortexM0\ARM_GCC_541\Debug\CyLib.o .\CortexM0\ARM_GCC_541\Debug\cyPm.o .\CortexM0\ARM_GCC_541\Debug\cyutils.o .\CortexM0\ARM_GCC_541\Debug\CyLFClk.o .\CortexM0\ARM_GCC_541\Debug\FLASH_NCS.o .\CortexM0\ARM_GCC_541\Debug\FLASH_NCS_PM.o .\CortexM0\ARM_GCC_541\Debug\FLASH_SCK.o .\CortexM0\ARM_GCC_541\Debug\FLASH_SCK_PM.o .\CortexM0\ARM_GCC_541\Debug\FLASH_MISO.o .\CortexM0\ARM_GCC_541\Debug\FLASH_MISO_PM.o .\CortexM0\ARM_GCC_541\Debug\FLASH_MOSI.o .\CortexM0\ARM_GCC_541\Debug\FLASH_MOSI_PM.o .\CortexM0\ARM_GCC_541\Debug\UART_AsmGnu.o .\CortexM0\ARM_GCC_541\Debug\CyBootAsmGnu.o
arm-none-eabi-ar.exe: creating .\CortexM0\ARM_GCC_541\Debug\BLE_OTA_External_Memory_Bootloader01.a
arm-none-eabi-gcc.exe -Wl,--start-group -o G:\Psoc4_prj\7.rental_house\18-04-11\second_images[4-9]\EntranceGuard_171019-12.50\BLE_OTA_External_Memory_Bootloader01.cydsn\CortexM0\ARM_GCC_541\Debug\BLE_OTA_External_Memory_Bootloader01.elf .\CortexM0\ARM_GCC_541\Debug\boot.o .\CortexM0\ARM_GCC_541\Debug\flash_spi.o .\CortexM0\ARM_GCC_541\Debug\w25qxx.o .\CortexM0\ARM_GCC_541\Debug\main.o .\CortexM0\ARM_GCC_541\Debug\debug.o .\CortexM0\ARM_GCC_541\Debug\OTAMandatory.o .\CortexM0\ARM_GCC_541\Debug\OTAOptional.o .\CortexM0\ARM_GCC_541\Debug\cyfitter_cfg.o .\CortexM0\ARM_GCC_541\Debug\cymetadata.o .\CortexM0\ARM_GCC_541\Debug\Cm0Start.o .\CortexM0\ARM_GCC_541\Debug\BLE_OTA_External_Memory_Bootloader01.a "C:\Users\Administrator\Documents\PSoC Creator\4.1\Downloads ( 4.1).cylib\BLE_v3_40\Library\gccCyBLEStack_BLE_SOC_PERIPHERAL.a" "C:\Program Files (x86)\Cypress\PSoC Creator\4.1\PSoC Creator\psoc\content\cycomponentlibrary\CyComponentLibrary.cylib\CortexM0\ARM_GCC_541\Debug\CyComponentLibrary.a" -mcpu=cortex-m0 -mthumb -L Generated_Source\PSoC4 -Wl,-Map,.\CortexM0\ARM_GCC_541\Debug/BLE_OTA_External_Memory_Bootloader01.map -T .\cm0gcc.ld -specs=nano.specs -Wl,--gc-sections -g -ffunction-sections -Os -ffat-lto-objects -Wl,--end-group
cyelftool.exe -P G:\Psoc4_prj\7.rental_house\18-04-11\second_images[4-9]\EntranceGuard_171019-12.50\BLE_OTA_External_Memory_Bootloader01.cydsn\CortexM0\ARM_GCC_541\Debug\BLE_OTA_External_Memory_Bootloader01.elf --flash_row_size 256 --flash_size 262144 --flash_offset 0x00000000 --size_var_name Bootloader_SizeBytes --checksum_var_name Bootloader_Checksum --ignore 0xC0
cyelftool.exe -S G:\Psoc4_prj\7.rental_house\18-04-11\second_images[4-9]\EntranceGuard_171019-12.50\BLE_OTA_External_Memory_Bootloader01.cydsn\CortexM0\ARM_GCC_541\Debug\BLE_OTA_External_Memory_Bootloader01.elf
Flash used: 92969 of 262144 bytes (35.5%). Application: 92713 bytes. Metadata: 256 bytes.
SRAM used: 12252 of 32768 bytes (37.4%). Stack: 2048 bytes. Heap: 1024 bytes.
--------------- Build Succeeded: 04/23/2018 16:29:00 ---------------
