--------------- Clean Started: 09/21/2017 08:38:40 Project: BLE_OTA_External_Memory_Bootloader01, Configuration: ARM GCC 4.9-2015-q1-update Debug ---------------
Deleting file ".\CortexM0\ARM_GCC_493\Debug\boot.o"
Deleting file ".\CortexM0\ARM_GCC_493\Debug\flash_spi.o"
Deleting file ".\CortexM0\ARM_GCC_493\Debug\w25qxx.o"
Deleting file ".\CortexM0\ARM_GCC_493\Debug\main.o"
Deleting file ".\CortexM0\ARM_GCC_493\Debug\debug.o"
Deleting file ".\CortexM0\ARM_GCC_493\Debug\OTAMandatory.o"
Deleting file ".\CortexM0\ARM_GCC_493\Debug\OTAOptional.o"
Deleting file ".\CortexM0\ARM_GCC_493\Debug\cyfitter_cfg.o"
Deleting file ".\CortexM0\ARM_GCC_493\Debug\cymetadata.o"
Deleting file ".\CortexM0\ARM_GCC_493\Debug\Bootloader.o"
Deleting file ".\CortexM0\ARM_GCC_493\Debug\UART_AsmGnu.o"
Deleting file ".\CortexM0\ARM_GCC_493\Debug\UART.o"
Deleting file ".\CortexM0\ARM_GCC_493\Debug\BLE.o"
Deleting file ".\CortexM0\ARM_GCC_493\Debug\BLE_gatt.o"
Deleting file ".\CortexM0\ARM_GCC_493\Debug\BLE_eventHandler.o"
Deleting file ".\CortexM0\ARM_GCC_493\Debug\BLE_HAL_INT.o"
Deleting file ".\CortexM0\ARM_GCC_493\Debug\BLE_HAL_PVT.o"
Deleting file ".\CortexM0\ARM_GCC_493\Debug\BLE_custom.o"
Deleting file ".\CortexM0\ARM_GCC_493\Debug\BLE_bts.o"
Deleting file ".\CortexM0\ARM_GCC_493\Debug\BLE_bless_isr.o"
Deleting file ".\CortexM0\ARM_GCC_493\Debug\Cm0Start.o"
Deleting file ".\CortexM0\ARM_GCC_493\Debug\CyBootAsmGnu.o"
Deleting file ".\CortexM0\ARM_GCC_493\Debug\CyFlash.o"
Deleting file ".\CortexM0\ARM_GCC_493\Debug\CyLib.o"
Deleting file ".\CortexM0\ARM_GCC_493\Debug\cyPm.o"
Deleting file ".\CortexM0\ARM_GCC_493\Debug\cyutils.o"
Deleting file ".\CortexM0\ARM_GCC_493\Debug\CyLFClk.o"
Deleting file ".\CortexM0\ARM_GCC_493\Debug\FLASH_NCS.o"
Deleting file ".\CortexM0\ARM_GCC_493\Debug\FLASH_NCS_PM.o"
Deleting file ".\CortexM0\ARM_GCC_493\Debug\FLASH_SCK.o"
Deleting file ".\CortexM0\ARM_GCC_493\Debug\FLASH_SCK_PM.o"
Deleting file ".\CortexM0\ARM_GCC_493\Debug\FLASH_MISO.o"
Deleting file ".\CortexM0\ARM_GCC_493\Debug\FLASH_MISO_PM.o"
Deleting file ".\CortexM0\ARM_GCC_493\Debug\FLASH_MOSI.o"
Deleting file ".\CortexM0\ARM_GCC_493\Debug\FLASH_MOSI_PM.o"
Deleting file ".\CortexM0\ARM_GCC_493\Debug\BLE_OTA_External_Memory_Bootloader01.hex"
Deleting file ".\CortexM0\ARM_GCC_493\Debug\BLE_OTA_External_Memory_Bootloader01.elf"
Deleting file ".\CortexM0\ARM_GCC_493\Debug\BLE_OTA_External_Memory_Bootloader01.map"
Deleting file ".\BLE_OTA_External_Memory_Bootloader01.cycdx"
Deleting file ".\BLE_OTA_External_Memory_Bootloader01.rpt"
Deleting file ".\BLE_OTA_External_Memory_Bootloader01_timing.html"
Deleting file ".\CortexM0\ARM_GCC_493\Debug\.deps\SOURCE_C__ARM_GCC_GENERIC.P"
Deleting file ".\CortexM0\ARM_GCC_493\Debug\.deps\SOURCE_ASM__ARM_GCC_GENERIC.P"
--------------- Clean Succeeded: 09/21/2017 08:38:40 ---------------
