ARM GAS  C:\Users\Administrator\AppData\Local\Temp\ccami9Iu.s 			page 1


   1              		.cpu cortex-m0
   2              		.fpu softvfp
   3              		.eabi_attribute 20, 1
   4              		.eabi_attribute 21, 1
   5              		.eabi_attribute 23, 3
   6              		.eabi_attribute 24, 1
   7              		.eabi_attribute 25, 1
   8              		.eabi_attribute 26, 1
   9              		.eabi_attribute 30, 4
  10              		.eabi_attribute 34, 0
  11              		.eabi_attribute 18, 4
  12              		.code	16
  13              		.file	"cyfitter_cfg.c"
  14              		.text
  15              	.Ltext0:
  16              		.cfi_sections	.debug_frame
  17              		.section	.psocinit,"ax",%progbits
  18              		.align	1
  19              		.global	cyfitter_cfg
  20              		.code	16
  21              		.thumb_func
  22              		.type	cyfitter_cfg, %function
  23              	cyfitter_cfg:
  24              	.LFB7:
  25              		.file 1 "Generated_Source\\PSoC4\\cyfitter_cfg.c"
   1:Generated_Source\PSoC4/cyfitter_cfg.c **** /*******************************************************************************
   2:Generated_Source\PSoC4/cyfitter_cfg.c **** * File Name: cyfitter_cfg.c
   3:Generated_Source\PSoC4/cyfitter_cfg.c **** * 
   4:Generated_Source\PSoC4/cyfitter_cfg.c **** * PSoC Creator  4.0
   5:Generated_Source\PSoC4/cyfitter_cfg.c **** *
   6:Generated_Source\PSoC4/cyfitter_cfg.c **** * Description:
   7:Generated_Source\PSoC4/cyfitter_cfg.c **** * This file contains device initialization code.
   8:Generated_Source\PSoC4/cyfitter_cfg.c **** * Except for the user defined sections in CyClockStartupError(), this file should not be modified.
   9:Generated_Source\PSoC4/cyfitter_cfg.c **** * This file is automatically generated by PSoC Creator.
  10:Generated_Source\PSoC4/cyfitter_cfg.c **** *
  11:Generated_Source\PSoC4/cyfitter_cfg.c **** ********************************************************************************
  12:Generated_Source\PSoC4/cyfitter_cfg.c **** * Copyright (c) 2007-2016 Cypress Semiconductor.  All rights reserved.
  13:Generated_Source\PSoC4/cyfitter_cfg.c **** * You may use this file only in accordance with the license, terms, conditions, 
  14:Generated_Source\PSoC4/cyfitter_cfg.c **** * disclaimers, and limitations in the end user license agreement accompanying 
  15:Generated_Source\PSoC4/cyfitter_cfg.c **** * the software package with which this file was provided.
  16:Generated_Source\PSoC4/cyfitter_cfg.c **** ********************************************************************************/
  17:Generated_Source\PSoC4/cyfitter_cfg.c **** 
  18:Generated_Source\PSoC4/cyfitter_cfg.c **** #include <string.h>
  19:Generated_Source\PSoC4/cyfitter_cfg.c **** #include "cytypes.h"
  20:Generated_Source\PSoC4/cyfitter_cfg.c **** #include "cydevice_trm.h"
  21:Generated_Source\PSoC4/cyfitter_cfg.c **** #include "cyfitter.h"
  22:Generated_Source\PSoC4/cyfitter_cfg.c **** #include "CyLib.h"
  23:Generated_Source\PSoC4/cyfitter_cfg.c **** #include "cyfitter_cfg.h"
  24:Generated_Source\PSoC4/cyfitter_cfg.c **** 
  25:Generated_Source\PSoC4/cyfitter_cfg.c **** 
  26:Generated_Source\PSoC4/cyfitter_cfg.c **** #if defined(__GNUC__) || defined(__ARMCC_VERSION)
  27:Generated_Source\PSoC4/cyfitter_cfg.c ****     #define CYPACKED 
  28:Generated_Source\PSoC4/cyfitter_cfg.c ****     #define CYPACKED_ATTR __attribute__ ((packed))
  29:Generated_Source\PSoC4/cyfitter_cfg.c ****     #define CYALIGNED __attribute__ ((aligned))
  30:Generated_Source\PSoC4/cyfitter_cfg.c ****     #define CY_CFG_UNUSED __attribute__ ((unused))
  31:Generated_Source\PSoC4/cyfitter_cfg.c ****     #ifndef CY_CFG_SECTION
  32:Generated_Source\PSoC4/cyfitter_cfg.c ****         #define CY_CFG_SECTION __attribute__ ((section(".psocinit")))
ARM GAS  C:\Users\Administrator\AppData\Local\Temp\ccami9Iu.s 			page 2


  33:Generated_Source\PSoC4/cyfitter_cfg.c ****     #endif
  34:Generated_Source\PSoC4/cyfitter_cfg.c ****     
  35:Generated_Source\PSoC4/cyfitter_cfg.c ****     #if defined(__ARMCC_VERSION)
  36:Generated_Source\PSoC4/cyfitter_cfg.c ****         #define CY_CFG_MEMORY_BARRIER() __memory_changed()
  37:Generated_Source\PSoC4/cyfitter_cfg.c ****     #else
  38:Generated_Source\PSoC4/cyfitter_cfg.c ****         #define CY_CFG_MEMORY_BARRIER() __sync_synchronize()
  39:Generated_Source\PSoC4/cyfitter_cfg.c ****     #endif
  40:Generated_Source\PSoC4/cyfitter_cfg.c ****     
  41:Generated_Source\PSoC4/cyfitter_cfg.c **** #elif defined(__ICCARM__)
  42:Generated_Source\PSoC4/cyfitter_cfg.c ****     #include <intrinsics.h>
  43:Generated_Source\PSoC4/cyfitter_cfg.c **** 
  44:Generated_Source\PSoC4/cyfitter_cfg.c ****     #define CYPACKED __packed
  45:Generated_Source\PSoC4/cyfitter_cfg.c ****     #define CYPACKED_ATTR 
  46:Generated_Source\PSoC4/cyfitter_cfg.c ****     #define CYALIGNED _Pragma("data_alignment=4")
  47:Generated_Source\PSoC4/cyfitter_cfg.c ****     #define CY_CFG_UNUSED _Pragma("diag_suppress=Pe177")
  48:Generated_Source\PSoC4/cyfitter_cfg.c ****     #define CY_CFG_SECTION _Pragma("location=\".psocinit\"")
  49:Generated_Source\PSoC4/cyfitter_cfg.c ****     
  50:Generated_Source\PSoC4/cyfitter_cfg.c ****     #define CY_CFG_MEMORY_BARRIER() __DMB()
  51:Generated_Source\PSoC4/cyfitter_cfg.c ****     
  52:Generated_Source\PSoC4/cyfitter_cfg.c **** #else
  53:Generated_Source\PSoC4/cyfitter_cfg.c ****     #error Unsupported toolchain
  54:Generated_Source\PSoC4/cyfitter_cfg.c **** #endif
  55:Generated_Source\PSoC4/cyfitter_cfg.c **** 
  56:Generated_Source\PSoC4/cyfitter_cfg.c **** 
  57:Generated_Source\PSoC4/cyfitter_cfg.c **** CY_CFG_UNUSED
  58:Generated_Source\PSoC4/cyfitter_cfg.c **** static void CYMEMZERO(void *s, size_t n);
  59:Generated_Source\PSoC4/cyfitter_cfg.c **** CY_CFG_UNUSED
  60:Generated_Source\PSoC4/cyfitter_cfg.c **** static void CYMEMZERO(void *s, size_t n)
  61:Generated_Source\PSoC4/cyfitter_cfg.c **** {
  62:Generated_Source\PSoC4/cyfitter_cfg.c **** 	(void)memset(s, 0, n);
  63:Generated_Source\PSoC4/cyfitter_cfg.c **** }
  64:Generated_Source\PSoC4/cyfitter_cfg.c **** CY_CFG_UNUSED
  65:Generated_Source\PSoC4/cyfitter_cfg.c **** static void CYCONFIGCPY(void *dest, const void *src, size_t n);
  66:Generated_Source\PSoC4/cyfitter_cfg.c **** CY_CFG_UNUSED
  67:Generated_Source\PSoC4/cyfitter_cfg.c **** static void CYCONFIGCPY(void *dest, const void *src, size_t n)
  68:Generated_Source\PSoC4/cyfitter_cfg.c **** {
  69:Generated_Source\PSoC4/cyfitter_cfg.c **** 	(void)memcpy(dest, src, n);
  70:Generated_Source\PSoC4/cyfitter_cfg.c **** }
  71:Generated_Source\PSoC4/cyfitter_cfg.c **** CY_CFG_UNUSED
  72:Generated_Source\PSoC4/cyfitter_cfg.c **** static void CYCONFIGCPYCODE(void *dest, const void *src, size_t n);
  73:Generated_Source\PSoC4/cyfitter_cfg.c **** CY_CFG_UNUSED
  74:Generated_Source\PSoC4/cyfitter_cfg.c **** static void CYCONFIGCPYCODE(void *dest, const void *src, size_t n)
  75:Generated_Source\PSoC4/cyfitter_cfg.c **** {
  76:Generated_Source\PSoC4/cyfitter_cfg.c **** 	(void)memcpy(dest, src, n);
  77:Generated_Source\PSoC4/cyfitter_cfg.c **** }
  78:Generated_Source\PSoC4/cyfitter_cfg.c **** 
  79:Generated_Source\PSoC4/cyfitter_cfg.c **** 
  80:Generated_Source\PSoC4/cyfitter_cfg.c **** 
  81:Generated_Source\PSoC4/cyfitter_cfg.c **** 
  82:Generated_Source\PSoC4/cyfitter_cfg.c **** /* Clock startup error codes                                                   */
  83:Generated_Source\PSoC4/cyfitter_cfg.c **** #define CYCLOCKSTART_NO_ERROR    0u
  84:Generated_Source\PSoC4/cyfitter_cfg.c **** #define CYCLOCKSTART_XTAL_ERROR  1u
  85:Generated_Source\PSoC4/cyfitter_cfg.c **** #define CYCLOCKSTART_32KHZ_ERROR 2u
  86:Generated_Source\PSoC4/cyfitter_cfg.c **** #define CYCLOCKSTART_PLL_ERROR   3u
  87:Generated_Source\PSoC4/cyfitter_cfg.c **** 
  88:Generated_Source\PSoC4/cyfitter_cfg.c **** 
  89:Generated_Source\PSoC4/cyfitter_cfg.c **** #ifdef CY_NEED_CYCLOCKSTARTUPERROR
ARM GAS  C:\Users\Administrator\AppData\Local\Temp\ccami9Iu.s 			page 3


  90:Generated_Source\PSoC4/cyfitter_cfg.c **** /*******************************************************************************
  91:Generated_Source\PSoC4/cyfitter_cfg.c **** * Function Name: CyClockStartupError
  92:Generated_Source\PSoC4/cyfitter_cfg.c **** ********************************************************************************
  93:Generated_Source\PSoC4/cyfitter_cfg.c **** * Summary:
  94:Generated_Source\PSoC4/cyfitter_cfg.c **** *  If an error is encountered during clock configuration (crystal startup error,
  95:Generated_Source\PSoC4/cyfitter_cfg.c **** *  PLL lock error, etc.), the system will end up here.  Unless reimplemented by
  96:Generated_Source\PSoC4/cyfitter_cfg.c **** *  the customer, this function will stop in an infinite loop.
  97:Generated_Source\PSoC4/cyfitter_cfg.c **** *
  98:Generated_Source\PSoC4/cyfitter_cfg.c **** * Parameters:
  99:Generated_Source\PSoC4/cyfitter_cfg.c **** *   void
 100:Generated_Source\PSoC4/cyfitter_cfg.c **** *
 101:Generated_Source\PSoC4/cyfitter_cfg.c **** * Return:
 102:Generated_Source\PSoC4/cyfitter_cfg.c **** *   void
 103:Generated_Source\PSoC4/cyfitter_cfg.c **** *
 104:Generated_Source\PSoC4/cyfitter_cfg.c **** *******************************************************************************/
 105:Generated_Source\PSoC4/cyfitter_cfg.c **** CY_CFG_UNUSED
 106:Generated_Source\PSoC4/cyfitter_cfg.c **** static void CyClockStartupError(uint8 errorCode);
 107:Generated_Source\PSoC4/cyfitter_cfg.c **** CY_CFG_UNUSED
 108:Generated_Source\PSoC4/cyfitter_cfg.c **** static void CyClockStartupError(uint8 errorCode)
 109:Generated_Source\PSoC4/cyfitter_cfg.c **** {
 110:Generated_Source\PSoC4/cyfitter_cfg.c ****     /* To remove the compiler warning if errorCode not used.                */
 111:Generated_Source\PSoC4/cyfitter_cfg.c ****     errorCode = errorCode;
 112:Generated_Source\PSoC4/cyfitter_cfg.c **** 
 113:Generated_Source\PSoC4/cyfitter_cfg.c ****     /* If we have a clock startup error (bad MHz crystal, PLL lock, etc.),  */
 114:Generated_Source\PSoC4/cyfitter_cfg.c ****     /* we will end up here to allow the customer to implement something to  */
 115:Generated_Source\PSoC4/cyfitter_cfg.c ****     /* deal with the clock condition.                                       */
 116:Generated_Source\PSoC4/cyfitter_cfg.c **** 
 117:Generated_Source\PSoC4/cyfitter_cfg.c **** #ifdef CY_CFG_CLOCK_STARTUP_ERROR_CALLBACK
 118:Generated_Source\PSoC4/cyfitter_cfg.c **** 	CY_CFG_Clock_Startup_ErrorCallback();
 119:Generated_Source\PSoC4/cyfitter_cfg.c **** #else
 120:Generated_Source\PSoC4/cyfitter_cfg.c **** 	/*  If not using CY_CFG_CLOCK_STARTUP_ERROR_CALLBACK, place your clock startup code here. */
 121:Generated_Source\PSoC4/cyfitter_cfg.c ****     /* `#START CyClockStartupError` */
 122:Generated_Source\PSoC4/cyfitter_cfg.c **** 
 123:Generated_Source\PSoC4/cyfitter_cfg.c ****     /* If we have a clock startup error (bad MHz crystal, PLL lock, etc.),  */
 124:Generated_Source\PSoC4/cyfitter_cfg.c ****     /* we will end up here to allow the customer to implement something to  */
 125:Generated_Source\PSoC4/cyfitter_cfg.c ****     /* deal with the clock condition.                                       */
 126:Generated_Source\PSoC4/cyfitter_cfg.c **** 
 127:Generated_Source\PSoC4/cyfitter_cfg.c ****     /* `#END` */
 128:Generated_Source\PSoC4/cyfitter_cfg.c **** 
 129:Generated_Source\PSoC4/cyfitter_cfg.c ****     /* If nothing else, stop here since the clocks have not started         */
 130:Generated_Source\PSoC4/cyfitter_cfg.c ****     /* correctly.                                                           */
 131:Generated_Source\PSoC4/cyfitter_cfg.c ****     while(1) {}
 132:Generated_Source\PSoC4/cyfitter_cfg.c **** #endif /* CY_CFG_CLOCK_STARTUP_ERROR_CALLBACK */ 
 133:Generated_Source\PSoC4/cyfitter_cfg.c **** }
 134:Generated_Source\PSoC4/cyfitter_cfg.c **** #endif
 135:Generated_Source\PSoC4/cyfitter_cfg.c **** 
 136:Generated_Source\PSoC4/cyfitter_cfg.c **** 
 137:Generated_Source\PSoC4/cyfitter_cfg.c **** 
 138:Generated_Source\PSoC4/cyfitter_cfg.c **** /*******************************************************************************
 139:Generated_Source\PSoC4/cyfitter_cfg.c **** * Function Name: ClockSetup
 140:Generated_Source\PSoC4/cyfitter_cfg.c **** ********************************************************************************
 141:Generated_Source\PSoC4/cyfitter_cfg.c **** *
 142:Generated_Source\PSoC4/cyfitter_cfg.c **** * Summary:
 143:Generated_Source\PSoC4/cyfitter_cfg.c **** *   Performs the initialization of all of the clocks in the device based on the
 144:Generated_Source\PSoC4/cyfitter_cfg.c **** *   settings in the Clock tab of the DWR.  This includes enabling the requested
 145:Generated_Source\PSoC4/cyfitter_cfg.c **** *   clocks and setting the necessary dividers to produce the desired frequency. 
 146:Generated_Source\PSoC4/cyfitter_cfg.c **** *
ARM GAS  C:\Users\Administrator\AppData\Local\Temp\ccami9Iu.s 			page 4


 147:Generated_Source\PSoC4/cyfitter_cfg.c **** * Parameters:
 148:Generated_Source\PSoC4/cyfitter_cfg.c **** *   void
 149:Generated_Source\PSoC4/cyfitter_cfg.c **** *
 150:Generated_Source\PSoC4/cyfitter_cfg.c **** * Return:
 151:Generated_Source\PSoC4/cyfitter_cfg.c **** *   void
 152:Generated_Source\PSoC4/cyfitter_cfg.c **** *
 153:Generated_Source\PSoC4/cyfitter_cfg.c **** *******************************************************************************/
 154:Generated_Source\PSoC4/cyfitter_cfg.c **** static void ClockSetup(void);
 155:Generated_Source\PSoC4/cyfitter_cfg.c **** CY_CFG_SECTION
 156:Generated_Source\PSoC4/cyfitter_cfg.c **** static void ClockSetup(void)
 157:Generated_Source\PSoC4/cyfitter_cfg.c **** {
 158:Generated_Source\PSoC4/cyfitter_cfg.c **** 
 159:Generated_Source\PSoC4/cyfitter_cfg.c **** 	/* Set Flash Cycles based on max possible frequency in case a glitch occurs during ClockSetup(). *
 160:Generated_Source\PSoC4/cyfitter_cfg.c **** 	CY_SET_REG32((void CYXDATA *)(CYREG_CPUSS_FLASH_CTL), (0x0012u));
 161:Generated_Source\PSoC4/cyfitter_cfg.c **** 
 162:Generated_Source\PSoC4/cyfitter_cfg.c **** 	/* Start the WCO */
 163:Generated_Source\PSoC4/cyfitter_cfg.c **** 	CySysClkWcoStart();
 164:Generated_Source\PSoC4/cyfitter_cfg.c **** 	CyDelayCycles(12000000u); /* WCO may take up to 500ms to start */
 165:Generated_Source\PSoC4/cyfitter_cfg.c **** 	(void)CySysClkWcoSetPowerMode(CY_SYS_CLK_WCO_LPM);    /* Switch to the low power mode */
 166:Generated_Source\PSoC4/cyfitter_cfg.c **** 
 167:Generated_Source\PSoC4/cyfitter_cfg.c **** 	/* Setup and trim IMO based on desired frequency. */
 168:Generated_Source\PSoC4/cyfitter_cfg.c **** 	CySysClkWriteImoFreq(32u);
 169:Generated_Source\PSoC4/cyfitter_cfg.c **** 	/* CYDEV_CLK_ILO_CONFIG Starting address: CYDEV_CLK_ILO_CONFIG */
 170:Generated_Source\PSoC4/cyfitter_cfg.c **** 	CY_SET_XTND_REG32((void CYFAR *)(CYREG_CLK_ILO_CONFIG), 0x80000006u);
 171:Generated_Source\PSoC4/cyfitter_cfg.c **** 
 172:Generated_Source\PSoC4/cyfitter_cfg.c **** 	/* CYDEV_WDT_CONFIG Starting address: CYDEV_WDT_CONFIG */
 173:Generated_Source\PSoC4/cyfitter_cfg.c **** 	CY_SET_XTND_REG32((void CYFAR *)(CYREG_WDT_CONFIG), 0x40000000u);
 174:Generated_Source\PSoC4/cyfitter_cfg.c **** 
 175:Generated_Source\PSoC4/cyfitter_cfg.c **** 
 176:Generated_Source\PSoC4/cyfitter_cfg.c **** 	/* Enable fast start mode for XO */
 177:Generated_Source\PSoC4/cyfitter_cfg.c **** 	CY_SET_REG32((void*)CYREG_BLE_BLERD_BB_XO, CY_GET_REG32((void*)CYREG_BLE_BLERD_BB_XO) | (uint32)0x
 178:Generated_Source\PSoC4/cyfitter_cfg.c **** 	CY_SET_XTND_REG32((void CYFAR *)(CYREG_BLE_BLERD_BB_XO_CAPTRIM), 0x00002D6Au);
 179:Generated_Source\PSoC4/cyfitter_cfg.c **** 	/*Set XTAL(ECO) divider*/
 180:Generated_Source\PSoC4/cyfitter_cfg.c **** 	CY_SET_XTND_REG32((void CYFAR *)(CYREG_BLE_BLESS_XTAL_CLK_DIV_CONFIG), 0x00000000u);
 181:Generated_Source\PSoC4/cyfitter_cfg.c **** 	/* Disable Crystal Stable Interrupt before enabling ECO */
 182:Generated_Source\PSoC4/cyfitter_cfg.c **** 	CY_SET_REG32((void*)CYREG_BLE_BLESS_LL_DSM_CTRL, CY_GET_REG32((void*)CYREG_BLE_BLESS_LL_DSM_CTRL) 
 183:Generated_Source\PSoC4/cyfitter_cfg.c **** 	/* Start the ECO and do not check status since it is not needed for HFCLK */
 184:Generated_Source\PSoC4/cyfitter_cfg.c **** 	(void)CySysClkEcoStart(2000u);
 185:Generated_Source\PSoC4/cyfitter_cfg.c **** 	CyDelayUs(1500u); /* Wait to stabalize */
 186:Generated_Source\PSoC4/cyfitter_cfg.c **** 
 187:Generated_Source\PSoC4/cyfitter_cfg.c **** 	/* Setup phase aligned clocks */
 188:Generated_Source\PSoC4/cyfitter_cfg.c **** 
 189:Generated_Source\PSoC4/cyfitter_cfg.c **** 	/* CYDEV_CLK_IMO_CONFIG Starting address: CYDEV_CLK_IMO_CONFIG */
 190:Generated_Source\PSoC4/cyfitter_cfg.c **** 	CY_SET_XTND_REG32((void CYFAR *)(CYREG_CLK_IMO_CONFIG), 0x80000000u);
 191:Generated_Source\PSoC4/cyfitter_cfg.c **** 
 192:Generated_Source\PSoC4/cyfitter_cfg.c **** 	/* CYDEV_CLK_SELECT Starting address: CYDEV_CLK_SELECT */
 193:Generated_Source\PSoC4/cyfitter_cfg.c **** 	CY_SET_XTND_REG32((void CYFAR *)(CYREG_CLK_SELECT), 0x00080000u);
 194:Generated_Source\PSoC4/cyfitter_cfg.c **** 
 195:Generated_Source\PSoC4/cyfitter_cfg.c **** 	CY_SET_XTND_REG32((void CYFAR *)(CYREG_WDT_CONFIG), 0x40000000u);
 196:Generated_Source\PSoC4/cyfitter_cfg.c **** 	/* Set Flash Cycles based on newly configured 32.00MHz HFCLK. */
 197:Generated_Source\PSoC4/cyfitter_cfg.c **** 	CY_SET_REG32((void CYXDATA *)(CYREG_CPUSS_FLASH_CTL), (0x0011u));
 198:Generated_Source\PSoC4/cyfitter_cfg.c **** }
 199:Generated_Source\PSoC4/cyfitter_cfg.c **** 
 200:Generated_Source\PSoC4/cyfitter_cfg.c **** 
 201:Generated_Source\PSoC4/cyfitter_cfg.c **** /* Analog API Functions */
 202:Generated_Source\PSoC4/cyfitter_cfg.c **** 
 203:Generated_Source\PSoC4/cyfitter_cfg.c **** 
ARM GAS  C:\Users\Administrator\AppData\Local\Temp\ccami9Iu.s 			page 5


 204:Generated_Source\PSoC4/cyfitter_cfg.c **** /*******************************************************************************
 205:Generated_Source\PSoC4/cyfitter_cfg.c **** * Function Name: AnalogSetDefault
 206:Generated_Source\PSoC4/cyfitter_cfg.c **** ********************************************************************************
 207:Generated_Source\PSoC4/cyfitter_cfg.c **** *
 208:Generated_Source\PSoC4/cyfitter_cfg.c **** * Summary:
 209:Generated_Source\PSoC4/cyfitter_cfg.c **** *  Sets up the analog portions of the chip to default values based on chip
 210:Generated_Source\PSoC4/cyfitter_cfg.c **** *  configuration options from the project.
 211:Generated_Source\PSoC4/cyfitter_cfg.c **** *
 212:Generated_Source\PSoC4/cyfitter_cfg.c **** * Parameters:
 213:Generated_Source\PSoC4/cyfitter_cfg.c **** *  void
 214:Generated_Source\PSoC4/cyfitter_cfg.c **** *
 215:Generated_Source\PSoC4/cyfitter_cfg.c **** * Return:
 216:Generated_Source\PSoC4/cyfitter_cfg.c **** *  void
 217:Generated_Source\PSoC4/cyfitter_cfg.c **** *
 218:Generated_Source\PSoC4/cyfitter_cfg.c **** *******************************************************************************/
 219:Generated_Source\PSoC4/cyfitter_cfg.c **** static void AnalogSetDefault(void);
 220:Generated_Source\PSoC4/cyfitter_cfg.c **** static void AnalogSetDefault(void)
 221:Generated_Source\PSoC4/cyfitter_cfg.c **** {
 222:Generated_Source\PSoC4/cyfitter_cfg.c **** 	CY_SET_XTND_REG32((void CYFAR *)CYREG_CTBM0_DFT_CTRL, 0x00000003u);
 223:Generated_Source\PSoC4/cyfitter_cfg.c **** 	CY_SET_XTND_REG32((void CYFAR *)CYREG_CTBM1_DFT_CTRL, 0x00000003u);
 224:Generated_Source\PSoC4/cyfitter_cfg.c **** 	CY_SET_XTND_REG32((void CYFAR *)CYREG_PASS_DSAB_DSAB_CTRL, 0x00000000u);
 225:Generated_Source\PSoC4/cyfitter_cfg.c **** }
 226:Generated_Source\PSoC4/cyfitter_cfg.c **** 
 227:Generated_Source\PSoC4/cyfitter_cfg.c **** #define CY_AMUX_UNUSED CYREG_CM0_ROM_DWT
 228:Generated_Source\PSoC4/cyfitter_cfg.c **** 
 229:Generated_Source\PSoC4/cyfitter_cfg.c **** 
 230:Generated_Source\PSoC4/cyfitter_cfg.c **** /*******************************************************************************
 231:Generated_Source\PSoC4/cyfitter_cfg.c **** * Function Name: cyfitter_cfg
 232:Generated_Source\PSoC4/cyfitter_cfg.c **** ********************************************************************************
 233:Generated_Source\PSoC4/cyfitter_cfg.c **** * Summary:
 234:Generated_Source\PSoC4/cyfitter_cfg.c **** *  This function is called by the start-up code for the selected device. It
 235:Generated_Source\PSoC4/cyfitter_cfg.c **** *  performs all of the necessary device configuration based on the design
 236:Generated_Source\PSoC4/cyfitter_cfg.c **** *  settings.  This includes settings from the Design Wide Resources (DWR) such
 237:Generated_Source\PSoC4/cyfitter_cfg.c **** *  as Clocks and Pins as well as any component configuration that is necessary.
 238:Generated_Source\PSoC4/cyfitter_cfg.c **** *
 239:Generated_Source\PSoC4/cyfitter_cfg.c **** * Parameters:  
 240:Generated_Source\PSoC4/cyfitter_cfg.c **** *   void
 241:Generated_Source\PSoC4/cyfitter_cfg.c **** *
 242:Generated_Source\PSoC4/cyfitter_cfg.c **** * Return:
 243:Generated_Source\PSoC4/cyfitter_cfg.c **** *   void
 244:Generated_Source\PSoC4/cyfitter_cfg.c **** *
 245:Generated_Source\PSoC4/cyfitter_cfg.c **** *******************************************************************************/
 246:Generated_Source\PSoC4/cyfitter_cfg.c **** CY_CFG_SECTION
 247:Generated_Source\PSoC4/cyfitter_cfg.c **** void cyfitter_cfg(void)
 248:Generated_Source\PSoC4/cyfitter_cfg.c **** {
  26              		.loc 1 248 0
  27              		.cfi_startproc
  28 0000 F8B5     		push	{r3, r4, r5, r6, r7, lr}
  29              		.cfi_def_cfa_offset 24
  30              		.cfi_offset 3, -24
  31              		.cfi_offset 4, -20
  32              		.cfi_offset 5, -16
  33              		.cfi_offset 6, -12
  34              		.cfi_offset 7, -8
  35              		.cfi_offset 14, -4
 249:Generated_Source\PSoC4/cyfitter_cfg.c **** 	/* Disable interrupts by default. Let user enable if/when they want. */
 250:Generated_Source\PSoC4/cyfitter_cfg.c **** 	CyGlobalIntDisable;
ARM GAS  C:\Users\Administrator\AppData\Local\Temp\ccami9Iu.s 			page 6


  36              		.loc 1 250 0
  37              	@ 250 "Generated_Source\PSoC4\cyfitter_cfg.c" 1
  38 0002 72B6     		CPSID   i
  39              	@ 0 "" 2
  40              		.code	16
  41              	.LBB10:
  42              	.LBB11:
  43              	.LBB12:
  44              	.LBB13:
  62:Generated_Source\PSoC4/cyfitter_cfg.c **** }
  45              		.loc 1 62 0
  46 0004 8026     		mov	r6, #128
  47              	.LBE13:
  48              	.LBE12:
  49              	.LBE11:
  50              	.LBE10:
 251:Generated_Source\PSoC4/cyfitter_cfg.c **** 
 252:Generated_Source\PSoC4/cyfitter_cfg.c **** 	CY_SET_XTND_REG32((void CYFAR *)(CYREG_BLE_BLESS_LL_DSM_CTRL), 0x00000000u);
  51              		.loc 1 252 0
  52 0006 0024     		mov	r4, #0
  53 0008 344D     		ldr	r5, .L2
  54              	.LBB20:
  55              	.LBB18:
  56              	.LBB16:
  57              	.LBB14:
  62:Generated_Source\PSoC4/cyfitter_cfg.c **** }
  58              		.loc 1 62 0
  59 000a F600     		lsl	r6, r6, #3
  60              	.LBE14:
  61              	.LBE16:
  62              	.LBE18:
  63              	.LBE20:
  64              		.loc 1 252 0
  65 000c 2C60     		str	r4, [r5]
  66              	.LVL0:
  67              	.LBB21:
  68              	.LBB19:
  69              	.LBB17:
  70              	.LBB15:
  62:Generated_Source\PSoC4/cyfitter_cfg.c **** }
  71              		.loc 1 62 0
  72 000e 211C     		mov	r1, r4
  73 0010 321C     		mov	r2, r6
  74 0012 3348     		ldr	r0, .L2+4
  75 0014 FFF7FEFF 		bl	memset
  76              	.LVL1:
  77 0018 211C     		mov	r1, r4
  78 001a 321C     		mov	r2, r6
  79 001c 3148     		ldr	r0, .L2+8
  80 001e FFF7FEFF 		bl	memset
  81              	.LVL2:
  82              	.LBE15:
  83              	.LBE17:
  84              	.LBE19:
 253:Generated_Source\PSoC4/cyfitter_cfg.c **** 
 254:Generated_Source\PSoC4/cyfitter_cfg.c **** 	{
 255:Generated_Source\PSoC4/cyfitter_cfg.c **** 
ARM GAS  C:\Users\Administrator\AppData\Local\Temp\ccami9Iu.s 			page 7


 256:Generated_Source\PSoC4/cyfitter_cfg.c **** 		CYPACKED typedef struct {
 257:Generated_Source\PSoC4/cyfitter_cfg.c **** 			void CYFAR *address;
 258:Generated_Source\PSoC4/cyfitter_cfg.c **** 			uint16 size;
 259:Generated_Source\PSoC4/cyfitter_cfg.c **** 		} CYPACKED_ATTR cfg_memset_t;
 260:Generated_Source\PSoC4/cyfitter_cfg.c **** 
 261:Generated_Source\PSoC4/cyfitter_cfg.c **** 		static const cfg_memset_t CYCODE cfg_memset_list [] = {
 262:Generated_Source\PSoC4/cyfitter_cfg.c **** 			/* address, size */
 263:Generated_Source\PSoC4/cyfitter_cfg.c **** 			{(void CYFAR *)(CYDEV_UDB_P0_U0_BASE), 1024u},
 264:Generated_Source\PSoC4/cyfitter_cfg.c **** 			{(void CYFAR *)(CYDEV_UDB_DSI0_BASE), 1024u},
 265:Generated_Source\PSoC4/cyfitter_cfg.c **** 		};
 266:Generated_Source\PSoC4/cyfitter_cfg.c **** 
 267:Generated_Source\PSoC4/cyfitter_cfg.c **** 		uint8 CYDATA i;
 268:Generated_Source\PSoC4/cyfitter_cfg.c **** 
 269:Generated_Source\PSoC4/cyfitter_cfg.c **** 		/* Zero out critical memory blocks before beginning configuration */
 270:Generated_Source\PSoC4/cyfitter_cfg.c **** 		for (i = 0u; i < (sizeof(cfg_memset_list)/sizeof(cfg_memset_list[0])); i++)
 271:Generated_Source\PSoC4/cyfitter_cfg.c **** 		{
 272:Generated_Source\PSoC4/cyfitter_cfg.c **** 			const cfg_memset_t CYCODE * CYDATA ms = &cfg_memset_list[i];
 273:Generated_Source\PSoC4/cyfitter_cfg.c **** 			CYMEMZERO(ms->address, (size_t)(uint32)(ms->size));
 274:Generated_Source\PSoC4/cyfitter_cfg.c **** 		}
 275:Generated_Source\PSoC4/cyfitter_cfg.c **** 
 276:Generated_Source\PSoC4/cyfitter_cfg.c **** 		/* HSIOM Starting address: CYDEV_HSIOM_BASE */
 277:Generated_Source\PSoC4/cyfitter_cfg.c **** 		CY_SET_XTND_REG32((void CYFAR *)(CYDEV_HSIOM_BASE), 0xEE000000u);
  85              		.loc 1 277 0
  86 0022 EE22     		mov	r2, #238
  87 0024 304B     		ldr	r3, .L2+12
  88 0026 1206     		lsl	r2, r2, #24
  89 0028 1A60     		str	r2, [r3]
 278:Generated_Source\PSoC4/cyfitter_cfg.c **** 
 279:Generated_Source\PSoC4/cyfitter_cfg.c **** 		/* UDB_PA_0 Starting address: CYDEV_UDB_PA0_BASE */
 280:Generated_Source\PSoC4/cyfitter_cfg.c **** 		CY_SET_XTND_REG32((void CYFAR *)(CYDEV_UDB_PA0_BASE), 0x00990000u);
  90              		.loc 1 280 0
  91 002a 9922     		mov	r2, #153
 281:Generated_Source\PSoC4/cyfitter_cfg.c **** 
 282:Generated_Source\PSoC4/cyfitter_cfg.c **** 		/* Enable digital routing */
 283:Generated_Source\PSoC4/cyfitter_cfg.c **** 		CY_SET_XTND_REG8((void *)CYREG_UDB_UDBIF_BANK_CTL, CY_GET_XTND_REG8((void *)CYREG_UDB_UDBIF_BANK_
  92              		.loc 1 283 0
  93 002c 0221     		mov	r1, #2
 284:Generated_Source\PSoC4/cyfitter_cfg.c **** 
 285:Generated_Source\PSoC4/cyfitter_cfg.c **** 		/* Enable UDB array */
 286:Generated_Source\PSoC4/cyfitter_cfg.c **** 		CY_SET_XTND_REG8((void *)CYREG_UDB_UDBIF_WAIT_CFG, (uint8)((CY_GET_XTND_REG8((void *)CYREG_UDB_UD
  94              		.loc 1 286 0
  95 002e 3C20     		mov	r0, #60
 280:Generated_Source\PSoC4/cyfitter_cfg.c **** 
  96              		.loc 1 280 0
  97 0030 2E4B     		ldr	r3, .L2+16
  98 0032 1204     		lsl	r2, r2, #16
  99 0034 1A60     		str	r2, [r3]
 283:Generated_Source\PSoC4/cyfitter_cfg.c **** 
 100              		.loc 1 283 0
 101 0036 2E4A     		ldr	r2, .L2+20
 102              	.LBE21:
 103              	.LBB22:
 104              	.LBB23:
 160:Generated_Source\PSoC4/cyfitter_cfg.c **** 
 105              		.loc 1 160 0
 106 0038 2E4E     		ldr	r6, .L2+24
 107              	.LBE23:
ARM GAS  C:\Users\Administrator\AppData\Local\Temp\ccami9Iu.s 			page 8


 108              	.LBE22:
 109              	.LBB27:
 283:Generated_Source\PSoC4/cyfitter_cfg.c **** 
 110              		.loc 1 283 0
 111 003a 1378     		ldrb	r3, [r2]
 112              	.LBE27:
 113              	.LBB28:
 114              	.LBB24:
 173:Generated_Source\PSoC4/cyfitter_cfg.c **** 
 115              		.loc 1 173 0
 116 003c 2E4F     		ldr	r7, .L2+28
 117              	.LBE24:
 118              	.LBE28:
 119              	.LBB29:
 283:Generated_Source\PSoC4/cyfitter_cfg.c **** 
 120              		.loc 1 283 0
 121 003e 0B43     		orr	r3, r1
 122              		.loc 1 286 0
 123 0040 2E49     		ldr	r1, .L2+32
 283:Generated_Source\PSoC4/cyfitter_cfg.c **** 
 124              		.loc 1 283 0
 125 0042 1370     		strb	r3, [r2]
 126              		.loc 1 286 0
 127 0044 0B78     		ldrb	r3, [r1]
 128              	.LBE29:
 287:Generated_Source\PSoC4/cyfitter_cfg.c **** 		CY_SET_XTND_REG8((void *)CYREG_UDB_UDBIF_BANK_CTL, (uint8)(CY_GET_XTND_REG8((void *)CYREG_UDB_UDB
 288:Generated_Source\PSoC4/cyfitter_cfg.c **** 	}
 289:Generated_Source\PSoC4/cyfitter_cfg.c **** 
 290:Generated_Source\PSoC4/cyfitter_cfg.c **** 	/* Perform second pass device configuration. These items must be configured in specific order afte
 291:Generated_Source\PSoC4/cyfitter_cfg.c **** 	/* IOPINS0_0 Starting address: CYDEV_GPIO_PRT0_BASE */
 292:Generated_Source\PSoC4/cyfitter_cfg.c **** 	CY_SET_XTND_REG32((void CYFAR *)(CYDEV_GPIO_PRT0_BASE), 0x00000006u);
 293:Generated_Source\PSoC4/cyfitter_cfg.c **** 	CY_SET_XTND_REG32((void CYFAR *)(CYREG_GPIO_PRT0_PC), 0x00D86D8Eu);
 294:Generated_Source\PSoC4/cyfitter_cfg.c **** 
 295:Generated_Source\PSoC4/cyfitter_cfg.c **** 
 296:Generated_Source\PSoC4/cyfitter_cfg.c **** 	/* Setup clocks based on selections from Clock DWR */
 297:Generated_Source\PSoC4/cyfitter_cfg.c **** 	ClockSetup();
 298:Generated_Source\PSoC4/cyfitter_cfg.c **** 
 299:Generated_Source\PSoC4/cyfitter_cfg.c **** 	/* Perform basic analog initialization to defaults */
 300:Generated_Source\PSoC4/cyfitter_cfg.c **** 	AnalogSetDefault();
 301:Generated_Source\PSoC4/cyfitter_cfg.c **** 
 302:Generated_Source\PSoC4/cyfitter_cfg.c **** }
 129              		.loc 1 302 0
 130              		@ sp needed
 131              	.LBB30:
 286:Generated_Source\PSoC4/cyfitter_cfg.c **** 		CY_SET_XTND_REG8((void *)CYREG_UDB_UDBIF_BANK_CTL, (uint8)(CY_GET_XTND_REG8((void *)CYREG_UDB_UDB
 132              		.loc 1 286 0
 133 0046 8343     		bic	r3, r0
 134 0048 2838     		sub	r0, r0, #40
 135 004a 0343     		orr	r3, r0
 136 004c 0B70     		strb	r3, [r1]
 287:Generated_Source\PSoC4/cyfitter_cfg.c **** 		CY_SET_XTND_REG8((void *)CYREG_UDB_UDBIF_BANK_CTL, (uint8)(CY_GET_XTND_REG8((void *)CYREG_UDB_UDB
 137              		.loc 1 287 0
 138 004e 1621     		mov	r1, #22
 139 0050 1378     		ldrb	r3, [r2]
 140 0052 0B43     		orr	r3, r1
 141 0054 1370     		strb	r3, [r2]
 142              	.LBE30:
ARM GAS  C:\Users\Administrator\AppData\Local\Temp\ccami9Iu.s 			page 9


 292:Generated_Source\PSoC4/cyfitter_cfg.c **** 	CY_SET_XTND_REG32((void CYFAR *)(CYREG_GPIO_PRT0_PC), 0x00D86D8Eu);
 143              		.loc 1 292 0
 144 0056 0622     		mov	r2, #6
 145 0058 294B     		ldr	r3, .L2+36
 146 005a 1A60     		str	r2, [r3]
 293:Generated_Source\PSoC4/cyfitter_cfg.c **** 
 147              		.loc 1 293 0
 148 005c 294A     		ldr	r2, .L2+40
 149 005e 2A4B     		ldr	r3, .L2+44
 150 0060 1A60     		str	r2, [r3]
 151              	.LBB31:
 152              	.LBB25:
 160:Generated_Source\PSoC4/cyfitter_cfg.c **** 
 153              		.loc 1 160 0
 154 0062 1223     		mov	r3, #18
 155 0064 3360     		str	r3, [r6]
 163:Generated_Source\PSoC4/cyfitter_cfg.c **** 	CyDelayCycles(12000000u); /* WCO may take up to 500ms to start */
 156              		.loc 1 163 0
 157 0066 FFF7FEFF 		bl	CySysClkWcoStart
 158              	.LVL3:
 164:Generated_Source\PSoC4/cyfitter_cfg.c **** 	(void)CySysClkWcoSetPowerMode(CY_SYS_CLK_WCO_LPM);    /* Switch to the low power mode */
 159              		.loc 1 164 0
 160 006a 2848     		ldr	r0, .L2+48
 161 006c FFF7FEFF 		bl	CyDelayCycles
 162              	.LVL4:
 165:Generated_Source\PSoC4/cyfitter_cfg.c **** 
 163              		.loc 1 165 0
 164 0070 0120     		mov	r0, #1
 165 0072 FFF7FEFF 		bl	CySysClkWcoSetPowerMode
 166              	.LVL5:
 168:Generated_Source\PSoC4/cyfitter_cfg.c **** 	/* CYDEV_CLK_ILO_CONFIG Starting address: CYDEV_CLK_ILO_CONFIG */
 167              		.loc 1 168 0
 168 0076 2020     		mov	r0, #32
 169 0078 FFF7FEFF 		bl	CySysClkWriteImoFreq
 170              	.LVL6:
 170:Generated_Source\PSoC4/cyfitter_cfg.c **** 
 171              		.loc 1 170 0
 172 007c 244A     		ldr	r2, .L2+52
 173 007e 254B     		ldr	r3, .L2+56
 177:Generated_Source\PSoC4/cyfitter_cfg.c **** 	CY_SET_XTND_REG32((void CYFAR *)(CYREG_BLE_BLERD_BB_XO_CAPTRIM), 0x00002D6Au);
 174              		.loc 1 177 0
 175 0080 0221     		mov	r1, #2
 170:Generated_Source\PSoC4/cyfitter_cfg.c **** 
 176              		.loc 1 170 0
 177 0082 1A60     		str	r2, [r3]
 173:Generated_Source\PSoC4/cyfitter_cfg.c **** 
 178              		.loc 1 173 0
 179 0084 8023     		mov	r3, #128
 177:Generated_Source\PSoC4/cyfitter_cfg.c **** 	CY_SET_XTND_REG32((void CYFAR *)(CYREG_BLE_BLERD_BB_XO_CAPTRIM), 0x00002D6Au);
 180              		.loc 1 177 0
 181 0086 244A     		ldr	r2, .L2+60
 173:Generated_Source\PSoC4/cyfitter_cfg.c **** 
 182              		.loc 1 173 0
 183 0088 DB05     		lsl	r3, r3, #23
 184 008a 3B60     		str	r3, [r7]
 177:Generated_Source\PSoC4/cyfitter_cfg.c **** 	CY_SET_XTND_REG32((void CYFAR *)(CYREG_BLE_BLERD_BB_XO_CAPTRIM), 0x00002D6Au);
 185              		.loc 1 177 0
ARM GAS  C:\Users\Administrator\AppData\Local\Temp\ccami9Iu.s 			page 10


 186 008c 1368     		ldr	r3, [r2]
 184:Generated_Source\PSoC4/cyfitter_cfg.c **** 	CyDelayUs(1500u); /* Wait to stabalize */
 187              		.loc 1 184 0
 188 008e FA20     		mov	r0, #250
 177:Generated_Source\PSoC4/cyfitter_cfg.c **** 	CY_SET_XTND_REG32((void CYFAR *)(CYREG_BLE_BLERD_BB_XO_CAPTRIM), 0x00002D6Au);
 189              		.loc 1 177 0
 190 0090 0B43     		orr	r3, r1
 191 0092 1360     		str	r3, [r2]
 178:Generated_Source\PSoC4/cyfitter_cfg.c **** 	/*Set XTAL(ECO) divider*/
 192              		.loc 1 178 0
 193 0094 214A     		ldr	r2, .L2+64
 194 0096 224B     		ldr	r3, .L2+68
 184:Generated_Source\PSoC4/cyfitter_cfg.c **** 	CyDelayUs(1500u); /* Wait to stabalize */
 195              		.loc 1 184 0
 196 0098 C000     		lsl	r0, r0, #3
 178:Generated_Source\PSoC4/cyfitter_cfg.c **** 	/*Set XTAL(ECO) divider*/
 197              		.loc 1 178 0
 198 009a 1A60     		str	r2, [r3]
 182:Generated_Source\PSoC4/cyfitter_cfg.c **** 	/* Start the ECO and do not check status since it is not needed for HFCLK */
 199              		.loc 1 182 0
 200 009c 0822     		mov	r2, #8
 180:Generated_Source\PSoC4/cyfitter_cfg.c **** 	/* Disable Crystal Stable Interrupt before enabling ECO */
 201              		.loc 1 180 0
 202 009e 214B     		ldr	r3, .L2+72
 203 00a0 1C60     		str	r4, [r3]
 182:Generated_Source\PSoC4/cyfitter_cfg.c **** 	/* Start the ECO and do not check status since it is not needed for HFCLK */
 204              		.loc 1 182 0
 205 00a2 2B68     		ldr	r3, [r5]
 206 00a4 9343     		bic	r3, r2
 207 00a6 2B60     		str	r3, [r5]
 184:Generated_Source\PSoC4/cyfitter_cfg.c **** 	CyDelayUs(1500u); /* Wait to stabalize */
 208              		.loc 1 184 0
 209 00a8 FFF7FEFF 		bl	CySysClkEcoStart
 210              	.LVL7:
 185:Generated_Source\PSoC4/cyfitter_cfg.c **** 
 211              		.loc 1 185 0
 212 00ac 1E48     		ldr	r0, .L2+76
 213 00ae FFF7FEFF 		bl	CyDelayUs
 214              	.LVL8:
 190:Generated_Source\PSoC4/cyfitter_cfg.c **** 
 215              		.loc 1 190 0
 216 00b2 8022     		mov	r2, #128
 217 00b4 1D4B     		ldr	r3, .L2+80
 218 00b6 1206     		lsl	r2, r2, #24
 219 00b8 1A60     		str	r2, [r3]
 193:Generated_Source\PSoC4/cyfitter_cfg.c **** 
 220              		.loc 1 193 0
 221 00ba 8022     		mov	r2, #128
 222 00bc 1C4B     		ldr	r3, .L2+84
 223 00be 1203     		lsl	r2, r2, #12
 224 00c0 1A60     		str	r2, [r3]
 195:Generated_Source\PSoC4/cyfitter_cfg.c **** 	/* Set Flash Cycles based on newly configured 32.00MHz HFCLK. */
 225              		.loc 1 195 0
 226 00c2 8023     		mov	r3, #128
 227 00c4 DB05     		lsl	r3, r3, #23
 228 00c6 3B60     		str	r3, [r7]
 197:Generated_Source\PSoC4/cyfitter_cfg.c **** }
ARM GAS  C:\Users\Administrator\AppData\Local\Temp\ccami9Iu.s 			page 11


 229              		.loc 1 197 0
 230 00c8 1123     		mov	r3, #17
 231              	.LBE25:
 232              	.LBE31:
 233              	.LBB32:
 234              	.LBB33:
 222:Generated_Source\PSoC4/cyfitter_cfg.c **** 	CY_SET_XTND_REG32((void CYFAR *)CYREG_CTBM1_DFT_CTRL, 0x00000003u);
 235              		.loc 1 222 0
 236 00ca 1A4A     		ldr	r2, .L2+88
 237              	.LBE33:
 238              	.LBE32:
 239              	.LBB35:
 240              	.LBB26:
 197:Generated_Source\PSoC4/cyfitter_cfg.c **** }
 241              		.loc 1 197 0
 242 00cc 3360     		str	r3, [r6]
 243              	.LBE26:
 244              	.LBE35:
 245              	.LBB36:
 246              	.LBB34:
 222:Generated_Source\PSoC4/cyfitter_cfg.c **** 	CY_SET_XTND_REG32((void CYFAR *)CYREG_CTBM1_DFT_CTRL, 0x00000003u);
 247              		.loc 1 222 0
 248 00ce 0E3B     		sub	r3, r3, #14
 249 00d0 1360     		str	r3, [r2]
 223:Generated_Source\PSoC4/cyfitter_cfg.c **** 	CY_SET_XTND_REG32((void CYFAR *)CYREG_PASS_DSAB_DSAB_CTRL, 0x00000000u);
 250              		.loc 1 223 0
 251 00d2 194A     		ldr	r2, .L2+92
 252 00d4 1360     		str	r3, [r2]
 224:Generated_Source\PSoC4/cyfitter_cfg.c **** }
 253              		.loc 1 224 0
 254 00d6 194B     		ldr	r3, .L2+96
 255 00d8 1C60     		str	r4, [r3]
 256              	.LBE34:
 257              	.LBE36:
 258              		.loc 1 302 0
 259 00da F8BD     		pop	{r3, r4, r5, r6, r7, pc}
 260              	.L3:
 261              		.align	2
 262              	.L2:
 263 00dc 6CF02E40 		.word	1076818028
 264 00e0 00300F40 		.word	1074737152
 265 00e4 00400F40 		.word	1074741248
 266 00e8 00000240 		.word	1073872896
 267 00ec 00500F40 		.word	1074745344
 268 00f0 00700F40 		.word	1074753536
 269 00f4 30001040 		.word	1074790448
 270 00f8 0C020B40 		.word	1074463244
 271 00fc 01700F40 		.word	1074753537
 272 0100 00000440 		.word	1074003968
 273 0104 8E6DD800 		.word	14183822
 274 0108 08000440 		.word	1074003976
 275 010c 001BB700 		.word	12000000
 276 0110 06000080 		.word	-2147483642
 277 0114 04010B40 		.word	1074462980
 278 0118 78002E40 		.word	1076756600
 279 011c 6A2D0000 		.word	11626
 280 0120 7C002E40 		.word	1076756604
ARM GAS  C:\Users\Administrator\AppData\Local\Temp\ccami9Iu.s 			page 12


 281 0124 64F02E40 		.word	1076818020
 282 0128 DC050000 		.word	1500
 283 012c 08010B40 		.word	1074462984
 284 0130 00010B40 		.word	1074462976
 285 0134 30003040 		.word	1076887600
 286 0138 30003140 		.word	1076953136
 287 013c 000E3F40 		.word	1077874176
 288              		.cfi_endproc
 289              	.LFE7:
 290              		.size	cyfitter_cfg, .-cyfitter_cfg
 291              		.text
 292              	.Letext0:
 293              		.file 2 "c:\\program files (x86)\\cypress\\psoc creator\\4.0\\psoc creator\\import\\gnu\\arm\\4.9.
 294              		.file 3 "Generated_Source\\PSoC4\\cytypes.h"
 295              		.file 4 "Generated_Source\\PSoC4\\CyLib.h"
 296              		.file 5 "Generated_Source\\PSoC4\\CyLFClk.h"
 297              		.section	.debug_info,"",%progbits
 298              	.Ldebug_info0:
 299 0000 30030000 		.4byte	0x330
 300 0004 0400     		.2byte	0x4
 301 0006 00000000 		.4byte	.Ldebug_abbrev0
 302 000a 04       		.byte	0x4
 303 000b 01       		.uleb128 0x1
 304 000c 1B000000 		.4byte	.LASF31
 305 0010 01       		.byte	0x1
 306 0011 A0020000 		.4byte	.LASF32
 307 0015 C4000000 		.4byte	.LASF33
 308 0019 98000000 		.4byte	.Ldebug_ranges0+0x98
 309 001d 00000000 		.4byte	0
 310 0021 00000000 		.4byte	.Ldebug_line0
 311 0025 02       		.uleb128 0x2
 312 0026 04       		.byte	0x4
 313 0027 05       		.byte	0x5
 314 0028 696E7400 		.ascii	"int\000"
 315 002c 03       		.uleb128 0x3
 316 002d 14000000 		.4byte	.LASF11
 317 0031 02       		.byte	0x2
 318 0032 D4       		.byte	0xd4
 319 0033 37000000 		.4byte	0x37
 320 0037 04       		.uleb128 0x4
 321 0038 04       		.byte	0x4
 322 0039 07       		.byte	0x7
 323 003a EB010000 		.4byte	.LASF0
 324 003e 04       		.uleb128 0x4
 325 003f 01       		.byte	0x1
 326 0040 06       		.byte	0x6
 327 0041 94020000 		.4byte	.LASF1
 328 0045 04       		.uleb128 0x4
 329 0046 01       		.byte	0x1
 330 0047 08       		.byte	0x8
 331 0048 AB010000 		.4byte	.LASF2
 332 004c 04       		.uleb128 0x4
 333 004d 02       		.byte	0x2
 334 004e 05       		.byte	0x5
 335 004f 6C020000 		.4byte	.LASF3
 336 0053 04       		.uleb128 0x4
 337 0054 02       		.byte	0x2
ARM GAS  C:\Users\Administrator\AppData\Local\Temp\ccami9Iu.s 			page 13


 338 0055 07       		.byte	0x7
 339 0056 3D010000 		.4byte	.LASF4
 340 005a 04       		.uleb128 0x4
 341 005b 04       		.byte	0x4
 342 005c 05       		.byte	0x5
 343 005d 8B020000 		.4byte	.LASF5
 344 0061 04       		.uleb128 0x4
 345 0062 04       		.byte	0x4
 346 0063 07       		.byte	0x7
 347 0064 78010000 		.4byte	.LASF6
 348 0068 04       		.uleb128 0x4
 349 0069 08       		.byte	0x8
 350 006a 05       		.byte	0x5
 351 006b 3E020000 		.4byte	.LASF7
 352 006f 04       		.uleb128 0x4
 353 0070 08       		.byte	0x8
 354 0071 07       		.byte	0x7
 355 0072 11020000 		.4byte	.LASF8
 356 0076 04       		.uleb128 0x4
 357 0077 04       		.byte	0x4
 358 0078 07       		.byte	0x7
 359 0079 35020000 		.4byte	.LASF9
 360 007d 05       		.uleb128 0x5
 361 007e 04       		.byte	0x4
 362 007f 04       		.uleb128 0x4
 363 0080 01       		.byte	0x1
 364 0081 08       		.byte	0x8
 365 0082 56020000 		.4byte	.LASF10
 366 0086 06       		.uleb128 0x6
 367 0087 8A010000 		.4byte	.LASF12
 368 008b 03       		.byte	0x3
 369 008c 9801     		.2byte	0x198
 370 008e 45000000 		.4byte	0x45
 371 0092 06       		.uleb128 0x6
 372 0093 D4010000 		.4byte	.LASF13
 373 0097 03       		.byte	0x3
 374 0098 9901     		.2byte	0x199
 375 009a 53000000 		.4byte	0x53
 376 009e 06       		.uleb128 0x6
 377 009f E4010000 		.4byte	.LASF14
 378 00a3 03       		.byte	0x3
 379 00a4 9A01     		.2byte	0x19a
 380 00a6 61000000 		.4byte	0x61
 381 00aa 04       		.uleb128 0x4
 382 00ab 04       		.byte	0x4
 383 00ac 04       		.byte	0x4
 384 00ad 50010000 		.4byte	.LASF15
 385 00b1 04       		.uleb128 0x4
 386 00b2 08       		.byte	0x8
 387 00b3 04       		.byte	0x4
 388 00b4 C0010000 		.4byte	.LASF16
 389 00b8 06       		.uleb128 0x6
 390 00b9 DB010000 		.4byte	.LASF17
 391 00bd 03       		.byte	0x3
 392 00be 3A02     		.2byte	0x23a
 393 00c0 61000000 		.4byte	0x61
 394 00c4 06       		.uleb128 0x6
ARM GAS  C:\Users\Administrator\AppData\Local\Temp\ccami9Iu.s 			page 14


 395 00c5 73010000 		.4byte	.LASF18
 396 00c9 03       		.byte	0x3
 397 00ca 4202     		.2byte	0x242
 398 00cc D0000000 		.4byte	0xd0
 399 00d0 07       		.uleb128 0x7
 400 00d1 86000000 		.4byte	0x86
 401 00d5 06       		.uleb128 0x6
 402 00d6 0E000000 		.4byte	.LASF19
 403 00da 03       		.byte	0x3
 404 00db 4402     		.2byte	0x244
 405 00dd E1000000 		.4byte	0xe1
 406 00e1 07       		.uleb128 0x7
 407 00e2 9E000000 		.4byte	0x9e
 408 00e6 08       		.uleb128 0x8
 409 00e7 A1010000 		.4byte	.LASF34
 410 00eb 01       		.byte	0x1
 411 00ec 3C       		.byte	0x3c
 412 00ed 01       		.byte	0x1
 413 00ee 05010000 		.4byte	0x105
 414 00f2 09       		.uleb128 0x9
 415 00f3 7300     		.ascii	"s\000"
 416 00f5 01       		.byte	0x1
 417 00f6 3C       		.byte	0x3c
 418 00f7 7D000000 		.4byte	0x7d
 419 00fb 09       		.uleb128 0x9
 420 00fc 6E00     		.ascii	"n\000"
 421 00fe 01       		.byte	0x1
 422 00ff 3C       		.byte	0x3c
 423 0100 2C000000 		.4byte	0x2c
 424 0104 00       		.byte	0
 425 0105 0A       		.uleb128 0xa
 426 0106 B9000000 		.4byte	.LASF20
 427 010a 01       		.byte	0x1
 428 010b 9C       		.byte	0x9c
 429 010c 01       		.byte	0x1
 430 010d 0A       		.uleb128 0xa
 431 010e F8010000 		.4byte	.LASF21
 432 0112 01       		.byte	0x1
 433 0113 DC       		.byte	0xdc
 434 0114 01       		.byte	0x1
 435 0115 0B       		.uleb128 0xb
 436 0116 C7010000 		.4byte	.LASF35
 437 011a 01       		.byte	0x1
 438 011b F7       		.byte	0xf7
 439 011c 00000000 		.4byte	.LFB7
 440 0120 40010000 		.4byte	.LFE7-.LFB7
 441 0124 01       		.uleb128 0x1
 442 0125 9C       		.byte	0x9c
 443 0126 B6020000 		.4byte	0x2b6
 444 012a 0C       		.uleb128 0xc
 445 012b 00000000 		.4byte	.Ldebug_ranges0+0
 446 012f 23020000 		.4byte	0x223
 447 0133 0D       		.uleb128 0xd
 448 0134 06       		.byte	0x6
 449 0135 01       		.byte	0x1
 450 0136 0001     		.2byte	0x100
 451 0138 57010000 		.4byte	0x157
ARM GAS  C:\Users\Administrator\AppData\Local\Temp\ccami9Iu.s 			page 15


 452 013c 0E       		.uleb128 0xe
 453 013d 09020000 		.4byte	.LASF22
 454 0141 01       		.byte	0x1
 455 0142 0101     		.2byte	0x101
 456 0144 7D000000 		.4byte	0x7d
 457 0148 00       		.byte	0
 458 0149 0E       		.uleb128 0xe
 459 014a 56010000 		.4byte	.LASF23
 460 014e 01       		.byte	0x1
 461 014f 0201     		.2byte	0x102
 462 0151 92000000 		.4byte	0x92
 463 0155 04       		.byte	0x4
 464 0156 00       		.byte	0
 465 0157 06       		.uleb128 0x6
 466 0158 28020000 		.4byte	.LASF24
 467 015c 01       		.byte	0x1
 468 015d 0301     		.2byte	0x103
 469 015f 33010000 		.4byte	0x133
 470 0163 0F       		.uleb128 0xf
 471 0164 57010000 		.4byte	0x157
 472 0168 73010000 		.4byte	0x173
 473 016c 10       		.uleb128 0x10
 474 016d 76000000 		.4byte	0x76
 475 0171 01       		.byte	0x1
 476 0172 00       		.byte	0
 477 0173 11       		.uleb128 0x11
 478 0174 A9000000 		.4byte	.LASF25
 479 0178 01       		.byte	0x1
 480 0179 0501     		.2byte	0x105
 481 017b 8C010000 		.4byte	0x18c
 482 017f 0C       		.byte	0xc
 483 0180 00       		.byte	0
 484 0181 30       		.byte	0x30
 485 0182 0F       		.byte	0xf
 486 0183 40       		.byte	0x40
 487 0184 00       		.byte	0
 488 0185 04       		.byte	0x4
 489 0186 00       		.byte	0
 490 0187 40       		.byte	0x40
 491 0188 0F       		.byte	0xf
 492 0189 40       		.byte	0x40
 493 018a 00       		.byte	0
 494 018b 04       		.byte	0x4
 495 018c 12       		.uleb128 0x12
 496 018d 63010000 		.4byte	0x163
 497 0191 13       		.uleb128 0x13
 498 0192 6900     		.ascii	"i\000"
 499 0194 01       		.byte	0x1
 500 0195 0B01     		.2byte	0x10b
 501 0197 86000000 		.4byte	0x86
 502 019b 00000000 		.4byte	.LLST0
 503 019f 14       		.uleb128 0x14
 504 01a0 38000000 		.4byte	.Ldebug_ranges0+0x38
 505 01a4 13       		.uleb128 0x13
 506 01a5 6D7300   		.ascii	"ms\000"
 507 01a8 01       		.byte	0x1
 508 01a9 1001     		.2byte	0x110
ARM GAS  C:\Users\Administrator\AppData\Local\Temp\ccami9Iu.s 			page 16


 509 01ab B3010000 		.4byte	0x1b3
 510 01af 2C000000 		.4byte	.LLST1
 511 01b3 15       		.uleb128 0x15
 512 01b4 04       		.byte	0x4
 513 01b5 B9010000 		.4byte	0x1b9
 514 01b9 12       		.uleb128 0x12
 515 01ba 57010000 		.4byte	0x157
 516 01be 16       		.uleb128 0x16
 517 01bf E6000000 		.4byte	0xe6
 518 01c3 04000000 		.4byte	.LBB12
 519 01c7 38000000 		.4byte	.Ldebug_ranges0+0x38
 520 01cb 01       		.byte	0x1
 521 01cc 1101     		.2byte	0x111
 522 01ce 17       		.uleb128 0x17
 523 01cf FB000000 		.4byte	0xfb
 524 01d3 0004     		.2byte	0x400
 525 01d5 18       		.uleb128 0x18
 526 01d6 F2000000 		.4byte	0xf2
 527 01da 54000000 		.4byte	.LLST2
 528 01de 19       		.uleb128 0x19
 529 01df 18000000 		.4byte	.LVL1
 530 01e3 B6020000 		.4byte	0x2b6
 531 01e7 01020000 		.4byte	0x201
 532 01eb 1A       		.uleb128 0x1a
 533 01ec 01       		.uleb128 0x1
 534 01ed 52       		.byte	0x52
 535 01ee 02       		.uleb128 0x2
 536 01ef 76       		.byte	0x76
 537 01f0 00       		.sleb128 0
 538 01f1 1A       		.uleb128 0x1a
 539 01f2 01       		.uleb128 0x1
 540 01f3 51       		.byte	0x51
 541 01f4 02       		.uleb128 0x2
 542 01f5 74       		.byte	0x74
 543 01f6 00       		.sleb128 0
 544 01f7 1A       		.uleb128 0x1a
 545 01f8 01       		.uleb128 0x1
 546 01f9 50       		.byte	0x50
 547 01fa 05       		.uleb128 0x5
 548 01fb 0C       		.byte	0xc
 549 01fc 00300F40 		.4byte	0x400f3000
 550 0200 00       		.byte	0
 551 0201 1B       		.uleb128 0x1b
 552 0202 22000000 		.4byte	.LVL2
 553 0206 B6020000 		.4byte	0x2b6
 554 020a 1A       		.uleb128 0x1a
 555 020b 01       		.uleb128 0x1
 556 020c 52       		.byte	0x52
 557 020d 02       		.uleb128 0x2
 558 020e 76       		.byte	0x76
 559 020f 00       		.sleb128 0
 560 0210 1A       		.uleb128 0x1a
 561 0211 01       		.uleb128 0x1
 562 0212 51       		.byte	0x51
 563 0213 02       		.uleb128 0x2
 564 0214 74       		.byte	0x74
 565 0215 00       		.sleb128 0
ARM GAS  C:\Users\Administrator\AppData\Local\Temp\ccami9Iu.s 			page 17


 566 0216 1A       		.uleb128 0x1a
 567 0217 01       		.uleb128 0x1
 568 0218 50       		.byte	0x50
 569 0219 05       		.uleb128 0x5
 570 021a 0C       		.byte	0xc
 571 021b 00400F40 		.4byte	0x400f4000
 572 021f 00       		.byte	0
 573 0220 00       		.byte	0
 574 0221 00       		.byte	0
 575 0222 00       		.byte	0
 576 0223 1C       		.uleb128 0x1c
 577 0224 05010000 		.4byte	0x105
 578 0228 38000000 		.4byte	.LBB22
 579 022c 58000000 		.4byte	.Ldebug_ranges0+0x58
 580 0230 01       		.byte	0x1
 581 0231 2901     		.2byte	0x129
 582 0233 A5020000 		.4byte	0x2a5
 583 0237 1D       		.uleb128 0x1d
 584 0238 6A000000 		.4byte	.LVL3
 585 023c D3020000 		.4byte	0x2d3
 586 0240 19       		.uleb128 0x19
 587 0241 70000000 		.4byte	.LVL4
 588 0245 DA020000 		.4byte	0x2da
 589 0249 57020000 		.4byte	0x257
 590 024d 1A       		.uleb128 0x1a
 591 024e 01       		.uleb128 0x1
 592 024f 50       		.byte	0x50
 593 0250 05       		.uleb128 0x5
 594 0251 0C       		.byte	0xc
 595 0252 001BB700 		.4byte	0xb71b00
 596 0256 00       		.byte	0
 597 0257 19       		.uleb128 0x19
 598 0258 76000000 		.4byte	.LVL5
 599 025c EB020000 		.4byte	0x2eb
 600 0260 6A020000 		.4byte	0x26a
 601 0264 1A       		.uleb128 0x1a
 602 0265 01       		.uleb128 0x1
 603 0266 50       		.byte	0x50
 604 0267 01       		.uleb128 0x1
 605 0268 31       		.byte	0x31
 606 0269 00       		.byte	0
 607 026a 19       		.uleb128 0x19
 608 026b 7C000000 		.4byte	.LVL6
 609 026f 00030000 		.4byte	0x300
 610 0273 7E020000 		.4byte	0x27e
 611 0277 1A       		.uleb128 0x1a
 612 0278 01       		.uleb128 0x1
 613 0279 50       		.byte	0x50
 614 027a 02       		.uleb128 0x2
 615 027b 08       		.byte	0x8
 616 027c 20       		.byte	0x20
 617 027d 00       		.byte	0
 618 027e 19       		.uleb128 0x19
 619 027f AC000000 		.4byte	.LVL7
 620 0283 11030000 		.4byte	0x311
 621 0287 93020000 		.4byte	0x293
 622 028b 1A       		.uleb128 0x1a
ARM GAS  C:\Users\Administrator\AppData\Local\Temp\ccami9Iu.s 			page 18


 623 028c 01       		.uleb128 0x1
 624 028d 50       		.byte	0x50
 625 028e 03       		.uleb128 0x3
 626 028f 0A       		.byte	0xa
 627 0290 D007     		.2byte	0x7d0
 628 0292 00       		.byte	0
 629 0293 1B       		.uleb128 0x1b
 630 0294 B2000000 		.4byte	.LVL8
 631 0298 26030000 		.4byte	0x326
 632 029c 1A       		.uleb128 0x1a
 633 029d 01       		.uleb128 0x1
 634 029e 50       		.byte	0x50
 635 029f 03       		.uleb128 0x3
 636 02a0 0A       		.byte	0xa
 637 02a1 DC05     		.2byte	0x5dc
 638 02a3 00       		.byte	0
 639 02a4 00       		.byte	0
 640 02a5 1E       		.uleb128 0x1e
 641 02a6 0D010000 		.4byte	0x10d
 642 02aa CA000000 		.4byte	.LBB32
 643 02ae 80000000 		.4byte	.Ldebug_ranges0+0x80
 644 02b2 01       		.byte	0x1
 645 02b3 2C01     		.2byte	0x12c
 646 02b5 00       		.byte	0
 647 02b6 1F       		.uleb128 0x1f
 648 02b7 B9010000 		.4byte	.LASF26
 649 02bb 7D000000 		.4byte	0x7d
 650 02bf D3020000 		.4byte	0x2d3
 651 02c3 20       		.uleb128 0x20
 652 02c4 7D000000 		.4byte	0x7d
 653 02c8 20       		.uleb128 0x20
 654 02c9 25000000 		.4byte	0x25
 655 02cd 20       		.uleb128 0x20
 656 02ce 76000000 		.4byte	0x76
 657 02d2 00       		.byte	0
 658 02d3 21       		.uleb128 0x21
 659 02d4 90010000 		.4byte	.LASF36
 660 02d8 05       		.byte	0x5
 661 02d9 4F       		.byte	0x4f
 662 02da 22       		.uleb128 0x22
 663 02db 00000000 		.4byte	.LASF27
 664 02df 04       		.byte	0x4
 665 02e0 DA       		.byte	0xda
 666 02e1 EB020000 		.4byte	0x2eb
 667 02e5 20       		.uleb128 0x20
 668 02e6 9E000000 		.4byte	0x9e
 669 02ea 00       		.byte	0
 670 02eb 23       		.uleb128 0x23
 671 02ec 5B010000 		.4byte	.LASF29
 672 02f0 05       		.byte	0x5
 673 02f1 51       		.byte	0x51
 674 02f2 9E000000 		.4byte	0x9e
 675 02f6 00030000 		.4byte	0x300
 676 02fa 20       		.uleb128 0x20
 677 02fb 9E000000 		.4byte	0x9e
 678 02ff 00       		.byte	0
 679 0300 22       		.uleb128 0x22
ARM GAS  C:\Users\Administrator\AppData\Local\Temp\ccami9Iu.s 			page 19


 680 0301 76020000 		.4byte	.LASF28
 681 0305 04       		.byte	0x4
 682 0306 6C       		.byte	0x6c
 683 0307 11030000 		.4byte	0x311
 684 030b 20       		.uleb128 0x20
 685 030c 9E000000 		.4byte	0x9e
 686 0310 00       		.byte	0
 687 0311 23       		.uleb128 0x23
 688 0312 5B020000 		.4byte	.LASF30
 689 0316 04       		.byte	0x4
 690 0317 82       		.byte	0x82
 691 0318 B8000000 		.4byte	0xb8
 692 031c 26030000 		.4byte	0x326
 693 0320 20       		.uleb128 0x20
 694 0321 9E000000 		.4byte	0x9e
 695 0325 00       		.byte	0
 696 0326 24       		.uleb128 0x24
 697 0327 4C020000 		.4byte	.LASF37
 698 032b 04       		.byte	0x4
 699 032c D8       		.byte	0xd8
 700 032d 20       		.uleb128 0x20
 701 032e 92000000 		.4byte	0x92
 702 0332 00       		.byte	0
 703 0333 00       		.byte	0
 704              		.section	.debug_abbrev,"",%progbits
 705              	.Ldebug_abbrev0:
 706 0000 01       		.uleb128 0x1
 707 0001 11       		.uleb128 0x11
 708 0002 01       		.byte	0x1
 709 0003 25       		.uleb128 0x25
 710 0004 0E       		.uleb128 0xe
 711 0005 13       		.uleb128 0x13
 712 0006 0B       		.uleb128 0xb
 713 0007 03       		.uleb128 0x3
 714 0008 0E       		.uleb128 0xe
 715 0009 1B       		.uleb128 0x1b
 716 000a 0E       		.uleb128 0xe
 717 000b 55       		.uleb128 0x55
 718 000c 17       		.uleb128 0x17
 719 000d 11       		.uleb128 0x11
 720 000e 01       		.uleb128 0x1
 721 000f 10       		.uleb128 0x10
 722 0010 17       		.uleb128 0x17
 723 0011 00       		.byte	0
 724 0012 00       		.byte	0
 725 0013 02       		.uleb128 0x2
 726 0014 24       		.uleb128 0x24
 727 0015 00       		.byte	0
 728 0016 0B       		.uleb128 0xb
 729 0017 0B       		.uleb128 0xb
 730 0018 3E       		.uleb128 0x3e
 731 0019 0B       		.uleb128 0xb
 732 001a 03       		.uleb128 0x3
 733 001b 08       		.uleb128 0x8
 734 001c 00       		.byte	0
 735 001d 00       		.byte	0
 736 001e 03       		.uleb128 0x3
ARM GAS  C:\Users\Administrator\AppData\Local\Temp\ccami9Iu.s 			page 20


 737 001f 16       		.uleb128 0x16
 738 0020 00       		.byte	0
 739 0021 03       		.uleb128 0x3
 740 0022 0E       		.uleb128 0xe
 741 0023 3A       		.uleb128 0x3a
 742 0024 0B       		.uleb128 0xb
 743 0025 3B       		.uleb128 0x3b
 744 0026 0B       		.uleb128 0xb
 745 0027 49       		.uleb128 0x49
 746 0028 13       		.uleb128 0x13
 747 0029 00       		.byte	0
 748 002a 00       		.byte	0
 749 002b 04       		.uleb128 0x4
 750 002c 24       		.uleb128 0x24
 751 002d 00       		.byte	0
 752 002e 0B       		.uleb128 0xb
 753 002f 0B       		.uleb128 0xb
 754 0030 3E       		.uleb128 0x3e
 755 0031 0B       		.uleb128 0xb
 756 0032 03       		.uleb128 0x3
 757 0033 0E       		.uleb128 0xe
 758 0034 00       		.byte	0
 759 0035 00       		.byte	0
 760 0036 05       		.uleb128 0x5
 761 0037 0F       		.uleb128 0xf
 762 0038 00       		.byte	0
 763 0039 0B       		.uleb128 0xb
 764 003a 0B       		.uleb128 0xb
 765 003b 00       		.byte	0
 766 003c 00       		.byte	0
 767 003d 06       		.uleb128 0x6
 768 003e 16       		.uleb128 0x16
 769 003f 00       		.byte	0
 770 0040 03       		.uleb128 0x3
 771 0041 0E       		.uleb128 0xe
 772 0042 3A       		.uleb128 0x3a
 773 0043 0B       		.uleb128 0xb
 774 0044 3B       		.uleb128 0x3b
 775 0045 05       		.uleb128 0x5
 776 0046 49       		.uleb128 0x49
 777 0047 13       		.uleb128 0x13
 778 0048 00       		.byte	0
 779 0049 00       		.byte	0
 780 004a 07       		.uleb128 0x7
 781 004b 35       		.uleb128 0x35
 782 004c 00       		.byte	0
 783 004d 49       		.uleb128 0x49
 784 004e 13       		.uleb128 0x13
 785 004f 00       		.byte	0
 786 0050 00       		.byte	0
 787 0051 08       		.uleb128 0x8
 788 0052 2E       		.uleb128 0x2e
 789 0053 01       		.byte	0x1
 790 0054 03       		.uleb128 0x3
 791 0055 0E       		.uleb128 0xe
 792 0056 3A       		.uleb128 0x3a
 793 0057 0B       		.uleb128 0xb
ARM GAS  C:\Users\Administrator\AppData\Local\Temp\ccami9Iu.s 			page 21


 794 0058 3B       		.uleb128 0x3b
 795 0059 0B       		.uleb128 0xb
 796 005a 27       		.uleb128 0x27
 797 005b 19       		.uleb128 0x19
 798 005c 20       		.uleb128 0x20
 799 005d 0B       		.uleb128 0xb
 800 005e 01       		.uleb128 0x1
 801 005f 13       		.uleb128 0x13
 802 0060 00       		.byte	0
 803 0061 00       		.byte	0
 804 0062 09       		.uleb128 0x9
 805 0063 05       		.uleb128 0x5
 806 0064 00       		.byte	0
 807 0065 03       		.uleb128 0x3
 808 0066 08       		.uleb128 0x8
 809 0067 3A       		.uleb128 0x3a
 810 0068 0B       		.uleb128 0xb
 811 0069 3B       		.uleb128 0x3b
 812 006a 0B       		.uleb128 0xb
 813 006b 49       		.uleb128 0x49
 814 006c 13       		.uleb128 0x13
 815 006d 00       		.byte	0
 816 006e 00       		.byte	0
 817 006f 0A       		.uleb128 0xa
 818 0070 2E       		.uleb128 0x2e
 819 0071 00       		.byte	0
 820 0072 03       		.uleb128 0x3
 821 0073 0E       		.uleb128 0xe
 822 0074 3A       		.uleb128 0x3a
 823 0075 0B       		.uleb128 0xb
 824 0076 3B       		.uleb128 0x3b
 825 0077 0B       		.uleb128 0xb
 826 0078 27       		.uleb128 0x27
 827 0079 19       		.uleb128 0x19
 828 007a 20       		.uleb128 0x20
 829 007b 0B       		.uleb128 0xb
 830 007c 00       		.byte	0
 831 007d 00       		.byte	0
 832 007e 0B       		.uleb128 0xb
 833 007f 2E       		.uleb128 0x2e
 834 0080 01       		.byte	0x1
 835 0081 3F       		.uleb128 0x3f
 836 0082 19       		.uleb128 0x19
 837 0083 03       		.uleb128 0x3
 838 0084 0E       		.uleb128 0xe
 839 0085 3A       		.uleb128 0x3a
 840 0086 0B       		.uleb128 0xb
 841 0087 3B       		.uleb128 0x3b
 842 0088 0B       		.uleb128 0xb
 843 0089 27       		.uleb128 0x27
 844 008a 19       		.uleb128 0x19
 845 008b 11       		.uleb128 0x11
 846 008c 01       		.uleb128 0x1
 847 008d 12       		.uleb128 0x12
 848 008e 06       		.uleb128 0x6
 849 008f 40       		.uleb128 0x40
 850 0090 18       		.uleb128 0x18
ARM GAS  C:\Users\Administrator\AppData\Local\Temp\ccami9Iu.s 			page 22


 851 0091 9742     		.uleb128 0x2117
 852 0093 19       		.uleb128 0x19
 853 0094 01       		.uleb128 0x1
 854 0095 13       		.uleb128 0x13
 855 0096 00       		.byte	0
 856 0097 00       		.byte	0
 857 0098 0C       		.uleb128 0xc
 858 0099 0B       		.uleb128 0xb
 859 009a 01       		.byte	0x1
 860 009b 55       		.uleb128 0x55
 861 009c 17       		.uleb128 0x17
 862 009d 01       		.uleb128 0x1
 863 009e 13       		.uleb128 0x13
 864 009f 00       		.byte	0
 865 00a0 00       		.byte	0
 866 00a1 0D       		.uleb128 0xd
 867 00a2 13       		.uleb128 0x13
 868 00a3 01       		.byte	0x1
 869 00a4 0B       		.uleb128 0xb
 870 00a5 0B       		.uleb128 0xb
 871 00a6 3A       		.uleb128 0x3a
 872 00a7 0B       		.uleb128 0xb
 873 00a8 3B       		.uleb128 0x3b
 874 00a9 05       		.uleb128 0x5
 875 00aa 01       		.uleb128 0x1
 876 00ab 13       		.uleb128 0x13
 877 00ac 00       		.byte	0
 878 00ad 00       		.byte	0
 879 00ae 0E       		.uleb128 0xe
 880 00af 0D       		.uleb128 0xd
 881 00b0 00       		.byte	0
 882 00b1 03       		.uleb128 0x3
 883 00b2 0E       		.uleb128 0xe
 884 00b3 3A       		.uleb128 0x3a
 885 00b4 0B       		.uleb128 0xb
 886 00b5 3B       		.uleb128 0x3b
 887 00b6 05       		.uleb128 0x5
 888 00b7 49       		.uleb128 0x49
 889 00b8 13       		.uleb128 0x13
 890 00b9 38       		.uleb128 0x38
 891 00ba 0B       		.uleb128 0xb
 892 00bb 00       		.byte	0
 893 00bc 00       		.byte	0
 894 00bd 0F       		.uleb128 0xf
 895 00be 01       		.uleb128 0x1
 896 00bf 01       		.byte	0x1
 897 00c0 49       		.uleb128 0x49
 898 00c1 13       		.uleb128 0x13
 899 00c2 01       		.uleb128 0x1
 900 00c3 13       		.uleb128 0x13
 901 00c4 00       		.byte	0
 902 00c5 00       		.byte	0
 903 00c6 10       		.uleb128 0x10
 904 00c7 21       		.uleb128 0x21
 905 00c8 00       		.byte	0
 906 00c9 49       		.uleb128 0x49
 907 00ca 13       		.uleb128 0x13
ARM GAS  C:\Users\Administrator\AppData\Local\Temp\ccami9Iu.s 			page 23


 908 00cb 2F       		.uleb128 0x2f
 909 00cc 0B       		.uleb128 0xb
 910 00cd 00       		.byte	0
 911 00ce 00       		.byte	0
 912 00cf 11       		.uleb128 0x11
 913 00d0 34       		.uleb128 0x34
 914 00d1 00       		.byte	0
 915 00d2 03       		.uleb128 0x3
 916 00d3 0E       		.uleb128 0xe
 917 00d4 3A       		.uleb128 0x3a
 918 00d5 0B       		.uleb128 0xb
 919 00d6 3B       		.uleb128 0x3b
 920 00d7 05       		.uleb128 0x5
 921 00d8 49       		.uleb128 0x49
 922 00d9 13       		.uleb128 0x13
 923 00da 1C       		.uleb128 0x1c
 924 00db 0A       		.uleb128 0xa
 925 00dc 00       		.byte	0
 926 00dd 00       		.byte	0
 927 00de 12       		.uleb128 0x12
 928 00df 26       		.uleb128 0x26
 929 00e0 00       		.byte	0
 930 00e1 49       		.uleb128 0x49
 931 00e2 13       		.uleb128 0x13
 932 00e3 00       		.byte	0
 933 00e4 00       		.byte	0
 934 00e5 13       		.uleb128 0x13
 935 00e6 34       		.uleb128 0x34
 936 00e7 00       		.byte	0
 937 00e8 03       		.uleb128 0x3
 938 00e9 08       		.uleb128 0x8
 939 00ea 3A       		.uleb128 0x3a
 940 00eb 0B       		.uleb128 0xb
 941 00ec 3B       		.uleb128 0x3b
 942 00ed 05       		.uleb128 0x5
 943 00ee 49       		.uleb128 0x49
 944 00ef 13       		.uleb128 0x13
 945 00f0 02       		.uleb128 0x2
 946 00f1 17       		.uleb128 0x17
 947 00f2 00       		.byte	0
 948 00f3 00       		.byte	0
 949 00f4 14       		.uleb128 0x14
 950 00f5 0B       		.uleb128 0xb
 951 00f6 01       		.byte	0x1
 952 00f7 55       		.uleb128 0x55
 953 00f8 17       		.uleb128 0x17
 954 00f9 00       		.byte	0
 955 00fa 00       		.byte	0
 956 00fb 15       		.uleb128 0x15
 957 00fc 0F       		.uleb128 0xf
 958 00fd 00       		.byte	0
 959 00fe 0B       		.uleb128 0xb
 960 00ff 0B       		.uleb128 0xb
 961 0100 49       		.uleb128 0x49
 962 0101 13       		.uleb128 0x13
 963 0102 00       		.byte	0
 964 0103 00       		.byte	0
ARM GAS  C:\Users\Administrator\AppData\Local\Temp\ccami9Iu.s 			page 24


 965 0104 16       		.uleb128 0x16
 966 0105 1D       		.uleb128 0x1d
 967 0106 01       		.byte	0x1
 968 0107 31       		.uleb128 0x31
 969 0108 13       		.uleb128 0x13
 970 0109 52       		.uleb128 0x52
 971 010a 01       		.uleb128 0x1
 972 010b 55       		.uleb128 0x55
 973 010c 17       		.uleb128 0x17
 974 010d 58       		.uleb128 0x58
 975 010e 0B       		.uleb128 0xb
 976 010f 59       		.uleb128 0x59
 977 0110 05       		.uleb128 0x5
 978 0111 00       		.byte	0
 979 0112 00       		.byte	0
 980 0113 17       		.uleb128 0x17
 981 0114 05       		.uleb128 0x5
 982 0115 00       		.byte	0
 983 0116 31       		.uleb128 0x31
 984 0117 13       		.uleb128 0x13
 985 0118 1C       		.uleb128 0x1c
 986 0119 05       		.uleb128 0x5
 987 011a 00       		.byte	0
 988 011b 00       		.byte	0
 989 011c 18       		.uleb128 0x18
 990 011d 05       		.uleb128 0x5
 991 011e 00       		.byte	0
 992 011f 31       		.uleb128 0x31
 993 0120 13       		.uleb128 0x13
 994 0121 02       		.uleb128 0x2
 995 0122 17       		.uleb128 0x17
 996 0123 00       		.byte	0
 997 0124 00       		.byte	0
 998 0125 19       		.uleb128 0x19
 999 0126 898201   		.uleb128 0x4109
 1000 0129 01       		.byte	0x1
 1001 012a 11       		.uleb128 0x11
 1002 012b 01       		.uleb128 0x1
 1003 012c 31       		.uleb128 0x31
 1004 012d 13       		.uleb128 0x13
 1005 012e 01       		.uleb128 0x1
 1006 012f 13       		.uleb128 0x13
 1007 0130 00       		.byte	0
 1008 0131 00       		.byte	0
 1009 0132 1A       		.uleb128 0x1a
 1010 0133 8A8201   		.uleb128 0x410a
 1011 0136 00       		.byte	0
 1012 0137 02       		.uleb128 0x2
 1013 0138 18       		.uleb128 0x18
 1014 0139 9142     		.uleb128 0x2111
 1015 013b 18       		.uleb128 0x18
 1016 013c 00       		.byte	0
 1017 013d 00       		.byte	0
 1018 013e 1B       		.uleb128 0x1b
 1019 013f 898201   		.uleb128 0x4109
 1020 0142 01       		.byte	0x1
 1021 0143 11       		.uleb128 0x11
ARM GAS  C:\Users\Administrator\AppData\Local\Temp\ccami9Iu.s 			page 25


 1022 0144 01       		.uleb128 0x1
 1023 0145 31       		.uleb128 0x31
 1024 0146 13       		.uleb128 0x13
 1025 0147 00       		.byte	0
 1026 0148 00       		.byte	0
 1027 0149 1C       		.uleb128 0x1c
 1028 014a 1D       		.uleb128 0x1d
 1029 014b 01       		.byte	0x1
 1030 014c 31       		.uleb128 0x31
 1031 014d 13       		.uleb128 0x13
 1032 014e 52       		.uleb128 0x52
 1033 014f 01       		.uleb128 0x1
 1034 0150 55       		.uleb128 0x55
 1035 0151 17       		.uleb128 0x17
 1036 0152 58       		.uleb128 0x58
 1037 0153 0B       		.uleb128 0xb
 1038 0154 59       		.uleb128 0x59
 1039 0155 05       		.uleb128 0x5
 1040 0156 01       		.uleb128 0x1
 1041 0157 13       		.uleb128 0x13
 1042 0158 00       		.byte	0
 1043 0159 00       		.byte	0
 1044 015a 1D       		.uleb128 0x1d
 1045 015b 898201   		.uleb128 0x4109
 1046 015e 00       		.byte	0
 1047 015f 11       		.uleb128 0x11
 1048 0160 01       		.uleb128 0x1
 1049 0161 31       		.uleb128 0x31
 1050 0162 13       		.uleb128 0x13
 1051 0163 00       		.byte	0
 1052 0164 00       		.byte	0
 1053 0165 1E       		.uleb128 0x1e
 1054 0166 1D       		.uleb128 0x1d
 1055 0167 00       		.byte	0
 1056 0168 31       		.uleb128 0x31
 1057 0169 13       		.uleb128 0x13
 1058 016a 52       		.uleb128 0x52
 1059 016b 01       		.uleb128 0x1
 1060 016c 55       		.uleb128 0x55
 1061 016d 17       		.uleb128 0x17
 1062 016e 58       		.uleb128 0x58
 1063 016f 0B       		.uleb128 0xb
 1064 0170 59       		.uleb128 0x59
 1065 0171 05       		.uleb128 0x5
 1066 0172 00       		.byte	0
 1067 0173 00       		.byte	0
 1068 0174 1F       		.uleb128 0x1f
 1069 0175 2E       		.uleb128 0x2e
 1070 0176 01       		.byte	0x1
 1071 0177 3F       		.uleb128 0x3f
 1072 0178 19       		.uleb128 0x19
 1073 0179 03       		.uleb128 0x3
 1074 017a 0E       		.uleb128 0xe
 1075 017b 27       		.uleb128 0x27
 1076 017c 19       		.uleb128 0x19
 1077 017d 49       		.uleb128 0x49
 1078 017e 13       		.uleb128 0x13
ARM GAS  C:\Users\Administrator\AppData\Local\Temp\ccami9Iu.s 			page 26


 1079 017f 34       		.uleb128 0x34
 1080 0180 19       		.uleb128 0x19
 1081 0181 3C       		.uleb128 0x3c
 1082 0182 19       		.uleb128 0x19
 1083 0183 01       		.uleb128 0x1
 1084 0184 13       		.uleb128 0x13
 1085 0185 00       		.byte	0
 1086 0186 00       		.byte	0
 1087 0187 20       		.uleb128 0x20
 1088 0188 05       		.uleb128 0x5
 1089 0189 00       		.byte	0
 1090 018a 49       		.uleb128 0x49
 1091 018b 13       		.uleb128 0x13
 1092 018c 00       		.byte	0
 1093 018d 00       		.byte	0
 1094 018e 21       		.uleb128 0x21
 1095 018f 2E       		.uleb128 0x2e
 1096 0190 00       		.byte	0
 1097 0191 3F       		.uleb128 0x3f
 1098 0192 19       		.uleb128 0x19
 1099 0193 03       		.uleb128 0x3
 1100 0194 0E       		.uleb128 0xe
 1101 0195 3A       		.uleb128 0x3a
 1102 0196 0B       		.uleb128 0xb
 1103 0197 3B       		.uleb128 0x3b
 1104 0198 0B       		.uleb128 0xb
 1105 0199 27       		.uleb128 0x27
 1106 019a 19       		.uleb128 0x19
 1107 019b 3C       		.uleb128 0x3c
 1108 019c 19       		.uleb128 0x19
 1109 019d 00       		.byte	0
 1110 019e 00       		.byte	0
 1111 019f 22       		.uleb128 0x22
 1112 01a0 2E       		.uleb128 0x2e
 1113 01a1 01       		.byte	0x1
 1114 01a2 3F       		.uleb128 0x3f
 1115 01a3 19       		.uleb128 0x19
 1116 01a4 03       		.uleb128 0x3
 1117 01a5 0E       		.uleb128 0xe
 1118 01a6 3A       		.uleb128 0x3a
 1119 01a7 0B       		.uleb128 0xb
 1120 01a8 3B       		.uleb128 0x3b
 1121 01a9 0B       		.uleb128 0xb
 1122 01aa 27       		.uleb128 0x27
 1123 01ab 19       		.uleb128 0x19
 1124 01ac 3C       		.uleb128 0x3c
 1125 01ad 19       		.uleb128 0x19
 1126 01ae 01       		.uleb128 0x1
 1127 01af 13       		.uleb128 0x13
 1128 01b0 00       		.byte	0
 1129 01b1 00       		.byte	0
 1130 01b2 23       		.uleb128 0x23
 1131 01b3 2E       		.uleb128 0x2e
 1132 01b4 01       		.byte	0x1
 1133 01b5 3F       		.uleb128 0x3f
 1134 01b6 19       		.uleb128 0x19
 1135 01b7 03       		.uleb128 0x3
ARM GAS  C:\Users\Administrator\AppData\Local\Temp\ccami9Iu.s 			page 27


 1136 01b8 0E       		.uleb128 0xe
 1137 01b9 3A       		.uleb128 0x3a
 1138 01ba 0B       		.uleb128 0xb
 1139 01bb 3B       		.uleb128 0x3b
 1140 01bc 0B       		.uleb128 0xb
 1141 01bd 27       		.uleb128 0x27
 1142 01be 19       		.uleb128 0x19
 1143 01bf 49       		.uleb128 0x49
 1144 01c0 13       		.uleb128 0x13
 1145 01c1 3C       		.uleb128 0x3c
 1146 01c2 19       		.uleb128 0x19
 1147 01c3 01       		.uleb128 0x1
 1148 01c4 13       		.uleb128 0x13
 1149 01c5 00       		.byte	0
 1150 01c6 00       		.byte	0
 1151 01c7 24       		.uleb128 0x24
 1152 01c8 2E       		.uleb128 0x2e
 1153 01c9 01       		.byte	0x1
 1154 01ca 3F       		.uleb128 0x3f
 1155 01cb 19       		.uleb128 0x19
 1156 01cc 03       		.uleb128 0x3
 1157 01cd 0E       		.uleb128 0xe
 1158 01ce 3A       		.uleb128 0x3a
 1159 01cf 0B       		.uleb128 0xb
 1160 01d0 3B       		.uleb128 0x3b
 1161 01d1 0B       		.uleb128 0xb
 1162 01d2 27       		.uleb128 0x27
 1163 01d3 19       		.uleb128 0x19
 1164 01d4 3C       		.uleb128 0x3c
 1165 01d5 19       		.uleb128 0x19
 1166 01d6 00       		.byte	0
 1167 01d7 00       		.byte	0
 1168 01d8 00       		.byte	0
 1169              		.section	.debug_loc,"",%progbits
 1170              	.Ldebug_loc0:
 1171              	.LLST0:
 1172 0000 0E000000 		.4byte	.LVL0
 1173 0004 18000000 		.4byte	.LVL1
 1174 0008 0200     		.2byte	0x2
 1175 000a 30       		.byte	0x30
 1176 000b 9F       		.byte	0x9f
 1177 000c 18000000 		.4byte	.LVL1
 1178 0010 22000000 		.4byte	.LVL2
 1179 0014 0200     		.2byte	0x2
 1180 0016 31       		.byte	0x31
 1181 0017 9F       		.byte	0x9f
 1182 0018 22000000 		.4byte	.LVL2
 1183 001c 40010000 		.4byte	.LFE7
 1184 0020 0200     		.2byte	0x2
 1185 0022 32       		.byte	0x32
 1186 0023 9F       		.byte	0x9f
 1187 0024 00000000 		.4byte	0
 1188 0028 00000000 		.4byte	0
 1189              	.LLST1:
 1190 002c 0E000000 		.4byte	.LVL0
 1191 0030 18000000 		.4byte	.LVL1
 1192 0034 0600     		.2byte	0x6
ARM GAS  C:\Users\Administrator\AppData\Local\Temp\ccami9Iu.s 			page 28


 1193 0036 F2       		.byte	0xf2
 1194 0037 73010000 		.4byte	.Ldebug_info0+371
 1195 003b 00       		.sleb128 0
 1196 003c 18000000 		.4byte	.LVL1
 1197 0040 40010000 		.4byte	.LFE7
 1198 0044 0600     		.2byte	0x6
 1199 0046 F2       		.byte	0xf2
 1200 0047 73010000 		.4byte	.Ldebug_info0+371
 1201 004b 06       		.sleb128 6
 1202 004c 00000000 		.4byte	0
 1203 0050 00000000 		.4byte	0
 1204              	.LLST2:
 1205 0054 0E000000 		.4byte	.LVL0
 1206 0058 18000000 		.4byte	.LVL1
 1207 005c 0600     		.2byte	0x6
 1208 005e 0C       		.byte	0xc
 1209 005f 00300F40 		.4byte	0x400f3000
 1210 0063 9F       		.byte	0x9f
 1211 0064 18000000 		.4byte	.LVL1
 1212 0068 40010000 		.4byte	.LFE7
 1213 006c 0600     		.2byte	0x6
 1214 006e 0C       		.byte	0xc
 1215 006f 00400F40 		.4byte	0x400f4000
 1216 0073 9F       		.byte	0x9f
 1217 0074 00000000 		.4byte	0
 1218 0078 00000000 		.4byte	0
 1219              		.section	.debug_aranges,"",%progbits
 1220 0000 1C000000 		.4byte	0x1c
 1221 0004 0200     		.2byte	0x2
 1222 0006 00000000 		.4byte	.Ldebug_info0
 1223 000a 04       		.byte	0x4
 1224 000b 00       		.byte	0
 1225 000c 0000     		.2byte	0
 1226 000e 0000     		.2byte	0
 1227 0010 00000000 		.4byte	.LFB7
 1228 0014 40010000 		.4byte	.LFE7-.LFB7
 1229 0018 00000000 		.4byte	0
 1230 001c 00000000 		.4byte	0
 1231              		.section	.debug_ranges,"",%progbits
 1232              	.Ldebug_ranges0:
 1233 0000 04000000 		.4byte	.LBB10
 1234 0004 06000000 		.4byte	.LBE10
 1235 0008 0A000000 		.4byte	.LBB20
 1236 000c 0C000000 		.4byte	.LBE20
 1237 0010 0E000000 		.4byte	.LBB21
 1238 0014 38000000 		.4byte	.LBE21
 1239 0018 3A000000 		.4byte	.LBB27
 1240 001c 3C000000 		.4byte	.LBE27
 1241 0020 3E000000 		.4byte	.LBB29
 1242 0024 46000000 		.4byte	.LBE29
 1243 0028 46000000 		.4byte	.LBB30
 1244 002c 56000000 		.4byte	.LBE30
 1245 0030 00000000 		.4byte	0
 1246 0034 00000000 		.4byte	0
 1247 0038 04000000 		.4byte	.LBB11
 1248 003c 06000000 		.4byte	.LBE11
 1249 0040 0A000000 		.4byte	.LBB18
ARM GAS  C:\Users\Administrator\AppData\Local\Temp\ccami9Iu.s 			page 29


 1250 0044 0C000000 		.4byte	.LBE18
 1251 0048 0E000000 		.4byte	.LBB19
 1252 004c 22000000 		.4byte	.LBE19
 1253 0050 00000000 		.4byte	0
 1254 0054 00000000 		.4byte	0
 1255 0058 38000000 		.4byte	.LBB22
 1256 005c 3A000000 		.4byte	.LBE22
 1257 0060 3C000000 		.4byte	.LBB28
 1258 0064 3E000000 		.4byte	.LBE28
 1259 0068 62000000 		.4byte	.LBB31
 1260 006c CA000000 		.4byte	.LBE31
 1261 0070 CC000000 		.4byte	.LBB35
 1262 0074 CE000000 		.4byte	.LBE35
 1263 0078 00000000 		.4byte	0
 1264 007c 00000000 		.4byte	0
 1265 0080 CA000000 		.4byte	.LBB32
 1266 0084 CC000000 		.4byte	.LBE32
 1267 0088 CE000000 		.4byte	.LBB36
 1268 008c DA000000 		.4byte	.LBE36
 1269 0090 00000000 		.4byte	0
 1270 0094 00000000 		.4byte	0
 1271 0098 00000000 		.4byte	.LFB7
 1272 009c 40010000 		.4byte	.LFE7
 1273 00a0 00000000 		.4byte	0
 1274 00a4 00000000 		.4byte	0
 1275              		.section	.debug_line,"",%progbits
 1276              	.Ldebug_line0:
 1277 0000 67010000 		.section	.debug_str,"MS",%progbits,1
 1277      0200E300 
 1277      00000201 
 1277      FB0E0D00 
 1277      01010101 
 1278              	.LASF27:
 1279 0000 43794465 		.ascii	"CyDelayCycles\000"
 1279      6C617943 
 1279      79636C65 
 1279      7300
 1280              	.LASF19:
 1281 000e 72656733 		.ascii	"reg32\000"
 1281      3200
 1282              	.LASF11:
 1283 0014 73697A65 		.ascii	"size_t\000"
 1283      5F7400
 1284              	.LASF31:
 1285 001b 474E5520 		.ascii	"GNU C 4.9.3 20150303 (release) [ARM/embedded-4_9-br"
 1285      4320342E 
 1285      392E3320 
 1285      32303135 
 1285      30333033 
 1286 004e 616E6368 		.ascii	"anch revision 221220] -mcpu=cortex-m0 -mthumb -g -O"
 1286      20726576 
 1286      6973696F 
 1286      6E203232 
 1286      31323230 
 1287 0081 73202D66 		.ascii	"s -ffunction-sections -ffat-lto-objects\000"
 1287      66756E63 
 1287      74696F6E 
ARM GAS  C:\Users\Administrator\AppData\Local\Temp\ccami9Iu.s 			page 30


 1287      2D736563 
 1287      74696F6E 
 1288              	.LASF25:
 1289 00a9 6366675F 		.ascii	"cfg_memset_list\000"
 1289      6D656D73 
 1289      65745F6C 
 1289      69737400 
 1290              	.LASF20:
 1291 00b9 436C6F63 		.ascii	"ClockSetup\000"
 1291      6B536574 
 1291      757000
 1292              	.LASF33:
 1293 00c4 473A5C50 		.ascii	"G:\\Psoc4_prj\\7.rental_house\\18-03-14\\second_ima"
 1293      736F6334 
 1293      5F70726A 
 1293      5C372E72 
 1293      656E7461 
 1294 00f3 6765735C 		.ascii	"ges\\EntranceGuard_171019-12.50\\BLE_OTA_External_M"
 1294      456E7472 
 1294      616E6365 
 1294      47756172 
 1294      645F3137 
 1295 0124 656D6F72 		.ascii	"emory_Bootloader01.cydsn\000"
 1295      795F426F 
 1295      6F746C6F 
 1295      61646572 
 1295      30312E63 
 1296              	.LASF4:
 1297 013d 73686F72 		.ascii	"short unsigned int\000"
 1297      7420756E 
 1297      7369676E 
 1297      65642069 
 1297      6E7400
 1298              	.LASF15:
 1299 0150 666C6F61 		.ascii	"float\000"
 1299      7400
 1300              	.LASF23:
 1301 0156 73697A65 		.ascii	"size\000"
 1301      00
 1302              	.LASF29:
 1303 015b 43795379 		.ascii	"CySysClkWcoSetPowerMode\000"
 1303      73436C6B 
 1303      57636F53 
 1303      6574506F 
 1303      7765724D 
 1304              	.LASF18:
 1305 0173 72656738 		.ascii	"reg8\000"
 1305      00
 1306              	.LASF6:
 1307 0178 6C6F6E67 		.ascii	"long unsigned int\000"
 1307      20756E73 
 1307      69676E65 
 1307      6420696E 
 1307      7400
 1308              	.LASF12:
 1309 018a 75696E74 		.ascii	"uint8\000"
 1309      3800
ARM GAS  C:\Users\Administrator\AppData\Local\Temp\ccami9Iu.s 			page 31


 1310              	.LASF36:
 1311 0190 43795379 		.ascii	"CySysClkWcoStart\000"
 1311      73436C6B 
 1311      57636F53 
 1311      74617274 
 1311      00
 1312              	.LASF34:
 1313 01a1 43594D45 		.ascii	"CYMEMZERO\000"
 1313      4D5A4552 
 1313      4F00
 1314              	.LASF2:
 1315 01ab 756E7369 		.ascii	"unsigned char\000"
 1315      676E6564 
 1315      20636861 
 1315      7200
 1316              	.LASF26:
 1317 01b9 6D656D73 		.ascii	"memset\000"
 1317      657400
 1318              	.LASF16:
 1319 01c0 646F7562 		.ascii	"double\000"
 1319      6C6500
 1320              	.LASF35:
 1321 01c7 63796669 		.ascii	"cyfitter_cfg\000"
 1321      74746572 
 1321      5F636667 
 1321      00
 1322              	.LASF13:
 1323 01d4 75696E74 		.ascii	"uint16\000"
 1323      313600
 1324              	.LASF17:
 1325 01db 63797374 		.ascii	"cystatus\000"
 1325      61747573 
 1325      00
 1326              	.LASF14:
 1327 01e4 75696E74 		.ascii	"uint32\000"
 1327      333200
 1328              	.LASF0:
 1329 01eb 756E7369 		.ascii	"unsigned int\000"
 1329      676E6564 
 1329      20696E74 
 1329      00
 1330              	.LASF21:
 1331 01f8 416E616C 		.ascii	"AnalogSetDefault\000"
 1331      6F675365 
 1331      74446566 
 1331      61756C74 
 1331      00
 1332              	.LASF22:
 1333 0209 61646472 		.ascii	"address\000"
 1333      65737300 
 1334              	.LASF8:
 1335 0211 6C6F6E67 		.ascii	"long long unsigned int\000"
 1335      206C6F6E 
 1335      6720756E 
 1335      7369676E 
 1335      65642069 
 1336              	.LASF24:
ARM GAS  C:\Users\Administrator\AppData\Local\Temp\ccami9Iu.s 			page 32


 1337 0228 6366675F 		.ascii	"cfg_memset_t\000"
 1337      6D656D73 
 1337      65745F74 
 1337      00
 1338              	.LASF9:
 1339 0235 73697A65 		.ascii	"sizetype\000"
 1339      74797065 
 1339      00
 1340              	.LASF7:
 1341 023e 6C6F6E67 		.ascii	"long long int\000"
 1341      206C6F6E 
 1341      6720696E 
 1341      7400
 1342              	.LASF37:
 1343 024c 43794465 		.ascii	"CyDelayUs\000"
 1343      6C617955 
 1343      7300
 1344              	.LASF10:
 1345 0256 63686172 		.ascii	"char\000"
 1345      00
 1346              	.LASF30:
 1347 025b 43795379 		.ascii	"CySysClkEcoStart\000"
 1347      73436C6B 
 1347      45636F53 
 1347      74617274 
 1347      00
 1348              	.LASF3:
 1349 026c 73686F72 		.ascii	"short int\000"
 1349      7420696E 
 1349      7400
 1350              	.LASF28:
 1351 0276 43795379 		.ascii	"CySysClkWriteImoFreq\000"
 1351      73436C6B 
 1351      57726974 
 1351      65496D6F 
 1351      46726571 
 1352              	.LASF5:
 1353 028b 6C6F6E67 		.ascii	"long int\000"
 1353      20696E74 
 1353      00
 1354              	.LASF1:
 1355 0294 7369676E 		.ascii	"signed char\000"
 1355      65642063 
 1355      68617200 
 1356              	.LASF32:
 1357 02a0 47656E65 		.ascii	"Generated_Source\\PSoC4\\cyfitter_cfg.c\000"
 1357      72617465 
 1357      645F536F 
 1357      75726365 
 1357      5C50536F 
 1358              		.ident	"GCC: (GNU Tools for ARM Embedded Processors) 4.9.3 20150303 (release) [ARM/embedded-4_9-br
