ARM GAS  C:\Users\Administrator\AppData\Local\Temp\ccD9OwFd.s 			page 1


   1              		.cpu cortex-m0
   2              		.fpu softvfp
   3              		.eabi_attribute 20, 1
   4              		.eabi_attribute 21, 1
   5              		.eabi_attribute 23, 3
   6              		.eabi_attribute 24, 1
   7              		.eabi_attribute 25, 1
   8              		.eabi_attribute 26, 1
   9              		.eabi_attribute 30, 4
  10              		.eabi_attribute 34, 0
  11              		.eabi_attribute 18, 4
  12              		.code	16
  13              		.file	"debug.c"
  14              		.text
  15              	.Ltext0:
  16              		.cfi_sections	.debug_frame
  17              		.section	.text._write,"ax",%progbits
  18              		.align	1
  19              		.global	_write
  20              		.code	16
  21              		.thumb_func
  22              		.type	_write, %function
  23              	_write:
  24              	.LFB37:
  25              		.file 1 "debug.c"
   1:debug.c       **** /*******************************************************************************
   2:debug.c       **** * File Name: Debug.c
   3:debug.c       **** *
   4:debug.c       **** * Version: 1.40
   5:debug.c       **** *
   6:debug.c       **** * Description:
   7:debug.c       **** *
   8:debug.c       **** * Hardware Dependency:
   9:debug.c       **** *  CY8CKIT-042 BLE
  10:debug.c       **** *
  11:debug.c       **** ********************************************************************************
  12:debug.c       **** * Copyright 2014-2015, Cypress Semiconductor Corporation. All rights reserved.
  13:debug.c       **** * This software is owned by Cypress Semiconductor Corporation and is protected
  14:debug.c       **** * by and subject to worldwide patent and copyright laws and treaties.
  15:debug.c       **** * Therefore, you may use this software only as provided in the license agreement
  16:debug.c       **** * accompanying the software package from which you obtained this software.
  17:debug.c       **** * CYPRESS AND ITS SUPPLIERS MAKE NO WARRANTY OF ANY KIND, EXPRESS OR IMPLIED,
  18:debug.c       **** * WITH REGARD TO THIS SOFTWARE, INCLUDING, BUT NOT LIMITED TO, NONINFRINGEMENT,
  19:debug.c       **** * IMPLIED WARRANTIES OF MERCHANTABILITY AND FITNESS FOR A PARTICULAR PURPOSE.
  20:debug.c       **** *******************************************************************************/
  21:debug.c       **** 
  22:debug.c       **** #include "cytypes.h"
  23:debug.c       **** #include "debug.h"
  24:debug.c       **** #include "project.h"
  25:debug.c       **** 
  26:debug.c       **** #if (DEBUG_UART_ENABLED == YES)
  27:debug.c       **** 
  28:debug.c       ****     #if defined(__ARMCC_VERSION)
  29:debug.c       **** 
  30:debug.c       ****         /* For MDK/RVDS compiler revise fputc() for the printf() */
  31:debug.c       ****         struct __FILE
  32:debug.c       ****         {
ARM GAS  C:\Users\Administrator\AppData\Local\Temp\ccD9OwFd.s 			page 2


  33:debug.c       ****             int handle;
  34:debug.c       ****         };
  35:debug.c       **** 
  36:debug.c       ****         enum
  37:debug.c       ****         {
  38:debug.c       ****             STDIN_HANDLE,
  39:debug.c       ****             STDOUT_HANDLE,
  40:debug.c       ****             STDERR_HANDLE
  41:debug.c       ****         } ;
  42:debug.c       **** 
  43:debug.c       ****         FILE __stdin = {STDIN_HANDLE};
  44:debug.c       ****         FILE __stdout = {STDOUT_HANDLE};
  45:debug.c       ****         FILE __stderr = {STDERR_HANDLE};
  46:debug.c       **** 
  47:debug.c       ****         int fputc(int ch, FILE *file)
  48:debug.c       ****         {
  49:debug.c       ****             int ret = EOF;
  50:debug.c       **** 
  51:debug.c       ****             switch( file->handle )
  52:debug.c       ****             {
  53:debug.c       ****                 case STDOUT_HANDLE:
  54:debug.c       ****                     UART_PutChar(ch);
  55:debug.c       ****                     ret = ch ;
  56:debug.c       ****                     break ;
  57:debug.c       **** 
  58:debug.c       ****                 case STDERR_HANDLE:
  59:debug.c       ****                     ret = ch ;
  60:debug.c       ****                     break ;
  61:debug.c       **** 
  62:debug.c       ****                 default:
  63:debug.c       ****                     file = file;
  64:debug.c       ****                     break ;
  65:debug.c       ****             }
  66:debug.c       ****             return ret ;
  67:debug.c       ****         }
  68:debug.c       **** 
  69:debug.c       **** #elif defined (__ICCARM__)      /* IAR */
  70:debug.c       **** 
  71:debug.c       **** /* For IAR compiler revise __write() function for printf functionality */
  72:debug.c       **** size_t __write(int handle, const unsigned char * buffer, size_t size)
  73:debug.c       **** {
  74:debug.c       ****     size_t nChars = 0;
  75:debug.c       **** 
  76:debug.c       ****     if (buffer == 0)
  77:debug.c       ****     {
  78:debug.c       ****         /*
  79:debug.c       ****          * This means that we should flush internal buffers.  Since we
  80:debug.c       ****          * don't we just return.  (Remember, "handle" == -1 means that all
  81:debug.c       ****          * handles should be flushed.)
  82:debug.c       ****          */
  83:debug.c       ****         return (0);
  84:debug.c       ****     }
  85:debug.c       **** 
  86:debug.c       ****     for (/* Empty */; size != 0; --size)
  87:debug.c       ****     {
  88:debug.c       ****         UART_PutChar(*buffer++);
  89:debug.c       ****         ++nChars;
ARM GAS  C:\Users\Administrator\AppData\Local\Temp\ccD9OwFd.s 			page 3


  90:debug.c       ****     }
  91:debug.c       **** 
  92:debug.c       ****     return (nChars);
  93:debug.c       **** }
  94:debug.c       **** 
  95:debug.c       **** #else  /* (__GNUC__)  GCC */
  96:debug.c       **** 
  97:debug.c       **** /* For GCC compiler revise _write() function for printf functionality */
  98:debug.c       ****         int _write(int file, char *ptr, int len)
  99:debug.c       ****         {
  26              		.loc 1 99 0
  27              		.cfi_startproc
  28              	.LVL0:
  29 0000 70B5     		push	{r4, r5, r6, lr}
  30              		.cfi_def_cfa_offset 16
  31              		.cfi_offset 4, -16
  32              		.cfi_offset 5, -12
  33              		.cfi_offset 6, -8
  34              		.cfi_offset 14, -4
  35              		.loc 1 99 0
  36 0002 0E1C     		mov	r6, r1
  37 0004 151C     		mov	r5, r2
 100:debug.c       ****             int i;
 101:debug.c       ****             file = file;
 102:debug.c       ****             for (i = 0; i < len; i++)
  38              		.loc 1 102 0
  39 0006 0C1C     		mov	r4, r1
  40              	.LVL1:
  41              	.L2:
  42 0008 A31B     		sub	r3, r4, r6
  43              		.loc 1 102 0 is_stmt 0 discriminator 1
  44 000a AB42     		cmp	r3, r5
  45 000c 04DA     		bge	.L5
  46              	.LVL2:
 103:debug.c       ****             {
 104:debug.c       ****                 UART_PutChar(*ptr++);
  47              		.loc 1 104 0 is_stmt 1 discriminator 3
  48 000e 2078     		ldrb	r0, [r4]
  49 0010 FFF7FEFF 		bl	UART_PutChar
  50              	.LVL3:
  51 0014 0134     		add	r4, r4, #1
  52              	.LVL4:
  53 0016 F7E7     		b	.L2
  54              	.L5:
 105:debug.c       ****             }
 106:debug.c       ****             return len;
 107:debug.c       ****         }
  55              		.loc 1 107 0
  56 0018 281C     		mov	r0, r5
  57              		@ sp needed
  58              	.LVL5:
  59              	.LVL6:
  60 001a 70BD     		pop	{r4, r5, r6, pc}
  61              		.cfi_endproc
  62              	.LFE37:
  63              		.size	_write, .-_write
  64              		.section	.text.Set32ByPtr,"ax",%progbits
ARM GAS  C:\Users\Administrator\AppData\Local\Temp\ccD9OwFd.s 			page 4


  65              		.align	1
  66              		.global	Set32ByPtr
  67              		.code	16
  68              		.thumb_func
  69              		.type	Set32ByPtr, %function
  70              	Set32ByPtr:
  71              	.LFB38:
 108:debug.c       **** 
 109:debug.c       ****     #endif  /* (__ARMCC_VERSION) */
 110:debug.c       **** 
 111:debug.c       **** #endif /* (DEBUG_UART_ENABLED == YES) */
 112:debug.c       **** 
 113:debug.c       **** 
 114:debug.c       **** //*************************************************************************************************
 115:debug.c       **** // Function name	: Set32ByPtr
 116:debug.c       **** // Description		: 将32bit的数据转化为4个8bit的数据输出
 117:debug.c       **** // Parameter		: ptr
 118:debug.c       **** //					: value
 119:debug.c       **** // Return			: none
 120:debug.c       **** //-------------------------------------------------------------------------------------------------
 121:debug.c       **** // Info				: 
 122:debug.c       **** //*************************************************************************************************
 123:debug.c       **** void Set32ByPtr(uint8 ptr[], uint32 value)
 124:debug.c       **** {
  72              		.loc 1 124 0
  73              		.cfi_startproc
  74              	.LVL7:
 125:debug.c       ****     ptr[0u] = (uint8) value;
 126:debug.c       ****     ptr[1u] = (uint8) (value >> 8u);
  75              		.loc 1 126 0
  76 0000 0B0A     		lsr	r3, r1, #8
 125:debug.c       ****     ptr[0u] = (uint8) value;
  77              		.loc 1 125 0
  78 0002 0170     		strb	r1, [r0]
  79              		.loc 1 126 0
  80 0004 4370     		strb	r3, [r0, #1]
 127:debug.c       ****     ptr[2u] = (uint8) (value >> 16u);
  81              		.loc 1 127 0
  82 0006 0B0C     		lsr	r3, r1, #16
 128:debug.c       ****     ptr[3u] = (uint8) (value >> 24u);
  83              		.loc 1 128 0
  84 0008 090E     		lsr	r1, r1, #24
  85              	.LVL8:
 127:debug.c       ****     ptr[2u] = (uint8) (value >> 16u);
  86              		.loc 1 127 0
  87 000a 8370     		strb	r3, [r0, #2]
  88              		.loc 1 128 0
  89 000c C170     		strb	r1, [r0, #3]
 129:debug.c       **** }
  90              		.loc 1 129 0
  91              		@ sp needed
  92 000e 7047     		bx	lr
  93              		.cfi_endproc
  94              	.LFE38:
  95              		.size	Set32ByPtr, .-Set32ByPtr
  96              		.section	.text.DBG_SOFT_PrintfHex,"ax",%progbits
  97              		.align	1
ARM GAS  C:\Users\Administrator\AppData\Local\Temp\ccD9OwFd.s 			page 5


  98              		.global	DBG_SOFT_PrintfHex
  99              		.code	16
 100              		.thumb_func
 101              		.type	DBG_SOFT_PrintfHex, %function
 102              	DBG_SOFT_PrintfHex:
 103              	.LFB39:
 130:debug.c       **** 
 131:debug.c       **** //*************************************************************************************************
 132:debug.c       **** // Function name	: DBG_SOFT_PrintfHex
 133:debug.c       **** // Description		: 打印指定长度的16进制数据
 134:debug.c       **** // Parameter		: mem
 135:debug.c       **** //					: size
 136:debug.c       **** // Return			: none
 137:debug.c       **** //-------------------------------------------------------------------------------------------------
 138:debug.c       **** // Info				: 
 139:debug.c       **** //*************************************************************************************************
 140:debug.c       **** void DBG_SOFT_PrintfHex(uint8 *mem, uint16 size)
 141:debug.c       **** {
 104              		.loc 1 141 0
 105              		.cfi_startproc
 106              	.LVL9:
 107 0000 70B5     		push	{r4, r5, r6, lr}
 108              		.cfi_def_cfa_offset 16
 109              		.cfi_offset 4, -16
 110              		.cfi_offset 5, -12
 111              		.cfi_offset 6, -8
 112              		.cfi_offset 14, -4
 113              		.loc 1 141 0
 114 0002 061C     		mov	r6, r0
 142:debug.c       **** 	uint16 i = 0;
 143:debug.c       **** 	mem = mem;
 144:debug.c       **** 	while(i < size) {
 115              		.loc 1 144 0
 116 0004 041C     		mov	r4, r0
 117 0006 4518     		add	r5, r0, r1
 118              	.LVL10:
 119              	.L8:
 120 0008 AC42     		cmp	r4, r5
 121 000a 0CD0     		beq	.L11
 145:debug.c       **** 		DBG_PRINTF("%.2x ", mem[i]);
 122              		.loc 1 145 0
 123 000c 2178     		ldrb	r1, [r4]
 124 000e 0848     		ldr	r0, .L12
 125 0010 FFF7FEFF 		bl	printf
 126              	.LVL11:
 127 0014 A31B     		sub	r3, r4, r6
 128 0016 0133     		add	r3, r3, #1
 146:debug.c       **** 		i++;
 147:debug.c       **** 		if(i % 16 == 0)
 129              		.loc 1 147 0
 130 0018 1B07     		lsl	r3, r3, #28
 131 001a 02D1     		bne	.L9
 148:debug.c       **** 			DBG_PRINTF("\n");
 132              		.loc 1 148 0
 133 001c 0A20     		mov	r0, #10
 134 001e FFF7FEFF 		bl	putchar
 135              	.LVL12:
ARM GAS  C:\Users\Administrator\AppData\Local\Temp\ccD9OwFd.s 			page 6


 136              	.L9:
 137 0022 0134     		add	r4, r4, #1
 138              	.LVL13:
 139 0024 F0E7     		b	.L8
 140              	.LVL14:
 141              	.L11:
 149:debug.c       **** 	}
 150:debug.c       **** 	DBG_PRINTF("\n");
 142              		.loc 1 150 0
 143 0026 0A20     		mov	r0, #10
 144 0028 FFF7FEFF 		bl	putchar
 145              	.LVL15:
 151:debug.c       **** }
 146              		.loc 1 151 0
 147              		@ sp needed
 148              	.LVL16:
 149              	.LVL17:
 150 002c 70BD     		pop	{r4, r5, r6, pc}
 151              	.L13:
 152 002e C046     		.align	2
 153              	.L12:
 154 0030 00000000 		.word	.LC2
 155              		.cfi_endproc
 156              	.LFE39:
 157              		.size	DBG_SOFT_PrintfHex, .-DBG_SOFT_PrintfHex
 158              		.section	.rodata.str1.1,"aMS",%progbits,1
 159              	.LC2:
 160 0000 252E3278 		.ascii	"%.2x \000"
 160      2000
 161              		.text
 162              	.Letext0:
 163              		.file 2 "Generated_Source\\PSoC4/cytypes.h"
 164              		.file 3 "c:\\program files (x86)\\cypress\\psoc creator\\4.0\\psoc creator\\import\\gnu\\arm\\4.9.
 165              		.file 4 "<built-in>"
 166              		.file 5 "Generated_Source\\PSoC4/UART.h"
 167              		.section	.debug_info,"",%progbits
 168              	.Ldebug_info0:
 169 0000 04020000 		.4byte	0x204
 170 0004 0400     		.2byte	0x4
 171 0006 00000000 		.4byte	.Ldebug_abbrev0
 172 000a 04       		.byte	0x4
 173 000b 01       		.uleb128 0x1
 174 000c 00000000 		.4byte	.LASF23
 175 0010 01       		.byte	0x1
 176 0011 FE000000 		.4byte	.LASF24
 177 0015 51010000 		.4byte	.LASF25
 178 0019 00000000 		.4byte	.Ldebug_ranges0+0
 179 001d 00000000 		.4byte	0
 180 0021 00000000 		.4byte	.Ldebug_line0
 181 0025 02       		.uleb128 0x2
 182 0026 01       		.byte	0x1
 183 0027 06       		.byte	0x6
 184 0028 EA010000 		.4byte	.LASF0
 185 002c 02       		.uleb128 0x2
 186 002d 01       		.byte	0x1
 187 002e 08       		.byte	0x8
 188 002f D6000000 		.4byte	.LASF1
ARM GAS  C:\Users\Administrator\AppData\Local\Temp\ccD9OwFd.s 			page 7


 189 0033 02       		.uleb128 0x2
 190 0034 02       		.byte	0x2
 191 0035 05       		.byte	0x5
 192 0036 D1010000 		.4byte	.LASF2
 193 003a 02       		.uleb128 0x2
 194 003b 02       		.byte	0x2
 195 003c 07       		.byte	0x7
 196 003d 94000000 		.4byte	.LASF3
 197 0041 02       		.uleb128 0x2
 198 0042 04       		.byte	0x4
 199 0043 05       		.byte	0x5
 200 0044 E1010000 		.4byte	.LASF4
 201 0048 02       		.uleb128 0x2
 202 0049 04       		.byte	0x4
 203 004a 07       		.byte	0x7
 204 004b E4000000 		.4byte	.LASF5
 205 004f 02       		.uleb128 0x2
 206 0050 08       		.byte	0x8
 207 0051 05       		.byte	0x5
 208 0052 43010000 		.4byte	.LASF6
 209 0056 02       		.uleb128 0x2
 210 0057 08       		.byte	0x8
 211 0058 07       		.byte	0x7
 212 0059 0E020000 		.4byte	.LASF7
 213 005d 03       		.uleb128 0x3
 214 005e 04       		.byte	0x4
 215 005f 05       		.byte	0x5
 216 0060 696E7400 		.ascii	"int\000"
 217 0064 02       		.uleb128 0x2
 218 0065 04       		.byte	0x4
 219 0066 07       		.byte	0x7
 220 0067 1B010000 		.4byte	.LASF8
 221 006b 04       		.uleb128 0x4
 222 006c DB010000 		.4byte	.LASF9
 223 0070 02       		.byte	0x2
 224 0071 9801     		.2byte	0x198
 225 0073 2C000000 		.4byte	0x2c
 226 0077 04       		.uleb128 0x4
 227 0078 0D010000 		.4byte	.LASF10
 228 007c 02       		.byte	0x2
 229 007d 9901     		.2byte	0x199
 230 007f 3A000000 		.4byte	0x3a
 231 0083 04       		.uleb128 0x4
 232 0084 14010000 		.4byte	.LASF11
 233 0088 02       		.byte	0x2
 234 0089 9A01     		.2byte	0x19a
 235 008b 48000000 		.4byte	0x48
 236 008f 02       		.uleb128 0x2
 237 0090 04       		.byte	0x4
 238 0091 04       		.byte	0x4
 239 0092 CB000000 		.4byte	.LASF12
 240 0096 02       		.uleb128 0x2
 241 0097 08       		.byte	0x8
 242 0098 04       		.byte	0x4
 243 0099 06010000 		.4byte	.LASF13
 244 009d 02       		.uleb128 0x2
 245 009e 01       		.byte	0x1
ARM GAS  C:\Users\Administrator\AppData\Local\Temp\ccD9OwFd.s 			page 8


 246 009f 08       		.byte	0x8
 247 00a0 28010000 		.4byte	.LASF14
 248 00a4 02       		.uleb128 0x2
 249 00a5 04       		.byte	0x4
 250 00a6 07       		.byte	0x7
 251 00a7 3A010000 		.4byte	.LASF15
 252 00ab 05       		.uleb128 0x5
 253 00ac 04       		.byte	0x4
 254 00ad 9D000000 		.4byte	0x9d
 255 00b1 05       		.uleb128 0x5
 256 00b2 04       		.byte	0x4
 257 00b3 B7000000 		.4byte	0xb7
 258 00b7 06       		.uleb128 0x6
 259 00b8 9D000000 		.4byte	0x9d
 260 00bc 05       		.uleb128 0x5
 261 00bd 04       		.byte	0x4
 262 00be 6B000000 		.4byte	0x6b
 263 00c2 07       		.uleb128 0x7
 264 00c3 CA010000 		.4byte	.LASF26
 265 00c7 01       		.byte	0x1
 266 00c8 62       		.byte	0x62
 267 00c9 5D000000 		.4byte	0x5d
 268 00cd 00000000 		.4byte	.LFB37
 269 00d1 1C000000 		.4byte	.LFE37-.LFB37
 270 00d5 01       		.uleb128 0x1
 271 00d6 9C       		.byte	0x9c
 272 00d7 1F010000 		.4byte	0x11f
 273 00db 08       		.uleb128 0x8
 274 00dc D1000000 		.4byte	.LASF16
 275 00e0 01       		.byte	0x1
 276 00e1 62       		.byte	0x62
 277 00e2 5D000000 		.4byte	0x5d
 278 00e6 00000000 		.4byte	.LLST0
 279 00ea 09       		.uleb128 0x9
 280 00eb 70747200 		.ascii	"ptr\000"
 281 00ef 01       		.byte	0x1
 282 00f0 62       		.byte	0x62
 283 00f1 AB000000 		.4byte	0xab
 284 00f5 21000000 		.4byte	.LLST1
 285 00f9 09       		.uleb128 0x9
 286 00fa 6C656E00 		.ascii	"len\000"
 287 00fe 01       		.byte	0x1
 288 00ff 62       		.byte	0x62
 289 0100 5D000000 		.4byte	0x5d
 290 0104 57000000 		.4byte	.LLST2
 291 0108 0A       		.uleb128 0xa
 292 0109 6900     		.ascii	"i\000"
 293 010b 01       		.byte	0x1
 294 010c 64       		.byte	0x64
 295 010d 5D000000 		.4byte	0x5d
 296 0111 80000000 		.4byte	.LLST3
 297 0115 0B       		.uleb128 0xb
 298 0116 14000000 		.4byte	.LVL3
 299 011a CB010000 		.4byte	0x1cb
 300 011e 00       		.byte	0
 301 011f 0C       		.uleb128 0xc
 302 0120 B9000000 		.4byte	.LASF18
ARM GAS  C:\Users\Administrator\AppData\Local\Temp\ccD9OwFd.s 			page 9


 303 0124 01       		.byte	0x1
 304 0125 7B       		.byte	0x7b
 305 0126 00000000 		.4byte	.LFB38
 306 012a 10000000 		.4byte	.LFE38-.LFB38
 307 012e 01       		.uleb128 0x1
 308 012f 9C       		.byte	0x9c
 309 0130 51010000 		.4byte	0x151
 310 0134 0D       		.uleb128 0xd
 311 0135 70747200 		.ascii	"ptr\000"
 312 0139 01       		.byte	0x1
 313 013a 7B       		.byte	0x7b
 314 013b BC000000 		.4byte	0xbc
 315 013f 01       		.uleb128 0x1
 316 0140 50       		.byte	0x50
 317 0141 08       		.uleb128 0x8
 318 0142 8E000000 		.4byte	.LASF17
 319 0146 01       		.byte	0x1
 320 0147 7B       		.byte	0x7b
 321 0148 83000000 		.4byte	0x83
 322 014c C6000000 		.4byte	.LLST4
 323 0150 00       		.byte	0
 324 0151 0C       		.uleb128 0xc
 325 0152 F6010000 		.4byte	.LASF19
 326 0156 01       		.byte	0x1
 327 0157 8C       		.byte	0x8c
 328 0158 00000000 		.4byte	.LFB39
 329 015c 34000000 		.4byte	.LFE39-.LFB39
 330 0160 01       		.uleb128 0x1
 331 0161 9C       		.byte	0x9c
 332 0162 CB010000 		.4byte	0x1cb
 333 0166 09       		.uleb128 0x9
 334 0167 6D656D00 		.ascii	"mem\000"
 335 016b 01       		.byte	0x1
 336 016c 8C       		.byte	0x8c
 337 016d BC000000 		.4byte	0xbc
 338 0171 E7000000 		.4byte	.LLST5
 339 0175 08       		.uleb128 0x8
 340 0176 09020000 		.4byte	.LASF20
 341 017a 01       		.byte	0x1
 342 017b 8C       		.byte	0x8c
 343 017c 77000000 		.4byte	0x77
 344 0180 13010000 		.4byte	.LLST6
 345 0184 0A       		.uleb128 0xa
 346 0185 6900     		.ascii	"i\000"
 347 0187 01       		.byte	0x1
 348 0188 8E       		.byte	0x8e
 349 0189 77000000 		.4byte	0x77
 350 018d 34010000 		.4byte	.LLST7
 351 0191 0E       		.uleb128 0xe
 352 0192 14000000 		.4byte	.LVL11
 353 0196 DC010000 		.4byte	0x1dc
 354 019a A8010000 		.4byte	0x1a8
 355 019e 0F       		.uleb128 0xf
 356 019f 01       		.uleb128 0x1
 357 01a0 50       		.byte	0x50
 358 01a1 05       		.uleb128 0x5
 359 01a2 03       		.byte	0x3
ARM GAS  C:\Users\Administrator\AppData\Local\Temp\ccD9OwFd.s 			page 10


 360 01a3 00000000 		.4byte	.LC2
 361 01a7 00       		.byte	0
 362 01a8 0E       		.uleb128 0xe
 363 01a9 22000000 		.4byte	.LVL12
 364 01ad F2010000 		.4byte	0x1f2
 365 01b1 BB010000 		.4byte	0x1bb
 366 01b5 0F       		.uleb128 0xf
 367 01b6 01       		.uleb128 0x1
 368 01b7 50       		.byte	0x50
 369 01b8 01       		.uleb128 0x1
 370 01b9 3A       		.byte	0x3a
 371 01ba 00       		.byte	0
 372 01bb 10       		.uleb128 0x10
 373 01bc 2C000000 		.4byte	.LVL15
 374 01c0 F2010000 		.4byte	0x1f2
 375 01c4 0F       		.uleb128 0xf
 376 01c5 01       		.uleb128 0x1
 377 01c6 50       		.byte	0x50
 378 01c7 01       		.uleb128 0x1
 379 01c8 3A       		.byte	0x3a
 380 01c9 00       		.byte	0
 381 01ca 00       		.byte	0
 382 01cb 11       		.uleb128 0x11
 383 01cc 2D010000 		.4byte	.LASF27
 384 01d0 05       		.byte	0x5
 385 01d1 25       		.byte	0x25
 386 01d2 DC010000 		.4byte	0x1dc
 387 01d6 12       		.uleb128 0x12
 388 01d7 6B000000 		.4byte	0x6b
 389 01db 00       		.byte	0
 390 01dc 13       		.uleb128 0x13
 391 01dd C4000000 		.4byte	.LASF21
 392 01e1 03       		.byte	0x3
 393 01e2 B2       		.byte	0xb2
 394 01e3 5D000000 		.4byte	0x5d
 395 01e7 F2010000 		.4byte	0x1f2
 396 01eb 12       		.uleb128 0x12
 397 01ec B1000000 		.4byte	0xb1
 398 01f0 14       		.uleb128 0x14
 399 01f1 00       		.byte	0
 400 01f2 15       		.uleb128 0x15
 401 01f3 A7000000 		.4byte	.LASF22
 402 01f7 04       		.byte	0x4
 403 01f8 00       		.byte	0
 404 01f9 F6000000 		.4byte	.LASF28
 405 01fd 5D000000 		.4byte	0x5d
 406 0201 12       		.uleb128 0x12
 407 0202 5D000000 		.4byte	0x5d
 408 0206 00       		.byte	0
 409 0207 00       		.byte	0
 410              		.section	.debug_abbrev,"",%progbits
 411              	.Ldebug_abbrev0:
 412 0000 01       		.uleb128 0x1
 413 0001 11       		.uleb128 0x11
 414 0002 01       		.byte	0x1
 415 0003 25       		.uleb128 0x25
 416 0004 0E       		.uleb128 0xe
ARM GAS  C:\Users\Administrator\AppData\Local\Temp\ccD9OwFd.s 			page 11


 417 0005 13       		.uleb128 0x13
 418 0006 0B       		.uleb128 0xb
 419 0007 03       		.uleb128 0x3
 420 0008 0E       		.uleb128 0xe
 421 0009 1B       		.uleb128 0x1b
 422 000a 0E       		.uleb128 0xe
 423 000b 55       		.uleb128 0x55
 424 000c 17       		.uleb128 0x17
 425 000d 11       		.uleb128 0x11
 426 000e 01       		.uleb128 0x1
 427 000f 10       		.uleb128 0x10
 428 0010 17       		.uleb128 0x17
 429 0011 00       		.byte	0
 430 0012 00       		.byte	0
 431 0013 02       		.uleb128 0x2
 432 0014 24       		.uleb128 0x24
 433 0015 00       		.byte	0
 434 0016 0B       		.uleb128 0xb
 435 0017 0B       		.uleb128 0xb
 436 0018 3E       		.uleb128 0x3e
 437 0019 0B       		.uleb128 0xb
 438 001a 03       		.uleb128 0x3
 439 001b 0E       		.uleb128 0xe
 440 001c 00       		.byte	0
 441 001d 00       		.byte	0
 442 001e 03       		.uleb128 0x3
 443 001f 24       		.uleb128 0x24
 444 0020 00       		.byte	0
 445 0021 0B       		.uleb128 0xb
 446 0022 0B       		.uleb128 0xb
 447 0023 3E       		.uleb128 0x3e
 448 0024 0B       		.uleb128 0xb
 449 0025 03       		.uleb128 0x3
 450 0026 08       		.uleb128 0x8
 451 0027 00       		.byte	0
 452 0028 00       		.byte	0
 453 0029 04       		.uleb128 0x4
 454 002a 16       		.uleb128 0x16
 455 002b 00       		.byte	0
 456 002c 03       		.uleb128 0x3
 457 002d 0E       		.uleb128 0xe
 458 002e 3A       		.uleb128 0x3a
 459 002f 0B       		.uleb128 0xb
 460 0030 3B       		.uleb128 0x3b
 461 0031 05       		.uleb128 0x5
 462 0032 49       		.uleb128 0x49
 463 0033 13       		.uleb128 0x13
 464 0034 00       		.byte	0
 465 0035 00       		.byte	0
 466 0036 05       		.uleb128 0x5
 467 0037 0F       		.uleb128 0xf
 468 0038 00       		.byte	0
 469 0039 0B       		.uleb128 0xb
 470 003a 0B       		.uleb128 0xb
 471 003b 49       		.uleb128 0x49
 472 003c 13       		.uleb128 0x13
 473 003d 00       		.byte	0
ARM GAS  C:\Users\Administrator\AppData\Local\Temp\ccD9OwFd.s 			page 12


 474 003e 00       		.byte	0
 475 003f 06       		.uleb128 0x6
 476 0040 26       		.uleb128 0x26
 477 0041 00       		.byte	0
 478 0042 49       		.uleb128 0x49
 479 0043 13       		.uleb128 0x13
 480 0044 00       		.byte	0
 481 0045 00       		.byte	0
 482 0046 07       		.uleb128 0x7
 483 0047 2E       		.uleb128 0x2e
 484 0048 01       		.byte	0x1
 485 0049 3F       		.uleb128 0x3f
 486 004a 19       		.uleb128 0x19
 487 004b 03       		.uleb128 0x3
 488 004c 0E       		.uleb128 0xe
 489 004d 3A       		.uleb128 0x3a
 490 004e 0B       		.uleb128 0xb
 491 004f 3B       		.uleb128 0x3b
 492 0050 0B       		.uleb128 0xb
 493 0051 27       		.uleb128 0x27
 494 0052 19       		.uleb128 0x19
 495 0053 49       		.uleb128 0x49
 496 0054 13       		.uleb128 0x13
 497 0055 11       		.uleb128 0x11
 498 0056 01       		.uleb128 0x1
 499 0057 12       		.uleb128 0x12
 500 0058 06       		.uleb128 0x6
 501 0059 40       		.uleb128 0x40
 502 005a 18       		.uleb128 0x18
 503 005b 9742     		.uleb128 0x2117
 504 005d 19       		.uleb128 0x19
 505 005e 01       		.uleb128 0x1
 506 005f 13       		.uleb128 0x13
 507 0060 00       		.byte	0
 508 0061 00       		.byte	0
 509 0062 08       		.uleb128 0x8
 510 0063 05       		.uleb128 0x5
 511 0064 00       		.byte	0
 512 0065 03       		.uleb128 0x3
 513 0066 0E       		.uleb128 0xe
 514 0067 3A       		.uleb128 0x3a
 515 0068 0B       		.uleb128 0xb
 516 0069 3B       		.uleb128 0x3b
 517 006a 0B       		.uleb128 0xb
 518 006b 49       		.uleb128 0x49
 519 006c 13       		.uleb128 0x13
 520 006d 02       		.uleb128 0x2
 521 006e 17       		.uleb128 0x17
 522 006f 00       		.byte	0
 523 0070 00       		.byte	0
 524 0071 09       		.uleb128 0x9
 525 0072 05       		.uleb128 0x5
 526 0073 00       		.byte	0
 527 0074 03       		.uleb128 0x3
 528 0075 08       		.uleb128 0x8
 529 0076 3A       		.uleb128 0x3a
 530 0077 0B       		.uleb128 0xb
ARM GAS  C:\Users\Administrator\AppData\Local\Temp\ccD9OwFd.s 			page 13


 531 0078 3B       		.uleb128 0x3b
 532 0079 0B       		.uleb128 0xb
 533 007a 49       		.uleb128 0x49
 534 007b 13       		.uleb128 0x13
 535 007c 02       		.uleb128 0x2
 536 007d 17       		.uleb128 0x17
 537 007e 00       		.byte	0
 538 007f 00       		.byte	0
 539 0080 0A       		.uleb128 0xa
 540 0081 34       		.uleb128 0x34
 541 0082 00       		.byte	0
 542 0083 03       		.uleb128 0x3
 543 0084 08       		.uleb128 0x8
 544 0085 3A       		.uleb128 0x3a
 545 0086 0B       		.uleb128 0xb
 546 0087 3B       		.uleb128 0x3b
 547 0088 0B       		.uleb128 0xb
 548 0089 49       		.uleb128 0x49
 549 008a 13       		.uleb128 0x13
 550 008b 02       		.uleb128 0x2
 551 008c 17       		.uleb128 0x17
 552 008d 00       		.byte	0
 553 008e 00       		.byte	0
 554 008f 0B       		.uleb128 0xb
 555 0090 898201   		.uleb128 0x4109
 556 0093 00       		.byte	0
 557 0094 11       		.uleb128 0x11
 558 0095 01       		.uleb128 0x1
 559 0096 31       		.uleb128 0x31
 560 0097 13       		.uleb128 0x13
 561 0098 00       		.byte	0
 562 0099 00       		.byte	0
 563 009a 0C       		.uleb128 0xc
 564 009b 2E       		.uleb128 0x2e
 565 009c 01       		.byte	0x1
 566 009d 3F       		.uleb128 0x3f
 567 009e 19       		.uleb128 0x19
 568 009f 03       		.uleb128 0x3
 569 00a0 0E       		.uleb128 0xe
 570 00a1 3A       		.uleb128 0x3a
 571 00a2 0B       		.uleb128 0xb
 572 00a3 3B       		.uleb128 0x3b
 573 00a4 0B       		.uleb128 0xb
 574 00a5 27       		.uleb128 0x27
 575 00a6 19       		.uleb128 0x19
 576 00a7 11       		.uleb128 0x11
 577 00a8 01       		.uleb128 0x1
 578 00a9 12       		.uleb128 0x12
 579 00aa 06       		.uleb128 0x6
 580 00ab 40       		.uleb128 0x40
 581 00ac 18       		.uleb128 0x18
 582 00ad 9742     		.uleb128 0x2117
 583 00af 19       		.uleb128 0x19
 584 00b0 01       		.uleb128 0x1
 585 00b1 13       		.uleb128 0x13
 586 00b2 00       		.byte	0
 587 00b3 00       		.byte	0
ARM GAS  C:\Users\Administrator\AppData\Local\Temp\ccD9OwFd.s 			page 14


 588 00b4 0D       		.uleb128 0xd
 589 00b5 05       		.uleb128 0x5
 590 00b6 00       		.byte	0
 591 00b7 03       		.uleb128 0x3
 592 00b8 08       		.uleb128 0x8
 593 00b9 3A       		.uleb128 0x3a
 594 00ba 0B       		.uleb128 0xb
 595 00bb 3B       		.uleb128 0x3b
 596 00bc 0B       		.uleb128 0xb
 597 00bd 49       		.uleb128 0x49
 598 00be 13       		.uleb128 0x13
 599 00bf 02       		.uleb128 0x2
 600 00c0 18       		.uleb128 0x18
 601 00c1 00       		.byte	0
 602 00c2 00       		.byte	0
 603 00c3 0E       		.uleb128 0xe
 604 00c4 898201   		.uleb128 0x4109
 605 00c7 01       		.byte	0x1
 606 00c8 11       		.uleb128 0x11
 607 00c9 01       		.uleb128 0x1
 608 00ca 31       		.uleb128 0x31
 609 00cb 13       		.uleb128 0x13
 610 00cc 01       		.uleb128 0x1
 611 00cd 13       		.uleb128 0x13
 612 00ce 00       		.byte	0
 613 00cf 00       		.byte	0
 614 00d0 0F       		.uleb128 0xf
 615 00d1 8A8201   		.uleb128 0x410a
 616 00d4 00       		.byte	0
 617 00d5 02       		.uleb128 0x2
 618 00d6 18       		.uleb128 0x18
 619 00d7 9142     		.uleb128 0x2111
 620 00d9 18       		.uleb128 0x18
 621 00da 00       		.byte	0
 622 00db 00       		.byte	0
 623 00dc 10       		.uleb128 0x10
 624 00dd 898201   		.uleb128 0x4109
 625 00e0 01       		.byte	0x1
 626 00e1 11       		.uleb128 0x11
 627 00e2 01       		.uleb128 0x1
 628 00e3 31       		.uleb128 0x31
 629 00e4 13       		.uleb128 0x13
 630 00e5 00       		.byte	0
 631 00e6 00       		.byte	0
 632 00e7 11       		.uleb128 0x11
 633 00e8 2E       		.uleb128 0x2e
 634 00e9 01       		.byte	0x1
 635 00ea 3F       		.uleb128 0x3f
 636 00eb 19       		.uleb128 0x19
 637 00ec 03       		.uleb128 0x3
 638 00ed 0E       		.uleb128 0xe
 639 00ee 3A       		.uleb128 0x3a
 640 00ef 0B       		.uleb128 0xb
 641 00f0 3B       		.uleb128 0x3b
 642 00f1 0B       		.uleb128 0xb
 643 00f2 27       		.uleb128 0x27
 644 00f3 19       		.uleb128 0x19
ARM GAS  C:\Users\Administrator\AppData\Local\Temp\ccD9OwFd.s 			page 15


 645 00f4 3C       		.uleb128 0x3c
 646 00f5 19       		.uleb128 0x19
 647 00f6 01       		.uleb128 0x1
 648 00f7 13       		.uleb128 0x13
 649 00f8 00       		.byte	0
 650 00f9 00       		.byte	0
 651 00fa 12       		.uleb128 0x12
 652 00fb 05       		.uleb128 0x5
 653 00fc 00       		.byte	0
 654 00fd 49       		.uleb128 0x49
 655 00fe 13       		.uleb128 0x13
 656 00ff 00       		.byte	0
 657 0100 00       		.byte	0
 658 0101 13       		.uleb128 0x13
 659 0102 2E       		.uleb128 0x2e
 660 0103 01       		.byte	0x1
 661 0104 3F       		.uleb128 0x3f
 662 0105 19       		.uleb128 0x19
 663 0106 03       		.uleb128 0x3
 664 0107 0E       		.uleb128 0xe
 665 0108 3A       		.uleb128 0x3a
 666 0109 0B       		.uleb128 0xb
 667 010a 3B       		.uleb128 0x3b
 668 010b 0B       		.uleb128 0xb
 669 010c 27       		.uleb128 0x27
 670 010d 19       		.uleb128 0x19
 671 010e 49       		.uleb128 0x49
 672 010f 13       		.uleb128 0x13
 673 0110 3C       		.uleb128 0x3c
 674 0111 19       		.uleb128 0x19
 675 0112 01       		.uleb128 0x1
 676 0113 13       		.uleb128 0x13
 677 0114 00       		.byte	0
 678 0115 00       		.byte	0
 679 0116 14       		.uleb128 0x14
 680 0117 18       		.uleb128 0x18
 681 0118 00       		.byte	0
 682 0119 00       		.byte	0
 683 011a 00       		.byte	0
 684 011b 15       		.uleb128 0x15
 685 011c 2E       		.uleb128 0x2e
 686 011d 01       		.byte	0x1
 687 011e 3F       		.uleb128 0x3f
 688 011f 19       		.uleb128 0x19
 689 0120 03       		.uleb128 0x3
 690 0121 0E       		.uleb128 0xe
 691 0122 3A       		.uleb128 0x3a
 692 0123 0B       		.uleb128 0xb
 693 0124 3B       		.uleb128 0x3b
 694 0125 0B       		.uleb128 0xb
 695 0126 6E       		.uleb128 0x6e
 696 0127 0E       		.uleb128 0xe
 697 0128 27       		.uleb128 0x27
 698 0129 19       		.uleb128 0x19
 699 012a 49       		.uleb128 0x49
 700 012b 13       		.uleb128 0x13
 701 012c 3C       		.uleb128 0x3c
ARM GAS  C:\Users\Administrator\AppData\Local\Temp\ccD9OwFd.s 			page 16


 702 012d 19       		.uleb128 0x19
 703 012e 00       		.byte	0
 704 012f 00       		.byte	0
 705 0130 00       		.byte	0
 706              		.section	.debug_loc,"",%progbits
 707              	.Ldebug_loc0:
 708              	.LLST0:
 709 0000 00000000 		.4byte	.LVL0
 710 0004 08000000 		.4byte	.LVL1
 711 0008 0100     		.2byte	0x1
 712 000a 50       		.byte	0x50
 713 000b 08000000 		.4byte	.LVL1
 714 000f 1C000000 		.4byte	.LFE37
 715 0013 0400     		.2byte	0x4
 716 0015 F3       		.byte	0xf3
 717 0016 01       		.uleb128 0x1
 718 0017 50       		.byte	0x50
 719 0018 9F       		.byte	0x9f
 720 0019 00000000 		.4byte	0
 721 001d 00000000 		.4byte	0
 722              	.LLST1:
 723 0021 00000000 		.4byte	.LVL0
 724 0025 08000000 		.4byte	.LVL1
 725 0029 0100     		.2byte	0x1
 726 002b 51       		.byte	0x51
 727 002c 08000000 		.4byte	.LVL1
 728 0030 0E000000 		.4byte	.LVL2
 729 0034 0100     		.2byte	0x1
 730 0036 54       		.byte	0x54
 731 0037 0E000000 		.4byte	.LVL2
 732 003b 16000000 		.4byte	.LVL4
 733 003f 0300     		.2byte	0x3
 734 0041 74       		.byte	0x74
 735 0042 01       		.sleb128 1
 736 0043 9F       		.byte	0x9f
 737 0044 16000000 		.4byte	.LVL4
 738 0048 1A000000 		.4byte	.LVL5
 739 004c 0100     		.2byte	0x1
 740 004e 54       		.byte	0x54
 741 004f 00000000 		.4byte	0
 742 0053 00000000 		.4byte	0
 743              	.LLST2:
 744 0057 00000000 		.4byte	.LVL0
 745 005b 08000000 		.4byte	.LVL1
 746 005f 0100     		.2byte	0x1
 747 0061 52       		.byte	0x52
 748 0062 08000000 		.4byte	.LVL1
 749 0066 1A000000 		.4byte	.LVL6
 750 006a 0100     		.2byte	0x1
 751 006c 55       		.byte	0x55
 752 006d 1A000000 		.4byte	.LVL6
 753 0071 1C000000 		.4byte	.LFE37
 754 0075 0100     		.2byte	0x1
 755 0077 50       		.byte	0x50
 756 0078 00000000 		.4byte	0
 757 007c 00000000 		.4byte	0
 758              	.LLST3:
ARM GAS  C:\Users\Administrator\AppData\Local\Temp\ccD9OwFd.s 			page 17


 759 0080 00000000 		.4byte	.LVL0
 760 0084 08000000 		.4byte	.LVL1
 761 0088 0200     		.2byte	0x2
 762 008a 30       		.byte	0x30
 763 008b 9F       		.byte	0x9f
 764 008c 08000000 		.4byte	.LVL1
 765 0090 14000000 		.4byte	.LVL3
 766 0094 0600     		.2byte	0x6
 767 0096 74       		.byte	0x74
 768 0097 00       		.sleb128 0
 769 0098 76       		.byte	0x76
 770 0099 00       		.sleb128 0
 771 009a 1C       		.byte	0x1c
 772 009b 9F       		.byte	0x9f
 773 009c 14000000 		.4byte	.LVL3
 774 00a0 16000000 		.4byte	.LVL4
 775 00a4 0800     		.2byte	0x8
 776 00a6 74       		.byte	0x74
 777 00a7 00       		.sleb128 0
 778 00a8 76       		.byte	0x76
 779 00a9 00       		.sleb128 0
 780 00aa 1C       		.byte	0x1c
 781 00ab 23       		.byte	0x23
 782 00ac 01       		.uleb128 0x1
 783 00ad 9F       		.byte	0x9f
 784 00ae 16000000 		.4byte	.LVL4
 785 00b2 1A000000 		.4byte	.LVL5
 786 00b6 0600     		.2byte	0x6
 787 00b8 74       		.byte	0x74
 788 00b9 00       		.sleb128 0
 789 00ba 76       		.byte	0x76
 790 00bb 00       		.sleb128 0
 791 00bc 1C       		.byte	0x1c
 792 00bd 9F       		.byte	0x9f
 793 00be 00000000 		.4byte	0
 794 00c2 00000000 		.4byte	0
 795              	.LLST4:
 796 00c6 00000000 		.4byte	.LVL7
 797 00ca 0A000000 		.4byte	.LVL8
 798 00ce 0100     		.2byte	0x1
 799 00d0 51       		.byte	0x51
 800 00d1 0A000000 		.4byte	.LVL8
 801 00d5 10000000 		.4byte	.LFE38
 802 00d9 0400     		.2byte	0x4
 803 00db F3       		.byte	0xf3
 804 00dc 01       		.uleb128 0x1
 805 00dd 51       		.byte	0x51
 806 00de 9F       		.byte	0x9f
 807 00df 00000000 		.4byte	0
 808 00e3 00000000 		.4byte	0
 809              	.LLST5:
 810 00e7 00000000 		.4byte	.LVL9
 811 00eb 08000000 		.4byte	.LVL10
 812 00ef 0100     		.2byte	0x1
 813 00f1 50       		.byte	0x50
 814 00f2 08000000 		.4byte	.LVL10
 815 00f6 2C000000 		.4byte	.LVL17
ARM GAS  C:\Users\Administrator\AppData\Local\Temp\ccD9OwFd.s 			page 18


 816 00fa 0100     		.2byte	0x1
 817 00fc 56       		.byte	0x56
 818 00fd 2C000000 		.4byte	.LVL17
 819 0101 34000000 		.4byte	.LFE39
 820 0105 0400     		.2byte	0x4
 821 0107 F3       		.byte	0xf3
 822 0108 01       		.uleb128 0x1
 823 0109 50       		.byte	0x50
 824 010a 9F       		.byte	0x9f
 825 010b 00000000 		.4byte	0
 826 010f 00000000 		.4byte	0
 827              	.LLST6:
 828 0113 00000000 		.4byte	.LVL9
 829 0117 08000000 		.4byte	.LVL10
 830 011b 0100     		.2byte	0x1
 831 011d 51       		.byte	0x51
 832 011e 08000000 		.4byte	.LVL10
 833 0122 34000000 		.4byte	.LFE39
 834 0126 0400     		.2byte	0x4
 835 0128 F3       		.byte	0xf3
 836 0129 01       		.uleb128 0x1
 837 012a 51       		.byte	0x51
 838 012b 9F       		.byte	0x9f
 839 012c 00000000 		.4byte	0
 840 0130 00000000 		.4byte	0
 841              	.LLST7:
 842 0134 00000000 		.4byte	.LVL9
 843 0138 08000000 		.4byte	.LVL10
 844 013c 0200     		.2byte	0x2
 845 013e 30       		.byte	0x30
 846 013f 9F       		.byte	0x9f
 847 0140 08000000 		.4byte	.LVL10
 848 0144 14000000 		.4byte	.LVL11
 849 0148 0600     		.2byte	0x6
 850 014a 74       		.byte	0x74
 851 014b 00       		.sleb128 0
 852 014c 76       		.byte	0x76
 853 014d 00       		.sleb128 0
 854 014e 1C       		.byte	0x1c
 855 014f 9F       		.byte	0x9f
 856 0150 14000000 		.4byte	.LVL11
 857 0154 24000000 		.4byte	.LVL13
 858 0158 0800     		.2byte	0x8
 859 015a 74       		.byte	0x74
 860 015b 00       		.sleb128 0
 861 015c 76       		.byte	0x76
 862 015d 00       		.sleb128 0
 863 015e 1C       		.byte	0x1c
 864 015f 23       		.byte	0x23
 865 0160 01       		.uleb128 0x1
 866 0161 9F       		.byte	0x9f
 867 0162 26000000 		.4byte	.LVL14
 868 0166 2C000000 		.4byte	.LVL16
 869 016a 0600     		.2byte	0x6
 870 016c 74       		.byte	0x74
 871 016d 00       		.sleb128 0
 872 016e 76       		.byte	0x76
ARM GAS  C:\Users\Administrator\AppData\Local\Temp\ccD9OwFd.s 			page 19


 873 016f 00       		.sleb128 0
 874 0170 1C       		.byte	0x1c
 875 0171 9F       		.byte	0x9f
 876 0172 00000000 		.4byte	0
 877 0176 00000000 		.4byte	0
 878              		.section	.debug_aranges,"",%progbits
 879 0000 2C000000 		.4byte	0x2c
 880 0004 0200     		.2byte	0x2
 881 0006 00000000 		.4byte	.Ldebug_info0
 882 000a 04       		.byte	0x4
 883 000b 00       		.byte	0
 884 000c 0000     		.2byte	0
 885 000e 0000     		.2byte	0
 886 0010 00000000 		.4byte	.LFB37
 887 0014 1C000000 		.4byte	.LFE37-.LFB37
 888 0018 00000000 		.4byte	.LFB38
 889 001c 10000000 		.4byte	.LFE38-.LFB38
 890 0020 00000000 		.4byte	.LFB39
 891 0024 34000000 		.4byte	.LFE39-.LFB39
 892 0028 00000000 		.4byte	0
 893 002c 00000000 		.4byte	0
 894              		.section	.debug_ranges,"",%progbits
 895              	.Ldebug_ranges0:
 896 0000 00000000 		.4byte	.LFB37
 897 0004 1C000000 		.4byte	.LFE37
 898 0008 00000000 		.4byte	.LFB38
 899 000c 10000000 		.4byte	.LFE38
 900 0010 00000000 		.4byte	.LFB39
 901 0014 34000000 		.4byte	.LFE39
 902 0018 00000000 		.4byte	0
 903 001c 00000000 		.4byte	0
 904              		.section	.debug_line,"",%progbits
 905              	.Ldebug_line0:
 906 0000 21010000 		.section	.debug_str,"MS",%progbits,1
 906      0200CD00 
 906      00000201 
 906      FB0E0D00 
 906      01010101 
 907              	.LASF23:
 908 0000 474E5520 		.ascii	"GNU C 4.9.3 20150303 (release) [ARM/embedded-4_9-br"
 908      4320342E 
 908      392E3320 
 908      32303135 
 908      30333033 
 909 0033 616E6368 		.ascii	"anch revision 221220] -mcpu=cortex-m0 -mthumb -g -O"
 909      20726576 
 909      6973696F 
 909      6E203232 
 909      31323230 
 910 0066 73202D66 		.ascii	"s -ffunction-sections -ffat-lto-objects\000"
 910      66756E63 
 910      74696F6E 
 910      2D736563 
 910      74696F6E 
 911              	.LASF17:
 912 008e 76616C75 		.ascii	"value\000"
 912      6500
ARM GAS  C:\Users\Administrator\AppData\Local\Temp\ccD9OwFd.s 			page 20


 913              	.LASF3:
 914 0094 73686F72 		.ascii	"short unsigned int\000"
 914      7420756E 
 914      7369676E 
 914      65642069 
 914      6E7400
 915              	.LASF22:
 916 00a7 5F5F6275 		.ascii	"__builtin_putchar\000"
 916      696C7469 
 916      6E5F7075 
 916      74636861 
 916      7200
 917              	.LASF18:
 918 00b9 53657433 		.ascii	"Set32ByPtr\000"
 918      32427950 
 918      747200
 919              	.LASF21:
 920 00c4 7072696E 		.ascii	"printf\000"
 920      746600
 921              	.LASF12:
 922 00cb 666C6F61 		.ascii	"float\000"
 922      7400
 923              	.LASF16:
 924 00d1 66696C65 		.ascii	"file\000"
 924      00
 925              	.LASF1:
 926 00d6 756E7369 		.ascii	"unsigned char\000"
 926      676E6564 
 926      20636861 
 926      7200
 927              	.LASF5:
 928 00e4 6C6F6E67 		.ascii	"long unsigned int\000"
 928      20756E73 
 928      69676E65 
 928      6420696E 
 928      7400
 929              	.LASF28:
 930 00f6 70757463 		.ascii	"putchar\000"
 930      68617200 
 931              	.LASF24:
 932 00fe 64656275 		.ascii	"debug.c\000"
 932      672E6300 
 933              	.LASF13:
 934 0106 646F7562 		.ascii	"double\000"
 934      6C6500
 935              	.LASF10:
 936 010d 75696E74 		.ascii	"uint16\000"
 936      313600
 937              	.LASF11:
 938 0114 75696E74 		.ascii	"uint32\000"
 938      333200
 939              	.LASF8:
 940 011b 756E7369 		.ascii	"unsigned int\000"
 940      676E6564 
 940      20696E74 
 940      00
 941              	.LASF14:
ARM GAS  C:\Users\Administrator\AppData\Local\Temp\ccD9OwFd.s 			page 21


 942 0128 63686172 		.ascii	"char\000"
 942      00
 943              	.LASF27:
 944 012d 55415254 		.ascii	"UART_PutChar\000"
 944      5F507574 
 944      43686172 
 944      00
 945              	.LASF15:
 946 013a 73697A65 		.ascii	"sizetype\000"
 946      74797065 
 946      00
 947              	.LASF6:
 948 0143 6C6F6E67 		.ascii	"long long int\000"
 948      206C6F6E 
 948      6720696E 
 948      7400
 949              	.LASF25:
 950 0151 473A5C50 		.ascii	"G:\\Psoc4_prj\\7.rental_house\\18-03-14\\second_ima"
 950      736F6334 
 950      5F70726A 
 950      5C372E72 
 950      656E7461 
 951 0180 6765735C 		.ascii	"ges\\EntranceGuard_171019-12.50\\BLE_OTA_External_M"
 951      456E7472 
 951      616E6365 
 951      47756172 
 951      645F3137 
 952 01b1 656D6F72 		.ascii	"emory_Bootloader01.cydsn\000"
 952      795F426F 
 952      6F746C6F 
 952      61646572 
 952      30312E63 
 953              	.LASF26:
 954 01ca 5F777269 		.ascii	"_write\000"
 954      746500
 955              	.LASF2:
 956 01d1 73686F72 		.ascii	"short int\000"
 956      7420696E 
 956      7400
 957              	.LASF9:
 958 01db 75696E74 		.ascii	"uint8\000"
 958      3800
 959              	.LASF4:
 960 01e1 6C6F6E67 		.ascii	"long int\000"
 960      20696E74 
 960      00
 961              	.LASF0:
 962 01ea 7369676E 		.ascii	"signed char\000"
 962      65642063 
 962      68617200 
 963              	.LASF19:
 964 01f6 4442475F 		.ascii	"DBG_SOFT_PrintfHex\000"
 964      534F4654 
 964      5F507269 
 964      6E746648 
 964      657800
 965              	.LASF20:
ARM GAS  C:\Users\Administrator\AppData\Local\Temp\ccD9OwFd.s 			page 22


 966 0209 73697A65 		.ascii	"size\000"
 966      00
 967              	.LASF7:
 968 020e 6C6F6E67 		.ascii	"long long unsigned int\000"
 968      206C6F6E 
 968      6720756E 
 968      7369676E 
 968      65642069 
 969              		.ident	"GCC: (GNU Tools for ARM Embedded Processors) 4.9.3 20150303 (release) [ARM/embedded-4_9-br
