ARM GAS  C:\Users\Administrator\AppData\Local\Temp\cclqVYym.s 			page 1


   1              		.cpu cortex-m0
   2              		.fpu softvfp
   3              		.eabi_attribute 20, 1
   4              		.eabi_attribute 21, 1
   5              		.eabi_attribute 23, 3
   6              		.eabi_attribute 24, 1
   7              		.eabi_attribute 25, 1
   8              		.eabi_attribute 26, 1
   9              		.eabi_attribute 30, 4
  10              		.eabi_attribute 34, 0
  11              		.eabi_attribute 18, 4
  12              		.code	16
  13              		.file	"flash_spi.c"
  14              		.text
  15              	.Ltext0:
  16              		.cfi_sections	.debug_frame
  17              		.section	.text.FLASH_SPI_Send_Dat,"ax",%progbits
  18              		.align	1
  19              		.code	16
  20              		.thumb_func
  21              		.type	FLASH_SPI_Send_Dat, %function
  22              	FLASH_SPI_Send_Dat:
  23              	.LFB3:
  24              		.file 1 "Code\\W25Qxx\\flash_spi.c"
   1:Code\W25Qxx/flash_spi.c **** //*************************************************************************************************
   2:Code\W25Qxx/flash_spi.c **** // File name		: flash_spi.c
   3:Code\W25Qxx/flash_spi.c **** // Description		: 模拟flash_spi的相关函数
   4:Code\W25Qxx/flash_spi.c **** // Author			: Keno
   5:Code\W25Qxx/flash_spi.c **** // Date				: 2016.11.14
   6:Code\W25Qxx/flash_spi.c **** // Version			: V02
   7:Code\W25Qxx/flash_spi.c **** //*************************************************************************************************
   8:Code\W25Qxx/flash_spi.c **** #include "flash_spi.h"
   9:Code\W25Qxx/flash_spi.c **** 
  10:Code\W25Qxx/flash_spi.c **** 
  11:Code\W25Qxx/flash_spi.c **** //*************************************************************************************************
  12:Code\W25Qxx/flash_spi.c **** // Function name	: FLASH_FLASH_SPI_Init
  13:Code\W25Qxx/flash_spi.c **** // Description		: FLASH_FLASH_SPI的初始化
  14:Code\W25Qxx/flash_spi.c **** // Parameter		: none
  15:Code\W25Qxx/flash_spi.c **** // Return			: none
  16:Code\W25Qxx/flash_spi.c **** //-------------------------------------------------------------------------------------------------
  17:Code\W25Qxx/flash_spi.c **** // Info				: 
  18:Code\W25Qxx/flash_spi.c **** //*************************************************************************************************
  19:Code\W25Qxx/flash_spi.c **** void FLASH_SPI_Init(void)
  20:Code\W25Qxx/flash_spi.c **** {
  21:Code\W25Qxx/flash_spi.c **** 	FLASH_DISABLE();
  22:Code\W25Qxx/flash_spi.c **** 	FLASH_SCK_RESET();
  23:Code\W25Qxx/flash_spi.c **** 	FLASH_MOSI_RESET();
  24:Code\W25Qxx/flash_spi.c **** }
  25:Code\W25Qxx/flash_spi.c **** 
  26:Code\W25Qxx/flash_spi.c **** //*************************************************************************************************
  27:Code\W25Qxx/flash_spi.c **** // Function name	: FLASH_SPI_Send_Dat
  28:Code\W25Qxx/flash_spi.c **** // Description		: 发送一字节数据
  29:Code\W25Qxx/flash_spi.c **** // Parameter		: none
  30:Code\W25Qxx/flash_spi.c **** // Return			: none
  31:Code\W25Qxx/flash_spi.c **** //-------------------------------------------------------------------------------------------------
  32:Code\W25Qxx/flash_spi.c **** // Info				: 
  33:Code\W25Qxx/flash_spi.c **** //*************************************************************************************************
ARM GAS  C:\Users\Administrator\AppData\Local\Temp\cclqVYym.s 			page 2


  34:Code\W25Qxx/flash_spi.c **** static void FLASH_SPI_Send_Dat(INT8U dat)
  35:Code\W25Qxx/flash_spi.c **** {
  25              		.loc 1 35 0
  26              		.cfi_startproc
  27              	.LVL0:
  28 0000 38B5     		push	{r3, r4, r5, lr}
  29              		.cfi_def_cfa_offset 16
  30              		.cfi_offset 3, -16
  31              		.cfi_offset 4, -12
  32              		.cfi_offset 5, -8
  33              		.cfi_offset 14, -4
  34              		.loc 1 35 0
  35 0002 051C     		mov	r5, r0
  36              	.LVL1:
  37 0004 0824     		mov	r4, #8
  38              	.LVL2:
  39              	.L4:
  36:Code\W25Qxx/flash_spi.c **** 	INT8U i;
  37:Code\W25Qxx/flash_spi.c **** 	for (i = 0; i < 8; i++)
  38:Code\W25Qxx/flash_spi.c **** 	{
  39:Code\W25Qxx/flash_spi.c **** 		FLASH_SCK_RESET();
  40              		.loc 1 39 0
  41 0006 0020     		mov	r0, #0
  42 0008 FFF7FEFF 		bl	FLASH_SCK_Write
  43              	.LVL3:
  40:Code\W25Qxx/flash_spi.c **** 		CyDelayUs(1);
  44              		.loc 1 40 0
  45 000c 0120     		mov	r0, #1
  46 000e FFF7FEFF 		bl	CyDelayUs
  47              	.LVL4:
  41:Code\W25Qxx/flash_spi.c **** 		if (dat & 0x80)
  48              		.loc 1 41 0
  49 0012 6BB2     		sxtb	r3, r5
  42:Code\W25Qxx/flash_spi.c **** 			FLASH_MOSI_SET();
  50              		.loc 1 42 0
  51 0014 0120     		mov	r0, #1
  41:Code\W25Qxx/flash_spi.c **** 		if (dat & 0x80)
  52              		.loc 1 41 0
  53 0016 002B     		cmp	r3, #0
  54 0018 00DB     		blt	.L5
  43:Code\W25Qxx/flash_spi.c **** 		else
  44:Code\W25Qxx/flash_spi.c **** 			FLASH_MOSI_RESET();
  55              		.loc 1 44 0
  56 001a 0020     		mov	r0, #0
  57              	.L5:
  58 001c FFF7FEFF 		bl	FLASH_MOSI_Write
  59              	.LVL5:
  45:Code\W25Qxx/flash_spi.c **** 		CyDelayUs(1);
  60              		.loc 1 45 0
  61 0020 0120     		mov	r0, #1
  62 0022 FFF7FEFF 		bl	CyDelayUs
  63              	.LVL6:
  64 0026 013C     		sub	r4, r4, #1
  65              	.LVL7:
  46:Code\W25Qxx/flash_spi.c **** 		dat <<= 1;
  47:Code\W25Qxx/flash_spi.c **** 		FLASH_SCK_SET();
  66              		.loc 1 47 0
ARM GAS  C:\Users\Administrator\AppData\Local\Temp\cclqVYym.s 			page 3


  67 0028 0120     		mov	r0, #1
  68 002a FFF7FEFF 		bl	FLASH_SCK_Write
  69              	.LVL8:
  46:Code\W25Qxx/flash_spi.c **** 		dat <<= 1;
  70              		.loc 1 46 0
  71 002e 6D00     		lsl	r5, r5, #1
  72              	.LVL9:
  48:Code\W25Qxx/flash_spi.c **** 		CyDelayUs(2);
  73              		.loc 1 48 0
  74 0030 0220     		mov	r0, #2
  75 0032 E4B2     		uxtb	r4, r4
  46:Code\W25Qxx/flash_spi.c **** 		dat <<= 1;
  76              		.loc 1 46 0
  77 0034 EDB2     		uxtb	r5, r5
  78              	.LVL10:
  79              		.loc 1 48 0
  80 0036 FFF7FEFF 		bl	CyDelayUs
  81              	.LVL11:
  37:Code\W25Qxx/flash_spi.c **** 	{
  82              		.loc 1 37 0
  83 003a 002C     		cmp	r4, #0
  84 003c E3D1     		bne	.L4
  49:Code\W25Qxx/flash_spi.c **** 	}
  50:Code\W25Qxx/flash_spi.c **** 	FLASH_SCK_RESET();
  85              		.loc 1 50 0
  86 003e 201C     		mov	r0, r4
  87 0040 FFF7FEFF 		bl	FLASH_SCK_Write
  88              	.LVL12:
  51:Code\W25Qxx/flash_spi.c **** 	CyDelayUs(10);
  89              		.loc 1 51 0
  90 0044 0A20     		mov	r0, #10
  91 0046 FFF7FEFF 		bl	CyDelayUs
  92              	.LVL13:
  52:Code\W25Qxx/flash_spi.c **** }
  93              		.loc 1 52 0
  94              		@ sp needed
  95              	.LVL14:
  96 004a 38BD     		pop	{r3, r4, r5, pc}
  97              		.cfi_endproc
  98              	.LFE3:
  99              		.size	FLASH_SPI_Send_Dat, .-FLASH_SPI_Send_Dat
 100              		.section	.text.FLASH_SPI_Receive_Dat,"ax",%progbits
 101              		.align	1
 102              		.code	16
 103              		.thumb_func
 104              		.type	FLASH_SPI_Receive_Dat, %function
 105              	FLASH_SPI_Receive_Dat:
 106              	.LFB4:
  53:Code\W25Qxx/flash_spi.c **** 
  54:Code\W25Qxx/flash_spi.c **** //*************************************************************************************************
  55:Code\W25Qxx/flash_spi.c **** // Function name	: FLASH_SPI_Receive_Dat
  56:Code\W25Qxx/flash_spi.c **** // Description		: 接收一字节数据
  57:Code\W25Qxx/flash_spi.c **** // Parameter		: none
  58:Code\W25Qxx/flash_spi.c **** // Return			: none
  59:Code\W25Qxx/flash_spi.c **** //-------------------------------------------------------------------------------------------------
  60:Code\W25Qxx/flash_spi.c **** // Info				: 
  61:Code\W25Qxx/flash_spi.c **** //*************************************************************************************************
ARM GAS  C:\Users\Administrator\AppData\Local\Temp\cclqVYym.s 			page 4


  62:Code\W25Qxx/flash_spi.c **** static INT8U FLASH_SPI_Receive_Dat(void)
  63:Code\W25Qxx/flash_spi.c **** {
 107              		.loc 1 63 0
 108              		.cfi_startproc
 109              	.LVL15:
 110 0000 38B5     		push	{r3, r4, r5, lr}
 111              		.cfi_def_cfa_offset 16
 112              		.cfi_offset 3, -16
 113              		.cfi_offset 4, -12
 114              		.cfi_offset 5, -8
 115              		.cfi_offset 14, -4
 116              		.loc 1 63 0
 117 0002 0825     		mov	r5, #8
  64:Code\W25Qxx/flash_spi.c **** 	INT8U i ,dat = 0;
 118              		.loc 1 64 0
 119 0004 0024     		mov	r4, #0
 120              	.LVL16:
 121              	.L9:
  65:Code\W25Qxx/flash_spi.c **** 	for (i = 0; i < 8; i++)
  66:Code\W25Qxx/flash_spi.c **** 	{
  67:Code\W25Qxx/flash_spi.c **** 		FLASH_SCK_RESET();
 122              		.loc 1 67 0
 123 0006 0020     		mov	r0, #0
 124 0008 FFF7FEFF 		bl	FLASH_SCK_Write
 125              	.LVL17:
  68:Code\W25Qxx/flash_spi.c **** 		CyDelayUs(1);
  69:Code\W25Qxx/flash_spi.c **** 		dat <<= 1;
 126              		.loc 1 69 0
 127 000c 6400     		lsl	r4, r4, #1
 128              	.LVL18:
  68:Code\W25Qxx/flash_spi.c **** 		CyDelayUs(1);
 129              		.loc 1 68 0
 130 000e 0120     		mov	r0, #1
 131 0010 FFF7FEFF 		bl	CyDelayUs
 132              	.LVL19:
 133              		.loc 1 69 0
 134 0014 E4B2     		uxtb	r4, r4
 135              	.LVL20:
  70:Code\W25Qxx/flash_spi.c **** 		if(FLASH_MISO_Read())
 136              		.loc 1 70 0
 137 0016 FFF7FEFF 		bl	FLASH_MISO_Read
 138              	.LVL21:
 139 001a 0028     		cmp	r0, #0
 140 001c 01D0     		beq	.L8
  71:Code\W25Qxx/flash_spi.c **** 			dat |= 0x01;
 141              		.loc 1 71 0
 142 001e 0123     		mov	r3, #1
 143 0020 1C43     		orr	r4, r3
 144              	.LVL22:
 145              	.L8:
  72:Code\W25Qxx/flash_spi.c **** 		else
  73:Code\W25Qxx/flash_spi.c **** 			dat &= 0xfe;
  74:Code\W25Qxx/flash_spi.c **** 		CyDelayUs(1);
 146              		.loc 1 74 0 discriminator 2
 147 0022 0120     		mov	r0, #1
 148 0024 FFF7FEFF 		bl	CyDelayUs
 149              	.LVL23:
ARM GAS  C:\Users\Administrator\AppData\Local\Temp\cclqVYym.s 			page 5


 150 0028 013D     		sub	r5, r5, #1
 151              	.LVL24:
  75:Code\W25Qxx/flash_spi.c **** 		FLASH_SCK_SET();
 152              		.loc 1 75 0 discriminator 2
 153 002a 0120     		mov	r0, #1
 154 002c FFF7FEFF 		bl	FLASH_SCK_Write
 155              	.LVL25:
 156 0030 EDB2     		uxtb	r5, r5
  76:Code\W25Qxx/flash_spi.c **** 		CyDelayUs(2);
 157              		.loc 1 76 0 discriminator 2
 158 0032 0220     		mov	r0, #2
 159 0034 FFF7FEFF 		bl	CyDelayUs
 160              	.LVL26:
  65:Code\W25Qxx/flash_spi.c **** 	{
 161              		.loc 1 65 0 discriminator 2
 162 0038 002D     		cmp	r5, #0
 163 003a E4D1     		bne	.L9
  77:Code\W25Qxx/flash_spi.c **** 	}
  78:Code\W25Qxx/flash_spi.c **** 	FLASH_SCK_RESET();
 164              		.loc 1 78 0
 165 003c 281C     		mov	r0, r5
 166 003e FFF7FEFF 		bl	FLASH_SCK_Write
 167              	.LVL27:
  79:Code\W25Qxx/flash_spi.c **** 	CyDelayUs(10);
 168              		.loc 1 79 0
 169 0042 0A20     		mov	r0, #10
 170 0044 FFF7FEFF 		bl	CyDelayUs
 171              	.LVL28:
  80:Code\W25Qxx/flash_spi.c **** 	return dat;
  81:Code\W25Qxx/flash_spi.c **** }
 172              		.loc 1 81 0
 173              		@ sp needed
 174 0048 201C     		mov	r0, r4
 175              	.LVL29:
 176 004a 38BD     		pop	{r3, r4, r5, pc}
 177              		.cfi_endproc
 178              	.LFE4:
 179              		.size	FLASH_SPI_Receive_Dat, .-FLASH_SPI_Receive_Dat
 180              		.section	.text.FLASH_SPI_Init,"ax",%progbits
 181              		.align	1
 182              		.global	FLASH_SPI_Init
 183              		.code	16
 184              		.thumb_func
 185              		.type	FLASH_SPI_Init, %function
 186              	FLASH_SPI_Init:
 187              	.LFB2:
  20:Code\W25Qxx/flash_spi.c **** 	FLASH_DISABLE();
 188              		.loc 1 20 0
 189              		.cfi_startproc
 190 0000 08B5     		push	{r3, lr}
 191              		.cfi_def_cfa_offset 8
 192              		.cfi_offset 3, -8
 193              		.cfi_offset 14, -4
  21:Code\W25Qxx/flash_spi.c **** 	FLASH_SCK_RESET();
 194              		.loc 1 21 0
 195 0002 0120     		mov	r0, #1
 196 0004 FFF7FEFF 		bl	FLASH_NCS_Write
ARM GAS  C:\Users\Administrator\AppData\Local\Temp\cclqVYym.s 			page 6


 197              	.LVL30:
  22:Code\W25Qxx/flash_spi.c **** 	FLASH_MOSI_RESET();
 198              		.loc 1 22 0
 199 0008 0020     		mov	r0, #0
 200 000a FFF7FEFF 		bl	FLASH_SCK_Write
 201              	.LVL31:
  23:Code\W25Qxx/flash_spi.c **** }
 202              		.loc 1 23 0
 203 000e 0020     		mov	r0, #0
 204 0010 FFF7FEFF 		bl	FLASH_MOSI_Write
 205              	.LVL32:
  24:Code\W25Qxx/flash_spi.c **** 
 206              		.loc 1 24 0
 207              		@ sp needed
 208 0014 08BD     		pop	{r3, pc}
 209              		.cfi_endproc
 210              	.LFE2:
 211              		.size	FLASH_SPI_Init, .-FLASH_SPI_Init
 212              		.section	.text.flash_spi_SetReg,"ax",%progbits
 213              		.align	1
 214              		.global	flash_spi_SetReg
 215              		.code	16
 216              		.thumb_func
 217              		.type	flash_spi_SetReg, %function
 218              	flash_spi_SetReg:
 219              	.LFB5:
  82:Code\W25Qxx/flash_spi.c **** 
  83:Code\W25Qxx/flash_spi.c **** //*************************************************************************************************
  84:Code\W25Qxx/flash_spi.c **** // Function name	: flash_spi_SetReg
  85:Code\W25Qxx/flash_spi.c **** // Description		: 设置寄存器
  86:Code\W25Qxx/flash_spi.c **** // Parameter		: ucRegAddr	: 地址
  87:Code\W25Qxx/flash_spi.c **** //					: ucRegVal	: 数据
  88:Code\W25Qxx/flash_spi.c **** // Return			: none
  89:Code\W25Qxx/flash_spi.c **** //-------------------------------------------------------------------------------------------------
  90:Code\W25Qxx/flash_spi.c **** // Info				: 
  91:Code\W25Qxx/flash_spi.c **** //*************************************************************************************************
  92:Code\W25Qxx/flash_spi.c **** uint8_t flash_spi_SetReg(uint8_t ucRegAddr, uint8_t ucRegVal)
  93:Code\W25Qxx/flash_spi.c **** {
 220              		.loc 1 93 0
 221              		.cfi_startproc
 222              	.LVL33:
 223 0000 38B5     		push	{r3, r4, r5, lr}
 224              		.cfi_def_cfa_offset 16
 225              		.cfi_offset 3, -16
 226              		.cfi_offset 4, -12
 227              		.cfi_offset 5, -8
 228              		.cfi_offset 14, -4
 229              		.loc 1 93 0
 230 0002 041C     		mov	r4, r0
 231 0004 0D1C     		mov	r5, r1
  94:Code\W25Qxx/flash_spi.c **** 	FLASH_ENABLE();
 232              		.loc 1 94 0
 233 0006 0020     		mov	r0, #0
 234              	.LVL34:
  95:Code\W25Qxx/flash_spi.c **** 	FLASH_SPI_Send_Dat(ucRegAddr << 1);
 235              		.loc 1 95 0
 236 0008 6400     		lsl	r4, r4, #1
ARM GAS  C:\Users\Administrator\AppData\Local\Temp\cclqVYym.s 			page 7


  94:Code\W25Qxx/flash_spi.c **** 	FLASH_ENABLE();
 237              		.loc 1 94 0
 238 000a FFF7FEFF 		bl	FLASH_NCS_Write
 239              	.LVL35:
 240              		.loc 1 95 0
 241 000e E0B2     		uxtb	r0, r4
 242 0010 FFF7FEFF 		bl	FLASH_SPI_Send_Dat
 243              	.LVL36:
  96:Code\W25Qxx/flash_spi.c **** 	FLASH_SPI_Send_Dat(ucRegVal);
 244              		.loc 1 96 0
 245 0014 281C     		mov	r0, r5
 246 0016 FFF7FEFF 		bl	FLASH_SPI_Send_Dat
 247              	.LVL37:
  97:Code\W25Qxx/flash_spi.c **** 	FLASH_DISABLE();
 248              		.loc 1 97 0
 249 001a 0120     		mov	r0, #1
 250 001c FFF7FEFF 		bl	FLASH_NCS_Write
 251              	.LVL38:
  98:Code\W25Qxx/flash_spi.c ****     return TRUE;
  99:Code\W25Qxx/flash_spi.c **** }
 252              		.loc 1 99 0
 253              		@ sp needed
 254 0020 0120     		mov	r0, #1
 255 0022 38BD     		pop	{r3, r4, r5, pc}
 256              		.cfi_endproc
 257              	.LFE5:
 258              		.size	flash_spi_SetReg, .-flash_spi_SetReg
 259              		.section	.text.flash_spi_GetReg,"ax",%progbits
 260              		.align	1
 261              		.global	flash_spi_GetReg
 262              		.code	16
 263              		.thumb_func
 264              		.type	flash_spi_GetReg, %function
 265              	flash_spi_GetReg:
 266              	.LFB6:
 100:Code\W25Qxx/flash_spi.c **** 
 101:Code\W25Qxx/flash_spi.c **** //*************************************************************************************************
 102:Code\W25Qxx/flash_spi.c **** // Function name	: flash_spi_SetReg
 103:Code\W25Qxx/flash_spi.c **** // Description		: 读取寄存器
 104:Code\W25Qxx/flash_spi.c **** // Parameter		: ucRegAddr	: 地址
 105:Code\W25Qxx/flash_spi.c **** // Return			: none
 106:Code\W25Qxx/flash_spi.c **** //-------------------------------------------------------------------------------------------------
 107:Code\W25Qxx/flash_spi.c **** // Info				: 
 108:Code\W25Qxx/flash_spi.c **** //*************************************************************************************************
 109:Code\W25Qxx/flash_spi.c **** uint8_t flash_spi_GetReg(uint8_t ucRegAddr)
 110:Code\W25Qxx/flash_spi.c **** {
 267              		.loc 1 110 0
 268              		.cfi_startproc
 269              	.LVL39:
 270 0000 10B5     		push	{r4, lr}
 271              		.cfi_def_cfa_offset 8
 272              		.cfi_offset 4, -8
 273              		.cfi_offset 14, -4
 274              		.loc 1 110 0
 275 0002 041C     		mov	r4, r0
 111:Code\W25Qxx/flash_spi.c **** 	uint8_t ucRegVal;
 112:Code\W25Qxx/flash_spi.c **** 	FLASH_ENABLE();
ARM GAS  C:\Users\Administrator\AppData\Local\Temp\cclqVYym.s 			page 8


 276              		.loc 1 112 0
 277 0004 0020     		mov	r0, #0
 278              	.LVL40:
 279 0006 FFF7FEFF 		bl	FLASH_NCS_Write
 280              	.LVL41:
 113:Code\W25Qxx/flash_spi.c **** 	FLASH_SPI_Send_Dat(0x80 | (ucRegAddr << 1));
 281              		.loc 1 113 0
 282 000a 8020     		mov	r0, #128
 283 000c 6400     		lsl	r4, r4, #1
 284 000e 4042     		neg	r0, r0
 285 0010 0443     		orr	r4, r0
 286 0012 E0B2     		uxtb	r0, r4
 287 0014 FFF7FEFF 		bl	FLASH_SPI_Send_Dat
 288              	.LVL42:
 114:Code\W25Qxx/flash_spi.c **** 	//FLASH_SPI_Send_Dat(0x00);
 115:Code\W25Qxx/flash_spi.c **** 	ucRegVal = FLASH_SPI_Receive_Dat();
 289              		.loc 1 115 0
 290 0018 FFF7FEFF 		bl	FLASH_SPI_Receive_Dat
 291              	.LVL43:
 292 001c 041C     		mov	r4, r0
 293              	.LVL44:
 116:Code\W25Qxx/flash_spi.c **** 	FLASH_DISABLE();
 294              		.loc 1 116 0
 295 001e 0120     		mov	r0, #1
 296 0020 FFF7FEFF 		bl	FLASH_NCS_Write
 297              	.LVL45:
 117:Code\W25Qxx/flash_spi.c ****     return ucRegVal;
 118:Code\W25Qxx/flash_spi.c **** }
 298              		.loc 1 118 0
 299              		@ sp needed
 300 0024 201C     		mov	r0, r4
 301              	.LVL46:
 302 0026 10BD     		pop	{r4, pc}
 303              		.cfi_endproc
 304              	.LFE6:
 305              		.size	flash_spi_GetReg, .-flash_spi_GetReg
 306              		.section	.text.flash_spi_GetReg2,"ax",%progbits
 307              		.align	1
 308              		.global	flash_spi_GetReg2
 309              		.code	16
 310              		.thumb_func
 311              		.type	flash_spi_GetReg2, %function
 312              	flash_spi_GetReg2:
 313              	.LFB7:
 119:Code\W25Qxx/flash_spi.c **** 
 120:Code\W25Qxx/flash_spi.c **** //*************************************************************************************************
 121:Code\W25Qxx/flash_spi.c **** // Function name	: flash_spi_SetReg
 122:Code\W25Qxx/flash_spi.c **** // Description		: 读取寄存器
 123:Code\W25Qxx/flash_spi.c **** // Parameter		: ucRegAddr	: 地址
 124:Code\W25Qxx/flash_spi.c **** // Return			: none
 125:Code\W25Qxx/flash_spi.c **** //-------------------------------------------------------------------------------------------------
 126:Code\W25Qxx/flash_spi.c **** // Info				: 
 127:Code\W25Qxx/flash_spi.c **** //*************************************************************************************************
 128:Code\W25Qxx/flash_spi.c **** uint8_t flash_spi_GetReg2(uint8_t ucRegAddr, uint8_t *p)
 129:Code\W25Qxx/flash_spi.c **** {
 314              		.loc 1 129 0
 315              		.cfi_startproc
ARM GAS  C:\Users\Administrator\AppData\Local\Temp\cclqVYym.s 			page 9


 316              	.LVL47:
 317 0000 38B5     		push	{r3, r4, r5, lr}
 318              		.cfi_def_cfa_offset 16
 319              		.cfi_offset 3, -16
 320              		.cfi_offset 4, -12
 321              		.cfi_offset 5, -8
 322              		.cfi_offset 14, -4
 323              		.loc 1 129 0
 324 0002 041C     		mov	r4, r0
 130:Code\W25Qxx/flash_spi.c **** 	FLASH_ENABLE();
 325              		.loc 1 130 0
 326 0004 0020     		mov	r0, #0
 327              	.LVL48:
 129:Code\W25Qxx/flash_spi.c **** 	FLASH_ENABLE();
 328              		.loc 1 129 0
 329 0006 0D1C     		mov	r5, r1
 330              		.loc 1 130 0
 331 0008 FFF7FEFF 		bl	FLASH_NCS_Write
 332              	.LVL49:
 131:Code\W25Qxx/flash_spi.c **** 	FLASH_SPI_Send_Dat(0x80 | (ucRegAddr << 1));
 333              		.loc 1 131 0
 334 000c 8020     		mov	r0, #128
 335 000e 6400     		lsl	r4, r4, #1
 336 0010 4042     		neg	r0, r0
 337 0012 0443     		orr	r4, r0
 338 0014 E0B2     		uxtb	r0, r4
 339 0016 FFF7FEFF 		bl	FLASH_SPI_Send_Dat
 340              	.LVL50:
 132:Code\W25Qxx/flash_spi.c **** 	//FLASH_SPI_Send_Dat(0x00);
 133:Code\W25Qxx/flash_spi.c **** 	*p = FLASH_SPI_Receive_Dat();
 341              		.loc 1 133 0
 342 001a FFF7FEFF 		bl	FLASH_SPI_Receive_Dat
 343              	.LVL51:
 344 001e 2870     		strb	r0, [r5]
 134:Code\W25Qxx/flash_spi.c **** 	FLASH_DISABLE();
 345              		.loc 1 134 0
 346 0020 0120     		mov	r0, #1
 347 0022 FFF7FEFF 		bl	FLASH_NCS_Write
 348              	.LVL52:
 135:Code\W25Qxx/flash_spi.c ****     return TRUE;
 136:Code\W25Qxx/flash_spi.c **** }
 349              		.loc 1 136 0
 350              		@ sp needed
 351 0026 0120     		mov	r0, #1
 352              	.LVL53:
 353 0028 38BD     		pop	{r3, r4, r5, pc}
 354              		.cfi_endproc
 355              	.LFE7:
 356              		.size	flash_spi_GetReg2, .-flash_spi_GetReg2
 357              		.section	.text.FLASH_SPIRead_Sequence,"ax",%progbits
 358              		.align	1
 359              		.global	FLASH_SPIRead_Sequence
 360              		.code	16
 361              		.thumb_func
 362              		.type	FLASH_SPIRead_Sequence, %function
 363              	FLASH_SPIRead_Sequence:
 364              	.LFB8:
ARM GAS  C:\Users\Administrator\AppData\Local\Temp\cclqVYym.s 			page 10


 137:Code\W25Qxx/flash_spi.c **** 
 138:Code\W25Qxx/flash_spi.c **** /**************************************************************************************************
 139:Code\W25Qxx/flash_spi.c **** // Function name	: FLASH_SPIRead_Sequence
 140:Code\W25Qxx/flash_spi.c **** // Description		: FLASH_SPI读FIFO寄存器的值
 141:Code\W25Qxx/flash_spi.c **** // Parameter		: sequence_length 	: 数据长度
 142:Code\W25Qxx/flash_spi.c **** //					: ucRegAddr			: 寄存器地址
 143:Code\W25Qxx/flash_spi.c **** //					: *reg_value		: 数据指针
 144:Code\W25Qxx/flash_spi.c **** // Return			: none
 145:Code\W25Qxx/flash_spi.c **** //-------------------------------------------------------------------------------------------------
 146:Code\W25Qxx/flash_spi.c **** // Info				: 
 147:Code\W25Qxx/flash_spi.c **** ***************************************************************************************************
 148:Code\W25Qxx/flash_spi.c **** void FLASH_SPIRead_Sequence(uint8_t sequence_length, uint8_t ucRegAddr, uint8_t *reg_value)
 149:Code\W25Qxx/flash_spi.c **** {
 365              		.loc 1 149 0
 366              		.cfi_startproc
 367              	.LVL54:
 368 0000 70B5     		push	{r4, r5, r6, lr}
 369              		.cfi_def_cfa_offset 16
 370              		.cfi_offset 4, -16
 371              		.cfi_offset 5, -12
 372              		.cfi_offset 6, -8
 373              		.cfi_offset 14, -4
 150:Code\W25Qxx/flash_spi.c **** 	uint8_t i;
 151:Code\W25Qxx/flash_spi.c **** 	if (sequence_length == 0)
 374              		.loc 1 151 0
 375 0002 0028     		cmp	r0, #0
 376 0004 0AD0     		beq	.L17
 377 0006 141C     		mov	r4, r2
 378 0008 0E1C     		mov	r6, r1
 379 000a 1518     		add	r5, r2, r0
 380              	.LVL55:
 381              	.L19:
 152:Code\W25Qxx/flash_spi.c **** 		return;
 153:Code\W25Qxx/flash_spi.c **** 	for (i = 0; i < sequence_length; i++)
 382              		.loc 1 153 0 discriminator 1
 383 000c AC42     		cmp	r4, r5
 384 000e 05D0     		beq	.L17
 154:Code\W25Qxx/flash_spi.c **** 	{
 155:Code\W25Qxx/flash_spi.c **** 		*(reg_value + i) = flash_spi_GetReg(ucRegAddr);
 385              		.loc 1 155 0 discriminator 3
 386 0010 301C     		mov	r0, r6
 387 0012 FFF7FEFF 		bl	flash_spi_GetReg
 388              	.LVL56:
 389 0016 2070     		strb	r0, [r4]
 390              	.LVL57:
 391 0018 0134     		add	r4, r4, #1
 392              	.LVL58:
 393 001a F7E7     		b	.L19
 394              	.L17:
 156:Code\W25Qxx/flash_spi.c **** 	}
 157:Code\W25Qxx/flash_spi.c **** 	return;
 158:Code\W25Qxx/flash_spi.c **** }
 395              		.loc 1 158 0
 396              		@ sp needed
 397 001c 70BD     		pop	{r4, r5, r6, pc}
 398              		.cfi_endproc
 399              	.LFE8:
ARM GAS  C:\Users\Administrator\AppData\Local\Temp\cclqVYym.s 			page 11


 400              		.size	FLASH_SPIRead_Sequence, .-FLASH_SPIRead_Sequence
 401              		.section	.text.FLASH_SPIWrite_Sequence,"ax",%progbits
 402              		.align	1
 403              		.global	FLASH_SPIWrite_Sequence
 404              		.code	16
 405              		.thumb_func
 406              		.type	FLASH_SPIWrite_Sequence, %function
 407              	FLASH_SPIWrite_Sequence:
 408              	.LFB9:
 159:Code\W25Qxx/flash_spi.c **** 
 160:Code\W25Qxx/flash_spi.c **** /**************************************************************************************************
 161:Code\W25Qxx/flash_spi.c **** // Function name	: FLASH_SPIWrite_Sequence
 162:Code\W25Qxx/flash_spi.c **** // Description		: FLASH_SPI写FIFO的值
 163:Code\W25Qxx/flash_spi.c **** // Parameter		: sequence_length 数据长度 
 164:Code\W25Qxx/flash_spi.c **** //					: ucRegAddr：寄存器地址  
 165:Code\W25Qxx/flash_spi.c **** //					: *reg_value 数据指针
 166:Code\W25Qxx/flash_spi.c **** // Return			: none
 167:Code\W25Qxx/flash_spi.c **** //-------------------------------------------------------------------------------------------------
 168:Code\W25Qxx/flash_spi.c **** // Info				: 
 169:Code\W25Qxx/flash_spi.c **** ***************************************************************************************************
 170:Code\W25Qxx/flash_spi.c **** void FLASH_SPIWrite_Sequence(uint8_t sequence_length, uint8_t ucRegAddr, uint8_t *reg_value)
 171:Code\W25Qxx/flash_spi.c **** {
 409              		.loc 1 171 0
 410              		.cfi_startproc
 411              	.LVL59:
 412 0000 70B5     		push	{r4, r5, r6, lr}
 413              		.cfi_def_cfa_offset 16
 414              		.cfi_offset 4, -16
 415              		.cfi_offset 5, -12
 416              		.cfi_offset 6, -8
 417              		.cfi_offset 14, -4
 172:Code\W25Qxx/flash_spi.c **** 	uint8_t i;
 173:Code\W25Qxx/flash_spi.c **** 	if (sequence_length == 0)
 418              		.loc 1 173 0
 419 0002 0028     		cmp	r0, #0
 420 0004 0AD0     		beq	.L24
 421 0006 141C     		mov	r4, r2
 422 0008 0E1C     		mov	r6, r1
 423 000a 1518     		add	r5, r2, r0
 424              	.LVL60:
 425              	.L26:
 174:Code\W25Qxx/flash_spi.c **** 		return;
 175:Code\W25Qxx/flash_spi.c **** 	for (i = 0; i < sequence_length; i++)
 426              		.loc 1 175 0 discriminator 1
 427 000c AC42     		cmp	r4, r5
 428 000e 05D0     		beq	.L24
 176:Code\W25Qxx/flash_spi.c **** 	{
 177:Code\W25Qxx/flash_spi.c **** 		flash_spi_SetReg(ucRegAddr, *(reg_value + i));
 429              		.loc 1 177 0 discriminator 3
 430 0010 2178     		ldrb	r1, [r4]
 431 0012 301C     		mov	r0, r6
 432 0014 FFF7FEFF 		bl	flash_spi_SetReg
 433              	.LVL61:
 434 0018 0134     		add	r4, r4, #1
 435              	.LVL62:
 436 001a F7E7     		b	.L26
 437              	.L24:
ARM GAS  C:\Users\Administrator\AppData\Local\Temp\cclqVYym.s 			page 12


 178:Code\W25Qxx/flash_spi.c **** 	}
 179:Code\W25Qxx/flash_spi.c **** 	return;
 180:Code\W25Qxx/flash_spi.c **** }
 438              		.loc 1 180 0
 439              		@ sp needed
 440 001c 70BD     		pop	{r4, r5, r6, pc}
 441              		.cfi_endproc
 442              	.LFE9:
 443              		.size	FLASH_SPIWrite_Sequence, .-FLASH_SPIWrite_Sequence
 444              		.section	.text.FLASH_ReadWriteByte,"ax",%progbits
 445              		.align	1
 446              		.global	FLASH_ReadWriteByte
 447              		.code	16
 448              		.thumb_func
 449              		.type	FLASH_ReadWriteByte, %function
 450              	FLASH_ReadWriteByte:
 451              	.LFB10:
 181:Code\W25Qxx/flash_spi.c **** 
 182:Code\W25Qxx/flash_spi.c **** /**************************************************************************************************
 183:Code\W25Qxx/flash_spi.c **** // Function name	: FLASH_FLASH_ReadWriteByte
 184:Code\W25Qxx/flash_spi.c **** // Description		: w25qxx 命令值
 185:Code\W25Qxx/flash_spi.c **** // Parameter		: uint8_t txdata 
 186:Code\W25Qxx/flash_spi.c **** //					:   
 187:Code\W25Qxx/flash_spi.c **** //					: 
 188:Code\W25Qxx/flash_spi.c **** // Return			: uint8_t
 189:Code\W25Qxx/flash_spi.c **** //-------------------------------------------------------------------------------------------------
 190:Code\W25Qxx/flash_spi.c **** // Info				: 
 191:Code\W25Qxx/flash_spi.c **** ***************************************************************************************************
 192:Code\W25Qxx/flash_spi.c **** uint8_t FLASH_ReadWriteByte(uint8_t txdata)
 193:Code\W25Qxx/flash_spi.c **** {
 452              		.loc 1 193 0
 453              		.cfi_startproc
 454              	.LVL63:
 455 0000 08B5     		push	{r3, lr}
 456              		.cfi_def_cfa_offset 8
 457              		.cfi_offset 3, -8
 458              		.cfi_offset 14, -4
 194:Code\W25Qxx/flash_spi.c **** 	if (txdata == 0xff)
 459              		.loc 1 194 0
 460 0002 FF28     		cmp	r0, #255
 461 0004 02D1     		bne	.L32
 195:Code\W25Qxx/flash_spi.c **** 	{
 196:Code\W25Qxx/flash_spi.c **** 		return FLASH_SPI_Receive_Dat();
 462              		.loc 1 196 0
 463 0006 FFF7FEFF 		bl	FLASH_SPI_Receive_Dat
 464              	.LVL64:
 465 000a 02E0     		b	.L33
 466              	.LVL65:
 467              	.L32:
 197:Code\W25Qxx/flash_spi.c **** 	}
 198:Code\W25Qxx/flash_spi.c **** 	else
 199:Code\W25Qxx/flash_spi.c **** 	{
 200:Code\W25Qxx/flash_spi.c **** 		FLASH_SPI_Send_Dat(txdata);
 468              		.loc 1 200 0
 469 000c FFF7FEFF 		bl	FLASH_SPI_Send_Dat
 470              	.LVL66:
 201:Code\W25Qxx/flash_spi.c **** 		return 0;
ARM GAS  C:\Users\Administrator\AppData\Local\Temp\cclqVYym.s 			page 13


 471              		.loc 1 201 0
 472 0010 0020     		mov	r0, #0
 473              	.L33:
 202:Code\W25Qxx/flash_spi.c **** 	}
 203:Code\W25Qxx/flash_spi.c **** }
 474              		.loc 1 203 0
 475              		@ sp needed
 476 0012 08BD     		pop	{r3, pc}
 477              		.cfi_endproc
 478              	.LFE10:
 479              		.size	FLASH_ReadWriteByte, .-FLASH_ReadWriteByte
 480              		.text
 481              	.Letext0:
 482              		.file 2 "c:\\program files (x86)\\cypress\\psoc creator\\4.0\\psoc creator\\import\\gnu\\arm\\4.9.
 483              		.file 3 "c:\\program files (x86)\\cypress\\psoc creator\\4.0\\psoc creator\\import\\gnu\\arm\\4.9.
 484              		.file 4 "Generated_Source\\PSoC4/cytypes.h"
 485              		.file 5 "./config.h"
 486              		.file 6 "Generated_Source\\PSoC4/FLASH_SCK.h"
 487              		.file 7 "Generated_Source\\PSoC4/CyLib.h"
 488              		.file 8 "Generated_Source\\PSoC4/FLASH_MOSI.h"
 489              		.file 9 "Generated_Source\\PSoC4/FLASH_MISO.h"
 490              		.file 10 "Generated_Source\\PSoC4/FLASH_NCS.h"
 491              		.section	.debug_info,"",%progbits
 492              	.Ldebug_info0:
 493 0000 40050000 		.4byte	0x540
 494 0004 0400     		.2byte	0x4
 495 0006 00000000 		.4byte	.Ldebug_abbrev0
 496 000a 04       		.byte	0x4
 497 000b 01       		.uleb128 0x1
 498 000c 0F000000 		.4byte	.LASF33
 499 0010 01       		.byte	0x1
 500 0011 E6020000 		.4byte	.LASF34
 501 0015 A6010000 		.4byte	.LASF35
 502 0019 00000000 		.4byte	.Ldebug_ranges0+0
 503 001d 00000000 		.4byte	0
 504 0021 00000000 		.4byte	.Ldebug_line0
 505 0025 02       		.uleb128 0x2
 506 0026 01       		.byte	0x1
 507 0027 06       		.byte	0x6
 508 0028 FE020000 		.4byte	.LASF0
 509 002c 03       		.uleb128 0x3
 510 002d 05000000 		.4byte	.LASF9
 511 0031 02       		.byte	0x2
 512 0032 1D       		.byte	0x1d
 513 0033 37000000 		.4byte	0x37
 514 0037 02       		.uleb128 0x2
 515 0038 01       		.byte	0x1
 516 0039 08       		.byte	0x8
 517 003a 1E010000 		.4byte	.LASF1
 518 003e 02       		.uleb128 0x2
 519 003f 02       		.byte	0x2
 520 0040 05       		.byte	0x5
 521 0041 AB020000 		.4byte	.LASF2
 522 0045 02       		.uleb128 0x2
 523 0046 02       		.byte	0x2
 524 0047 07       		.byte	0x7
 525 0048 B1000000 		.4byte	.LASF3
ARM GAS  C:\Users\Administrator\AppData\Local\Temp\cclqVYym.s 			page 14


 526 004c 02       		.uleb128 0x2
 527 004d 04       		.byte	0x4
 528 004e 05       		.byte	0x5
 529 004f DD020000 		.4byte	.LASF4
 530 0053 02       		.uleb128 0x2
 531 0054 04       		.byte	0x4
 532 0055 07       		.byte	0x7
 533 0056 2C010000 		.4byte	.LASF5
 534 005a 02       		.uleb128 0x2
 535 005b 08       		.byte	0x8
 536 005c 05       		.byte	0x5
 537 005d 79020000 		.4byte	.LASF6
 538 0061 02       		.uleb128 0x2
 539 0062 08       		.byte	0x8
 540 0063 07       		.byte	0x7
 541 0064 41020000 		.4byte	.LASF7
 542 0068 04       		.uleb128 0x4
 543 0069 04       		.byte	0x4
 544 006a 05       		.byte	0x5
 545 006b 696E7400 		.ascii	"int\000"
 546 006f 02       		.uleb128 0x2
 547 0070 04       		.byte	0x4
 548 0071 07       		.byte	0x7
 549 0072 2E020000 		.4byte	.LASF8
 550 0076 03       		.uleb128 0x3
 551 0077 58020000 		.4byte	.LASF10
 552 007b 03       		.byte	0x3
 553 007c 15       		.byte	0x15
 554 007d 2C000000 		.4byte	0x2c
 555 0081 05       		.uleb128 0x5
 556 0082 3E010000 		.4byte	.LASF11
 557 0086 04       		.byte	0x4
 558 0087 9801     		.2byte	0x198
 559 0089 37000000 		.4byte	0x37
 560 008d 05       		.uleb128 0x5
 561 008e 9F010000 		.4byte	.LASF12
 562 0092 04       		.byte	0x4
 563 0093 9901     		.2byte	0x199
 564 0095 45000000 		.4byte	0x45
 565 0099 02       		.uleb128 0x2
 566 009a 04       		.byte	0x4
 567 009b 04       		.byte	0x4
 568 009c 02010000 		.4byte	.LASF13
 569 00a0 02       		.uleb128 0x2
 570 00a1 08       		.byte	0x8
 571 00a2 04       		.byte	0x4
 572 00a3 78010000 		.4byte	.LASF14
 573 00a7 02       		.uleb128 0x2
 574 00a8 01       		.byte	0x1
 575 00a9 08       		.byte	0x8
 576 00aa 00000000 		.4byte	.LASF15
 577 00ae 02       		.uleb128 0x2
 578 00af 04       		.byte	0x4
 579 00b0 07       		.byte	0x7
 580 00b1 60020000 		.4byte	.LASF16
 581 00b5 03       		.uleb128 0x3
 582 00b6 3B020000 		.4byte	.LASF17
ARM GAS  C:\Users\Administrator\AppData\Local\Temp\cclqVYym.s 			page 15


 583 00ba 05       		.byte	0x5
 584 00bb 13       		.byte	0x13
 585 00bc 37000000 		.4byte	0x37
 586 00c0 06       		.uleb128 0x6
 587 00c1 54010000 		.4byte	.LASF36
 588 00c5 01       		.byte	0x1
 589 00c6 22       		.byte	0x22
 590 00c7 00000000 		.4byte	.LFB3
 591 00cb 4C000000 		.4byte	.LFE3-.LFB3
 592 00cf 01       		.uleb128 0x1
 593 00d0 9C       		.byte	0x9c
 594 00d1 7D010000 		.4byte	0x17d
 595 00d5 07       		.uleb128 0x7
 596 00d6 64617400 		.ascii	"dat\000"
 597 00da 01       		.byte	0x1
 598 00db 22       		.byte	0x22
 599 00dc B5000000 		.4byte	0xb5
 600 00e0 00000000 		.4byte	.LLST0
 601 00e4 08       		.uleb128 0x8
 602 00e5 6900     		.ascii	"i\000"
 603 00e7 01       		.byte	0x1
 604 00e8 24       		.byte	0x24
 605 00e9 B5000000 		.4byte	0xb5
 606 00ed 29000000 		.4byte	.LLST1
 607 00f1 09       		.uleb128 0x9
 608 00f2 0C000000 		.4byte	.LVL3
 609 00f6 F8040000 		.4byte	0x4f8
 610 00fa 04010000 		.4byte	0x104
 611 00fe 0A       		.uleb128 0xa
 612 00ff 01       		.uleb128 0x1
 613 0100 50       		.byte	0x50
 614 0101 01       		.uleb128 0x1
 615 0102 30       		.byte	0x30
 616 0103 00       		.byte	0
 617 0104 09       		.uleb128 0x9
 618 0105 12000000 		.4byte	.LVL4
 619 0109 09050000 		.4byte	0x509
 620 010d 17010000 		.4byte	0x117
 621 0111 0A       		.uleb128 0xa
 622 0112 01       		.uleb128 0x1
 623 0113 50       		.byte	0x50
 624 0114 01       		.uleb128 0x1
 625 0115 31       		.byte	0x31
 626 0116 00       		.byte	0
 627 0117 0B       		.uleb128 0xb
 628 0118 20000000 		.4byte	.LVL5
 629 011c 1A050000 		.4byte	0x51a
 630 0120 09       		.uleb128 0x9
 631 0121 26000000 		.4byte	.LVL6
 632 0125 09050000 		.4byte	0x509
 633 0129 33010000 		.4byte	0x133
 634 012d 0A       		.uleb128 0xa
 635 012e 01       		.uleb128 0x1
 636 012f 50       		.byte	0x50
 637 0130 01       		.uleb128 0x1
 638 0131 31       		.byte	0x31
 639 0132 00       		.byte	0
ARM GAS  C:\Users\Administrator\AppData\Local\Temp\cclqVYym.s 			page 16


 640 0133 09       		.uleb128 0x9
 641 0134 2E000000 		.4byte	.LVL8
 642 0138 F8040000 		.4byte	0x4f8
 643 013c 46010000 		.4byte	0x146
 644 0140 0A       		.uleb128 0xa
 645 0141 01       		.uleb128 0x1
 646 0142 50       		.byte	0x50
 647 0143 01       		.uleb128 0x1
 648 0144 31       		.byte	0x31
 649 0145 00       		.byte	0
 650 0146 09       		.uleb128 0x9
 651 0147 3A000000 		.4byte	.LVL11
 652 014b 09050000 		.4byte	0x509
 653 014f 59010000 		.4byte	0x159
 654 0153 0A       		.uleb128 0xa
 655 0154 01       		.uleb128 0x1
 656 0155 50       		.byte	0x50
 657 0156 01       		.uleb128 0x1
 658 0157 32       		.byte	0x32
 659 0158 00       		.byte	0
 660 0159 09       		.uleb128 0x9
 661 015a 44000000 		.4byte	.LVL12
 662 015e F8040000 		.4byte	0x4f8
 663 0162 6D010000 		.4byte	0x16d
 664 0166 0A       		.uleb128 0xa
 665 0167 01       		.uleb128 0x1
 666 0168 50       		.byte	0x50
 667 0169 02       		.uleb128 0x2
 668 016a 74       		.byte	0x74
 669 016b 00       		.sleb128 0
 670 016c 00       		.byte	0
 671 016d 0C       		.uleb128 0xc
 672 016e 4A000000 		.4byte	.LVL13
 673 0172 09050000 		.4byte	0x509
 674 0176 0A       		.uleb128 0xa
 675 0177 01       		.uleb128 0x1
 676 0178 50       		.byte	0x50
 677 0179 01       		.uleb128 0x1
 678 017a 3A       		.byte	0x3a
 679 017b 00       		.byte	0
 680 017c 00       		.byte	0
 681 017d 0D       		.uleb128 0xd
 682 017e 08010000 		.4byte	.LASF37
 683 0182 01       		.byte	0x1
 684 0183 3E       		.byte	0x3e
 685 0184 B5000000 		.4byte	0xb5
 686 0188 00000000 		.4byte	.LFB4
 687 018c 4C000000 		.4byte	.LFE4-.LFB4
 688 0190 01       		.uleb128 0x1
 689 0191 9C       		.byte	0x9c
 690 0192 3E020000 		.4byte	0x23e
 691 0196 08       		.uleb128 0x8
 692 0197 6900     		.ascii	"i\000"
 693 0199 01       		.byte	0x1
 694 019a 40       		.byte	0x40
 695 019b B5000000 		.4byte	0xb5
 696 019f 4C000000 		.4byte	.LLST2
ARM GAS  C:\Users\Administrator\AppData\Local\Temp\cclqVYym.s 			page 17


 697 01a3 08       		.uleb128 0x8
 698 01a4 64617400 		.ascii	"dat\000"
 699 01a8 01       		.byte	0x1
 700 01a9 40       		.byte	0x40
 701 01aa B5000000 		.4byte	0xb5
 702 01ae 6F000000 		.4byte	.LLST3
 703 01b2 09       		.uleb128 0x9
 704 01b3 0C000000 		.4byte	.LVL17
 705 01b7 F8040000 		.4byte	0x4f8
 706 01bb C5010000 		.4byte	0x1c5
 707 01bf 0A       		.uleb128 0xa
 708 01c0 01       		.uleb128 0x1
 709 01c1 50       		.byte	0x50
 710 01c2 01       		.uleb128 0x1
 711 01c3 30       		.byte	0x30
 712 01c4 00       		.byte	0
 713 01c5 09       		.uleb128 0x9
 714 01c6 14000000 		.4byte	.LVL19
 715 01ca 09050000 		.4byte	0x509
 716 01ce D8010000 		.4byte	0x1d8
 717 01d2 0A       		.uleb128 0xa
 718 01d3 01       		.uleb128 0x1
 719 01d4 50       		.byte	0x50
 720 01d5 01       		.uleb128 0x1
 721 01d6 31       		.byte	0x31
 722 01d7 00       		.byte	0
 723 01d8 0B       		.uleb128 0xb
 724 01d9 1A000000 		.4byte	.LVL21
 725 01dd 2B050000 		.4byte	0x52b
 726 01e1 09       		.uleb128 0x9
 727 01e2 28000000 		.4byte	.LVL23
 728 01e6 09050000 		.4byte	0x509
 729 01ea F4010000 		.4byte	0x1f4
 730 01ee 0A       		.uleb128 0xa
 731 01ef 01       		.uleb128 0x1
 732 01f0 50       		.byte	0x50
 733 01f1 01       		.uleb128 0x1
 734 01f2 31       		.byte	0x31
 735 01f3 00       		.byte	0
 736 01f4 09       		.uleb128 0x9
 737 01f5 30000000 		.4byte	.LVL25
 738 01f9 F8040000 		.4byte	0x4f8
 739 01fd 07020000 		.4byte	0x207
 740 0201 0A       		.uleb128 0xa
 741 0202 01       		.uleb128 0x1
 742 0203 50       		.byte	0x50
 743 0204 01       		.uleb128 0x1
 744 0205 31       		.byte	0x31
 745 0206 00       		.byte	0
 746 0207 09       		.uleb128 0x9
 747 0208 38000000 		.4byte	.LVL26
 748 020c 09050000 		.4byte	0x509
 749 0210 1A020000 		.4byte	0x21a
 750 0214 0A       		.uleb128 0xa
 751 0215 01       		.uleb128 0x1
 752 0216 50       		.byte	0x50
 753 0217 01       		.uleb128 0x1
ARM GAS  C:\Users\Administrator\AppData\Local\Temp\cclqVYym.s 			page 18


 754 0218 32       		.byte	0x32
 755 0219 00       		.byte	0
 756 021a 09       		.uleb128 0x9
 757 021b 42000000 		.4byte	.LVL27
 758 021f F8040000 		.4byte	0x4f8
 759 0223 2E020000 		.4byte	0x22e
 760 0227 0A       		.uleb128 0xa
 761 0228 01       		.uleb128 0x1
 762 0229 50       		.byte	0x50
 763 022a 02       		.uleb128 0x2
 764 022b 75       		.byte	0x75
 765 022c 00       		.sleb128 0
 766 022d 00       		.byte	0
 767 022e 0C       		.uleb128 0xc
 768 022f 48000000 		.4byte	.LVL28
 769 0233 09050000 		.4byte	0x509
 770 0237 0A       		.uleb128 0xa
 771 0238 01       		.uleb128 0x1
 772 0239 50       		.byte	0x50
 773 023a 01       		.uleb128 0x1
 774 023b 3A       		.byte	0x3a
 775 023c 00       		.byte	0
 776 023d 00       		.byte	0
 777 023e 0E       		.uleb128 0xe
 778 023f 1F020000 		.4byte	.LASF23
 779 0243 01       		.byte	0x1
 780 0244 13       		.byte	0x13
 781 0245 00000000 		.4byte	.LFB2
 782 0249 16000000 		.4byte	.LFE2-.LFB2
 783 024d 01       		.uleb128 0x1
 784 024e 9C       		.byte	0x9c
 785 024f 89020000 		.4byte	0x289
 786 0253 09       		.uleb128 0x9
 787 0254 08000000 		.4byte	.LVL30
 788 0258 36050000 		.4byte	0x536
 789 025c 66020000 		.4byte	0x266
 790 0260 0A       		.uleb128 0xa
 791 0261 01       		.uleb128 0x1
 792 0262 50       		.byte	0x50
 793 0263 01       		.uleb128 0x1
 794 0264 31       		.byte	0x31
 795 0265 00       		.byte	0
 796 0266 09       		.uleb128 0x9
 797 0267 0E000000 		.4byte	.LVL31
 798 026b F8040000 		.4byte	0x4f8
 799 026f 79020000 		.4byte	0x279
 800 0273 0A       		.uleb128 0xa
 801 0274 01       		.uleb128 0x1
 802 0275 50       		.byte	0x50
 803 0276 01       		.uleb128 0x1
 804 0277 30       		.byte	0x30
 805 0278 00       		.byte	0
 806 0279 0C       		.uleb128 0xc
 807 027a 14000000 		.4byte	.LVL32
 808 027e 1A050000 		.4byte	0x51a
 809 0282 0A       		.uleb128 0xa
 810 0283 01       		.uleb128 0x1
ARM GAS  C:\Users\Administrator\AppData\Local\Temp\cclqVYym.s 			page 19


 811 0284 50       		.byte	0x50
 812 0285 01       		.uleb128 0x1
 813 0286 30       		.byte	0x30
 814 0287 00       		.byte	0
 815 0288 00       		.byte	0
 816 0289 0F       		.uleb128 0xf
 817 028a C4000000 		.4byte	.LASF20
 818 028e 01       		.byte	0x1
 819 028f 5C       		.byte	0x5c
 820 0290 76000000 		.4byte	0x76
 821 0294 00000000 		.4byte	.LFB5
 822 0298 24000000 		.4byte	.LFE5-.LFB5
 823 029c 01       		.uleb128 0x1
 824 029d 9C       		.byte	0x9c
 825 029e 0B030000 		.4byte	0x30b
 826 02a2 10       		.uleb128 0x10
 827 02a3 A1020000 		.4byte	.LASF18
 828 02a7 01       		.byte	0x1
 829 02a8 5C       		.byte	0x5c
 830 02a9 76000000 		.4byte	0x76
 831 02ad 99000000 		.4byte	.LLST4
 832 02b1 10       		.uleb128 0x10
 833 02b2 96010000 		.4byte	.LASF19
 834 02b6 01       		.byte	0x1
 835 02b7 5C       		.byte	0x5c
 836 02b8 76000000 		.4byte	0x76
 837 02bc BA000000 		.4byte	.LLST5
 838 02c0 09       		.uleb128 0x9
 839 02c1 0E000000 		.4byte	.LVL35
 840 02c5 36050000 		.4byte	0x536
 841 02c9 D3020000 		.4byte	0x2d3
 842 02cd 0A       		.uleb128 0xa
 843 02ce 01       		.uleb128 0x1
 844 02cf 50       		.byte	0x50
 845 02d0 01       		.uleb128 0x1
 846 02d1 30       		.byte	0x30
 847 02d2 00       		.byte	0
 848 02d3 09       		.uleb128 0x9
 849 02d4 14000000 		.4byte	.LVL36
 850 02d8 C0000000 		.4byte	0xc0
 851 02dc E7020000 		.4byte	0x2e7
 852 02e0 0A       		.uleb128 0xa
 853 02e1 01       		.uleb128 0x1
 854 02e2 50       		.byte	0x50
 855 02e3 02       		.uleb128 0x2
 856 02e4 74       		.byte	0x74
 857 02e5 00       		.sleb128 0
 858 02e6 00       		.byte	0
 859 02e7 09       		.uleb128 0x9
 860 02e8 1A000000 		.4byte	.LVL37
 861 02ec C0000000 		.4byte	0xc0
 862 02f0 FB020000 		.4byte	0x2fb
 863 02f4 0A       		.uleb128 0xa
 864 02f5 01       		.uleb128 0x1
 865 02f6 50       		.byte	0x50
 866 02f7 02       		.uleb128 0x2
 867 02f8 75       		.byte	0x75
ARM GAS  C:\Users\Administrator\AppData\Local\Temp\cclqVYym.s 			page 20


 868 02f9 00       		.sleb128 0
 869 02fa 00       		.byte	0
 870 02fb 0C       		.uleb128 0xc
 871 02fc 20000000 		.4byte	.LVL38
 872 0300 36050000 		.4byte	0x536
 873 0304 0A       		.uleb128 0xa
 874 0305 01       		.uleb128 0x1
 875 0306 50       		.byte	0x50
 876 0307 01       		.uleb128 0x1
 877 0308 31       		.byte	0x31
 878 0309 00       		.byte	0
 879 030a 00       		.byte	0
 880 030b 0F       		.uleb128 0xf
 881 030c 67010000 		.4byte	.LASF21
 882 0310 01       		.byte	0x1
 883 0311 6D       		.byte	0x6d
 884 0312 76000000 		.4byte	0x76
 885 0316 00000000 		.4byte	.LFB6
 886 031a 28000000 		.4byte	.LFE6-.LFB6
 887 031e 01       		.uleb128 0x1
 888 031f 9C       		.byte	0x9c
 889 0320 82030000 		.4byte	0x382
 890 0324 10       		.uleb128 0x10
 891 0325 A1020000 		.4byte	.LASF18
 892 0329 01       		.byte	0x1
 893 032a 6D       		.byte	0x6d
 894 032b 76000000 		.4byte	0x76
 895 032f DB000000 		.4byte	.LLST6
 896 0333 11       		.uleb128 0x11
 897 0334 96010000 		.4byte	.LASF19
 898 0338 01       		.byte	0x1
 899 0339 6F       		.byte	0x6f
 900 033a 76000000 		.4byte	0x76
 901 033e FC000000 		.4byte	.LLST7
 902 0342 09       		.uleb128 0x9
 903 0343 0A000000 		.4byte	.LVL41
 904 0347 36050000 		.4byte	0x536
 905 034b 55030000 		.4byte	0x355
 906 034f 0A       		.uleb128 0xa
 907 0350 01       		.uleb128 0x1
 908 0351 50       		.byte	0x50
 909 0352 01       		.uleb128 0x1
 910 0353 30       		.byte	0x30
 911 0354 00       		.byte	0
 912 0355 09       		.uleb128 0x9
 913 0356 18000000 		.4byte	.LVL42
 914 035a C0000000 		.4byte	0xc0
 915 035e 69030000 		.4byte	0x369
 916 0362 0A       		.uleb128 0xa
 917 0363 01       		.uleb128 0x1
 918 0364 50       		.byte	0x50
 919 0365 02       		.uleb128 0x2
 920 0366 74       		.byte	0x74
 921 0367 00       		.sleb128 0
 922 0368 00       		.byte	0
 923 0369 0B       		.uleb128 0xb
 924 036a 1C000000 		.4byte	.LVL43
ARM GAS  C:\Users\Administrator\AppData\Local\Temp\cclqVYym.s 			page 21


 925 036e 7D010000 		.4byte	0x17d
 926 0372 0C       		.uleb128 0xc
 927 0373 24000000 		.4byte	.LVL45
 928 0377 36050000 		.4byte	0x536
 929 037b 0A       		.uleb128 0xa
 930 037c 01       		.uleb128 0x1
 931 037d 50       		.byte	0x50
 932 037e 01       		.uleb128 0x1
 933 037f 31       		.byte	0x31
 934 0380 00       		.byte	0
 935 0381 00       		.byte	0
 936 0382 0F       		.uleb128 0xf
 937 0383 D5000000 		.4byte	.LASF22
 938 0387 01       		.byte	0x1
 939 0388 80       		.byte	0x80
 940 0389 76000000 		.4byte	0x76
 941 038d 00000000 		.4byte	.LFB7
 942 0391 2A000000 		.4byte	.LFE7-.LFB7
 943 0395 01       		.uleb128 0x1
 944 0396 9C       		.byte	0x9c
 945 0397 F7030000 		.4byte	0x3f7
 946 039b 10       		.uleb128 0x10
 947 039c A1020000 		.4byte	.LASF18
 948 03a0 01       		.byte	0x1
 949 03a1 80       		.byte	0x80
 950 03a2 76000000 		.4byte	0x76
 951 03a6 0F010000 		.4byte	.LLST8
 952 03aa 07       		.uleb128 0x7
 953 03ab 7000     		.ascii	"p\000"
 954 03ad 01       		.byte	0x1
 955 03ae 80       		.byte	0x80
 956 03af F7030000 		.4byte	0x3f7
 957 03b3 30010000 		.4byte	.LLST9
 958 03b7 09       		.uleb128 0x9
 959 03b8 0C000000 		.4byte	.LVL49
 960 03bc 36050000 		.4byte	0x536
 961 03c0 CA030000 		.4byte	0x3ca
 962 03c4 0A       		.uleb128 0xa
 963 03c5 01       		.uleb128 0x1
 964 03c6 50       		.byte	0x50
 965 03c7 01       		.uleb128 0x1
 966 03c8 30       		.byte	0x30
 967 03c9 00       		.byte	0
 968 03ca 09       		.uleb128 0x9
 969 03cb 1A000000 		.4byte	.LVL50
 970 03cf C0000000 		.4byte	0xc0
 971 03d3 DE030000 		.4byte	0x3de
 972 03d7 0A       		.uleb128 0xa
 973 03d8 01       		.uleb128 0x1
 974 03d9 50       		.byte	0x50
 975 03da 02       		.uleb128 0x2
 976 03db 74       		.byte	0x74
 977 03dc 00       		.sleb128 0
 978 03dd 00       		.byte	0
 979 03de 0B       		.uleb128 0xb
 980 03df 1E000000 		.4byte	.LVL51
 981 03e3 7D010000 		.4byte	0x17d
ARM GAS  C:\Users\Administrator\AppData\Local\Temp\cclqVYym.s 			page 22


 982 03e7 0C       		.uleb128 0xc
 983 03e8 26000000 		.4byte	.LVL52
 984 03ec 36050000 		.4byte	0x536
 985 03f0 0A       		.uleb128 0xa
 986 03f1 01       		.uleb128 0x1
 987 03f2 50       		.byte	0x50
 988 03f3 01       		.uleb128 0x1
 989 03f4 31       		.byte	0x31
 990 03f5 00       		.byte	0
 991 03f6 00       		.byte	0
 992 03f7 12       		.uleb128 0x12
 993 03f8 04       		.byte	0x4
 994 03f9 76000000 		.4byte	0x76
 995 03fd 0E       		.uleb128 0xe
 996 03fe 7F010000 		.4byte	.LASF24
 997 0402 01       		.byte	0x1
 998 0403 94       		.byte	0x94
 999 0404 00000000 		.4byte	.LFB8
 1000 0408 1E000000 		.4byte	.LFE8-.LFB8
 1001 040c 01       		.uleb128 0x1
 1002 040d 9C       		.byte	0x9c
 1003 040e 5D040000 		.4byte	0x45d
 1004 0412 10       		.uleb128 0x10
 1005 0413 91020000 		.4byte	.LASF25
 1006 0417 01       		.byte	0x1
 1007 0418 94       		.byte	0x94
 1008 0419 76000000 		.4byte	0x76
 1009 041d 5C010000 		.4byte	.LLST10
 1010 0421 10       		.uleb128 0x10
 1011 0422 A1020000 		.4byte	.LASF18
 1012 0426 01       		.byte	0x1
 1013 0427 94       		.byte	0x94
 1014 0428 76000000 		.4byte	0x76
 1015 042c 7D010000 		.4byte	.LLST11
 1016 0430 10       		.uleb128 0x10
 1017 0431 F8000000 		.4byte	.LASF26
 1018 0435 01       		.byte	0x1
 1019 0436 94       		.byte	0x94
 1020 0437 F7030000 		.4byte	0x3f7
 1021 043b 9E010000 		.4byte	.LLST12
 1022 043f 08       		.uleb128 0x8
 1023 0440 6900     		.ascii	"i\000"
 1024 0442 01       		.byte	0x1
 1025 0443 96       		.byte	0x96
 1026 0444 76000000 		.4byte	0x76
 1027 0448 BF010000 		.4byte	.LLST13
 1028 044c 0C       		.uleb128 0xc
 1029 044d 16000000 		.4byte	.LVL56
 1030 0451 0B030000 		.4byte	0x30b
 1031 0455 0A       		.uleb128 0xa
 1032 0456 01       		.uleb128 0x1
 1033 0457 50       		.byte	0x50
 1034 0458 02       		.uleb128 0x2
 1035 0459 76       		.byte	0x76
 1036 045a 00       		.sleb128 0
 1037 045b 00       		.byte	0
 1038 045c 00       		.byte	0
ARM GAS  C:\Users\Administrator\AppData\Local\Temp\cclqVYym.s 			page 23


 1039 045d 0E       		.uleb128 0xe
 1040 045e C5020000 		.4byte	.LASF27
 1041 0462 01       		.byte	0x1
 1042 0463 AA       		.byte	0xaa
 1043 0464 00000000 		.4byte	.LFB9
 1044 0468 1E000000 		.4byte	.LFE9-.LFB9
 1045 046c 01       		.uleb128 0x1
 1046 046d 9C       		.byte	0x9c
 1047 046e BD040000 		.4byte	0x4bd
 1048 0472 10       		.uleb128 0x10
 1049 0473 91020000 		.4byte	.LASF25
 1050 0477 01       		.byte	0x1
 1051 0478 AA       		.byte	0xaa
 1052 0479 76000000 		.4byte	0x76
 1053 047d EB010000 		.4byte	.LLST14
 1054 0481 10       		.uleb128 0x10
 1055 0482 A1020000 		.4byte	.LASF18
 1056 0486 01       		.byte	0x1
 1057 0487 AA       		.byte	0xaa
 1058 0488 76000000 		.4byte	0x76
 1059 048c 0C020000 		.4byte	.LLST15
 1060 0490 10       		.uleb128 0x10
 1061 0491 F8000000 		.4byte	.LASF26
 1062 0495 01       		.byte	0x1
 1063 0496 AA       		.byte	0xaa
 1064 0497 F7030000 		.4byte	0x3f7
 1065 049b 2D020000 		.4byte	.LLST16
 1066 049f 08       		.uleb128 0x8
 1067 04a0 6900     		.ascii	"i\000"
 1068 04a2 01       		.byte	0x1
 1069 04a3 AC       		.byte	0xac
 1070 04a4 76000000 		.4byte	0x76
 1071 04a8 4E020000 		.4byte	.LLST17
 1072 04ac 0C       		.uleb128 0xc
 1073 04ad 18000000 		.4byte	.LVL61
 1074 04b1 89020000 		.4byte	0x289
 1075 04b5 0A       		.uleb128 0xa
 1076 04b6 01       		.uleb128 0x1
 1077 04b7 50       		.byte	0x50
 1078 04b8 02       		.uleb128 0x2
 1079 04b9 76       		.byte	0x76
 1080 04ba 00       		.sleb128 0
 1081 04bb 00       		.byte	0
 1082 04bc 00       		.byte	0
 1083 04bd 0F       		.uleb128 0xf
 1084 04be 9D000000 		.4byte	.LASF28
 1085 04c2 01       		.byte	0x1
 1086 04c3 C0       		.byte	0xc0
 1087 04c4 76000000 		.4byte	0x76
 1088 04c8 00000000 		.4byte	.LFB10
 1089 04cc 14000000 		.4byte	.LFE10-.LFB10
 1090 04d0 01       		.uleb128 0x1
 1091 04d1 9C       		.byte	0x9c
 1092 04d2 F8040000 		.4byte	0x4f8
 1093 04d6 10       		.uleb128 0x10
 1094 04d7 0A030000 		.4byte	.LASF29
 1095 04db 01       		.byte	0x1
ARM GAS  C:\Users\Administrator\AppData\Local\Temp\cclqVYym.s 			page 24


 1096 04dc C0       		.byte	0xc0
 1097 04dd 76000000 		.4byte	0x76
 1098 04e1 7A020000 		.4byte	.LLST18
 1099 04e5 0B       		.uleb128 0xb
 1100 04e6 0A000000 		.4byte	.LVL64
 1101 04ea 7D010000 		.4byte	0x17d
 1102 04ee 0B       		.uleb128 0xb
 1103 04ef 10000000 		.4byte	.LVL66
 1104 04f3 C0000000 		.4byte	0xc0
 1105 04f7 00       		.byte	0
 1106 04f8 13       		.uleb128 0x13
 1107 04f9 44010000 		.4byte	.LASF30
 1108 04fd 06       		.byte	0x6
 1109 04fe 33       		.byte	0x33
 1110 04ff 09050000 		.4byte	0x509
 1111 0503 14       		.uleb128 0x14
 1112 0504 81000000 		.4byte	0x81
 1113 0508 00       		.byte	0
 1114 0509 13       		.uleb128 0x13
 1115 050a 87020000 		.4byte	.LASF31
 1116 050e 07       		.byte	0x7
 1117 050f D8       		.byte	0xd8
 1118 0510 1A050000 		.4byte	0x51a
 1119 0514 14       		.uleb128 0x14
 1120 0515 8D000000 		.4byte	0x8d
 1121 0519 00       		.byte	0
 1122 051a 13       		.uleb128 0x13
 1123 051b E7000000 		.4byte	.LASF32
 1124 051f 08       		.byte	0x8
 1125 0520 33       		.byte	0x33
 1126 0521 2B050000 		.4byte	0x52b
 1127 0525 14       		.uleb128 0x14
 1128 0526 81000000 		.4byte	0x81
 1129 052a 00       		.byte	0
 1130 052b 15       		.uleb128 0x15
 1131 052c B5020000 		.4byte	.LASF38
 1132 0530 09       		.byte	0x9
 1133 0531 32       		.byte	0x32
 1134 0532 81000000 		.4byte	0x81
 1135 0536 16       		.uleb128 0x16
 1136 0537 69020000 		.4byte	.LASF39
 1137 053b 0A       		.byte	0xa
 1138 053c 33       		.byte	0x33
 1139 053d 14       		.uleb128 0x14
 1140 053e 81000000 		.4byte	0x81
 1141 0542 00       		.byte	0
 1142 0543 00       		.byte	0
 1143              		.section	.debug_abbrev,"",%progbits
 1144              	.Ldebug_abbrev0:
 1145 0000 01       		.uleb128 0x1
 1146 0001 11       		.uleb128 0x11
 1147 0002 01       		.byte	0x1
 1148 0003 25       		.uleb128 0x25
 1149 0004 0E       		.uleb128 0xe
 1150 0005 13       		.uleb128 0x13
 1151 0006 0B       		.uleb128 0xb
 1152 0007 03       		.uleb128 0x3
ARM GAS  C:\Users\Administrator\AppData\Local\Temp\cclqVYym.s 			page 25


 1153 0008 0E       		.uleb128 0xe
 1154 0009 1B       		.uleb128 0x1b
 1155 000a 0E       		.uleb128 0xe
 1156 000b 55       		.uleb128 0x55
 1157 000c 17       		.uleb128 0x17
 1158 000d 11       		.uleb128 0x11
 1159 000e 01       		.uleb128 0x1
 1160 000f 10       		.uleb128 0x10
 1161 0010 17       		.uleb128 0x17
 1162 0011 00       		.byte	0
 1163 0012 00       		.byte	0
 1164 0013 02       		.uleb128 0x2
 1165 0014 24       		.uleb128 0x24
 1166 0015 00       		.byte	0
 1167 0016 0B       		.uleb128 0xb
 1168 0017 0B       		.uleb128 0xb
 1169 0018 3E       		.uleb128 0x3e
 1170 0019 0B       		.uleb128 0xb
 1171 001a 03       		.uleb128 0x3
 1172 001b 0E       		.uleb128 0xe
 1173 001c 00       		.byte	0
 1174 001d 00       		.byte	0
 1175 001e 03       		.uleb128 0x3
 1176 001f 16       		.uleb128 0x16
 1177 0020 00       		.byte	0
 1178 0021 03       		.uleb128 0x3
 1179 0022 0E       		.uleb128 0xe
 1180 0023 3A       		.uleb128 0x3a
 1181 0024 0B       		.uleb128 0xb
 1182 0025 3B       		.uleb128 0x3b
 1183 0026 0B       		.uleb128 0xb
 1184 0027 49       		.uleb128 0x49
 1185 0028 13       		.uleb128 0x13
 1186 0029 00       		.byte	0
 1187 002a 00       		.byte	0
 1188 002b 04       		.uleb128 0x4
 1189 002c 24       		.uleb128 0x24
 1190 002d 00       		.byte	0
 1191 002e 0B       		.uleb128 0xb
 1192 002f 0B       		.uleb128 0xb
 1193 0030 3E       		.uleb128 0x3e
 1194 0031 0B       		.uleb128 0xb
 1195 0032 03       		.uleb128 0x3
 1196 0033 08       		.uleb128 0x8
 1197 0034 00       		.byte	0
 1198 0035 00       		.byte	0
 1199 0036 05       		.uleb128 0x5
 1200 0037 16       		.uleb128 0x16
 1201 0038 00       		.byte	0
 1202 0039 03       		.uleb128 0x3
 1203 003a 0E       		.uleb128 0xe
 1204 003b 3A       		.uleb128 0x3a
 1205 003c 0B       		.uleb128 0xb
 1206 003d 3B       		.uleb128 0x3b
 1207 003e 05       		.uleb128 0x5
 1208 003f 49       		.uleb128 0x49
 1209 0040 13       		.uleb128 0x13
ARM GAS  C:\Users\Administrator\AppData\Local\Temp\cclqVYym.s 			page 26


 1210 0041 00       		.byte	0
 1211 0042 00       		.byte	0
 1212 0043 06       		.uleb128 0x6
 1213 0044 2E       		.uleb128 0x2e
 1214 0045 01       		.byte	0x1
 1215 0046 03       		.uleb128 0x3
 1216 0047 0E       		.uleb128 0xe
 1217 0048 3A       		.uleb128 0x3a
 1218 0049 0B       		.uleb128 0xb
 1219 004a 3B       		.uleb128 0x3b
 1220 004b 0B       		.uleb128 0xb
 1221 004c 27       		.uleb128 0x27
 1222 004d 19       		.uleb128 0x19
 1223 004e 11       		.uleb128 0x11
 1224 004f 01       		.uleb128 0x1
 1225 0050 12       		.uleb128 0x12
 1226 0051 06       		.uleb128 0x6
 1227 0052 40       		.uleb128 0x40
 1228 0053 18       		.uleb128 0x18
 1229 0054 9742     		.uleb128 0x2117
 1230 0056 19       		.uleb128 0x19
 1231 0057 01       		.uleb128 0x1
 1232 0058 13       		.uleb128 0x13
 1233 0059 00       		.byte	0
 1234 005a 00       		.byte	0
 1235 005b 07       		.uleb128 0x7
 1236 005c 05       		.uleb128 0x5
 1237 005d 00       		.byte	0
 1238 005e 03       		.uleb128 0x3
 1239 005f 08       		.uleb128 0x8
 1240 0060 3A       		.uleb128 0x3a
 1241 0061 0B       		.uleb128 0xb
 1242 0062 3B       		.uleb128 0x3b
 1243 0063 0B       		.uleb128 0xb
 1244 0064 49       		.uleb128 0x49
 1245 0065 13       		.uleb128 0x13
 1246 0066 02       		.uleb128 0x2
 1247 0067 17       		.uleb128 0x17
 1248 0068 00       		.byte	0
 1249 0069 00       		.byte	0
 1250 006a 08       		.uleb128 0x8
 1251 006b 34       		.uleb128 0x34
 1252 006c 00       		.byte	0
 1253 006d 03       		.uleb128 0x3
 1254 006e 08       		.uleb128 0x8
 1255 006f 3A       		.uleb128 0x3a
 1256 0070 0B       		.uleb128 0xb
 1257 0071 3B       		.uleb128 0x3b
 1258 0072 0B       		.uleb128 0xb
 1259 0073 49       		.uleb128 0x49
 1260 0074 13       		.uleb128 0x13
 1261 0075 02       		.uleb128 0x2
 1262 0076 17       		.uleb128 0x17
 1263 0077 00       		.byte	0
 1264 0078 00       		.byte	0
 1265 0079 09       		.uleb128 0x9
 1266 007a 898201   		.uleb128 0x4109
ARM GAS  C:\Users\Administrator\AppData\Local\Temp\cclqVYym.s 			page 27


 1267 007d 01       		.byte	0x1
 1268 007e 11       		.uleb128 0x11
 1269 007f 01       		.uleb128 0x1
 1270 0080 31       		.uleb128 0x31
 1271 0081 13       		.uleb128 0x13
 1272 0082 01       		.uleb128 0x1
 1273 0083 13       		.uleb128 0x13
 1274 0084 00       		.byte	0
 1275 0085 00       		.byte	0
 1276 0086 0A       		.uleb128 0xa
 1277 0087 8A8201   		.uleb128 0x410a
 1278 008a 00       		.byte	0
 1279 008b 02       		.uleb128 0x2
 1280 008c 18       		.uleb128 0x18
 1281 008d 9142     		.uleb128 0x2111
 1282 008f 18       		.uleb128 0x18
 1283 0090 00       		.byte	0
 1284 0091 00       		.byte	0
 1285 0092 0B       		.uleb128 0xb
 1286 0093 898201   		.uleb128 0x4109
 1287 0096 00       		.byte	0
 1288 0097 11       		.uleb128 0x11
 1289 0098 01       		.uleb128 0x1
 1290 0099 31       		.uleb128 0x31
 1291 009a 13       		.uleb128 0x13
 1292 009b 00       		.byte	0
 1293 009c 00       		.byte	0
 1294 009d 0C       		.uleb128 0xc
 1295 009e 898201   		.uleb128 0x4109
 1296 00a1 01       		.byte	0x1
 1297 00a2 11       		.uleb128 0x11
 1298 00a3 01       		.uleb128 0x1
 1299 00a4 31       		.uleb128 0x31
 1300 00a5 13       		.uleb128 0x13
 1301 00a6 00       		.byte	0
 1302 00a7 00       		.byte	0
 1303 00a8 0D       		.uleb128 0xd
 1304 00a9 2E       		.uleb128 0x2e
 1305 00aa 01       		.byte	0x1
 1306 00ab 03       		.uleb128 0x3
 1307 00ac 0E       		.uleb128 0xe
 1308 00ad 3A       		.uleb128 0x3a
 1309 00ae 0B       		.uleb128 0xb
 1310 00af 3B       		.uleb128 0x3b
 1311 00b0 0B       		.uleb128 0xb
 1312 00b1 27       		.uleb128 0x27
 1313 00b2 19       		.uleb128 0x19
 1314 00b3 49       		.uleb128 0x49
 1315 00b4 13       		.uleb128 0x13
 1316 00b5 11       		.uleb128 0x11
 1317 00b6 01       		.uleb128 0x1
 1318 00b7 12       		.uleb128 0x12
 1319 00b8 06       		.uleb128 0x6
 1320 00b9 40       		.uleb128 0x40
 1321 00ba 18       		.uleb128 0x18
 1322 00bb 9742     		.uleb128 0x2117
 1323 00bd 19       		.uleb128 0x19
ARM GAS  C:\Users\Administrator\AppData\Local\Temp\cclqVYym.s 			page 28


 1324 00be 01       		.uleb128 0x1
 1325 00bf 13       		.uleb128 0x13
 1326 00c0 00       		.byte	0
 1327 00c1 00       		.byte	0
 1328 00c2 0E       		.uleb128 0xe
 1329 00c3 2E       		.uleb128 0x2e
 1330 00c4 01       		.byte	0x1
 1331 00c5 3F       		.uleb128 0x3f
 1332 00c6 19       		.uleb128 0x19
 1333 00c7 03       		.uleb128 0x3
 1334 00c8 0E       		.uleb128 0xe
 1335 00c9 3A       		.uleb128 0x3a
 1336 00ca 0B       		.uleb128 0xb
 1337 00cb 3B       		.uleb128 0x3b
 1338 00cc 0B       		.uleb128 0xb
 1339 00cd 27       		.uleb128 0x27
 1340 00ce 19       		.uleb128 0x19
 1341 00cf 11       		.uleb128 0x11
 1342 00d0 01       		.uleb128 0x1
 1343 00d1 12       		.uleb128 0x12
 1344 00d2 06       		.uleb128 0x6
 1345 00d3 40       		.uleb128 0x40
 1346 00d4 18       		.uleb128 0x18
 1347 00d5 9742     		.uleb128 0x2117
 1348 00d7 19       		.uleb128 0x19
 1349 00d8 01       		.uleb128 0x1
 1350 00d9 13       		.uleb128 0x13
 1351 00da 00       		.byte	0
 1352 00db 00       		.byte	0
 1353 00dc 0F       		.uleb128 0xf
 1354 00dd 2E       		.uleb128 0x2e
 1355 00de 01       		.byte	0x1
 1356 00df 3F       		.uleb128 0x3f
 1357 00e0 19       		.uleb128 0x19
 1358 00e1 03       		.uleb128 0x3
 1359 00e2 0E       		.uleb128 0xe
 1360 00e3 3A       		.uleb128 0x3a
 1361 00e4 0B       		.uleb128 0xb
 1362 00e5 3B       		.uleb128 0x3b
 1363 00e6 0B       		.uleb128 0xb
 1364 00e7 27       		.uleb128 0x27
 1365 00e8 19       		.uleb128 0x19
 1366 00e9 49       		.uleb128 0x49
 1367 00ea 13       		.uleb128 0x13
 1368 00eb 11       		.uleb128 0x11
 1369 00ec 01       		.uleb128 0x1
 1370 00ed 12       		.uleb128 0x12
 1371 00ee 06       		.uleb128 0x6
 1372 00ef 40       		.uleb128 0x40
 1373 00f0 18       		.uleb128 0x18
 1374 00f1 9742     		.uleb128 0x2117
 1375 00f3 19       		.uleb128 0x19
 1376 00f4 01       		.uleb128 0x1
 1377 00f5 13       		.uleb128 0x13
 1378 00f6 00       		.byte	0
 1379 00f7 00       		.byte	0
 1380 00f8 10       		.uleb128 0x10
ARM GAS  C:\Users\Administrator\AppData\Local\Temp\cclqVYym.s 			page 29


 1381 00f9 05       		.uleb128 0x5
 1382 00fa 00       		.byte	0
 1383 00fb 03       		.uleb128 0x3
 1384 00fc 0E       		.uleb128 0xe
 1385 00fd 3A       		.uleb128 0x3a
 1386 00fe 0B       		.uleb128 0xb
 1387 00ff 3B       		.uleb128 0x3b
 1388 0100 0B       		.uleb128 0xb
 1389 0101 49       		.uleb128 0x49
 1390 0102 13       		.uleb128 0x13
 1391 0103 02       		.uleb128 0x2
 1392 0104 17       		.uleb128 0x17
 1393 0105 00       		.byte	0
 1394 0106 00       		.byte	0
 1395 0107 11       		.uleb128 0x11
 1396 0108 34       		.uleb128 0x34
 1397 0109 00       		.byte	0
 1398 010a 03       		.uleb128 0x3
 1399 010b 0E       		.uleb128 0xe
 1400 010c 3A       		.uleb128 0x3a
 1401 010d 0B       		.uleb128 0xb
 1402 010e 3B       		.uleb128 0x3b
 1403 010f 0B       		.uleb128 0xb
 1404 0110 49       		.uleb128 0x49
 1405 0111 13       		.uleb128 0x13
 1406 0112 02       		.uleb128 0x2
 1407 0113 17       		.uleb128 0x17
 1408 0114 00       		.byte	0
 1409 0115 00       		.byte	0
 1410 0116 12       		.uleb128 0x12
 1411 0117 0F       		.uleb128 0xf
 1412 0118 00       		.byte	0
 1413 0119 0B       		.uleb128 0xb
 1414 011a 0B       		.uleb128 0xb
 1415 011b 49       		.uleb128 0x49
 1416 011c 13       		.uleb128 0x13
 1417 011d 00       		.byte	0
 1418 011e 00       		.byte	0
 1419 011f 13       		.uleb128 0x13
 1420 0120 2E       		.uleb128 0x2e
 1421 0121 01       		.byte	0x1
 1422 0122 3F       		.uleb128 0x3f
 1423 0123 19       		.uleb128 0x19
 1424 0124 03       		.uleb128 0x3
 1425 0125 0E       		.uleb128 0xe
 1426 0126 3A       		.uleb128 0x3a
 1427 0127 0B       		.uleb128 0xb
 1428 0128 3B       		.uleb128 0x3b
 1429 0129 0B       		.uleb128 0xb
 1430 012a 27       		.uleb128 0x27
 1431 012b 19       		.uleb128 0x19
 1432 012c 3C       		.uleb128 0x3c
 1433 012d 19       		.uleb128 0x19
 1434 012e 01       		.uleb128 0x1
 1435 012f 13       		.uleb128 0x13
 1436 0130 00       		.byte	0
 1437 0131 00       		.byte	0
ARM GAS  C:\Users\Administrator\AppData\Local\Temp\cclqVYym.s 			page 30


 1438 0132 14       		.uleb128 0x14
 1439 0133 05       		.uleb128 0x5
 1440 0134 00       		.byte	0
 1441 0135 49       		.uleb128 0x49
 1442 0136 13       		.uleb128 0x13
 1443 0137 00       		.byte	0
 1444 0138 00       		.byte	0
 1445 0139 15       		.uleb128 0x15
 1446 013a 2E       		.uleb128 0x2e
 1447 013b 00       		.byte	0
 1448 013c 3F       		.uleb128 0x3f
 1449 013d 19       		.uleb128 0x19
 1450 013e 03       		.uleb128 0x3
 1451 013f 0E       		.uleb128 0xe
 1452 0140 3A       		.uleb128 0x3a
 1453 0141 0B       		.uleb128 0xb
 1454 0142 3B       		.uleb128 0x3b
 1455 0143 0B       		.uleb128 0xb
 1456 0144 27       		.uleb128 0x27
 1457 0145 19       		.uleb128 0x19
 1458 0146 49       		.uleb128 0x49
 1459 0147 13       		.uleb128 0x13
 1460 0148 3C       		.uleb128 0x3c
 1461 0149 19       		.uleb128 0x19
 1462 014a 00       		.byte	0
 1463 014b 00       		.byte	0
 1464 014c 16       		.uleb128 0x16
 1465 014d 2E       		.uleb128 0x2e
 1466 014e 01       		.byte	0x1
 1467 014f 3F       		.uleb128 0x3f
 1468 0150 19       		.uleb128 0x19
 1469 0151 03       		.uleb128 0x3
 1470 0152 0E       		.uleb128 0xe
 1471 0153 3A       		.uleb128 0x3a
 1472 0154 0B       		.uleb128 0xb
 1473 0155 3B       		.uleb128 0x3b
 1474 0156 0B       		.uleb128 0xb
 1475 0157 27       		.uleb128 0x27
 1476 0158 19       		.uleb128 0x19
 1477 0159 3C       		.uleb128 0x3c
 1478 015a 19       		.uleb128 0x19
 1479 015b 00       		.byte	0
 1480 015c 00       		.byte	0
 1481 015d 00       		.byte	0
 1482              		.section	.debug_loc,"",%progbits
 1483              	.Ldebug_loc0:
 1484              	.LLST0:
 1485 0000 00000000 		.4byte	.LVL0
 1486 0004 04000000 		.4byte	.LVL1
 1487 0008 0100     		.2byte	0x1
 1488 000a 50       		.byte	0x50
 1489 000b 04000000 		.4byte	.LVL1
 1490 000f 30000000 		.4byte	.LVL9
 1491 0013 0100     		.2byte	0x1
 1492 0015 55       		.byte	0x55
 1493 0016 36000000 		.4byte	.LVL10
 1494 001a 4A000000 		.4byte	.LVL14
ARM GAS  C:\Users\Administrator\AppData\Local\Temp\cclqVYym.s 			page 31


 1495 001e 0100     		.2byte	0x1
 1496 0020 55       		.byte	0x55
 1497 0021 00000000 		.4byte	0
 1498 0025 00000000 		.4byte	0
 1499              	.LLST1:
 1500 0029 00000000 		.4byte	.LVL0
 1501 002d 06000000 		.4byte	.LVL2
 1502 0031 0200     		.2byte	0x2
 1503 0033 30       		.byte	0x30
 1504 0034 9F       		.byte	0x9f
 1505 0035 06000000 		.4byte	.LVL2
 1506 0039 28000000 		.4byte	.LVL7
 1507 003d 0500     		.2byte	0x5
 1508 003f 38       		.byte	0x38
 1509 0040 74       		.byte	0x74
 1510 0041 00       		.sleb128 0
 1511 0042 1C       		.byte	0x1c
 1512 0043 9F       		.byte	0x9f
 1513 0044 00000000 		.4byte	0
 1514 0048 00000000 		.4byte	0
 1515              	.LLST2:
 1516 004c 00000000 		.4byte	.LVL15
 1517 0050 06000000 		.4byte	.LVL16
 1518 0054 0200     		.2byte	0x2
 1519 0056 30       		.byte	0x30
 1520 0057 9F       		.byte	0x9f
 1521 0058 06000000 		.4byte	.LVL16
 1522 005c 2A000000 		.4byte	.LVL24
 1523 0060 0500     		.2byte	0x5
 1524 0062 38       		.byte	0x38
 1525 0063 75       		.byte	0x75
 1526 0064 00       		.sleb128 0
 1527 0065 1C       		.byte	0x1c
 1528 0066 9F       		.byte	0x9f
 1529 0067 00000000 		.4byte	0
 1530 006b 00000000 		.4byte	0
 1531              	.LLST3:
 1532 006f 00000000 		.4byte	.LVL15
 1533 0073 06000000 		.4byte	.LVL16
 1534 0077 0200     		.2byte	0x2
 1535 0079 30       		.byte	0x30
 1536 007a 9F       		.byte	0x9f
 1537 007b 06000000 		.4byte	.LVL16
 1538 007f 0E000000 		.4byte	.LVL18
 1539 0083 0100     		.2byte	0x1
 1540 0085 54       		.byte	0x54
 1541 0086 16000000 		.4byte	.LVL20
 1542 008a 4A000000 		.4byte	.LVL29
 1543 008e 0100     		.2byte	0x1
 1544 0090 54       		.byte	0x54
 1545 0091 00000000 		.4byte	0
 1546 0095 00000000 		.4byte	0
 1547              	.LLST4:
 1548 0099 00000000 		.4byte	.LVL33
 1549 009d 08000000 		.4byte	.LVL34
 1550 00a1 0100     		.2byte	0x1
 1551 00a3 50       		.byte	0x50
ARM GAS  C:\Users\Administrator\AppData\Local\Temp\cclqVYym.s 			page 32


 1552 00a4 08000000 		.4byte	.LVL34
 1553 00a8 24000000 		.4byte	.LFE5
 1554 00ac 0400     		.2byte	0x4
 1555 00ae F3       		.byte	0xf3
 1556 00af 01       		.uleb128 0x1
 1557 00b0 50       		.byte	0x50
 1558 00b1 9F       		.byte	0x9f
 1559 00b2 00000000 		.4byte	0
 1560 00b6 00000000 		.4byte	0
 1561              	.LLST5:
 1562 00ba 00000000 		.4byte	.LVL33
 1563 00be 0D000000 		.4byte	.LVL35-1
 1564 00c2 0100     		.2byte	0x1
 1565 00c4 51       		.byte	0x51
 1566 00c5 0D000000 		.4byte	.LVL35-1
 1567 00c9 24000000 		.4byte	.LFE5
 1568 00cd 0400     		.2byte	0x4
 1569 00cf F3       		.byte	0xf3
 1570 00d0 01       		.uleb128 0x1
 1571 00d1 51       		.byte	0x51
 1572 00d2 9F       		.byte	0x9f
 1573 00d3 00000000 		.4byte	0
 1574 00d7 00000000 		.4byte	0
 1575              	.LLST6:
 1576 00db 00000000 		.4byte	.LVL39
 1577 00df 06000000 		.4byte	.LVL40
 1578 00e3 0100     		.2byte	0x1
 1579 00e5 50       		.byte	0x50
 1580 00e6 06000000 		.4byte	.LVL40
 1581 00ea 28000000 		.4byte	.LFE6
 1582 00ee 0400     		.2byte	0x4
 1583 00f0 F3       		.byte	0xf3
 1584 00f1 01       		.uleb128 0x1
 1585 00f2 50       		.byte	0x50
 1586 00f3 9F       		.byte	0x9f
 1587 00f4 00000000 		.4byte	0
 1588 00f8 00000000 		.4byte	0
 1589              	.LLST7:
 1590 00fc 1E000000 		.4byte	.LVL44
 1591 0100 26000000 		.4byte	.LVL46
 1592 0104 0100     		.2byte	0x1
 1593 0106 54       		.byte	0x54
 1594 0107 00000000 		.4byte	0
 1595 010b 00000000 		.4byte	0
 1596              	.LLST8:
 1597 010f 00000000 		.4byte	.LVL47
 1598 0113 06000000 		.4byte	.LVL48
 1599 0117 0100     		.2byte	0x1
 1600 0119 50       		.byte	0x50
 1601 011a 06000000 		.4byte	.LVL48
 1602 011e 2A000000 		.4byte	.LFE7
 1603 0122 0400     		.2byte	0x4
 1604 0124 F3       		.byte	0xf3
 1605 0125 01       		.uleb128 0x1
 1606 0126 50       		.byte	0x50
 1607 0127 9F       		.byte	0x9f
 1608 0128 00000000 		.4byte	0
ARM GAS  C:\Users\Administrator\AppData\Local\Temp\cclqVYym.s 			page 33


 1609 012c 00000000 		.4byte	0
 1610              	.LLST9:
 1611 0130 00000000 		.4byte	.LVL47
 1612 0134 0B000000 		.4byte	.LVL49-1
 1613 0138 0100     		.2byte	0x1
 1614 013a 51       		.byte	0x51
 1615 013b 0B000000 		.4byte	.LVL49-1
 1616 013f 28000000 		.4byte	.LVL53
 1617 0143 0100     		.2byte	0x1
 1618 0145 55       		.byte	0x55
 1619 0146 28000000 		.4byte	.LVL53
 1620 014a 2A000000 		.4byte	.LFE7
 1621 014e 0400     		.2byte	0x4
 1622 0150 F3       		.byte	0xf3
 1623 0151 01       		.uleb128 0x1
 1624 0152 51       		.byte	0x51
 1625 0153 9F       		.byte	0x9f
 1626 0154 00000000 		.4byte	0
 1627 0158 00000000 		.4byte	0
 1628              	.LLST10:
 1629 015c 00000000 		.4byte	.LVL54
 1630 0160 0C000000 		.4byte	.LVL55
 1631 0164 0100     		.2byte	0x1
 1632 0166 50       		.byte	0x50
 1633 0167 0C000000 		.4byte	.LVL55
 1634 016b 1E000000 		.4byte	.LFE8
 1635 016f 0400     		.2byte	0x4
 1636 0171 F3       		.byte	0xf3
 1637 0172 01       		.uleb128 0x1
 1638 0173 50       		.byte	0x50
 1639 0174 9F       		.byte	0x9f
 1640 0175 00000000 		.4byte	0
 1641 0179 00000000 		.4byte	0
 1642              	.LLST11:
 1643 017d 00000000 		.4byte	.LVL54
 1644 0181 0C000000 		.4byte	.LVL55
 1645 0185 0100     		.2byte	0x1
 1646 0187 51       		.byte	0x51
 1647 0188 0C000000 		.4byte	.LVL55
 1648 018c 1E000000 		.4byte	.LFE8
 1649 0190 0400     		.2byte	0x4
 1650 0192 F3       		.byte	0xf3
 1651 0193 01       		.uleb128 0x1
 1652 0194 51       		.byte	0x51
 1653 0195 9F       		.byte	0x9f
 1654 0196 00000000 		.4byte	0
 1655 019a 00000000 		.4byte	0
 1656              	.LLST12:
 1657 019e 00000000 		.4byte	.LVL54
 1658 01a2 0C000000 		.4byte	.LVL55
 1659 01a6 0100     		.2byte	0x1
 1660 01a8 52       		.byte	0x52
 1661 01a9 0C000000 		.4byte	.LVL55
 1662 01ad 1E000000 		.4byte	.LFE8
 1663 01b1 0400     		.2byte	0x4
 1664 01b3 F3       		.byte	0xf3
 1665 01b4 01       		.uleb128 0x1
ARM GAS  C:\Users\Administrator\AppData\Local\Temp\cclqVYym.s 			page 34


 1666 01b5 52       		.byte	0x52
 1667 01b6 9F       		.byte	0x9f
 1668 01b7 00000000 		.4byte	0
 1669 01bb 00000000 		.4byte	0
 1670              	.LLST13:
 1671 01bf 0C000000 		.4byte	.LVL55
 1672 01c3 18000000 		.4byte	.LVL57
 1673 01c7 0700     		.2byte	0x7
 1674 01c9 74       		.byte	0x74
 1675 01ca 00       		.sleb128 0
 1676 01cb F3       		.byte	0xf3
 1677 01cc 01       		.uleb128 0x1
 1678 01cd 52       		.byte	0x52
 1679 01ce 1C       		.byte	0x1c
 1680 01cf 9F       		.byte	0x9f
 1681 01d0 18000000 		.4byte	.LVL57
 1682 01d4 1A000000 		.4byte	.LVL58
 1683 01d8 0900     		.2byte	0x9
 1684 01da 74       		.byte	0x74
 1685 01db 00       		.sleb128 0
 1686 01dc F3       		.byte	0xf3
 1687 01dd 01       		.uleb128 0x1
 1688 01de 52       		.byte	0x52
 1689 01df 1C       		.byte	0x1c
 1690 01e0 23       		.byte	0x23
 1691 01e1 01       		.uleb128 0x1
 1692 01e2 9F       		.byte	0x9f
 1693 01e3 00000000 		.4byte	0
 1694 01e7 00000000 		.4byte	0
 1695              	.LLST14:
 1696 01eb 00000000 		.4byte	.LVL59
 1697 01ef 0C000000 		.4byte	.LVL60
 1698 01f3 0100     		.2byte	0x1
 1699 01f5 50       		.byte	0x50
 1700 01f6 0C000000 		.4byte	.LVL60
 1701 01fa 1E000000 		.4byte	.LFE9
 1702 01fe 0400     		.2byte	0x4
 1703 0200 F3       		.byte	0xf3
 1704 0201 01       		.uleb128 0x1
 1705 0202 50       		.byte	0x50
 1706 0203 9F       		.byte	0x9f
 1707 0204 00000000 		.4byte	0
 1708 0208 00000000 		.4byte	0
 1709              	.LLST15:
 1710 020c 00000000 		.4byte	.LVL59
 1711 0210 0C000000 		.4byte	.LVL60
 1712 0214 0100     		.2byte	0x1
 1713 0216 51       		.byte	0x51
 1714 0217 0C000000 		.4byte	.LVL60
 1715 021b 1E000000 		.4byte	.LFE9
 1716 021f 0400     		.2byte	0x4
 1717 0221 F3       		.byte	0xf3
 1718 0222 01       		.uleb128 0x1
 1719 0223 51       		.byte	0x51
 1720 0224 9F       		.byte	0x9f
 1721 0225 00000000 		.4byte	0
 1722 0229 00000000 		.4byte	0
ARM GAS  C:\Users\Administrator\AppData\Local\Temp\cclqVYym.s 			page 35


 1723              	.LLST16:
 1724 022d 00000000 		.4byte	.LVL59
 1725 0231 0C000000 		.4byte	.LVL60
 1726 0235 0100     		.2byte	0x1
 1727 0237 52       		.byte	0x52
 1728 0238 0C000000 		.4byte	.LVL60
 1729 023c 1E000000 		.4byte	.LFE9
 1730 0240 0400     		.2byte	0x4
 1731 0242 F3       		.byte	0xf3
 1732 0243 01       		.uleb128 0x1
 1733 0244 52       		.byte	0x52
 1734 0245 9F       		.byte	0x9f
 1735 0246 00000000 		.4byte	0
 1736 024a 00000000 		.4byte	0
 1737              	.LLST17:
 1738 024e 0C000000 		.4byte	.LVL60
 1739 0252 18000000 		.4byte	.LVL61
 1740 0256 0700     		.2byte	0x7
 1741 0258 74       		.byte	0x74
 1742 0259 00       		.sleb128 0
 1743 025a F3       		.byte	0xf3
 1744 025b 01       		.uleb128 0x1
 1745 025c 52       		.byte	0x52
 1746 025d 1C       		.byte	0x1c
 1747 025e 9F       		.byte	0x9f
 1748 025f 18000000 		.4byte	.LVL61
 1749 0263 1A000000 		.4byte	.LVL62
 1750 0267 0900     		.2byte	0x9
 1751 0269 74       		.byte	0x74
 1752 026a 00       		.sleb128 0
 1753 026b F3       		.byte	0xf3
 1754 026c 01       		.uleb128 0x1
 1755 026d 52       		.byte	0x52
 1756 026e 1C       		.byte	0x1c
 1757 026f 23       		.byte	0x23
 1758 0270 01       		.uleb128 0x1
 1759 0271 9F       		.byte	0x9f
 1760 0272 00000000 		.4byte	0
 1761 0276 00000000 		.4byte	0
 1762              	.LLST18:
 1763 027a 00000000 		.4byte	.LVL63
 1764 027e 09000000 		.4byte	.LVL64-1
 1765 0282 0100     		.2byte	0x1
 1766 0284 50       		.byte	0x50
 1767 0285 09000000 		.4byte	.LVL64-1
 1768 0289 0C000000 		.4byte	.LVL65
 1769 028d 0400     		.2byte	0x4
 1770 028f F3       		.byte	0xf3
 1771 0290 01       		.uleb128 0x1
 1772 0291 50       		.byte	0x50
 1773 0292 9F       		.byte	0x9f
 1774 0293 0C000000 		.4byte	.LVL65
 1775 0297 0F000000 		.4byte	.LVL66-1
 1776 029b 0100     		.2byte	0x1
 1777 029d 50       		.byte	0x50
 1778 029e 0F000000 		.4byte	.LVL66-1
 1779 02a2 14000000 		.4byte	.LFE10
ARM GAS  C:\Users\Administrator\AppData\Local\Temp\cclqVYym.s 			page 36


 1780 02a6 0400     		.2byte	0x4
 1781 02a8 F3       		.byte	0xf3
 1782 02a9 01       		.uleb128 0x1
 1783 02aa 50       		.byte	0x50
 1784 02ab 9F       		.byte	0x9f
 1785 02ac 00000000 		.4byte	0
 1786 02b0 00000000 		.4byte	0
 1787              		.section	.debug_aranges,"",%progbits
 1788 0000 5C000000 		.4byte	0x5c
 1789 0004 0200     		.2byte	0x2
 1790 0006 00000000 		.4byte	.Ldebug_info0
 1791 000a 04       		.byte	0x4
 1792 000b 00       		.byte	0
 1793 000c 0000     		.2byte	0
 1794 000e 0000     		.2byte	0
 1795 0010 00000000 		.4byte	.LFB3
 1796 0014 4C000000 		.4byte	.LFE3-.LFB3
 1797 0018 00000000 		.4byte	.LFB4
 1798 001c 4C000000 		.4byte	.LFE4-.LFB4
 1799 0020 00000000 		.4byte	.LFB2
 1800 0024 16000000 		.4byte	.LFE2-.LFB2
 1801 0028 00000000 		.4byte	.LFB5
 1802 002c 24000000 		.4byte	.LFE5-.LFB5
 1803 0030 00000000 		.4byte	.LFB6
 1804 0034 28000000 		.4byte	.LFE6-.LFB6
 1805 0038 00000000 		.4byte	.LFB7
 1806 003c 2A000000 		.4byte	.LFE7-.LFB7
 1807 0040 00000000 		.4byte	.LFB8
 1808 0044 1E000000 		.4byte	.LFE8-.LFB8
 1809 0048 00000000 		.4byte	.LFB9
 1810 004c 1E000000 		.4byte	.LFE9-.LFB9
 1811 0050 00000000 		.4byte	.LFB10
 1812 0054 14000000 		.4byte	.LFE10-.LFB10
 1813 0058 00000000 		.4byte	0
 1814 005c 00000000 		.4byte	0
 1815              		.section	.debug_ranges,"",%progbits
 1816              	.Ldebug_ranges0:
 1817 0000 00000000 		.4byte	.LFB3
 1818 0004 4C000000 		.4byte	.LFE3
 1819 0008 00000000 		.4byte	.LFB4
 1820 000c 4C000000 		.4byte	.LFE4
 1821 0010 00000000 		.4byte	.LFB2
 1822 0014 16000000 		.4byte	.LFE2
 1823 0018 00000000 		.4byte	.LFB5
 1824 001c 24000000 		.4byte	.LFE5
 1825 0020 00000000 		.4byte	.LFB6
 1826 0024 28000000 		.4byte	.LFE6
 1827 0028 00000000 		.4byte	.LFB7
 1828 002c 2A000000 		.4byte	.LFE7
 1829 0030 00000000 		.4byte	.LFB8
 1830 0034 1E000000 		.4byte	.LFE8
 1831 0038 00000000 		.4byte	.LFB9
 1832 003c 1E000000 		.4byte	.LFE9
 1833 0040 00000000 		.4byte	.LFB10
 1834 0044 14000000 		.4byte	.LFE10
 1835 0048 00000000 		.4byte	0
 1836 004c 00000000 		.4byte	0
ARM GAS  C:\Users\Administrator\AppData\Local\Temp\cclqVYym.s 			page 37


 1837              		.section	.debug_line,"",%progbits
 1838              	.Ldebug_line0:
 1839 0000 A3020000 		.section	.debug_str,"MS",%progbits,1
 1839      0200A101 
 1839      00000201 
 1839      FB0E0D00 
 1839      01010101 
 1840              	.LASF15:
 1841 0000 63686172 		.ascii	"char\000"
 1841      00
 1842              	.LASF9:
 1843 0005 5F5F7569 		.ascii	"__uint8_t\000"
 1843      6E74385F 
 1843      7400
 1844              	.LASF33:
 1845 000f 474E5520 		.ascii	"GNU C 4.9.3 20150303 (release) [ARM/embedded-4_9-br"
 1845      4320342E 
 1845      392E3320 
 1845      32303135 
 1845      30333033 
 1846 0042 616E6368 		.ascii	"anch revision 221220] -mcpu=cortex-m0 -mthumb -g -O"
 1846      20726576 
 1846      6973696F 
 1846      6E203232 
 1846      31323230 
 1847 0075 73202D66 		.ascii	"s -ffunction-sections -ffat-lto-objects\000"
 1847      66756E63 
 1847      74696F6E 
 1847      2D736563 
 1847      74696F6E 
 1848              	.LASF28:
 1849 009d 464C4153 		.ascii	"FLASH_ReadWriteByte\000"
 1849      485F5265 
 1849      61645772 
 1849      69746542 
 1849      79746500 
 1850              	.LASF3:
 1851 00b1 73686F72 		.ascii	"short unsigned int\000"
 1851      7420756E 
 1851      7369676E 
 1851      65642069 
 1851      6E7400
 1852              	.LASF20:
 1853 00c4 666C6173 		.ascii	"flash_spi_SetReg\000"
 1853      685F7370 
 1853      695F5365 
 1853      74526567 
 1853      00
 1854              	.LASF22:
 1855 00d5 666C6173 		.ascii	"flash_spi_GetReg2\000"
 1855      685F7370 
 1855      695F4765 
 1855      74526567 
 1855      3200
 1856              	.LASF32:
 1857 00e7 464C4153 		.ascii	"FLASH_MOSI_Write\000"
 1857      485F4D4F 
ARM GAS  C:\Users\Administrator\AppData\Local\Temp\cclqVYym.s 			page 38


 1857      53495F57 
 1857      72697465 
 1857      00
 1858              	.LASF26:
 1859 00f8 7265675F 		.ascii	"reg_value\000"
 1859      76616C75 
 1859      6500
 1860              	.LASF13:
 1861 0102 666C6F61 		.ascii	"float\000"
 1861      7400
 1862              	.LASF37:
 1863 0108 464C4153 		.ascii	"FLASH_SPI_Receive_Dat\000"
 1863      485F5350 
 1863      495F5265 
 1863      63656976 
 1863      655F4461 
 1864              	.LASF1:
 1865 011e 756E7369 		.ascii	"unsigned char\000"
 1865      676E6564 
 1865      20636861 
 1865      7200
 1866              	.LASF5:
 1867 012c 6C6F6E67 		.ascii	"long unsigned int\000"
 1867      20756E73 
 1867      69676E65 
 1867      6420696E 
 1867      7400
 1868              	.LASF11:
 1869 013e 75696E74 		.ascii	"uint8\000"
 1869      3800
 1870              	.LASF30:
 1871 0144 464C4153 		.ascii	"FLASH_SCK_Write\000"
 1871      485F5343 
 1871      4B5F5772 
 1871      69746500 
 1872              	.LASF36:
 1873 0154 464C4153 		.ascii	"FLASH_SPI_Send_Dat\000"
 1873      485F5350 
 1873      495F5365 
 1873      6E645F44 
 1873      617400
 1874              	.LASF21:
 1875 0167 666C6173 		.ascii	"flash_spi_GetReg\000"
 1875      685F7370 
 1875      695F4765 
 1875      74526567 
 1875      00
 1876              	.LASF14:
 1877 0178 646F7562 		.ascii	"double\000"
 1877      6C6500
 1878              	.LASF24:
 1879 017f 464C4153 		.ascii	"FLASH_SPIRead_Sequence\000"
 1879      485F5350 
 1879      49526561 
 1879      645F5365 
 1879      7175656E 
 1880              	.LASF19:
ARM GAS  C:\Users\Administrator\AppData\Local\Temp\cclqVYym.s 			page 39


 1881 0196 75635265 		.ascii	"ucRegVal\000"
 1881      6756616C 
 1881      00
 1882              	.LASF12:
 1883 019f 75696E74 		.ascii	"uint16\000"
 1883      313600
 1884              	.LASF35:
 1885 01a6 473A5C50 		.ascii	"G:\\Psoc4_prj\\7.rental_house\\18-03-14\\second_ima"
 1885      736F6334 
 1885      5F70726A 
 1885      5C372E72 
 1885      656E7461 
 1886 01d5 6765735C 		.ascii	"ges\\EntranceGuard_171019-12.50\\BLE_OTA_External_M"
 1886      456E7472 
 1886      616E6365 
 1886      47756172 
 1886      645F3137 
 1887 0206 656D6F72 		.ascii	"emory_Bootloader01.cydsn\000"
 1887      795F426F 
 1887      6F746C6F 
 1887      61646572 
 1887      30312E63 
 1888              	.LASF23:
 1889 021f 464C4153 		.ascii	"FLASH_SPI_Init\000"
 1889      485F5350 
 1889      495F496E 
 1889      697400
 1890              	.LASF8:
 1891 022e 756E7369 		.ascii	"unsigned int\000"
 1891      676E6564 
 1891      20696E74 
 1891      00
 1892              	.LASF17:
 1893 023b 494E5438 		.ascii	"INT8U\000"
 1893      5500
 1894              	.LASF7:
 1895 0241 6C6F6E67 		.ascii	"long long unsigned int\000"
 1895      206C6F6E 
 1895      6720756E 
 1895      7369676E 
 1895      65642069 
 1896              	.LASF10:
 1897 0258 75696E74 		.ascii	"uint8_t\000"
 1897      385F7400 
 1898              	.LASF16:
 1899 0260 73697A65 		.ascii	"sizetype\000"
 1899      74797065 
 1899      00
 1900              	.LASF39:
 1901 0269 464C4153 		.ascii	"FLASH_NCS_Write\000"
 1901      485F4E43 
 1901      535F5772 
 1901      69746500 
 1902              	.LASF6:
 1903 0279 6C6F6E67 		.ascii	"long long int\000"
 1903      206C6F6E 
 1903      6720696E 
ARM GAS  C:\Users\Administrator\AppData\Local\Temp\cclqVYym.s 			page 40


 1903      7400
 1904              	.LASF31:
 1905 0287 43794465 		.ascii	"CyDelayUs\000"
 1905      6C617955 
 1905      7300
 1906              	.LASF25:
 1907 0291 73657175 		.ascii	"sequence_length\000"
 1907      656E6365 
 1907      5F6C656E 
 1907      67746800 
 1908              	.LASF18:
 1909 02a1 75635265 		.ascii	"ucRegAddr\000"
 1909      67416464 
 1909      7200
 1910              	.LASF2:
 1911 02ab 73686F72 		.ascii	"short int\000"
 1911      7420696E 
 1911      7400
 1912              	.LASF38:
 1913 02b5 464C4153 		.ascii	"FLASH_MISO_Read\000"
 1913      485F4D49 
 1913      534F5F52 
 1913      65616400 
 1914              	.LASF27:
 1915 02c5 464C4153 		.ascii	"FLASH_SPIWrite_Sequence\000"
 1915      485F5350 
 1915      49577269 
 1915      74655F53 
 1915      65717565 
 1916              	.LASF4:
 1917 02dd 6C6F6E67 		.ascii	"long int\000"
 1917      20696E74 
 1917      00
 1918              	.LASF34:
 1919 02e6 436F6465 		.ascii	"Code\\W25Qxx\\flash_spi.c\000"
 1919      5C573235 
 1919      5178785C 
 1919      666C6173 
 1919      685F7370 
 1920              	.LASF0:
 1921 02fe 7369676E 		.ascii	"signed char\000"
 1921      65642063 
 1921      68617200 
 1922              	.LASF29:
 1923 030a 74786461 		.ascii	"txdata\000"
 1923      746100
 1924              		.ident	"GCC: (GNU Tools for ARM Embedded Processors) 4.9.3 20150303 (release) [ARM/embedded-4_9-br
