--------------- Rebuild Started: 09/21/2017 09:12:22 Project: BLE_OTA_External_Memory_Bootloader01, Configuration: ARM GCC 4.9-2015-q1-update Debug ---------------
Deleting file ".\CortexM0\ARM_GCC_493\Debug\boot.o"
Deleting file ".\CortexM0\ARM_GCC_493\Debug\flash_spi.o"
Deleting file ".\CortexM0\ARM_GCC_493\Debug\w25qxx.o"
Deleting file ".\CortexM0\ARM_GCC_493\Debug\main.o"
Deleting file ".\CortexM0\ARM_GCC_493\Debug\debug.o"
Deleting file ".\CortexM0\ARM_GCC_493\Debug\OTAMandatory.o"
Deleting file ".\CortexM0\ARM_GCC_493\Debug\OTAOptional.o"
Deleting file ".\CortexM0\ARM_GCC_493\Debug\cyfitter_cfg.o"
Deleting file ".\CortexM0\ARM_GCC_493\Debug\cymetadata.o"
Deleting file ".\CortexM0\ARM_GCC_493\Debug\Bootloader.o"
Deleting file ".\CortexM0\ARM_GCC_493\Debug\UART_AsmGnu.o"
Deleting file ".\CortexM0\ARM_GCC_493\Debug\UART.o"
Deleting file ".\CortexM0\ARM_GCC_493\Debug\BLE.o"
Deleting file ".\CortexM0\ARM_GCC_493\Debug\BLE_gatt.o"
Deleting file ".\CortexM0\ARM_GCC_493\Debug\BLE_eventHandler.o"
Deleting file ".\CortexM0\ARM_GCC_493\Debug\BLE_HAL_INT.o"
Deleting file ".\CortexM0\ARM_GCC_493\Debug\BLE_HAL_PVT.o"
Deleting file ".\CortexM0\ARM_GCC_493\Debug\BLE_custom.o"
Deleting file ".\CortexM0\ARM_GCC_493\Debug\BLE_bts.o"
Deleting file ".\CortexM0\ARM_GCC_493\Debug\BLE_bless_isr.o"
Deleting file ".\CortexM0\ARM_GCC_493\Debug\Cm0Start.o"
Deleting file ".\CortexM0\ARM_GCC_493\Debug\CyBootAsmGnu.o"
Deleting file ".\CortexM0\ARM_GCC_493\Debug\CyFlash.o"
Deleting file ".\CortexM0\ARM_GCC_493\Debug\CyLib.o"
Deleting file ".\CortexM0\ARM_GCC_493\Debug\cyPm.o"
Deleting file ".\CortexM0\ARM_GCC_493\Debug\cyutils.o"
Deleting file ".\CortexM0\ARM_GCC_493\Debug\CyLFClk.o"
Deleting file ".\CortexM0\ARM_GCC_493\Debug\FLASH_NCS.o"
Deleting file ".\CortexM0\ARM_GCC_493\Debug\FLASH_NCS_PM.o"
Deleting file ".\CortexM0\ARM_GCC_493\Debug\FLASH_SCK.o"
Deleting file ".\CortexM0\ARM_GCC_493\Debug\FLASH_SCK_PM.o"
Deleting file ".\CortexM0\ARM_GCC_493\Debug\FLASH_MISO.o"
Deleting file ".\CortexM0\ARM_GCC_493\Debug\FLASH_MISO_PM.o"
Deleting file ".\CortexM0\ARM_GCC_493\Debug\FLASH_MOSI.o"
Deleting file ".\CortexM0\ARM_GCC_493\Debug\FLASH_MOSI_PM.o"
Deleting file ".\CortexM0\ARM_GCC_493\Debug\BLE_OTA_External_Memory_Bootloader01.hex"
Deleting file ".\CortexM0\ARM_GCC_493\Debug\BLE_OTA_External_Memory_Bootloader01.elf"
Deleting file ".\CortexM0\ARM_GCC_493\Debug\BLE_OTA_External_Memory_Bootloader01.map"
Deleting file ".\BLE_OTA_External_Memory_Bootloader01.cycdx"
Deleting file ".\BLE_OTA_External_Memory_Bootloader01.rpt"
Deleting file ".\BLE_OTA_External_Memory_Bootloader01_timing.html"
Deleting file ".\CortexM0\ARM_GCC_493\Debug\.deps\SOURCE_C__ARM_GCC_GENERIC.P"
Deleting file ".\CortexM0\ARM_GCC_493\Debug\.deps\SOURCE_ASM__ARM_GCC_GENERIC.P"
cydsfit.exe -.appdatapath "C:\Users\Administrator\AppData\Local\Cypress Semiconductor\PSoC Creator\4.0" -.fdsnotice -.fdswarpdepfile=warp_dependencies.txt -.fdselabdepfile=elab_dependencies.txt -.fdsbldfile=generated_files.txt -.fdsreffile=referenced_files.txt -p C:\Users\Administrator\Desktop\EntranceGuard\BLE_OTA_External_Memory_Bootloader01.cydsn\BLE_OTA_External_Memory_Bootloader01.cyprj -d CYBL10573-56LQXI -s C:\Users\Administrator\Desktop\EntranceGuard\BLE_OTA_External_Memory_Bootloader01.cydsn\Generated_Source\PSoC4 -- -yv2 -q10 -ygs -o2 -v3 -.fftcfgtype=LE
Elaborating Design...
HDL Generation...
Synthesis...
Tech Mapping...
Analog Placement...
Analog Routing...
Analog Code Generation...
Digital Placement...
Digital Routing...
Bitstream Generation...
Bitstream Verification...
Static timing analysis...
API Generation...
Dependency Generation...
Cleanup...
arm-none-eabi-gcc.exe -mcpu=cortex-m0 -mthumb -I.\Code -I.\Code\BOOT -I.\Code\W25Qxx -I. -IGenerated_Source\PSoC4 -Wa,-alh=.\CortexM0\ARM_GCC_493\Debug/boot.lst -g -D DEBUG -Wall -ffunction-sections -Os -ffat-lto-objects -c Code\BOOT\boot.c -o .\CortexM0\ARM_GCC_493\Debug\boot.o
arm-none-eabi-gcc.exe -mcpu=cortex-m0 -mthumb -I.\Code -I.\Code\BOOT -I.\Code\W25Qxx -I. -IGenerated_Source\PSoC4 -Wa,-alh=.\CortexM0\ARM_GCC_493\Debug/flash_spi.lst -g -D DEBUG -Wall -ffunction-sections -Os -ffat-lto-objects -c Code\W25Qxx\flash_spi.c -o .\CortexM0\ARM_GCC_493\Debug\flash_spi.o
arm-none-eabi-gcc.exe -mcpu=cortex-m0 -mthumb -I.\Code -I.\Code\BOOT -I.\Code\W25Qxx -I. -IGenerated_Source\PSoC4 -Wa,-alh=.\CortexM0\ARM_GCC_493\Debug/w25qxx.lst -g -D DEBUG -Wall -ffunction-sections -Os -ffat-lto-objects -c Code\W25Qxx\w25qxx.c -o .\CortexM0\ARM_GCC_493\Debug\w25qxx.o
arm-none-eabi-gcc.exe -mcpu=cortex-m0 -mthumb -I.\Code -I.\Code\BOOT -I.\Code\W25Qxx -I. -IGenerated_Source\PSoC4 -Wa,-alh=.\CortexM0\ARM_GCC_493\Debug/main.lst -g -D DEBUG -Wall -ffunction-sections -Os -ffat-lto-objects -c main.c -o .\CortexM0\ARM_GCC_493\Debug\main.o
arm-none-eabi-gcc.exe -mcpu=cortex-m0 -mthumb -I.\Code -I.\Code\BOOT -I.\Code\W25Qxx -I. -IGenerated_Source\PSoC4 -Wa,-alh=.\CortexM0\ARM_GCC_493\Debug/debug.lst -g -D DEBUG -Wall -ffunction-sections -Os -ffat-lto-objects -c debug.c -o .\CortexM0\ARM_GCC_493\Debug\debug.o
arm-none-eabi-gcc.exe -mcpu=cortex-m0 -mthumb -I.\Code -I.\Code\BOOT -I.\Code\W25Qxx -I. -IGenerated_Source\PSoC4 -Wa,-alh=.\CortexM0\ARM_GCC_493\Debug/OTAMandatory.lst -g -D DEBUG -Wall -ffunction-sections -Os -ffat-lto-objects -c OTAMandatory.c -o .\CortexM0\ARM_GCC_493\Debug\OTAMandatory.o
arm-none-eabi-gcc.exe -mcpu=cortex-m0 -mthumb -I.\Code -I.\Code\BOOT -I.\Code\W25Qxx -I. -IGenerated_Source\PSoC4 -Wa,-alh=.\CortexM0\ARM_GCC_493\Debug/OTAOptional.lst -g -D DEBUG -Wall -ffunction-sections -Os -ffat-lto-objects -c OTAOptional.c -o .\CortexM0\ARM_GCC_493\Debug\OTAOptional.o
arm-none-eabi-gcc.exe -mcpu=cortex-m0 -mthumb -I.\Code -I.\Code\BOOT -I.\Code\W25Qxx -I. -IGenerated_Source\PSoC4 -Wa,-alh=.\CortexM0\ARM_GCC_493\Debug/cyfitter_cfg.lst -g -D DEBUG -Wall -ffunction-sections -Os -ffat-lto-objects -c Generated_Source\PSoC4\cyfitter_cfg.c -o .\CortexM0\ARM_GCC_493\Debug\cyfitter_cfg.o
arm-none-eabi-gcc.exe -mcpu=cortex-m0 -mthumb -I.\Code -I.\Code\BOOT -I.\Code\W25Qxx -I. -IGenerated_Source\PSoC4 -Wa,-alh=.\CortexM0\ARM_GCC_493\Debug/cymetadata.lst -g -D DEBUG -Wall -ffunction-sections -Os -ffat-lto-objects -c Generated_Source\PSoC4\cymetadata.c -o .\CortexM0\ARM_GCC_493\Debug\cymetadata.o
arm-none-eabi-gcc.exe -mcpu=cortex-m0 -mthumb -I.\Code -I.\Code\BOOT -I.\Code\W25Qxx -I. -IGenerated_Source\PSoC4 -Wa,-alh=.\CortexM0\ARM_GCC_493\Debug/Bootloader.lst -g -D DEBUG -Wall -ffunction-sections -Os -ffat-lto-objects -c Generated_Source\PSoC4\Bootloader.c -o .\CortexM0\ARM_GCC_493\Debug\Bootloader.o
arm-none-eabi-gcc.exe -mcpu=cortex-m0 -mthumb -I.\Code -I.\Code\BOOT -I.\Code\W25Qxx -I. -IGenerated_Source\PSoC4 -Wa,-alh=.\CortexM0\ARM_GCC_493\Debug/UART.lst -g -D DEBUG -Wall -ffunction-sections -Os -ffat-lto-objects -c Generated_Source\PSoC4\UART.c -o .\CortexM0\ARM_GCC_493\Debug\UART.o
arm-none-eabi-gcc.exe -mcpu=cortex-m0 -mthumb -I.\Code -I.\Code\BOOT -I.\Code\W25Qxx -I. -IGenerated_Source\PSoC4 -Wa,-alh=.\CortexM0\ARM_GCC_493\Debug/BLE.lst -g -D DEBUG -Wall -ffunction-sections -Os -ffat-lto-objects -c Generated_Source\PSoC4\BLE.c -o .\CortexM0\ARM_GCC_493\Debug\BLE.o
arm-none-eabi-gcc.exe -mcpu=cortex-m0 -mthumb -I.\Code -I.\Code\BOOT -I.\Code\W25Qxx -I. -IGenerated_Source\PSoC4 -Wa,-alh=.\CortexM0\ARM_GCC_493\Debug/BLE_gatt.lst -g -D DEBUG -Wall -ffunction-sections -Os -ffat-lto-objects -c Generated_Source\PSoC4\BLE_gatt.c -o .\CortexM0\ARM_GCC_493\Debug\BLE_gatt.o
arm-none-eabi-gcc.exe -mcpu=cortex-m0 -mthumb -I.\Code -I.\Code\BOOT -I.\Code\W25Qxx -I. -IGenerated_Source\PSoC4 -Wa,-alh=.\CortexM0\ARM_GCC_493\Debug/BLE_eventHandler.lst -g -D DEBUG -Wall -ffunction-sections -Os -ffat-lto-objects -c Generated_Source\PSoC4\BLE_eventHandler.c -o .\CortexM0\ARM_GCC_493\Debug\BLE_eventHandler.o
arm-none-eabi-gcc.exe -mcpu=cortex-m0 -mthumb -I.\Code -I.\Code\BOOT -I.\Code\W25Qxx -I. -IGenerated_Source\PSoC4 -Wa,-alh=.\CortexM0\ARM_GCC_493\Debug/BLE_HAL_INT.lst -g -D DEBUG -Wall -ffunction-sections -Os -ffat-lto-objects -c Generated_Source\PSoC4\BLE_HAL_INT.c -o .\CortexM0\ARM_GCC_493\Debug\BLE_HAL_INT.o
arm-none-eabi-gcc.exe -mcpu=cortex-m0 -mthumb -I.\Code -I.\Code\BOOT -I.\Code\W25Qxx -I. -IGenerated_Source\PSoC4 -Wa,-alh=.\CortexM0\ARM_GCC_493\Debug/BLE_HAL_PVT.lst -g -D DEBUG -Wall -ffunction-sections -Os -ffat-lto-objects -c Generated_Source\PSoC4\BLE_HAL_PVT.c -o .\CortexM0\ARM_GCC_493\Debug\BLE_HAL_PVT.o
arm-none-eabi-gcc.exe -mcpu=cortex-m0 -mthumb -I.\Code -I.\Code\BOOT -I.\Code\W25Qxx -I. -IGenerated_Source\PSoC4 -Wa,-alh=.\CortexM0\ARM_GCC_493\Debug/BLE_custom.lst -g -D DEBUG -Wall -ffunction-sections -Os -ffat-lto-objects -c Generated_Source\PSoC4\BLE_custom.c -o .\CortexM0\ARM_GCC_493\Debug\BLE_custom.o
arm-none-eabi-gcc.exe -mcpu=cortex-m0 -mthumb -I.\Code -I.\Code\BOOT -I.\Code\W25Qxx -I. -IGenerated_Source\PSoC4 -Wa,-alh=.\CortexM0\ARM_GCC_493\Debug/BLE_bts.lst -g -D DEBUG -Wall -ffunction-sections -Os -ffat-lto-objects -c Generated_Source\PSoC4\BLE_bts.c -o .\CortexM0\ARM_GCC_493\Debug\BLE_bts.o
arm-none-eabi-gcc.exe -mcpu=cortex-m0 -mthumb -I.\Code -I.\Code\BOOT -I.\Code\W25Qxx -I. -IGenerated_Source\PSoC4 -Wa,-alh=.\CortexM0\ARM_GCC_493\Debug/BLE_bless_isr.lst -g -D DEBUG -Wall -ffunction-sections -Os -ffat-lto-objects -c Generated_Source\PSoC4\BLE_bless_isr.c -o .\CortexM0\ARM_GCC_493\Debug\BLE_bless_isr.o
arm-none-eabi-gcc.exe -mcpu=cortex-m0 -mthumb -I.\Code -I.\Code\BOOT -I.\Code\W25Qxx -I. -IGenerated_Source\PSoC4 -Wa,-alh=.\CortexM0\ARM_GCC_493\Debug/Cm0Start.lst -g -D DEBUG -Wall -ffunction-sections -Os -ffat-lto-objects -c Generated_Source\PSoC4\Cm0Start.c -o .\CortexM0\ARM_GCC_493\Debug\Cm0Start.o
arm-none-eabi-gcc.exe -mcpu=cortex-m0 -mthumb -I.\Code -I.\Code\BOOT -I.\Code\W25Qxx -I. -IGenerated_Source\PSoC4 -Wa,-alh=.\CortexM0\ARM_GCC_493\Debug/CyFlash.lst -g -D DEBUG -Wall -ffunction-sections -Os -ffat-lto-objects -c Generated_Source\PSoC4\CyFlash.c -o .\CortexM0\ARM_GCC_493\Debug\CyFlash.o
arm-none-eabi-gcc.exe -mcpu=cortex-m0 -mthumb -I.\Code -I.\Code\BOOT -I.\Code\W25Qxx -I. -IGenerated_Source\PSoC4 -Wa,-alh=.\CortexM0\ARM_GCC_493\Debug/CyLib.lst -g -D DEBUG -Wall -ffunction-sections -Os -ffat-lto-objects -c Generated_Source\PSoC4\CyLib.c -o .\CortexM0\ARM_GCC_493\Debug\CyLib.o
arm-none-eabi-gcc.exe -mcpu=cortex-m0 -mthumb -I.\Code -I.\Code\BOOT -I.\Code\W25Qxx -I. -IGenerated_Source\PSoC4 -Wa,-alh=.\CortexM0\ARM_GCC_493\Debug/cyPm.lst -g -D DEBUG -Wall -ffunction-sections -Os -ffat-lto-objects -c Generated_Source\PSoC4\cyPm.c -o .\CortexM0\ARM_GCC_493\Debug\cyPm.o
arm-none-eabi-gcc.exe -mcpu=cortex-m0 -mthumb -I.\Code -I.\Code\BOOT -I.\Code\W25Qxx -I. -IGenerated_Source\PSoC4 -Wa,-alh=.\CortexM0\ARM_GCC_493\Debug/cyutils.lst -g -D DEBUG -Wall -ffunction-sections -Os -ffat-lto-objects -c Generated_Source\PSoC4\cyutils.c -o .\CortexM0\ARM_GCC_493\Debug\cyutils.o
arm-none-eabi-gcc.exe -mcpu=cortex-m0 -mthumb -I.\Code -I.\Code\BOOT -I.\Code\W25Qxx -I. -IGenerated_Source\PSoC4 -Wa,-alh=.\CortexM0\ARM_GCC_493\Debug/CyLFClk.lst -g -D DEBUG -Wall -ffunction-sections -Os -ffat-lto-objects -c Generated_Source\PSoC4\CyLFClk.c -o .\CortexM0\ARM_GCC_493\Debug\CyLFClk.o
arm-none-eabi-gcc.exe -mcpu=cortex-m0 -mthumb -I.\Code -I.\Code\BOOT -I.\Code\W25Qxx -I. -IGenerated_Source\PSoC4 -Wa,-alh=.\CortexM0\ARM_GCC_493\Debug/FLASH_NCS.lst -g -D DEBUG -Wall -ffunction-sections -Os -ffat-lto-objects -c Generated_Source\PSoC4\FLASH_NCS.c -o .\CortexM0\ARM_GCC_493\Debug\FLASH_NCS.o
arm-none-eabi-gcc.exe -mcpu=cortex-m0 -mthumb -I.\Code -I.\Code\BOOT -I.\Code\W25Qxx -I. -IGenerated_Source\PSoC4 -Wa,-alh=.\CortexM0\ARM_GCC_493\Debug/FLASH_NCS_PM.lst -g -D DEBUG -Wall -ffunction-sections -Os -ffat-lto-objects -c Generated_Source\PSoC4\FLASH_NCS_PM.c -o .\CortexM0\ARM_GCC_493\Debug\FLASH_NCS_PM.o
arm-none-eabi-gcc.exe -mcpu=cortex-m0 -mthumb -I.\Code -I.\Code\BOOT -I.\Code\W25Qxx -I. -IGenerated_Source\PSoC4 -Wa,-alh=.\CortexM0\ARM_GCC_493\Debug/FLASH_SCK.lst -g -D DEBUG -Wall -ffunction-sections -Os -ffat-lto-objects -c Generated_Source\PSoC4\FLASH_SCK.c -o .\CortexM0\ARM_GCC_493\Debug\FLASH_SCK.o
arm-none-eabi-gcc.exe -mcpu=cortex-m0 -mthumb -I.\Code -I.\Code\BOOT -I.\Code\W25Qxx -I. -IGenerated_Source\PSoC4 -Wa,-alh=.\CortexM0\ARM_GCC_493\Debug/FLASH_SCK_PM.lst -g -D DEBUG -Wall -ffunction-sections -Os -ffat-lto-objects -c Generated_Source\PSoC4\FLASH_SCK_PM.c -o .\CortexM0\ARM_GCC_493\Debug\FLASH_SCK_PM.o
arm-none-eabi-gcc.exe -mcpu=cortex-m0 -mthumb -I.\Code -I.\Code\BOOT -I.\Code\W25Qxx -I. -IGenerated_Source\PSoC4 -Wa,-alh=.\CortexM0\ARM_GCC_493\Debug/FLASH_MISO.lst -g -D DEBUG -Wall -ffunction-sections -Os -ffat-lto-objects -c Generated_Source\PSoC4\FLASH_MISO.c -o .\CortexM0\ARM_GCC_493\Debug\FLASH_MISO.o
arm-none-eabi-gcc.exe -mcpu=cortex-m0 -mthumb -I.\Code -I.\Code\BOOT -I.\Code\W25Qxx -I. -IGenerated_Source\PSoC4 -Wa,-alh=.\CortexM0\ARM_GCC_493\Debug/FLASH_MISO_PM.lst -g -D DEBUG -Wall -ffunction-sections -Os -ffat-lto-objects -c Generated_Source\PSoC4\FLASH_MISO_PM.c -o .\CortexM0\ARM_GCC_493\Debug\FLASH_MISO_PM.o
arm-none-eabi-gcc.exe -mcpu=cortex-m0 -mthumb -I.\Code -I.\Code\BOOT -I.\Code\W25Qxx -I. -IGenerated_Source\PSoC4 -Wa,-alh=.\CortexM0\ARM_GCC_493\Debug/FLASH_MOSI.lst -g -D DEBUG -Wall -ffunction-sections -Os -ffat-lto-objects -c Generated_Source\PSoC4\FLASH_MOSI.c -o .\CortexM0\ARM_GCC_493\Debug\FLASH_MOSI.o
arm-none-eabi-gcc.exe -mcpu=cortex-m0 -mthumb -I.\Code -I.\Code\BOOT -I.\Code\W25Qxx -I. -IGenerated_Source\PSoC4 -Wa,-alh=.\CortexM0\ARM_GCC_493\Debug/FLASH_MOSI_PM.lst -g -D DEBUG -Wall -ffunction-sections -Os -ffat-lto-objects -c Generated_Source\PSoC4\FLASH_MOSI_PM.c -o .\CortexM0\ARM_GCC_493\Debug\FLASH_MOSI_PM.o
arm-none-eabi-as.exe -mcpu=cortex-m0 -mthumb -I. -IGenerated_Source\PSoC4 -alh=.\CortexM0\ARM_GCC_493\Debug/UART_AsmGnu.lst -g -W -o .\CortexM0\ARM_GCC_493\Debug\UART_AsmGnu.o Generated_Source\PSoC4\UART_AsmGnu.s
arm-none-eabi-as.exe -mcpu=cortex-m0 -mthumb -I. -IGenerated_Source\PSoC4 -alh=.\CortexM0\ARM_GCC_493\Debug/CyBootAsmGnu.lst -g -W -o .\CortexM0\ARM_GCC_493\Debug\CyBootAsmGnu.o Generated_Source\PSoC4\CyBootAsmGnu.s
arm-none-eabi-ar.exe -rs .\CortexM0\ARM_GCC_493\Debug\BLE_OTA_External_Memory_Bootloader01.a .\CortexM0\ARM_GCC_493\Debug\cyfitter_cfg.o .\CortexM0\ARM_GCC_493\Debug\Bootloader.o .\CortexM0\ARM_GCC_493\Debug\UART.o .\CortexM0\ARM_GCC_493\Debug\BLE.o .\CortexM0\ARM_GCC_493\Debug\BLE_gatt.o .\CortexM0\ARM_GCC_493\Debug\BLE_eventHandler.o .\CortexM0\ARM_GCC_493\Debug\BLE_HAL_INT.o .\CortexM0\ARM_GCC_493\Debug\BLE_HAL_PVT.o .\CortexM0\ARM_GCC_493\Debug\BLE_custom.o .\CortexM0\ARM_GCC_493\Debug\BLE_bts.o .\CortexM0\ARM_GCC_493\Debug\BLE_bless_isr.o .\CortexM0\ARM_GCC_493\Debug\CyFlash.o .\CortexM0\ARM_GCC_493\Debug\CyLib.o .\CortexM0\ARM_GCC_493\Debug\cyPm.o .\CortexM0\ARM_GCC_493\Debug\cyutils.o .\CortexM0\ARM_GCC_493\Debug\CyLFClk.o .\CortexM0\ARM_GCC_493\Debug\FLASH_NCS.o .\CortexM0\ARM_GCC_493\Debug\FLASH_NCS_PM.o .\CortexM0\ARM_GCC_493\Debug\FLASH_SCK.o .\CortexM0\ARM_GCC_493\Debug\FLASH_SCK_PM.o .\CortexM0\ARM_GCC_493\Debug\FLASH_MISO.o .\CortexM0\ARM_GCC_493\Debug\FLASH_MISO_PM.o .\CortexM0\ARM_GCC_493\Debug\FLASH_MOSI.o .\CortexM0\ARM_GCC_493\Debug\FLASH_MOSI_PM.o .\CortexM0\ARM_GCC_493\Debug\UART_AsmGnu.o .\CortexM0\ARM_GCC_493\Debug\CyBootAsmGnu.o
arm-none-eabi-ar.exe: creating .\CortexM0\ARM_GCC_493\Debug\BLE_OTA_External_Memory_Bootloader01.a
arm-none-eabi-gcc.exe -Wl,--start-group -o .\CortexM0\ARM_GCC_493\Debug\BLE_OTA_External_Memory_Bootloader01.elf .\CortexM0\ARM_GCC_493\Debug\boot.o .\CortexM0\ARM_GCC_493\Debug\flash_spi.o .\CortexM0\ARM_GCC_493\Debug\w25qxx.o .\CortexM0\ARM_GCC_493\Debug\main.o .\CortexM0\ARM_GCC_493\Debug\debug.o .\CortexM0\ARM_GCC_493\Debug\OTAMandatory.o .\CortexM0\ARM_GCC_493\Debug\OTAOptional.o .\CortexM0\ARM_GCC_493\Debug\cymetadata.o .\CortexM0\ARM_GCC_493\Debug\Cm0Start.o .\CortexM0\ARM_GCC_493\Debug\BLE_OTA_External_Memory_Bootloader01.a "C:\Program Files\Cypress\PSoC Creator\4.0\PSoC Creator\psoc\content\cycomponentlibrary\CyComponentLibrary.cylib\BLE_v3_10\Library\gccCyBLEStack_BLE_SOC_PERIPHERAL.a" "C:\Program Files\Cypress\PSoC Creator\4.0\PSoC Creator\psoc\content\cycomponentlibrary\CyComponentLibrary.cylib\CortexM0\ARM_GCC_493\Debug\CyComponentLibrary.a" -mcpu=cortex-m0 -mthumb -g -ffunction-sections -Os -ffat-lto-objects -L Generated_Source\PSoC4 -Wl,-Map,.\CortexM0\ARM_GCC_493\Debug/BLE_OTA_External_Memory_Bootloader01.map -T .\cm0gcc.ld -specs=nano.specs -Wl,--gc-sections -Wl,--end-group
cyelftool.exe -P C:\Users\Administrator\Desktop\EntranceGuard\BLE_OTA_External_Memory_Bootloader01.cydsn\CortexM0\ARM_GCC_493\Debug\BLE_OTA_External_Memory_Bootloader01.elf --flash_row_size 256 --flash_size 262144 --size_var_name Bootloader_SizeBytes --checksum_var_name Bootloader_Checksum --ignore 0xC0
cyelftool.exe -S C:\Users\Administrator\Desktop\EntranceGuard\BLE_OTA_External_Memory_Bootloader01.cydsn\CortexM0\ARM_GCC_493\Debug\BLE_OTA_External_Memory_Bootloader01.elf
Flash used: 90011 of 262144 bytes (34.3%). Application: 89755 bytes. Metadata: 256 bytes.
SRAM used: 12100 of 32768 bytes (36.9%). Stack: 2048 bytes. Heap: 1024 bytes.
--------------- Rebuild Succeeded: 09/21/2017 09:12:37 ---------------
