ARM GAS  C:\Users\zhiantec\AppData\Local\Temp\ccS9RUda.s 			page 1


   1              		.cpu cortex-m0
   2              		.fpu softvfp
   3              		.eabi_attribute 20, 1
   4              		.eabi_attribute 21, 1
   5              		.eabi_attribute 23, 3
   6              		.eabi_attribute 24, 1
   7              		.eabi_attribute 25, 1
   8              		.eabi_attribute 26, 1
   9              		.eabi_attribute 30, 4
  10              		.eabi_attribute 34, 0
  11              		.eabi_attribute 18, 4
  12              		.code	16
  13              		.file	"Aesecb.c"
  14              		.text
  15              	.Ltext0:
  16              		.cfi_sections	.debug_frame
  17              		.section	.text.bt_lock_open_crypto,"ax",%progbits
  18              		.align	1
  19              		.global	bt_lock_open_crypto
  20              		.code	16
  21              		.thumb_func
  22              		.type	bt_lock_open_crypto, %function
  23              	bt_lock_open_crypto:
  24              	.LFB63:
  25              		.file 1 "Code\\Common\\crypt\\Aesecb.c"
   1:Code\Common\crypt/Aesecb.c **** #include <string.h>
   2:Code\Common\crypt/Aesecb.c **** #include <project.h>
   3:Code\Common\crypt/Aesecb.c **** #include "crypt.h"
   4:Code\Common\crypt/Aesecb.c **** #include "common.h"
   5:Code\Common\crypt/Aesecb.c **** #include "align.h"
   6:Code\Common\crypt/Aesecb.c **** 
   7:Code\Common\crypt/Aesecb.c **** #ifdef CONFIG_AES_ECB
   8:Code\Common\crypt/Aesecb.c **** 
   9:Code\Common\crypt/Aesecb.c **** #ifdef ARCH_CC2640
  10:Code\Common\crypt/Aesecb.c **** CryptoCC26XX_Handle crypto_hdl;
  11:Code\Common\crypt/Aesecb.c **** CryptoCC26XX_Params crypto_param;
  12:Code\Common\crypt/Aesecb.c **** #endif
  13:Code\Common\crypt/Aesecb.c **** 
  14:Code\Common\crypt/Aesecb.c **** const uint8 nonce[13] = {0xef, 0xef, 0xca, 0xb3, 0x92, 0x9e, 0xc3, 0xc7, 0x12, 0x38, 0x1d, 0xcd, 0x
  15:Code\Common\crypt/Aesecb.c **** 
  16:Code\Common\crypt/Aesecb.c **** int bt_lock_open_crypto(void) 
  17:Code\Common\crypt/Aesecb.c **** {
  26              		.loc 1 17 0
  27              		.cfi_startproc
  18:Code\Common\crypt/Aesecb.c **** #ifdef ARCH_CC2640
  19:Code\Common\crypt/Aesecb.c **** 	CryptoCC26XX_init();
  20:Code\Common\crypt/Aesecb.c **** 	CryptoCC26XX_Params_init(&crypto_param);
  21:Code\Common\crypt/Aesecb.c **** 	crypto_hdl = CryptoCC26XX_open(0, 1, &crypto_param);
  22:Code\Common\crypt/Aesecb.c **** 	if (crypto_hdl == NULL)
  23:Code\Common\crypt/Aesecb.c **** 		return -1;
  24:Code\Common\crypt/Aesecb.c **** #endif
  25:Code\Common\crypt/Aesecb.c **** 	return 0;
  26:Code\Common\crypt/Aesecb.c **** }
  28              		.loc 1 26 0
  29 0000 0020     		mov	r0, #0
  30              		@ sp needed
  31 0002 7047     		bx	lr
ARM GAS  C:\Users\zhiantec\AppData\Local\Temp\ccS9RUda.s 			page 2


  32              		.cfi_endproc
  33              	.LFE63:
  34              		.size	bt_lock_open_crypto, .-bt_lock_open_crypto
  35              		.section	.text.bt_lock_crypto,"ax",%progbits
  36              		.align	1
  37              		.global	bt_lock_crypto
  38              		.code	16
  39              		.thumb_func
  40              		.type	bt_lock_crypto, %function
  41              	bt_lock_crypto:
  42              	.LFB64:
  27:Code\Common\crypt/Aesecb.c **** 
  28:Code\Common\crypt/Aesecb.c **** int bt_lock_crypto(uint8_t *key, uint8_t *in, uint8_t *out, uint32_t len, uint8_t enc_dec) 
  29:Code\Common\crypt/Aesecb.c **** {
  43              		.loc 1 29 0
  44              		.cfi_startproc
  45              	.LVL0:
  46 0000 F7B5     		push	{r0, r1, r2, r4, r5, r6, r7, lr}
  47              		.cfi_def_cfa_offset 32
  48              		.cfi_offset 0, -32
  49              		.cfi_offset 1, -28
  50              		.cfi_offset 2, -24
  51              		.cfi_offset 4, -20
  52              		.cfi_offset 5, -16
  53              		.cfi_offset 6, -12
  54              		.cfi_offset 7, -8
  55              		.cfi_offset 14, -4
  56              		.loc 1 29 0
  57 0002 051C     		mov	r5, r0
  58 0004 0E1C     		mov	r6, r1
  59 0006 171C     		mov	r7, r2
  30:Code\Common\crypt/Aesecb.c **** 	uint32_t i;
  31:Code\Common\crypt/Aesecb.c **** 	int ret = 0;
  32:Code\Common\crypt/Aesecb.c **** #ifdef ARCH_CC2640
  33:Code\Common\crypt/Aesecb.c **** 	int key_index;
  34:Code\Common\crypt/Aesecb.c **** 	CryptoCC26XX_AESECB_Transaction ecb_trans;
  35:Code\Common\crypt/Aesecb.c **** 
  36:Code\Common\crypt/Aesecb.c **** 	if (NULL == crypto_hdl)
  37:Code\Common\crypt/Aesecb.c **** 		return -1;
  38:Code\Common\crypt/Aesecb.c **** 	
  39:Code\Common\crypt/Aesecb.c **** 	CryptoCC26XX_Transac_init((CryptoCC26XX_Transaction*)&ecb_trans, 
  40:Code\Common\crypt/Aesecb.c **** 		enc_dec? CRYPTOCC26XX_OP_AES_ECB: CRYPTOCC26XX_OP_AES_ECB_NOCRYPT);
  41:Code\Common\crypt/Aesecb.c **** 	key_index = CryptoCC26XX_allocateKey(crypto_hdl, CRYPTOCC26XX_KEY_ANY, (uint32_t*)key);
  42:Code\Common\crypt/Aesecb.c **** 	if (key_index < 0)
  43:Code\Common\crypt/Aesecb.c **** 		return -1;
  44:Code\Common\crypt/Aesecb.c **** 
  45:Code\Common\crypt/Aesecb.c **** 	for(i = 0; i < len; i+=16) {
  46:Code\Common\crypt/Aesecb.c **** 		ecb_trans.keyIndex	= key_index;
  47:Code\Common\crypt/Aesecb.c **** 		ecb_trans.msgIn		= &in[i];
  48:Code\Common\crypt/Aesecb.c **** 		ecb_trans.msgOut	= &out[i];
  49:Code\Common\crypt/Aesecb.c **** 		ret = CryptoCC26XX_transact(crypto_hdl, (CryptoCC26XX_Transaction*)&ecb_trans);
  50:Code\Common\crypt/Aesecb.c **** 		if (ret != 0) {
  51:Code\Common\crypt/Aesecb.c **** 			ret = -1;
  52:Code\Common\crypt/Aesecb.c **** 			break;
  53:Code\Common\crypt/Aesecb.c **** 		}
  54:Code\Common\crypt/Aesecb.c **** 	}
  55:Code\Common\crypt/Aesecb.c **** 	
ARM GAS  C:\Users\zhiantec\AppData\Local\Temp\ccS9RUda.s 			page 3


  56:Code\Common\crypt/Aesecb.c **** 	CryptoCC26XX_releaseKey(crypto_hdl, &key_index);
  57:Code\Common\crypt/Aesecb.c **** #else
  58:Code\Common\crypt/Aesecb.c **** #if 0
  59:Code\Common\crypt/Aesecb.c **** 	uint16 left_len = len, crypt_len = 0;
  60:Code\Common\crypt/Aesecb.c **** 	uint8 cp_len = 0;
  61:Code\Common\crypt/Aesecb.c **** 	uint8 *in_tmp = in, *out_tmp = out;
  62:Code\Common\crypt/Aesecb.c **** 		
  63:Code\Common\crypt/Aesecb.c **** 	while(left_len > 0) {
  64:Code\Common\crypt/Aesecb.c **** 		
  65:Code\Common\crypt/Aesecb.c **** 		CyBle_AesCcmInit(); 
  66:Code\Common\crypt/Aesecb.c **** 		if (enc_dec) {			
  67:Code\Common\crypt/Aesecb.c **** 			cp_len = left_len > 27? 27: left_len;
  68:Code\Common\crypt/Aesecb.c **** 			if ((ret = CyBle_AesCcmEncrypt(key, nonce, in, cp_len, out+4, out)) != CYBLE_ERROR_OK) {
  69:Code\Common\crypt/Aesecb.c **** 				DBG_PRINTF("<%s-%d>: fail\n", __FUNCTION__, __LINE__);
  70:Code\Common\crypt/Aesecb.c **** 				return -1;
  71:Code\Common\crypt/Aesecb.c **** 			}
  72:Code\Common\crypt/Aesecb.c **** 			left_len -= cp_len;
  73:Code\Common\crypt/Aesecb.c **** 			in += cp_len;
  74:Code\Common\crypt/Aesecb.c **** 			out += (4+cp_len);
  75:Code\Common\crypt/Aesecb.c **** 		} else {
  76:Code\Common\crypt/Aesecb.c **** 		
  77:Code\Common\crypt/Aesecb.c **** 			cp_len = left_len > (27+4)? (27): left_len;
  78:Code\Common\crypt/Aesecb.c **** 			if ((ret = CyBle_AesCcmDecrypt(key, nonce, in+4, cp_len, out, in)) != CYBLE_ERROR_OK) {
  79:Code\Common\crypt/Aesecb.c **** 				DBG_PRINTF("<%s-%d>: fail\n", __FUNCTION__, __LINE__);
  80:Code\Common\crypt/Aesecb.c **** 				return -1;
  81:Code\Common\crypt/Aesecb.c **** 			}
  82:Code\Common\crypt/Aesecb.c **** 			left_len -= (cp_len+4);
  83:Code\Common\crypt/Aesecb.c **** 			in += (cp_len+4);
  84:Code\Common\crypt/Aesecb.c **** 			out += cp_len;
  85:Code\Common\crypt/Aesecb.c **** 		}
  86:Code\Common\crypt/Aesecb.c **** 		
  87:Code\Common\crypt/Aesecb.c **** 	}
  88:Code\Common\crypt/Aesecb.c **** #else
  89:Code\Common\crypt/Aesecb.c **** 	for(i = 0; i < len; i+=16) {
  60              		.loc 1 89 0
  61 0008 0024     		mov	r4, #0
  29:Code\Common\crypt/Aesecb.c **** 	uint32_t i;
  62              		.loc 1 29 0
  63 000a 0093     		str	r3, [sp]
  64 000c 08AB     		add	r3, sp, #32
  65              	.LVL1:
  66 000e 1B78     		ldrb	r3, [r3]
  67              	.LVL2:
  68 0010 0193     		str	r3, [sp, #4]
  69              	.LVL3:
  70              	.L3:
  71              		.loc 1 89 0 discriminator 1
  72 0012 009B     		ldr	r3, [sp]
  73 0014 9C42     		cmp	r4, r3
  74 0016 0DD2     		bcs	.L8
  75              	.LBB2:
  90:Code\Common\crypt/Aesecb.c **** 		if (enc_dec)
  76              		.loc 1 90 0
  77 0018 019B     		ldr	r3, [sp, #4]
  78 001a 3019     		add	r0, r6, r4
  79 001c 002B     		cmp	r3, #0
  80 001e 03D0     		beq	.L4
ARM GAS  C:\Users\zhiantec\AppData\Local\Temp\ccS9RUda.s 			page 4


  91:Code\Common\crypt/Aesecb.c **** 			AES128_ECB_encrypt(&in[i], key);
  81              		.loc 1 91 0
  82 0020 291C     		mov	r1, r5
  83 0022 FFF7FEFF 		bl	AES128_ECB_encrypt
  84              	.LVL4:
  85 0026 03E0     		b	.L5
  86              	.L4:
  87 0028 3A19     		add	r2, r7, r4
  92:Code\Common\crypt/Aesecb.c **** 		else
  93:Code\Common\crypt/Aesecb.c **** 			AES128_ECB_decrypt(&in[i], key, &out[i]);
  88              		.loc 1 93 0
  89 002a 291C     		mov	r1, r5
  90 002c FFF7FEFF 		bl	AES128_ECB_decrypt
  91              	.LVL5:
  92              	.L5:
  93              	.LBE2:
  89:Code\Common\crypt/Aesecb.c **** 		if (enc_dec)
  94              		.loc 1 89 0 discriminator 2
  95 0030 1034     		add	r4, r4, #16
  96              	.LVL6:
  97 0032 EEE7     		b	.L3
  98              	.L8:
  94:Code\Common\crypt/Aesecb.c **** 	}
  95:Code\Common\crypt/Aesecb.c **** #endif
  96:Code\Common\crypt/Aesecb.c **** #endif
  97:Code\Common\crypt/Aesecb.c **** 	return ret;
  98:Code\Common\crypt/Aesecb.c **** }
  99              		.loc 1 98 0
 100 0034 0020     		mov	r0, #0
 101              		@ sp needed
 102              	.LVL7:
 103              	.LVL8:
 104              	.LVL9:
 105              	.LVL10:
 106 0036 FEBD     		pop	{r1, r2, r3, r4, r5, r6, r7, pc}
 107              		.cfi_endproc
 108              	.LFE64:
 109              		.size	bt_lock_crypto, .-bt_lock_crypto
 110              		.section	.text.bt_lock_close_crypto,"ax",%progbits
 111              		.align	1
 112              		.global	bt_lock_close_crypto
 113              		.code	16
 114              		.thumb_func
 115              		.type	bt_lock_close_crypto, %function
 116              	bt_lock_close_crypto:
 117              	.LFB65:
  99:Code\Common\crypt/Aesecb.c **** 
 100:Code\Common\crypt/Aesecb.c **** int bt_lock_close_crypto(void)
 101:Code\Common\crypt/Aesecb.c **** {
 118              		.loc 1 101 0
 119              		.cfi_startproc
 102:Code\Common\crypt/Aesecb.c **** #ifdef ARCH_CC2640
 103:Code\Common\crypt/Aesecb.c **** 
 104:Code\Common\crypt/Aesecb.c **** 	if (crypto_hdl != NULL) {
 105:Code\Common\crypt/Aesecb.c **** 		CryptoCC26XX_close(crypto_hdl);
 106:Code\Common\crypt/Aesecb.c **** 		crypto_hdl = NULL;
 107:Code\Common\crypt/Aesecb.c **** 	}
ARM GAS  C:\Users\zhiantec\AppData\Local\Temp\ccS9RUda.s 			page 5


 108:Code\Common\crypt/Aesecb.c **** #endif
 109:Code\Common\crypt/Aesecb.c **** }
 120              		.loc 1 109 0
 121              		@ sp needed
 122 0000 7047     		bx	lr
 123              		.cfi_endproc
 124              	.LFE65:
 125              		.size	bt_lock_close_crypto, .-bt_lock_close_crypto
 126              		.section	.text.crypto_test,"ax",%progbits
 127              		.align	1
 128              		.global	crypto_test
 129              		.code	16
 130              		.thumb_func
 131              		.type	crypto_test, %function
 132              	crypto_test:
 133              	.LFB66:
 110:Code\Common\crypt/Aesecb.c **** 
 111:Code\Common\crypt/Aesecb.c **** void crypto_test(void)
 112:Code\Common\crypt/Aesecb.c **** {
 134              		.loc 1 112 0
 135              		.cfi_startproc
 136 0000 30B5     		push	{r4, r5, lr}
 137              		.cfi_def_cfa_offset 12
 138              		.cfi_offset 4, -12
 139              		.cfi_offset 5, -8
 140              		.cfi_offset 14, -4
 113:Code\Common\crypt/Aesecb.c **** 	uint8 key[16] = {0x00, 0x01, 0x02, 0x03, 0x04, 0x05, 0x06, 0x07, 0x08, 0x09, 0x0a, 0x0b, 0x0c, 0x0
 141              		.loc 1 113 0
 142 0002 114C     		ldr	r4, .L11
 112:Code\Common\crypt/Aesecb.c **** 	uint8 key[16] = {0x00, 0x01, 0x02, 0x03, 0x04, 0x05, 0x06, 0x07, 0x08, 0x09, 0x0a, 0x0b, 0x0c, 0x0
 143              		.loc 1 112 0
 144 0004 95B0     		sub	sp, sp, #84
 145              		.cfi_def_cfa_offset 96
 146              		.loc 1 113 0
 147 0006 211C     		mov	r1, r4
 148 0008 05A8     		add	r0, sp, #20
 149 000a 1022     		mov	r2, #16
 150 000c FFF7FEFF 		bl	memcpy
 151              	.LVL11:
 114:Code\Common\crypt/Aesecb.c **** 	uint8 plain_text[] = {0x11, 0x22, 0x11, 0x22, 0x11, 0x22, 0x11, 0x22, 
 152              		.loc 1 114 0
 153 0010 2A25     		mov	r5, #42
 154 0012 211C     		mov	r1, r4
 155 0014 2A1C     		mov	r2, r5
 156 0016 1031     		add	r1, r1, #16
 157 0018 09A8     		add	r0, sp, #36
 158 001a FFF7FEFF 		bl	memcpy
 159              	.LVL12:
 115:Code\Common\crypt/Aesecb.c **** 							0x11, 0x22, 0x11, 0x22, 0x11, 0x22, 0x11, 0x22,
 116:Code\Common\crypt/Aesecb.c **** 							0x11, 0x22, 0x11, 0x22, 0x11, 0x22, 0x11, 0x22,
 117:Code\Common\crypt/Aesecb.c **** 							0x11, 0x22, 0x11
 118:Code\Common\crypt/Aesecb.c **** #if 1
 119:Code\Common\crypt/Aesecb.c **** 							, 0x01, 0x02, 0x03, 0x04, 0x05,
 120:Code\Common\crypt/Aesecb.c **** 							0x06, 0x07, 0x08, 0x09, 0x0a, 0x0b, 0x0c, 0x0d, 0x0e, 0x0f
 121:Code\Common\crypt/Aesecb.c **** #endif
 122:Code\Common\crypt/Aesecb.c **** 							};
 123:Code\Common\crypt/Aesecb.c **** 	uint8 cipher_text[ALIGN_X(sizeof(plain_text), 27)/27*4 + sizeof(plain_text)];
ARM GAS  C:\Users\zhiantec\AppData\Local\Temp\ccS9RUda.s 			page 6


 124:Code\Common\crypt/Aesecb.c **** 	uint8 decrypt_text[sizeof(cipher_text)];
 125:Code\Common\crypt/Aesecb.c **** 
 126:Code\Common\crypt/Aesecb.c **** 	memset(cipher_text, 0, sizeof(cipher_text));
 127:Code\Common\crypt/Aesecb.c **** 	memset(decrypt_text, 0, sizeof(decrypt_text));
 128:Code\Common\crypt/Aesecb.c **** 	bt_lock_crypto(key, plain_text, cipher_text, sizeof(plain_text), 1);
 160              		.loc 1 128 0
 161 001e 0123     		mov	r3, #1
 126:Code\Common\crypt/Aesecb.c **** 	memset(decrypt_text, 0, sizeof(decrypt_text));
 162              		.loc 1 126 0
 163 0020 0024     		mov	r4, #0
 164              		.loc 1 128 0
 165 0022 0093     		str	r3, [sp]
 166 0024 09A9     		add	r1, sp, #36
 167 0026 03AA     		add	r2, sp, #12
 168 0028 2B1C     		mov	r3, r5
 169 002a 05A8     		add	r0, sp, #20
 126:Code\Common\crypt/Aesecb.c **** 	memset(decrypt_text, 0, sizeof(decrypt_text));
 170              		.loc 1 126 0
 171 002c 0394     		str	r4, [sp, #12]
 127:Code\Common\crypt/Aesecb.c **** 	bt_lock_crypto(key, plain_text, cipher_text, sizeof(plain_text), 1);
 172              		.loc 1 127 0
 173 002e 0494     		str	r4, [sp, #16]
 174              		.loc 1 128 0
 175 0030 FFF7FEFF 		bl	bt_lock_crypto
 176              	.LVL13:
 129:Code\Common\crypt/Aesecb.c **** 	//DBG_SOFT_PrintfHex(cipher_text, sizeof(cipher_text));
 130:Code\Common\crypt/Aesecb.c **** 	bt_lock_crypto(key, cipher_text, decrypt_text, sizeof(cipher_text), 0);
 177              		.loc 1 130 0
 178 0034 0094     		str	r4, [sp]
 179 0036 05A8     		add	r0, sp, #20
 180 0038 03A9     		add	r1, sp, #12
 181 003a 04AA     		add	r2, sp, #16
 182 003c 0423     		mov	r3, #4
 183 003e FFF7FEFF 		bl	bt_lock_crypto
 184              	.LVL14:
 131:Code\Common\crypt/Aesecb.c **** 	//DBG_SOFT_PrintfHex(decrypt_text, sizeof(decrypt_text));
 132:Code\Common\crypt/Aesecb.c **** }
 185              		.loc 1 132 0
 186 0042 15B0     		add	sp, sp, #84
 187              		@ sp needed
 188 0044 30BD     		pop	{r4, r5, pc}
 189              	.L12:
 190 0046 C046     		.align	2
 191              	.L11:
 192 0048 00000000 		.word	.LANCHOR0
 193              		.cfi_endproc
 194              	.LFE66:
 195              		.size	crypto_test, .-crypto_test
 196              		.global	nonce
 197              		.section	.rodata
 198              		.set	.LANCHOR0,. + 0
 199              	.LC0:
 200 0000 00       		.byte	0
 201 0001 01       		.byte	1
 202 0002 02       		.byte	2
 203 0003 03       		.byte	3
 204 0004 04       		.byte	4
ARM GAS  C:\Users\zhiantec\AppData\Local\Temp\ccS9RUda.s 			page 7


 205 0005 05       		.byte	5
 206 0006 06       		.byte	6
 207 0007 07       		.byte	7
 208 0008 08       		.byte	8
 209 0009 09       		.byte	9
 210 000a 0A       		.byte	10
 211 000b 0B       		.byte	11
 212 000c 0C       		.byte	12
 213 000d 0D       		.byte	13
 214 000e 0E       		.byte	14
 215 000f 0F       		.byte	15
 216              	.LC1:
 217 0010 11       		.byte	17
 218 0011 22       		.byte	34
 219 0012 11       		.byte	17
 220 0013 22       		.byte	34
 221 0014 11       		.byte	17
 222 0015 22       		.byte	34
 223 0016 11       		.byte	17
 224 0017 22       		.byte	34
 225 0018 11       		.byte	17
 226 0019 22       		.byte	34
 227 001a 11       		.byte	17
 228 001b 22       		.byte	34
 229 001c 11       		.byte	17
 230 001d 22       		.byte	34
 231 001e 11       		.byte	17
 232 001f 22       		.byte	34
 233 0020 11       		.byte	17
 234 0021 22       		.byte	34
 235 0022 11       		.byte	17
 236 0023 22       		.byte	34
 237 0024 11       		.byte	17
 238 0025 22       		.byte	34
 239 0026 11       		.byte	17
 240 0027 22       		.byte	34
 241 0028 11       		.byte	17
 242 0029 22       		.byte	34
 243 002a 11       		.byte	17
 244 002b 01       		.byte	1
 245 002c 02       		.byte	2
 246 002d 03       		.byte	3
 247 002e 04       		.byte	4
 248 002f 05       		.byte	5
 249 0030 06       		.byte	6
 250 0031 07       		.byte	7
 251 0032 08       		.byte	8
 252 0033 09       		.byte	9
 253 0034 0A       		.byte	10
 254 0035 0B       		.byte	11
 255 0036 0C       		.byte	12
 256 0037 0D       		.byte	13
 257 0038 0E       		.byte	14
 258 0039 0F       		.byte	15
 259              		.type	nonce, %object
 260              		.size	nonce, 13
 261              	nonce:
ARM GAS  C:\Users\zhiantec\AppData\Local\Temp\ccS9RUda.s 			page 8


 262 003a EF       		.byte	-17
 263 003b EF       		.byte	-17
 264 003c CA       		.byte	-54
 265 003d B3       		.byte	-77
 266 003e 92       		.byte	-110
 267 003f 9E       		.byte	-98
 268 0040 C3       		.byte	-61
 269 0041 C7       		.byte	-57
 270 0042 12       		.byte	18
 271 0043 38       		.byte	56
 272 0044 1D       		.byte	29
 273 0045 CD       		.byte	-51
 274 0046 22       		.byte	34
 275              		.text
 276              	.Letext0:
 277              		.file 2 "c:\\program files (x86)\\cypress\\psoc creator\\4.0\\psoc creator\\import\\gnu\\arm\\4.9.
 278              		.file 3 "c:\\program files (x86)\\cypress\\psoc creator\\4.0\\psoc creator\\import\\gnu\\arm\\4.9.
 279              		.file 4 "Generated_Source\\PSoC4/cytypes.h"
 280              		.section	.debug_info,"",%progbits
 281              	.Ldebug_info0:
 282 0000 53030000 		.4byte	0x353
 283 0004 0400     		.2byte	0x4
 284 0006 00000000 		.4byte	.Ldebug_abbrev0
 285 000a 04       		.byte	0x4
 286 000b 01       		.uleb128 0x1
 287 000c A9000000 		.4byte	.LASF27
 288 0010 01       		.byte	0x1
 289 0011 78010000 		.4byte	.LASF28
 290 0015 00000000 		.4byte	.LASF29
 291 0019 00000000 		.4byte	.Ldebug_ranges0+0
 292 001d 00000000 		.4byte	0
 293 0021 00000000 		.4byte	.Ldebug_line0
 294 0025 02       		.uleb128 0x2
 295 0026 04       		.byte	0x4
 296 0027 05       		.byte	0x5
 297 0028 696E7400 		.ascii	"int\000"
 298 002c 03       		.uleb128 0x3
 299 002d 04       		.byte	0x4
 300 002e 07       		.byte	0x7
 301 002f F6010000 		.4byte	.LASF0
 302 0033 03       		.uleb128 0x3
 303 0034 01       		.byte	0x1
 304 0035 06       		.byte	0x6
 305 0036 96020000 		.4byte	.LASF1
 306 003a 04       		.uleb128 0x4
 307 003b 9F000000 		.4byte	.LASF6
 308 003f 02       		.byte	0x2
 309 0040 1D       		.byte	0x1d
 310 0041 45000000 		.4byte	0x45
 311 0045 03       		.uleb128 0x3
 312 0046 01       		.byte	0x1
 313 0047 08       		.byte	0x8
 314 0048 6A010000 		.4byte	.LASF2
 315 004c 03       		.uleb128 0x3
 316 004d 02       		.byte	0x2
 317 004e 05       		.byte	0x5
 318 004f 54020000 		.4byte	.LASF3
ARM GAS  C:\Users\zhiantec\AppData\Local\Temp\ccS9RUda.s 			page 9


 319 0053 03       		.uleb128 0x3
 320 0054 02       		.byte	0x2
 321 0055 07       		.byte	0x7
 322 0056 9F010000 		.4byte	.LASF4
 323 005a 03       		.uleb128 0x3
 324 005b 04       		.byte	0x4
 325 005c 05       		.byte	0x5
 326 005d 6C020000 		.4byte	.LASF5
 327 0061 04       		.uleb128 0x4
 328 0062 DE010000 		.4byte	.LASF7
 329 0066 02       		.byte	0x2
 330 0067 41       		.byte	0x41
 331 0068 6C000000 		.4byte	0x6c
 332 006c 03       		.uleb128 0x3
 333 006d 04       		.byte	0x4
 334 006e 07       		.byte	0x7
 335 006f C1010000 		.4byte	.LASF8
 336 0073 03       		.uleb128 0x3
 337 0074 08       		.byte	0x8
 338 0075 05       		.byte	0x5
 339 0076 2B020000 		.4byte	.LASF9
 340 007a 03       		.uleb128 0x3
 341 007b 08       		.byte	0x8
 342 007c 07       		.byte	0x7
 343 007d 03020000 		.4byte	.LASF10
 344 0081 03       		.uleb128 0x3
 345 0082 04       		.byte	0x4
 346 0083 07       		.byte	0x7
 347 0084 22020000 		.4byte	.LASF11
 348 0088 05       		.uleb128 0x5
 349 0089 04       		.byte	0x4
 350 008a 03       		.uleb128 0x3
 351 008b 01       		.byte	0x1
 352 008c 08       		.byte	0x8
 353 008d 39020000 		.4byte	.LASF12
 354 0091 04       		.uleb128 0x4
 355 0092 1A020000 		.4byte	.LASF13
 356 0096 03       		.byte	0x3
 357 0097 15       		.byte	0x15
 358 0098 3A000000 		.4byte	0x3a
 359 009c 04       		.uleb128 0x4
 360 009d B2010000 		.4byte	.LASF14
 361 00a1 03       		.byte	0x3
 362 00a2 2D       		.byte	0x2d
 363 00a3 61000000 		.4byte	0x61
 364 00a7 06       		.uleb128 0x6
 365 00a8 5E020000 		.4byte	.LASF15
 366 00ac 04       		.byte	0x4
 367 00ad B901     		.2byte	0x1b9
 368 00af 45000000 		.4byte	0x45
 369 00b3 03       		.uleb128 0x3
 370 00b4 04       		.byte	0x4
 371 00b5 04       		.byte	0x4
 372 00b6 64010000 		.4byte	.LASF16
 373 00ba 03       		.uleb128 0x3
 374 00bb 08       		.byte	0x8
 375 00bc 04       		.byte	0x4
ARM GAS  C:\Users\zhiantec\AppData\Local\Temp\ccS9RUda.s 			page 10


 376 00bd 5D010000 		.4byte	.LASF17
 377 00c1 07       		.uleb128 0x7
 378 00c2 8B000000 		.4byte	.LASF21
 379 00c6 01       		.byte	0x1
 380 00c7 10       		.byte	0x10
 381 00c8 25000000 		.4byte	0x25
 382 00cc 00000000 		.4byte	.LFB63
 383 00d0 04000000 		.4byte	.LFE63-.LFB63
 384 00d4 01       		.uleb128 0x1
 385 00d5 9C       		.byte	0x9c
 386 00d6 08       		.uleb128 0x8
 387 00d7 3E020000 		.4byte	.LASF30
 388 00db 01       		.byte	0x1
 389 00dc 1C       		.byte	0x1c
 390 00dd 25000000 		.4byte	0x25
 391 00e1 00000000 		.4byte	.LFB64
 392 00e5 38000000 		.4byte	.LFE64-.LFB64
 393 00e9 01       		.uleb128 0x1
 394 00ea 9C       		.byte	0x9c
 395 00eb B5010000 		.4byte	0x1b5
 396 00ef 09       		.uleb128 0x9
 397 00f0 6B657900 		.ascii	"key\000"
 398 00f4 01       		.byte	0x1
 399 00f5 1C       		.byte	0x1c
 400 00f6 B5010000 		.4byte	0x1b5
 401 00fa 00000000 		.4byte	.LLST0
 402 00fe 09       		.uleb128 0x9
 403 00ff 696E00   		.ascii	"in\000"
 404 0102 01       		.byte	0x1
 405 0103 1C       		.byte	0x1c
 406 0104 B5010000 		.4byte	0x1b5
 407 0108 2C000000 		.4byte	.LLST1
 408 010c 09       		.uleb128 0x9
 409 010d 6F757400 		.ascii	"out\000"
 410 0111 01       		.byte	0x1
 411 0112 1C       		.byte	0x1c
 412 0113 B5010000 		.4byte	0x1b5
 413 0117 58000000 		.4byte	.LLST2
 414 011b 09       		.uleb128 0x9
 415 011c 6C656E00 		.ascii	"len\000"
 416 0120 01       		.byte	0x1
 417 0121 1C       		.byte	0x1c
 418 0122 9C000000 		.4byte	0x9c
 419 0126 84000000 		.4byte	.LLST3
 420 012a 0A       		.uleb128 0xa
 421 012b 64020000 		.4byte	.LASF18
 422 012f 01       		.byte	0x1
 423 0130 1C       		.byte	0x1c
 424 0131 91000000 		.4byte	0x91
 425 0135 A3000000 		.4byte	.LLST4
 426 0139 0B       		.uleb128 0xb
 427 013a 6900     		.ascii	"i\000"
 428 013c 01       		.byte	0x1
 429 013d 1E       		.byte	0x1e
 430 013e 9C000000 		.4byte	0x9c
 431 0142 CF000000 		.4byte	.LLST5
 432 0146 0C       		.uleb128 0xc
ARM GAS  C:\Users\zhiantec\AppData\Local\Temp\ccS9RUda.s 			page 11


 433 0147 72657400 		.ascii	"ret\000"
 434 014b 01       		.byte	0x1
 435 014c 1F       		.byte	0x1f
 436 014d 25000000 		.4byte	0x25
 437 0151 00       		.byte	0
 438 0152 0D       		.uleb128 0xd
 439 0153 18000000 		.4byte	.LBB2
 440 0157 18000000 		.4byte	.LBE2-.LBB2
 441 015b 0E       		.uleb128 0xe
 442 015c 37010000 		.4byte	.LASF19
 443 0160 01       		.byte	0x1
 444 0161 5B       		.byte	0x5b
 445 0162 25000000 		.4byte	0x25
 446 0166 6C010000 		.4byte	0x16c
 447 016a 0F       		.uleb128 0xf
 448 016b 00       		.byte	0
 449 016c 0E       		.uleb128 0xe
 450 016d 4A010000 		.4byte	.LASF20
 451 0171 01       		.byte	0x1
 452 0172 5D       		.byte	0x5d
 453 0173 25000000 		.4byte	0x25
 454 0177 7D010000 		.4byte	0x17d
 455 017b 0F       		.uleb128 0xf
 456 017c 00       		.byte	0
 457 017d 10       		.uleb128 0x10
 458 017e 26000000 		.4byte	.LVL4
 459 0182 10030000 		.4byte	0x310
 460 0186 9A010000 		.4byte	0x19a
 461 018a 11       		.uleb128 0x11
 462 018b 01       		.uleb128 0x1
 463 018c 51       		.byte	0x51
 464 018d 02       		.uleb128 0x2
 465 018e 75       		.byte	0x75
 466 018f 00       		.sleb128 0
 467 0190 11       		.uleb128 0x11
 468 0191 01       		.uleb128 0x1
 469 0192 50       		.byte	0x50
 470 0193 05       		.uleb128 0x5
 471 0194 76       		.byte	0x76
 472 0195 00       		.sleb128 0
 473 0196 74       		.byte	0x74
 474 0197 00       		.sleb128 0
 475 0198 22       		.byte	0x22
 476 0199 00       		.byte	0
 477 019a 12       		.uleb128 0x12
 478 019b 30000000 		.4byte	.LVL5
 479 019f 21030000 		.4byte	0x321
 480 01a3 11       		.uleb128 0x11
 481 01a4 01       		.uleb128 0x1
 482 01a5 52       		.byte	0x52
 483 01a6 05       		.uleb128 0x5
 484 01a7 77       		.byte	0x77
 485 01a8 00       		.sleb128 0
 486 01a9 74       		.byte	0x74
 487 01aa 00       		.sleb128 0
 488 01ab 22       		.byte	0x22
 489 01ac 11       		.uleb128 0x11
ARM GAS  C:\Users\zhiantec\AppData\Local\Temp\ccS9RUda.s 			page 12


 490 01ad 01       		.uleb128 0x1
 491 01ae 51       		.byte	0x51
 492 01af 02       		.uleb128 0x2
 493 01b0 75       		.byte	0x75
 494 01b1 00       		.sleb128 0
 495 01b2 00       		.byte	0
 496 01b3 00       		.byte	0
 497 01b4 00       		.byte	0
 498 01b5 13       		.uleb128 0x13
 499 01b6 04       		.byte	0x4
 500 01b7 91000000 		.4byte	0x91
 501 01bb 07       		.uleb128 0x7
 502 01bc 75020000 		.4byte	.LASF22
 503 01c0 01       		.byte	0x1
 504 01c1 64       		.byte	0x64
 505 01c2 25000000 		.4byte	0x25
 506 01c6 00000000 		.4byte	.LFB65
 507 01ca 02000000 		.4byte	.LFE65-.LFB65
 508 01ce 01       		.uleb128 0x1
 509 01cf 9C       		.byte	0x9c
 510 01d0 14       		.uleb128 0x14
 511 01d1 93010000 		.4byte	.LASF31
 512 01d5 01       		.byte	0x1
 513 01d6 6F       		.byte	0x6f
 514 01d7 00000000 		.4byte	.LFB66
 515 01db 4C000000 		.4byte	.LFE66-.LFB66
 516 01df 01       		.uleb128 0x1
 517 01e0 9C       		.byte	0x9c
 518 01e1 BA020000 		.4byte	0x2ba
 519 01e5 15       		.uleb128 0x15
 520 01e6 6B657900 		.ascii	"key\000"
 521 01ea 01       		.byte	0x1
 522 01eb 71       		.byte	0x71
 523 01ec BA020000 		.4byte	0x2ba
 524 01f0 03       		.uleb128 0x3
 525 01f1 91       		.byte	0x91
 526 01f2 B47F     		.sleb128 -76
 527 01f4 16       		.uleb128 0x16
 528 01f5 D3010000 		.4byte	.LASF23
 529 01f9 01       		.byte	0x1
 530 01fa 72       		.byte	0x72
 531 01fb CA020000 		.4byte	0x2ca
 532 01ff 02       		.uleb128 0x2
 533 0200 91       		.byte	0x91
 534 0201 44       		.sleb128 -60
 535 0202 16       		.uleb128 0x16
 536 0203 8A020000 		.4byte	.LASF24
 537 0207 01       		.byte	0x1
 538 0208 7B       		.byte	0x7b
 539 0209 DA020000 		.4byte	0x2da
 540 020d 03       		.uleb128 0x3
 541 020e 91       		.byte	0x91
 542 020f AC7F     		.sleb128 -84
 543 0211 16       		.uleb128 0x16
 544 0212 E9010000 		.4byte	.LASF25
 545 0216 01       		.byte	0x1
 546 0217 7C       		.byte	0x7c
ARM GAS  C:\Users\zhiantec\AppData\Local\Temp\ccS9RUda.s 			page 13


 547 0218 DA020000 		.4byte	0x2da
 548 021c 03       		.uleb128 0x3
 549 021d 91       		.byte	0x91
 550 021e B07F     		.sleb128 -80
 551 0220 10       		.uleb128 0x10
 552 0221 10000000 		.4byte	.LVL11
 553 0225 32030000 		.4byte	0x332
 554 0229 40020000 		.4byte	0x240
 555 022d 11       		.uleb128 0x11
 556 022e 01       		.uleb128 0x1
 557 022f 52       		.byte	0x52
 558 0230 01       		.uleb128 0x1
 559 0231 40       		.byte	0x40
 560 0232 11       		.uleb128 0x11
 561 0233 01       		.uleb128 0x1
 562 0234 51       		.byte	0x51
 563 0235 02       		.uleb128 0x2
 564 0236 74       		.byte	0x74
 565 0237 00       		.sleb128 0
 566 0238 11       		.uleb128 0x11
 567 0239 01       		.uleb128 0x1
 568 023a 50       		.byte	0x50
 569 023b 03       		.uleb128 0x3
 570 023c 91       		.byte	0x91
 571 023d B47F     		.sleb128 -76
 572 023f 00       		.byte	0
 573 0240 10       		.uleb128 0x10
 574 0241 1E000000 		.4byte	.LVL12
 575 0245 32030000 		.4byte	0x332
 576 0249 60020000 		.4byte	0x260
 577 024d 11       		.uleb128 0x11
 578 024e 01       		.uleb128 0x1
 579 024f 52       		.byte	0x52
 580 0250 02       		.uleb128 0x2
 581 0251 75       		.byte	0x75
 582 0252 00       		.sleb128 0
 583 0253 11       		.uleb128 0x11
 584 0254 01       		.uleb128 0x1
 585 0255 51       		.byte	0x51
 586 0256 02       		.uleb128 0x2
 587 0257 74       		.byte	0x74
 588 0258 10       		.sleb128 16
 589 0259 11       		.uleb128 0x11
 590 025a 01       		.uleb128 0x1
 591 025b 50       		.byte	0x50
 592 025c 02       		.uleb128 0x2
 593 025d 91       		.byte	0x91
 594 025e 44       		.sleb128 -60
 595 025f 00       		.byte	0
 596 0260 10       		.uleb128 0x10
 597 0261 34000000 		.4byte	.LVL13
 598 0265 D6000000 		.4byte	0xd6
 599 0269 8E020000 		.4byte	0x28e
 600 026d 11       		.uleb128 0x11
 601 026e 01       		.uleb128 0x1
 602 026f 53       		.byte	0x53
 603 0270 02       		.uleb128 0x2
ARM GAS  C:\Users\zhiantec\AppData\Local\Temp\ccS9RUda.s 			page 14


 604 0271 75       		.byte	0x75
 605 0272 00       		.sleb128 0
 606 0273 11       		.uleb128 0x11
 607 0274 01       		.uleb128 0x1
 608 0275 52       		.byte	0x52
 609 0276 03       		.uleb128 0x3
 610 0277 91       		.byte	0x91
 611 0278 AC7F     		.sleb128 -84
 612 027a 11       		.uleb128 0x11
 613 027b 01       		.uleb128 0x1
 614 027c 51       		.byte	0x51
 615 027d 02       		.uleb128 0x2
 616 027e 91       		.byte	0x91
 617 027f 44       		.sleb128 -60
 618 0280 11       		.uleb128 0x11
 619 0281 01       		.uleb128 0x1
 620 0282 50       		.byte	0x50
 621 0283 03       		.uleb128 0x3
 622 0284 91       		.byte	0x91
 623 0285 B47F     		.sleb128 -76
 624 0287 11       		.uleb128 0x11
 625 0288 02       		.uleb128 0x2
 626 0289 7D       		.byte	0x7d
 627 028a 00       		.sleb128 0
 628 028b 01       		.uleb128 0x1
 629 028c 31       		.byte	0x31
 630 028d 00       		.byte	0
 631 028e 12       		.uleb128 0x12
 632 028f 42000000 		.4byte	.LVL14
 633 0293 D6000000 		.4byte	0xd6
 634 0297 11       		.uleb128 0x11
 635 0298 01       		.uleb128 0x1
 636 0299 53       		.byte	0x53
 637 029a 01       		.uleb128 0x1
 638 029b 34       		.byte	0x34
 639 029c 11       		.uleb128 0x11
 640 029d 01       		.uleb128 0x1
 641 029e 52       		.byte	0x52
 642 029f 03       		.uleb128 0x3
 643 02a0 91       		.byte	0x91
 644 02a1 B07F     		.sleb128 -80
 645 02a3 11       		.uleb128 0x11
 646 02a4 01       		.uleb128 0x1
 647 02a5 51       		.byte	0x51
 648 02a6 03       		.uleb128 0x3
 649 02a7 91       		.byte	0x91
 650 02a8 AC7F     		.sleb128 -84
 651 02aa 11       		.uleb128 0x11
 652 02ab 01       		.uleb128 0x1
 653 02ac 50       		.byte	0x50
 654 02ad 03       		.uleb128 0x3
 655 02ae 91       		.byte	0x91
 656 02af B47F     		.sleb128 -76
 657 02b1 11       		.uleb128 0x11
 658 02b2 02       		.uleb128 0x2
 659 02b3 7D       		.byte	0x7d
 660 02b4 00       		.sleb128 0
ARM GAS  C:\Users\zhiantec\AppData\Local\Temp\ccS9RUda.s 			page 15


 661 02b5 02       		.uleb128 0x2
 662 02b6 74       		.byte	0x74
 663 02b7 00       		.sleb128 0
 664 02b8 00       		.byte	0
 665 02b9 00       		.byte	0
 666 02ba 17       		.uleb128 0x17
 667 02bb A7000000 		.4byte	0xa7
 668 02bf CA020000 		.4byte	0x2ca
 669 02c3 18       		.uleb128 0x18
 670 02c4 81000000 		.4byte	0x81
 671 02c8 0F       		.byte	0xf
 672 02c9 00       		.byte	0
 673 02ca 17       		.uleb128 0x17
 674 02cb A7000000 		.4byte	0xa7
 675 02cf DA020000 		.4byte	0x2da
 676 02d3 18       		.uleb128 0x18
 677 02d4 81000000 		.4byte	0x81
 678 02d8 29       		.byte	0x29
 679 02d9 00       		.byte	0
 680 02da 17       		.uleb128 0x17
 681 02db A7000000 		.4byte	0xa7
 682 02df EA020000 		.4byte	0x2ea
 683 02e3 18       		.uleb128 0x18
 684 02e4 81000000 		.4byte	0x81
 685 02e8 03       		.byte	0x3
 686 02e9 00       		.byte	0
 687 02ea 17       		.uleb128 0x17
 688 02eb A7000000 		.4byte	0xa7
 689 02ef FA020000 		.4byte	0x2fa
 690 02f3 18       		.uleb128 0x18
 691 02f4 81000000 		.4byte	0x81
 692 02f8 0C       		.byte	0xc
 693 02f9 00       		.byte	0
 694 02fa 19       		.uleb128 0x19
 695 02fb BB010000 		.4byte	.LASF32
 696 02ff 01       		.byte	0x1
 697 0300 0E       		.byte	0xe
 698 0301 0B030000 		.4byte	0x30b
 699 0305 05       		.uleb128 0x5
 700 0306 03       		.byte	0x3
 701 0307 00000000 		.4byte	nonce
 702 030b 1A       		.uleb128 0x1a
 703 030c EA020000 		.4byte	0x2ea
 704 0310 0E       		.uleb128 0xe
 705 0311 37010000 		.4byte	.LASF19
 706 0315 01       		.byte	0x1
 707 0316 5B       		.byte	0x5b
 708 0317 25000000 		.4byte	0x25
 709 031b 21030000 		.4byte	0x321
 710 031f 0F       		.uleb128 0xf
 711 0320 00       		.byte	0
 712 0321 0E       		.uleb128 0xe
 713 0322 4A010000 		.4byte	.LASF20
 714 0326 01       		.byte	0x1
 715 0327 5D       		.byte	0x5d
 716 0328 25000000 		.4byte	0x25
 717 032c 32030000 		.4byte	0x332
ARM GAS  C:\Users\zhiantec\AppData\Local\Temp\ccS9RUda.s 			page 16


 718 0330 0F       		.uleb128 0xf
 719 0331 00       		.byte	0
 720 0332 1B       		.uleb128 0x1b
 721 0333 4D020000 		.4byte	.LASF26
 722 0337 88000000 		.4byte	0x88
 723 033b 4F030000 		.4byte	0x34f
 724 033f 1C       		.uleb128 0x1c
 725 0340 88000000 		.4byte	0x88
 726 0344 1C       		.uleb128 0x1c
 727 0345 4F030000 		.4byte	0x34f
 728 0349 1C       		.uleb128 0x1c
 729 034a 81000000 		.4byte	0x81
 730 034e 00       		.byte	0
 731 034f 13       		.uleb128 0x13
 732 0350 04       		.byte	0x4
 733 0351 55030000 		.4byte	0x355
 734 0355 1D       		.uleb128 0x1d
 735 0356 00       		.byte	0
 736              		.section	.debug_abbrev,"",%progbits
 737              	.Ldebug_abbrev0:
 738 0000 01       		.uleb128 0x1
 739 0001 11       		.uleb128 0x11
 740 0002 01       		.byte	0x1
 741 0003 25       		.uleb128 0x25
 742 0004 0E       		.uleb128 0xe
 743 0005 13       		.uleb128 0x13
 744 0006 0B       		.uleb128 0xb
 745 0007 03       		.uleb128 0x3
 746 0008 0E       		.uleb128 0xe
 747 0009 1B       		.uleb128 0x1b
 748 000a 0E       		.uleb128 0xe
 749 000b 55       		.uleb128 0x55
 750 000c 17       		.uleb128 0x17
 751 000d 11       		.uleb128 0x11
 752 000e 01       		.uleb128 0x1
 753 000f 10       		.uleb128 0x10
 754 0010 17       		.uleb128 0x17
 755 0011 00       		.byte	0
 756 0012 00       		.byte	0
 757 0013 02       		.uleb128 0x2
 758 0014 24       		.uleb128 0x24
 759 0015 00       		.byte	0
 760 0016 0B       		.uleb128 0xb
 761 0017 0B       		.uleb128 0xb
 762 0018 3E       		.uleb128 0x3e
 763 0019 0B       		.uleb128 0xb
 764 001a 03       		.uleb128 0x3
 765 001b 08       		.uleb128 0x8
 766 001c 00       		.byte	0
 767 001d 00       		.byte	0
 768 001e 03       		.uleb128 0x3
 769 001f 24       		.uleb128 0x24
 770 0020 00       		.byte	0
 771 0021 0B       		.uleb128 0xb
 772 0022 0B       		.uleb128 0xb
 773 0023 3E       		.uleb128 0x3e
 774 0024 0B       		.uleb128 0xb
ARM GAS  C:\Users\zhiantec\AppData\Local\Temp\ccS9RUda.s 			page 17


 775 0025 03       		.uleb128 0x3
 776 0026 0E       		.uleb128 0xe
 777 0027 00       		.byte	0
 778 0028 00       		.byte	0
 779 0029 04       		.uleb128 0x4
 780 002a 16       		.uleb128 0x16
 781 002b 00       		.byte	0
 782 002c 03       		.uleb128 0x3
 783 002d 0E       		.uleb128 0xe
 784 002e 3A       		.uleb128 0x3a
 785 002f 0B       		.uleb128 0xb
 786 0030 3B       		.uleb128 0x3b
 787 0031 0B       		.uleb128 0xb
 788 0032 49       		.uleb128 0x49
 789 0033 13       		.uleb128 0x13
 790 0034 00       		.byte	0
 791 0035 00       		.byte	0
 792 0036 05       		.uleb128 0x5
 793 0037 0F       		.uleb128 0xf
 794 0038 00       		.byte	0
 795 0039 0B       		.uleb128 0xb
 796 003a 0B       		.uleb128 0xb
 797 003b 00       		.byte	0
 798 003c 00       		.byte	0
 799 003d 06       		.uleb128 0x6
 800 003e 16       		.uleb128 0x16
 801 003f 00       		.byte	0
 802 0040 03       		.uleb128 0x3
 803 0041 0E       		.uleb128 0xe
 804 0042 3A       		.uleb128 0x3a
 805 0043 0B       		.uleb128 0xb
 806 0044 3B       		.uleb128 0x3b
 807 0045 05       		.uleb128 0x5
 808 0046 49       		.uleb128 0x49
 809 0047 13       		.uleb128 0x13
 810 0048 00       		.byte	0
 811 0049 00       		.byte	0
 812 004a 07       		.uleb128 0x7
 813 004b 2E       		.uleb128 0x2e
 814 004c 00       		.byte	0
 815 004d 3F       		.uleb128 0x3f
 816 004e 19       		.uleb128 0x19
 817 004f 03       		.uleb128 0x3
 818 0050 0E       		.uleb128 0xe
 819 0051 3A       		.uleb128 0x3a
 820 0052 0B       		.uleb128 0xb
 821 0053 3B       		.uleb128 0x3b
 822 0054 0B       		.uleb128 0xb
 823 0055 27       		.uleb128 0x27
 824 0056 19       		.uleb128 0x19
 825 0057 49       		.uleb128 0x49
 826 0058 13       		.uleb128 0x13
 827 0059 11       		.uleb128 0x11
 828 005a 01       		.uleb128 0x1
 829 005b 12       		.uleb128 0x12
 830 005c 06       		.uleb128 0x6
 831 005d 40       		.uleb128 0x40
ARM GAS  C:\Users\zhiantec\AppData\Local\Temp\ccS9RUda.s 			page 18


 832 005e 18       		.uleb128 0x18
 833 005f 9742     		.uleb128 0x2117
 834 0061 19       		.uleb128 0x19
 835 0062 00       		.byte	0
 836 0063 00       		.byte	0
 837 0064 08       		.uleb128 0x8
 838 0065 2E       		.uleb128 0x2e
 839 0066 01       		.byte	0x1
 840 0067 3F       		.uleb128 0x3f
 841 0068 19       		.uleb128 0x19
 842 0069 03       		.uleb128 0x3
 843 006a 0E       		.uleb128 0xe
 844 006b 3A       		.uleb128 0x3a
 845 006c 0B       		.uleb128 0xb
 846 006d 3B       		.uleb128 0x3b
 847 006e 0B       		.uleb128 0xb
 848 006f 27       		.uleb128 0x27
 849 0070 19       		.uleb128 0x19
 850 0071 49       		.uleb128 0x49
 851 0072 13       		.uleb128 0x13
 852 0073 11       		.uleb128 0x11
 853 0074 01       		.uleb128 0x1
 854 0075 12       		.uleb128 0x12
 855 0076 06       		.uleb128 0x6
 856 0077 40       		.uleb128 0x40
 857 0078 18       		.uleb128 0x18
 858 0079 9742     		.uleb128 0x2117
 859 007b 19       		.uleb128 0x19
 860 007c 01       		.uleb128 0x1
 861 007d 13       		.uleb128 0x13
 862 007e 00       		.byte	0
 863 007f 00       		.byte	0
 864 0080 09       		.uleb128 0x9
 865 0081 05       		.uleb128 0x5
 866 0082 00       		.byte	0
 867 0083 03       		.uleb128 0x3
 868 0084 08       		.uleb128 0x8
 869 0085 3A       		.uleb128 0x3a
 870 0086 0B       		.uleb128 0xb
 871 0087 3B       		.uleb128 0x3b
 872 0088 0B       		.uleb128 0xb
 873 0089 49       		.uleb128 0x49
 874 008a 13       		.uleb128 0x13
 875 008b 02       		.uleb128 0x2
 876 008c 17       		.uleb128 0x17
 877 008d 00       		.byte	0
 878 008e 00       		.byte	0
 879 008f 0A       		.uleb128 0xa
 880 0090 05       		.uleb128 0x5
 881 0091 00       		.byte	0
 882 0092 03       		.uleb128 0x3
 883 0093 0E       		.uleb128 0xe
 884 0094 3A       		.uleb128 0x3a
 885 0095 0B       		.uleb128 0xb
 886 0096 3B       		.uleb128 0x3b
 887 0097 0B       		.uleb128 0xb
 888 0098 49       		.uleb128 0x49
ARM GAS  C:\Users\zhiantec\AppData\Local\Temp\ccS9RUda.s 			page 19


 889 0099 13       		.uleb128 0x13
 890 009a 02       		.uleb128 0x2
 891 009b 17       		.uleb128 0x17
 892 009c 00       		.byte	0
 893 009d 00       		.byte	0
 894 009e 0B       		.uleb128 0xb
 895 009f 34       		.uleb128 0x34
 896 00a0 00       		.byte	0
 897 00a1 03       		.uleb128 0x3
 898 00a2 08       		.uleb128 0x8
 899 00a3 3A       		.uleb128 0x3a
 900 00a4 0B       		.uleb128 0xb
 901 00a5 3B       		.uleb128 0x3b
 902 00a6 0B       		.uleb128 0xb
 903 00a7 49       		.uleb128 0x49
 904 00a8 13       		.uleb128 0x13
 905 00a9 02       		.uleb128 0x2
 906 00aa 17       		.uleb128 0x17
 907 00ab 00       		.byte	0
 908 00ac 00       		.byte	0
 909 00ad 0C       		.uleb128 0xc
 910 00ae 34       		.uleb128 0x34
 911 00af 00       		.byte	0
 912 00b0 03       		.uleb128 0x3
 913 00b1 08       		.uleb128 0x8
 914 00b2 3A       		.uleb128 0x3a
 915 00b3 0B       		.uleb128 0xb
 916 00b4 3B       		.uleb128 0x3b
 917 00b5 0B       		.uleb128 0xb
 918 00b6 49       		.uleb128 0x49
 919 00b7 13       		.uleb128 0x13
 920 00b8 1C       		.uleb128 0x1c
 921 00b9 0B       		.uleb128 0xb
 922 00ba 00       		.byte	0
 923 00bb 00       		.byte	0
 924 00bc 0D       		.uleb128 0xd
 925 00bd 0B       		.uleb128 0xb
 926 00be 01       		.byte	0x1
 927 00bf 11       		.uleb128 0x11
 928 00c0 01       		.uleb128 0x1
 929 00c1 12       		.uleb128 0x12
 930 00c2 06       		.uleb128 0x6
 931 00c3 00       		.byte	0
 932 00c4 00       		.byte	0
 933 00c5 0E       		.uleb128 0xe
 934 00c6 2E       		.uleb128 0x2e
 935 00c7 01       		.byte	0x1
 936 00c8 3F       		.uleb128 0x3f
 937 00c9 19       		.uleb128 0x19
 938 00ca 03       		.uleb128 0x3
 939 00cb 0E       		.uleb128 0xe
 940 00cc 3A       		.uleb128 0x3a
 941 00cd 0B       		.uleb128 0xb
 942 00ce 3B       		.uleb128 0x3b
 943 00cf 0B       		.uleb128 0xb
 944 00d0 49       		.uleb128 0x49
 945 00d1 13       		.uleb128 0x13
ARM GAS  C:\Users\zhiantec\AppData\Local\Temp\ccS9RUda.s 			page 20


 946 00d2 3C       		.uleb128 0x3c
 947 00d3 19       		.uleb128 0x19
 948 00d4 01       		.uleb128 0x1
 949 00d5 13       		.uleb128 0x13
 950 00d6 00       		.byte	0
 951 00d7 00       		.byte	0
 952 00d8 0F       		.uleb128 0xf
 953 00d9 18       		.uleb128 0x18
 954 00da 00       		.byte	0
 955 00db 00       		.byte	0
 956 00dc 00       		.byte	0
 957 00dd 10       		.uleb128 0x10
 958 00de 898201   		.uleb128 0x4109
 959 00e1 01       		.byte	0x1
 960 00e2 11       		.uleb128 0x11
 961 00e3 01       		.uleb128 0x1
 962 00e4 31       		.uleb128 0x31
 963 00e5 13       		.uleb128 0x13
 964 00e6 01       		.uleb128 0x1
 965 00e7 13       		.uleb128 0x13
 966 00e8 00       		.byte	0
 967 00e9 00       		.byte	0
 968 00ea 11       		.uleb128 0x11
 969 00eb 8A8201   		.uleb128 0x410a
 970 00ee 00       		.byte	0
 971 00ef 02       		.uleb128 0x2
 972 00f0 18       		.uleb128 0x18
 973 00f1 9142     		.uleb128 0x2111
 974 00f3 18       		.uleb128 0x18
 975 00f4 00       		.byte	0
 976 00f5 00       		.byte	0
 977 00f6 12       		.uleb128 0x12
 978 00f7 898201   		.uleb128 0x4109
 979 00fa 01       		.byte	0x1
 980 00fb 11       		.uleb128 0x11
 981 00fc 01       		.uleb128 0x1
 982 00fd 31       		.uleb128 0x31
 983 00fe 13       		.uleb128 0x13
 984 00ff 00       		.byte	0
 985 0100 00       		.byte	0
 986 0101 13       		.uleb128 0x13
 987 0102 0F       		.uleb128 0xf
 988 0103 00       		.byte	0
 989 0104 0B       		.uleb128 0xb
 990 0105 0B       		.uleb128 0xb
 991 0106 49       		.uleb128 0x49
 992 0107 13       		.uleb128 0x13
 993 0108 00       		.byte	0
 994 0109 00       		.byte	0
 995 010a 14       		.uleb128 0x14
 996 010b 2E       		.uleb128 0x2e
 997 010c 01       		.byte	0x1
 998 010d 3F       		.uleb128 0x3f
 999 010e 19       		.uleb128 0x19
 1000 010f 03       		.uleb128 0x3
 1001 0110 0E       		.uleb128 0xe
 1002 0111 3A       		.uleb128 0x3a
ARM GAS  C:\Users\zhiantec\AppData\Local\Temp\ccS9RUda.s 			page 21


 1003 0112 0B       		.uleb128 0xb
 1004 0113 3B       		.uleb128 0x3b
 1005 0114 0B       		.uleb128 0xb
 1006 0115 27       		.uleb128 0x27
 1007 0116 19       		.uleb128 0x19
 1008 0117 11       		.uleb128 0x11
 1009 0118 01       		.uleb128 0x1
 1010 0119 12       		.uleb128 0x12
 1011 011a 06       		.uleb128 0x6
 1012 011b 40       		.uleb128 0x40
 1013 011c 18       		.uleb128 0x18
 1014 011d 9742     		.uleb128 0x2117
 1015 011f 19       		.uleb128 0x19
 1016 0120 01       		.uleb128 0x1
 1017 0121 13       		.uleb128 0x13
 1018 0122 00       		.byte	0
 1019 0123 00       		.byte	0
 1020 0124 15       		.uleb128 0x15
 1021 0125 34       		.uleb128 0x34
 1022 0126 00       		.byte	0
 1023 0127 03       		.uleb128 0x3
 1024 0128 08       		.uleb128 0x8
 1025 0129 3A       		.uleb128 0x3a
 1026 012a 0B       		.uleb128 0xb
 1027 012b 3B       		.uleb128 0x3b
 1028 012c 0B       		.uleb128 0xb
 1029 012d 49       		.uleb128 0x49
 1030 012e 13       		.uleb128 0x13
 1031 012f 02       		.uleb128 0x2
 1032 0130 18       		.uleb128 0x18
 1033 0131 00       		.byte	0
 1034 0132 00       		.byte	0
 1035 0133 16       		.uleb128 0x16
 1036 0134 34       		.uleb128 0x34
 1037 0135 00       		.byte	0
 1038 0136 03       		.uleb128 0x3
 1039 0137 0E       		.uleb128 0xe
 1040 0138 3A       		.uleb128 0x3a
 1041 0139 0B       		.uleb128 0xb
 1042 013a 3B       		.uleb128 0x3b
 1043 013b 0B       		.uleb128 0xb
 1044 013c 49       		.uleb128 0x49
 1045 013d 13       		.uleb128 0x13
 1046 013e 02       		.uleb128 0x2
 1047 013f 18       		.uleb128 0x18
 1048 0140 00       		.byte	0
 1049 0141 00       		.byte	0
 1050 0142 17       		.uleb128 0x17
 1051 0143 01       		.uleb128 0x1
 1052 0144 01       		.byte	0x1
 1053 0145 49       		.uleb128 0x49
 1054 0146 13       		.uleb128 0x13
 1055 0147 01       		.uleb128 0x1
 1056 0148 13       		.uleb128 0x13
 1057 0149 00       		.byte	0
 1058 014a 00       		.byte	0
 1059 014b 18       		.uleb128 0x18
ARM GAS  C:\Users\zhiantec\AppData\Local\Temp\ccS9RUda.s 			page 22


 1060 014c 21       		.uleb128 0x21
 1061 014d 00       		.byte	0
 1062 014e 49       		.uleb128 0x49
 1063 014f 13       		.uleb128 0x13
 1064 0150 2F       		.uleb128 0x2f
 1065 0151 0B       		.uleb128 0xb
 1066 0152 00       		.byte	0
 1067 0153 00       		.byte	0
 1068 0154 19       		.uleb128 0x19
 1069 0155 34       		.uleb128 0x34
 1070 0156 00       		.byte	0
 1071 0157 03       		.uleb128 0x3
 1072 0158 0E       		.uleb128 0xe
 1073 0159 3A       		.uleb128 0x3a
 1074 015a 0B       		.uleb128 0xb
 1075 015b 3B       		.uleb128 0x3b
 1076 015c 0B       		.uleb128 0xb
 1077 015d 49       		.uleb128 0x49
 1078 015e 13       		.uleb128 0x13
 1079 015f 3F       		.uleb128 0x3f
 1080 0160 19       		.uleb128 0x19
 1081 0161 02       		.uleb128 0x2
 1082 0162 18       		.uleb128 0x18
 1083 0163 00       		.byte	0
 1084 0164 00       		.byte	0
 1085 0165 1A       		.uleb128 0x1a
 1086 0166 26       		.uleb128 0x26
 1087 0167 00       		.byte	0
 1088 0168 49       		.uleb128 0x49
 1089 0169 13       		.uleb128 0x13
 1090 016a 00       		.byte	0
 1091 016b 00       		.byte	0
 1092 016c 1B       		.uleb128 0x1b
 1093 016d 2E       		.uleb128 0x2e
 1094 016e 01       		.byte	0x1
 1095 016f 3F       		.uleb128 0x3f
 1096 0170 19       		.uleb128 0x19
 1097 0171 03       		.uleb128 0x3
 1098 0172 0E       		.uleb128 0xe
 1099 0173 27       		.uleb128 0x27
 1100 0174 19       		.uleb128 0x19
 1101 0175 49       		.uleb128 0x49
 1102 0176 13       		.uleb128 0x13
 1103 0177 34       		.uleb128 0x34
 1104 0178 19       		.uleb128 0x19
 1105 0179 3C       		.uleb128 0x3c
 1106 017a 19       		.uleb128 0x19
 1107 017b 01       		.uleb128 0x1
 1108 017c 13       		.uleb128 0x13
 1109 017d 00       		.byte	0
 1110 017e 00       		.byte	0
 1111 017f 1C       		.uleb128 0x1c
 1112 0180 05       		.uleb128 0x5
 1113 0181 00       		.byte	0
 1114 0182 49       		.uleb128 0x49
 1115 0183 13       		.uleb128 0x13
 1116 0184 00       		.byte	0
ARM GAS  C:\Users\zhiantec\AppData\Local\Temp\ccS9RUda.s 			page 23


 1117 0185 00       		.byte	0
 1118 0186 1D       		.uleb128 0x1d
 1119 0187 26       		.uleb128 0x26
 1120 0188 00       		.byte	0
 1121 0189 00       		.byte	0
 1122 018a 00       		.byte	0
 1123 018b 00       		.byte	0
 1124              		.section	.debug_loc,"",%progbits
 1125              	.Ldebug_loc0:
 1126              	.LLST0:
 1127 0000 00000000 		.4byte	.LVL0
 1128 0004 12000000 		.4byte	.LVL3
 1129 0008 0100     		.2byte	0x1
 1130 000a 50       		.byte	0x50
 1131 000b 12000000 		.4byte	.LVL3
 1132 000f 36000000 		.4byte	.LVL8
 1133 0013 0100     		.2byte	0x1
 1134 0015 55       		.byte	0x55
 1135 0016 36000000 		.4byte	.LVL8
 1136 001a 38000000 		.4byte	.LFE64
 1137 001e 0400     		.2byte	0x4
 1138 0020 F3       		.byte	0xf3
 1139 0021 01       		.uleb128 0x1
 1140 0022 50       		.byte	0x50
 1141 0023 9F       		.byte	0x9f
 1142 0024 00000000 		.4byte	0
 1143 0028 00000000 		.4byte	0
 1144              	.LLST1:
 1145 002c 00000000 		.4byte	.LVL0
 1146 0030 12000000 		.4byte	.LVL3
 1147 0034 0100     		.2byte	0x1
 1148 0036 51       		.byte	0x51
 1149 0037 12000000 		.4byte	.LVL3
 1150 003b 36000000 		.4byte	.LVL9
 1151 003f 0100     		.2byte	0x1
 1152 0041 56       		.byte	0x56
 1153 0042 36000000 		.4byte	.LVL9
 1154 0046 38000000 		.4byte	.LFE64
 1155 004a 0400     		.2byte	0x4
 1156 004c F3       		.byte	0xf3
 1157 004d 01       		.uleb128 0x1
 1158 004e 51       		.byte	0x51
 1159 004f 9F       		.byte	0x9f
 1160 0050 00000000 		.4byte	0
 1161 0054 00000000 		.4byte	0
 1162              	.LLST2:
 1163 0058 00000000 		.4byte	.LVL0
 1164 005c 12000000 		.4byte	.LVL3
 1165 0060 0100     		.2byte	0x1
 1166 0062 52       		.byte	0x52
 1167 0063 12000000 		.4byte	.LVL3
 1168 0067 36000000 		.4byte	.LVL10
 1169 006b 0100     		.2byte	0x1
 1170 006d 57       		.byte	0x57
 1171 006e 36000000 		.4byte	.LVL10
 1172 0072 38000000 		.4byte	.LFE64
 1173 0076 0400     		.2byte	0x4
ARM GAS  C:\Users\zhiantec\AppData\Local\Temp\ccS9RUda.s 			page 24


 1174 0078 F3       		.byte	0xf3
 1175 0079 01       		.uleb128 0x1
 1176 007a 52       		.byte	0x52
 1177 007b 9F       		.byte	0x9f
 1178 007c 00000000 		.4byte	0
 1179 0080 00000000 		.4byte	0
 1180              	.LLST3:
 1181 0084 00000000 		.4byte	.LVL0
 1182 0088 0E000000 		.4byte	.LVL1
 1183 008c 0100     		.2byte	0x1
 1184 008e 53       		.byte	0x53
 1185 008f 0E000000 		.4byte	.LVL1
 1186 0093 38000000 		.4byte	.LFE64
 1187 0097 0200     		.2byte	0x2
 1188 0099 7D       		.byte	0x7d
 1189 009a 00       		.sleb128 0
 1190 009b 00000000 		.4byte	0
 1191 009f 00000000 		.4byte	0
 1192              	.LLST4:
 1193 00a3 00000000 		.4byte	.LVL0
 1194 00a7 0E000000 		.4byte	.LVL1
 1195 00ab 0200     		.2byte	0x2
 1196 00ad 91       		.byte	0x91
 1197 00ae 00       		.sleb128 0
 1198 00af 0E000000 		.4byte	.LVL1
 1199 00b3 10000000 		.4byte	.LVL2
 1200 00b7 0200     		.2byte	0x2
 1201 00b9 73       		.byte	0x73
 1202 00ba 00       		.sleb128 0
 1203 00bb 10000000 		.4byte	.LVL2
 1204 00bf 38000000 		.4byte	.LFE64
 1205 00c3 0200     		.2byte	0x2
 1206 00c5 91       		.byte	0x91
 1207 00c6 00       		.sleb128 0
 1208 00c7 00000000 		.4byte	0
 1209 00cb 00000000 		.4byte	0
 1210              	.LLST5:
 1211 00cf 00000000 		.4byte	.LVL0
 1212 00d3 12000000 		.4byte	.LVL3
 1213 00d7 0200     		.2byte	0x2
 1214 00d9 30       		.byte	0x30
 1215 00da 9F       		.byte	0x9f
 1216 00db 12000000 		.4byte	.LVL3
 1217 00df 36000000 		.4byte	.LVL7
 1218 00e3 0100     		.2byte	0x1
 1219 00e5 54       		.byte	0x54
 1220 00e6 00000000 		.4byte	0
 1221 00ea 00000000 		.4byte	0
 1222              		.section	.debug_aranges,"",%progbits
 1223 0000 34000000 		.4byte	0x34
 1224 0004 0200     		.2byte	0x2
 1225 0006 00000000 		.4byte	.Ldebug_info0
 1226 000a 04       		.byte	0x4
 1227 000b 00       		.byte	0
 1228 000c 0000     		.2byte	0
 1229 000e 0000     		.2byte	0
 1230 0010 00000000 		.4byte	.LFB63
ARM GAS  C:\Users\zhiantec\AppData\Local\Temp\ccS9RUda.s 			page 25


 1231 0014 04000000 		.4byte	.LFE63-.LFB63
 1232 0018 00000000 		.4byte	.LFB64
 1233 001c 38000000 		.4byte	.LFE64-.LFB64
 1234 0020 00000000 		.4byte	.LFB65
 1235 0024 02000000 		.4byte	.LFE65-.LFB65
 1236 0028 00000000 		.4byte	.LFB66
 1237 002c 4C000000 		.4byte	.LFE66-.LFB66
 1238 0030 00000000 		.4byte	0
 1239 0034 00000000 		.4byte	0
 1240              		.section	.debug_ranges,"",%progbits
 1241              	.Ldebug_ranges0:
 1242 0000 00000000 		.4byte	.LFB63
 1243 0004 04000000 		.4byte	.LFE63
 1244 0008 00000000 		.4byte	.LFB64
 1245 000c 38000000 		.4byte	.LFE64
 1246 0010 00000000 		.4byte	.LFB65
 1247 0014 02000000 		.4byte	.LFE65
 1248 0018 00000000 		.4byte	.LFB66
 1249 001c 4C000000 		.4byte	.LFE66
 1250 0020 00000000 		.4byte	0
 1251 0024 00000000 		.4byte	0
 1252              		.section	.debug_line,"",%progbits
 1253              	.Ldebug_line0:
 1254 0000 BC010000 		.section	.debug_str,"MS",%progbits,1
 1254      02004D01 
 1254      00000201 
 1254      FB0E0D00 
 1254      01010101 
 1255              	.LASF29:
 1256 0000 433A5C55 		.ascii	"C:\\Users\\zhiantec\\Documents\\Tencent Files\\1241"
 1256      73657273 
 1256      5C7A6869 
 1256      616E7465 
 1256      635C446F 
 1257 002e 39333938 		.ascii	"939835\\FileRecv\\MobileFile\\second_images[4-8]\\E"
 1257      33355C46 
 1257      696C6552 
 1257      6563765C 
 1257      4D6F6269 
 1258 005d 6E747261 		.ascii	"ntranceGuard_171019-12.50\\EntranceGuard.cydsn\000"
 1258      6E636547 
 1258      75617264 
 1258      5F313731 
 1258      3031392D 
 1259              	.LASF21:
 1260 008b 62745F6C 		.ascii	"bt_lock_open_crypto\000"
 1260      6F636B5F 
 1260      6F70656E 
 1260      5F637279 
 1260      70746F00 
 1261              	.LASF6:
 1262 009f 5F5F7569 		.ascii	"__uint8_t\000"
 1262      6E74385F 
 1262      7400
 1263              	.LASF27:
 1264 00a9 474E5520 		.ascii	"GNU C 4.9.3 20150303 (release) [ARM/embedded-4_9-br"
 1264      4320342E 
ARM GAS  C:\Users\zhiantec\AppData\Local\Temp\ccS9RUda.s 			page 26


 1264      392E3320 
 1264      32303135 
 1264      30333033 
 1265 00dc 616E6368 		.ascii	"anch revision 221220] -mcpu=cortex-m0 -mthumb -g -O"
 1265      20726576 
 1265      6973696F 
 1265      6E203232 
 1265      31323230 
 1266 010f 73202D66 		.ascii	"s -ffunction-sections -ffat-lto-objects\000"
 1266      66756E63 
 1266      74696F6E 
 1266      2D736563 
 1266      74696F6E 
 1267              	.LASF19:
 1268 0137 41455331 		.ascii	"AES128_ECB_encrypt\000"
 1268      32385F45 
 1268      43425F65 
 1268      6E637279 
 1268      707400
 1269              	.LASF20:
 1270 014a 41455331 		.ascii	"AES128_ECB_decrypt\000"
 1270      32385F45 
 1270      43425F64 
 1270      65637279 
 1270      707400
 1271              	.LASF17:
 1272 015d 646F7562 		.ascii	"double\000"
 1272      6C6500
 1273              	.LASF16:
 1274 0164 666C6F61 		.ascii	"float\000"
 1274      7400
 1275              	.LASF2:
 1276 016a 756E7369 		.ascii	"unsigned char\000"
 1276      676E6564 
 1276      20636861 
 1276      7200
 1277              	.LASF28:
 1278 0178 436F6465 		.ascii	"Code\\Common\\crypt\\Aesecb.c\000"
 1278      5C436F6D 
 1278      6D6F6E5C 
 1278      63727970 
 1278      745C4165 
 1279              	.LASF31:
 1280 0193 63727970 		.ascii	"crypto_test\000"
 1280      746F5F74 
 1280      65737400 
 1281              	.LASF4:
 1282 019f 73686F72 		.ascii	"short unsigned int\000"
 1282      7420756E 
 1282      7369676E 
 1282      65642069 
 1282      6E7400
 1283              	.LASF14:
 1284 01b2 75696E74 		.ascii	"uint32_t\000"
 1284      33325F74 
 1284      00
 1285              	.LASF32:
ARM GAS  C:\Users\zhiantec\AppData\Local\Temp\ccS9RUda.s 			page 27


 1286 01bb 6E6F6E63 		.ascii	"nonce\000"
 1286      6500
 1287              	.LASF8:
 1288 01c1 6C6F6E67 		.ascii	"long unsigned int\000"
 1288      20756E73 
 1288      69676E65 
 1288      6420696E 
 1288      7400
 1289              	.LASF23:
 1290 01d3 706C6169 		.ascii	"plain_text\000"
 1290      6E5F7465 
 1290      787400
 1291              	.LASF7:
 1292 01de 5F5F7569 		.ascii	"__uint32_t\000"
 1292      6E743332 
 1292      5F7400
 1293              	.LASF25:
 1294 01e9 64656372 		.ascii	"decrypt_text\000"
 1294      7970745F 
 1294      74657874 
 1294      00
 1295              	.LASF0:
 1296 01f6 756E7369 		.ascii	"unsigned int\000"
 1296      676E6564 
 1296      20696E74 
 1296      00
 1297              	.LASF10:
 1298 0203 6C6F6E67 		.ascii	"long long unsigned int\000"
 1298      206C6F6E 
 1298      6720756E 
 1298      7369676E 
 1298      65642069 
 1299              	.LASF13:
 1300 021a 75696E74 		.ascii	"uint8_t\000"
 1300      385F7400 
 1301              	.LASF11:
 1302 0222 73697A65 		.ascii	"sizetype\000"
 1302      74797065 
 1302      00
 1303              	.LASF9:
 1304 022b 6C6F6E67 		.ascii	"long long int\000"
 1304      206C6F6E 
 1304      6720696E 
 1304      7400
 1305              	.LASF12:
 1306 0239 63686172 		.ascii	"char\000"
 1306      00
 1307              	.LASF30:
 1308 023e 62745F6C 		.ascii	"bt_lock_crypto\000"
 1308      6F636B5F 
 1308      63727970 
 1308      746F00
 1309              	.LASF26:
 1310 024d 6D656D63 		.ascii	"memcpy\000"
 1310      707900
 1311              	.LASF3:
 1312 0254 73686F72 		.ascii	"short int\000"
ARM GAS  C:\Users\zhiantec\AppData\Local\Temp\ccS9RUda.s 			page 28


 1312      7420696E 
 1312      7400
 1313              	.LASF15:
 1314 025e 75696E74 		.ascii	"uint8\000"
 1314      3800
 1315              	.LASF18:
 1316 0264 656E635F 		.ascii	"enc_dec\000"
 1316      64656300 
 1317              	.LASF5:
 1318 026c 6C6F6E67 		.ascii	"long int\000"
 1318      20696E74 
 1318      00
 1319              	.LASF22:
 1320 0275 62745F6C 		.ascii	"bt_lock_close_crypto\000"
 1320      6F636B5F 
 1320      636C6F73 
 1320      655F6372 
 1320      7970746F 
 1321              	.LASF24:
 1322 028a 63697068 		.ascii	"cipher_text\000"
 1322      65725F74 
 1322      65787400 
 1323              	.LASF1:
 1324 0296 7369676E 		.ascii	"signed char\000"
 1324      65642063 
 1324      68617200 
 1325              		.ident	"GCC: (GNU Tools for ARM Embedded Processors) 4.9.3 20150303 (release) [ARM/embedded-4_9-br
