ARM GAS  C:\Users\zhiantec\AppData\Local\Temp\ccKAigMM.s 			page 1


   1              		.cpu cortex-m0
   2              		.fpu softvfp
   3              		.eabi_attribute 20, 1
   4              		.eabi_attribute 21, 1
   5              		.eabi_attribute 23, 3
   6              		.eabi_attribute 24, 1
   7              		.eabi_attribute 25, 1
   8              		.eabi_attribute 26, 1
   9              		.eabi_attribute 30, 4
  10              		.eabi_attribute 34, 0
  11              		.eabi_attribute 18, 4
  12              		.code	16
  13              		.file	"Bootloadable.c"
  14              		.text
  15              	.Ltext0:
  16              		.cfi_sections	.debug_frame
  17              		.section	.text.Bootloadable_Load,"ax",%progbits
  18              		.align	1
  19              		.global	Bootloadable_Load
  20              		.code	16
  21              		.thumb_func
  22              		.type	Bootloadable_Load, %function
  23              	Bootloadable_Load:
  24              	.LFB2:
  25              		.file 1 "Generated_Source\\PSoC4\\Bootloadable.c"
   1:Generated_Source\PSoC4/Bootloadable.c **** /*******************************************************************************
   2:Generated_Source\PSoC4/Bootloadable.c **** * File Name: Bootloadable.c
   3:Generated_Source\PSoC4/Bootloadable.c **** * Version 1.30
   4:Generated_Source\PSoC4/Bootloadable.c **** *
   5:Generated_Source\PSoC4/Bootloadable.c **** *  Description:
   6:Generated_Source\PSoC4/Bootloadable.c **** *   Provides an API for the Bootloadable application. The API includes a
   7:Generated_Source\PSoC4/Bootloadable.c **** *   single function for starting the bootloader.
   8:Generated_Source\PSoC4/Bootloadable.c **** *
   9:Generated_Source\PSoC4/Bootloadable.c **** ********************************************************************************
  10:Generated_Source\PSoC4/Bootloadable.c **** * Copyright 2008-2014, Cypress Semiconductor Corporation.  All rights reserved.
  11:Generated_Source\PSoC4/Bootloadable.c **** * You may use this file only in accordance with the license, terms, conditions,
  12:Generated_Source\PSoC4/Bootloadable.c **** * disclaimers, and limitations in the end user license agreement accompanying
  13:Generated_Source\PSoC4/Bootloadable.c **** * the software package with which this file was provided.
  14:Generated_Source\PSoC4/Bootloadable.c **** *******************************************************************************/
  15:Generated_Source\PSoC4/Bootloadable.c **** 
  16:Generated_Source\PSoC4/Bootloadable.c **** #include "Bootloadable.h"
  17:Generated_Source\PSoC4/Bootloadable.c **** 
  18:Generated_Source\PSoC4/Bootloadable.c **** 
  19:Generated_Source\PSoC4/Bootloadable.c **** /*******************************************************************************
  20:Generated_Source\PSoC4/Bootloadable.c **** * Function Name: Bootloadable_Load
  21:Generated_Source\PSoC4/Bootloadable.c **** ********************************************************************************
  22:Generated_Source\PSoC4/Bootloadable.c **** * Summary:
  23:Generated_Source\PSoC4/Bootloadable.c **** *  Begins the bootloading algorithm downloading a new ACD image from the host.
  24:Generated_Source\PSoC4/Bootloadable.c **** *
  25:Generated_Source\PSoC4/Bootloadable.c **** * Parameters:
  26:Generated_Source\PSoC4/Bootloadable.c **** *  None
  27:Generated_Source\PSoC4/Bootloadable.c **** *
  28:Generated_Source\PSoC4/Bootloadable.c **** * Returns:
  29:Generated_Source\PSoC4/Bootloadable.c **** *  This method will never return. It will load a new application and reset
  30:Generated_Source\PSoC4/Bootloadable.c **** *  the device.
  31:Generated_Source\PSoC4/Bootloadable.c **** *
  32:Generated_Source\PSoC4/Bootloadable.c **** *******************************************************************************/
ARM GAS  C:\Users\zhiantec\AppData\Local\Temp\ccKAigMM.s 			page 2


  33:Generated_Source\PSoC4/Bootloadable.c **** void Bootloadable_Load(void) 
  34:Generated_Source\PSoC4/Bootloadable.c **** {
  26              		.loc 1 34 0
  27              		.cfi_startproc
  35:Generated_Source\PSoC4/Bootloadable.c ****     /* Schedule Bootloader to start after reset */
  36:Generated_Source\PSoC4/Bootloadable.c ****     Bootloadable_SET_RUN_TYPE(Bootloadable_START_BTLDR);
  28              		.loc 1 36 0
  29 0000 4022     		mov	r2, #64
  34:Generated_Source\PSoC4/Bootloadable.c ****     /* Schedule Bootloader to start after reset */
  30              		.loc 1 34 0
  31 0002 08B5     		push	{r3, lr}
  32              		.cfi_def_cfa_offset 8
  33              		.cfi_offset 3, -8
  34              		.cfi_offset 14, -4
  35              		.loc 1 36 0
  36 0004 024B     		ldr	r3, .L2
  37:Generated_Source\PSoC4/Bootloadable.c **** 
  38:Generated_Source\PSoC4/Bootloadable.c ****     CySoftwareReset();
  39:Generated_Source\PSoC4/Bootloadable.c **** }
  37              		.loc 1 39 0
  38              		@ sp needed
  36:Generated_Source\PSoC4/Bootloadable.c **** 
  39              		.loc 1 36 0
  40 0006 1A60     		str	r2, [r3]
  38:Generated_Source\PSoC4/Bootloadable.c **** }
  41              		.loc 1 38 0
  42 0008 FFF7FEFF 		bl	CySoftwareReset
  43              	.LVL0:
  44              		.loc 1 39 0
  45 000c 08BD     		pop	{r3, pc}
  46              	.L3:
  47 000e C046     		.align	2
  48              	.L2:
  49 0010 00000000 		.word	cyBtldrRunType
  50              		.cfi_endproc
  51              	.LFE2:
  52              		.size	Bootloadable_Load, .-Bootloadable_Load
  53              		.section	.text.Bootloadable_SetFlashByte,"ax",%progbits
  54              		.align	1
  55              		.global	Bootloadable_SetFlashByte
  56              		.code	16
  57              		.thumb_func
  58              		.type	Bootloadable_SetFlashByte, %function
  59              	Bootloadable_SetFlashByte:
  60              	.LFB3:
  40:Generated_Source\PSoC4/Bootloadable.c **** 
  41:Generated_Source\PSoC4/Bootloadable.c **** 
  42:Generated_Source\PSoC4/Bootloadable.c **** /*******************************************************************************
  43:Generated_Source\PSoC4/Bootloadable.c **** * The following code is OBSOLETE and must not be used.
  44:Generated_Source\PSoC4/Bootloadable.c **** *******************************************************************************/
  45:Generated_Source\PSoC4/Bootloadable.c **** void Bootloadable_SetFlashByte(uint32 address, uint8 runType) 
  46:Generated_Source\PSoC4/Bootloadable.c **** {
  61              		.loc 1 46 0
  62              		.cfi_startproc
  63              	.LVL1:
  64 0000 F0B5     		push	{r4, r5, r6, r7, lr}
  65              		.cfi_def_cfa_offset 20
ARM GAS  C:\Users\zhiantec\AppData\Local\Temp\ccKAigMM.s 			page 3


  66              		.cfi_offset 4, -20
  67              		.cfi_offset 5, -16
  68              		.cfi_offset 6, -12
  69              		.cfi_offset 7, -8
  70              		.cfi_offset 14, -4
  47:Generated_Source\PSoC4/Bootloadable.c ****     uint32 flsAddr = address - CYDEV_FLASH_BASE;
  48:Generated_Source\PSoC4/Bootloadable.c ****     uint8  rowData[CYDEV_FLS_ROW_SIZE];
  49:Generated_Source\PSoC4/Bootloadable.c **** 
  50:Generated_Source\PSoC4/Bootloadable.c ****     #if !(CY_PSOC4)
  51:Generated_Source\PSoC4/Bootloadable.c ****         uint8 arrayId = ( uint8 )(flsAddr / CYDEV_FLS_SECTOR_SIZE);
  52:Generated_Source\PSoC4/Bootloadable.c ****     #endif  /* !(CY_PSOC4) */
  53:Generated_Source\PSoC4/Bootloadable.c **** 
  54:Generated_Source\PSoC4/Bootloadable.c ****     #if (CY_PSOC4)
  55:Generated_Source\PSoC4/Bootloadable.c ****         uint16 rowNum = ( uint16 )(flsAddr / CYDEV_FLS_ROW_SIZE);
  56:Generated_Source\PSoC4/Bootloadable.c ****     #else
  57:Generated_Source\PSoC4/Bootloadable.c ****         uint16 rowNum = ( uint16 )((flsAddr % CYDEV_FLS_SECTOR_SIZE) / CYDEV_FLS_ROW_SIZE);
  58:Generated_Source\PSoC4/Bootloadable.c ****     #endif  /* (CY_PSOC4) */
  59:Generated_Source\PSoC4/Bootloadable.c **** 
  60:Generated_Source\PSoC4/Bootloadable.c ****     uint32 baseAddr = address - (address % CYDEV_FLS_ROW_SIZE);
  71              		.loc 1 60 0
  72 0002 FF23     		mov	r3, #255
  73 0004 051C     		mov	r5, r0
  74 0006 9D43     		bic	r5, r3
  75 0008 2B1C     		mov	r3, r5
  46:Generated_Source\PSoC4/Bootloadable.c ****     uint32 flsAddr = address - CYDEV_FLASH_BASE;
  76              		.loc 1 46 0
  77 000a C3B0     		sub	sp, sp, #268
  78              		.cfi_def_cfa_offset 288
  79 000c 6E1C     		add	r6, r5, #1
  46:Generated_Source\PSoC4/Bootloadable.c ****     uint32 flsAddr = address - CYDEV_FLASH_BASE;
  80              		.loc 1 46 0
  81 000e 0191     		str	r1, [sp, #4]
  55:Generated_Source\PSoC4/Bootloadable.c ****     #else
  82              		.loc 1 55 0
  83 0010 040A     		lsr	r4, r0, #8
  84              	.LVL2:
  85 0012 FF36     		add	r6, r6, #255
  86              	.LVL3:
  87              	.L5:
  61:Generated_Source\PSoC4/Bootloadable.c ****     uint16 idx;
  62:Generated_Source\PSoC4/Bootloadable.c **** 
  63:Generated_Source\PSoC4/Bootloadable.c **** 
  64:Generated_Source\PSoC4/Bootloadable.c ****     for (idx = 0u; idx < CYDEV_FLS_ROW_SIZE; idx++)
  65:Generated_Source\PSoC4/Bootloadable.c ****     {
  66:Generated_Source\PSoC4/Bootloadable.c ****         rowData[idx] = Bootloadable_GET_CODE_DATA(baseAddr + idx);
  88              		.loc 1 66 0 discriminator 3
  89 0014 1A78     		ldrb	r2, [r3]
  90 0016 9446     		mov	ip, r2
  91 0018 6146     		mov	r1, ip
  92 001a 02AA     		add	r2, sp, #8
  93 001c 571B     		sub	r7, r2, r5
  94 001e F954     		strb	r1, [r7, r3]
  95              	.LVL4:
  96 0020 0133     		add	r3, r3, #1
  97              	.LVL5:
  64:Generated_Source\PSoC4/Bootloadable.c ****     {
  98              		.loc 1 64 0 discriminator 3
ARM GAS  C:\Users\zhiantec\AppData\Local\Temp\ccKAigMM.s 			page 4


  99 0022 B342     		cmp	r3, r6
 100 0024 F6D1     		bne	.L5
  67:Generated_Source\PSoC4/Bootloadable.c ****     }
  68:Generated_Source\PSoC4/Bootloadable.c ****     rowData[address % CYDEV_FLS_ROW_SIZE] = runType;
 101              		.loc 1 68 0
 102 0026 6B46     		mov	r3, sp
 103 0028 1B79     		ldrb	r3, [r3, #4]
 104 002a C0B2     		uxtb	r0, r0
 105              	.LVL6:
 106 002c 1354     		strb	r3, [r2, r0]
  69:Generated_Source\PSoC4/Bootloadable.c **** 
  70:Generated_Source\PSoC4/Bootloadable.c ****     #if(CY_PSOC4)
  71:Generated_Source\PSoC4/Bootloadable.c ****         (void) CySysFlashWriteRow((uint32) rowNum, rowData);
 107              		.loc 1 71 0
 108 002e 111C     		mov	r1, r2
 109 0030 A0B2     		uxth	r0, r4
 110 0032 FFF7FEFF 		bl	CySysFlashWriteRow
 111              	.LVL7:
  72:Generated_Source\PSoC4/Bootloadable.c ****     #else
  73:Generated_Source\PSoC4/Bootloadable.c ****         (void) CyWriteRowData(arrayId, rowNum, rowData);
  74:Generated_Source\PSoC4/Bootloadable.c ****     #endif  /* (CY_PSOC4) */
  75:Generated_Source\PSoC4/Bootloadable.c **** 
  76:Generated_Source\PSoC4/Bootloadable.c ****     #if(CY_PSOC5)
  77:Generated_Source\PSoC4/Bootloadable.c ****         /***************************************************************************
  78:Generated_Source\PSoC4/Bootloadable.c ****         * When writing Flash, data in the instruction cache can become stale.
  79:Generated_Source\PSoC4/Bootloadable.c ****         * Therefore, the cache data does not correlate to the data just written to
  80:Generated_Source\PSoC4/Bootloadable.c ****         * Flash. A call to CyFlushCache() is required to invalidate the data in the
  81:Generated_Source\PSoC4/Bootloadable.c ****         * cache and force fresh information to be loaded from Flash.
  82:Generated_Source\PSoC4/Bootloadable.c ****         ***************************************************************************/
  83:Generated_Source\PSoC4/Bootloadable.c ****         CyFlushCache();
  84:Generated_Source\PSoC4/Bootloadable.c ****     #endif /* (CY_PSOC5) */
  85:Generated_Source\PSoC4/Bootloadable.c **** }
 112              		.loc 1 85 0
 113 0036 43B0     		add	sp, sp, #268
 114              		@ sp needed
 115              	.LVL8:
 116              	.LVL9:
 117              	.LVL10:
 118 0038 F0BD     		pop	{r4, r5, r6, r7, pc}
 119              		.cfi_endproc
 120              	.LFE3:
 121              		.size	Bootloadable_SetFlashByte, .-Bootloadable_SetFlashByte
 122              		.text
 123              	.Letext0:
 124              		.file 2 "Generated_Source\\PSoC4\\cytypes.h"
 125              		.file 3 "Generated_Source\\PSoC4\\Bootloadable.h"
 126              		.file 4 "Generated_Source\\PSoC4\\CyLib.h"
 127              		.file 5 "Generated_Source\\PSoC4\\CyFlash.h"
 128              		.section	.debug_info,"",%progbits
 129              	.Ldebug_info0:
 130 0000 AD010000 		.4byte	0x1ad
 131 0004 0400     		.2byte	0x4
 132 0006 00000000 		.4byte	.Ldebug_abbrev0
 133 000a 04       		.byte	0x4
 134 000b 01       		.uleb128 0x1
 135 000c 8B000000 		.4byte	.LASF24
 136 0010 01       		.byte	0x1
ARM GAS  C:\Users\zhiantec\AppData\Local\Temp\ccKAigMM.s 			page 5


 137 0011 DD010000 		.4byte	.LASF25
 138 0015 00000000 		.4byte	.LASF26
 139 0019 00000000 		.4byte	.Ldebug_ranges0+0
 140 001d 00000000 		.4byte	0
 141 0021 00000000 		.4byte	.Ldebug_line0
 142 0025 02       		.uleb128 0x2
 143 0026 01       		.byte	0x1
 144 0027 06       		.byte	0x6
 145 0028 65020000 		.4byte	.LASF0
 146 002c 02       		.uleb128 0x2
 147 002d 01       		.byte	0x1
 148 002e 08       		.byte	0x8
 149 002f 39010000 		.4byte	.LASF1
 150 0033 02       		.uleb128 0x2
 151 0034 02       		.byte	0x2
 152 0035 05       		.byte	0x5
 153 0036 42020000 		.4byte	.LASF2
 154 003a 02       		.uleb128 0x2
 155 003b 02       		.byte	0x2
 156 003c 07       		.byte	0x7
 157 003d 20010000 		.4byte	.LASF3
 158 0041 02       		.uleb128 0x2
 159 0042 04       		.byte	0x4
 160 0043 05       		.byte	0x5
 161 0044 5C020000 		.4byte	.LASF4
 162 0048 02       		.uleb128 0x2
 163 0049 04       		.byte	0x4
 164 004a 07       		.byte	0x7
 165 004b 4F010000 		.4byte	.LASF5
 166 004f 02       		.uleb128 0x2
 167 0050 08       		.byte	0x8
 168 0051 05       		.byte	0x5
 169 0052 15020000 		.4byte	.LASF6
 170 0056 02       		.uleb128 0x2
 171 0057 08       		.byte	0x8
 172 0058 07       		.byte	0x7
 173 0059 BE010000 		.4byte	.LASF7
 174 005d 03       		.uleb128 0x3
 175 005e 04       		.byte	0x4
 176 005f 05       		.byte	0x5
 177 0060 696E7400 		.ascii	"int\000"
 178 0064 02       		.uleb128 0x2
 179 0065 04       		.byte	0x4
 180 0066 07       		.byte	0x7
 181 0067 A9010000 		.4byte	.LASF8
 182 006b 04       		.uleb128 0x4
 183 006c 61010000 		.4byte	.LASF9
 184 0070 02       		.byte	0x2
 185 0071 B901     		.2byte	0x1b9
 186 0073 2C000000 		.4byte	0x2c
 187 0077 04       		.uleb128 0x4
 188 0078 9B010000 		.4byte	.LASF10
 189 007c 02       		.byte	0x2
 190 007d BA01     		.2byte	0x1ba
 191 007f 3A000000 		.4byte	0x3a
 192 0083 04       		.uleb128 0x4
 193 0084 A2010000 		.4byte	.LASF11
ARM GAS  C:\Users\zhiantec\AppData\Local\Temp\ccKAigMM.s 			page 6


 194 0088 02       		.byte	0x2
 195 0089 BB01     		.2byte	0x1bb
 196 008b 48000000 		.4byte	0x48
 197 008f 02       		.uleb128 0x2
 198 0090 04       		.byte	0x4
 199 0091 04       		.byte	0x4
 200 0092 33010000 		.4byte	.LASF12
 201 0096 02       		.uleb128 0x2
 202 0097 08       		.byte	0x8
 203 0098 04       		.byte	0x4
 204 0099 79010000 		.4byte	.LASF13
 205 009d 02       		.uleb128 0x2
 206 009e 01       		.byte	0x1
 207 009f 08       		.byte	0x8
 208 00a0 23020000 		.4byte	.LASF14
 209 00a4 05       		.uleb128 0x5
 210 00a5 83000000 		.4byte	0x83
 211 00a9 02       		.uleb128 0x2
 212 00aa 04       		.byte	0x4
 213 00ab 07       		.byte	0x7
 214 00ac 0C020000 		.4byte	.LASF15
 215 00b0 06       		.uleb128 0x6
 216 00b1 67010000 		.4byte	.LASF16
 217 00b5 01       		.byte	0x1
 218 00b6 21       		.byte	0x21
 219 00b7 00000000 		.4byte	.LFB2
 220 00bb 14000000 		.4byte	.LFE2-.LFB2
 221 00bf 01       		.uleb128 0x1
 222 00c0 9C       		.byte	0x9c
 223 00c1 CF000000 		.4byte	0xcf
 224 00c5 07       		.uleb128 0x7
 225 00c6 0C000000 		.4byte	.LVL0
 226 00ca 84010000 		.4byte	0x184
 227 00ce 00       		.byte	0
 228 00cf 06       		.uleb128 0x6
 229 00d0 28020000 		.4byte	.LASF17
 230 00d4 01       		.byte	0x1
 231 00d5 2D       		.byte	0x2d
 232 00d6 00000000 		.4byte	.LFB3
 233 00da 3A000000 		.4byte	.LFE3-.LFB3
 234 00de 01       		.uleb128 0x1
 235 00df 9C       		.byte	0x9c
 236 00e0 69010000 		.4byte	0x169
 237 00e4 08       		.uleb128 0x8
 238 00e5 B6010000 		.4byte	.LASF18
 239 00e9 01       		.byte	0x1
 240 00ea 2D       		.byte	0x2d
 241 00eb 83000000 		.4byte	0x83
 242 00ef 00000000 		.4byte	.LLST0
 243 00f3 08       		.uleb128 0x8
 244 00f4 D5010000 		.4byte	.LASF19
 245 00f8 01       		.byte	0x1
 246 00f9 2D       		.byte	0x2d
 247 00fa 6B000000 		.4byte	0x6b
 248 00fe 21000000 		.4byte	.LLST1
 249 0102 09       		.uleb128 0x9
 250 0103 93010000 		.4byte	.LASF20
ARM GAS  C:\Users\zhiantec\AppData\Local\Temp\ccKAigMM.s 			page 7


 251 0107 01       		.byte	0x1
 252 0108 2F       		.byte	0x2f
 253 0109 83000000 		.4byte	0x83
 254 010d 00000000 		.4byte	.LLST0
 255 0111 0A       		.uleb128 0xa
 256 0112 47010000 		.4byte	.LASF21
 257 0116 01       		.byte	0x1
 258 0117 30       		.byte	0x30
 259 0118 69010000 		.4byte	0x169
 260 011c 03       		.uleb128 0x3
 261 011d 91       		.byte	0x91
 262 011e E87D     		.sleb128 -280
 263 0120 09       		.uleb128 0x9
 264 0121 19010000 		.4byte	.LASF22
 265 0125 01       		.byte	0x1
 266 0126 37       		.byte	0x37
 267 0127 77000000 		.4byte	0x77
 268 012b 42000000 		.4byte	.LLST3
 269 012f 09       		.uleb128 0x9
 270 0130 03020000 		.4byte	.LASF23
 271 0134 01       		.byte	0x1
 272 0135 3C       		.byte	0x3c
 273 0136 83000000 		.4byte	0x83
 274 013a 65000000 		.4byte	.LLST4
 275 013e 0B       		.uleb128 0xb
 276 013f 69647800 		.ascii	"idx\000"
 277 0143 01       		.byte	0x1
 278 0144 3D       		.byte	0x3d
 279 0145 77000000 		.4byte	0x77
 280 0149 A3000000 		.4byte	.LLST5
 281 014d 0C       		.uleb128 0xc
 282 014e 36000000 		.4byte	.LVL7
 283 0152 8B010000 		.4byte	0x18b
 284 0156 0D       		.uleb128 0xd
 285 0157 01       		.uleb128 0x1
 286 0158 51       		.byte	0x51
 287 0159 03       		.uleb128 0x3
 288 015a 91       		.byte	0x91
 289 015b E87D     		.sleb128 -280
 290 015d 0D       		.uleb128 0xd
 291 015e 01       		.uleb128 0x1
 292 015f 50       		.byte	0x50
 293 0160 06       		.uleb128 0x6
 294 0161 74       		.byte	0x74
 295 0162 00       		.sleb128 0
 296 0163 0A       		.byte	0xa
 297 0164 FFFF     		.2byte	0xffff
 298 0166 1A       		.byte	0x1a
 299 0167 00       		.byte	0
 300 0168 00       		.byte	0
 301 0169 0E       		.uleb128 0xe
 302 016a 6B000000 		.4byte	0x6b
 303 016e 79010000 		.4byte	0x179
 304 0172 0F       		.uleb128 0xf
 305 0173 A9000000 		.4byte	0xa9
 306 0177 FF       		.byte	0xff
 307 0178 00       		.byte	0
ARM GAS  C:\Users\zhiantec\AppData\Local\Temp\ccKAigMM.s 			page 8


 308 0179 10       		.uleb128 0x10
 309 017a 71020000 		.4byte	.LASF27
 310 017e 03       		.byte	0x3
 311 017f 37       		.byte	0x37
 312 0180 A4000000 		.4byte	0xa4
 313 0184 11       		.uleb128 0x11
 314 0185 4C020000 		.4byte	.LASF28
 315 0189 04       		.byte	0x4
 316 018a E4       		.byte	0xe4
 317 018b 12       		.uleb128 0x12
 318 018c 80010000 		.4byte	.LASF29
 319 0190 05       		.byte	0x5
 320 0191 4E       		.byte	0x4e
 321 0192 83000000 		.4byte	0x83
 322 0196 A5010000 		.4byte	0x1a5
 323 019a 13       		.uleb128 0x13
 324 019b 83000000 		.4byte	0x83
 325 019f 13       		.uleb128 0x13
 326 01a0 A5010000 		.4byte	0x1a5
 327 01a4 00       		.byte	0
 328 01a5 14       		.uleb128 0x14
 329 01a6 04       		.byte	0x4
 330 01a7 AB010000 		.4byte	0x1ab
 331 01ab 15       		.uleb128 0x15
 332 01ac 6B000000 		.4byte	0x6b
 333 01b0 00       		.byte	0
 334              		.section	.debug_abbrev,"",%progbits
 335              	.Ldebug_abbrev0:
 336 0000 01       		.uleb128 0x1
 337 0001 11       		.uleb128 0x11
 338 0002 01       		.byte	0x1
 339 0003 25       		.uleb128 0x25
 340 0004 0E       		.uleb128 0xe
 341 0005 13       		.uleb128 0x13
 342 0006 0B       		.uleb128 0xb
 343 0007 03       		.uleb128 0x3
 344 0008 0E       		.uleb128 0xe
 345 0009 1B       		.uleb128 0x1b
 346 000a 0E       		.uleb128 0xe
 347 000b 55       		.uleb128 0x55
 348 000c 17       		.uleb128 0x17
 349 000d 11       		.uleb128 0x11
 350 000e 01       		.uleb128 0x1
 351 000f 10       		.uleb128 0x10
 352 0010 17       		.uleb128 0x17
 353 0011 00       		.byte	0
 354 0012 00       		.byte	0
 355 0013 02       		.uleb128 0x2
 356 0014 24       		.uleb128 0x24
 357 0015 00       		.byte	0
 358 0016 0B       		.uleb128 0xb
 359 0017 0B       		.uleb128 0xb
 360 0018 3E       		.uleb128 0x3e
 361 0019 0B       		.uleb128 0xb
 362 001a 03       		.uleb128 0x3
 363 001b 0E       		.uleb128 0xe
 364 001c 00       		.byte	0
ARM GAS  C:\Users\zhiantec\AppData\Local\Temp\ccKAigMM.s 			page 9


 365 001d 00       		.byte	0
 366 001e 03       		.uleb128 0x3
 367 001f 24       		.uleb128 0x24
 368 0020 00       		.byte	0
 369 0021 0B       		.uleb128 0xb
 370 0022 0B       		.uleb128 0xb
 371 0023 3E       		.uleb128 0x3e
 372 0024 0B       		.uleb128 0xb
 373 0025 03       		.uleb128 0x3
 374 0026 08       		.uleb128 0x8
 375 0027 00       		.byte	0
 376 0028 00       		.byte	0
 377 0029 04       		.uleb128 0x4
 378 002a 16       		.uleb128 0x16
 379 002b 00       		.byte	0
 380 002c 03       		.uleb128 0x3
 381 002d 0E       		.uleb128 0xe
 382 002e 3A       		.uleb128 0x3a
 383 002f 0B       		.uleb128 0xb
 384 0030 3B       		.uleb128 0x3b
 385 0031 05       		.uleb128 0x5
 386 0032 49       		.uleb128 0x49
 387 0033 13       		.uleb128 0x13
 388 0034 00       		.byte	0
 389 0035 00       		.byte	0
 390 0036 05       		.uleb128 0x5
 391 0037 35       		.uleb128 0x35
 392 0038 00       		.byte	0
 393 0039 49       		.uleb128 0x49
 394 003a 13       		.uleb128 0x13
 395 003b 00       		.byte	0
 396 003c 00       		.byte	0
 397 003d 06       		.uleb128 0x6
 398 003e 2E       		.uleb128 0x2e
 399 003f 01       		.byte	0x1
 400 0040 3F       		.uleb128 0x3f
 401 0041 19       		.uleb128 0x19
 402 0042 03       		.uleb128 0x3
 403 0043 0E       		.uleb128 0xe
 404 0044 3A       		.uleb128 0x3a
 405 0045 0B       		.uleb128 0xb
 406 0046 3B       		.uleb128 0x3b
 407 0047 0B       		.uleb128 0xb
 408 0048 27       		.uleb128 0x27
 409 0049 19       		.uleb128 0x19
 410 004a 11       		.uleb128 0x11
 411 004b 01       		.uleb128 0x1
 412 004c 12       		.uleb128 0x12
 413 004d 06       		.uleb128 0x6
 414 004e 40       		.uleb128 0x40
 415 004f 18       		.uleb128 0x18
 416 0050 9742     		.uleb128 0x2117
 417 0052 19       		.uleb128 0x19
 418 0053 01       		.uleb128 0x1
 419 0054 13       		.uleb128 0x13
 420 0055 00       		.byte	0
 421 0056 00       		.byte	0
ARM GAS  C:\Users\zhiantec\AppData\Local\Temp\ccKAigMM.s 			page 10


 422 0057 07       		.uleb128 0x7
 423 0058 898201   		.uleb128 0x4109
 424 005b 00       		.byte	0
 425 005c 11       		.uleb128 0x11
 426 005d 01       		.uleb128 0x1
 427 005e 31       		.uleb128 0x31
 428 005f 13       		.uleb128 0x13
 429 0060 00       		.byte	0
 430 0061 00       		.byte	0
 431 0062 08       		.uleb128 0x8
 432 0063 05       		.uleb128 0x5
 433 0064 00       		.byte	0
 434 0065 03       		.uleb128 0x3
 435 0066 0E       		.uleb128 0xe
 436 0067 3A       		.uleb128 0x3a
 437 0068 0B       		.uleb128 0xb
 438 0069 3B       		.uleb128 0x3b
 439 006a 0B       		.uleb128 0xb
 440 006b 49       		.uleb128 0x49
 441 006c 13       		.uleb128 0x13
 442 006d 02       		.uleb128 0x2
 443 006e 17       		.uleb128 0x17
 444 006f 00       		.byte	0
 445 0070 00       		.byte	0
 446 0071 09       		.uleb128 0x9
 447 0072 34       		.uleb128 0x34
 448 0073 00       		.byte	0
 449 0074 03       		.uleb128 0x3
 450 0075 0E       		.uleb128 0xe
 451 0076 3A       		.uleb128 0x3a
 452 0077 0B       		.uleb128 0xb
 453 0078 3B       		.uleb128 0x3b
 454 0079 0B       		.uleb128 0xb
 455 007a 49       		.uleb128 0x49
 456 007b 13       		.uleb128 0x13
 457 007c 02       		.uleb128 0x2
 458 007d 17       		.uleb128 0x17
 459 007e 00       		.byte	0
 460 007f 00       		.byte	0
 461 0080 0A       		.uleb128 0xa
 462 0081 34       		.uleb128 0x34
 463 0082 00       		.byte	0
 464 0083 03       		.uleb128 0x3
 465 0084 0E       		.uleb128 0xe
 466 0085 3A       		.uleb128 0x3a
 467 0086 0B       		.uleb128 0xb
 468 0087 3B       		.uleb128 0x3b
 469 0088 0B       		.uleb128 0xb
 470 0089 49       		.uleb128 0x49
 471 008a 13       		.uleb128 0x13
 472 008b 02       		.uleb128 0x2
 473 008c 18       		.uleb128 0x18
 474 008d 00       		.byte	0
 475 008e 00       		.byte	0
 476 008f 0B       		.uleb128 0xb
 477 0090 34       		.uleb128 0x34
 478 0091 00       		.byte	0
ARM GAS  C:\Users\zhiantec\AppData\Local\Temp\ccKAigMM.s 			page 11


 479 0092 03       		.uleb128 0x3
 480 0093 08       		.uleb128 0x8
 481 0094 3A       		.uleb128 0x3a
 482 0095 0B       		.uleb128 0xb
 483 0096 3B       		.uleb128 0x3b
 484 0097 0B       		.uleb128 0xb
 485 0098 49       		.uleb128 0x49
 486 0099 13       		.uleb128 0x13
 487 009a 02       		.uleb128 0x2
 488 009b 17       		.uleb128 0x17
 489 009c 00       		.byte	0
 490 009d 00       		.byte	0
 491 009e 0C       		.uleb128 0xc
 492 009f 898201   		.uleb128 0x4109
 493 00a2 01       		.byte	0x1
 494 00a3 11       		.uleb128 0x11
 495 00a4 01       		.uleb128 0x1
 496 00a5 31       		.uleb128 0x31
 497 00a6 13       		.uleb128 0x13
 498 00a7 00       		.byte	0
 499 00a8 00       		.byte	0
 500 00a9 0D       		.uleb128 0xd
 501 00aa 8A8201   		.uleb128 0x410a
 502 00ad 00       		.byte	0
 503 00ae 02       		.uleb128 0x2
 504 00af 18       		.uleb128 0x18
 505 00b0 9142     		.uleb128 0x2111
 506 00b2 18       		.uleb128 0x18
 507 00b3 00       		.byte	0
 508 00b4 00       		.byte	0
 509 00b5 0E       		.uleb128 0xe
 510 00b6 01       		.uleb128 0x1
 511 00b7 01       		.byte	0x1
 512 00b8 49       		.uleb128 0x49
 513 00b9 13       		.uleb128 0x13
 514 00ba 01       		.uleb128 0x1
 515 00bb 13       		.uleb128 0x13
 516 00bc 00       		.byte	0
 517 00bd 00       		.byte	0
 518 00be 0F       		.uleb128 0xf
 519 00bf 21       		.uleb128 0x21
 520 00c0 00       		.byte	0
 521 00c1 49       		.uleb128 0x49
 522 00c2 13       		.uleb128 0x13
 523 00c3 2F       		.uleb128 0x2f
 524 00c4 0B       		.uleb128 0xb
 525 00c5 00       		.byte	0
 526 00c6 00       		.byte	0
 527 00c7 10       		.uleb128 0x10
 528 00c8 34       		.uleb128 0x34
 529 00c9 00       		.byte	0
 530 00ca 03       		.uleb128 0x3
 531 00cb 0E       		.uleb128 0xe
 532 00cc 3A       		.uleb128 0x3a
 533 00cd 0B       		.uleb128 0xb
 534 00ce 3B       		.uleb128 0x3b
 535 00cf 0B       		.uleb128 0xb
ARM GAS  C:\Users\zhiantec\AppData\Local\Temp\ccKAigMM.s 			page 12


 536 00d0 49       		.uleb128 0x49
 537 00d1 13       		.uleb128 0x13
 538 00d2 3F       		.uleb128 0x3f
 539 00d3 19       		.uleb128 0x19
 540 00d4 3C       		.uleb128 0x3c
 541 00d5 19       		.uleb128 0x19
 542 00d6 00       		.byte	0
 543 00d7 00       		.byte	0
 544 00d8 11       		.uleb128 0x11
 545 00d9 2E       		.uleb128 0x2e
 546 00da 00       		.byte	0
 547 00db 3F       		.uleb128 0x3f
 548 00dc 19       		.uleb128 0x19
 549 00dd 03       		.uleb128 0x3
 550 00de 0E       		.uleb128 0xe
 551 00df 3A       		.uleb128 0x3a
 552 00e0 0B       		.uleb128 0xb
 553 00e1 3B       		.uleb128 0x3b
 554 00e2 0B       		.uleb128 0xb
 555 00e3 27       		.uleb128 0x27
 556 00e4 19       		.uleb128 0x19
 557 00e5 3C       		.uleb128 0x3c
 558 00e6 19       		.uleb128 0x19
 559 00e7 00       		.byte	0
 560 00e8 00       		.byte	0
 561 00e9 12       		.uleb128 0x12
 562 00ea 2E       		.uleb128 0x2e
 563 00eb 01       		.byte	0x1
 564 00ec 3F       		.uleb128 0x3f
 565 00ed 19       		.uleb128 0x19
 566 00ee 03       		.uleb128 0x3
 567 00ef 0E       		.uleb128 0xe
 568 00f0 3A       		.uleb128 0x3a
 569 00f1 0B       		.uleb128 0xb
 570 00f2 3B       		.uleb128 0x3b
 571 00f3 0B       		.uleb128 0xb
 572 00f4 27       		.uleb128 0x27
 573 00f5 19       		.uleb128 0x19
 574 00f6 49       		.uleb128 0x49
 575 00f7 13       		.uleb128 0x13
 576 00f8 3C       		.uleb128 0x3c
 577 00f9 19       		.uleb128 0x19
 578 00fa 01       		.uleb128 0x1
 579 00fb 13       		.uleb128 0x13
 580 00fc 00       		.byte	0
 581 00fd 00       		.byte	0
 582 00fe 13       		.uleb128 0x13
 583 00ff 05       		.uleb128 0x5
 584 0100 00       		.byte	0
 585 0101 49       		.uleb128 0x49
 586 0102 13       		.uleb128 0x13
 587 0103 00       		.byte	0
 588 0104 00       		.byte	0
 589 0105 14       		.uleb128 0x14
 590 0106 0F       		.uleb128 0xf
 591 0107 00       		.byte	0
 592 0108 0B       		.uleb128 0xb
ARM GAS  C:\Users\zhiantec\AppData\Local\Temp\ccKAigMM.s 			page 13


 593 0109 0B       		.uleb128 0xb
 594 010a 49       		.uleb128 0x49
 595 010b 13       		.uleb128 0x13
 596 010c 00       		.byte	0
 597 010d 00       		.byte	0
 598 010e 15       		.uleb128 0x15
 599 010f 26       		.uleb128 0x26
 600 0110 00       		.byte	0
 601 0111 49       		.uleb128 0x49
 602 0112 13       		.uleb128 0x13
 603 0113 00       		.byte	0
 604 0114 00       		.byte	0
 605 0115 00       		.byte	0
 606              		.section	.debug_loc,"",%progbits
 607              	.Ldebug_loc0:
 608              	.LLST0:
 609 0000 00000000 		.4byte	.LVL1
 610 0004 2C000000 		.4byte	.LVL6
 611 0008 0100     		.2byte	0x1
 612 000a 50       		.byte	0x50
 613 000b 2C000000 		.4byte	.LVL6
 614 000f 3A000000 		.4byte	.LFE3
 615 0013 0400     		.2byte	0x4
 616 0015 F3       		.byte	0xf3
 617 0016 01       		.uleb128 0x1
 618 0017 50       		.byte	0x50
 619 0018 9F       		.byte	0x9f
 620 0019 00000000 		.4byte	0
 621 001d 00000000 		.4byte	0
 622              	.LLST1:
 623 0021 00000000 		.4byte	.LVL1
 624 0025 14000000 		.4byte	.LVL3
 625 0029 0100     		.2byte	0x1
 626 002b 51       		.byte	0x51
 627 002c 14000000 		.4byte	.LVL3
 628 0030 3A000000 		.4byte	.LFE3
 629 0034 0400     		.2byte	0x4
 630 0036 F3       		.byte	0xf3
 631 0037 01       		.uleb128 0x1
 632 0038 51       		.byte	0x51
 633 0039 9F       		.byte	0x9f
 634 003a 00000000 		.4byte	0
 635 003e 00000000 		.4byte	0
 636              	.LLST3:
 637 0042 12000000 		.4byte	.LVL2
 638 0046 38000000 		.4byte	.LVL8
 639 004a 0100     		.2byte	0x1
 640 004c 54       		.byte	0x54
 641 004d 38000000 		.4byte	.LVL8
 642 0051 3A000000 		.4byte	.LFE3
 643 0055 0600     		.2byte	0x6
 644 0057 F3       		.byte	0xf3
 645 0058 01       		.uleb128 0x1
 646 0059 50       		.byte	0x50
 647 005a 38       		.byte	0x38
 648 005b 25       		.byte	0x25
 649 005c 9F       		.byte	0x9f
ARM GAS  C:\Users\zhiantec\AppData\Local\Temp\ccKAigMM.s 			page 14


 650 005d 00000000 		.4byte	0
 651 0061 00000000 		.4byte	0
 652              	.LLST4:
 653 0065 12000000 		.4byte	.LVL2
 654 0069 14000000 		.4byte	.LVL3
 655 006d 0100     		.2byte	0x1
 656 006f 53       		.byte	0x53
 657 0070 14000000 		.4byte	.LVL3
 658 0074 38000000 		.4byte	.LVL9
 659 0078 0100     		.2byte	0x1
 660 007a 55       		.byte	0x55
 661 007b 38000000 		.4byte	.LVL9
 662 007f 38000000 		.4byte	.LVL10
 663 0083 0400     		.2byte	0x4
 664 0085 76       		.byte	0x76
 665 0086 807E     		.sleb128 -256
 666 0088 9F       		.byte	0x9f
 667 0089 38000000 		.4byte	.LVL10
 668 008d 3A000000 		.4byte	.LFE3
 669 0091 0800     		.2byte	0x8
 670 0093 F3       		.byte	0xf3
 671 0094 01       		.uleb128 0x1
 672 0095 50       		.byte	0x50
 673 0096 0B       		.byte	0xb
 674 0097 00FF     		.2byte	0xff00
 675 0099 1A       		.byte	0x1a
 676 009a 9F       		.byte	0x9f
 677 009b 00000000 		.4byte	0
 678 009f 00000000 		.4byte	0
 679              	.LLST5:
 680 00a3 12000000 		.4byte	.LVL2
 681 00a7 14000000 		.4byte	.LVL3
 682 00ab 0200     		.2byte	0x2
 683 00ad 30       		.byte	0x30
 684 00ae 9F       		.byte	0x9f
 685 00af 14000000 		.4byte	.LVL3
 686 00b3 20000000 		.4byte	.LVL4
 687 00b7 0600     		.2byte	0x6
 688 00b9 73       		.byte	0x73
 689 00ba 00       		.sleb128 0
 690 00bb 75       		.byte	0x75
 691 00bc 00       		.sleb128 0
 692 00bd 1C       		.byte	0x1c
 693 00be 9F       		.byte	0x9f
 694 00bf 20000000 		.4byte	.LVL4
 695 00c3 22000000 		.4byte	.LVL5
 696 00c7 0800     		.2byte	0x8
 697 00c9 73       		.byte	0x73
 698 00ca 00       		.sleb128 0
 699 00cb 75       		.byte	0x75
 700 00cc 00       		.sleb128 0
 701 00cd 1C       		.byte	0x1c
 702 00ce 23       		.byte	0x23
 703 00cf 01       		.uleb128 0x1
 704 00d0 9F       		.byte	0x9f
 705 00d1 00000000 		.4byte	0
 706 00d5 00000000 		.4byte	0
ARM GAS  C:\Users\zhiantec\AppData\Local\Temp\ccKAigMM.s 			page 15


 707              		.section	.debug_aranges,"",%progbits
 708 0000 24000000 		.4byte	0x24
 709 0004 0200     		.2byte	0x2
 710 0006 00000000 		.4byte	.Ldebug_info0
 711 000a 04       		.byte	0x4
 712 000b 00       		.byte	0
 713 000c 0000     		.2byte	0
 714 000e 0000     		.2byte	0
 715 0010 00000000 		.4byte	.LFB2
 716 0014 14000000 		.4byte	.LFE2-.LFB2
 717 0018 00000000 		.4byte	.LFB3
 718 001c 3A000000 		.4byte	.LFE3-.LFB3
 719 0020 00000000 		.4byte	0
 720 0024 00000000 		.4byte	0
 721              		.section	.debug_ranges,"",%progbits
 722              	.Ldebug_ranges0:
 723 0000 00000000 		.4byte	.LFB2
 724 0004 14000000 		.4byte	.LFE2
 725 0008 00000000 		.4byte	.LFB3
 726 000c 3A000000 		.4byte	.LFE3
 727 0010 00000000 		.4byte	0
 728 0014 00000000 		.4byte	0
 729              		.section	.debug_line,"",%progbits
 730              	.Ldebug_line0:
 731 0000 B9000000 		.section	.debug_str,"MS",%progbits,1
 731      02007300 
 731      00000201 
 731      FB0E0D00 
 731      01010101 
 732              	.LASF26:
 733 0000 433A5C55 		.ascii	"C:\\Users\\zhiantec\\Documents\\Tencent Files\\1241"
 733      73657273 
 733      5C7A6869 
 733      616E7465 
 733      635C446F 
 734 002e 39333938 		.ascii	"939835\\FileRecv\\MobileFile\\second_images[4-8]\\E"
 734      33355C46 
 734      696C6552 
 734      6563765C 
 734      4D6F6269 
 735 005d 6E747261 		.ascii	"ntranceGuard_171019-12.50\\EntranceGuard.cydsn\000"
 735      6E636547 
 735      75617264 
 735      5F313731 
 735      3031392D 
 736              	.LASF24:
 737 008b 474E5520 		.ascii	"GNU C 4.9.3 20150303 (release) [ARM/embedded-4_9-br"
 737      4320342E 
 737      392E3320 
 737      32303135 
 737      30333033 
 738 00be 616E6368 		.ascii	"anch revision 221220] -mcpu=cortex-m0 -mthumb -g -O"
 738      20726576 
 738      6973696F 
 738      6E203232 
 738      31323230 
 739 00f1 73202D66 		.ascii	"s -ffunction-sections -ffat-lto-objects\000"
ARM GAS  C:\Users\zhiantec\AppData\Local\Temp\ccKAigMM.s 			page 16


 739      66756E63 
 739      74696F6E 
 739      2D736563 
 739      74696F6E 
 740              	.LASF22:
 741 0119 726F774E 		.ascii	"rowNum\000"
 741      756D00
 742              	.LASF3:
 743 0120 73686F72 		.ascii	"short unsigned int\000"
 743      7420756E 
 743      7369676E 
 743      65642069 
 743      6E7400
 744              	.LASF12:
 745 0133 666C6F61 		.ascii	"float\000"
 745      7400
 746              	.LASF1:
 747 0139 756E7369 		.ascii	"unsigned char\000"
 747      676E6564 
 747      20636861 
 747      7200
 748              	.LASF21:
 749 0147 726F7744 		.ascii	"rowData\000"
 749      61746100 
 750              	.LASF5:
 751 014f 6C6F6E67 		.ascii	"long unsigned int\000"
 751      20756E73 
 751      69676E65 
 751      6420696E 
 751      7400
 752              	.LASF9:
 753 0161 75696E74 		.ascii	"uint8\000"
 753      3800
 754              	.LASF16:
 755 0167 426F6F74 		.ascii	"Bootloadable_Load\000"
 755      6C6F6164 
 755      61626C65 
 755      5F4C6F61 
 755      6400
 756              	.LASF13:
 757 0179 646F7562 		.ascii	"double\000"
 757      6C6500
 758              	.LASF29:
 759 0180 43795379 		.ascii	"CySysFlashWriteRow\000"
 759      73466C61 
 759      73685772 
 759      69746552 
 759      6F7700
 760              	.LASF20:
 761 0193 666C7341 		.ascii	"flsAddr\000"
 761      64647200 
 762              	.LASF10:
 763 019b 75696E74 		.ascii	"uint16\000"
 763      313600
 764              	.LASF11:
 765 01a2 75696E74 		.ascii	"uint32\000"
 765      333200
ARM GAS  C:\Users\zhiantec\AppData\Local\Temp\ccKAigMM.s 			page 17


 766              	.LASF8:
 767 01a9 756E7369 		.ascii	"unsigned int\000"
 767      676E6564 
 767      20696E74 
 767      00
 768              	.LASF18:
 769 01b6 61646472 		.ascii	"address\000"
 769      65737300 
 770              	.LASF7:
 771 01be 6C6F6E67 		.ascii	"long long unsigned int\000"
 771      206C6F6E 
 771      6720756E 
 771      7369676E 
 771      65642069 
 772              	.LASF19:
 773 01d5 72756E54 		.ascii	"runType\000"
 773      79706500 
 774              	.LASF25:
 775 01dd 47656E65 		.ascii	"Generated_Source\\PSoC4\\Bootloadable.c\000"
 775      72617465 
 775      645F536F 
 775      75726365 
 775      5C50536F 
 776              	.LASF23:
 777 0203 62617365 		.ascii	"baseAddr\000"
 777      41646472 
 777      00
 778              	.LASF15:
 779 020c 73697A65 		.ascii	"sizetype\000"
 779      74797065 
 779      00
 780              	.LASF6:
 781 0215 6C6F6E67 		.ascii	"long long int\000"
 781      206C6F6E 
 781      6720696E 
 781      7400
 782              	.LASF14:
 783 0223 63686172 		.ascii	"char\000"
 783      00
 784              	.LASF17:
 785 0228 426F6F74 		.ascii	"Bootloadable_SetFlashByte\000"
 785      6C6F6164 
 785      61626C65 
 785      5F536574 
 785      466C6173 
 786              	.LASF2:
 787 0242 73686F72 		.ascii	"short int\000"
 787      7420696E 
 787      7400
 788              	.LASF28:
 789 024c 4379536F 		.ascii	"CySoftwareReset\000"
 789      66747761 
 789      72655265 
 789      73657400 
 790              	.LASF4:
 791 025c 6C6F6E67 		.ascii	"long int\000"
 791      20696E74 
ARM GAS  C:\Users\zhiantec\AppData\Local\Temp\ccKAigMM.s 			page 18


 791      00
 792              	.LASF0:
 793 0265 7369676E 		.ascii	"signed char\000"
 793      65642063 
 793      68617200 
 794              	.LASF27:
 795 0271 63794274 		.ascii	"cyBtldrRunType\000"
 795      6C647252 
 795      756E5479 
 795      706500
 796              		.ident	"GCC: (GNU Tools for ARM Embedded Processors) 4.9.3 20150303 (release) [ARM/embedded-4_9-br
