ARM GAS  C:\Users\zhiantec\AppData\Local\Temp\ccVA9mcz.s 			page 1


   1              		.cpu cortex-m0
   2              		.fpu softvfp
   3              		.eabi_attribute 20, 1
   4              		.eabi_attribute 21, 1
   5              		.eabi_attribute 23, 3
   6              		.eabi_attribute 24, 1
   7              		.eabi_attribute 25, 1
   8              		.eabi_attribute 26, 1
   9              		.eabi_attribute 30, 4
  10              		.eabi_attribute 34, 0
  11              		.eabi_attribute 18, 4
  12              		.code	16
  13              		.file	"crypt.c"
  14              		.text
  15              	.Ltext0:
  16              		.cfi_sections	.debug_frame
  17              		.section	.text.init_crypt,"ax",%progbits
  18              		.align	1
  19              		.global	init_crypt
  20              		.code	16
  21              		.thumb_func
  22              		.type	init_crypt, %function
  23              	init_crypt:
  24              	.LFB63:
  25              		.file 1 "Code\\Common\\crypt\\crypt.c"
   1:Code\Common\crypt/crypt.c **** #include <string.h>
   2:Code\Common\crypt/crypt.c **** #include <project.h>
   3:Code\Common\crypt/crypt.c **** #include "crypt.h"
   4:Code\Common\crypt/crypt.c **** 
   5:Code\Common\crypt/crypt.c **** #if defined CONFIG_AES_ECB
   6:Code\Common\crypt/crypt.c **** #include "Aesecb.h"
   7:Code\Common\crypt/crypt.c **** #elif defined CONFIG_DES_ECB
   8:Code\Common\crypt/crypt.c **** #include "Desecb.h"
   9:Code\Common\crypt/crypt.c **** #endif
  10:Code\Common\crypt/crypt.c **** 
  11:Code\Common\crypt/crypt.c **** 
  12:Code\Common\crypt/crypt.c **** /***************************************************************************************
  13:Code\Common\crypt/crypt.c **** **@func    init encrypt/decrypt engine
  14:Code\Common\crypt/crypt.c **** ****************************************************************************************/
  15:Code\Common\crypt/crypt.c **** void init_crypt(void)
  16:Code\Common\crypt/crypt.c **** {
  26              		.loc 1 16 0
  27              		.cfi_startproc
  28 0000 08B5     		push	{r3, lr}
  29              		.cfi_def_cfa_offset 8
  30              		.cfi_offset 3, -8
  31              		.cfi_offset 14, -4
  17:Code\Common\crypt/crypt.c **** #if defined CONFIG_AES_ECB
  18:Code\Common\crypt/crypt.c **** 	bt_lock_open_crypto();
  32              		.loc 1 18 0
  33 0002 FFF7FEFF 		bl	bt_lock_open_crypto
  34              	.LVL0:
  19:Code\Common\crypt/crypt.c **** #endif
  20:Code\Common\crypt/crypt.c **** }
  35              		.loc 1 20 0
  36              		@ sp needed
  37 0006 08BD     		pop	{r3, pc}
ARM GAS  C:\Users\zhiantec\AppData\Local\Temp\ccVA9mcz.s 			page 2


  38              		.cfi_endproc
  39              	.LFE63:
  40              		.size	init_crypt, .-init_crypt
  41              		.section	.text.do_crypt,"ax",%progbits
  42              		.align	1
  43              		.global	do_crypt
  44              		.code	16
  45              		.thumb_func
  46              		.type	do_crypt, %function
  47              	do_crypt:
  48              	.LFB64:
  21:Code\Common\crypt/crypt.c **** 
  22:Code\Common\crypt/crypt.c **** /**************************************************************************************
  23:Code\Common\crypt/crypt.c **** **@func     encrypt/decrypt
  24:Code\Common\crypt/crypt.c **** **@key      key for encrypt/decrypt
  25:Code\Common\crypt/crypt.c **** **@in       data to be encrypt or decrypt
  26:Code\Common\crypt/crypt.c **** **@out      data has been encrypt or decrypt
  27:Code\Common\crypt/crypt.c **** **@len      len of data, 16bytes-align
  28:Code\Common\crypt/crypt.c **** **@enc_dec  1 - encrypt, 0 - decrypt
  29:Code\Common\crypt/crypt.c **** ****************************************************************************************/
  30:Code\Common\crypt/crypt.c **** int do_crypt(uint8_t *key, uint8_t *in, uint8_t *out, uint32_t len, uint8_t enc_dec)
  31:Code\Common\crypt/crypt.c **** {
  49              		.loc 1 31 0
  50              		.cfi_startproc
  51              	.LVL1:
  52 0000 13B5     		push	{r0, r1, r4, lr}
  53              		.cfi_def_cfa_offset 16
  54              		.cfi_offset 0, -16
  55              		.cfi_offset 1, -12
  56              		.cfi_offset 4, -8
  57              		.cfi_offset 14, -4
  58              		.loc 1 31 0
  59 0002 04AC     		add	r4, sp, #16
  60              	.LVL2:
  61 0004 2478     		ldrb	r4, [r4]
  62              	.LVL3:
  32:Code\Common\crypt/crypt.c **** #if defined CONFIG_AES_ECB
  33:Code\Common\crypt/crypt.c **** 	return bt_lock_crypto(key, in, out, len, enc_dec);
  34:Code\Common\crypt/crypt.c **** #elif defined CONFIG_DES_ECB
  35:Code\Common\crypt/crypt.c **** 	DES2_ECB_CTX context;
  36:Code\Common\crypt/crypt.c **** 	DES2_ECBInit(&context, key, key+8, enc_dec);
  37:Code\Common\crypt/crypt.c **** 	return DES2_ECBUpdate(&context, in, out, len);
  38:Code\Common\crypt/crypt.c **** #endif
  39:Code\Common\crypt/crypt.c **** 	return 0;
  40:Code\Common\crypt/crypt.c **** }
  63              		.loc 1 40 0
  64              		@ sp needed
  33:Code\Common\crypt/crypt.c **** #elif defined CONFIG_DES_ECB
  65              		.loc 1 33 0
  66 0006 0094     		str	r4, [sp]
  67 0008 FFF7FEFF 		bl	bt_lock_crypto
  68              	.LVL4:
  69              		.loc 1 40 0
  70 000c 16BD     		pop	{r1, r2, r4, pc}
  71              		.cfi_endproc
  72              	.LFE64:
  73              		.size	do_crypt, .-do_crypt
ARM GAS  C:\Users\zhiantec\AppData\Local\Temp\ccVA9mcz.s 			page 3


  74              		.text
  75              	.Letext0:
  76              		.file 2 "c:\\program files (x86)\\cypress\\psoc creator\\4.0\\psoc creator\\import\\gnu\\arm\\4.9.
  77              		.file 3 "c:\\program files (x86)\\cypress\\psoc creator\\4.0\\psoc creator\\import\\gnu\\arm\\4.9.
  78              		.file 4 "Code\\Common\\crypt\\Aesecb.h"
  79              		.section	.debug_info,"",%progbits
  80              	.Ldebug_info0:
  81 0000 96010000 		.4byte	0x196
  82 0004 0400     		.2byte	0x4
  83 0006 00000000 		.4byte	.Ldebug_abbrev0
  84 000a 04       		.byte	0x4
  85 000b 01       		.uleb128 0x1
  86 000c 4B000000 		.4byte	.LASF18
  87 0010 01       		.byte	0x1
  88 0011 31000000 		.4byte	.LASF19
  89 0015 5B010000 		.4byte	.LASF20
  90 0019 00000000 		.4byte	.Ldebug_ranges0+0
  91 001d 00000000 		.4byte	0
  92 0021 00000000 		.4byte	.Ldebug_line0
  93 0025 02       		.uleb128 0x2
  94 0026 04       		.byte	0x4
  95 0027 05       		.byte	0x5
  96 0028 696E7400 		.ascii	"int\000"
  97 002c 03       		.uleb128 0x3
  98 002d 04       		.byte	0x4
  99 002e 07       		.byte	0x7
 100 002f 0E000000 		.4byte	.LASF0
 101 0033 03       		.uleb128 0x3
 102 0034 01       		.byte	0x1
 103 0035 06       		.byte	0x6
 104 0036 00020000 		.4byte	.LASF1
 105 003a 04       		.uleb128 0x4
 106 003b 02010000 		.4byte	.LASF6
 107 003f 02       		.byte	0x2
 108 0040 1D       		.byte	0x1d
 109 0041 45000000 		.4byte	0x45
 110 0045 03       		.uleb128 0x3
 111 0046 01       		.byte	0x1
 112 0047 08       		.byte	0x8
 113 0048 36010000 		.4byte	.LASF2
 114 004c 03       		.uleb128 0x3
 115 004d 02       		.byte	0x2
 116 004e 05       		.byte	0x5
 117 004f 1B020000 		.4byte	.LASF3
 118 0053 03       		.uleb128 0x3
 119 0054 02       		.byte	0x2
 120 0055 07       		.byte	0x7
 121 0056 ED010000 		.4byte	.LASF4
 122 005a 03       		.uleb128 0x3
 123 005b 04       		.byte	0x4
 124 005c 05       		.byte	0x5
 125 005d 52010000 		.4byte	.LASF5
 126 0061 04       		.uleb128 0x4
 127 0062 1B000000 		.4byte	.LASF7
 128 0066 02       		.byte	0x2
 129 0067 41       		.byte	0x41
 130 0068 6C000000 		.4byte	0x6c
ARM GAS  C:\Users\zhiantec\AppData\Local\Temp\ccVA9mcz.s 			page 4


 131 006c 03       		.uleb128 0x3
 132 006d 04       		.byte	0x4
 133 006e 07       		.byte	0x7
 134 006f D9000000 		.4byte	.LASF8
 135 0073 03       		.uleb128 0x3
 136 0074 08       		.byte	0x8
 137 0075 05       		.byte	0x5
 138 0076 00000000 		.4byte	.LASF9
 139 007a 03       		.uleb128 0x3
 140 007b 08       		.byte	0x8
 141 007c 07       		.byte	0x7
 142 007d EB000000 		.4byte	.LASF10
 143 0081 03       		.uleb128 0x3
 144 0082 04       		.byte	0x4
 145 0083 07       		.byte	0x7
 146 0084 2E020000 		.4byte	.LASF11
 147 0088 03       		.uleb128 0x3
 148 0089 01       		.byte	0x1
 149 008a 08       		.byte	0x8
 150 008b 44010000 		.4byte	.LASF12
 151 008f 04       		.uleb128 0x4
 152 0090 2E010000 		.4byte	.LASF13
 153 0094 03       		.byte	0x3
 154 0095 15       		.byte	0x15
 155 0096 3A000000 		.4byte	0x3a
 156 009a 04       		.uleb128 0x4
 157 009b 49010000 		.4byte	.LASF14
 158 009f 03       		.byte	0x3
 159 00a0 2D       		.byte	0x2d
 160 00a1 61000000 		.4byte	0x61
 161 00a5 03       		.uleb128 0x3
 162 00a6 04       		.byte	0x4
 163 00a7 04       		.byte	0x4
 164 00a8 0C010000 		.4byte	.LASF15
 165 00ac 03       		.uleb128 0x3
 166 00ad 08       		.byte	0x8
 167 00ae 04       		.byte	0x4
 168 00af E6010000 		.4byte	.LASF16
 169 00b3 05       		.uleb128 0x5
 170 00b4 26000000 		.4byte	.LASF21
 171 00b8 01       		.byte	0x1
 172 00b9 0F       		.byte	0xf
 173 00ba 00000000 		.4byte	.LFB63
 174 00be 08000000 		.4byte	.LFE63-.LFB63
 175 00c2 01       		.uleb128 0x1
 176 00c3 9C       		.byte	0x9c
 177 00c4 D2000000 		.4byte	0xd2
 178 00c8 06       		.uleb128 0x6
 179 00c9 06000000 		.4byte	.LVL0
 180 00cd 69010000 		.4byte	0x169
 181 00d1 00       		.byte	0
 182 00d2 07       		.uleb128 0x7
 183 00d3 25020000 		.4byte	.LASF22
 184 00d7 01       		.byte	0x1
 185 00d8 1E       		.byte	0x1e
 186 00d9 25000000 		.4byte	0x25
 187 00dd 00000000 		.4byte	.LFB64
ARM GAS  C:\Users\zhiantec\AppData\Local\Temp\ccVA9mcz.s 			page 5


 188 00e1 0E000000 		.4byte	.LFE64-.LFB64
 189 00e5 01       		.uleb128 0x1
 190 00e6 9C       		.byte	0x9c
 191 00e7 63010000 		.4byte	0x163
 192 00eb 08       		.uleb128 0x8
 193 00ec 6B657900 		.ascii	"key\000"
 194 00f0 01       		.byte	0x1
 195 00f1 1E       		.byte	0x1e
 196 00f2 63010000 		.4byte	0x163
 197 00f6 00000000 		.4byte	.LLST0
 198 00fa 08       		.uleb128 0x8
 199 00fb 696E00   		.ascii	"in\000"
 200 00fe 01       		.byte	0x1
 201 00ff 1E       		.byte	0x1e
 202 0100 63010000 		.4byte	0x163
 203 0104 21000000 		.4byte	.LLST1
 204 0108 08       		.uleb128 0x8
 205 0109 6F757400 		.ascii	"out\000"
 206 010d 01       		.byte	0x1
 207 010e 1E       		.byte	0x1e
 208 010f 63010000 		.4byte	0x163
 209 0113 42000000 		.4byte	.LLST2
 210 0117 08       		.uleb128 0x8
 211 0118 6C656E00 		.ascii	"len\000"
 212 011c 01       		.byte	0x1
 213 011d 1E       		.byte	0x1e
 214 011e 9A000000 		.4byte	0x9a
 215 0122 63000000 		.4byte	.LLST3
 216 0126 09       		.uleb128 0x9
 217 0127 26010000 		.4byte	.LASF17
 218 012b 01       		.byte	0x1
 219 012c 1E       		.byte	0x1e
 220 012d 8F000000 		.4byte	0x8f
 221 0131 84000000 		.4byte	.LLST4
 222 0135 0A       		.uleb128 0xa
 223 0136 0C000000 		.4byte	.LVL4
 224 013a 74010000 		.4byte	0x174
 225 013e 0B       		.uleb128 0xb
 226 013f 01       		.uleb128 0x1
 227 0140 53       		.byte	0x53
 228 0141 03       		.uleb128 0x3
 229 0142 F3       		.byte	0xf3
 230 0143 01       		.uleb128 0x1
 231 0144 53       		.byte	0x53
 232 0145 0B       		.uleb128 0xb
 233 0146 01       		.uleb128 0x1
 234 0147 52       		.byte	0x52
 235 0148 03       		.uleb128 0x3
 236 0149 F3       		.byte	0xf3
 237 014a 01       		.uleb128 0x1
 238 014b 52       		.byte	0x52
 239 014c 0B       		.uleb128 0xb
 240 014d 01       		.uleb128 0x1
 241 014e 51       		.byte	0x51
 242 014f 03       		.uleb128 0x3
 243 0150 F3       		.byte	0xf3
 244 0151 01       		.uleb128 0x1
ARM GAS  C:\Users\zhiantec\AppData\Local\Temp\ccVA9mcz.s 			page 6


 245 0152 51       		.byte	0x51
 246 0153 0B       		.uleb128 0xb
 247 0154 01       		.uleb128 0x1
 248 0155 50       		.byte	0x50
 249 0156 03       		.uleb128 0x3
 250 0157 F3       		.byte	0xf3
 251 0158 01       		.uleb128 0x1
 252 0159 50       		.byte	0x50
 253 015a 0B       		.uleb128 0xb
 254 015b 02       		.uleb128 0x2
 255 015c 7D       		.byte	0x7d
 256 015d 00       		.sleb128 0
 257 015e 02       		.uleb128 0x2
 258 015f 74       		.byte	0x74
 259 0160 00       		.sleb128 0
 260 0161 00       		.byte	0
 261 0162 00       		.byte	0
 262 0163 0C       		.uleb128 0xc
 263 0164 04       		.byte	0x4
 264 0165 8F000000 		.4byte	0x8f
 265 0169 0D       		.uleb128 0xd
 266 016a 12010000 		.4byte	.LASF23
 267 016e 04       		.byte	0x4
 268 016f 07       		.byte	0x7
 269 0170 25000000 		.4byte	0x25
 270 0174 0E       		.uleb128 0xe
 271 0175 0C020000 		.4byte	.LASF24
 272 0179 04       		.byte	0x4
 273 017a 08       		.byte	0x8
 274 017b 25000000 		.4byte	0x25
 275 017f 0F       		.uleb128 0xf
 276 0180 63010000 		.4byte	0x163
 277 0184 0F       		.uleb128 0xf
 278 0185 63010000 		.4byte	0x163
 279 0189 0F       		.uleb128 0xf
 280 018a 63010000 		.4byte	0x163
 281 018e 0F       		.uleb128 0xf
 282 018f 9A000000 		.4byte	0x9a
 283 0193 0F       		.uleb128 0xf
 284 0194 8F000000 		.4byte	0x8f
 285 0198 00       		.byte	0
 286 0199 00       		.byte	0
 287              		.section	.debug_abbrev,"",%progbits
 288              	.Ldebug_abbrev0:
 289 0000 01       		.uleb128 0x1
 290 0001 11       		.uleb128 0x11
 291 0002 01       		.byte	0x1
 292 0003 25       		.uleb128 0x25
 293 0004 0E       		.uleb128 0xe
 294 0005 13       		.uleb128 0x13
 295 0006 0B       		.uleb128 0xb
 296 0007 03       		.uleb128 0x3
 297 0008 0E       		.uleb128 0xe
 298 0009 1B       		.uleb128 0x1b
 299 000a 0E       		.uleb128 0xe
 300 000b 55       		.uleb128 0x55
 301 000c 17       		.uleb128 0x17
ARM GAS  C:\Users\zhiantec\AppData\Local\Temp\ccVA9mcz.s 			page 7


 302 000d 11       		.uleb128 0x11
 303 000e 01       		.uleb128 0x1
 304 000f 10       		.uleb128 0x10
 305 0010 17       		.uleb128 0x17
 306 0011 00       		.byte	0
 307 0012 00       		.byte	0
 308 0013 02       		.uleb128 0x2
 309 0014 24       		.uleb128 0x24
 310 0015 00       		.byte	0
 311 0016 0B       		.uleb128 0xb
 312 0017 0B       		.uleb128 0xb
 313 0018 3E       		.uleb128 0x3e
 314 0019 0B       		.uleb128 0xb
 315 001a 03       		.uleb128 0x3
 316 001b 08       		.uleb128 0x8
 317 001c 00       		.byte	0
 318 001d 00       		.byte	0
 319 001e 03       		.uleb128 0x3
 320 001f 24       		.uleb128 0x24
 321 0020 00       		.byte	0
 322 0021 0B       		.uleb128 0xb
 323 0022 0B       		.uleb128 0xb
 324 0023 3E       		.uleb128 0x3e
 325 0024 0B       		.uleb128 0xb
 326 0025 03       		.uleb128 0x3
 327 0026 0E       		.uleb128 0xe
 328 0027 00       		.byte	0
 329 0028 00       		.byte	0
 330 0029 04       		.uleb128 0x4
 331 002a 16       		.uleb128 0x16
 332 002b 00       		.byte	0
 333 002c 03       		.uleb128 0x3
 334 002d 0E       		.uleb128 0xe
 335 002e 3A       		.uleb128 0x3a
 336 002f 0B       		.uleb128 0xb
 337 0030 3B       		.uleb128 0x3b
 338 0031 0B       		.uleb128 0xb
 339 0032 49       		.uleb128 0x49
 340 0033 13       		.uleb128 0x13
 341 0034 00       		.byte	0
 342 0035 00       		.byte	0
 343 0036 05       		.uleb128 0x5
 344 0037 2E       		.uleb128 0x2e
 345 0038 01       		.byte	0x1
 346 0039 3F       		.uleb128 0x3f
 347 003a 19       		.uleb128 0x19
 348 003b 03       		.uleb128 0x3
 349 003c 0E       		.uleb128 0xe
 350 003d 3A       		.uleb128 0x3a
 351 003e 0B       		.uleb128 0xb
 352 003f 3B       		.uleb128 0x3b
 353 0040 0B       		.uleb128 0xb
 354 0041 27       		.uleb128 0x27
 355 0042 19       		.uleb128 0x19
 356 0043 11       		.uleb128 0x11
 357 0044 01       		.uleb128 0x1
 358 0045 12       		.uleb128 0x12
ARM GAS  C:\Users\zhiantec\AppData\Local\Temp\ccVA9mcz.s 			page 8


 359 0046 06       		.uleb128 0x6
 360 0047 40       		.uleb128 0x40
 361 0048 18       		.uleb128 0x18
 362 0049 9742     		.uleb128 0x2117
 363 004b 19       		.uleb128 0x19
 364 004c 01       		.uleb128 0x1
 365 004d 13       		.uleb128 0x13
 366 004e 00       		.byte	0
 367 004f 00       		.byte	0
 368 0050 06       		.uleb128 0x6
 369 0051 898201   		.uleb128 0x4109
 370 0054 00       		.byte	0
 371 0055 11       		.uleb128 0x11
 372 0056 01       		.uleb128 0x1
 373 0057 31       		.uleb128 0x31
 374 0058 13       		.uleb128 0x13
 375 0059 00       		.byte	0
 376 005a 00       		.byte	0
 377 005b 07       		.uleb128 0x7
 378 005c 2E       		.uleb128 0x2e
 379 005d 01       		.byte	0x1
 380 005e 3F       		.uleb128 0x3f
 381 005f 19       		.uleb128 0x19
 382 0060 03       		.uleb128 0x3
 383 0061 0E       		.uleb128 0xe
 384 0062 3A       		.uleb128 0x3a
 385 0063 0B       		.uleb128 0xb
 386 0064 3B       		.uleb128 0x3b
 387 0065 0B       		.uleb128 0xb
 388 0066 27       		.uleb128 0x27
 389 0067 19       		.uleb128 0x19
 390 0068 49       		.uleb128 0x49
 391 0069 13       		.uleb128 0x13
 392 006a 11       		.uleb128 0x11
 393 006b 01       		.uleb128 0x1
 394 006c 12       		.uleb128 0x12
 395 006d 06       		.uleb128 0x6
 396 006e 40       		.uleb128 0x40
 397 006f 18       		.uleb128 0x18
 398 0070 9742     		.uleb128 0x2117
 399 0072 19       		.uleb128 0x19
 400 0073 01       		.uleb128 0x1
 401 0074 13       		.uleb128 0x13
 402 0075 00       		.byte	0
 403 0076 00       		.byte	0
 404 0077 08       		.uleb128 0x8
 405 0078 05       		.uleb128 0x5
 406 0079 00       		.byte	0
 407 007a 03       		.uleb128 0x3
 408 007b 08       		.uleb128 0x8
 409 007c 3A       		.uleb128 0x3a
 410 007d 0B       		.uleb128 0xb
 411 007e 3B       		.uleb128 0x3b
 412 007f 0B       		.uleb128 0xb
 413 0080 49       		.uleb128 0x49
 414 0081 13       		.uleb128 0x13
 415 0082 02       		.uleb128 0x2
ARM GAS  C:\Users\zhiantec\AppData\Local\Temp\ccVA9mcz.s 			page 9


 416 0083 17       		.uleb128 0x17
 417 0084 00       		.byte	0
 418 0085 00       		.byte	0
 419 0086 09       		.uleb128 0x9
 420 0087 05       		.uleb128 0x5
 421 0088 00       		.byte	0
 422 0089 03       		.uleb128 0x3
 423 008a 0E       		.uleb128 0xe
 424 008b 3A       		.uleb128 0x3a
 425 008c 0B       		.uleb128 0xb
 426 008d 3B       		.uleb128 0x3b
 427 008e 0B       		.uleb128 0xb
 428 008f 49       		.uleb128 0x49
 429 0090 13       		.uleb128 0x13
 430 0091 02       		.uleb128 0x2
 431 0092 17       		.uleb128 0x17
 432 0093 00       		.byte	0
 433 0094 00       		.byte	0
 434 0095 0A       		.uleb128 0xa
 435 0096 898201   		.uleb128 0x4109
 436 0099 01       		.byte	0x1
 437 009a 11       		.uleb128 0x11
 438 009b 01       		.uleb128 0x1
 439 009c 31       		.uleb128 0x31
 440 009d 13       		.uleb128 0x13
 441 009e 00       		.byte	0
 442 009f 00       		.byte	0
 443 00a0 0B       		.uleb128 0xb
 444 00a1 8A8201   		.uleb128 0x410a
 445 00a4 00       		.byte	0
 446 00a5 02       		.uleb128 0x2
 447 00a6 18       		.uleb128 0x18
 448 00a7 9142     		.uleb128 0x2111
 449 00a9 18       		.uleb128 0x18
 450 00aa 00       		.byte	0
 451 00ab 00       		.byte	0
 452 00ac 0C       		.uleb128 0xc
 453 00ad 0F       		.uleb128 0xf
 454 00ae 00       		.byte	0
 455 00af 0B       		.uleb128 0xb
 456 00b0 0B       		.uleb128 0xb
 457 00b1 49       		.uleb128 0x49
 458 00b2 13       		.uleb128 0x13
 459 00b3 00       		.byte	0
 460 00b4 00       		.byte	0
 461 00b5 0D       		.uleb128 0xd
 462 00b6 2E       		.uleb128 0x2e
 463 00b7 00       		.byte	0
 464 00b8 3F       		.uleb128 0x3f
 465 00b9 19       		.uleb128 0x19
 466 00ba 03       		.uleb128 0x3
 467 00bb 0E       		.uleb128 0xe
 468 00bc 3A       		.uleb128 0x3a
 469 00bd 0B       		.uleb128 0xb
 470 00be 3B       		.uleb128 0x3b
 471 00bf 0B       		.uleb128 0xb
 472 00c0 27       		.uleb128 0x27
ARM GAS  C:\Users\zhiantec\AppData\Local\Temp\ccVA9mcz.s 			page 10


 473 00c1 19       		.uleb128 0x19
 474 00c2 49       		.uleb128 0x49
 475 00c3 13       		.uleb128 0x13
 476 00c4 3C       		.uleb128 0x3c
 477 00c5 19       		.uleb128 0x19
 478 00c6 00       		.byte	0
 479 00c7 00       		.byte	0
 480 00c8 0E       		.uleb128 0xe
 481 00c9 2E       		.uleb128 0x2e
 482 00ca 01       		.byte	0x1
 483 00cb 3F       		.uleb128 0x3f
 484 00cc 19       		.uleb128 0x19
 485 00cd 03       		.uleb128 0x3
 486 00ce 0E       		.uleb128 0xe
 487 00cf 3A       		.uleb128 0x3a
 488 00d0 0B       		.uleb128 0xb
 489 00d1 3B       		.uleb128 0x3b
 490 00d2 0B       		.uleb128 0xb
 491 00d3 27       		.uleb128 0x27
 492 00d4 19       		.uleb128 0x19
 493 00d5 49       		.uleb128 0x49
 494 00d6 13       		.uleb128 0x13
 495 00d7 3C       		.uleb128 0x3c
 496 00d8 19       		.uleb128 0x19
 497 00d9 00       		.byte	0
 498 00da 00       		.byte	0
 499 00db 0F       		.uleb128 0xf
 500 00dc 05       		.uleb128 0x5
 501 00dd 00       		.byte	0
 502 00de 49       		.uleb128 0x49
 503 00df 13       		.uleb128 0x13
 504 00e0 00       		.byte	0
 505 00e1 00       		.byte	0
 506 00e2 00       		.byte	0
 507              		.section	.debug_loc,"",%progbits
 508              	.Ldebug_loc0:
 509              	.LLST0:
 510 0000 00000000 		.4byte	.LVL1
 511 0004 0B000000 		.4byte	.LVL4-1
 512 0008 0100     		.2byte	0x1
 513 000a 50       		.byte	0x50
 514 000b 0B000000 		.4byte	.LVL4-1
 515 000f 0E000000 		.4byte	.LFE64
 516 0013 0400     		.2byte	0x4
 517 0015 F3       		.byte	0xf3
 518 0016 01       		.uleb128 0x1
 519 0017 50       		.byte	0x50
 520 0018 9F       		.byte	0x9f
 521 0019 00000000 		.4byte	0
 522 001d 00000000 		.4byte	0
 523              	.LLST1:
 524 0021 00000000 		.4byte	.LVL1
 525 0025 0B000000 		.4byte	.LVL4-1
 526 0029 0100     		.2byte	0x1
 527 002b 51       		.byte	0x51
 528 002c 0B000000 		.4byte	.LVL4-1
 529 0030 0E000000 		.4byte	.LFE64
ARM GAS  C:\Users\zhiantec\AppData\Local\Temp\ccVA9mcz.s 			page 11


 530 0034 0400     		.2byte	0x4
 531 0036 F3       		.byte	0xf3
 532 0037 01       		.uleb128 0x1
 533 0038 51       		.byte	0x51
 534 0039 9F       		.byte	0x9f
 535 003a 00000000 		.4byte	0
 536 003e 00000000 		.4byte	0
 537              	.LLST2:
 538 0042 00000000 		.4byte	.LVL1
 539 0046 0B000000 		.4byte	.LVL4-1
 540 004a 0100     		.2byte	0x1
 541 004c 52       		.byte	0x52
 542 004d 0B000000 		.4byte	.LVL4-1
 543 0051 0E000000 		.4byte	.LFE64
 544 0055 0400     		.2byte	0x4
 545 0057 F3       		.byte	0xf3
 546 0058 01       		.uleb128 0x1
 547 0059 52       		.byte	0x52
 548 005a 9F       		.byte	0x9f
 549 005b 00000000 		.4byte	0
 550 005f 00000000 		.4byte	0
 551              	.LLST3:
 552 0063 00000000 		.4byte	.LVL1
 553 0067 0B000000 		.4byte	.LVL4-1
 554 006b 0100     		.2byte	0x1
 555 006d 53       		.byte	0x53
 556 006e 0B000000 		.4byte	.LVL4-1
 557 0072 0E000000 		.4byte	.LFE64
 558 0076 0400     		.2byte	0x4
 559 0078 F3       		.byte	0xf3
 560 0079 01       		.uleb128 0x1
 561 007a 53       		.byte	0x53
 562 007b 9F       		.byte	0x9f
 563 007c 00000000 		.4byte	0
 564 0080 00000000 		.4byte	0
 565              	.LLST4:
 566 0084 00000000 		.4byte	.LVL1
 567 0088 04000000 		.4byte	.LVL2
 568 008c 0200     		.2byte	0x2
 569 008e 91       		.byte	0x91
 570 008f 00       		.sleb128 0
 571 0090 04000000 		.4byte	.LVL2
 572 0094 06000000 		.4byte	.LVL3
 573 0098 0200     		.2byte	0x2
 574 009a 74       		.byte	0x74
 575 009b 00       		.sleb128 0
 576 009c 06000000 		.4byte	.LVL3
 577 00a0 0E000000 		.4byte	.LFE64
 578 00a4 0200     		.2byte	0x2
 579 00a6 91       		.byte	0x91
 580 00a7 00       		.sleb128 0
 581 00a8 00000000 		.4byte	0
 582 00ac 00000000 		.4byte	0
 583              		.section	.debug_aranges,"",%progbits
 584 0000 24000000 		.4byte	0x24
 585 0004 0200     		.2byte	0x2
 586 0006 00000000 		.4byte	.Ldebug_info0
ARM GAS  C:\Users\zhiantec\AppData\Local\Temp\ccVA9mcz.s 			page 12


 587 000a 04       		.byte	0x4
 588 000b 00       		.byte	0
 589 000c 0000     		.2byte	0
 590 000e 0000     		.2byte	0
 591 0010 00000000 		.4byte	.LFB63
 592 0014 08000000 		.4byte	.LFE63-.LFB63
 593 0018 00000000 		.4byte	.LFB64
 594 001c 0E000000 		.4byte	.LFE64-.LFB64
 595 0020 00000000 		.4byte	0
 596 0024 00000000 		.4byte	0
 597              		.section	.debug_ranges,"",%progbits
 598              	.Ldebug_ranges0:
 599 0000 00000000 		.4byte	.LFB63
 600 0004 08000000 		.4byte	.LFE63
 601 0008 00000000 		.4byte	.LFB64
 602 000c 0E000000 		.4byte	.LFE64
 603 0010 00000000 		.4byte	0
 604 0014 00000000 		.4byte	0
 605              		.section	.debug_line,"",%progbits
 606              	.Ldebug_line0:
 607 0000 62010000 		.section	.debug_str,"MS",%progbits,1
 607      02003401 
 607      00000201 
 607      FB0E0D00 
 607      01010101 
 608              	.LASF9:
 609 0000 6C6F6E67 		.ascii	"long long int\000"
 609      206C6F6E 
 609      6720696E 
 609      7400
 610              	.LASF0:
 611 000e 756E7369 		.ascii	"unsigned int\000"
 611      676E6564 
 611      20696E74 
 611      00
 612              	.LASF7:
 613 001b 5F5F7569 		.ascii	"__uint32_t\000"
 613      6E743332 
 613      5F7400
 614              	.LASF21:
 615 0026 696E6974 		.ascii	"init_crypt\000"
 615      5F637279 
 615      707400
 616              	.LASF19:
 617 0031 436F6465 		.ascii	"Code\\Common\\crypt\\crypt.c\000"
 617      5C436F6D 
 617      6D6F6E5C 
 617      63727970 
 617      745C6372 
 618              	.LASF18:
 619 004b 474E5520 		.ascii	"GNU C 4.9.3 20150303 (release) [ARM/embedded-4_9-br"
 619      4320342E 
 619      392E3320 
 619      32303135 
 619      30333033 
 620 007e 616E6368 		.ascii	"anch revision 221220] -mcpu=cortex-m0 -mthumb -g -O"
 620      20726576 
ARM GAS  C:\Users\zhiantec\AppData\Local\Temp\ccVA9mcz.s 			page 13


 620      6973696F 
 620      6E203232 
 620      31323230 
 621 00b1 73202D66 		.ascii	"s -ffunction-sections -ffat-lto-objects\000"
 621      66756E63 
 621      74696F6E 
 621      2D736563 
 621      74696F6E 
 622              	.LASF8:
 623 00d9 6C6F6E67 		.ascii	"long unsigned int\000"
 623      20756E73 
 623      69676E65 
 623      6420696E 
 623      7400
 624              	.LASF10:
 625 00eb 6C6F6E67 		.ascii	"long long unsigned int\000"
 625      206C6F6E 
 625      6720756E 
 625      7369676E 
 625      65642069 
 626              	.LASF6:
 627 0102 5F5F7569 		.ascii	"__uint8_t\000"
 627      6E74385F 
 627      7400
 628              	.LASF15:
 629 010c 666C6F61 		.ascii	"float\000"
 629      7400
 630              	.LASF23:
 631 0112 62745F6C 		.ascii	"bt_lock_open_crypto\000"
 631      6F636B5F 
 631      6F70656E 
 631      5F637279 
 631      70746F00 
 632              	.LASF17:
 633 0126 656E635F 		.ascii	"enc_dec\000"
 633      64656300 
 634              	.LASF13:
 635 012e 75696E74 		.ascii	"uint8_t\000"
 635      385F7400 
 636              	.LASF2:
 637 0136 756E7369 		.ascii	"unsigned char\000"
 637      676E6564 
 637      20636861 
 637      7200
 638              	.LASF12:
 639 0144 63686172 		.ascii	"char\000"
 639      00
 640              	.LASF14:
 641 0149 75696E74 		.ascii	"uint32_t\000"
 641      33325F74 
 641      00
 642              	.LASF5:
 643 0152 6C6F6E67 		.ascii	"long int\000"
 643      20696E74 
 643      00
 644              	.LASF20:
 645 015b 433A5C55 		.ascii	"C:\\Users\\zhiantec\\Documents\\Tencent Files\\1241"
ARM GAS  C:\Users\zhiantec\AppData\Local\Temp\ccVA9mcz.s 			page 14


 645      73657273 
 645      5C7A6869 
 645      616E7465 
 645      635C446F 
 646 0189 39333938 		.ascii	"939835\\FileRecv\\MobileFile\\second_images[4-8]\\E"
 646      33355C46 
 646      696C6552 
 646      6563765C 
 646      4D6F6269 
 647 01b8 6E747261 		.ascii	"ntranceGuard_171019-12.50\\EntranceGuard.cydsn\000"
 647      6E636547 
 647      75617264 
 647      5F313731 
 647      3031392D 
 648              	.LASF16:
 649 01e6 646F7562 		.ascii	"double\000"
 649      6C6500
 650              	.LASF4:
 651 01ed 73686F72 		.ascii	"short unsigned int\000"
 651      7420756E 
 651      7369676E 
 651      65642069 
 651      6E7400
 652              	.LASF1:
 653 0200 7369676E 		.ascii	"signed char\000"
 653      65642063 
 653      68617200 
 654              	.LASF24:
 655 020c 62745F6C 		.ascii	"bt_lock_crypto\000"
 655      6F636B5F 
 655      63727970 
 655      746F00
 656              	.LASF3:
 657 021b 73686F72 		.ascii	"short int\000"
 657      7420696E 
 657      7400
 658              	.LASF22:
 659 0225 646F5F63 		.ascii	"do_crypt\000"
 659      72797074 
 659      00
 660              	.LASF11:
 661 022e 73697A65 		.ascii	"sizetype\000"
 661      74797065 
 661      00
 662              		.ident	"GCC: (GNU Tools for ARM Embedded Processors) 4.9.3 20150303 (release) [ARM/embedded-4_9-br
