ARM GAS  C:\Users\zhiantec\AppData\Local\Temp\ccw2TGF7.s 			page 1


   1              		.cpu cortex-m0
   2              		.fpu softvfp
   3              		.eabi_attribute 20, 1
   4              		.eabi_attribute 21, 1
   5              		.eabi_attribute 23, 3
   6              		.eabi_attribute 24, 1
   7              		.eabi_attribute 25, 1
   8              		.eabi_attribute 26, 1
   9              		.eabi_attribute 30, 4
  10              		.eabi_attribute 34, 0
  11              		.eabi_attribute 18, 4
  12              		.code	16
  13              		.file	"debug.c"
  14              		.text
  15              	.Ltext0:
  16              		.cfi_sections	.debug_frame
  17              		.section	.text._write,"ax",%progbits
  18              		.align	1
  19              		.global	_write
  20              		.code	16
  21              		.thumb_func
  22              		.type	_write, %function
  23              	_write:
  24              	.LFB63:
  25              		.file 1 "debug.c"
   1:debug.c       **** //*************************************************************************************************
   2:debug.c       **** // File name		: debug.c
   3:debug.c       **** // Description		: 打印相关的函数
   4:debug.c       **** // Author			: Keno
   5:debug.c       **** // Date				: 2016.8.8
   6:debug.c       **** // Version			: V02
   7:debug.c       **** //-------------------------------------------------------------------------------------------------
   8:debug.c       **** // Info				: 
   9:debug.c       **** //*************************************************************************************************
  10:debug.c       **** #include "project.h"
  11:debug.c       **** #include "common.h"
  12:debug.c       **** 
  13:debug.c       **** 
  14:debug.c       **** 
  15:debug.c       **** #if defined(__ARMCC_VERSION)
  16:debug.c       ****     
  17:debug.c       **** /* For MDK/RVDS compiler revise fputc function for printf functionality */
  18:debug.c       **** struct __FILE 
  19:debug.c       **** {
  20:debug.c       ****     int handle;  
  21:debug.c       **** };
  22:debug.c       **** 
  23:debug.c       **** enum 
  24:debug.c       **** {
  25:debug.c       ****     STDIN_HANDLE,
  26:debug.c       ****     STDOUT_HANDLE,
  27:debug.c       ****     STDERR_HANDLE
  28:debug.c       **** };
  29:debug.c       **** 
  30:debug.c       **** FILE __stdin = {STDIN_HANDLE};
  31:debug.c       **** FILE __stdout = {STDOUT_HANDLE};
  32:debug.c       **** FILE __stderr = {STDERR_HANDLE};
ARM GAS  C:\Users\zhiantec\AppData\Local\Temp\ccw2TGF7.s 			page 2


  33:debug.c       **** 
  34:debug.c       **** int fputc(int ch, FILE *file) 
  35:debug.c       **** {
  36:debug.c       ****     int ret = EOF;
  37:debug.c       **** 
  38:debug.c       ****     switch( file->handle )
  39:debug.c       ****     {
  40:debug.c       ****         case STDOUT_HANDLE:
  41:debug.c       ****             FP_UART_UartPutChar(ch);
  42:debug.c       ****             ret = ch ;
  43:debug.c       ****             break ;
  44:debug.c       **** 
  45:debug.c       ****         case STDERR_HANDLE:
  46:debug.c       ****             ret = ch ;
  47:debug.c       ****             break ;
  48:debug.c       **** 
  49:debug.c       ****         default:
  50:debug.c       ****             file = file;
  51:debug.c       ****             break ;
  52:debug.c       ****     }
  53:debug.c       ****     return ret ;
  54:debug.c       **** }
  55:debug.c       **** 
  56:debug.c       **** #elif defined (__ICCARM__)      /* IAR */
  57:debug.c       **** 
  58:debug.c       **** /* For IAR compiler revise __write() function for printf functionality */
  59:debug.c       **** size_t __write(int handle, const unsigned char * buffer, size_t size)
  60:debug.c       **** {
  61:debug.c       ****     size_t nChars = 0;
  62:debug.c       **** 
  63:debug.c       ****     if (buffer == 0)
  64:debug.c       ****     {
  65:debug.c       ****         /*
  66:debug.c       ****          * This means that we should flush internal buffers.  Since we
  67:debug.c       ****          * don't we just return.  (Remember, "handle" == -1 means that all
  68:debug.c       ****          * handles should be flushed.)
  69:debug.c       ****          */
  70:debug.c       ****         return (0);
  71:debug.c       ****     }
  72:debug.c       **** 
  73:debug.c       ****     for (/* Empty */; size != 0; --size)
  74:debug.c       ****     {
  75:debug.c       ****         UART_DEB_PutChar(*buffer++);
  76:debug.c       ****         ++nChars;
  77:debug.c       ****     }
  78:debug.c       **** 
  79:debug.c       ****     return (nChars);
  80:debug.c       **** }
  81:debug.c       **** 
  82:debug.c       **** #else  /* (__GNUC__)  GCC */
  83:debug.c       **** 
  84:debug.c       **** /* For GCC compiler revise _write() function for printf functionality */
  85:debug.c       **** int _write(int file, char *ptr, int len)
  86:debug.c       **** {
  26              		.loc 1 86 0
  27              		.cfi_startproc
  28              	.LVL0:
ARM GAS  C:\Users\zhiantec\AppData\Local\Temp\ccw2TGF7.s 			page 3


  29 0000 70B5     		push	{r4, r5, r6, lr}
  30              		.cfi_def_cfa_offset 16
  31              		.cfi_offset 4, -16
  32              		.cfi_offset 5, -12
  33              		.cfi_offset 6, -8
  34              		.cfi_offset 14, -4
  35              		.loc 1 86 0
  36 0002 0E1C     		mov	r6, r1
  37 0004 151C     		mov	r5, r2
  87:debug.c       ****     int i;
  88:debug.c       ****     file = file;
  89:debug.c       ****     for (i = 0; i < len; i++)
  38              		.loc 1 89 0
  39 0006 0C1C     		mov	r4, r1
  40              	.LVL1:
  41              	.L2:
  42 0008 A31B     		sub	r3, r4, r6
  43              		.loc 1 89 0 is_stmt 0 discriminator 1
  44 000a AB42     		cmp	r3, r5
  45 000c 04DA     		bge	.L5
  46              	.LVL2:
  90:debug.c       ****     {	
  91:debug.c       **** 	    UART_433_UartPutChar(*ptr++);
  47              		.loc 1 91 0 is_stmt 1 discriminator 3
  48 000e 2078     		ldrb	r0, [r4]
  49 0010 FFF7FEFF 		bl	UART_433_SpiUartWriteTxData
  50              	.LVL3:
  51 0014 0134     		add	r4, r4, #1
  52              	.LVL4:
  53 0016 F7E7     		b	.L2
  54              	.L5:
  92:debug.c       **** 	}
  93:debug.c       ****     return len;
  94:debug.c       **** }
  55              		.loc 1 94 0
  56 0018 281C     		mov	r0, r5
  57              		@ sp needed
  58              	.LVL5:
  59              	.LVL6:
  60 001a 70BD     		pop	{r4, r5, r6, pc}
  61              		.cfi_endproc
  62              	.LFE63:
  63              		.size	_write, .-_write
  64              		.text
  65              	.Letext0:
  66              		.file 2 "Generated_Source\\PSoC4/cytypes.h"
  67              		.file 3 "Generated_Source\\PSoC4/UART_433_SPI_UART.h"
  68              		.section	.debug_info,"",%progbits
  69              	.Ldebug_info0:
  70 0000 01010000 		.4byte	0x101
  71 0004 0400     		.2byte	0x4
  72 0006 00000000 		.4byte	.Ldebug_abbrev0
  73 000a 04       		.byte	0x4
  74 000b 01       		.uleb128 0x1
  75 000c C9000000 		.4byte	.LASF14
  76 0010 01       		.byte	0x1
  77 0011 CE010000 		.4byte	.LASF15
ARM GAS  C:\Users\zhiantec\AppData\Local\Temp\ccw2TGF7.s 			page 4


  78 0015 3E000000 		.4byte	.LASF16
  79 0019 00000000 		.4byte	.Ldebug_ranges0+0
  80 001d 00000000 		.4byte	0
  81 0021 00000000 		.4byte	.Ldebug_line0
  82 0025 02       		.uleb128 0x2
  83 0026 01       		.byte	0x1
  84 0027 06       		.byte	0x6
  85 0028 C2010000 		.4byte	.LASF0
  86 002c 02       		.uleb128 0x2
  87 002d 01       		.byte	0x1
  88 002e 08       		.byte	0x8
  89 002f 87010000 		.4byte	.LASF1
  90 0033 02       		.uleb128 0x2
  91 0034 02       		.byte	0x2
  92 0035 05       		.byte	0x5
  93 0036 DC010000 		.4byte	.LASF2
  94 003a 02       		.uleb128 0x2
  95 003b 02       		.byte	0x2
  96 003c 07       		.byte	0x7
  97 003d AF010000 		.4byte	.LASF3
  98 0041 02       		.uleb128 0x2
  99 0042 04       		.byte	0x4
 100 0043 05       		.byte	0x5
 101 0044 9A010000 		.4byte	.LASF4
 102 0048 02       		.uleb128 0x2
 103 0049 04       		.byte	0x4
 104 004a 07       		.byte	0x7
 105 004b 57010000 		.4byte	.LASF5
 106 004f 02       		.uleb128 0x2
 107 0050 08       		.byte	0x8
 108 0051 05       		.byte	0x5
 109 0052 00000000 		.4byte	.LASF6
 110 0056 02       		.uleb128 0x2
 111 0057 08       		.byte	0x8
 112 0058 07       		.byte	0x7
 113 0059 69010000 		.4byte	.LASF7
 114 005d 03       		.uleb128 0x3
 115 005e 04       		.byte	0x4
 116 005f 05       		.byte	0x5
 117 0060 696E7400 		.ascii	"int\000"
 118 0064 02       		.uleb128 0x2
 119 0065 04       		.byte	0x4
 120 0066 07       		.byte	0x7
 121 0067 15000000 		.4byte	.LASF8
 122 006b 04       		.uleb128 0x4
 123 006c 0E000000 		.4byte	.LASF17
 124 0070 02       		.byte	0x2
 125 0071 BB01     		.2byte	0x1bb
 126 0073 48000000 		.4byte	0x48
 127 0077 02       		.uleb128 0x2
 128 0078 04       		.byte	0x4
 129 0079 04       		.byte	0x4
 130 007a D6010000 		.4byte	.LASF9
 131 007e 02       		.uleb128 0x2
 132 007f 08       		.byte	0x8
 133 0080 04       		.byte	0x4
 134 0081 A8010000 		.4byte	.LASF10
ARM GAS  C:\Users\zhiantec\AppData\Local\Temp\ccw2TGF7.s 			page 5


 135 0085 02       		.uleb128 0x2
 136 0086 01       		.byte	0x1
 137 0087 08       		.byte	0x8
 138 0088 95010000 		.4byte	.LASF11
 139 008c 02       		.uleb128 0x2
 140 008d 04       		.byte	0x4
 141 008e 07       		.byte	0x7
 142 008f E6010000 		.4byte	.LASF12
 143 0093 05       		.uleb128 0x5
 144 0094 04       		.byte	0x4
 145 0095 85000000 		.4byte	0x85
 146 0099 06       		.uleb128 0x6
 147 009a 80010000 		.4byte	.LASF18
 148 009e 01       		.byte	0x1
 149 009f 55       		.byte	0x55
 150 00a0 5D000000 		.4byte	0x5d
 151 00a4 00000000 		.4byte	.LFB63
 152 00a8 1C000000 		.4byte	.LFE63-.LFB63
 153 00ac 01       		.uleb128 0x1
 154 00ad 9C       		.byte	0x9c
 155 00ae F6000000 		.4byte	0xf6
 156 00b2 07       		.uleb128 0x7
 157 00b3 A3010000 		.4byte	.LASF13
 158 00b7 01       		.byte	0x1
 159 00b8 55       		.byte	0x55
 160 00b9 5D000000 		.4byte	0x5d
 161 00bd 00000000 		.4byte	.LLST0
 162 00c1 08       		.uleb128 0x8
 163 00c2 70747200 		.ascii	"ptr\000"
 164 00c6 01       		.byte	0x1
 165 00c7 55       		.byte	0x55
 166 00c8 93000000 		.4byte	0x93
 167 00cc 21000000 		.4byte	.LLST1
 168 00d0 08       		.uleb128 0x8
 169 00d1 6C656E00 		.ascii	"len\000"
 170 00d5 01       		.byte	0x1
 171 00d6 55       		.byte	0x55
 172 00d7 5D000000 		.4byte	0x5d
 173 00db 57000000 		.4byte	.LLST2
 174 00df 09       		.uleb128 0x9
 175 00e0 6900     		.ascii	"i\000"
 176 00e2 01       		.byte	0x1
 177 00e3 57       		.byte	0x57
 178 00e4 5D000000 		.4byte	0x5d
 179 00e8 80000000 		.4byte	.LLST3
 180 00ec 0A       		.uleb128 0xa
 181 00ed 14000000 		.4byte	.LVL3
 182 00f1 F6000000 		.4byte	0xf6
 183 00f5 00       		.byte	0
 184 00f6 0B       		.uleb128 0xb
 185 00f7 22000000 		.4byte	.LASF19
 186 00fb 03       		.byte	0x3
 187 00fc 3A03     		.2byte	0x33a
 188 00fe 0C       		.uleb128 0xc
 189 00ff 6B000000 		.4byte	0x6b
 190 0103 00       		.byte	0
 191 0104 00       		.byte	0
ARM GAS  C:\Users\zhiantec\AppData\Local\Temp\ccw2TGF7.s 			page 6


 192              		.section	.debug_abbrev,"",%progbits
 193              	.Ldebug_abbrev0:
 194 0000 01       		.uleb128 0x1
 195 0001 11       		.uleb128 0x11
 196 0002 01       		.byte	0x1
 197 0003 25       		.uleb128 0x25
 198 0004 0E       		.uleb128 0xe
 199 0005 13       		.uleb128 0x13
 200 0006 0B       		.uleb128 0xb
 201 0007 03       		.uleb128 0x3
 202 0008 0E       		.uleb128 0xe
 203 0009 1B       		.uleb128 0x1b
 204 000a 0E       		.uleb128 0xe
 205 000b 55       		.uleb128 0x55
 206 000c 17       		.uleb128 0x17
 207 000d 11       		.uleb128 0x11
 208 000e 01       		.uleb128 0x1
 209 000f 10       		.uleb128 0x10
 210 0010 17       		.uleb128 0x17
 211 0011 00       		.byte	0
 212 0012 00       		.byte	0
 213 0013 02       		.uleb128 0x2
 214 0014 24       		.uleb128 0x24
 215 0015 00       		.byte	0
 216 0016 0B       		.uleb128 0xb
 217 0017 0B       		.uleb128 0xb
 218 0018 3E       		.uleb128 0x3e
 219 0019 0B       		.uleb128 0xb
 220 001a 03       		.uleb128 0x3
 221 001b 0E       		.uleb128 0xe
 222 001c 00       		.byte	0
 223 001d 00       		.byte	0
 224 001e 03       		.uleb128 0x3
 225 001f 24       		.uleb128 0x24
 226 0020 00       		.byte	0
 227 0021 0B       		.uleb128 0xb
 228 0022 0B       		.uleb128 0xb
 229 0023 3E       		.uleb128 0x3e
 230 0024 0B       		.uleb128 0xb
 231 0025 03       		.uleb128 0x3
 232 0026 08       		.uleb128 0x8
 233 0027 00       		.byte	0
 234 0028 00       		.byte	0
 235 0029 04       		.uleb128 0x4
 236 002a 16       		.uleb128 0x16
 237 002b 00       		.byte	0
 238 002c 03       		.uleb128 0x3
 239 002d 0E       		.uleb128 0xe
 240 002e 3A       		.uleb128 0x3a
 241 002f 0B       		.uleb128 0xb
 242 0030 3B       		.uleb128 0x3b
 243 0031 05       		.uleb128 0x5
 244 0032 49       		.uleb128 0x49
 245 0033 13       		.uleb128 0x13
 246 0034 00       		.byte	0
 247 0035 00       		.byte	0
 248 0036 05       		.uleb128 0x5
ARM GAS  C:\Users\zhiantec\AppData\Local\Temp\ccw2TGF7.s 			page 7


 249 0037 0F       		.uleb128 0xf
 250 0038 00       		.byte	0
 251 0039 0B       		.uleb128 0xb
 252 003a 0B       		.uleb128 0xb
 253 003b 49       		.uleb128 0x49
 254 003c 13       		.uleb128 0x13
 255 003d 00       		.byte	0
 256 003e 00       		.byte	0
 257 003f 06       		.uleb128 0x6
 258 0040 2E       		.uleb128 0x2e
 259 0041 01       		.byte	0x1
 260 0042 3F       		.uleb128 0x3f
 261 0043 19       		.uleb128 0x19
 262 0044 03       		.uleb128 0x3
 263 0045 0E       		.uleb128 0xe
 264 0046 3A       		.uleb128 0x3a
 265 0047 0B       		.uleb128 0xb
 266 0048 3B       		.uleb128 0x3b
 267 0049 0B       		.uleb128 0xb
 268 004a 27       		.uleb128 0x27
 269 004b 19       		.uleb128 0x19
 270 004c 49       		.uleb128 0x49
 271 004d 13       		.uleb128 0x13
 272 004e 11       		.uleb128 0x11
 273 004f 01       		.uleb128 0x1
 274 0050 12       		.uleb128 0x12
 275 0051 06       		.uleb128 0x6
 276 0052 40       		.uleb128 0x40
 277 0053 18       		.uleb128 0x18
 278 0054 9742     		.uleb128 0x2117
 279 0056 19       		.uleb128 0x19
 280 0057 01       		.uleb128 0x1
 281 0058 13       		.uleb128 0x13
 282 0059 00       		.byte	0
 283 005a 00       		.byte	0
 284 005b 07       		.uleb128 0x7
 285 005c 05       		.uleb128 0x5
 286 005d 00       		.byte	0
 287 005e 03       		.uleb128 0x3
 288 005f 0E       		.uleb128 0xe
 289 0060 3A       		.uleb128 0x3a
 290 0061 0B       		.uleb128 0xb
 291 0062 3B       		.uleb128 0x3b
 292 0063 0B       		.uleb128 0xb
 293 0064 49       		.uleb128 0x49
 294 0065 13       		.uleb128 0x13
 295 0066 02       		.uleb128 0x2
 296 0067 17       		.uleb128 0x17
 297 0068 00       		.byte	0
 298 0069 00       		.byte	0
 299 006a 08       		.uleb128 0x8
 300 006b 05       		.uleb128 0x5
 301 006c 00       		.byte	0
 302 006d 03       		.uleb128 0x3
 303 006e 08       		.uleb128 0x8
 304 006f 3A       		.uleb128 0x3a
 305 0070 0B       		.uleb128 0xb
ARM GAS  C:\Users\zhiantec\AppData\Local\Temp\ccw2TGF7.s 			page 8


 306 0071 3B       		.uleb128 0x3b
 307 0072 0B       		.uleb128 0xb
 308 0073 49       		.uleb128 0x49
 309 0074 13       		.uleb128 0x13
 310 0075 02       		.uleb128 0x2
 311 0076 17       		.uleb128 0x17
 312 0077 00       		.byte	0
 313 0078 00       		.byte	0
 314 0079 09       		.uleb128 0x9
 315 007a 34       		.uleb128 0x34
 316 007b 00       		.byte	0
 317 007c 03       		.uleb128 0x3
 318 007d 08       		.uleb128 0x8
 319 007e 3A       		.uleb128 0x3a
 320 007f 0B       		.uleb128 0xb
 321 0080 3B       		.uleb128 0x3b
 322 0081 0B       		.uleb128 0xb
 323 0082 49       		.uleb128 0x49
 324 0083 13       		.uleb128 0x13
 325 0084 02       		.uleb128 0x2
 326 0085 17       		.uleb128 0x17
 327 0086 00       		.byte	0
 328 0087 00       		.byte	0
 329 0088 0A       		.uleb128 0xa
 330 0089 898201   		.uleb128 0x4109
 331 008c 00       		.byte	0
 332 008d 11       		.uleb128 0x11
 333 008e 01       		.uleb128 0x1
 334 008f 31       		.uleb128 0x31
 335 0090 13       		.uleb128 0x13
 336 0091 00       		.byte	0
 337 0092 00       		.byte	0
 338 0093 0B       		.uleb128 0xb
 339 0094 2E       		.uleb128 0x2e
 340 0095 01       		.byte	0x1
 341 0096 3F       		.uleb128 0x3f
 342 0097 19       		.uleb128 0x19
 343 0098 03       		.uleb128 0x3
 344 0099 0E       		.uleb128 0xe
 345 009a 3A       		.uleb128 0x3a
 346 009b 0B       		.uleb128 0xb
 347 009c 3B       		.uleb128 0x3b
 348 009d 05       		.uleb128 0x5
 349 009e 27       		.uleb128 0x27
 350 009f 19       		.uleb128 0x19
 351 00a0 3C       		.uleb128 0x3c
 352 00a1 19       		.uleb128 0x19
 353 00a2 00       		.byte	0
 354 00a3 00       		.byte	0
 355 00a4 0C       		.uleb128 0xc
 356 00a5 05       		.uleb128 0x5
 357 00a6 00       		.byte	0
 358 00a7 49       		.uleb128 0x49
 359 00a8 13       		.uleb128 0x13
 360 00a9 00       		.byte	0
 361 00aa 00       		.byte	0
 362 00ab 00       		.byte	0
ARM GAS  C:\Users\zhiantec\AppData\Local\Temp\ccw2TGF7.s 			page 9


 363              		.section	.debug_loc,"",%progbits
 364              	.Ldebug_loc0:
 365              	.LLST0:
 366 0000 00000000 		.4byte	.LVL0
 367 0004 08000000 		.4byte	.LVL1
 368 0008 0100     		.2byte	0x1
 369 000a 50       		.byte	0x50
 370 000b 08000000 		.4byte	.LVL1
 371 000f 1C000000 		.4byte	.LFE63
 372 0013 0400     		.2byte	0x4
 373 0015 F3       		.byte	0xf3
 374 0016 01       		.uleb128 0x1
 375 0017 50       		.byte	0x50
 376 0018 9F       		.byte	0x9f
 377 0019 00000000 		.4byte	0
 378 001d 00000000 		.4byte	0
 379              	.LLST1:
 380 0021 00000000 		.4byte	.LVL0
 381 0025 08000000 		.4byte	.LVL1
 382 0029 0100     		.2byte	0x1
 383 002b 51       		.byte	0x51
 384 002c 08000000 		.4byte	.LVL1
 385 0030 0E000000 		.4byte	.LVL2
 386 0034 0100     		.2byte	0x1
 387 0036 54       		.byte	0x54
 388 0037 0E000000 		.4byte	.LVL2
 389 003b 16000000 		.4byte	.LVL4
 390 003f 0300     		.2byte	0x3
 391 0041 74       		.byte	0x74
 392 0042 01       		.sleb128 1
 393 0043 9F       		.byte	0x9f
 394 0044 16000000 		.4byte	.LVL4
 395 0048 1A000000 		.4byte	.LVL5
 396 004c 0100     		.2byte	0x1
 397 004e 54       		.byte	0x54
 398 004f 00000000 		.4byte	0
 399 0053 00000000 		.4byte	0
 400              	.LLST2:
 401 0057 00000000 		.4byte	.LVL0
 402 005b 08000000 		.4byte	.LVL1
 403 005f 0100     		.2byte	0x1
 404 0061 52       		.byte	0x52
 405 0062 08000000 		.4byte	.LVL1
 406 0066 1A000000 		.4byte	.LVL6
 407 006a 0100     		.2byte	0x1
 408 006c 55       		.byte	0x55
 409 006d 1A000000 		.4byte	.LVL6
 410 0071 1C000000 		.4byte	.LFE63
 411 0075 0100     		.2byte	0x1
 412 0077 50       		.byte	0x50
 413 0078 00000000 		.4byte	0
 414 007c 00000000 		.4byte	0
 415              	.LLST3:
 416 0080 00000000 		.4byte	.LVL0
 417 0084 08000000 		.4byte	.LVL1
 418 0088 0200     		.2byte	0x2
 419 008a 30       		.byte	0x30
ARM GAS  C:\Users\zhiantec\AppData\Local\Temp\ccw2TGF7.s 			page 10


 420 008b 9F       		.byte	0x9f
 421 008c 08000000 		.4byte	.LVL1
 422 0090 14000000 		.4byte	.LVL3
 423 0094 0600     		.2byte	0x6
 424 0096 74       		.byte	0x74
 425 0097 00       		.sleb128 0
 426 0098 76       		.byte	0x76
 427 0099 00       		.sleb128 0
 428 009a 1C       		.byte	0x1c
 429 009b 9F       		.byte	0x9f
 430 009c 14000000 		.4byte	.LVL3
 431 00a0 16000000 		.4byte	.LVL4
 432 00a4 0800     		.2byte	0x8
 433 00a6 74       		.byte	0x74
 434 00a7 00       		.sleb128 0
 435 00a8 76       		.byte	0x76
 436 00a9 00       		.sleb128 0
 437 00aa 1C       		.byte	0x1c
 438 00ab 23       		.byte	0x23
 439 00ac 01       		.uleb128 0x1
 440 00ad 9F       		.byte	0x9f
 441 00ae 16000000 		.4byte	.LVL4
 442 00b2 1A000000 		.4byte	.LVL5
 443 00b6 0600     		.2byte	0x6
 444 00b8 74       		.byte	0x74
 445 00b9 00       		.sleb128 0
 446 00ba 76       		.byte	0x76
 447 00bb 00       		.sleb128 0
 448 00bc 1C       		.byte	0x1c
 449 00bd 9F       		.byte	0x9f
 450 00be 00000000 		.4byte	0
 451 00c2 00000000 		.4byte	0
 452              		.section	.debug_aranges,"",%progbits
 453 0000 1C000000 		.4byte	0x1c
 454 0004 0200     		.2byte	0x2
 455 0006 00000000 		.4byte	.Ldebug_info0
 456 000a 04       		.byte	0x4
 457 000b 00       		.byte	0
 458 000c 0000     		.2byte	0
 459 000e 0000     		.2byte	0
 460 0010 00000000 		.4byte	.LFB63
 461 0014 1C000000 		.4byte	.LFE63-.LFB63
 462 0018 00000000 		.4byte	0
 463 001c 00000000 		.4byte	0
 464              		.section	.debug_ranges,"",%progbits
 465              	.Ldebug_ranges0:
 466 0000 00000000 		.4byte	.LFB63
 467 0004 1C000000 		.4byte	.LFE63
 468 0008 00000000 		.4byte	0
 469 000c 00000000 		.4byte	0
 470              		.section	.debug_line,"",%progbits
 471              	.Ldebug_line0:
 472 0000 7E000000 		.section	.debug_str,"MS",%progbits,1
 472      02005900 
 472      00000201 
 472      FB0E0D00 
 472      01010101 
ARM GAS  C:\Users\zhiantec\AppData\Local\Temp\ccw2TGF7.s 			page 11


 473              	.LASF6:
 474 0000 6C6F6E67 		.ascii	"long long int\000"
 474      206C6F6E 
 474      6720696E 
 474      7400
 475              	.LASF17:
 476 000e 75696E74 		.ascii	"uint32\000"
 476      333200
 477              	.LASF8:
 478 0015 756E7369 		.ascii	"unsigned int\000"
 478      676E6564 
 478      20696E74 
 478      00
 479              	.LASF19:
 480 0022 55415254 		.ascii	"UART_433_SpiUartWriteTxData\000"
 480      5F343333 
 480      5F537069 
 480      55617274 
 480      57726974 
 481              	.LASF16:
 482 003e 433A5C55 		.ascii	"C:\\Users\\zhiantec\\Documents\\Tencent Files\\1241"
 482      73657273 
 482      5C7A6869 
 482      616E7465 
 482      635C446F 
 483 006c 39333938 		.ascii	"939835\\FileRecv\\MobileFile\\second_images[4-8]\\E"
 483      33355C46 
 483      696C6552 
 483      6563765C 
 483      4D6F6269 
 484 009b 6E747261 		.ascii	"ntranceGuard_171019-12.50\\EntranceGuard.cydsn\000"
 484      6E636547 
 484      75617264 
 484      5F313731 
 484      3031392D 
 485              	.LASF14:
 486 00c9 474E5520 		.ascii	"GNU C 4.9.3 20150303 (release) [ARM/embedded-4_9-br"
 486      4320342E 
 486      392E3320 
 486      32303135 
 486      30333033 
 487 00fc 616E6368 		.ascii	"anch revision 221220] -mcpu=cortex-m0 -mthumb -g -O"
 487      20726576 
 487      6973696F 
 487      6E203232 
 487      31323230 
 488 012f 73202D66 		.ascii	"s -ffunction-sections -ffat-lto-objects\000"
 488      66756E63 
 488      74696F6E 
 488      2D736563 
 488      74696F6E 
 489              	.LASF5:
 490 0157 6C6F6E67 		.ascii	"long unsigned int\000"
 490      20756E73 
 490      69676E65 
 490      6420696E 
 490      7400
ARM GAS  C:\Users\zhiantec\AppData\Local\Temp\ccw2TGF7.s 			page 12


 491              	.LASF7:
 492 0169 6C6F6E67 		.ascii	"long long unsigned int\000"
 492      206C6F6E 
 492      6720756E 
 492      7369676E 
 492      65642069 
 493              	.LASF18:
 494 0180 5F777269 		.ascii	"_write\000"
 494      746500
 495              	.LASF1:
 496 0187 756E7369 		.ascii	"unsigned char\000"
 496      676E6564 
 496      20636861 
 496      7200
 497              	.LASF11:
 498 0195 63686172 		.ascii	"char\000"
 498      00
 499              	.LASF4:
 500 019a 6C6F6E67 		.ascii	"long int\000"
 500      20696E74 
 500      00
 501              	.LASF13:
 502 01a3 66696C65 		.ascii	"file\000"
 502      00
 503              	.LASF10:
 504 01a8 646F7562 		.ascii	"double\000"
 504      6C6500
 505              	.LASF3:
 506 01af 73686F72 		.ascii	"short unsigned int\000"
 506      7420756E 
 506      7369676E 
 506      65642069 
 506      6E7400
 507              	.LASF0:
 508 01c2 7369676E 		.ascii	"signed char\000"
 508      65642063 
 508      68617200 
 509              	.LASF15:
 510 01ce 64656275 		.ascii	"debug.c\000"
 510      672E6300 
 511              	.LASF9:
 512 01d6 666C6F61 		.ascii	"float\000"
 512      7400
 513              	.LASF2:
 514 01dc 73686F72 		.ascii	"short int\000"
 514      7420696E 
 514      7400
 515              	.LASF12:
 516 01e6 73697A65 		.ascii	"sizetype\000"
 516      74797065 
 516      00
 517              		.ident	"GCC: (GNU Tools for ARM Embedded Processors) 4.9.3 20150303 (release) [ARM/embedded-4_9-br
