ARM GAS  C:\Users\zhiantec\AppData\Local\Temp\ccp3vrI2.s 			page 1


   1              		.cpu cortex-m0
   2              		.fpu softvfp
   3              		.eabi_attribute 20, 1
   4              		.eabi_attribute 21, 1
   5              		.eabi_attribute 23, 3
   6              		.eabi_attribute 24, 1
   7              		.eabi_attribute 25, 1
   8              		.eabi_attribute 26, 1
   9              		.eabi_attribute 30, 4
  10              		.eabi_attribute 34, 0
  11              		.eabi_attribute 18, 4
  12              		.code	16
  13              		.file	"GPRS_STATE.c"
  14              		.text
  15              	.Ltext0:
  16              		.cfi_sections	.debug_frame
  17              		.section	.text.GPRS_STATE_SetDriveMode,"ax",%progbits
  18              		.align	1
  19              		.global	GPRS_STATE_SetDriveMode
  20              		.code	16
  21              		.thumb_func
  22              		.type	GPRS_STATE_SetDriveMode, %function
  23              	GPRS_STATE_SetDriveMode:
  24              	.LFB0:
  25              		.file 1 "Generated_Source\\PSoC4\\GPRS_STATE.c"
   1:Generated_Source\PSoC4/GPRS_STATE.c **** /*******************************************************************************
   2:Generated_Source\PSoC4/GPRS_STATE.c **** * File Name: GPRS_STATE.c  
   3:Generated_Source\PSoC4/GPRS_STATE.c **** * Version 2.20
   4:Generated_Source\PSoC4/GPRS_STATE.c **** *
   5:Generated_Source\PSoC4/GPRS_STATE.c **** * Description:
   6:Generated_Source\PSoC4/GPRS_STATE.c **** *  This file contains API to enable firmware control of a Pins component.
   7:Generated_Source\PSoC4/GPRS_STATE.c **** *
   8:Generated_Source\PSoC4/GPRS_STATE.c **** ********************************************************************************
   9:Generated_Source\PSoC4/GPRS_STATE.c **** * Copyright 2008-2015, Cypress Semiconductor Corporation.  All rights reserved.
  10:Generated_Source\PSoC4/GPRS_STATE.c **** * You may use this file only in accordance with the license, terms, conditions, 
  11:Generated_Source\PSoC4/GPRS_STATE.c **** * disclaimers, and limitations in the end user license agreement accompanying 
  12:Generated_Source\PSoC4/GPRS_STATE.c **** * the software package with which this file was provided.
  13:Generated_Source\PSoC4/GPRS_STATE.c **** *******************************************************************************/
  14:Generated_Source\PSoC4/GPRS_STATE.c **** 
  15:Generated_Source\PSoC4/GPRS_STATE.c **** #include "cytypes.h"
  16:Generated_Source\PSoC4/GPRS_STATE.c **** #include "GPRS_STATE.h"
  17:Generated_Source\PSoC4/GPRS_STATE.c **** 
  18:Generated_Source\PSoC4/GPRS_STATE.c **** 
  19:Generated_Source\PSoC4/GPRS_STATE.c **** #if defined(GPRS_STATE__PC)
  20:Generated_Source\PSoC4/GPRS_STATE.c ****     #define GPRS_STATE_SetP4PinDriveMode(shift, mode)  \
  21:Generated_Source\PSoC4/GPRS_STATE.c ****     do { \
  22:Generated_Source\PSoC4/GPRS_STATE.c ****         GPRS_STATE_PC =   (GPRS_STATE_PC & \
  23:Generated_Source\PSoC4/GPRS_STATE.c ****                                 (uint32)(~(uint32)(GPRS_STATE_DRIVE_MODE_IND_MASK << \
  24:Generated_Source\PSoC4/GPRS_STATE.c ****                                 (GPRS_STATE_DRIVE_MODE_BITS * (shift))))) | \
  25:Generated_Source\PSoC4/GPRS_STATE.c ****                                 (uint32)((uint32)(mode) << \
  26:Generated_Source\PSoC4/GPRS_STATE.c ****                                 (GPRS_STATE_DRIVE_MODE_BITS * (shift))); \
  27:Generated_Source\PSoC4/GPRS_STATE.c ****     } while (0)
  28:Generated_Source\PSoC4/GPRS_STATE.c **** #else
  29:Generated_Source\PSoC4/GPRS_STATE.c ****     #if (CY_PSOC4_4200L)
  30:Generated_Source\PSoC4/GPRS_STATE.c ****         #define GPRS_STATE_SetP4PinDriveMode(shift, mode)  \
  31:Generated_Source\PSoC4/GPRS_STATE.c ****         do { \
  32:Generated_Source\PSoC4/GPRS_STATE.c ****             GPRS_STATE_USBIO_CTRL_REG = (GPRS_STATE_USBIO_CTRL_REG & \
ARM GAS  C:\Users\zhiantec\AppData\Local\Temp\ccp3vrI2.s 			page 2


  33:Generated_Source\PSoC4/GPRS_STATE.c ****                                     (uint32)(~(uint32)(GPRS_STATE_DRIVE_MODE_IND_MASK << \
  34:Generated_Source\PSoC4/GPRS_STATE.c ****                                     (GPRS_STATE_DRIVE_MODE_BITS * (shift))))) | \
  35:Generated_Source\PSoC4/GPRS_STATE.c ****                                     (uint32)((uint32)(mode) << \
  36:Generated_Source\PSoC4/GPRS_STATE.c ****                                     (GPRS_STATE_DRIVE_MODE_BITS * (shift))); \
  37:Generated_Source\PSoC4/GPRS_STATE.c ****         } while (0)
  38:Generated_Source\PSoC4/GPRS_STATE.c ****     #endif
  39:Generated_Source\PSoC4/GPRS_STATE.c **** #endif
  40:Generated_Source\PSoC4/GPRS_STATE.c ****   
  41:Generated_Source\PSoC4/GPRS_STATE.c **** 
  42:Generated_Source\PSoC4/GPRS_STATE.c **** #if defined(GPRS_STATE__PC) || (CY_PSOC4_4200L) 
  43:Generated_Source\PSoC4/GPRS_STATE.c ****     /*******************************************************************************
  44:Generated_Source\PSoC4/GPRS_STATE.c ****     * Function Name: GPRS_STATE_SetDriveMode
  45:Generated_Source\PSoC4/GPRS_STATE.c ****     ****************************************************************************//**
  46:Generated_Source\PSoC4/GPRS_STATE.c ****     *
  47:Generated_Source\PSoC4/GPRS_STATE.c ****     * \brief Sets the drive mode for each of the Pins component's pins.
  48:Generated_Source\PSoC4/GPRS_STATE.c ****     * 
  49:Generated_Source\PSoC4/GPRS_STATE.c ****     * <b>Note</b> This affects all pins in the Pins component instance. Use the
  50:Generated_Source\PSoC4/GPRS_STATE.c ****     * Per-Pin APIs if you wish to control individual pin's drive modes.
  51:Generated_Source\PSoC4/GPRS_STATE.c ****     *
  52:Generated_Source\PSoC4/GPRS_STATE.c ****     * <b>Note</b> USBIOs have limited drive functionality. Refer to the Drive Mode
  53:Generated_Source\PSoC4/GPRS_STATE.c ****     * parameter for more information.
  54:Generated_Source\PSoC4/GPRS_STATE.c ****     *
  55:Generated_Source\PSoC4/GPRS_STATE.c ****     * \param mode
  56:Generated_Source\PSoC4/GPRS_STATE.c ****     *  Mode for the selected signals. Valid options are documented in 
  57:Generated_Source\PSoC4/GPRS_STATE.c ****     *  \ref driveMode.
  58:Generated_Source\PSoC4/GPRS_STATE.c ****     *
  59:Generated_Source\PSoC4/GPRS_STATE.c ****     * \return
  60:Generated_Source\PSoC4/GPRS_STATE.c ****     *  None
  61:Generated_Source\PSoC4/GPRS_STATE.c ****     *
  62:Generated_Source\PSoC4/GPRS_STATE.c ****     * \sideeffect
  63:Generated_Source\PSoC4/GPRS_STATE.c ****     *  If you use read-modify-write operations that are not atomic, the ISR can
  64:Generated_Source\PSoC4/GPRS_STATE.c ****     *  cause corruption of this function. An ISR that interrupts this function 
  65:Generated_Source\PSoC4/GPRS_STATE.c ****     *  and performs writes to the Pins component Drive Mode registers can cause 
  66:Generated_Source\PSoC4/GPRS_STATE.c ****     *  corrupted port data. To avoid this issue, you should either use the Per-Pin
  67:Generated_Source\PSoC4/GPRS_STATE.c ****     *  APIs (primary method) or disable interrupts around this function.
  68:Generated_Source\PSoC4/GPRS_STATE.c ****     *
  69:Generated_Source\PSoC4/GPRS_STATE.c ****     * \funcusage
  70:Generated_Source\PSoC4/GPRS_STATE.c ****     *  \snippet GPRS_STATE_SUT.c usage_GPRS_STATE_SetDriveMode
  71:Generated_Source\PSoC4/GPRS_STATE.c ****     *******************************************************************************/
  72:Generated_Source\PSoC4/GPRS_STATE.c ****     void GPRS_STATE_SetDriveMode(uint8 mode)
  73:Generated_Source\PSoC4/GPRS_STATE.c ****     {
  26              		.loc 1 73 0
  27              		.cfi_startproc
  28              	.LVL0:
  74:Generated_Source\PSoC4/GPRS_STATE.c **** 		GPRS_STATE_SetP4PinDriveMode(GPRS_STATE__0__SHIFT, mode);
  29              		.loc 1 74 0
  30 0000 034A     		ldr	r2, .L2
  31 0002 044B     		ldr	r3, .L2+4
  32 0004 1168     		ldr	r1, [r2]
  33 0006 4005     		lsl	r0, r0, #21
  34              	.LVL1:
  35 0008 0B40     		and	r3, r1
  36 000a 1843     		orr	r0, r3
  37 000c 1060     		str	r0, [r2]
  75:Generated_Source\PSoC4/GPRS_STATE.c ****     }
  38              		.loc 1 75 0
  39              		@ sp needed
ARM GAS  C:\Users\zhiantec\AppData\Local\Temp\ccp3vrI2.s 			page 3


  40 000e 7047     		bx	lr
  41              	.L3:
  42              		.align	2
  43              	.L2:
  44 0010 08010440 		.word	1074004232
  45 0014 FFFF1FFF 		.word	-14680065
  46              		.cfi_endproc
  47              	.LFE0:
  48              		.size	GPRS_STATE_SetDriveMode, .-GPRS_STATE_SetDriveMode
  49              		.section	.text.GPRS_STATE_Write,"ax",%progbits
  50              		.align	1
  51              		.global	GPRS_STATE_Write
  52              		.code	16
  53              		.thumb_func
  54              		.type	GPRS_STATE_Write, %function
  55              	GPRS_STATE_Write:
  56              	.LFB1:
  76:Generated_Source\PSoC4/GPRS_STATE.c **** #endif
  77:Generated_Source\PSoC4/GPRS_STATE.c **** 
  78:Generated_Source\PSoC4/GPRS_STATE.c **** 
  79:Generated_Source\PSoC4/GPRS_STATE.c **** /*******************************************************************************
  80:Generated_Source\PSoC4/GPRS_STATE.c **** * Function Name: GPRS_STATE_Write
  81:Generated_Source\PSoC4/GPRS_STATE.c **** ****************************************************************************//**
  82:Generated_Source\PSoC4/GPRS_STATE.c **** *
  83:Generated_Source\PSoC4/GPRS_STATE.c **** * \brief Writes the value to the physical port (data output register), masking
  84:Generated_Source\PSoC4/GPRS_STATE.c **** *  and shifting the bits appropriately. 
  85:Generated_Source\PSoC4/GPRS_STATE.c **** *
  86:Generated_Source\PSoC4/GPRS_STATE.c **** * The data output register controls the signal applied to the physical pin in 
  87:Generated_Source\PSoC4/GPRS_STATE.c **** * conjunction with the drive mode parameter. This function avoids changing 
  88:Generated_Source\PSoC4/GPRS_STATE.c **** * other bits in the port by using the appropriate method (read-modify-write or
  89:Generated_Source\PSoC4/GPRS_STATE.c **** * bit banding).
  90:Generated_Source\PSoC4/GPRS_STATE.c **** *
  91:Generated_Source\PSoC4/GPRS_STATE.c **** * <b>Note</b> This function should not be used on a hardware digital output pin 
  92:Generated_Source\PSoC4/GPRS_STATE.c **** * as it is driven by the hardware signal attached to it.
  93:Generated_Source\PSoC4/GPRS_STATE.c **** *
  94:Generated_Source\PSoC4/GPRS_STATE.c **** * \param value
  95:Generated_Source\PSoC4/GPRS_STATE.c **** *  Value to write to the component instance.
  96:Generated_Source\PSoC4/GPRS_STATE.c **** *
  97:Generated_Source\PSoC4/GPRS_STATE.c **** * \return 
  98:Generated_Source\PSoC4/GPRS_STATE.c **** *  None 
  99:Generated_Source\PSoC4/GPRS_STATE.c **** *
 100:Generated_Source\PSoC4/GPRS_STATE.c **** * \sideeffect
 101:Generated_Source\PSoC4/GPRS_STATE.c **** *  If you use read-modify-write operations that are not atomic; the Interrupt 
 102:Generated_Source\PSoC4/GPRS_STATE.c **** *  Service Routines (ISR) can cause corruption of this function. An ISR that 
 103:Generated_Source\PSoC4/GPRS_STATE.c **** *  interrupts this function and performs writes to the Pins component data 
 104:Generated_Source\PSoC4/GPRS_STATE.c **** *  register can cause corrupted port data. To avoid this issue, you should 
 105:Generated_Source\PSoC4/GPRS_STATE.c **** *  either use the Per-Pin APIs (primary method) or disable interrupts around 
 106:Generated_Source\PSoC4/GPRS_STATE.c **** *  this function.
 107:Generated_Source\PSoC4/GPRS_STATE.c **** *
 108:Generated_Source\PSoC4/GPRS_STATE.c **** * \funcusage
 109:Generated_Source\PSoC4/GPRS_STATE.c **** *  \snippet GPRS_STATE_SUT.c usage_GPRS_STATE_Write
 110:Generated_Source\PSoC4/GPRS_STATE.c **** *******************************************************************************/
 111:Generated_Source\PSoC4/GPRS_STATE.c **** void GPRS_STATE_Write(uint8 value)
 112:Generated_Source\PSoC4/GPRS_STATE.c **** {
  57              		.loc 1 112 0
  58              		.cfi_startproc
  59              	.LVL2:
ARM GAS  C:\Users\zhiantec\AppData\Local\Temp\ccp3vrI2.s 			page 4


 113:Generated_Source\PSoC4/GPRS_STATE.c ****     uint8 drVal = (uint8)(GPRS_STATE_DR & (uint8)(~GPRS_STATE_MASK));
  60              		.loc 1 113 0
  61 0000 7F23     		mov	r3, #127
  62 0002 044A     		ldr	r2, .L5
 114:Generated_Source\PSoC4/GPRS_STATE.c ****     drVal = (drVal | ((uint8)(value << GPRS_STATE_SHIFT) & GPRS_STATE_MASK));
  63              		.loc 1 114 0
  64 0004 C001     		lsl	r0, r0, #7
  65              	.LVL3:
 113:Generated_Source\PSoC4/GPRS_STATE.c ****     uint8 drVal = (uint8)(GPRS_STATE_DR & (uint8)(~GPRS_STATE_MASK));
  66              		.loc 1 113 0
  67 0006 1168     		ldr	r1, [r2]
 115:Generated_Source\PSoC4/GPRS_STATE.c ****     GPRS_STATE_DR = (uint32)drVal;
 116:Generated_Source\PSoC4/GPRS_STATE.c **** }
  68              		.loc 1 116 0
  69              		@ sp needed
 113:Generated_Source\PSoC4/GPRS_STATE.c ****     drVal = (drVal | ((uint8)(value << GPRS_STATE_SHIFT) & GPRS_STATE_MASK));
  70              		.loc 1 113 0
  71 0008 0B40     		and	r3, r1
 114:Generated_Source\PSoC4/GPRS_STATE.c ****     drVal = (drVal | ((uint8)(value << GPRS_STATE_SHIFT) & GPRS_STATE_MASK));
  72              		.loc 1 114 0
  73 000a 1843     		orr	r0, r3
 115:Generated_Source\PSoC4/GPRS_STATE.c ****     GPRS_STATE_DR = (uint32)drVal;
  74              		.loc 1 115 0
  75 000c C0B2     		uxtb	r0, r0
  76 000e 1060     		str	r0, [r2]
  77              		.loc 1 116 0
  78 0010 7047     		bx	lr
  79              	.L6:
  80 0012 C046     		.align	2
  81              	.L5:
  82 0014 00010440 		.word	1074004224
  83              		.cfi_endproc
  84              	.LFE1:
  85              		.size	GPRS_STATE_Write, .-GPRS_STATE_Write
  86              		.section	.text.GPRS_STATE_Read,"ax",%progbits
  87              		.align	1
  88              		.global	GPRS_STATE_Read
  89              		.code	16
  90              		.thumb_func
  91              		.type	GPRS_STATE_Read, %function
  92              	GPRS_STATE_Read:
  93              	.LFB2:
 117:Generated_Source\PSoC4/GPRS_STATE.c **** 
 118:Generated_Source\PSoC4/GPRS_STATE.c **** 
 119:Generated_Source\PSoC4/GPRS_STATE.c **** /*******************************************************************************
 120:Generated_Source\PSoC4/GPRS_STATE.c **** * Function Name: GPRS_STATE_Read
 121:Generated_Source\PSoC4/GPRS_STATE.c **** ****************************************************************************//**
 122:Generated_Source\PSoC4/GPRS_STATE.c **** *
 123:Generated_Source\PSoC4/GPRS_STATE.c **** * \brief Reads the associated physical port (pin status register) and masks 
 124:Generated_Source\PSoC4/GPRS_STATE.c **** *  the required bits according to the width and bit position of the component
 125:Generated_Source\PSoC4/GPRS_STATE.c **** *  instance. 
 126:Generated_Source\PSoC4/GPRS_STATE.c **** *
 127:Generated_Source\PSoC4/GPRS_STATE.c **** * The pin's status register returns the current logic level present on the 
 128:Generated_Source\PSoC4/GPRS_STATE.c **** * physical pin.
 129:Generated_Source\PSoC4/GPRS_STATE.c **** *
 130:Generated_Source\PSoC4/GPRS_STATE.c **** * \return 
 131:Generated_Source\PSoC4/GPRS_STATE.c **** *  The current value for the pins in the component as a right justified number.
ARM GAS  C:\Users\zhiantec\AppData\Local\Temp\ccp3vrI2.s 			page 5


 132:Generated_Source\PSoC4/GPRS_STATE.c **** *
 133:Generated_Source\PSoC4/GPRS_STATE.c **** * \funcusage
 134:Generated_Source\PSoC4/GPRS_STATE.c **** *  \snippet GPRS_STATE_SUT.c usage_GPRS_STATE_Read  
 135:Generated_Source\PSoC4/GPRS_STATE.c **** *******************************************************************************/
 136:Generated_Source\PSoC4/GPRS_STATE.c **** uint8 GPRS_STATE_Read(void)
 137:Generated_Source\PSoC4/GPRS_STATE.c **** {
  94              		.loc 1 137 0
  95              		.cfi_startproc
 138:Generated_Source\PSoC4/GPRS_STATE.c ****     return (uint8)((GPRS_STATE_PS & GPRS_STATE_MASK) >> GPRS_STATE_SHIFT);
  96              		.loc 1 138 0
  97 0000 024B     		ldr	r3, .L8
 139:Generated_Source\PSoC4/GPRS_STATE.c **** }
  98              		.loc 1 139 0
  99              		@ sp needed
 138:Generated_Source\PSoC4/GPRS_STATE.c ****     return (uint8)((GPRS_STATE_PS & GPRS_STATE_MASK) >> GPRS_STATE_SHIFT);
 100              		.loc 1 138 0
 101 0002 1868     		ldr	r0, [r3]
 102 0004 0006     		lsl	r0, r0, #24
 103 0006 C00F     		lsr	r0, r0, #31
 104              		.loc 1 139 0
 105 0008 7047     		bx	lr
 106              	.L9:
 107 000a C046     		.align	2
 108              	.L8:
 109 000c 04010440 		.word	1074004228
 110              		.cfi_endproc
 111              	.LFE2:
 112              		.size	GPRS_STATE_Read, .-GPRS_STATE_Read
 113              		.section	.text.GPRS_STATE_ReadDataReg,"ax",%progbits
 114              		.align	1
 115              		.global	GPRS_STATE_ReadDataReg
 116              		.code	16
 117              		.thumb_func
 118              		.type	GPRS_STATE_ReadDataReg, %function
 119              	GPRS_STATE_ReadDataReg:
 120              	.LFB3:
 140:Generated_Source\PSoC4/GPRS_STATE.c **** 
 141:Generated_Source\PSoC4/GPRS_STATE.c **** 
 142:Generated_Source\PSoC4/GPRS_STATE.c **** /*******************************************************************************
 143:Generated_Source\PSoC4/GPRS_STATE.c **** * Function Name: GPRS_STATE_ReadDataReg
 144:Generated_Source\PSoC4/GPRS_STATE.c **** ****************************************************************************//**
 145:Generated_Source\PSoC4/GPRS_STATE.c **** *
 146:Generated_Source\PSoC4/GPRS_STATE.c **** * \brief Reads the associated physical port's data output register and masks 
 147:Generated_Source\PSoC4/GPRS_STATE.c **** *  the correct bits according to the width and bit position of the component 
 148:Generated_Source\PSoC4/GPRS_STATE.c **** *  instance. 
 149:Generated_Source\PSoC4/GPRS_STATE.c **** *
 150:Generated_Source\PSoC4/GPRS_STATE.c **** * The data output register controls the signal applied to the physical pin in 
 151:Generated_Source\PSoC4/GPRS_STATE.c **** * conjunction with the drive mode parameter. This is not the same as the 
 152:Generated_Source\PSoC4/GPRS_STATE.c **** * preferred GPRS_STATE_Read() API because the 
 153:Generated_Source\PSoC4/GPRS_STATE.c **** * GPRS_STATE_ReadDataReg() reads the data register instead of the status 
 154:Generated_Source\PSoC4/GPRS_STATE.c **** * register. For output pins this is a useful function to determine the value 
 155:Generated_Source\PSoC4/GPRS_STATE.c **** * just written to the pin.
 156:Generated_Source\PSoC4/GPRS_STATE.c **** *
 157:Generated_Source\PSoC4/GPRS_STATE.c **** * \return 
 158:Generated_Source\PSoC4/GPRS_STATE.c **** *  The current value of the data register masked and shifted into a right 
 159:Generated_Source\PSoC4/GPRS_STATE.c **** *  justified number for the component instance.
 160:Generated_Source\PSoC4/GPRS_STATE.c **** *
ARM GAS  C:\Users\zhiantec\AppData\Local\Temp\ccp3vrI2.s 			page 6


 161:Generated_Source\PSoC4/GPRS_STATE.c **** * \funcusage
 162:Generated_Source\PSoC4/GPRS_STATE.c **** *  \snippet GPRS_STATE_SUT.c usage_GPRS_STATE_ReadDataReg 
 163:Generated_Source\PSoC4/GPRS_STATE.c **** *******************************************************************************/
 164:Generated_Source\PSoC4/GPRS_STATE.c **** uint8 GPRS_STATE_ReadDataReg(void)
 165:Generated_Source\PSoC4/GPRS_STATE.c **** {
 121              		.loc 1 165 0
 122              		.cfi_startproc
 166:Generated_Source\PSoC4/GPRS_STATE.c ****     return (uint8)((GPRS_STATE_DR & GPRS_STATE_MASK) >> GPRS_STATE_SHIFT);
 123              		.loc 1 166 0
 124 0000 024B     		ldr	r3, .L11
 167:Generated_Source\PSoC4/GPRS_STATE.c **** }
 125              		.loc 1 167 0
 126              		@ sp needed
 166:Generated_Source\PSoC4/GPRS_STATE.c ****     return (uint8)((GPRS_STATE_DR & GPRS_STATE_MASK) >> GPRS_STATE_SHIFT);
 127              		.loc 1 166 0
 128 0002 1868     		ldr	r0, [r3]
 129 0004 0006     		lsl	r0, r0, #24
 130 0006 C00F     		lsr	r0, r0, #31
 131              		.loc 1 167 0
 132 0008 7047     		bx	lr
 133              	.L12:
 134 000a C046     		.align	2
 135              	.L11:
 136 000c 00010440 		.word	1074004224
 137              		.cfi_endproc
 138              	.LFE3:
 139              		.size	GPRS_STATE_ReadDataReg, .-GPRS_STATE_ReadDataReg
 140              		.section	.text.GPRS_STATE_SetInterruptMode,"ax",%progbits
 141              		.align	1
 142              		.global	GPRS_STATE_SetInterruptMode
 143              		.code	16
 144              		.thumb_func
 145              		.type	GPRS_STATE_SetInterruptMode, %function
 146              	GPRS_STATE_SetInterruptMode:
 147              	.LFB4:
 168:Generated_Source\PSoC4/GPRS_STATE.c **** 
 169:Generated_Source\PSoC4/GPRS_STATE.c **** 
 170:Generated_Source\PSoC4/GPRS_STATE.c **** /*******************************************************************************
 171:Generated_Source\PSoC4/GPRS_STATE.c **** * Function Name: GPRS_STATE_SetInterruptMode
 172:Generated_Source\PSoC4/GPRS_STATE.c **** ****************************************************************************//**
 173:Generated_Source\PSoC4/GPRS_STATE.c **** *
 174:Generated_Source\PSoC4/GPRS_STATE.c **** * \brief Configures the interrupt mode for each of the Pins component's
 175:Generated_Source\PSoC4/GPRS_STATE.c **** *  pins. Alternatively you may set the interrupt mode for all the pins
 176:Generated_Source\PSoC4/GPRS_STATE.c **** *  specified in the Pins component.
 177:Generated_Source\PSoC4/GPRS_STATE.c **** *
 178:Generated_Source\PSoC4/GPRS_STATE.c **** *  <b>Note</b> The interrupt is port-wide and therefore any enabled pin
 179:Generated_Source\PSoC4/GPRS_STATE.c **** *  interrupt may trigger it.
 180:Generated_Source\PSoC4/GPRS_STATE.c **** *
 181:Generated_Source\PSoC4/GPRS_STATE.c **** * \param position
 182:Generated_Source\PSoC4/GPRS_STATE.c **** *  The pin position as listed in the Pins component. You may OR these to be 
 183:Generated_Source\PSoC4/GPRS_STATE.c **** *  able to configure the interrupt mode of multiple pins within a Pins 
 184:Generated_Source\PSoC4/GPRS_STATE.c **** *  component. Or you may use GPRS_STATE_INTR_ALL to configure the
 185:Generated_Source\PSoC4/GPRS_STATE.c **** *  interrupt mode of all the pins in the Pins component.       
 186:Generated_Source\PSoC4/GPRS_STATE.c **** *  - GPRS_STATE_0_INTR       (First pin in the list)
 187:Generated_Source\PSoC4/GPRS_STATE.c **** *  - GPRS_STATE_1_INTR       (Second pin in the list)
 188:Generated_Source\PSoC4/GPRS_STATE.c **** *  - ...
 189:Generated_Source\PSoC4/GPRS_STATE.c **** *  - GPRS_STATE_INTR_ALL     (All pins in Pins component)
ARM GAS  C:\Users\zhiantec\AppData\Local\Temp\ccp3vrI2.s 			page 7


 190:Generated_Source\PSoC4/GPRS_STATE.c **** *
 191:Generated_Source\PSoC4/GPRS_STATE.c **** * \param mode
 192:Generated_Source\PSoC4/GPRS_STATE.c **** *  Interrupt mode for the selected pins. Valid options are documented in
 193:Generated_Source\PSoC4/GPRS_STATE.c **** *  \ref intrMode.
 194:Generated_Source\PSoC4/GPRS_STATE.c **** *
 195:Generated_Source\PSoC4/GPRS_STATE.c **** * \return 
 196:Generated_Source\PSoC4/GPRS_STATE.c **** *  None
 197:Generated_Source\PSoC4/GPRS_STATE.c **** *  
 198:Generated_Source\PSoC4/GPRS_STATE.c **** * \sideeffect
 199:Generated_Source\PSoC4/GPRS_STATE.c **** *  It is recommended that the interrupt be disabled before calling this 
 200:Generated_Source\PSoC4/GPRS_STATE.c **** *  function to avoid unintended interrupt requests. Note that the interrupt
 201:Generated_Source\PSoC4/GPRS_STATE.c **** *  type is port wide, and therefore will trigger for any enabled pin on the 
 202:Generated_Source\PSoC4/GPRS_STATE.c **** *  port.
 203:Generated_Source\PSoC4/GPRS_STATE.c **** *
 204:Generated_Source\PSoC4/GPRS_STATE.c **** * \funcusage
 205:Generated_Source\PSoC4/GPRS_STATE.c **** *  \snippet GPRS_STATE_SUT.c usage_GPRS_STATE_SetInterruptMode
 206:Generated_Source\PSoC4/GPRS_STATE.c **** *******************************************************************************/
 207:Generated_Source\PSoC4/GPRS_STATE.c **** void GPRS_STATE_SetInterruptMode(uint16 position, uint16 mode)
 208:Generated_Source\PSoC4/GPRS_STATE.c **** {
 148              		.loc 1 208 0
 149              		.cfi_startproc
 150              	.LVL4:
 209:Generated_Source\PSoC4/GPRS_STATE.c ****     uint32 intrCfg;
 210:Generated_Source\PSoC4/GPRS_STATE.c ****     
 211:Generated_Source\PSoC4/GPRS_STATE.c ****     intrCfg =  GPRS_STATE_INTCFG & (uint32)(~(uint32)position);
 151              		.loc 1 211 0
 152 0000 034A     		ldr	r2, .L14
 212:Generated_Source\PSoC4/GPRS_STATE.c ****     GPRS_STATE_INTCFG = intrCfg | ((uint32)position & (uint32)mode);
 213:Generated_Source\PSoC4/GPRS_STATE.c **** }
 153              		.loc 1 213 0
 154              		@ sp needed
 211:Generated_Source\PSoC4/GPRS_STATE.c ****     GPRS_STATE_INTCFG = intrCfg | ((uint32)position & (uint32)mode);
 155              		.loc 1 211 0
 156 0002 1368     		ldr	r3, [r2]
 157              	.LVL5:
 158 0004 8343     		bic	r3, r0
 159              	.LVL6:
 212:Generated_Source\PSoC4/GPRS_STATE.c ****     GPRS_STATE_INTCFG = intrCfg | ((uint32)position & (uint32)mode);
 160              		.loc 1 212 0
 161 0006 0840     		and	r0, r1
 162              	.LVL7:
 163 0008 1843     		orr	r0, r3
 164 000a 1060     		str	r0, [r2]
 165              		.loc 1 213 0
 166 000c 7047     		bx	lr
 167              	.L15:
 168 000e C046     		.align	2
 169              	.L14:
 170 0010 0C010440 		.word	1074004236
 171              		.cfi_endproc
 172              	.LFE4:
 173              		.size	GPRS_STATE_SetInterruptMode, .-GPRS_STATE_SetInterruptMode
 174              		.section	.text.GPRS_STATE_ClearInterrupt,"ax",%progbits
 175              		.align	1
 176              		.global	GPRS_STATE_ClearInterrupt
 177              		.code	16
 178              		.thumb_func
ARM GAS  C:\Users\zhiantec\AppData\Local\Temp\ccp3vrI2.s 			page 8


 179              		.type	GPRS_STATE_ClearInterrupt, %function
 180              	GPRS_STATE_ClearInterrupt:
 181              	.LFB5:
 214:Generated_Source\PSoC4/GPRS_STATE.c **** 
 215:Generated_Source\PSoC4/GPRS_STATE.c **** 
 216:Generated_Source\PSoC4/GPRS_STATE.c **** /*******************************************************************************
 217:Generated_Source\PSoC4/GPRS_STATE.c **** * Function Name: GPRS_STATE_ClearInterrupt
 218:Generated_Source\PSoC4/GPRS_STATE.c **** ****************************************************************************//**
 219:Generated_Source\PSoC4/GPRS_STATE.c **** *
 220:Generated_Source\PSoC4/GPRS_STATE.c **** * \brief Clears any active interrupts attached with the component and returns 
 221:Generated_Source\PSoC4/GPRS_STATE.c **** *  the value of the interrupt status register allowing determination of which
 222:Generated_Source\PSoC4/GPRS_STATE.c **** *  pins generated an interrupt event.
 223:Generated_Source\PSoC4/GPRS_STATE.c **** *
 224:Generated_Source\PSoC4/GPRS_STATE.c **** * \return 
 225:Generated_Source\PSoC4/GPRS_STATE.c **** *  The right-shifted current value of the interrupt status register. Each pin 
 226:Generated_Source\PSoC4/GPRS_STATE.c **** *  has one bit set if it generated an interrupt event. For example, bit 0 is 
 227:Generated_Source\PSoC4/GPRS_STATE.c **** *  for pin 0 and bit 1 is for pin 1 of the Pins component.
 228:Generated_Source\PSoC4/GPRS_STATE.c **** *  
 229:Generated_Source\PSoC4/GPRS_STATE.c **** * \sideeffect
 230:Generated_Source\PSoC4/GPRS_STATE.c **** *  Clears all bits of the physical port's interrupt status register, not just
 231:Generated_Source\PSoC4/GPRS_STATE.c **** *  those associated with the Pins component.
 232:Generated_Source\PSoC4/GPRS_STATE.c **** *
 233:Generated_Source\PSoC4/GPRS_STATE.c **** * \funcusage
 234:Generated_Source\PSoC4/GPRS_STATE.c **** *  \snippet GPRS_STATE_SUT.c usage_GPRS_STATE_ClearInterrupt
 235:Generated_Source\PSoC4/GPRS_STATE.c **** *******************************************************************************/
 236:Generated_Source\PSoC4/GPRS_STATE.c **** uint8 GPRS_STATE_ClearInterrupt(void)
 237:Generated_Source\PSoC4/GPRS_STATE.c **** {
 182              		.loc 1 237 0
 183              		.cfi_startproc
 238:Generated_Source\PSoC4/GPRS_STATE.c **** 	uint8 maskedStatus = (uint8)(GPRS_STATE_INTSTAT & GPRS_STATE_MASK);
 184              		.loc 1 238 0
 185 0000 7F22     		mov	r2, #127
 186 0002 034B     		ldr	r3, .L17
 239:Generated_Source\PSoC4/GPRS_STATE.c **** 	GPRS_STATE_INTSTAT = maskedStatus;
 240:Generated_Source\PSoC4/GPRS_STATE.c ****     return maskedStatus >> GPRS_STATE_SHIFT;
 241:Generated_Source\PSoC4/GPRS_STATE.c **** }
 187              		.loc 1 241 0
 188              		@ sp needed
 238:Generated_Source\PSoC4/GPRS_STATE.c **** 	uint8 maskedStatus = (uint8)(GPRS_STATE_INTSTAT & GPRS_STATE_MASK);
 189              		.loc 1 238 0
 190 0004 1868     		ldr	r0, [r3]
 191 0006 9043     		bic	r0, r2
 192 0008 C0B2     		uxtb	r0, r0
 193              	.LVL8:
 239:Generated_Source\PSoC4/GPRS_STATE.c **** 	GPRS_STATE_INTSTAT = maskedStatus;
 194              		.loc 1 239 0
 195 000a 1860     		str	r0, [r3]
 240:Generated_Source\PSoC4/GPRS_STATE.c **** }
 196              		.loc 1 240 0
 197 000c C009     		lsr	r0, r0, #7
 198              	.LVL9:
 199              		.loc 1 241 0
 200 000e 7047     		bx	lr
 201              	.L18:
 202              		.align	2
 203              	.L17:
 204 0010 10010440 		.word	1074004240
ARM GAS  C:\Users\zhiantec\AppData\Local\Temp\ccp3vrI2.s 			page 9


 205              		.cfi_endproc
 206              	.LFE5:
 207              		.size	GPRS_STATE_ClearInterrupt, .-GPRS_STATE_ClearInterrupt
 208              		.text
 209              	.Letext0:
 210              		.file 2 "Generated_Source\\PSoC4\\cytypes.h"
 211              		.section	.debug_info,"",%progbits
 212              	.Ldebug_info0:
 213 0000 97010000 		.4byte	0x197
 214 0004 0400     		.2byte	0x4
 215 0006 00000000 		.4byte	.Ldebug_abbrev0
 216 000a 04       		.byte	0x4
 217 000b 01       		.uleb128 0x1
 218 000c 91000000 		.4byte	.LASF27
 219 0010 01       		.byte	0x1
 220 0011 69020000 		.4byte	.LASF28
 221 0015 00000000 		.4byte	.LASF29
 222 0019 00000000 		.4byte	.Ldebug_ranges0+0
 223 001d 00000000 		.4byte	0
 224 0021 00000000 		.4byte	.Ldebug_line0
 225 0025 02       		.uleb128 0x2
 226 0026 01       		.byte	0x1
 227 0027 06       		.byte	0x6
 228 0028 96020000 		.4byte	.LASF0
 229 002c 02       		.uleb128 0x2
 230 002d 01       		.byte	0x1
 231 002e 08       		.byte	0x8
 232 002f 58010000 		.4byte	.LASF1
 233 0033 02       		.uleb128 0x2
 234 0034 02       		.byte	0x2
 235 0035 05       		.byte	0x5
 236 0036 5F020000 		.4byte	.LASF2
 237 003a 02       		.uleb128 0x2
 238 003b 02       		.byte	0x2
 239 003c 07       		.byte	0x7
 240 003d 7E010000 		.4byte	.LASF3
 241 0041 02       		.uleb128 0x2
 242 0042 04       		.byte	0x4
 243 0043 05       		.byte	0x5
 244 0044 8D020000 		.4byte	.LASF4
 245 0048 02       		.uleb128 0x2
 246 0049 04       		.byte	0x4
 247 004a 07       		.byte	0x7
 248 004b 6C010000 		.4byte	.LASF5
 249 004f 02       		.uleb128 0x2
 250 0050 08       		.byte	0x8
 251 0051 05       		.byte	0x5
 252 0052 3F020000 		.4byte	.LASF6
 253 0056 02       		.uleb128 0x2
 254 0057 08       		.byte	0x8
 255 0058 07       		.byte	0x7
 256 0059 23020000 		.4byte	.LASF7
 257 005d 03       		.uleb128 0x3
 258 005e 04       		.byte	0x4
 259 005f 05       		.byte	0x5
 260 0060 696E7400 		.ascii	"int\000"
 261 0064 02       		.uleb128 0x2
ARM GAS  C:\Users\zhiantec\AppData\Local\Temp\ccp3vrI2.s 			page 10


 262 0065 04       		.byte	0x4
 263 0066 07       		.byte	0x7
 264 0067 16020000 		.4byte	.LASF8
 265 006b 04       		.uleb128 0x4
 266 006c 52010000 		.4byte	.LASF9
 267 0070 02       		.byte	0x2
 268 0071 B901     		.2byte	0x1b9
 269 0073 2C000000 		.4byte	0x2c
 270 0077 04       		.uleb128 0x4
 271 0078 DF010000 		.4byte	.LASF10
 272 007c 02       		.byte	0x2
 273 007d BA01     		.2byte	0x1ba
 274 007f 3A000000 		.4byte	0x3a
 275 0083 04       		.uleb128 0x4
 276 0084 07020000 		.4byte	.LASF11
 277 0088 02       		.byte	0x2
 278 0089 BB01     		.2byte	0x1bb
 279 008b 48000000 		.4byte	0x48
 280 008f 02       		.uleb128 0x2
 281 0090 04       		.byte	0x4
 282 0091 04       		.byte	0x4
 283 0092 3C010000 		.4byte	.LASF12
 284 0096 02       		.uleb128 0x2
 285 0097 08       		.byte	0x8
 286 0098 04       		.byte	0x4
 287 0099 D8010000 		.4byte	.LASF13
 288 009d 02       		.uleb128 0x2
 289 009e 01       		.byte	0x1
 290 009f 08       		.byte	0x8
 291 00a0 5A020000 		.4byte	.LASF14
 292 00a4 04       		.uleb128 0x4
 293 00a5 8B000000 		.4byte	.LASF15
 294 00a9 02       		.byte	0x2
 295 00aa 6502     		.2byte	0x265
 296 00ac B0000000 		.4byte	0xb0
 297 00b0 05       		.uleb128 0x5
 298 00b1 83000000 		.4byte	0x83
 299 00b5 06       		.uleb128 0x6
 300 00b6 E6010000 		.4byte	.LASF16
 301 00ba 01       		.byte	0x1
 302 00bb 48       		.byte	0x48
 303 00bc 00000000 		.4byte	.LFB0
 304 00c0 18000000 		.4byte	.LFE0-.LFB0
 305 00c4 01       		.uleb128 0x1
 306 00c5 9C       		.byte	0x9c
 307 00c6 DA000000 		.4byte	0xda
 308 00ca 07       		.uleb128 0x7
 309 00cb 3A020000 		.4byte	.LASF18
 310 00cf 01       		.byte	0x1
 311 00d0 48       		.byte	0x48
 312 00d1 6B000000 		.4byte	0x6b
 313 00d5 00000000 		.4byte	.LLST0
 314 00d9 00       		.byte	0
 315 00da 06       		.uleb128 0x6
 316 00db 91010000 		.4byte	.LASF17
 317 00df 01       		.byte	0x1
 318 00e0 6F       		.byte	0x6f
ARM GAS  C:\Users\zhiantec\AppData\Local\Temp\ccp3vrI2.s 			page 11


 319 00e1 00000000 		.4byte	.LFB1
 320 00e5 18000000 		.4byte	.LFE1-.LFB1
 321 00e9 01       		.uleb128 0x1
 322 00ea 9C       		.byte	0x9c
 323 00eb 0A010000 		.4byte	0x10a
 324 00ef 07       		.uleb128 0x7
 325 00f0 36010000 		.4byte	.LASF19
 326 00f4 01       		.byte	0x1
 327 00f5 6F       		.byte	0x6f
 328 00f6 6B000000 		.4byte	0x6b
 329 00fa 21000000 		.4byte	.LLST1
 330 00fe 08       		.uleb128 0x8
 331 00ff 66010000 		.4byte	.LASF30
 332 0103 01       		.byte	0x1
 333 0104 71       		.byte	0x71
 334 0105 6B000000 		.4byte	0x6b
 335 0109 00       		.byte	0
 336 010a 09       		.uleb128 0x9
 337 010b 42010000 		.4byte	.LASF20
 338 010f 01       		.byte	0x1
 339 0110 88       		.byte	0x88
 340 0111 6B000000 		.4byte	0x6b
 341 0115 00000000 		.4byte	.LFB2
 342 0119 10000000 		.4byte	.LFE2-.LFB2
 343 011d 01       		.uleb128 0x1
 344 011e 9C       		.byte	0x9c
 345 011f 09       		.uleb128 0x9
 346 0120 1F010000 		.4byte	.LASF21
 347 0124 01       		.byte	0x1
 348 0125 A4       		.byte	0xa4
 349 0126 6B000000 		.4byte	0x6b
 350 012a 00000000 		.4byte	.LFB3
 351 012e 10000000 		.4byte	.LFE3-.LFB3
 352 0132 01       		.uleb128 0x1
 353 0133 9C       		.byte	0x9c
 354 0134 06       		.uleb128 0x6
 355 0135 BC010000 		.4byte	.LASF22
 356 0139 01       		.byte	0x1
 357 013a CF       		.byte	0xcf
 358 013b 00000000 		.4byte	.LFB4
 359 013f 14000000 		.4byte	.LFE4-.LFB4
 360 0143 01       		.uleb128 0x1
 361 0144 9C       		.byte	0x9c
 362 0145 75010000 		.4byte	0x175
 363 0149 07       		.uleb128 0x7
 364 014a FE010000 		.4byte	.LASF23
 365 014e 01       		.byte	0x1
 366 014f CF       		.byte	0xcf
 367 0150 77000000 		.4byte	0x77
 368 0154 42000000 		.4byte	.LLST2
 369 0158 0A       		.uleb128 0xa
 370 0159 3A020000 		.4byte	.LASF18
 371 015d 01       		.byte	0x1
 372 015e CF       		.byte	0xcf
 373 015f 77000000 		.4byte	0x77
 374 0163 01       		.uleb128 0x1
 375 0164 51       		.byte	0x51
ARM GAS  C:\Users\zhiantec\AppData\Local\Temp\ccp3vrI2.s 			page 12


 376 0165 0B       		.uleb128 0xb
 377 0166 0E020000 		.4byte	.LASF25
 378 016a 01       		.byte	0x1
 379 016b D1       		.byte	0xd1
 380 016c 83000000 		.4byte	0x83
 381 0170 63000000 		.4byte	.LLST3
 382 0174 00       		.byte	0
 383 0175 0C       		.uleb128 0xc
 384 0176 A2010000 		.4byte	.LASF24
 385 017a 01       		.byte	0x1
 386 017b EC       		.byte	0xec
 387 017c 6B000000 		.4byte	0x6b
 388 0180 00000000 		.4byte	.LFB5
 389 0184 14000000 		.4byte	.LFE5-.LFB5
 390 0188 01       		.uleb128 0x1
 391 0189 9C       		.byte	0x9c
 392 018a 0B       		.uleb128 0xb
 393 018b 4D020000 		.4byte	.LASF26
 394 018f 01       		.byte	0x1
 395 0190 EE       		.byte	0xee
 396 0191 6B000000 		.4byte	0x6b
 397 0195 80000000 		.4byte	.LLST4
 398 0199 00       		.byte	0
 399 019a 00       		.byte	0
 400              		.section	.debug_abbrev,"",%progbits
 401              	.Ldebug_abbrev0:
 402 0000 01       		.uleb128 0x1
 403 0001 11       		.uleb128 0x11
 404 0002 01       		.byte	0x1
 405 0003 25       		.uleb128 0x25
 406 0004 0E       		.uleb128 0xe
 407 0005 13       		.uleb128 0x13
 408 0006 0B       		.uleb128 0xb
 409 0007 03       		.uleb128 0x3
 410 0008 0E       		.uleb128 0xe
 411 0009 1B       		.uleb128 0x1b
 412 000a 0E       		.uleb128 0xe
 413 000b 55       		.uleb128 0x55
 414 000c 17       		.uleb128 0x17
 415 000d 11       		.uleb128 0x11
 416 000e 01       		.uleb128 0x1
 417 000f 10       		.uleb128 0x10
 418 0010 17       		.uleb128 0x17
 419 0011 00       		.byte	0
 420 0012 00       		.byte	0
 421 0013 02       		.uleb128 0x2
 422 0014 24       		.uleb128 0x24
 423 0015 00       		.byte	0
 424 0016 0B       		.uleb128 0xb
 425 0017 0B       		.uleb128 0xb
 426 0018 3E       		.uleb128 0x3e
 427 0019 0B       		.uleb128 0xb
 428 001a 03       		.uleb128 0x3
 429 001b 0E       		.uleb128 0xe
 430 001c 00       		.byte	0
 431 001d 00       		.byte	0
 432 001e 03       		.uleb128 0x3
ARM GAS  C:\Users\zhiantec\AppData\Local\Temp\ccp3vrI2.s 			page 13


 433 001f 24       		.uleb128 0x24
 434 0020 00       		.byte	0
 435 0021 0B       		.uleb128 0xb
 436 0022 0B       		.uleb128 0xb
 437 0023 3E       		.uleb128 0x3e
 438 0024 0B       		.uleb128 0xb
 439 0025 03       		.uleb128 0x3
 440 0026 08       		.uleb128 0x8
 441 0027 00       		.byte	0
 442 0028 00       		.byte	0
 443 0029 04       		.uleb128 0x4
 444 002a 16       		.uleb128 0x16
 445 002b 00       		.byte	0
 446 002c 03       		.uleb128 0x3
 447 002d 0E       		.uleb128 0xe
 448 002e 3A       		.uleb128 0x3a
 449 002f 0B       		.uleb128 0xb
 450 0030 3B       		.uleb128 0x3b
 451 0031 05       		.uleb128 0x5
 452 0032 49       		.uleb128 0x49
 453 0033 13       		.uleb128 0x13
 454 0034 00       		.byte	0
 455 0035 00       		.byte	0
 456 0036 05       		.uleb128 0x5
 457 0037 35       		.uleb128 0x35
 458 0038 00       		.byte	0
 459 0039 49       		.uleb128 0x49
 460 003a 13       		.uleb128 0x13
 461 003b 00       		.byte	0
 462 003c 00       		.byte	0
 463 003d 06       		.uleb128 0x6
 464 003e 2E       		.uleb128 0x2e
 465 003f 01       		.byte	0x1
 466 0040 3F       		.uleb128 0x3f
 467 0041 19       		.uleb128 0x19
 468 0042 03       		.uleb128 0x3
 469 0043 0E       		.uleb128 0xe
 470 0044 3A       		.uleb128 0x3a
 471 0045 0B       		.uleb128 0xb
 472 0046 3B       		.uleb128 0x3b
 473 0047 0B       		.uleb128 0xb
 474 0048 27       		.uleb128 0x27
 475 0049 19       		.uleb128 0x19
 476 004a 11       		.uleb128 0x11
 477 004b 01       		.uleb128 0x1
 478 004c 12       		.uleb128 0x12
 479 004d 06       		.uleb128 0x6
 480 004e 40       		.uleb128 0x40
 481 004f 18       		.uleb128 0x18
 482 0050 9742     		.uleb128 0x2117
 483 0052 19       		.uleb128 0x19
 484 0053 01       		.uleb128 0x1
 485 0054 13       		.uleb128 0x13
 486 0055 00       		.byte	0
 487 0056 00       		.byte	0
 488 0057 07       		.uleb128 0x7
 489 0058 05       		.uleb128 0x5
ARM GAS  C:\Users\zhiantec\AppData\Local\Temp\ccp3vrI2.s 			page 14


 490 0059 00       		.byte	0
 491 005a 03       		.uleb128 0x3
 492 005b 0E       		.uleb128 0xe
 493 005c 3A       		.uleb128 0x3a
 494 005d 0B       		.uleb128 0xb
 495 005e 3B       		.uleb128 0x3b
 496 005f 0B       		.uleb128 0xb
 497 0060 49       		.uleb128 0x49
 498 0061 13       		.uleb128 0x13
 499 0062 02       		.uleb128 0x2
 500 0063 17       		.uleb128 0x17
 501 0064 00       		.byte	0
 502 0065 00       		.byte	0
 503 0066 08       		.uleb128 0x8
 504 0067 34       		.uleb128 0x34
 505 0068 00       		.byte	0
 506 0069 03       		.uleb128 0x3
 507 006a 0E       		.uleb128 0xe
 508 006b 3A       		.uleb128 0x3a
 509 006c 0B       		.uleb128 0xb
 510 006d 3B       		.uleb128 0x3b
 511 006e 0B       		.uleb128 0xb
 512 006f 49       		.uleb128 0x49
 513 0070 13       		.uleb128 0x13
 514 0071 00       		.byte	0
 515 0072 00       		.byte	0
 516 0073 09       		.uleb128 0x9
 517 0074 2E       		.uleb128 0x2e
 518 0075 00       		.byte	0
 519 0076 3F       		.uleb128 0x3f
 520 0077 19       		.uleb128 0x19
 521 0078 03       		.uleb128 0x3
 522 0079 0E       		.uleb128 0xe
 523 007a 3A       		.uleb128 0x3a
 524 007b 0B       		.uleb128 0xb
 525 007c 3B       		.uleb128 0x3b
 526 007d 0B       		.uleb128 0xb
 527 007e 27       		.uleb128 0x27
 528 007f 19       		.uleb128 0x19
 529 0080 49       		.uleb128 0x49
 530 0081 13       		.uleb128 0x13
 531 0082 11       		.uleb128 0x11
 532 0083 01       		.uleb128 0x1
 533 0084 12       		.uleb128 0x12
 534 0085 06       		.uleb128 0x6
 535 0086 40       		.uleb128 0x40
 536 0087 18       		.uleb128 0x18
 537 0088 9742     		.uleb128 0x2117
 538 008a 19       		.uleb128 0x19
 539 008b 00       		.byte	0
 540 008c 00       		.byte	0
 541 008d 0A       		.uleb128 0xa
 542 008e 05       		.uleb128 0x5
 543 008f 00       		.byte	0
 544 0090 03       		.uleb128 0x3
 545 0091 0E       		.uleb128 0xe
 546 0092 3A       		.uleb128 0x3a
ARM GAS  C:\Users\zhiantec\AppData\Local\Temp\ccp3vrI2.s 			page 15


 547 0093 0B       		.uleb128 0xb
 548 0094 3B       		.uleb128 0x3b
 549 0095 0B       		.uleb128 0xb
 550 0096 49       		.uleb128 0x49
 551 0097 13       		.uleb128 0x13
 552 0098 02       		.uleb128 0x2
 553 0099 18       		.uleb128 0x18
 554 009a 00       		.byte	0
 555 009b 00       		.byte	0
 556 009c 0B       		.uleb128 0xb
 557 009d 34       		.uleb128 0x34
 558 009e 00       		.byte	0
 559 009f 03       		.uleb128 0x3
 560 00a0 0E       		.uleb128 0xe
 561 00a1 3A       		.uleb128 0x3a
 562 00a2 0B       		.uleb128 0xb
 563 00a3 3B       		.uleb128 0x3b
 564 00a4 0B       		.uleb128 0xb
 565 00a5 49       		.uleb128 0x49
 566 00a6 13       		.uleb128 0x13
 567 00a7 02       		.uleb128 0x2
 568 00a8 17       		.uleb128 0x17
 569 00a9 00       		.byte	0
 570 00aa 00       		.byte	0
 571 00ab 0C       		.uleb128 0xc
 572 00ac 2E       		.uleb128 0x2e
 573 00ad 01       		.byte	0x1
 574 00ae 3F       		.uleb128 0x3f
 575 00af 19       		.uleb128 0x19
 576 00b0 03       		.uleb128 0x3
 577 00b1 0E       		.uleb128 0xe
 578 00b2 3A       		.uleb128 0x3a
 579 00b3 0B       		.uleb128 0xb
 580 00b4 3B       		.uleb128 0x3b
 581 00b5 0B       		.uleb128 0xb
 582 00b6 27       		.uleb128 0x27
 583 00b7 19       		.uleb128 0x19
 584 00b8 49       		.uleb128 0x49
 585 00b9 13       		.uleb128 0x13
 586 00ba 11       		.uleb128 0x11
 587 00bb 01       		.uleb128 0x1
 588 00bc 12       		.uleb128 0x12
 589 00bd 06       		.uleb128 0x6
 590 00be 40       		.uleb128 0x40
 591 00bf 18       		.uleb128 0x18
 592 00c0 9742     		.uleb128 0x2117
 593 00c2 19       		.uleb128 0x19
 594 00c3 00       		.byte	0
 595 00c4 00       		.byte	0
 596 00c5 00       		.byte	0
 597              		.section	.debug_loc,"",%progbits
 598              	.Ldebug_loc0:
 599              	.LLST0:
 600 0000 00000000 		.4byte	.LVL0
 601 0004 08000000 		.4byte	.LVL1
 602 0008 0100     		.2byte	0x1
 603 000a 50       		.byte	0x50
ARM GAS  C:\Users\zhiantec\AppData\Local\Temp\ccp3vrI2.s 			page 16


 604 000b 08000000 		.4byte	.LVL1
 605 000f 18000000 		.4byte	.LFE0
 606 0013 0400     		.2byte	0x4
 607 0015 F3       		.byte	0xf3
 608 0016 01       		.uleb128 0x1
 609 0017 50       		.byte	0x50
 610 0018 9F       		.byte	0x9f
 611 0019 00000000 		.4byte	0
 612 001d 00000000 		.4byte	0
 613              	.LLST1:
 614 0021 00000000 		.4byte	.LVL2
 615 0025 06000000 		.4byte	.LVL3
 616 0029 0100     		.2byte	0x1
 617 002b 50       		.byte	0x50
 618 002c 06000000 		.4byte	.LVL3
 619 0030 18000000 		.4byte	.LFE1
 620 0034 0400     		.2byte	0x4
 621 0036 F3       		.byte	0xf3
 622 0037 01       		.uleb128 0x1
 623 0038 50       		.byte	0x50
 624 0039 9F       		.byte	0x9f
 625 003a 00000000 		.4byte	0
 626 003e 00000000 		.4byte	0
 627              	.LLST2:
 628 0042 00000000 		.4byte	.LVL4
 629 0046 08000000 		.4byte	.LVL7
 630 004a 0100     		.2byte	0x1
 631 004c 50       		.byte	0x50
 632 004d 08000000 		.4byte	.LVL7
 633 0051 14000000 		.4byte	.LFE4
 634 0055 0400     		.2byte	0x4
 635 0057 F3       		.byte	0xf3
 636 0058 01       		.uleb128 0x1
 637 0059 50       		.byte	0x50
 638 005a 9F       		.byte	0x9f
 639 005b 00000000 		.4byte	0
 640 005f 00000000 		.4byte	0
 641              	.LLST3:
 642 0063 04000000 		.4byte	.LVL5
 643 0067 06000000 		.4byte	.LVL6
 644 006b 0B00     		.2byte	0xb
 645 006d 70       		.byte	0x70
 646 006e 00       		.sleb128 0
 647 006f 0A       		.byte	0xa
 648 0070 FFFF     		.2byte	0xffff
 649 0072 1A       		.byte	0x1a
 650 0073 20       		.byte	0x20
 651 0074 73       		.byte	0x73
 652 0075 00       		.sleb128 0
 653 0076 1A       		.byte	0x1a
 654 0077 9F       		.byte	0x9f
 655 0078 00000000 		.4byte	0
 656 007c 00000000 		.4byte	0
 657              	.LLST4:
 658 0080 0A000000 		.4byte	.LVL8
 659 0084 0E000000 		.4byte	.LVL9
 660 0088 0100     		.2byte	0x1
ARM GAS  C:\Users\zhiantec\AppData\Local\Temp\ccp3vrI2.s 			page 17


 661 008a 50       		.byte	0x50
 662 008b 0E000000 		.4byte	.LVL9
 663 008f 14000000 		.4byte	.LFE5
 664 0093 0400     		.2byte	0x4
 665 0095 73       		.byte	0x73
 666 0096 00       		.sleb128 0
 667 0097 06       		.byte	0x6
 668 0098 9F       		.byte	0x9f
 669 0099 00000000 		.4byte	0
 670 009d 00000000 		.4byte	0
 671              		.section	.debug_aranges,"",%progbits
 672 0000 44000000 		.4byte	0x44
 673 0004 0200     		.2byte	0x2
 674 0006 00000000 		.4byte	.Ldebug_info0
 675 000a 04       		.byte	0x4
 676 000b 00       		.byte	0
 677 000c 0000     		.2byte	0
 678 000e 0000     		.2byte	0
 679 0010 00000000 		.4byte	.LFB0
 680 0014 18000000 		.4byte	.LFE0-.LFB0
 681 0018 00000000 		.4byte	.LFB1
 682 001c 18000000 		.4byte	.LFE1-.LFB1
 683 0020 00000000 		.4byte	.LFB2
 684 0024 10000000 		.4byte	.LFE2-.LFB2
 685 0028 00000000 		.4byte	.LFB3
 686 002c 10000000 		.4byte	.LFE3-.LFB3
 687 0030 00000000 		.4byte	.LFB4
 688 0034 14000000 		.4byte	.LFE4-.LFB4
 689 0038 00000000 		.4byte	.LFB5
 690 003c 14000000 		.4byte	.LFE5-.LFB5
 691 0040 00000000 		.4byte	0
 692 0044 00000000 		.4byte	0
 693              		.section	.debug_ranges,"",%progbits
 694              	.Ldebug_ranges0:
 695 0000 00000000 		.4byte	.LFB0
 696 0004 18000000 		.4byte	.LFE0
 697 0008 00000000 		.4byte	.LFB1
 698 000c 18000000 		.4byte	.LFE1
 699 0010 00000000 		.4byte	.LFB2
 700 0014 10000000 		.4byte	.LFE2
 701 0018 00000000 		.4byte	.LFB3
 702 001c 10000000 		.4byte	.LFE3
 703 0020 00000000 		.4byte	.LFB4
 704 0024 14000000 		.4byte	.LFE4
 705 0028 00000000 		.4byte	.LFB5
 706 002c 14000000 		.4byte	.LFE5
 707 0030 00000000 		.4byte	0
 708 0034 00000000 		.4byte	0
 709              		.section	.debug_line,"",%progbits
 710              	.Ldebug_line0:
 711 0000 CA000000 		.section	.debug_str,"MS",%progbits,1
 711      02004700 
 711      00000201 
 711      FB0E0D00 
 711      01010101 
 712              	.LASF29:
 713 0000 433A5C55 		.ascii	"C:\\Users\\zhiantec\\Documents\\Tencent Files\\1241"
ARM GAS  C:\Users\zhiantec\AppData\Local\Temp\ccp3vrI2.s 			page 18


 713      73657273 
 713      5C7A6869 
 713      616E7465 
 713      635C446F 
 714 002e 39333938 		.ascii	"939835\\FileRecv\\MobileFile\\second_images[4-8]\\E"
 714      33355C46 
 714      696C6552 
 714      6563765C 
 714      4D6F6269 
 715 005d 6E747261 		.ascii	"ntranceGuard_171019-12.50\\EntranceGuard.cydsn\000"
 715      6E636547 
 715      75617264 
 715      5F313731 
 715      3031392D 
 716              	.LASF15:
 717 008b 72656733 		.ascii	"reg32\000"
 717      3200
 718              	.LASF27:
 719 0091 474E5520 		.ascii	"GNU C 4.9.3 20150303 (release) [ARM/embedded-4_9-br"
 719      4320342E 
 719      392E3320 
 719      32303135 
 719      30333033 
 720 00c4 616E6368 		.ascii	"anch revision 221220] -mcpu=cortex-m0 -mthumb -g -O"
 720      20726576 
 720      6973696F 
 720      6E203232 
 720      31323230 
 721 00f7 73202D66 		.ascii	"s -ffunction-sections -ffat-lto-objects\000"
 721      66756E63 
 721      74696F6E 
 721      2D736563 
 721      74696F6E 
 722              	.LASF21:
 723 011f 47505253 		.ascii	"GPRS_STATE_ReadDataReg\000"
 723      5F535441 
 723      54455F52 
 723      65616444 
 723      61746152 
 724              	.LASF19:
 725 0136 76616C75 		.ascii	"value\000"
 725      6500
 726              	.LASF12:
 727 013c 666C6F61 		.ascii	"float\000"
 727      7400
 728              	.LASF20:
 729 0142 47505253 		.ascii	"GPRS_STATE_Read\000"
 729      5F535441 
 729      54455F52 
 729      65616400 
 730              	.LASF9:
 731 0152 75696E74 		.ascii	"uint8\000"
 731      3800
 732              	.LASF1:
 733 0158 756E7369 		.ascii	"unsigned char\000"
 733      676E6564 
 733      20636861 
ARM GAS  C:\Users\zhiantec\AppData\Local\Temp\ccp3vrI2.s 			page 19


 733      7200
 734              	.LASF30:
 735 0166 64725661 		.ascii	"drVal\000"
 735      6C00
 736              	.LASF5:
 737 016c 6C6F6E67 		.ascii	"long unsigned int\000"
 737      20756E73 
 737      69676E65 
 737      6420696E 
 737      7400
 738              	.LASF3:
 739 017e 73686F72 		.ascii	"short unsigned int\000"
 739      7420756E 
 739      7369676E 
 739      65642069 
 739      6E7400
 740              	.LASF17:
 741 0191 47505253 		.ascii	"GPRS_STATE_Write\000"
 741      5F535441 
 741      54455F57 
 741      72697465 
 741      00
 742              	.LASF24:
 743 01a2 47505253 		.ascii	"GPRS_STATE_ClearInterrupt\000"
 743      5F535441 
 743      54455F43 
 743      6C656172 
 743      496E7465 
 744              	.LASF22:
 745 01bc 47505253 		.ascii	"GPRS_STATE_SetInterruptMode\000"
 745      5F535441 
 745      54455F53 
 745      6574496E 
 745      74657272 
 746              	.LASF13:
 747 01d8 646F7562 		.ascii	"double\000"
 747      6C6500
 748              	.LASF10:
 749 01df 75696E74 		.ascii	"uint16\000"
 749      313600
 750              	.LASF16:
 751 01e6 47505253 		.ascii	"GPRS_STATE_SetDriveMode\000"
 751      5F535441 
 751      54455F53 
 751      65744472 
 751      6976654D 
 752              	.LASF23:
 753 01fe 706F7369 		.ascii	"position\000"
 753      74696F6E 
 753      00
 754              	.LASF11:
 755 0207 75696E74 		.ascii	"uint32\000"
 755      333200
 756              	.LASF25:
 757 020e 696E7472 		.ascii	"intrCfg\000"
 757      43666700 
 758              	.LASF8:
ARM GAS  C:\Users\zhiantec\AppData\Local\Temp\ccp3vrI2.s 			page 20


 759 0216 756E7369 		.ascii	"unsigned int\000"
 759      676E6564 
 759      20696E74 
 759      00
 760              	.LASF7:
 761 0223 6C6F6E67 		.ascii	"long long unsigned int\000"
 761      206C6F6E 
 761      6720756E 
 761      7369676E 
 761      65642069 
 762              	.LASF18:
 763 023a 6D6F6465 		.ascii	"mode\000"
 763      00
 764              	.LASF6:
 765 023f 6C6F6E67 		.ascii	"long long int\000"
 765      206C6F6E 
 765      6720696E 
 765      7400
 766              	.LASF26:
 767 024d 6D61736B 		.ascii	"maskedStatus\000"
 767      65645374 
 767      61747573 
 767      00
 768              	.LASF14:
 769 025a 63686172 		.ascii	"char\000"
 769      00
 770              	.LASF2:
 771 025f 73686F72 		.ascii	"short int\000"
 771      7420696E 
 771      7400
 772              	.LASF28:
 773 0269 47656E65 		.ascii	"Generated_Source\\PSoC4\\GPRS_STATE.c\000"
 773      72617465 
 773      645F536F 
 773      75726365 
 773      5C50536F 
 774              	.LASF4:
 775 028d 6C6F6E67 		.ascii	"long int\000"
 775      20696E74 
 775      00
 776              	.LASF0:
 777 0296 7369676E 		.ascii	"signed char\000"
 777      65642063 
 777      68617200 
 778              		.ident	"GCC: (GNU Tools for ARM Embedded Processors) 4.9.3 20150303 (release) [ARM/embedded-4_9-br
