ARM GAS  C:\Users\Administrator\AppData\Local\Temp\ccRw9dYt.s 			page 1


   1              		.cpu cortex-m0
   2              		.fpu softvfp
   3              		.eabi_attribute 20, 1
   4              		.eabi_attribute 21, 1
   5              		.eabi_attribute 23, 3
   6              		.eabi_attribute 24, 1
   7              		.eabi_attribute 25, 1
   8              		.eabi_attribute 26, 1
   9              		.eabi_attribute 30, 4
  10              		.eabi_attribute 34, 0
  11              		.eabi_attribute 18, 4
  12              		.code	16
  13              		.file	"isr.c"
  14              		.text
  15              	.Ltext0:
  16              		.cfi_sections	.debug_frame
  17              		.section	.text.WDT_Interrupt,"ax",%progbits
  18              		.align	1
  19              		.global	WDT_Interrupt
  20              		.code	16
  21              		.thumb_func
  22              		.type	WDT_Interrupt, %function
  23              	WDT_Interrupt:
  24              	.LFB63:
  25              		.file 1 "Code\\UserApp\\isr.c"
   1:Code\UserApp/isr.c **** //*************************************************************************************************
   2:Code\UserApp/isr.c **** // File name		: isr.c
   3:Code\UserApp/isr.c **** // Description		: 中断服务的相关信息
   4:Code\UserApp/isr.c **** // Author			: Keno
   5:Code\UserApp/isr.c **** // Date				: 2016.8.8
   6:Code\UserApp/isr.c **** // Version			: V02
   7:Code\UserApp/isr.c **** //-------------------------------------------------------------------------------------------------
   8:Code\UserApp/isr.c **** // Info				: 
   9:Code\UserApp/isr.c **** //*************************************************************************************************
  10:Code\UserApp/isr.c **** #include "isr.h"
  11:Code\UserApp/isr.c **** 
  12:Code\UserApp/isr.c **** 
  13:Code\UserApp/isr.c **** 
  14:Code\UserApp/isr.c **** //*************************************************************************************************
  15:Code\UserApp/isr.c **** // Function name	: WDT_Interrupt
  16:Code\UserApp/isr.c **** // Description		: 看门狗中断
  17:Code\UserApp/isr.c **** // Parameter		: none
  18:Code\UserApp/isr.c **** // Return			: none
  19:Code\UserApp/isr.c **** //-------------------------------------------------------------------------------------------------
  20:Code\UserApp/isr.c **** // Info				: 
  21:Code\UserApp/isr.c **** //*************************************************************************************************
  22:Code\UserApp/isr.c **** CY_ISR(WDT_Interrupt)
  23:Code\UserApp/isr.c **** {
  26              		.loc 1 23 0
  27              		.cfi_startproc
  28 0000 08B5     		push	{r3, lr}
  29              		.cfi_def_cfa_offset 8
  30              		.cfi_offset 3, -8
  31              		.cfi_offset 14, -4
  24:Code\UserApp/isr.c **** 	if (CySysWdtGetInterruptSource() & CY_SYS_WDT_COUNTER0_INT)
  32              		.loc 1 24 0
  33 0002 FFF7FEFF 		bl	CySysWdtGetInterruptSource
ARM GAS  C:\Users\Administrator\AppData\Local\Temp\ccRw9dYt.s 			page 2


  34              	.LVL0:
  35 0006 0423     		mov	r3, #4
  36 0008 1842     		tst	r0, r3
  37 000a 06D0     		beq	.L1
  25:Code\UserApp/isr.c **** 	{
  26:Code\UserApp/isr.c **** 		/* Clear interrupts state */
  27:Code\UserApp/isr.c **** 		CySysWdtClearInterrupt(CY_SYS_WDT_COUNTER0_INT);
  38              		.loc 1 27 0
  39 000c 181C     		mov	r0, r3
  40 000e FFF7FEFF 		bl	CySysWdtClearInterrupt
  41              	.LVL1:
  28:Code\UserApp/isr.c ****     	WDT_ISR_ClearPending();
  42              		.loc 1 28 0
  43 0012 FFF7FEFF 		bl	WDT_ISR_ClearPending
  44              	.LVL2:
  29:Code\UserApp/isr.c **** 		RTC_Update();
  45              		.loc 1 29 0
  46 0016 FFF7FEFF 		bl	RTC_Update
  47              	.LVL3:
  48              	.L1:
  30:Code\UserApp/isr.c **** 	}
  31:Code\UserApp/isr.c **** }
  49              		.loc 1 31 0
  50              		@ sp needed
  51 001a 08BD     		pop	{r3, pc}
  52              		.cfi_endproc
  53              	.LFE63:
  54              		.size	WDT_Interrupt, .-WDT_Interrupt
  55              		.section	.text.SYSTICK_IRQ_INTERRUPT,"ax",%progbits
  56              		.align	1
  57              		.global	SYSTICK_IRQ_INTERRUPT
  58              		.code	16
  59              		.thumb_func
  60              		.type	SYSTICK_IRQ_INTERRUPT, %function
  61              	SYSTICK_IRQ_INTERRUPT:
  62              	.LFB64:
  32:Code\UserApp/isr.c **** 
  33:Code\UserApp/isr.c **** //*************************************************************************************************
  34:Code\UserApp/isr.c **** // Function name	: SYSTICK_IRQ_INTERRUPT
  35:Code\UserApp/isr.c **** // Description		: SYSTICK定时器中断的服务函数
  36:Code\UserApp/isr.c **** // Parameter		: none
  37:Code\UserApp/isr.c **** // Return			: none
  38:Code\UserApp/isr.c **** //-------------------------------------------------------------------------------------------------
  39:Code\UserApp/isr.c **** // Info				: 1ms进入中断一次
  40:Code\UserApp/isr.c **** //*************************************************************************************************
  41:Code\UserApp/isr.c **** CY_ISR(SYSTICK_IRQ_INTERRUPT)
  42:Code\UserApp/isr.c **** {
  63              		.loc 1 42 0
  64              		.cfi_startproc
  43:Code\UserApp/isr.c **** 
  44:Code\UserApp/isr.c **** }
  65              		.loc 1 44 0
  66              		@ sp needed
  67 0000 7047     		bx	lr
  68              		.cfi_endproc
  69              	.LFE64:
  70              		.size	SYSTICK_IRQ_INTERRUPT, .-SYSTICK_IRQ_INTERRUPT
ARM GAS  C:\Users\Administrator\AppData\Local\Temp\ccRw9dYt.s 			page 3


  71              		.section	.text.Timer_InterruptHandler,"ax",%progbits
  72              		.align	1
  73              		.global	Timer_InterruptHandler
  74              		.code	16
  75              		.thumb_func
  76              		.type	Timer_InterruptHandler, %function
  77              	Timer_InterruptHandler:
  78              	.LFB65:
  45:Code\UserApp/isr.c **** 
  46:Code\UserApp/isr.c **** //*************************************************************************************************
  47:Code\UserApp/isr.c **** // Function name	: Timer_InterruptHandler
  48:Code\UserApp/isr.c **** // Description		: 定时器中断的服务函数
  49:Code\UserApp/isr.c **** // Parameter		: none
  50:Code\UserApp/isr.c **** // Return			: none
  51:Code\UserApp/isr.c **** //-------------------------------------------------------------------------------------------------
  52:Code\UserApp/isr.c **** // Info				:
  53:Code\UserApp/isr.c **** //*************************************************************************************************
  54:Code\UserApp/isr.c **** CY_ISR(Timer_InterruptHandler)
  55:Code\UserApp/isr.c **** {
  79              		.loc 1 55 0
  80              		.cfi_startproc
  56:Code\UserApp/isr.c **** 	Timer_100ms_WriteCounter(1000);
  81              		.loc 1 56 0
  82 0000 FA20     		mov	r0, #250
  55:Code\UserApp/isr.c **** 	Timer_100ms_WriteCounter(1000);
  83              		.loc 1 55 0
  84 0002 08B5     		push	{r3, lr}
  85              		.cfi_def_cfa_offset 8
  86              		.cfi_offset 3, -8
  87              		.cfi_offset 14, -4
  88              		.loc 1 56 0
  89 0004 8000     		lsl	r0, r0, #2
  90 0006 FFF7FEFF 		bl	Timer_100ms_WriteCounter
  91              	.LVL4:
  57:Code\UserApp/isr.c **** 	Timer_100ms_ClearInterrupt(Timer_100ms__INTR_MASK_CC_MATCH);
  92              		.loc 1 57 0
  93 000a 0220     		mov	r0, #2
  94 000c FFF7FEFF 		bl	Timer_100ms_ClearInterrupt
  95              	.LVL5:
  58:Code\UserApp/isr.c **** 	WaitTimeOut();
  59:Code\UserApp/isr.c **** 	RecvTimeOut();
  60:Code\UserApp/isr.c **** 	UpdateTimeOut();
  61:Code\UserApp/isr.c **** 	BeepPlay_WaitTime();									// 蜂鸣器计时器								//
  62:Code\UserApp/isr.c ****     CardCheckTimeOut();
  63:Code\UserApp/isr.c **** }
  96              		.loc 1 63 0
  97              		@ sp needed
  58:Code\UserApp/isr.c **** 	WaitTimeOut();
  98              		.loc 1 58 0
  99 0010 FFF7FEFF 		bl	WaitTimeOut
 100              	.LVL6:
  59:Code\UserApp/isr.c **** 	UpdateTimeOut();
 101              		.loc 1 59 0
 102 0014 FFF7FEFF 		bl	RecvTimeOut
 103              	.LVL7:
  60:Code\UserApp/isr.c **** 	BeepPlay_WaitTime();									// 蜂鸣器计时器								//
 104              		.loc 1 60 0
ARM GAS  C:\Users\Administrator\AppData\Local\Temp\ccRw9dYt.s 			page 4


 105 0018 FFF7FEFF 		bl	UpdateTimeOut
 106              	.LVL8:
  61:Code\UserApp/isr.c ****     CardCheckTimeOut();
 107              		.loc 1 61 0
 108 001c FFF7FEFF 		bl	BeepPlay_WaitTime
 109              	.LVL9:
  62:Code\UserApp/isr.c **** }
 110              		.loc 1 62 0
 111 0020 FFF7FEFF 		bl	CardCheckTimeOut
 112              	.LVL10:
 113              		.loc 1 63 0
 114 0024 08BD     		pop	{r3, pc}
 115              		.cfi_endproc
 116              	.LFE65:
 117              		.size	Timer_InterruptHandler, .-Timer_InterruptHandler
 118              		.section	.text.RX_IRQ_INTERRUPT,"ax",%progbits
 119              		.align	1
 120              		.global	RX_IRQ_INTERRUPT
 121              		.code	16
 122              		.thumb_func
 123              		.type	RX_IRQ_INTERRUPT, %function
 124              	RX_IRQ_INTERRUPT:
 125              	.LFB66:
  64:Code\UserApp/isr.c **** 
  65:Code\UserApp/isr.c **** //*************************************************************************************************
  66:Code\UserApp/isr.c **** // Function name	: RX_IRQ_INTERRUPT
  67:Code\UserApp/isr.c **** // Description		: 串口中断的服务函数
  68:Code\UserApp/isr.c **** // Parameter		: none
  69:Code\UserApp/isr.c **** // Return			: none
  70:Code\UserApp/isr.c **** //-------------------------------------------------------------------------------------------------
  71:Code\UserApp/isr.c **** // Info				:
  72:Code\UserApp/isr.c **** //*************************************************************************************************
  73:Code\UserApp/isr.c **** CY_ISR(RX_IRQ_INTERRUPT)
  74:Code\UserApp/isr.c **** {
 126              		.loc 1 74 0
 127              		.cfi_startproc
 128 0000 08B5     		push	{r3, lr}
 129              		.cfi_def_cfa_offset 8
 130              		.cfi_offset 3, -8
 131              		.cfi_offset 14, -4
  75:Code\UserApp/isr.c **** 	#if 0 
  76:Code\UserApp/isr.c ****     uint8 i, rxData;
  77:Code\UserApp/isr.c **** 	uint32 qty;
  78:Code\UserApp/isr.c **** 	
  79:Code\UserApp/isr.c **** 	if (UART_433_GetRxInterruptSourceMasked() & UART_433_INTR_RX_NOT_EMPTY)
  80:Code\UserApp/isr.c **** 	{
  81:Code\UserApp/isr.c **** 		qty = UART_433_SpiUartGetRxBufferSize();
  82:Code\UserApp/isr.c **** 		for (i = 0; i < qty; i++)
  83:Code\UserApp/isr.c **** 		{
  84:Code\UserApp/isr.c **** 			rxData = UART_433_SpiUartReadRxData();
  85:Code\UserApp/isr.c **** 			Uart433Recv(rxData);
  86:Code\UserApp/isr.c **** 		}
  87:Code\UserApp/isr.c **** 	}
  88:Code\UserApp/isr.c ****     UART_433_SpiUartClearRxBuffer();
  89:Code\UserApp/isr.c **** 	#endif
  90:Code\UserApp/isr.c **** 	// 优化数据接收速率问题！ @chensq 03-07
  91:Code\UserApp/isr.c **** 	if (0u != UART_433_SpiUartGetRxBufferSize())
ARM GAS  C:\Users\Administrator\AppData\Local\Temp\ccRw9dYt.s 			page 5


 132              		.loc 1 91 0
 133 0002 FFF7FEFF 		bl	UART_433_SpiUartGetRxBufferSize
 134              	.LVL11:
 135 0006 0028     		cmp	r0, #0
 136 0008 04D0     		beq	.L10
  92:Code\UserApp/isr.c **** 	{
  93:Code\UserApp/isr.c **** 		Uart433Recv(UART_433_RX_FIFO_RD_REG);	
 137              		.loc 1 93 0
 138 000a 044B     		ldr	r3, .L14
 139 000c 1868     		ldr	r0, [r3]
 140 000e C0B2     		uxtb	r0, r0
 141 0010 FFF7FEFF 		bl	Uart433Recv
 142              	.LVL12:
 143              	.L10:
  94:Code\UserApp/isr.c **** 	}
  95:Code\UserApp/isr.c **** 		
  96:Code\UserApp/isr.c ****     UART_433_ClearRxInterruptSource(UART_433_INTR_RX_NOT_EMPTY);
 144              		.loc 1 96 0
 145 0014 0422     		mov	r2, #4
 146 0016 024B     		ldr	r3, .L14+4
  97:Code\UserApp/isr.c **** }
 147              		.loc 1 97 0
 148              		@ sp needed
  96:Code\UserApp/isr.c **** }
 149              		.loc 1 96 0
 150 0018 1A60     		str	r2, [r3]
 151              		.loc 1 97 0
 152 001a 08BD     		pop	{r3, pc}
 153              	.L15:
 154              		.align	2
 155              	.L14:
 156 001c 40032440 		.word	1076101952
 157 0020 C00F2440 		.word	1076105152
 158              		.cfi_endproc
 159              	.LFE66:
 160              		.size	RX_IRQ_INTERRUPT, .-RX_IRQ_INTERRUPT
 161              		.text
 162              	.Letext0:
 163              		.file 2 "Generated_Source\\PSoC4/cytypes.h"
 164              		.file 3 "Generated_Source\\PSoC4/WDT_ISR.h"
 165              		.file 4 "Generated_Source\\PSoC4/RTC.h"
 166              		.file 5 "Generated_Source\\PSoC4/CyLFClk.h"
 167              		.file 6 "Generated_Source\\PSoC4/Timer_100ms.h"
 168              		.file 7 "Code\\UserApp\\isr.h"
 169              		.file 8 ".\\Code\\UserApp\\Voice/voice.h"
 170              		.file 9 "Generated_Source\\PSoC4/UART_433_SPI_UART.h"
 171              		.file 10 ".\\Code\\Device\\GPRS/Uart433.h"
 172              		.section	.debug_info,"",%progbits
 173              	.Ldebug_info0:
 174 0000 20020000 		.4byte	0x220
 175 0004 0400     		.2byte	0x4
 176 0006 00000000 		.4byte	.Ldebug_abbrev0
 177 000a 04       		.byte	0x4
 178 000b 01       		.uleb128 0x1
 179 000c E1000000 		.4byte	.LASF31
 180 0010 01       		.byte	0x1
 181 0011 B3010000 		.4byte	.LASF32
ARM GAS  C:\Users\Administrator\AppData\Local\Temp\ccRw9dYt.s 			page 6


 182 0015 9A020000 		.4byte	.LASF33
 183 0019 00000000 		.4byte	.Ldebug_ranges0+0
 184 001d 00000000 		.4byte	0
 185 0021 00000000 		.4byte	.Ldebug_line0
 186 0025 02       		.uleb128 0x2
 187 0026 01       		.byte	0x1
 188 0027 06       		.byte	0x6
 189 0028 8E020000 		.4byte	.LASF0
 190 002c 02       		.uleb128 0x2
 191 002d 01       		.byte	0x1
 192 002e 08       		.byte	0x8
 193 002f 56000000 		.4byte	.LASF1
 194 0033 02       		.uleb128 0x2
 195 0034 02       		.byte	0x2
 196 0035 05       		.byte	0x5
 197 0036 40020000 		.4byte	.LASF2
 198 003a 02       		.uleb128 0x2
 199 003b 02       		.byte	0x2
 200 003c 07       		.byte	0x7
 201 003d 36000000 		.4byte	.LASF3
 202 0041 02       		.uleb128 0x2
 203 0042 04       		.byte	0x4
 204 0043 05       		.byte	0x5
 205 0044 5E020000 		.4byte	.LASF4
 206 0048 02       		.uleb128 0x2
 207 0049 04       		.byte	0x4
 208 004a 07       		.byte	0x7
 209 004b 6F010000 		.4byte	.LASF5
 210 004f 02       		.uleb128 0x2
 211 0050 08       		.byte	0x8
 212 0051 05       		.byte	0x5
 213 0052 17020000 		.4byte	.LASF6
 214 0056 02       		.uleb128 0x2
 215 0057 08       		.byte	0x8
 216 0058 07       		.byte	0x7
 217 0059 DA010000 		.4byte	.LASF7
 218 005d 03       		.uleb128 0x3
 219 005e 04       		.byte	0x4
 220 005f 05       		.byte	0x5
 221 0060 696E7400 		.ascii	"int\000"
 222 0064 02       		.uleb128 0x2
 223 0065 04       		.byte	0x4
 224 0066 07       		.byte	0x7
 225 0067 CD010000 		.4byte	.LASF8
 226 006b 04       		.uleb128 0x4
 227 006c 58020000 		.4byte	.LASF9
 228 0070 02       		.byte	0x2
 229 0071 B901     		.2byte	0x1b9
 230 0073 2C000000 		.4byte	0x2c
 231 0077 04       		.uleb128 0x4
 232 0078 C6010000 		.4byte	.LASF10
 233 007c 02       		.byte	0x2
 234 007d BB01     		.2byte	0x1bb
 235 007f 48000000 		.4byte	0x48
 236 0083 02       		.uleb128 0x2
 237 0084 04       		.byte	0x4
 238 0085 04       		.byte	0x4
ARM GAS  C:\Users\Administrator\AppData\Local\Temp\ccRw9dYt.s 			page 7


 239 0086 50000000 		.4byte	.LASF11
 240 008a 02       		.uleb128 0x2
 241 008b 08       		.byte	0x8
 242 008c 04       		.byte	0x4
 243 008d 49000000 		.4byte	.LASF12
 244 0091 02       		.uleb128 0x2
 245 0092 01       		.byte	0x1
 246 0093 08       		.byte	0x8
 247 0094 25020000 		.4byte	.LASF13
 248 0098 04       		.uleb128 0x4
 249 0099 67020000 		.4byte	.LASF14
 250 009d 02       		.byte	0x2
 251 009e 6502     		.2byte	0x265
 252 00a0 A4000000 		.4byte	0xa4
 253 00a4 05       		.uleb128 0x5
 254 00a5 77000000 		.4byte	0x77
 255 00a9 02       		.uleb128 0x2
 256 00aa 04       		.byte	0x4
 257 00ab 07       		.byte	0x7
 258 00ac F1010000 		.4byte	.LASF15
 259 00b0 06       		.uleb128 0x6
 260 00b1 4A020000 		.4byte	.LASF16
 261 00b5 01       		.byte	0x1
 262 00b6 16       		.byte	0x16
 263 00b7 00000000 		.4byte	.LFB63
 264 00bb 1C000000 		.4byte	.LFE63-.LFB63
 265 00bf 01       		.uleb128 0x1
 266 00c0 9C       		.byte	0x9c
 267 00c1 F4000000 		.4byte	0xf4
 268 00c5 07       		.uleb128 0x7
 269 00c6 06000000 		.4byte	.LVL0
 270 00ca 98010000 		.4byte	0x198
 271 00ce 08       		.uleb128 0x8
 272 00cf 12000000 		.4byte	.LVL1
 273 00d3 A3010000 		.4byte	0x1a3
 274 00d7 E1000000 		.4byte	0xe1
 275 00db 09       		.uleb128 0x9
 276 00dc 01       		.uleb128 0x1
 277 00dd 50       		.byte	0x50
 278 00de 01       		.uleb128 0x1
 279 00df 34       		.byte	0x34
 280 00e0 00       		.byte	0
 281 00e1 07       		.uleb128 0x7
 282 00e2 16000000 		.4byte	.LVL2
 283 00e6 B4010000 		.4byte	0x1b4
 284 00ea 07       		.uleb128 0x7
 285 00eb 1A000000 		.4byte	.LVL3
 286 00ef BB010000 		.4byte	0x1bb
 287 00f3 00       		.byte	0
 288 00f4 0A       		.uleb128 0xa
 289 00f5 2A020000 		.4byte	.LASF34
 290 00f9 01       		.byte	0x1
 291 00fa 29       		.byte	0x29
 292 00fb 00000000 		.4byte	.LFB64
 293 00ff 02000000 		.4byte	.LFE64-.LFB64
 294 0103 01       		.uleb128 0x1
 295 0104 9C       		.byte	0x9c
ARM GAS  C:\Users\Administrator\AppData\Local\Temp\ccRw9dYt.s 			page 8


 296 0105 06       		.uleb128 0x6
 297 0106 9C010000 		.4byte	.LASF17
 298 010a 01       		.byte	0x1
 299 010b 36       		.byte	0x36
 300 010c 00000000 		.4byte	.LFB65
 301 0110 26000000 		.4byte	.LFE65-.LFB65
 302 0114 01       		.uleb128 0x1
 303 0115 9C       		.byte	0x9c
 304 0116 70010000 		.4byte	0x170
 305 011a 08       		.uleb128 0x8
 306 011b 0A000000 		.4byte	.LVL4
 307 011f C3010000 		.4byte	0x1c3
 308 0123 2F010000 		.4byte	0x12f
 309 0127 09       		.uleb128 0x9
 310 0128 01       		.uleb128 0x1
 311 0129 50       		.byte	0x50
 312 012a 03       		.uleb128 0x3
 313 012b 0A       		.byte	0xa
 314 012c E803     		.2byte	0x3e8
 315 012e 00       		.byte	0
 316 012f 08       		.uleb128 0x8
 317 0130 10000000 		.4byte	.LVL5
 318 0134 D5010000 		.4byte	0x1d5
 319 0138 42010000 		.4byte	0x142
 320 013c 09       		.uleb128 0x9
 321 013d 01       		.uleb128 0x1
 322 013e 50       		.byte	0x50
 323 013f 01       		.uleb128 0x1
 324 0140 32       		.byte	0x32
 325 0141 00       		.byte	0
 326 0142 07       		.uleb128 0x7
 327 0143 14000000 		.4byte	.LVL6
 328 0147 E7010000 		.4byte	0x1e7
 329 014b 07       		.uleb128 0x7
 330 014c 18000000 		.4byte	.LVL7
 331 0150 EE010000 		.4byte	0x1ee
 332 0154 07       		.uleb128 0x7
 333 0155 1C000000 		.4byte	.LVL8
 334 0159 F5010000 		.4byte	0x1f5
 335 015d 07       		.uleb128 0x7
 336 015e 20000000 		.4byte	.LVL9
 337 0162 FC010000 		.4byte	0x1fc
 338 0166 07       		.uleb128 0x7
 339 0167 24000000 		.4byte	.LVL10
 340 016b 03020000 		.4byte	0x203
 341 016f 00       		.byte	0
 342 0170 06       		.uleb128 0x6
 343 0171 06020000 		.4byte	.LASF18
 344 0175 01       		.byte	0x1
 345 0176 49       		.byte	0x49
 346 0177 00000000 		.4byte	.LFB66
 347 017b 24000000 		.4byte	.LFE66-.LFB66
 348 017f 01       		.uleb128 0x1
 349 0180 9C       		.byte	0x9c
 350 0181 98010000 		.4byte	0x198
 351 0185 07       		.uleb128 0x7
 352 0186 06000000 		.4byte	.LVL11
ARM GAS  C:\Users\Administrator\AppData\Local\Temp\ccRw9dYt.s 			page 9


 353 018a 0A020000 		.4byte	0x20a
 354 018e 07       		.uleb128 0x7
 355 018f 14000000 		.4byte	.LVL12
 356 0193 16020000 		.4byte	0x216
 357 0197 00       		.byte	0
 358 0198 0B       		.uleb128 0xb
 359 0199 81010000 		.4byte	.LASF29
 360 019d 05       		.byte	0x5
 361 019e 75       		.byte	0x75
 362 019f 77000000 		.4byte	0x77
 363 01a3 0C       		.uleb128 0xc
 364 01a4 00000000 		.4byte	.LASF21
 365 01a8 05       		.byte	0x5
 366 01a9 76       		.byte	0x76
 367 01aa B4010000 		.4byte	0x1b4
 368 01ae 0D       		.uleb128 0xd
 369 01af 77000000 		.4byte	0x77
 370 01b3 00       		.byte	0
 371 01b4 0E       		.uleb128 0xe
 372 01b5 6D020000 		.4byte	.LASF19
 373 01b9 03       		.byte	0x3
 374 01ba 28       		.byte	0x28
 375 01bb 0F       		.uleb128 0xf
 376 01bc B8000000 		.4byte	.LASF20
 377 01c0 04       		.byte	0x4
 378 01c1 6701     		.2byte	0x167
 379 01c3 10       		.uleb128 0x10
 380 01c4 84000000 		.4byte	.LASF22
 381 01c8 06       		.byte	0x6
 382 01c9 4A01     		.2byte	0x14a
 383 01cb D5010000 		.4byte	0x1d5
 384 01cf 0D       		.uleb128 0xd
 385 01d0 77000000 		.4byte	0x77
 386 01d4 00       		.byte	0
 387 01d5 10       		.uleb128 0x10
 388 01d6 9D000000 		.4byte	.LASF23
 389 01da 06       		.byte	0x6
 390 01db 4701     		.2byte	0x147
 391 01dd E7010000 		.4byte	0x1e7
 392 01e1 0D       		.uleb128 0xd
 393 01e2 77000000 		.4byte	0x77
 394 01e6 00       		.byte	0
 395 01e7 0E       		.uleb128 0xe
 396 01e8 D5000000 		.4byte	.LASF24
 397 01ec 07       		.byte	0x7
 398 01ed 15       		.byte	0x15
 399 01ee 0E       		.uleb128 0xe
 400 01ef 82020000 		.4byte	.LASF25
 401 01f3 07       		.byte	0x7
 402 01f4 17       		.byte	0x17
 403 01f5 0E       		.uleb128 0xe
 404 01f6 17000000 		.4byte	.LASF26
 405 01fa 07       		.byte	0x7
 406 01fb 18       		.byte	0x18
 407 01fc 0E       		.uleb128 0xe
 408 01fd C3000000 		.4byte	.LASF27
 409 0201 08       		.byte	0x8
ARM GAS  C:\Users\Administrator\AppData\Local\Temp\ccRw9dYt.s 			page 10


 410 0202 26       		.byte	0x26
 411 0203 0E       		.uleb128 0xe
 412 0204 25000000 		.4byte	.LASF28
 413 0208 07       		.byte	0x7
 414 0209 16       		.byte	0x16
 415 020a 11       		.uleb128 0x11
 416 020b 64000000 		.4byte	.LASF30
 417 020f 09       		.byte	0x9
 418 0210 3403     		.2byte	0x334
 419 0212 77000000 		.4byte	0x77
 420 0216 12       		.uleb128 0x12
 421 0217 FA010000 		.4byte	.LASF35
 422 021b 0A       		.byte	0xa
 423 021c 2C       		.byte	0x2c
 424 021d 0D       		.uleb128 0xd
 425 021e 6B000000 		.4byte	0x6b
 426 0222 00       		.byte	0
 427 0223 00       		.byte	0
 428              		.section	.debug_abbrev,"",%progbits
 429              	.Ldebug_abbrev0:
 430 0000 01       		.uleb128 0x1
 431 0001 11       		.uleb128 0x11
 432 0002 01       		.byte	0x1
 433 0003 25       		.uleb128 0x25
 434 0004 0E       		.uleb128 0xe
 435 0005 13       		.uleb128 0x13
 436 0006 0B       		.uleb128 0xb
 437 0007 03       		.uleb128 0x3
 438 0008 0E       		.uleb128 0xe
 439 0009 1B       		.uleb128 0x1b
 440 000a 0E       		.uleb128 0xe
 441 000b 55       		.uleb128 0x55
 442 000c 17       		.uleb128 0x17
 443 000d 11       		.uleb128 0x11
 444 000e 01       		.uleb128 0x1
 445 000f 10       		.uleb128 0x10
 446 0010 17       		.uleb128 0x17
 447 0011 00       		.byte	0
 448 0012 00       		.byte	0
 449 0013 02       		.uleb128 0x2
 450 0014 24       		.uleb128 0x24
 451 0015 00       		.byte	0
 452 0016 0B       		.uleb128 0xb
 453 0017 0B       		.uleb128 0xb
 454 0018 3E       		.uleb128 0x3e
 455 0019 0B       		.uleb128 0xb
 456 001a 03       		.uleb128 0x3
 457 001b 0E       		.uleb128 0xe
 458 001c 00       		.byte	0
 459 001d 00       		.byte	0
 460 001e 03       		.uleb128 0x3
 461 001f 24       		.uleb128 0x24
 462 0020 00       		.byte	0
 463 0021 0B       		.uleb128 0xb
 464 0022 0B       		.uleb128 0xb
 465 0023 3E       		.uleb128 0x3e
 466 0024 0B       		.uleb128 0xb
ARM GAS  C:\Users\Administrator\AppData\Local\Temp\ccRw9dYt.s 			page 11


 467 0025 03       		.uleb128 0x3
 468 0026 08       		.uleb128 0x8
 469 0027 00       		.byte	0
 470 0028 00       		.byte	0
 471 0029 04       		.uleb128 0x4
 472 002a 16       		.uleb128 0x16
 473 002b 00       		.byte	0
 474 002c 03       		.uleb128 0x3
 475 002d 0E       		.uleb128 0xe
 476 002e 3A       		.uleb128 0x3a
 477 002f 0B       		.uleb128 0xb
 478 0030 3B       		.uleb128 0x3b
 479 0031 05       		.uleb128 0x5
 480 0032 49       		.uleb128 0x49
 481 0033 13       		.uleb128 0x13
 482 0034 00       		.byte	0
 483 0035 00       		.byte	0
 484 0036 05       		.uleb128 0x5
 485 0037 35       		.uleb128 0x35
 486 0038 00       		.byte	0
 487 0039 49       		.uleb128 0x49
 488 003a 13       		.uleb128 0x13
 489 003b 00       		.byte	0
 490 003c 00       		.byte	0
 491 003d 06       		.uleb128 0x6
 492 003e 2E       		.uleb128 0x2e
 493 003f 01       		.byte	0x1
 494 0040 3F       		.uleb128 0x3f
 495 0041 19       		.uleb128 0x19
 496 0042 03       		.uleb128 0x3
 497 0043 0E       		.uleb128 0xe
 498 0044 3A       		.uleb128 0x3a
 499 0045 0B       		.uleb128 0xb
 500 0046 3B       		.uleb128 0x3b
 501 0047 0B       		.uleb128 0xb
 502 0048 27       		.uleb128 0x27
 503 0049 19       		.uleb128 0x19
 504 004a 11       		.uleb128 0x11
 505 004b 01       		.uleb128 0x1
 506 004c 12       		.uleb128 0x12
 507 004d 06       		.uleb128 0x6
 508 004e 40       		.uleb128 0x40
 509 004f 18       		.uleb128 0x18
 510 0050 9742     		.uleb128 0x2117
 511 0052 19       		.uleb128 0x19
 512 0053 01       		.uleb128 0x1
 513 0054 13       		.uleb128 0x13
 514 0055 00       		.byte	0
 515 0056 00       		.byte	0
 516 0057 07       		.uleb128 0x7
 517 0058 898201   		.uleb128 0x4109
 518 005b 00       		.byte	0
 519 005c 11       		.uleb128 0x11
 520 005d 01       		.uleb128 0x1
 521 005e 31       		.uleb128 0x31
 522 005f 13       		.uleb128 0x13
 523 0060 00       		.byte	0
ARM GAS  C:\Users\Administrator\AppData\Local\Temp\ccRw9dYt.s 			page 12


 524 0061 00       		.byte	0
 525 0062 08       		.uleb128 0x8
 526 0063 898201   		.uleb128 0x4109
 527 0066 01       		.byte	0x1
 528 0067 11       		.uleb128 0x11
 529 0068 01       		.uleb128 0x1
 530 0069 31       		.uleb128 0x31
 531 006a 13       		.uleb128 0x13
 532 006b 01       		.uleb128 0x1
 533 006c 13       		.uleb128 0x13
 534 006d 00       		.byte	0
 535 006e 00       		.byte	0
 536 006f 09       		.uleb128 0x9
 537 0070 8A8201   		.uleb128 0x410a
 538 0073 00       		.byte	0
 539 0074 02       		.uleb128 0x2
 540 0075 18       		.uleb128 0x18
 541 0076 9142     		.uleb128 0x2111
 542 0078 18       		.uleb128 0x18
 543 0079 00       		.byte	0
 544 007a 00       		.byte	0
 545 007b 0A       		.uleb128 0xa
 546 007c 2E       		.uleb128 0x2e
 547 007d 00       		.byte	0
 548 007e 3F       		.uleb128 0x3f
 549 007f 19       		.uleb128 0x19
 550 0080 03       		.uleb128 0x3
 551 0081 0E       		.uleb128 0xe
 552 0082 3A       		.uleb128 0x3a
 553 0083 0B       		.uleb128 0xb
 554 0084 3B       		.uleb128 0x3b
 555 0085 0B       		.uleb128 0xb
 556 0086 27       		.uleb128 0x27
 557 0087 19       		.uleb128 0x19
 558 0088 11       		.uleb128 0x11
 559 0089 01       		.uleb128 0x1
 560 008a 12       		.uleb128 0x12
 561 008b 06       		.uleb128 0x6
 562 008c 40       		.uleb128 0x40
 563 008d 18       		.uleb128 0x18
 564 008e 9742     		.uleb128 0x2117
 565 0090 19       		.uleb128 0x19
 566 0091 00       		.byte	0
 567 0092 00       		.byte	0
 568 0093 0B       		.uleb128 0xb
 569 0094 2E       		.uleb128 0x2e
 570 0095 00       		.byte	0
 571 0096 3F       		.uleb128 0x3f
 572 0097 19       		.uleb128 0x19
 573 0098 03       		.uleb128 0x3
 574 0099 0E       		.uleb128 0xe
 575 009a 3A       		.uleb128 0x3a
 576 009b 0B       		.uleb128 0xb
 577 009c 3B       		.uleb128 0x3b
 578 009d 0B       		.uleb128 0xb
 579 009e 27       		.uleb128 0x27
 580 009f 19       		.uleb128 0x19
ARM GAS  C:\Users\Administrator\AppData\Local\Temp\ccRw9dYt.s 			page 13


 581 00a0 49       		.uleb128 0x49
 582 00a1 13       		.uleb128 0x13
 583 00a2 3C       		.uleb128 0x3c
 584 00a3 19       		.uleb128 0x19
 585 00a4 00       		.byte	0
 586 00a5 00       		.byte	0
 587 00a6 0C       		.uleb128 0xc
 588 00a7 2E       		.uleb128 0x2e
 589 00a8 01       		.byte	0x1
 590 00a9 3F       		.uleb128 0x3f
 591 00aa 19       		.uleb128 0x19
 592 00ab 03       		.uleb128 0x3
 593 00ac 0E       		.uleb128 0xe
 594 00ad 3A       		.uleb128 0x3a
 595 00ae 0B       		.uleb128 0xb
 596 00af 3B       		.uleb128 0x3b
 597 00b0 0B       		.uleb128 0xb
 598 00b1 27       		.uleb128 0x27
 599 00b2 19       		.uleb128 0x19
 600 00b3 3C       		.uleb128 0x3c
 601 00b4 19       		.uleb128 0x19
 602 00b5 01       		.uleb128 0x1
 603 00b6 13       		.uleb128 0x13
 604 00b7 00       		.byte	0
 605 00b8 00       		.byte	0
 606 00b9 0D       		.uleb128 0xd
 607 00ba 05       		.uleb128 0x5
 608 00bb 00       		.byte	0
 609 00bc 49       		.uleb128 0x49
 610 00bd 13       		.uleb128 0x13
 611 00be 00       		.byte	0
 612 00bf 00       		.byte	0
 613 00c0 0E       		.uleb128 0xe
 614 00c1 2E       		.uleb128 0x2e
 615 00c2 00       		.byte	0
 616 00c3 3F       		.uleb128 0x3f
 617 00c4 19       		.uleb128 0x19
 618 00c5 03       		.uleb128 0x3
 619 00c6 0E       		.uleb128 0xe
 620 00c7 3A       		.uleb128 0x3a
 621 00c8 0B       		.uleb128 0xb
 622 00c9 3B       		.uleb128 0x3b
 623 00ca 0B       		.uleb128 0xb
 624 00cb 27       		.uleb128 0x27
 625 00cc 19       		.uleb128 0x19
 626 00cd 3C       		.uleb128 0x3c
 627 00ce 19       		.uleb128 0x19
 628 00cf 00       		.byte	0
 629 00d0 00       		.byte	0
 630 00d1 0F       		.uleb128 0xf
 631 00d2 2E       		.uleb128 0x2e
 632 00d3 00       		.byte	0
 633 00d4 3F       		.uleb128 0x3f
 634 00d5 19       		.uleb128 0x19
 635 00d6 03       		.uleb128 0x3
 636 00d7 0E       		.uleb128 0xe
 637 00d8 3A       		.uleb128 0x3a
ARM GAS  C:\Users\Administrator\AppData\Local\Temp\ccRw9dYt.s 			page 14


 638 00d9 0B       		.uleb128 0xb
 639 00da 3B       		.uleb128 0x3b
 640 00db 05       		.uleb128 0x5
 641 00dc 27       		.uleb128 0x27
 642 00dd 19       		.uleb128 0x19
 643 00de 3C       		.uleb128 0x3c
 644 00df 19       		.uleb128 0x19
 645 00e0 00       		.byte	0
 646 00e1 00       		.byte	0
 647 00e2 10       		.uleb128 0x10
 648 00e3 2E       		.uleb128 0x2e
 649 00e4 01       		.byte	0x1
 650 00e5 3F       		.uleb128 0x3f
 651 00e6 19       		.uleb128 0x19
 652 00e7 03       		.uleb128 0x3
 653 00e8 0E       		.uleb128 0xe
 654 00e9 3A       		.uleb128 0x3a
 655 00ea 0B       		.uleb128 0xb
 656 00eb 3B       		.uleb128 0x3b
 657 00ec 05       		.uleb128 0x5
 658 00ed 27       		.uleb128 0x27
 659 00ee 19       		.uleb128 0x19
 660 00ef 3C       		.uleb128 0x3c
 661 00f0 19       		.uleb128 0x19
 662 00f1 01       		.uleb128 0x1
 663 00f2 13       		.uleb128 0x13
 664 00f3 00       		.byte	0
 665 00f4 00       		.byte	0
 666 00f5 11       		.uleb128 0x11
 667 00f6 2E       		.uleb128 0x2e
 668 00f7 00       		.byte	0
 669 00f8 3F       		.uleb128 0x3f
 670 00f9 19       		.uleb128 0x19
 671 00fa 03       		.uleb128 0x3
 672 00fb 0E       		.uleb128 0xe
 673 00fc 3A       		.uleb128 0x3a
 674 00fd 0B       		.uleb128 0xb
 675 00fe 3B       		.uleb128 0x3b
 676 00ff 05       		.uleb128 0x5
 677 0100 27       		.uleb128 0x27
 678 0101 19       		.uleb128 0x19
 679 0102 49       		.uleb128 0x49
 680 0103 13       		.uleb128 0x13
 681 0104 3C       		.uleb128 0x3c
 682 0105 19       		.uleb128 0x19
 683 0106 00       		.byte	0
 684 0107 00       		.byte	0
 685 0108 12       		.uleb128 0x12
 686 0109 2E       		.uleb128 0x2e
 687 010a 01       		.byte	0x1
 688 010b 3F       		.uleb128 0x3f
 689 010c 19       		.uleb128 0x19
 690 010d 03       		.uleb128 0x3
 691 010e 0E       		.uleb128 0xe
 692 010f 3A       		.uleb128 0x3a
 693 0110 0B       		.uleb128 0xb
 694 0111 3B       		.uleb128 0x3b
ARM GAS  C:\Users\Administrator\AppData\Local\Temp\ccRw9dYt.s 			page 15


 695 0112 0B       		.uleb128 0xb
 696 0113 27       		.uleb128 0x27
 697 0114 19       		.uleb128 0x19
 698 0115 3C       		.uleb128 0x3c
 699 0116 19       		.uleb128 0x19
 700 0117 00       		.byte	0
 701 0118 00       		.byte	0
 702 0119 00       		.byte	0
 703              		.section	.debug_aranges,"",%progbits
 704 0000 34000000 		.4byte	0x34
 705 0004 0200     		.2byte	0x2
 706 0006 00000000 		.4byte	.Ldebug_info0
 707 000a 04       		.byte	0x4
 708 000b 00       		.byte	0
 709 000c 0000     		.2byte	0
 710 000e 0000     		.2byte	0
 711 0010 00000000 		.4byte	.LFB63
 712 0014 1C000000 		.4byte	.LFE63-.LFB63
 713 0018 00000000 		.4byte	.LFB64
 714 001c 02000000 		.4byte	.LFE64-.LFB64
 715 0020 00000000 		.4byte	.LFB65
 716 0024 26000000 		.4byte	.LFE65-.LFB65
 717 0028 00000000 		.4byte	.LFB66
 718 002c 24000000 		.4byte	.LFE66-.LFB66
 719 0030 00000000 		.4byte	0
 720 0034 00000000 		.4byte	0
 721              		.section	.debug_ranges,"",%progbits
 722              	.Ldebug_ranges0:
 723 0000 00000000 		.4byte	.LFB63
 724 0004 1C000000 		.4byte	.LFE63
 725 0008 00000000 		.4byte	.LFB64
 726 000c 02000000 		.4byte	.LFE64
 727 0010 00000000 		.4byte	.LFB65
 728 0014 26000000 		.4byte	.LFE65
 729 0018 00000000 		.4byte	.LFB66
 730 001c 24000000 		.4byte	.LFE66
 731 0020 00000000 		.4byte	0
 732 0024 00000000 		.4byte	0
 733              		.section	.debug_line,"",%progbits
 734              	.Ldebug_line0:
 735 0000 3D010000 		.section	.debug_str,"MS",%progbits,1
 735      0200E100 
 735      00000201 
 735      FB0E0D00 
 735      01010101 
 736              	.LASF21:
 737 0000 43795379 		.ascii	"CySysWdtClearInterrupt\000"
 737      73576474 
 737      436C6561 
 737      72496E74 
 737      65727275 
 738              	.LASF26:
 739 0017 55706461 		.ascii	"UpdateTimeOut\000"
 739      74655469 
 739      6D654F75 
 739      7400
 740              	.LASF28:
ARM GAS  C:\Users\Administrator\AppData\Local\Temp\ccRw9dYt.s 			page 16


 741 0025 43617264 		.ascii	"CardCheckTimeOut\000"
 741      43686563 
 741      6B54696D 
 741      654F7574 
 741      00
 742              	.LASF3:
 743 0036 73686F72 		.ascii	"short unsigned int\000"
 743      7420756E 
 743      7369676E 
 743      65642069 
 743      6E7400
 744              	.LASF12:
 745 0049 646F7562 		.ascii	"double\000"
 745      6C6500
 746              	.LASF11:
 747 0050 666C6F61 		.ascii	"float\000"
 747      7400
 748              	.LASF1:
 749 0056 756E7369 		.ascii	"unsigned char\000"
 749      676E6564 
 749      20636861 
 749      7200
 750              	.LASF30:
 751 0064 55415254 		.ascii	"UART_433_SpiUartGetRxBufferSize\000"
 751      5F343333 
 751      5F537069 
 751      55617274 
 751      47657452 
 752              	.LASF22:
 753 0084 54696D65 		.ascii	"Timer_100ms_WriteCounter\000"
 753      725F3130 
 753      306D735F 
 753      57726974 
 753      65436F75 
 754              	.LASF23:
 755 009d 54696D65 		.ascii	"Timer_100ms_ClearInterrupt\000"
 755      725F3130 
 755      306D735F 
 755      436C6561 
 755      72496E74 
 756              	.LASF20:
 757 00b8 5254435F 		.ascii	"RTC_Update\000"
 757      55706461 
 757      746500
 758              	.LASF27:
 759 00c3 42656570 		.ascii	"BeepPlay_WaitTime\000"
 759      506C6179 
 759      5F576169 
 759      7454696D 
 759      6500
 760              	.LASF24:
 761 00d5 57616974 		.ascii	"WaitTimeOut\000"
 761      54696D65 
 761      4F757400 
 762              	.LASF31:
 763 00e1 474E5520 		.ascii	"GNU C 4.9.3 20150303 (release) [ARM/embedded-4_9-br"
 763      4320342E 
ARM GAS  C:\Users\Administrator\AppData\Local\Temp\ccRw9dYt.s 			page 17


 763      392E3320 
 763      32303135 
 763      30333033 
 764 0114 616E6368 		.ascii	"anch revision 221220] -mcpu=cortex-m0 -mthumb -g -O"
 764      20726576 
 764      6973696F 
 764      6E203232 
 764      31323230 
 765 0147 73202D66 		.ascii	"s -ffunction-sections -ffat-lto-objects\000"
 765      66756E63 
 765      74696F6E 
 765      2D736563 
 765      74696F6E 
 766              	.LASF5:
 767 016f 6C6F6E67 		.ascii	"long unsigned int\000"
 767      20756E73 
 767      69676E65 
 767      6420696E 
 767      7400
 768              	.LASF29:
 769 0181 43795379 		.ascii	"CySysWdtGetInterruptSource\000"
 769      73576474 
 769      47657449 
 769      6E746572 
 769      72757074 
 770              	.LASF17:
 771 019c 54696D65 		.ascii	"Timer_InterruptHandler\000"
 771      725F496E 
 771      74657272 
 771      75707448 
 771      616E646C 
 772              	.LASF32:
 773 01b3 436F6465 		.ascii	"Code\\UserApp\\isr.c\000"
 773      5C557365 
 773      72417070 
 773      5C697372 
 773      2E6300
 774              	.LASF10:
 775 01c6 75696E74 		.ascii	"uint32\000"
 775      333200
 776              	.LASF8:
 777 01cd 756E7369 		.ascii	"unsigned int\000"
 777      676E6564 
 777      20696E74 
 777      00
 778              	.LASF7:
 779 01da 6C6F6E67 		.ascii	"long long unsigned int\000"
 779      206C6F6E 
 779      6720756E 
 779      7369676E 
 779      65642069 
 780              	.LASF15:
 781 01f1 73697A65 		.ascii	"sizetype\000"
 781      74797065 
 781      00
 782              	.LASF35:
 783 01fa 55617274 		.ascii	"Uart433Recv\000"
ARM GAS  C:\Users\Administrator\AppData\Local\Temp\ccRw9dYt.s 			page 18


 783      34333352 
 783      65637600 
 784              	.LASF18:
 785 0206 52585F49 		.ascii	"RX_IRQ_INTERRUPT\000"
 785      52515F49 
 785      4E544552 
 785      52555054 
 785      00
 786              	.LASF6:
 787 0217 6C6F6E67 		.ascii	"long long int\000"
 787      206C6F6E 
 787      6720696E 
 787      7400
 788              	.LASF13:
 789 0225 63686172 		.ascii	"char\000"
 789      00
 790              	.LASF34:
 791 022a 53595354 		.ascii	"SYSTICK_IRQ_INTERRUPT\000"
 791      49434B5F 
 791      4952515F 
 791      494E5445 
 791      52525550 
 792              	.LASF2:
 793 0240 73686F72 		.ascii	"short int\000"
 793      7420696E 
 793      7400
 794              	.LASF16:
 795 024a 5744545F 		.ascii	"WDT_Interrupt\000"
 795      496E7465 
 795      72727570 
 795      7400
 796              	.LASF9:
 797 0258 75696E74 		.ascii	"uint8\000"
 797      3800
 798              	.LASF4:
 799 025e 6C6F6E67 		.ascii	"long int\000"
 799      20696E74 
 799      00
 800              	.LASF14:
 801 0267 72656733 		.ascii	"reg32\000"
 801      3200
 802              	.LASF19:
 803 026d 5744545F 		.ascii	"WDT_ISR_ClearPending\000"
 803      4953525F 
 803      436C6561 
 803      7250656E 
 803      64696E67 
 804              	.LASF25:
 805 0282 52656376 		.ascii	"RecvTimeOut\000"
 805      54696D65 
 805      4F757400 
 806              	.LASF0:
 807 028e 7369676E 		.ascii	"signed char\000"
 807      65642063 
 807      68617200 
 808              	.LASF33:
 809 029a 473A5C50 		.ascii	"G:\\Psoc4_prj\\7.rental_house\\18-04-11\\second_ima"
ARM GAS  C:\Users\Administrator\AppData\Local\Temp\ccRw9dYt.s 			page 19


 809      736F6334 
 809      5F70726A 
 809      5C372E72 
 809      656E7461 
 810 02c9 6765735B 		.ascii	"ges[4-9]\\EntranceGuard_171019-12.50\\EntranceGuard"
 810      342D395D 
 810      5C456E74 
 810      72616E63 
 810      65477561 
 811 02fa 2E637964 		.ascii	".cydsn\000"
 811      736E00
 812              		.ident	"GCC: (GNU Tools for ARM Embedded Processors) 4.9.3 20150303 (release) [ARM/embedded-4_9-br
