ARM GAS  C:\Users\Administrator\AppData\Local\Temp\ccbSmWgx.s 			page 1


   1              		.cpu cortex-m0
   2              		.fpu softvfp
   3              		.eabi_attribute 20, 1
   4              		.eabi_attribute 21, 1
   5              		.eabi_attribute 23, 3
   6              		.eabi_attribute 24, 1
   7              		.eabi_attribute 25, 1
   8              		.eabi_attribute 26, 1
   9              		.eabi_attribute 30, 4
  10              		.eabi_attribute 34, 0
  11              		.eabi_attribute 18, 4
  12              		.code	16
  13              		.file	"spi.c"
  14              		.text
  15              	.Ltext0:
  16              		.cfi_sections	.debug_frame
  17              		.section	.text.SPI_Send_Dat,"ax",%progbits
  18              		.align	1
  19              		.code	16
  20              		.thumb_func
  21              		.type	SPI_Send_Dat, %function
  22              	SPI_Send_Dat:
  23              	.LFB64:
  24              		.file 1 "Code\\Device\\FM175XX\\SPI\\spi.c"
   1:Code\Device\FM175XX\SPI/spi.c **** //*************************************************************************************************
   2:Code\Device\FM175XX\SPI/spi.c **** // File name		: spi.c
   3:Code\Device\FM175XX\SPI/spi.c **** // Description		: 模拟spi的相关函数
   4:Code\Device\FM175XX\SPI/spi.c **** // Author			: Keno
   5:Code\Device\FM175XX\SPI/spi.c **** // Date				: 2016.11.14
   6:Code\Device\FM175XX\SPI/spi.c **** // Version			: V02
   7:Code\Device\FM175XX\SPI/spi.c **** //*************************************************************************************************
   8:Code\Device\FM175XX\SPI/spi.c **** #include "spi.h"
   9:Code\Device\FM175XX\SPI/spi.c **** 
  10:Code\Device\FM175XX\SPI/spi.c **** 
  11:Code\Device\FM175XX\SPI/spi.c **** //*************************************************************************************************
  12:Code\Device\FM175XX\SPI/spi.c **** // Function name	: SPI_Init
  13:Code\Device\FM175XX\SPI/spi.c **** // Description		: SPI的初始化
  14:Code\Device\FM175XX\SPI/spi.c **** // Parameter		: none
  15:Code\Device\FM175XX\SPI/spi.c **** // Return			: none
  16:Code\Device\FM175XX\SPI/spi.c **** //-------------------------------------------------------------------------------------------------
  17:Code\Device\FM175XX\SPI/spi.c **** // Info				: 
  18:Code\Device\FM175XX\SPI/spi.c **** //*************************************************************************************************
  19:Code\Device\FM175XX\SPI/spi.c **** void SPI_Init(void)
  20:Code\Device\FM175XX\SPI/spi.c **** {
  21:Code\Device\FM175XX\SPI/spi.c **** 	SPI_DISABLE();
  22:Code\Device\FM175XX\SPI/spi.c **** 	SPI_SCK_RESET();
  23:Code\Device\FM175XX\SPI/spi.c **** 	SPI_MOSI_RESET();
  24:Code\Device\FM175XX\SPI/spi.c **** }
  25:Code\Device\FM175XX\SPI/spi.c **** 
  26:Code\Device\FM175XX\SPI/spi.c **** //*************************************************************************************************
  27:Code\Device\FM175XX\SPI/spi.c **** // Function name	: SPI_Send_Dat
  28:Code\Device\FM175XX\SPI/spi.c **** // Description		: 发送一字节数据
  29:Code\Device\FM175XX\SPI/spi.c **** // Parameter		: none
  30:Code\Device\FM175XX\SPI/spi.c **** // Return			: none
  31:Code\Device\FM175XX\SPI/spi.c **** //-------------------------------------------------------------------------------------------------
  32:Code\Device\FM175XX\SPI/spi.c **** // Info				: 
  33:Code\Device\FM175XX\SPI/spi.c **** //*************************************************************************************************
ARM GAS  C:\Users\Administrator\AppData\Local\Temp\ccbSmWgx.s 			page 2


  34:Code\Device\FM175XX\SPI/spi.c **** static void SPI_Send_Dat(INT8U dat)
  35:Code\Device\FM175XX\SPI/spi.c **** {
  25              		.loc 1 35 0
  26              		.cfi_startproc
  27              	.LVL0:
  28 0000 38B5     		push	{r3, r4, r5, lr}
  29              		.cfi_def_cfa_offset 16
  30              		.cfi_offset 3, -16
  31              		.cfi_offset 4, -12
  32              		.cfi_offset 5, -8
  33              		.cfi_offset 14, -4
  34              		.loc 1 35 0
  35 0002 051C     		mov	r5, r0
  36              	.LVL1:
  37 0004 0824     		mov	r4, #8
  38              	.LVL2:
  39              	.L4:
  36:Code\Device\FM175XX\SPI/spi.c **** 	INT8U i;
  37:Code\Device\FM175XX\SPI/spi.c **** 	for (i = 0; i < 8; i++)
  38:Code\Device\FM175XX\SPI/spi.c **** 	{
  39:Code\Device\FM175XX\SPI/spi.c **** 		SPI_SCK_RESET();
  40              		.loc 1 39 0
  41 0006 0020     		mov	r0, #0
  42 0008 FFF7FEFF 		bl	FM_SCK_Write
  43              	.LVL3:
  40:Code\Device\FM175XX\SPI/spi.c **** 		CyDelayUs(1);
  44              		.loc 1 40 0
  45 000c 0120     		mov	r0, #1
  46 000e FFF7FEFF 		bl	CyDelayUs
  47              	.LVL4:
  41:Code\Device\FM175XX\SPI/spi.c **** 		if (dat & 0x80)
  48              		.loc 1 41 0
  49 0012 6BB2     		sxtb	r3, r5
  42:Code\Device\FM175XX\SPI/spi.c **** 			SPI_MOSI_SET();
  50              		.loc 1 42 0
  51 0014 0120     		mov	r0, #1
  41:Code\Device\FM175XX\SPI/spi.c **** 		if (dat & 0x80)
  52              		.loc 1 41 0
  53 0016 002B     		cmp	r3, #0
  54 0018 00DB     		blt	.L5
  43:Code\Device\FM175XX\SPI/spi.c **** 		else
  44:Code\Device\FM175XX\SPI/spi.c **** 			SPI_MOSI_RESET();
  55              		.loc 1 44 0
  56 001a 0020     		mov	r0, #0
  57              	.L5:
  58 001c FFF7FEFF 		bl	FM_MOSI_Write
  59              	.LVL5:
  45:Code\Device\FM175XX\SPI/spi.c **** 		CyDelayUs(1);
  60              		.loc 1 45 0
  61 0020 0120     		mov	r0, #1
  62 0022 FFF7FEFF 		bl	CyDelayUs
  63              	.LVL6:
  64 0026 013C     		sub	r4, r4, #1
  65              	.LVL7:
  46:Code\Device\FM175XX\SPI/spi.c **** 		dat <<= 1;
  47:Code\Device\FM175XX\SPI/spi.c **** 		SPI_SCK_SET();
  66              		.loc 1 47 0
ARM GAS  C:\Users\Administrator\AppData\Local\Temp\ccbSmWgx.s 			page 3


  67 0028 0120     		mov	r0, #1
  68 002a FFF7FEFF 		bl	FM_SCK_Write
  69              	.LVL8:
  46:Code\Device\FM175XX\SPI/spi.c **** 		dat <<= 1;
  70              		.loc 1 46 0
  71 002e 6D00     		lsl	r5, r5, #1
  72              	.LVL9:
  48:Code\Device\FM175XX\SPI/spi.c **** 		CyDelayUs(2);
  73              		.loc 1 48 0
  74 0030 0220     		mov	r0, #2
  75 0032 E4B2     		uxtb	r4, r4
  46:Code\Device\FM175XX\SPI/spi.c **** 		dat <<= 1;
  76              		.loc 1 46 0
  77 0034 EDB2     		uxtb	r5, r5
  78              	.LVL10:
  79              		.loc 1 48 0
  80 0036 FFF7FEFF 		bl	CyDelayUs
  81              	.LVL11:
  37:Code\Device\FM175XX\SPI/spi.c **** 	{
  82              		.loc 1 37 0
  83 003a 002C     		cmp	r4, #0
  84 003c E3D1     		bne	.L4
  49:Code\Device\FM175XX\SPI/spi.c **** 	}
  50:Code\Device\FM175XX\SPI/spi.c **** 	SPI_SCK_RESET();
  85              		.loc 1 50 0
  86 003e 201C     		mov	r0, r4
  87 0040 FFF7FEFF 		bl	FM_SCK_Write
  88              	.LVL12:
  51:Code\Device\FM175XX\SPI/spi.c **** 	CyDelayUs(10);
  89              		.loc 1 51 0
  90 0044 0A20     		mov	r0, #10
  91 0046 FFF7FEFF 		bl	CyDelayUs
  92              	.LVL13:
  52:Code\Device\FM175XX\SPI/spi.c **** }
  93              		.loc 1 52 0
  94              		@ sp needed
  95              	.LVL14:
  96 004a 38BD     		pop	{r3, r4, r5, pc}
  97              		.cfi_endproc
  98              	.LFE64:
  99              		.size	SPI_Send_Dat, .-SPI_Send_Dat
 100              		.section	.text.SPI_Receive_Dat,"ax",%progbits
 101              		.align	1
 102              		.code	16
 103              		.thumb_func
 104              		.type	SPI_Receive_Dat, %function
 105              	SPI_Receive_Dat:
 106              	.LFB65:
  53:Code\Device\FM175XX\SPI/spi.c **** 
  54:Code\Device\FM175XX\SPI/spi.c **** //*************************************************************************************************
  55:Code\Device\FM175XX\SPI/spi.c **** // Function name	: SPI_Receive_Dat
  56:Code\Device\FM175XX\SPI/spi.c **** // Description		: 接收一字节数据
  57:Code\Device\FM175XX\SPI/spi.c **** // Parameter		: none
  58:Code\Device\FM175XX\SPI/spi.c **** // Return			: none
  59:Code\Device\FM175XX\SPI/spi.c **** //-------------------------------------------------------------------------------------------------
  60:Code\Device\FM175XX\SPI/spi.c **** // Info				: 
  61:Code\Device\FM175XX\SPI/spi.c **** //*************************************************************************************************
ARM GAS  C:\Users\Administrator\AppData\Local\Temp\ccbSmWgx.s 			page 4


  62:Code\Device\FM175XX\SPI/spi.c **** static INT8U SPI_Receive_Dat(void)
  63:Code\Device\FM175XX\SPI/spi.c **** {
 107              		.loc 1 63 0
 108              		.cfi_startproc
 109              	.LVL15:
 110 0000 38B5     		push	{r3, r4, r5, lr}
 111              		.cfi_def_cfa_offset 16
 112              		.cfi_offset 3, -16
 113              		.cfi_offset 4, -12
 114              		.cfi_offset 5, -8
 115              		.cfi_offset 14, -4
 116              		.loc 1 63 0
 117 0002 0825     		mov	r5, #8
  64:Code\Device\FM175XX\SPI/spi.c **** 	INT8U i ,dat = 0;
 118              		.loc 1 64 0
 119 0004 0024     		mov	r4, #0
 120              	.LVL16:
 121              	.L9:
  65:Code\Device\FM175XX\SPI/spi.c **** 	for (i = 0; i < 8; i++)
  66:Code\Device\FM175XX\SPI/spi.c **** 	{
  67:Code\Device\FM175XX\SPI/spi.c **** 		SPI_SCK_RESET();
 122              		.loc 1 67 0
 123 0006 0020     		mov	r0, #0
 124 0008 FFF7FEFF 		bl	FM_SCK_Write
 125              	.LVL17:
  68:Code\Device\FM175XX\SPI/spi.c **** 		CyDelayUs(1);
  69:Code\Device\FM175XX\SPI/spi.c **** 		dat <<= 1;
 126              		.loc 1 69 0
 127 000c 6400     		lsl	r4, r4, #1
 128              	.LVL18:
  68:Code\Device\FM175XX\SPI/spi.c **** 		CyDelayUs(1);
 129              		.loc 1 68 0
 130 000e 0120     		mov	r0, #1
 131 0010 FFF7FEFF 		bl	CyDelayUs
 132              	.LVL19:
 133              		.loc 1 69 0
 134 0014 E4B2     		uxtb	r4, r4
 135              	.LVL20:
  70:Code\Device\FM175XX\SPI/spi.c **** 		if(SPI_MISO_Read())
 136              		.loc 1 70 0
 137 0016 FFF7FEFF 		bl	FM_MISO_Read
 138              	.LVL21:
 139 001a 0028     		cmp	r0, #0
 140 001c 01D0     		beq	.L8
  71:Code\Device\FM175XX\SPI/spi.c **** 			dat |= 0x01;
 141              		.loc 1 71 0
 142 001e 0123     		mov	r3, #1
 143 0020 1C43     		orr	r4, r3
 144              	.LVL22:
 145              	.L8:
  72:Code\Device\FM175XX\SPI/spi.c **** 		else
  73:Code\Device\FM175XX\SPI/spi.c **** 			dat &= 0xfe;
  74:Code\Device\FM175XX\SPI/spi.c **** 		CyDelayUs(1);
 146              		.loc 1 74 0 discriminator 2
 147 0022 0120     		mov	r0, #1
 148 0024 FFF7FEFF 		bl	CyDelayUs
 149              	.LVL23:
ARM GAS  C:\Users\Administrator\AppData\Local\Temp\ccbSmWgx.s 			page 5


 150 0028 013D     		sub	r5, r5, #1
 151              	.LVL24:
  75:Code\Device\FM175XX\SPI/spi.c **** 		SPI_SCK_SET();
 152              		.loc 1 75 0 discriminator 2
 153 002a 0120     		mov	r0, #1
 154 002c FFF7FEFF 		bl	FM_SCK_Write
 155              	.LVL25:
 156 0030 EDB2     		uxtb	r5, r5
  76:Code\Device\FM175XX\SPI/spi.c **** 		CyDelayUs(2);
 157              		.loc 1 76 0 discriminator 2
 158 0032 0220     		mov	r0, #2
 159 0034 FFF7FEFF 		bl	CyDelayUs
 160              	.LVL26:
  65:Code\Device\FM175XX\SPI/spi.c **** 	{
 161              		.loc 1 65 0 discriminator 2
 162 0038 002D     		cmp	r5, #0
 163 003a E4D1     		bne	.L9
  77:Code\Device\FM175XX\SPI/spi.c **** 	}
  78:Code\Device\FM175XX\SPI/spi.c **** 	SPI_SCK_RESET();
 164              		.loc 1 78 0
 165 003c 281C     		mov	r0, r5
 166 003e FFF7FEFF 		bl	FM_SCK_Write
 167              	.LVL27:
  79:Code\Device\FM175XX\SPI/spi.c **** 	CyDelayUs(10);
 168              		.loc 1 79 0
 169 0042 0A20     		mov	r0, #10
 170 0044 FFF7FEFF 		bl	CyDelayUs
 171              	.LVL28:
  80:Code\Device\FM175XX\SPI/spi.c **** 	return dat;
  81:Code\Device\FM175XX\SPI/spi.c **** }
 172              		.loc 1 81 0
 173              		@ sp needed
 174 0048 201C     		mov	r0, r4
 175              	.LVL29:
 176 004a 38BD     		pop	{r3, r4, r5, pc}
 177              		.cfi_endproc
 178              	.LFE65:
 179              		.size	SPI_Receive_Dat, .-SPI_Receive_Dat
 180              		.section	.text.SPI_Init,"ax",%progbits
 181              		.align	1
 182              		.global	SPI_Init
 183              		.code	16
 184              		.thumb_func
 185              		.type	SPI_Init, %function
 186              	SPI_Init:
 187              	.LFB63:
  20:Code\Device\FM175XX\SPI/spi.c **** 	SPI_DISABLE();
 188              		.loc 1 20 0
 189              		.cfi_startproc
 190 0000 08B5     		push	{r3, lr}
 191              		.cfi_def_cfa_offset 8
 192              		.cfi_offset 3, -8
 193              		.cfi_offset 14, -4
  21:Code\Device\FM175XX\SPI/spi.c **** 	SPI_SCK_RESET();
 194              		.loc 1 21 0
 195 0002 0120     		mov	r0, #1
 196 0004 FFF7FEFF 		bl	FM_NCS_Write
ARM GAS  C:\Users\Administrator\AppData\Local\Temp\ccbSmWgx.s 			page 6


 197              	.LVL30:
  22:Code\Device\FM175XX\SPI/spi.c **** 	SPI_MOSI_RESET();
 198              		.loc 1 22 0
 199 0008 0020     		mov	r0, #0
 200 000a FFF7FEFF 		bl	FM_SCK_Write
 201              	.LVL31:
  23:Code\Device\FM175XX\SPI/spi.c **** }
 202              		.loc 1 23 0
 203 000e 0020     		mov	r0, #0
 204 0010 FFF7FEFF 		bl	FM_MOSI_Write
 205              	.LVL32:
  24:Code\Device\FM175XX\SPI/spi.c **** 
 206              		.loc 1 24 0
 207              		@ sp needed
 208 0014 08BD     		pop	{r3, pc}
 209              		.cfi_endproc
 210              	.LFE63:
 211              		.size	SPI_Init, .-SPI_Init
 212              		.section	.text.spi_SetReg,"ax",%progbits
 213              		.align	1
 214              		.global	spi_SetReg
 215              		.code	16
 216              		.thumb_func
 217              		.type	spi_SetReg, %function
 218              	spi_SetReg:
 219              	.LFB66:
  82:Code\Device\FM175XX\SPI/spi.c **** 
  83:Code\Device\FM175XX\SPI/spi.c **** //*************************************************************************************************
  84:Code\Device\FM175XX\SPI/spi.c **** // Function name	: spi_SetReg
  85:Code\Device\FM175XX\SPI/spi.c **** // Description		: 设置寄存器
  86:Code\Device\FM175XX\SPI/spi.c **** // Parameter		: ucRegAddr	: 地址
  87:Code\Device\FM175XX\SPI/spi.c **** //					: ucRegVal	: 数据
  88:Code\Device\FM175XX\SPI/spi.c **** // Return			: none
  89:Code\Device\FM175XX\SPI/spi.c **** //-------------------------------------------------------------------------------------------------
  90:Code\Device\FM175XX\SPI/spi.c **** // Info				: 
  91:Code\Device\FM175XX\SPI/spi.c **** //*************************************************************************************************
  92:Code\Device\FM175XX\SPI/spi.c **** uint8_t spi_SetReg(uint8_t ucRegAddr, uint8_t ucRegVal)
  93:Code\Device\FM175XX\SPI/spi.c **** {
 220              		.loc 1 93 0
 221              		.cfi_startproc
 222              	.LVL33:
 223 0000 38B5     		push	{r3, r4, r5, lr}
 224              		.cfi_def_cfa_offset 16
 225              		.cfi_offset 3, -16
 226              		.cfi_offset 4, -12
 227              		.cfi_offset 5, -8
 228              		.cfi_offset 14, -4
 229              		.loc 1 93 0
 230 0002 041C     		mov	r4, r0
 231 0004 0D1C     		mov	r5, r1
  94:Code\Device\FM175XX\SPI/spi.c **** 	SPI_ENABLE();
 232              		.loc 1 94 0
 233 0006 0020     		mov	r0, #0
 234              	.LVL34:
  95:Code\Device\FM175XX\SPI/spi.c **** 	SPI_Send_Dat(ucRegAddr << 1);
 235              		.loc 1 95 0
 236 0008 6400     		lsl	r4, r4, #1
ARM GAS  C:\Users\Administrator\AppData\Local\Temp\ccbSmWgx.s 			page 7


  94:Code\Device\FM175XX\SPI/spi.c **** 	SPI_ENABLE();
 237              		.loc 1 94 0
 238 000a FFF7FEFF 		bl	FM_NCS_Write
 239              	.LVL35:
 240              		.loc 1 95 0
 241 000e E0B2     		uxtb	r0, r4
 242 0010 FFF7FEFF 		bl	SPI_Send_Dat
 243              	.LVL36:
  96:Code\Device\FM175XX\SPI/spi.c **** 	SPI_Send_Dat(ucRegVal);
 244              		.loc 1 96 0
 245 0014 281C     		mov	r0, r5
 246 0016 FFF7FEFF 		bl	SPI_Send_Dat
 247              	.LVL37:
  97:Code\Device\FM175XX\SPI/spi.c **** 	SPI_DISABLE();
 248              		.loc 1 97 0
 249 001a 0120     		mov	r0, #1
 250 001c FFF7FEFF 		bl	FM_NCS_Write
 251              	.LVL38:
  98:Code\Device\FM175XX\SPI/spi.c ****     return TRUE;
  99:Code\Device\FM175XX\SPI/spi.c **** }
 252              		.loc 1 99 0
 253              		@ sp needed
 254 0020 0120     		mov	r0, #1
 255 0022 38BD     		pop	{r3, r4, r5, pc}
 256              		.cfi_endproc
 257              	.LFE66:
 258              		.size	spi_SetReg, .-spi_SetReg
 259              		.section	.text.spi_GetReg,"ax",%progbits
 260              		.align	1
 261              		.global	spi_GetReg
 262              		.code	16
 263              		.thumb_func
 264              		.type	spi_GetReg, %function
 265              	spi_GetReg:
 266              	.LFB67:
 100:Code\Device\FM175XX\SPI/spi.c **** 
 101:Code\Device\FM175XX\SPI/spi.c **** //*************************************************************************************************
 102:Code\Device\FM175XX\SPI/spi.c **** // Function name	: spi_SetReg
 103:Code\Device\FM175XX\SPI/spi.c **** // Description		: 读取寄存器
 104:Code\Device\FM175XX\SPI/spi.c **** // Parameter		: ucRegAddr	: 地址
 105:Code\Device\FM175XX\SPI/spi.c **** // Return			: none
 106:Code\Device\FM175XX\SPI/spi.c **** //-------------------------------------------------------------------------------------------------
 107:Code\Device\FM175XX\SPI/spi.c **** // Info				: 
 108:Code\Device\FM175XX\SPI/spi.c **** //*************************************************************************************************
 109:Code\Device\FM175XX\SPI/spi.c **** uint8_t spi_GetReg(uint8_t ucRegAddr)
 110:Code\Device\FM175XX\SPI/spi.c **** {
 267              		.loc 1 110 0
 268              		.cfi_startproc
 269              	.LVL39:
 270 0000 10B5     		push	{r4, lr}
 271              		.cfi_def_cfa_offset 8
 272              		.cfi_offset 4, -8
 273              		.cfi_offset 14, -4
 274              		.loc 1 110 0
 275 0002 041C     		mov	r4, r0
 111:Code\Device\FM175XX\SPI/spi.c **** 	uint8_t ucRegVal;
 112:Code\Device\FM175XX\SPI/spi.c **** 	SPI_ENABLE();
ARM GAS  C:\Users\Administrator\AppData\Local\Temp\ccbSmWgx.s 			page 8


 276              		.loc 1 112 0
 277 0004 0020     		mov	r0, #0
 278              	.LVL40:
 279 0006 FFF7FEFF 		bl	FM_NCS_Write
 280              	.LVL41:
 113:Code\Device\FM175XX\SPI/spi.c **** 	SPI_Send_Dat(0x80 | (ucRegAddr << 1));
 281              		.loc 1 113 0
 282 000a 8020     		mov	r0, #128
 283 000c 6400     		lsl	r4, r4, #1
 284 000e 4042     		neg	r0, r0
 285 0010 0443     		orr	r4, r0
 286 0012 E0B2     		uxtb	r0, r4
 287 0014 FFF7FEFF 		bl	SPI_Send_Dat
 288              	.LVL42:
 114:Code\Device\FM175XX\SPI/spi.c **** 	//SPI_Send_Dat(0x00);
 115:Code\Device\FM175XX\SPI/spi.c **** 	ucRegVal = SPI_Receive_Dat();
 289              		.loc 1 115 0
 290 0018 FFF7FEFF 		bl	SPI_Receive_Dat
 291              	.LVL43:
 292 001c 041C     		mov	r4, r0
 293              	.LVL44:
 116:Code\Device\FM175XX\SPI/spi.c **** 	SPI_DISABLE();
 294              		.loc 1 116 0
 295 001e 0120     		mov	r0, #1
 296 0020 FFF7FEFF 		bl	FM_NCS_Write
 297              	.LVL45:
 117:Code\Device\FM175XX\SPI/spi.c ****     return ucRegVal;
 118:Code\Device\FM175XX\SPI/spi.c **** }
 298              		.loc 1 118 0
 299              		@ sp needed
 300 0024 201C     		mov	r0, r4
 301              	.LVL46:
 302 0026 10BD     		pop	{r4, pc}
 303              		.cfi_endproc
 304              	.LFE67:
 305              		.size	spi_GetReg, .-spi_GetReg
 306              		.section	.text.spi_GetReg2,"ax",%progbits
 307              		.align	1
 308              		.global	spi_GetReg2
 309              		.code	16
 310              		.thumb_func
 311              		.type	spi_GetReg2, %function
 312              	spi_GetReg2:
 313              	.LFB68:
 119:Code\Device\FM175XX\SPI/spi.c **** 
 120:Code\Device\FM175XX\SPI/spi.c **** //*************************************************************************************************
 121:Code\Device\FM175XX\SPI/spi.c **** // Function name	: spi_SetReg
 122:Code\Device\FM175XX\SPI/spi.c **** // Description		: 读取寄存器
 123:Code\Device\FM175XX\SPI/spi.c **** // Parameter		: ucRegAddr	: 地址
 124:Code\Device\FM175XX\SPI/spi.c **** // Return			: none
 125:Code\Device\FM175XX\SPI/spi.c **** //-------------------------------------------------------------------------------------------------
 126:Code\Device\FM175XX\SPI/spi.c **** // Info				: 
 127:Code\Device\FM175XX\SPI/spi.c **** //*************************************************************************************************
 128:Code\Device\FM175XX\SPI/spi.c **** uint8_t spi_GetReg2(uint8_t ucRegAddr, uint8_t *p)
 129:Code\Device\FM175XX\SPI/spi.c **** {
 314              		.loc 1 129 0
 315              		.cfi_startproc
ARM GAS  C:\Users\Administrator\AppData\Local\Temp\ccbSmWgx.s 			page 9


 316              	.LVL47:
 317 0000 38B5     		push	{r3, r4, r5, lr}
 318              		.cfi_def_cfa_offset 16
 319              		.cfi_offset 3, -16
 320              		.cfi_offset 4, -12
 321              		.cfi_offset 5, -8
 322              		.cfi_offset 14, -4
 323              		.loc 1 129 0
 324 0002 041C     		mov	r4, r0
 130:Code\Device\FM175XX\SPI/spi.c **** 	SPI_ENABLE();
 325              		.loc 1 130 0
 326 0004 0020     		mov	r0, #0
 327              	.LVL48:
 129:Code\Device\FM175XX\SPI/spi.c **** 	SPI_ENABLE();
 328              		.loc 1 129 0
 329 0006 0D1C     		mov	r5, r1
 330              		.loc 1 130 0
 331 0008 FFF7FEFF 		bl	FM_NCS_Write
 332              	.LVL49:
 131:Code\Device\FM175XX\SPI/spi.c **** 	SPI_Send_Dat(0x80 | (ucRegAddr << 1));
 333              		.loc 1 131 0
 334 000c 8020     		mov	r0, #128
 335 000e 6400     		lsl	r4, r4, #1
 336 0010 4042     		neg	r0, r0
 337 0012 0443     		orr	r4, r0
 338 0014 E0B2     		uxtb	r0, r4
 339 0016 FFF7FEFF 		bl	SPI_Send_Dat
 340              	.LVL50:
 132:Code\Device\FM175XX\SPI/spi.c **** 	//SPI_Send_Dat(0x00);
 133:Code\Device\FM175XX\SPI/spi.c **** 	*p = SPI_Receive_Dat();
 341              		.loc 1 133 0
 342 001a FFF7FEFF 		bl	SPI_Receive_Dat
 343              	.LVL51:
 344 001e 2870     		strb	r0, [r5]
 134:Code\Device\FM175XX\SPI/spi.c **** 	SPI_DISABLE();
 345              		.loc 1 134 0
 346 0020 0120     		mov	r0, #1
 347 0022 FFF7FEFF 		bl	FM_NCS_Write
 348              	.LVL52:
 135:Code\Device\FM175XX\SPI/spi.c ****     return TRUE;
 136:Code\Device\FM175XX\SPI/spi.c **** }
 349              		.loc 1 136 0
 350              		@ sp needed
 351 0026 0120     		mov	r0, #1
 352              	.LVL53:
 353 0028 38BD     		pop	{r3, r4, r5, pc}
 354              		.cfi_endproc
 355              	.LFE68:
 356              		.size	spi_GetReg2, .-spi_GetReg2
 357              		.section	.text.SPIRead_Sequence,"ax",%progbits
 358              		.align	1
 359              		.global	SPIRead_Sequence
 360              		.code	16
 361              		.thumb_func
 362              		.type	SPIRead_Sequence, %function
 363              	SPIRead_Sequence:
 364              	.LFB69:
ARM GAS  C:\Users\Administrator\AppData\Local\Temp\ccbSmWgx.s 			page 10


 137:Code\Device\FM175XX\SPI/spi.c **** 
 138:Code\Device\FM175XX\SPI/spi.c **** /**************************************************************************************************
 139:Code\Device\FM175XX\SPI/spi.c **** // Function name	: SPIRead_Sequence
 140:Code\Device\FM175XX\SPI/spi.c **** // Description		: SPI读FIFO寄存器的值
 141:Code\Device\FM175XX\SPI/spi.c **** // Parameter		: sequence_length 	: 数据长度
 142:Code\Device\FM175XX\SPI/spi.c **** //					: ucRegAddr			: 寄存器地址
 143:Code\Device\FM175XX\SPI/spi.c **** //					: *reg_value		: 数据指针
 144:Code\Device\FM175XX\SPI/spi.c **** // Return			: none
 145:Code\Device\FM175XX\SPI/spi.c **** //-------------------------------------------------------------------------------------------------
 146:Code\Device\FM175XX\SPI/spi.c **** // Info				: 
 147:Code\Device\FM175XX\SPI/spi.c **** ***************************************************************************************************
 148:Code\Device\FM175XX\SPI/spi.c **** void SPIRead_Sequence(uint8_t sequence_length, uint8_t ucRegAddr, uint8_t *reg_value)
 149:Code\Device\FM175XX\SPI/spi.c **** {
 365              		.loc 1 149 0
 366              		.cfi_startproc
 367              	.LVL54:
 368 0000 70B5     		push	{r4, r5, r6, lr}
 369              		.cfi_def_cfa_offset 16
 370              		.cfi_offset 4, -16
 371              		.cfi_offset 5, -12
 372              		.cfi_offset 6, -8
 373              		.cfi_offset 14, -4
 150:Code\Device\FM175XX\SPI/spi.c **** 	uint8_t i;
 151:Code\Device\FM175XX\SPI/spi.c **** 	if (sequence_length == 0)
 374              		.loc 1 151 0
 375 0002 0028     		cmp	r0, #0
 376 0004 0AD0     		beq	.L17
 377 0006 141C     		mov	r4, r2
 378 0008 0E1C     		mov	r6, r1
 379 000a 1518     		add	r5, r2, r0
 380              	.LVL55:
 381              	.L19:
 152:Code\Device\FM175XX\SPI/spi.c **** 		return;
 153:Code\Device\FM175XX\SPI/spi.c **** 	for (i = 0; i < sequence_length; i++)
 382              		.loc 1 153 0 discriminator 1
 383 000c AC42     		cmp	r4, r5
 384 000e 05D0     		beq	.L17
 154:Code\Device\FM175XX\SPI/spi.c **** 	{
 155:Code\Device\FM175XX\SPI/spi.c **** 		*(reg_value + i) = spi_GetReg(ucRegAddr);
 385              		.loc 1 155 0 discriminator 3
 386 0010 301C     		mov	r0, r6
 387 0012 FFF7FEFF 		bl	spi_GetReg
 388              	.LVL56:
 389 0016 2070     		strb	r0, [r4]
 390              	.LVL57:
 391 0018 0134     		add	r4, r4, #1
 392              	.LVL58:
 393 001a F7E7     		b	.L19
 394              	.L17:
 156:Code\Device\FM175XX\SPI/spi.c **** 	}
 157:Code\Device\FM175XX\SPI/spi.c **** 	return;
 158:Code\Device\FM175XX\SPI/spi.c **** }
 395              		.loc 1 158 0
 396              		@ sp needed
 397 001c 70BD     		pop	{r4, r5, r6, pc}
 398              		.cfi_endproc
 399              	.LFE69:
ARM GAS  C:\Users\Administrator\AppData\Local\Temp\ccbSmWgx.s 			page 11


 400              		.size	SPIRead_Sequence, .-SPIRead_Sequence
 401              		.section	.text.SPIWrite_Sequence,"ax",%progbits
 402              		.align	1
 403              		.global	SPIWrite_Sequence
 404              		.code	16
 405              		.thumb_func
 406              		.type	SPIWrite_Sequence, %function
 407              	SPIWrite_Sequence:
 408              	.LFB70:
 159:Code\Device\FM175XX\SPI/spi.c **** 
 160:Code\Device\FM175XX\SPI/spi.c **** /**************************************************************************************************
 161:Code\Device\FM175XX\SPI/spi.c **** // Function name	: SPIWrite_Sequence
 162:Code\Device\FM175XX\SPI/spi.c **** // Description		: SPI写FIFO的值
 163:Code\Device\FM175XX\SPI/spi.c **** // Parameter		: sequence_length 数据长度 
 164:Code\Device\FM175XX\SPI/spi.c **** //					: ucRegAddr：寄存器地址  
 165:Code\Device\FM175XX\SPI/spi.c **** //					: *reg_value 数据指针
 166:Code\Device\FM175XX\SPI/spi.c **** // Return			: none
 167:Code\Device\FM175XX\SPI/spi.c **** //-------------------------------------------------------------------------------------------------
 168:Code\Device\FM175XX\SPI/spi.c **** // Info				: 
 169:Code\Device\FM175XX\SPI/spi.c **** ***************************************************************************************************
 170:Code\Device\FM175XX\SPI/spi.c **** void SPIWrite_Sequence(uint8_t sequence_length, uint8_t ucRegAddr, uint8_t *reg_value)
 171:Code\Device\FM175XX\SPI/spi.c **** {
 409              		.loc 1 171 0
 410              		.cfi_startproc
 411              	.LVL59:
 412 0000 70B5     		push	{r4, r5, r6, lr}
 413              		.cfi_def_cfa_offset 16
 414              		.cfi_offset 4, -16
 415              		.cfi_offset 5, -12
 416              		.cfi_offset 6, -8
 417              		.cfi_offset 14, -4
 172:Code\Device\FM175XX\SPI/spi.c **** 	uint8_t i;
 173:Code\Device\FM175XX\SPI/spi.c **** 	if (sequence_length == 0)
 418              		.loc 1 173 0
 419 0002 0028     		cmp	r0, #0
 420 0004 0AD0     		beq	.L24
 421 0006 141C     		mov	r4, r2
 422 0008 0E1C     		mov	r6, r1
 423 000a 1518     		add	r5, r2, r0
 424              	.LVL60:
 425              	.L26:
 174:Code\Device\FM175XX\SPI/spi.c **** 		return;
 175:Code\Device\FM175XX\SPI/spi.c **** 	for (i = 0; i < sequence_length; i++)
 426              		.loc 1 175 0 discriminator 1
 427 000c AC42     		cmp	r4, r5
 428 000e 05D0     		beq	.L24
 176:Code\Device\FM175XX\SPI/spi.c **** 	{
 177:Code\Device\FM175XX\SPI/spi.c **** 		spi_SetReg(ucRegAddr, *(reg_value + i));
 429              		.loc 1 177 0 discriminator 3
 430 0010 2178     		ldrb	r1, [r4]
 431 0012 301C     		mov	r0, r6
 432 0014 FFF7FEFF 		bl	spi_SetReg
 433              	.LVL61:
 434 0018 0134     		add	r4, r4, #1
 435              	.LVL62:
 436 001a F7E7     		b	.L26
 437              	.L24:
ARM GAS  C:\Users\Administrator\AppData\Local\Temp\ccbSmWgx.s 			page 12


 178:Code\Device\FM175XX\SPI/spi.c **** 	}
 179:Code\Device\FM175XX\SPI/spi.c **** 	return;
 180:Code\Device\FM175XX\SPI/spi.c **** }
 438              		.loc 1 180 0
 439              		@ sp needed
 440 001c 70BD     		pop	{r4, r5, r6, pc}
 441              		.cfi_endproc
 442              	.LFE70:
 443              		.size	SPIWrite_Sequence, .-SPIWrite_Sequence
 444              		.text
 445              	.Letext0:
 446              		.file 2 "c:\\program files (x86)\\cypress\\psoc creator\\4.0\\psoc creator\\import\\gnu\\arm\\4.9.
 447              		.file 3 "c:\\program files (x86)\\cypress\\psoc creator\\4.0\\psoc creator\\import\\gnu\\arm\\4.9.
 448              		.file 4 "Generated_Source\\PSoC4/cytypes.h"
 449              		.file 5 ".\\Code\\Common/config.h"
 450              		.file 6 "Generated_Source\\PSoC4/FM_SCK.h"
 451              		.file 7 "Generated_Source\\PSoC4/CyLib.h"
 452              		.file 8 "Generated_Source\\PSoC4/FM_MOSI.h"
 453              		.file 9 "Generated_Source\\PSoC4/FM_MISO.h"
 454              		.file 10 "Generated_Source\\PSoC4/FM_NCS.h"
 455              		.section	.debug_info,"",%progbits
 456              	.Ldebug_info0:
 457 0000 05050000 		.4byte	0x505
 458 0004 0400     		.2byte	0x4
 459 0006 00000000 		.4byte	.Ldebug_abbrev0
 460 000a 04       		.byte	0x4
 461 000b 01       		.uleb128 0x1
 462 000c 0A000000 		.4byte	.LASF31
 463 0010 01       		.byte	0x1
 464 0011 EA010000 		.4byte	.LASF32
 465 0015 3A020000 		.4byte	.LASF33
 466 0019 00000000 		.4byte	.Ldebug_ranges0+0
 467 001d 00000000 		.4byte	0
 468 0021 00000000 		.4byte	.Ldebug_line0
 469 0025 02       		.uleb128 0x2
 470 0026 01       		.byte	0x1
 471 0027 06       		.byte	0x6
 472 0028 2E020000 		.4byte	.LASF0
 473 002c 03       		.uleb128 0x3
 474 002d 00000000 		.4byte	.LASF9
 475 0031 02       		.byte	0x2
 476 0032 1D       		.byte	0x1d
 477 0033 37000000 		.4byte	0x37
 478 0037 02       		.uleb128 0x2
 479 0038 01       		.byte	0x1
 480 0039 08       		.byte	0x8
 481 003a DF000000 		.4byte	.LASF1
 482 003e 02       		.uleb128 0x2
 483 003f 02       		.byte	0x2
 484 0040 05       		.byte	0x5
 485 0041 E0010000 		.4byte	.LASF2
 486 0045 02       		.uleb128 0x2
 487 0046 02       		.byte	0x2
 488 0047 07       		.byte	0x7
 489 0048 FF000000 		.4byte	.LASF3
 490 004c 02       		.uleb128 0x2
 491 004d 04       		.byte	0x4
ARM GAS  C:\Users\Administrator\AppData\Local\Temp\ccbSmWgx.s 			page 13


 492 004e 05       		.byte	0x5
 493 004f 20020000 		.4byte	.LASF4
 494 0053 02       		.uleb128 0x2
 495 0054 04       		.byte	0x4
 496 0055 07       		.byte	0x7
 497 0056 ED000000 		.4byte	.LASF5
 498 005a 02       		.uleb128 0x2
 499 005b 08       		.byte	0x8
 500 005c 05       		.byte	0x5
 501 005d AE010000 		.4byte	.LASF6
 502 0061 02       		.uleb128 0x2
 503 0062 08       		.byte	0x8
 504 0063 07       		.byte	0x7
 505 0064 5F010000 		.4byte	.LASF7
 506 0068 04       		.uleb128 0x4
 507 0069 04       		.byte	0x4
 508 006a 05       		.byte	0x5
 509 006b 696E7400 		.ascii	"int\000"
 510 006f 02       		.uleb128 0x2
 511 0070 04       		.byte	0x4
 512 0071 07       		.byte	0x7
 513 0072 4C010000 		.4byte	.LASF8
 514 0076 03       		.uleb128 0x3
 515 0077 76010000 		.4byte	.LASF10
 516 007b 03       		.byte	0x3
 517 007c 15       		.byte	0x15
 518 007d 2C000000 		.4byte	0x2c
 519 0081 05       		.uleb128 0x5
 520 0082 08020000 		.4byte	.LASF11
 521 0086 04       		.byte	0x4
 522 0087 B901     		.2byte	0x1b9
 523 0089 37000000 		.4byte	0x37
 524 008d 05       		.uleb128 0x5
 525 008e 32010000 		.4byte	.LASF12
 526 0092 04       		.byte	0x4
 527 0093 BA01     		.2byte	0x1ba
 528 0095 45000000 		.4byte	0x45
 529 0099 02       		.uleb128 0x2
 530 009a 04       		.byte	0x4
 531 009b 04       		.byte	0x4
 532 009c BB000000 		.4byte	.LASF13
 533 00a0 02       		.uleb128 0x2
 534 00a1 08       		.byte	0x8
 535 00a2 04       		.byte	0x4
 536 00a3 2B010000 		.4byte	.LASF14
 537 00a7 02       		.uleb128 0x2
 538 00a8 01       		.byte	0x1
 539 00a9 08       		.byte	0x8
 540 00aa 29020000 		.4byte	.LASF15
 541 00ae 02       		.uleb128 0x2
 542 00af 04       		.byte	0x4
 543 00b0 07       		.byte	0x7
 544 00b1 A5010000 		.4byte	.LASF16
 545 00b5 03       		.uleb128 0x3
 546 00b6 59010000 		.4byte	.LASF17
 547 00ba 05       		.byte	0x5
 548 00bb 13       		.byte	0x13
ARM GAS  C:\Users\Administrator\AppData\Local\Temp\ccbSmWgx.s 			page 14


 549 00bc 37000000 		.4byte	0x37
 550 00c0 06       		.uleb128 0x6
 551 00c1 A1000000 		.4byte	.LASF34
 552 00c5 01       		.byte	0x1
 553 00c6 22       		.byte	0x22
 554 00c7 00000000 		.4byte	.LFB64
 555 00cb 4C000000 		.4byte	.LFE64-.LFB64
 556 00cf 01       		.uleb128 0x1
 557 00d0 9C       		.byte	0x9c
 558 00d1 7D010000 		.4byte	0x17d
 559 00d5 07       		.uleb128 0x7
 560 00d6 64617400 		.ascii	"dat\000"
 561 00da 01       		.byte	0x1
 562 00db 22       		.byte	0x22
 563 00dc B5000000 		.4byte	0xb5
 564 00e0 00000000 		.4byte	.LLST0
 565 00e4 08       		.uleb128 0x8
 566 00e5 6900     		.ascii	"i\000"
 567 00e7 01       		.byte	0x1
 568 00e8 24       		.byte	0x24
 569 00e9 B5000000 		.4byte	0xb5
 570 00ed 29000000 		.4byte	.LLST1
 571 00f1 09       		.uleb128 0x9
 572 00f2 0C000000 		.4byte	.LVL3
 573 00f6 BD040000 		.4byte	0x4bd
 574 00fa 04010000 		.4byte	0x104
 575 00fe 0A       		.uleb128 0xa
 576 00ff 01       		.uleb128 0x1
 577 0100 50       		.byte	0x50
 578 0101 01       		.uleb128 0x1
 579 0102 30       		.byte	0x30
 580 0103 00       		.byte	0
 581 0104 09       		.uleb128 0x9
 582 0105 12000000 		.4byte	.LVL4
 583 0109 CE040000 		.4byte	0x4ce
 584 010d 17010000 		.4byte	0x117
 585 0111 0A       		.uleb128 0xa
 586 0112 01       		.uleb128 0x1
 587 0113 50       		.byte	0x50
 588 0114 01       		.uleb128 0x1
 589 0115 31       		.byte	0x31
 590 0116 00       		.byte	0
 591 0117 0B       		.uleb128 0xb
 592 0118 20000000 		.4byte	.LVL5
 593 011c DF040000 		.4byte	0x4df
 594 0120 09       		.uleb128 0x9
 595 0121 26000000 		.4byte	.LVL6
 596 0125 CE040000 		.4byte	0x4ce
 597 0129 33010000 		.4byte	0x133
 598 012d 0A       		.uleb128 0xa
 599 012e 01       		.uleb128 0x1
 600 012f 50       		.byte	0x50
 601 0130 01       		.uleb128 0x1
 602 0131 31       		.byte	0x31
 603 0132 00       		.byte	0
 604 0133 09       		.uleb128 0x9
 605 0134 2E000000 		.4byte	.LVL8
ARM GAS  C:\Users\Administrator\AppData\Local\Temp\ccbSmWgx.s 			page 15


 606 0138 BD040000 		.4byte	0x4bd
 607 013c 46010000 		.4byte	0x146
 608 0140 0A       		.uleb128 0xa
 609 0141 01       		.uleb128 0x1
 610 0142 50       		.byte	0x50
 611 0143 01       		.uleb128 0x1
 612 0144 31       		.byte	0x31
 613 0145 00       		.byte	0
 614 0146 09       		.uleb128 0x9
 615 0147 3A000000 		.4byte	.LVL11
 616 014b CE040000 		.4byte	0x4ce
 617 014f 59010000 		.4byte	0x159
 618 0153 0A       		.uleb128 0xa
 619 0154 01       		.uleb128 0x1
 620 0155 50       		.byte	0x50
 621 0156 01       		.uleb128 0x1
 622 0157 32       		.byte	0x32
 623 0158 00       		.byte	0
 624 0159 09       		.uleb128 0x9
 625 015a 44000000 		.4byte	.LVL12
 626 015e BD040000 		.4byte	0x4bd
 627 0162 6D010000 		.4byte	0x16d
 628 0166 0A       		.uleb128 0xa
 629 0167 01       		.uleb128 0x1
 630 0168 50       		.byte	0x50
 631 0169 02       		.uleb128 0x2
 632 016a 74       		.byte	0x74
 633 016b 00       		.sleb128 0
 634 016c 00       		.byte	0
 635 016d 0C       		.uleb128 0xc
 636 016e 4A000000 		.4byte	.LVL13
 637 0172 CE040000 		.4byte	0x4ce
 638 0176 0A       		.uleb128 0xa
 639 0177 01       		.uleb128 0x1
 640 0178 50       		.byte	0x50
 641 0179 01       		.uleb128 0x1
 642 017a 3A       		.byte	0x3a
 643 017b 00       		.byte	0
 644 017c 00       		.byte	0
 645 017d 0D       		.uleb128 0xd
 646 017e 8A010000 		.4byte	.LASF35
 647 0182 01       		.byte	0x1
 648 0183 3E       		.byte	0x3e
 649 0184 B5000000 		.4byte	0xb5
 650 0188 00000000 		.4byte	.LFB65
 651 018c 4C000000 		.4byte	.LFE65-.LFB65
 652 0190 01       		.uleb128 0x1
 653 0191 9C       		.byte	0x9c
 654 0192 3E020000 		.4byte	0x23e
 655 0196 08       		.uleb128 0x8
 656 0197 6900     		.ascii	"i\000"
 657 0199 01       		.byte	0x1
 658 019a 40       		.byte	0x40
 659 019b B5000000 		.4byte	0xb5
 660 019f 4C000000 		.4byte	.LLST2
 661 01a3 08       		.uleb128 0x8
 662 01a4 64617400 		.ascii	"dat\000"
ARM GAS  C:\Users\Administrator\AppData\Local\Temp\ccbSmWgx.s 			page 16


 663 01a8 01       		.byte	0x1
 664 01a9 40       		.byte	0x40
 665 01aa B5000000 		.4byte	0xb5
 666 01ae 6F000000 		.4byte	.LLST3
 667 01b2 09       		.uleb128 0x9
 668 01b3 0C000000 		.4byte	.LVL17
 669 01b7 BD040000 		.4byte	0x4bd
 670 01bb C5010000 		.4byte	0x1c5
 671 01bf 0A       		.uleb128 0xa
 672 01c0 01       		.uleb128 0x1
 673 01c1 50       		.byte	0x50
 674 01c2 01       		.uleb128 0x1
 675 01c3 30       		.byte	0x30
 676 01c4 00       		.byte	0
 677 01c5 09       		.uleb128 0x9
 678 01c6 14000000 		.4byte	.LVL19
 679 01ca CE040000 		.4byte	0x4ce
 680 01ce D8010000 		.4byte	0x1d8
 681 01d2 0A       		.uleb128 0xa
 682 01d3 01       		.uleb128 0x1
 683 01d4 50       		.byte	0x50
 684 01d5 01       		.uleb128 0x1
 685 01d6 31       		.byte	0x31
 686 01d7 00       		.byte	0
 687 01d8 0B       		.uleb128 0xb
 688 01d9 1A000000 		.4byte	.LVL21
 689 01dd F0040000 		.4byte	0x4f0
 690 01e1 09       		.uleb128 0x9
 691 01e2 28000000 		.4byte	.LVL23
 692 01e6 CE040000 		.4byte	0x4ce
 693 01ea F4010000 		.4byte	0x1f4
 694 01ee 0A       		.uleb128 0xa
 695 01ef 01       		.uleb128 0x1
 696 01f0 50       		.byte	0x50
 697 01f1 01       		.uleb128 0x1
 698 01f2 31       		.byte	0x31
 699 01f3 00       		.byte	0
 700 01f4 09       		.uleb128 0x9
 701 01f5 30000000 		.4byte	.LVL25
 702 01f9 BD040000 		.4byte	0x4bd
 703 01fd 07020000 		.4byte	0x207
 704 0201 0A       		.uleb128 0xa
 705 0202 01       		.uleb128 0x1
 706 0203 50       		.byte	0x50
 707 0204 01       		.uleb128 0x1
 708 0205 31       		.byte	0x31
 709 0206 00       		.byte	0
 710 0207 09       		.uleb128 0x9
 711 0208 38000000 		.4byte	.LVL26
 712 020c CE040000 		.4byte	0x4ce
 713 0210 1A020000 		.4byte	0x21a
 714 0214 0A       		.uleb128 0xa
 715 0215 01       		.uleb128 0x1
 716 0216 50       		.byte	0x50
 717 0217 01       		.uleb128 0x1
 718 0218 32       		.byte	0x32
 719 0219 00       		.byte	0
ARM GAS  C:\Users\Administrator\AppData\Local\Temp\ccbSmWgx.s 			page 17


 720 021a 09       		.uleb128 0x9
 721 021b 42000000 		.4byte	.LVL27
 722 021f BD040000 		.4byte	0x4bd
 723 0223 2E020000 		.4byte	0x22e
 724 0227 0A       		.uleb128 0xa
 725 0228 01       		.uleb128 0x1
 726 0229 50       		.byte	0x50
 727 022a 02       		.uleb128 0x2
 728 022b 75       		.byte	0x75
 729 022c 00       		.sleb128 0
 730 022d 00       		.byte	0
 731 022e 0C       		.uleb128 0xc
 732 022f 48000000 		.4byte	.LVL28
 733 0233 CE040000 		.4byte	0x4ce
 734 0237 0A       		.uleb128 0xa
 735 0238 01       		.uleb128 0x1
 736 0239 50       		.byte	0x50
 737 023a 01       		.uleb128 0x1
 738 023b 3A       		.byte	0x3a
 739 023c 00       		.byte	0
 740 023d 00       		.byte	0
 741 023e 0E       		.uleb128 0xe
 742 023f 98000000 		.4byte	.LASF23
 743 0243 01       		.byte	0x1
 744 0244 13       		.byte	0x13
 745 0245 00000000 		.4byte	.LFB63
 746 0249 16000000 		.4byte	.LFE63-.LFB63
 747 024d 01       		.uleb128 0x1
 748 024e 9C       		.byte	0x9c
 749 024f 89020000 		.4byte	0x289
 750 0253 09       		.uleb128 0x9
 751 0254 08000000 		.4byte	.LVL30
 752 0258 FB040000 		.4byte	0x4fb
 753 025c 66020000 		.4byte	0x266
 754 0260 0A       		.uleb128 0xa
 755 0261 01       		.uleb128 0x1
 756 0262 50       		.byte	0x50
 757 0263 01       		.uleb128 0x1
 758 0264 31       		.byte	0x31
 759 0265 00       		.byte	0
 760 0266 09       		.uleb128 0x9
 761 0267 0E000000 		.4byte	.LVL31
 762 026b BD040000 		.4byte	0x4bd
 763 026f 79020000 		.4byte	0x279
 764 0273 0A       		.uleb128 0xa
 765 0274 01       		.uleb128 0x1
 766 0275 50       		.byte	0x50
 767 0276 01       		.uleb128 0x1
 768 0277 30       		.byte	0x30
 769 0278 00       		.byte	0
 770 0279 0C       		.uleb128 0xc
 771 027a 14000000 		.4byte	.LVL32
 772 027e DF040000 		.4byte	0x4df
 773 0282 0A       		.uleb128 0xa
 774 0283 01       		.uleb128 0x1
 775 0284 50       		.byte	0x50
 776 0285 01       		.uleb128 0x1
ARM GAS  C:\Users\Administrator\AppData\Local\Temp\ccbSmWgx.s 			page 18


 777 0286 30       		.byte	0x30
 778 0287 00       		.byte	0
 779 0288 00       		.byte	0
 780 0289 0F       		.uleb128 0xf
 781 028a 20010000 		.4byte	.LASF20
 782 028e 01       		.byte	0x1
 783 028f 5C       		.byte	0x5c
 784 0290 76000000 		.4byte	0x76
 785 0294 00000000 		.4byte	.LFB66
 786 0298 24000000 		.4byte	.LFE66-.LFB66
 787 029c 01       		.uleb128 0x1
 788 029d 9C       		.byte	0x9c
 789 029e 0B030000 		.4byte	0x30b
 790 02a2 10       		.uleb128 0x10
 791 02a3 D6010000 		.4byte	.LASF18
 792 02a7 01       		.byte	0x1
 793 02a8 5C       		.byte	0x5c
 794 02a9 76000000 		.4byte	0x76
 795 02ad 99000000 		.4byte	.LLST4
 796 02b1 10       		.uleb128 0x10
 797 02b2 39010000 		.4byte	.LASF19
 798 02b6 01       		.byte	0x1
 799 02b7 5C       		.byte	0x5c
 800 02b8 76000000 		.4byte	0x76
 801 02bc BA000000 		.4byte	.LLST5
 802 02c0 09       		.uleb128 0x9
 803 02c1 0E000000 		.4byte	.LVL35
 804 02c5 FB040000 		.4byte	0x4fb
 805 02c9 D3020000 		.4byte	0x2d3
 806 02cd 0A       		.uleb128 0xa
 807 02ce 01       		.uleb128 0x1
 808 02cf 50       		.byte	0x50
 809 02d0 01       		.uleb128 0x1
 810 02d1 30       		.byte	0x30
 811 02d2 00       		.byte	0
 812 02d3 09       		.uleb128 0x9
 813 02d4 14000000 		.4byte	.LVL36
 814 02d8 C0000000 		.4byte	0xc0
 815 02dc E7020000 		.4byte	0x2e7
 816 02e0 0A       		.uleb128 0xa
 817 02e1 01       		.uleb128 0x1
 818 02e2 50       		.byte	0x50
 819 02e3 02       		.uleb128 0x2
 820 02e4 74       		.byte	0x74
 821 02e5 00       		.sleb128 0
 822 02e6 00       		.byte	0
 823 02e7 09       		.uleb128 0x9
 824 02e8 1A000000 		.4byte	.LVL37
 825 02ec C0000000 		.4byte	0xc0
 826 02f0 FB020000 		.4byte	0x2fb
 827 02f4 0A       		.uleb128 0xa
 828 02f5 01       		.uleb128 0x1
 829 02f6 50       		.byte	0x50
 830 02f7 02       		.uleb128 0x2
 831 02f8 75       		.byte	0x75
 832 02f9 00       		.sleb128 0
 833 02fa 00       		.byte	0
ARM GAS  C:\Users\Administrator\AppData\Local\Temp\ccbSmWgx.s 			page 19


 834 02fb 0C       		.uleb128 0xc
 835 02fc 20000000 		.4byte	.LVL38
 836 0300 FB040000 		.4byte	0x4fb
 837 0304 0A       		.uleb128 0xa
 838 0305 01       		.uleb128 0x1
 839 0306 50       		.byte	0x50
 840 0307 01       		.uleb128 0x1
 841 0308 31       		.byte	0x31
 842 0309 00       		.byte	0
 843 030a 00       		.byte	0
 844 030b 0F       		.uleb128 0xf
 845 030c 9A010000 		.4byte	.LASF21
 846 0310 01       		.byte	0x1
 847 0311 6D       		.byte	0x6d
 848 0312 76000000 		.4byte	0x76
 849 0316 00000000 		.4byte	.LFB67
 850 031a 28000000 		.4byte	.LFE67-.LFB67
 851 031e 01       		.uleb128 0x1
 852 031f 9C       		.byte	0x9c
 853 0320 82030000 		.4byte	0x382
 854 0324 10       		.uleb128 0x10
 855 0325 D6010000 		.4byte	.LASF18
 856 0329 01       		.byte	0x1
 857 032a 6D       		.byte	0x6d
 858 032b 76000000 		.4byte	0x76
 859 032f DB000000 		.4byte	.LLST6
 860 0333 11       		.uleb128 0x11
 861 0334 39010000 		.4byte	.LASF19
 862 0338 01       		.byte	0x1
 863 0339 6F       		.byte	0x6f
 864 033a 76000000 		.4byte	0x76
 865 033e FC000000 		.4byte	.LLST7
 866 0342 09       		.uleb128 0x9
 867 0343 0A000000 		.4byte	.LVL41
 868 0347 FB040000 		.4byte	0x4fb
 869 034b 55030000 		.4byte	0x355
 870 034f 0A       		.uleb128 0xa
 871 0350 01       		.uleb128 0x1
 872 0351 50       		.byte	0x50
 873 0352 01       		.uleb128 0x1
 874 0353 30       		.byte	0x30
 875 0354 00       		.byte	0
 876 0355 09       		.uleb128 0x9
 877 0356 18000000 		.4byte	.LVL42
 878 035a C0000000 		.4byte	0xc0
 879 035e 69030000 		.4byte	0x369
 880 0362 0A       		.uleb128 0xa
 881 0363 01       		.uleb128 0x1
 882 0364 50       		.byte	0x50
 883 0365 02       		.uleb128 0x2
 884 0366 74       		.byte	0x74
 885 0367 00       		.sleb128 0
 886 0368 00       		.byte	0
 887 0369 0B       		.uleb128 0xb
 888 036a 1C000000 		.4byte	.LVL43
 889 036e 7D010000 		.4byte	0x17d
 890 0372 0C       		.uleb128 0xc
ARM GAS  C:\Users\Administrator\AppData\Local\Temp\ccbSmWgx.s 			page 20


 891 0373 24000000 		.4byte	.LVL45
 892 0377 FB040000 		.4byte	0x4fb
 893 037b 0A       		.uleb128 0xa
 894 037c 01       		.uleb128 0x1
 895 037d 50       		.byte	0x50
 896 037e 01       		.uleb128 0x1
 897 037f 31       		.byte	0x31
 898 0380 00       		.byte	0
 899 0381 00       		.byte	0
 900 0382 0F       		.uleb128 0xf
 901 0383 7E010000 		.4byte	.LASF22
 902 0387 01       		.byte	0x1
 903 0388 80       		.byte	0x80
 904 0389 76000000 		.4byte	0x76
 905 038d 00000000 		.4byte	.LFB68
 906 0391 2A000000 		.4byte	.LFE68-.LFB68
 907 0395 01       		.uleb128 0x1
 908 0396 9C       		.byte	0x9c
 909 0397 F7030000 		.4byte	0x3f7
 910 039b 10       		.uleb128 0x10
 911 039c D6010000 		.4byte	.LASF18
 912 03a0 01       		.byte	0x1
 913 03a1 80       		.byte	0x80
 914 03a2 76000000 		.4byte	0x76
 915 03a6 0F010000 		.4byte	.LLST8
 916 03aa 07       		.uleb128 0x7
 917 03ab 7000     		.ascii	"p\000"
 918 03ad 01       		.byte	0x1
 919 03ae 80       		.byte	0x80
 920 03af F7030000 		.4byte	0x3f7
 921 03b3 30010000 		.4byte	.LLST9
 922 03b7 09       		.uleb128 0x9
 923 03b8 0C000000 		.4byte	.LVL49
 924 03bc FB040000 		.4byte	0x4fb
 925 03c0 CA030000 		.4byte	0x3ca
 926 03c4 0A       		.uleb128 0xa
 927 03c5 01       		.uleb128 0x1
 928 03c6 50       		.byte	0x50
 929 03c7 01       		.uleb128 0x1
 930 03c8 30       		.byte	0x30
 931 03c9 00       		.byte	0
 932 03ca 09       		.uleb128 0x9
 933 03cb 1A000000 		.4byte	.LVL50
 934 03cf C0000000 		.4byte	0xc0
 935 03d3 DE030000 		.4byte	0x3de
 936 03d7 0A       		.uleb128 0xa
 937 03d8 01       		.uleb128 0x1
 938 03d9 50       		.byte	0x50
 939 03da 02       		.uleb128 0x2
 940 03db 74       		.byte	0x74
 941 03dc 00       		.sleb128 0
 942 03dd 00       		.byte	0
 943 03de 0B       		.uleb128 0xb
 944 03df 1E000000 		.4byte	.LVL51
 945 03e3 7D010000 		.4byte	0x17d
 946 03e7 0C       		.uleb128 0xc
 947 03e8 26000000 		.4byte	.LVL52
ARM GAS  C:\Users\Administrator\AppData\Local\Temp\ccbSmWgx.s 			page 21


 948 03ec FB040000 		.4byte	0x4fb
 949 03f0 0A       		.uleb128 0xa
 950 03f1 01       		.uleb128 0x1
 951 03f2 50       		.byte	0x50
 952 03f3 01       		.uleb128 0x1
 953 03f4 31       		.byte	0x31
 954 03f5 00       		.byte	0
 955 03f6 00       		.byte	0
 956 03f7 12       		.uleb128 0x12
 957 03f8 04       		.byte	0x4
 958 03f9 76000000 		.4byte	0x76
 959 03fd 0E       		.uleb128 0xe
 960 03fe CE000000 		.4byte	.LASF24
 961 0402 01       		.byte	0x1
 962 0403 94       		.byte	0x94
 963 0404 00000000 		.4byte	.LFB69
 964 0408 1E000000 		.4byte	.LFE69-.LFB69
 965 040c 01       		.uleb128 0x1
 966 040d 9C       		.byte	0x9c
 967 040e 5D040000 		.4byte	0x45d
 968 0412 10       		.uleb128 0x10
 969 0413 BC010000 		.4byte	.LASF25
 970 0417 01       		.byte	0x1
 971 0418 94       		.byte	0x94
 972 0419 76000000 		.4byte	0x76
 973 041d 5C010000 		.4byte	.LLST10
 974 0421 10       		.uleb128 0x10
 975 0422 D6010000 		.4byte	.LASF18
 976 0426 01       		.byte	0x1
 977 0427 94       		.byte	0x94
 978 0428 76000000 		.4byte	0x76
 979 042c 7D010000 		.4byte	.LLST11
 980 0430 10       		.uleb128 0x10
 981 0431 CC010000 		.4byte	.LASF26
 982 0435 01       		.byte	0x1
 983 0436 94       		.byte	0x94
 984 0437 F7030000 		.4byte	0x3f7
 985 043b 9E010000 		.4byte	.LLST12
 986 043f 08       		.uleb128 0x8
 987 0440 6900     		.ascii	"i\000"
 988 0442 01       		.byte	0x1
 989 0443 96       		.byte	0x96
 990 0444 76000000 		.4byte	0x76
 991 0448 BF010000 		.4byte	.LLST13
 992 044c 0C       		.uleb128 0xc
 993 044d 16000000 		.4byte	.LVL56
 994 0451 0B030000 		.4byte	0x30b
 995 0455 0A       		.uleb128 0xa
 996 0456 01       		.uleb128 0x1
 997 0457 50       		.byte	0x50
 998 0458 02       		.uleb128 0x2
 999 0459 76       		.byte	0x76
 1000 045a 00       		.sleb128 0
 1001 045b 00       		.byte	0
 1002 045c 00       		.byte	0
 1003 045d 0E       		.uleb128 0xe
 1004 045e 0E020000 		.4byte	.LASF27
ARM GAS  C:\Users\Administrator\AppData\Local\Temp\ccbSmWgx.s 			page 22


 1005 0462 01       		.byte	0x1
 1006 0463 AA       		.byte	0xaa
 1007 0464 00000000 		.4byte	.LFB70
 1008 0468 1E000000 		.4byte	.LFE70-.LFB70
 1009 046c 01       		.uleb128 0x1
 1010 046d 9C       		.byte	0x9c
 1011 046e BD040000 		.4byte	0x4bd
 1012 0472 10       		.uleb128 0x10
 1013 0473 BC010000 		.4byte	.LASF25
 1014 0477 01       		.byte	0x1
 1015 0478 AA       		.byte	0xaa
 1016 0479 76000000 		.4byte	0x76
 1017 047d EB010000 		.4byte	.LLST14
 1018 0481 10       		.uleb128 0x10
 1019 0482 D6010000 		.4byte	.LASF18
 1020 0486 01       		.byte	0x1
 1021 0487 AA       		.byte	0xaa
 1022 0488 76000000 		.4byte	0x76
 1023 048c 0C020000 		.4byte	.LLST15
 1024 0490 10       		.uleb128 0x10
 1025 0491 CC010000 		.4byte	.LASF26
 1026 0495 01       		.byte	0x1
 1027 0496 AA       		.byte	0xaa
 1028 0497 F7030000 		.4byte	0x3f7
 1029 049b 2D020000 		.4byte	.LLST16
 1030 049f 08       		.uleb128 0x8
 1031 04a0 6900     		.ascii	"i\000"
 1032 04a2 01       		.byte	0x1
 1033 04a3 AC       		.byte	0xac
 1034 04a4 76000000 		.4byte	0x76
 1035 04a8 4E020000 		.4byte	.LLST17
 1036 04ac 0C       		.uleb128 0xc
 1037 04ad 18000000 		.4byte	.LVL61
 1038 04b1 89020000 		.4byte	0x289
 1039 04b5 0A       		.uleb128 0xa
 1040 04b6 01       		.uleb128 0x1
 1041 04b7 50       		.byte	0x50
 1042 04b8 02       		.uleb128 0x2
 1043 04b9 76       		.byte	0x76
 1044 04ba 00       		.sleb128 0
 1045 04bb 00       		.byte	0
 1046 04bc 00       		.byte	0
 1047 04bd 13       		.uleb128 0x13
 1048 04be C1000000 		.4byte	.LASF28
 1049 04c2 06       		.byte	0x6
 1050 04c3 33       		.byte	0x33
 1051 04c4 CE040000 		.4byte	0x4ce
 1052 04c8 14       		.uleb128 0x14
 1053 04c9 81000000 		.4byte	0x81
 1054 04cd 00       		.byte	0
 1055 04ce 13       		.uleb128 0x13
 1056 04cf 42010000 		.4byte	.LASF29
 1057 04d3 07       		.byte	0x7
 1058 04d4 DA       		.byte	0xda
 1059 04d5 DF040000 		.4byte	0x4df
 1060 04d9 14       		.uleb128 0x14
 1061 04da 8D000000 		.4byte	0x8d
ARM GAS  C:\Users\Administrator\AppData\Local\Temp\ccbSmWgx.s 			page 23


 1062 04de 00       		.byte	0
 1063 04df 13       		.uleb128 0x13
 1064 04e0 12010000 		.4byte	.LASF30
 1065 04e4 08       		.byte	0x8
 1066 04e5 33       		.byte	0x33
 1067 04e6 F0040000 		.4byte	0x4f0
 1068 04ea 14       		.uleb128 0x14
 1069 04eb 81000000 		.4byte	0x81
 1070 04ef 00       		.byte	0
 1071 04f0 15       		.uleb128 0x15
 1072 04f1 AE000000 		.4byte	.LASF36
 1073 04f5 09       		.byte	0x9
 1074 04f6 32       		.byte	0x32
 1075 04f7 81000000 		.4byte	0x81
 1076 04fb 16       		.uleb128 0x16
 1077 04fc A1020000 		.4byte	.LASF37
 1078 0500 0A       		.byte	0xa
 1079 0501 33       		.byte	0x33
 1080 0502 14       		.uleb128 0x14
 1081 0503 81000000 		.4byte	0x81
 1082 0507 00       		.byte	0
 1083 0508 00       		.byte	0
 1084              		.section	.debug_abbrev,"",%progbits
 1085              	.Ldebug_abbrev0:
 1086 0000 01       		.uleb128 0x1
 1087 0001 11       		.uleb128 0x11
 1088 0002 01       		.byte	0x1
 1089 0003 25       		.uleb128 0x25
 1090 0004 0E       		.uleb128 0xe
 1091 0005 13       		.uleb128 0x13
 1092 0006 0B       		.uleb128 0xb
 1093 0007 03       		.uleb128 0x3
 1094 0008 0E       		.uleb128 0xe
 1095 0009 1B       		.uleb128 0x1b
 1096 000a 0E       		.uleb128 0xe
 1097 000b 55       		.uleb128 0x55
 1098 000c 17       		.uleb128 0x17
 1099 000d 11       		.uleb128 0x11
 1100 000e 01       		.uleb128 0x1
 1101 000f 10       		.uleb128 0x10
 1102 0010 17       		.uleb128 0x17
 1103 0011 00       		.byte	0
 1104 0012 00       		.byte	0
 1105 0013 02       		.uleb128 0x2
 1106 0014 24       		.uleb128 0x24
 1107 0015 00       		.byte	0
 1108 0016 0B       		.uleb128 0xb
 1109 0017 0B       		.uleb128 0xb
 1110 0018 3E       		.uleb128 0x3e
 1111 0019 0B       		.uleb128 0xb
 1112 001a 03       		.uleb128 0x3
 1113 001b 0E       		.uleb128 0xe
 1114 001c 00       		.byte	0
 1115 001d 00       		.byte	0
 1116 001e 03       		.uleb128 0x3
 1117 001f 16       		.uleb128 0x16
 1118 0020 00       		.byte	0
ARM GAS  C:\Users\Administrator\AppData\Local\Temp\ccbSmWgx.s 			page 24


 1119 0021 03       		.uleb128 0x3
 1120 0022 0E       		.uleb128 0xe
 1121 0023 3A       		.uleb128 0x3a
 1122 0024 0B       		.uleb128 0xb
 1123 0025 3B       		.uleb128 0x3b
 1124 0026 0B       		.uleb128 0xb
 1125 0027 49       		.uleb128 0x49
 1126 0028 13       		.uleb128 0x13
 1127 0029 00       		.byte	0
 1128 002a 00       		.byte	0
 1129 002b 04       		.uleb128 0x4
 1130 002c 24       		.uleb128 0x24
 1131 002d 00       		.byte	0
 1132 002e 0B       		.uleb128 0xb
 1133 002f 0B       		.uleb128 0xb
 1134 0030 3E       		.uleb128 0x3e
 1135 0031 0B       		.uleb128 0xb
 1136 0032 03       		.uleb128 0x3
 1137 0033 08       		.uleb128 0x8
 1138 0034 00       		.byte	0
 1139 0035 00       		.byte	0
 1140 0036 05       		.uleb128 0x5
 1141 0037 16       		.uleb128 0x16
 1142 0038 00       		.byte	0
 1143 0039 03       		.uleb128 0x3
 1144 003a 0E       		.uleb128 0xe
 1145 003b 3A       		.uleb128 0x3a
 1146 003c 0B       		.uleb128 0xb
 1147 003d 3B       		.uleb128 0x3b
 1148 003e 05       		.uleb128 0x5
 1149 003f 49       		.uleb128 0x49
 1150 0040 13       		.uleb128 0x13
 1151 0041 00       		.byte	0
 1152 0042 00       		.byte	0
 1153 0043 06       		.uleb128 0x6
 1154 0044 2E       		.uleb128 0x2e
 1155 0045 01       		.byte	0x1
 1156 0046 03       		.uleb128 0x3
 1157 0047 0E       		.uleb128 0xe
 1158 0048 3A       		.uleb128 0x3a
 1159 0049 0B       		.uleb128 0xb
 1160 004a 3B       		.uleb128 0x3b
 1161 004b 0B       		.uleb128 0xb
 1162 004c 27       		.uleb128 0x27
 1163 004d 19       		.uleb128 0x19
 1164 004e 11       		.uleb128 0x11
 1165 004f 01       		.uleb128 0x1
 1166 0050 12       		.uleb128 0x12
 1167 0051 06       		.uleb128 0x6
 1168 0052 40       		.uleb128 0x40
 1169 0053 18       		.uleb128 0x18
 1170 0054 9742     		.uleb128 0x2117
 1171 0056 19       		.uleb128 0x19
 1172 0057 01       		.uleb128 0x1
 1173 0058 13       		.uleb128 0x13
 1174 0059 00       		.byte	0
 1175 005a 00       		.byte	0
ARM GAS  C:\Users\Administrator\AppData\Local\Temp\ccbSmWgx.s 			page 25


 1176 005b 07       		.uleb128 0x7
 1177 005c 05       		.uleb128 0x5
 1178 005d 00       		.byte	0
 1179 005e 03       		.uleb128 0x3
 1180 005f 08       		.uleb128 0x8
 1181 0060 3A       		.uleb128 0x3a
 1182 0061 0B       		.uleb128 0xb
 1183 0062 3B       		.uleb128 0x3b
 1184 0063 0B       		.uleb128 0xb
 1185 0064 49       		.uleb128 0x49
 1186 0065 13       		.uleb128 0x13
 1187 0066 02       		.uleb128 0x2
 1188 0067 17       		.uleb128 0x17
 1189 0068 00       		.byte	0
 1190 0069 00       		.byte	0
 1191 006a 08       		.uleb128 0x8
 1192 006b 34       		.uleb128 0x34
 1193 006c 00       		.byte	0
 1194 006d 03       		.uleb128 0x3
 1195 006e 08       		.uleb128 0x8
 1196 006f 3A       		.uleb128 0x3a
 1197 0070 0B       		.uleb128 0xb
 1198 0071 3B       		.uleb128 0x3b
 1199 0072 0B       		.uleb128 0xb
 1200 0073 49       		.uleb128 0x49
 1201 0074 13       		.uleb128 0x13
 1202 0075 02       		.uleb128 0x2
 1203 0076 17       		.uleb128 0x17
 1204 0077 00       		.byte	0
 1205 0078 00       		.byte	0
 1206 0079 09       		.uleb128 0x9
 1207 007a 898201   		.uleb128 0x4109
 1208 007d 01       		.byte	0x1
 1209 007e 11       		.uleb128 0x11
 1210 007f 01       		.uleb128 0x1
 1211 0080 31       		.uleb128 0x31
 1212 0081 13       		.uleb128 0x13
 1213 0082 01       		.uleb128 0x1
 1214 0083 13       		.uleb128 0x13
 1215 0084 00       		.byte	0
 1216 0085 00       		.byte	0
 1217 0086 0A       		.uleb128 0xa
 1218 0087 8A8201   		.uleb128 0x410a
 1219 008a 00       		.byte	0
 1220 008b 02       		.uleb128 0x2
 1221 008c 18       		.uleb128 0x18
 1222 008d 9142     		.uleb128 0x2111
 1223 008f 18       		.uleb128 0x18
 1224 0090 00       		.byte	0
 1225 0091 00       		.byte	0
 1226 0092 0B       		.uleb128 0xb
 1227 0093 898201   		.uleb128 0x4109
 1228 0096 00       		.byte	0
 1229 0097 11       		.uleb128 0x11
 1230 0098 01       		.uleb128 0x1
 1231 0099 31       		.uleb128 0x31
 1232 009a 13       		.uleb128 0x13
ARM GAS  C:\Users\Administrator\AppData\Local\Temp\ccbSmWgx.s 			page 26


 1233 009b 00       		.byte	0
 1234 009c 00       		.byte	0
 1235 009d 0C       		.uleb128 0xc
 1236 009e 898201   		.uleb128 0x4109
 1237 00a1 01       		.byte	0x1
 1238 00a2 11       		.uleb128 0x11
 1239 00a3 01       		.uleb128 0x1
 1240 00a4 31       		.uleb128 0x31
 1241 00a5 13       		.uleb128 0x13
 1242 00a6 00       		.byte	0
 1243 00a7 00       		.byte	0
 1244 00a8 0D       		.uleb128 0xd
 1245 00a9 2E       		.uleb128 0x2e
 1246 00aa 01       		.byte	0x1
 1247 00ab 03       		.uleb128 0x3
 1248 00ac 0E       		.uleb128 0xe
 1249 00ad 3A       		.uleb128 0x3a
 1250 00ae 0B       		.uleb128 0xb
 1251 00af 3B       		.uleb128 0x3b
 1252 00b0 0B       		.uleb128 0xb
 1253 00b1 27       		.uleb128 0x27
 1254 00b2 19       		.uleb128 0x19
 1255 00b3 49       		.uleb128 0x49
 1256 00b4 13       		.uleb128 0x13
 1257 00b5 11       		.uleb128 0x11
 1258 00b6 01       		.uleb128 0x1
 1259 00b7 12       		.uleb128 0x12
 1260 00b8 06       		.uleb128 0x6
 1261 00b9 40       		.uleb128 0x40
 1262 00ba 18       		.uleb128 0x18
 1263 00bb 9742     		.uleb128 0x2117
 1264 00bd 19       		.uleb128 0x19
 1265 00be 01       		.uleb128 0x1
 1266 00bf 13       		.uleb128 0x13
 1267 00c0 00       		.byte	0
 1268 00c1 00       		.byte	0
 1269 00c2 0E       		.uleb128 0xe
 1270 00c3 2E       		.uleb128 0x2e
 1271 00c4 01       		.byte	0x1
 1272 00c5 3F       		.uleb128 0x3f
 1273 00c6 19       		.uleb128 0x19
 1274 00c7 03       		.uleb128 0x3
 1275 00c8 0E       		.uleb128 0xe
 1276 00c9 3A       		.uleb128 0x3a
 1277 00ca 0B       		.uleb128 0xb
 1278 00cb 3B       		.uleb128 0x3b
 1279 00cc 0B       		.uleb128 0xb
 1280 00cd 27       		.uleb128 0x27
 1281 00ce 19       		.uleb128 0x19
 1282 00cf 11       		.uleb128 0x11
 1283 00d0 01       		.uleb128 0x1
 1284 00d1 12       		.uleb128 0x12
 1285 00d2 06       		.uleb128 0x6
 1286 00d3 40       		.uleb128 0x40
 1287 00d4 18       		.uleb128 0x18
 1288 00d5 9742     		.uleb128 0x2117
 1289 00d7 19       		.uleb128 0x19
ARM GAS  C:\Users\Administrator\AppData\Local\Temp\ccbSmWgx.s 			page 27


 1290 00d8 01       		.uleb128 0x1
 1291 00d9 13       		.uleb128 0x13
 1292 00da 00       		.byte	0
 1293 00db 00       		.byte	0
 1294 00dc 0F       		.uleb128 0xf
 1295 00dd 2E       		.uleb128 0x2e
 1296 00de 01       		.byte	0x1
 1297 00df 3F       		.uleb128 0x3f
 1298 00e0 19       		.uleb128 0x19
 1299 00e1 03       		.uleb128 0x3
 1300 00e2 0E       		.uleb128 0xe
 1301 00e3 3A       		.uleb128 0x3a
 1302 00e4 0B       		.uleb128 0xb
 1303 00e5 3B       		.uleb128 0x3b
 1304 00e6 0B       		.uleb128 0xb
 1305 00e7 27       		.uleb128 0x27
 1306 00e8 19       		.uleb128 0x19
 1307 00e9 49       		.uleb128 0x49
 1308 00ea 13       		.uleb128 0x13
 1309 00eb 11       		.uleb128 0x11
 1310 00ec 01       		.uleb128 0x1
 1311 00ed 12       		.uleb128 0x12
 1312 00ee 06       		.uleb128 0x6
 1313 00ef 40       		.uleb128 0x40
 1314 00f0 18       		.uleb128 0x18
 1315 00f1 9742     		.uleb128 0x2117
 1316 00f3 19       		.uleb128 0x19
 1317 00f4 01       		.uleb128 0x1
 1318 00f5 13       		.uleb128 0x13
 1319 00f6 00       		.byte	0
 1320 00f7 00       		.byte	0
 1321 00f8 10       		.uleb128 0x10
 1322 00f9 05       		.uleb128 0x5
 1323 00fa 00       		.byte	0
 1324 00fb 03       		.uleb128 0x3
 1325 00fc 0E       		.uleb128 0xe
 1326 00fd 3A       		.uleb128 0x3a
 1327 00fe 0B       		.uleb128 0xb
 1328 00ff 3B       		.uleb128 0x3b
 1329 0100 0B       		.uleb128 0xb
 1330 0101 49       		.uleb128 0x49
 1331 0102 13       		.uleb128 0x13
 1332 0103 02       		.uleb128 0x2
 1333 0104 17       		.uleb128 0x17
 1334 0105 00       		.byte	0
 1335 0106 00       		.byte	0
 1336 0107 11       		.uleb128 0x11
 1337 0108 34       		.uleb128 0x34
 1338 0109 00       		.byte	0
 1339 010a 03       		.uleb128 0x3
 1340 010b 0E       		.uleb128 0xe
 1341 010c 3A       		.uleb128 0x3a
 1342 010d 0B       		.uleb128 0xb
 1343 010e 3B       		.uleb128 0x3b
 1344 010f 0B       		.uleb128 0xb
 1345 0110 49       		.uleb128 0x49
 1346 0111 13       		.uleb128 0x13
ARM GAS  C:\Users\Administrator\AppData\Local\Temp\ccbSmWgx.s 			page 28


 1347 0112 02       		.uleb128 0x2
 1348 0113 17       		.uleb128 0x17
 1349 0114 00       		.byte	0
 1350 0115 00       		.byte	0
 1351 0116 12       		.uleb128 0x12
 1352 0117 0F       		.uleb128 0xf
 1353 0118 00       		.byte	0
 1354 0119 0B       		.uleb128 0xb
 1355 011a 0B       		.uleb128 0xb
 1356 011b 49       		.uleb128 0x49
 1357 011c 13       		.uleb128 0x13
 1358 011d 00       		.byte	0
 1359 011e 00       		.byte	0
 1360 011f 13       		.uleb128 0x13
 1361 0120 2E       		.uleb128 0x2e
 1362 0121 01       		.byte	0x1
 1363 0122 3F       		.uleb128 0x3f
 1364 0123 19       		.uleb128 0x19
 1365 0124 03       		.uleb128 0x3
 1366 0125 0E       		.uleb128 0xe
 1367 0126 3A       		.uleb128 0x3a
 1368 0127 0B       		.uleb128 0xb
 1369 0128 3B       		.uleb128 0x3b
 1370 0129 0B       		.uleb128 0xb
 1371 012a 27       		.uleb128 0x27
 1372 012b 19       		.uleb128 0x19
 1373 012c 3C       		.uleb128 0x3c
 1374 012d 19       		.uleb128 0x19
 1375 012e 01       		.uleb128 0x1
 1376 012f 13       		.uleb128 0x13
 1377 0130 00       		.byte	0
 1378 0131 00       		.byte	0
 1379 0132 14       		.uleb128 0x14
 1380 0133 05       		.uleb128 0x5
 1381 0134 00       		.byte	0
 1382 0135 49       		.uleb128 0x49
 1383 0136 13       		.uleb128 0x13
 1384 0137 00       		.byte	0
 1385 0138 00       		.byte	0
 1386 0139 15       		.uleb128 0x15
 1387 013a 2E       		.uleb128 0x2e
 1388 013b 00       		.byte	0
 1389 013c 3F       		.uleb128 0x3f
 1390 013d 19       		.uleb128 0x19
 1391 013e 03       		.uleb128 0x3
 1392 013f 0E       		.uleb128 0xe
 1393 0140 3A       		.uleb128 0x3a
 1394 0141 0B       		.uleb128 0xb
 1395 0142 3B       		.uleb128 0x3b
 1396 0143 0B       		.uleb128 0xb
 1397 0144 27       		.uleb128 0x27
 1398 0145 19       		.uleb128 0x19
 1399 0146 49       		.uleb128 0x49
 1400 0147 13       		.uleb128 0x13
 1401 0148 3C       		.uleb128 0x3c
 1402 0149 19       		.uleb128 0x19
 1403 014a 00       		.byte	0
ARM GAS  C:\Users\Administrator\AppData\Local\Temp\ccbSmWgx.s 			page 29


 1404 014b 00       		.byte	0
 1405 014c 16       		.uleb128 0x16
 1406 014d 2E       		.uleb128 0x2e
 1407 014e 01       		.byte	0x1
 1408 014f 3F       		.uleb128 0x3f
 1409 0150 19       		.uleb128 0x19
 1410 0151 03       		.uleb128 0x3
 1411 0152 0E       		.uleb128 0xe
 1412 0153 3A       		.uleb128 0x3a
 1413 0154 0B       		.uleb128 0xb
 1414 0155 3B       		.uleb128 0x3b
 1415 0156 0B       		.uleb128 0xb
 1416 0157 27       		.uleb128 0x27
 1417 0158 19       		.uleb128 0x19
 1418 0159 3C       		.uleb128 0x3c
 1419 015a 19       		.uleb128 0x19
 1420 015b 00       		.byte	0
 1421 015c 00       		.byte	0
 1422 015d 00       		.byte	0
 1423              		.section	.debug_loc,"",%progbits
 1424              	.Ldebug_loc0:
 1425              	.LLST0:
 1426 0000 00000000 		.4byte	.LVL0
 1427 0004 04000000 		.4byte	.LVL1
 1428 0008 0100     		.2byte	0x1
 1429 000a 50       		.byte	0x50
 1430 000b 04000000 		.4byte	.LVL1
 1431 000f 30000000 		.4byte	.LVL9
 1432 0013 0100     		.2byte	0x1
 1433 0015 55       		.byte	0x55
 1434 0016 36000000 		.4byte	.LVL10
 1435 001a 4A000000 		.4byte	.LVL14
 1436 001e 0100     		.2byte	0x1
 1437 0020 55       		.byte	0x55
 1438 0021 00000000 		.4byte	0
 1439 0025 00000000 		.4byte	0
 1440              	.LLST1:
 1441 0029 00000000 		.4byte	.LVL0
 1442 002d 06000000 		.4byte	.LVL2
 1443 0031 0200     		.2byte	0x2
 1444 0033 30       		.byte	0x30
 1445 0034 9F       		.byte	0x9f
 1446 0035 06000000 		.4byte	.LVL2
 1447 0039 28000000 		.4byte	.LVL7
 1448 003d 0500     		.2byte	0x5
 1449 003f 38       		.byte	0x38
 1450 0040 74       		.byte	0x74
 1451 0041 00       		.sleb128 0
 1452 0042 1C       		.byte	0x1c
 1453 0043 9F       		.byte	0x9f
 1454 0044 00000000 		.4byte	0
 1455 0048 00000000 		.4byte	0
 1456              	.LLST2:
 1457 004c 00000000 		.4byte	.LVL15
 1458 0050 06000000 		.4byte	.LVL16
 1459 0054 0200     		.2byte	0x2
 1460 0056 30       		.byte	0x30
ARM GAS  C:\Users\Administrator\AppData\Local\Temp\ccbSmWgx.s 			page 30


 1461 0057 9F       		.byte	0x9f
 1462 0058 06000000 		.4byte	.LVL16
 1463 005c 2A000000 		.4byte	.LVL24
 1464 0060 0500     		.2byte	0x5
 1465 0062 38       		.byte	0x38
 1466 0063 75       		.byte	0x75
 1467 0064 00       		.sleb128 0
 1468 0065 1C       		.byte	0x1c
 1469 0066 9F       		.byte	0x9f
 1470 0067 00000000 		.4byte	0
 1471 006b 00000000 		.4byte	0
 1472              	.LLST3:
 1473 006f 00000000 		.4byte	.LVL15
 1474 0073 06000000 		.4byte	.LVL16
 1475 0077 0200     		.2byte	0x2
 1476 0079 30       		.byte	0x30
 1477 007a 9F       		.byte	0x9f
 1478 007b 06000000 		.4byte	.LVL16
 1479 007f 0E000000 		.4byte	.LVL18
 1480 0083 0100     		.2byte	0x1
 1481 0085 54       		.byte	0x54
 1482 0086 16000000 		.4byte	.LVL20
 1483 008a 4A000000 		.4byte	.LVL29
 1484 008e 0100     		.2byte	0x1
 1485 0090 54       		.byte	0x54
 1486 0091 00000000 		.4byte	0
 1487 0095 00000000 		.4byte	0
 1488              	.LLST4:
 1489 0099 00000000 		.4byte	.LVL33
 1490 009d 08000000 		.4byte	.LVL34
 1491 00a1 0100     		.2byte	0x1
 1492 00a3 50       		.byte	0x50
 1493 00a4 08000000 		.4byte	.LVL34
 1494 00a8 24000000 		.4byte	.LFE66
 1495 00ac 0400     		.2byte	0x4
 1496 00ae F3       		.byte	0xf3
 1497 00af 01       		.uleb128 0x1
 1498 00b0 50       		.byte	0x50
 1499 00b1 9F       		.byte	0x9f
 1500 00b2 00000000 		.4byte	0
 1501 00b6 00000000 		.4byte	0
 1502              	.LLST5:
 1503 00ba 00000000 		.4byte	.LVL33
 1504 00be 0D000000 		.4byte	.LVL35-1
 1505 00c2 0100     		.2byte	0x1
 1506 00c4 51       		.byte	0x51
 1507 00c5 0D000000 		.4byte	.LVL35-1
 1508 00c9 24000000 		.4byte	.LFE66
 1509 00cd 0400     		.2byte	0x4
 1510 00cf F3       		.byte	0xf3
 1511 00d0 01       		.uleb128 0x1
 1512 00d1 51       		.byte	0x51
 1513 00d2 9F       		.byte	0x9f
 1514 00d3 00000000 		.4byte	0
 1515 00d7 00000000 		.4byte	0
 1516              	.LLST6:
 1517 00db 00000000 		.4byte	.LVL39
ARM GAS  C:\Users\Administrator\AppData\Local\Temp\ccbSmWgx.s 			page 31


 1518 00df 06000000 		.4byte	.LVL40
 1519 00e3 0100     		.2byte	0x1
 1520 00e5 50       		.byte	0x50
 1521 00e6 06000000 		.4byte	.LVL40
 1522 00ea 28000000 		.4byte	.LFE67
 1523 00ee 0400     		.2byte	0x4
 1524 00f0 F3       		.byte	0xf3
 1525 00f1 01       		.uleb128 0x1
 1526 00f2 50       		.byte	0x50
 1527 00f3 9F       		.byte	0x9f
 1528 00f4 00000000 		.4byte	0
 1529 00f8 00000000 		.4byte	0
 1530              	.LLST7:
 1531 00fc 1E000000 		.4byte	.LVL44
 1532 0100 26000000 		.4byte	.LVL46
 1533 0104 0100     		.2byte	0x1
 1534 0106 54       		.byte	0x54
 1535 0107 00000000 		.4byte	0
 1536 010b 00000000 		.4byte	0
 1537              	.LLST8:
 1538 010f 00000000 		.4byte	.LVL47
 1539 0113 06000000 		.4byte	.LVL48
 1540 0117 0100     		.2byte	0x1
 1541 0119 50       		.byte	0x50
 1542 011a 06000000 		.4byte	.LVL48
 1543 011e 2A000000 		.4byte	.LFE68
 1544 0122 0400     		.2byte	0x4
 1545 0124 F3       		.byte	0xf3
 1546 0125 01       		.uleb128 0x1
 1547 0126 50       		.byte	0x50
 1548 0127 9F       		.byte	0x9f
 1549 0128 00000000 		.4byte	0
 1550 012c 00000000 		.4byte	0
 1551              	.LLST9:
 1552 0130 00000000 		.4byte	.LVL47
 1553 0134 0B000000 		.4byte	.LVL49-1
 1554 0138 0100     		.2byte	0x1
 1555 013a 51       		.byte	0x51
 1556 013b 0B000000 		.4byte	.LVL49-1
 1557 013f 28000000 		.4byte	.LVL53
 1558 0143 0100     		.2byte	0x1
 1559 0145 55       		.byte	0x55
 1560 0146 28000000 		.4byte	.LVL53
 1561 014a 2A000000 		.4byte	.LFE68
 1562 014e 0400     		.2byte	0x4
 1563 0150 F3       		.byte	0xf3
 1564 0151 01       		.uleb128 0x1
 1565 0152 51       		.byte	0x51
 1566 0153 9F       		.byte	0x9f
 1567 0154 00000000 		.4byte	0
 1568 0158 00000000 		.4byte	0
 1569              	.LLST10:
 1570 015c 00000000 		.4byte	.LVL54
 1571 0160 0C000000 		.4byte	.LVL55
 1572 0164 0100     		.2byte	0x1
 1573 0166 50       		.byte	0x50
 1574 0167 0C000000 		.4byte	.LVL55
ARM GAS  C:\Users\Administrator\AppData\Local\Temp\ccbSmWgx.s 			page 32


 1575 016b 1E000000 		.4byte	.LFE69
 1576 016f 0400     		.2byte	0x4
 1577 0171 F3       		.byte	0xf3
 1578 0172 01       		.uleb128 0x1
 1579 0173 50       		.byte	0x50
 1580 0174 9F       		.byte	0x9f
 1581 0175 00000000 		.4byte	0
 1582 0179 00000000 		.4byte	0
 1583              	.LLST11:
 1584 017d 00000000 		.4byte	.LVL54
 1585 0181 0C000000 		.4byte	.LVL55
 1586 0185 0100     		.2byte	0x1
 1587 0187 51       		.byte	0x51
 1588 0188 0C000000 		.4byte	.LVL55
 1589 018c 1E000000 		.4byte	.LFE69
 1590 0190 0400     		.2byte	0x4
 1591 0192 F3       		.byte	0xf3
 1592 0193 01       		.uleb128 0x1
 1593 0194 51       		.byte	0x51
 1594 0195 9F       		.byte	0x9f
 1595 0196 00000000 		.4byte	0
 1596 019a 00000000 		.4byte	0
 1597              	.LLST12:
 1598 019e 00000000 		.4byte	.LVL54
 1599 01a2 0C000000 		.4byte	.LVL55
 1600 01a6 0100     		.2byte	0x1
 1601 01a8 52       		.byte	0x52
 1602 01a9 0C000000 		.4byte	.LVL55
 1603 01ad 1E000000 		.4byte	.LFE69
 1604 01b1 0400     		.2byte	0x4
 1605 01b3 F3       		.byte	0xf3
 1606 01b4 01       		.uleb128 0x1
 1607 01b5 52       		.byte	0x52
 1608 01b6 9F       		.byte	0x9f
 1609 01b7 00000000 		.4byte	0
 1610 01bb 00000000 		.4byte	0
 1611              	.LLST13:
 1612 01bf 0C000000 		.4byte	.LVL55
 1613 01c3 18000000 		.4byte	.LVL57
 1614 01c7 0700     		.2byte	0x7
 1615 01c9 74       		.byte	0x74
 1616 01ca 00       		.sleb128 0
 1617 01cb F3       		.byte	0xf3
 1618 01cc 01       		.uleb128 0x1
 1619 01cd 52       		.byte	0x52
 1620 01ce 1C       		.byte	0x1c
 1621 01cf 9F       		.byte	0x9f
 1622 01d0 18000000 		.4byte	.LVL57
 1623 01d4 1A000000 		.4byte	.LVL58
 1624 01d8 0900     		.2byte	0x9
 1625 01da 74       		.byte	0x74
 1626 01db 00       		.sleb128 0
 1627 01dc F3       		.byte	0xf3
 1628 01dd 01       		.uleb128 0x1
 1629 01de 52       		.byte	0x52
 1630 01df 1C       		.byte	0x1c
 1631 01e0 23       		.byte	0x23
ARM GAS  C:\Users\Administrator\AppData\Local\Temp\ccbSmWgx.s 			page 33


 1632 01e1 01       		.uleb128 0x1
 1633 01e2 9F       		.byte	0x9f
 1634 01e3 00000000 		.4byte	0
 1635 01e7 00000000 		.4byte	0
 1636              	.LLST14:
 1637 01eb 00000000 		.4byte	.LVL59
 1638 01ef 0C000000 		.4byte	.LVL60
 1639 01f3 0100     		.2byte	0x1
 1640 01f5 50       		.byte	0x50
 1641 01f6 0C000000 		.4byte	.LVL60
 1642 01fa 1E000000 		.4byte	.LFE70
 1643 01fe 0400     		.2byte	0x4
 1644 0200 F3       		.byte	0xf3
 1645 0201 01       		.uleb128 0x1
 1646 0202 50       		.byte	0x50
 1647 0203 9F       		.byte	0x9f
 1648 0204 00000000 		.4byte	0
 1649 0208 00000000 		.4byte	0
 1650              	.LLST15:
 1651 020c 00000000 		.4byte	.LVL59
 1652 0210 0C000000 		.4byte	.LVL60
 1653 0214 0100     		.2byte	0x1
 1654 0216 51       		.byte	0x51
 1655 0217 0C000000 		.4byte	.LVL60
 1656 021b 1E000000 		.4byte	.LFE70
 1657 021f 0400     		.2byte	0x4
 1658 0221 F3       		.byte	0xf3
 1659 0222 01       		.uleb128 0x1
 1660 0223 51       		.byte	0x51
 1661 0224 9F       		.byte	0x9f
 1662 0225 00000000 		.4byte	0
 1663 0229 00000000 		.4byte	0
 1664              	.LLST16:
 1665 022d 00000000 		.4byte	.LVL59
 1666 0231 0C000000 		.4byte	.LVL60
 1667 0235 0100     		.2byte	0x1
 1668 0237 52       		.byte	0x52
 1669 0238 0C000000 		.4byte	.LVL60
 1670 023c 1E000000 		.4byte	.LFE70
 1671 0240 0400     		.2byte	0x4
 1672 0242 F3       		.byte	0xf3
 1673 0243 01       		.uleb128 0x1
 1674 0244 52       		.byte	0x52
 1675 0245 9F       		.byte	0x9f
 1676 0246 00000000 		.4byte	0
 1677 024a 00000000 		.4byte	0
 1678              	.LLST17:
 1679 024e 0C000000 		.4byte	.LVL60
 1680 0252 18000000 		.4byte	.LVL61
 1681 0256 0700     		.2byte	0x7
 1682 0258 74       		.byte	0x74
 1683 0259 00       		.sleb128 0
 1684 025a F3       		.byte	0xf3
 1685 025b 01       		.uleb128 0x1
 1686 025c 52       		.byte	0x52
 1687 025d 1C       		.byte	0x1c
 1688 025e 9F       		.byte	0x9f
ARM GAS  C:\Users\Administrator\AppData\Local\Temp\ccbSmWgx.s 			page 34


 1689 025f 18000000 		.4byte	.LVL61
 1690 0263 1A000000 		.4byte	.LVL62
 1691 0267 0900     		.2byte	0x9
 1692 0269 74       		.byte	0x74
 1693 026a 00       		.sleb128 0
 1694 026b F3       		.byte	0xf3
 1695 026c 01       		.uleb128 0x1
 1696 026d 52       		.byte	0x52
 1697 026e 1C       		.byte	0x1c
 1698 026f 23       		.byte	0x23
 1699 0270 01       		.uleb128 0x1
 1700 0271 9F       		.byte	0x9f
 1701 0272 00000000 		.4byte	0
 1702 0276 00000000 		.4byte	0
 1703              		.section	.debug_aranges,"",%progbits
 1704 0000 54000000 		.4byte	0x54
 1705 0004 0200     		.2byte	0x2
 1706 0006 00000000 		.4byte	.Ldebug_info0
 1707 000a 04       		.byte	0x4
 1708 000b 00       		.byte	0
 1709 000c 0000     		.2byte	0
 1710 000e 0000     		.2byte	0
 1711 0010 00000000 		.4byte	.LFB64
 1712 0014 4C000000 		.4byte	.LFE64-.LFB64
 1713 0018 00000000 		.4byte	.LFB65
 1714 001c 4C000000 		.4byte	.LFE65-.LFB65
 1715 0020 00000000 		.4byte	.LFB63
 1716 0024 16000000 		.4byte	.LFE63-.LFB63
 1717 0028 00000000 		.4byte	.LFB66
 1718 002c 24000000 		.4byte	.LFE66-.LFB66
 1719 0030 00000000 		.4byte	.LFB67
 1720 0034 28000000 		.4byte	.LFE67-.LFB67
 1721 0038 00000000 		.4byte	.LFB68
 1722 003c 2A000000 		.4byte	.LFE68-.LFB68
 1723 0040 00000000 		.4byte	.LFB69
 1724 0044 1E000000 		.4byte	.LFE69-.LFB69
 1725 0048 00000000 		.4byte	.LFB70
 1726 004c 1E000000 		.4byte	.LFE70-.LFB70
 1727 0050 00000000 		.4byte	0
 1728 0054 00000000 		.4byte	0
 1729              		.section	.debug_ranges,"",%progbits
 1730              	.Ldebug_ranges0:
 1731 0000 00000000 		.4byte	.LFB64
 1732 0004 4C000000 		.4byte	.LFE64
 1733 0008 00000000 		.4byte	.LFB65
 1734 000c 4C000000 		.4byte	.LFE65
 1735 0010 00000000 		.4byte	.LFB63
 1736 0014 16000000 		.4byte	.LFE63
 1737 0018 00000000 		.4byte	.LFB66
 1738 001c 24000000 		.4byte	.LFE66
 1739 0020 00000000 		.4byte	.LFB67
 1740 0024 28000000 		.4byte	.LFE67
 1741 0028 00000000 		.4byte	.LFB68
 1742 002c 2A000000 		.4byte	.LFE68
 1743 0030 00000000 		.4byte	.LFB69
 1744 0034 1E000000 		.4byte	.LFE69
 1745 0038 00000000 		.4byte	.LFB70
ARM GAS  C:\Users\Administrator\AppData\Local\Temp\ccbSmWgx.s 			page 35


 1746 003c 1E000000 		.4byte	.LFE70
 1747 0040 00000000 		.4byte	0
 1748 0044 00000000 		.4byte	0
 1749              		.section	.debug_line,"",%progbits
 1750              	.Ldebug_line0:
 1751 0000 94020000 		.section	.debug_str,"MS",%progbits,1
 1751      0200A701 
 1751      00000201 
 1751      FB0E0D00 
 1751      01010101 
 1752              	.LASF9:
 1753 0000 5F5F7569 		.ascii	"__uint8_t\000"
 1753      6E74385F 
 1753      7400
 1754              	.LASF31:
 1755 000a 474E5520 		.ascii	"GNU C 4.9.3 20150303 (release) [ARM/embedded-4_9-br"
 1755      4320342E 
 1755      392E3320 
 1755      32303135 
 1755      30333033 
 1756 003d 616E6368 		.ascii	"anch revision 221220] -mcpu=cortex-m0 -mthumb -g -O"
 1756      20726576 
 1756      6973696F 
 1756      6E203232 
 1756      31323230 
 1757 0070 73202D66 		.ascii	"s -ffunction-sections -ffat-lto-objects\000"
 1757      66756E63 
 1757      74696F6E 
 1757      2D736563 
 1757      74696F6E 
 1758              	.LASF23:
 1759 0098 5350495F 		.ascii	"SPI_Init\000"
 1759      496E6974 
 1759      00
 1760              	.LASF34:
 1761 00a1 5350495F 		.ascii	"SPI_Send_Dat\000"
 1761      53656E64 
 1761      5F446174 
 1761      00
 1762              	.LASF36:
 1763 00ae 464D5F4D 		.ascii	"FM_MISO_Read\000"
 1763      49534F5F 
 1763      52656164 
 1763      00
 1764              	.LASF13:
 1765 00bb 666C6F61 		.ascii	"float\000"
 1765      7400
 1766              	.LASF28:
 1767 00c1 464D5F53 		.ascii	"FM_SCK_Write\000"
 1767      434B5F57 
 1767      72697465 
 1767      00
 1768              	.LASF24:
 1769 00ce 53504952 		.ascii	"SPIRead_Sequence\000"
 1769      6561645F 
 1769      53657175 
 1769      656E6365 
ARM GAS  C:\Users\Administrator\AppData\Local\Temp\ccbSmWgx.s 			page 36


 1769      00
 1770              	.LASF1:
 1771 00df 756E7369 		.ascii	"unsigned char\000"
 1771      676E6564 
 1771      20636861 
 1771      7200
 1772              	.LASF5:
 1773 00ed 6C6F6E67 		.ascii	"long unsigned int\000"
 1773      20756E73 
 1773      69676E65 
 1773      6420696E 
 1773      7400
 1774              	.LASF3:
 1775 00ff 73686F72 		.ascii	"short unsigned int\000"
 1775      7420756E 
 1775      7369676E 
 1775      65642069 
 1775      6E7400
 1776              	.LASF30:
 1777 0112 464D5F4D 		.ascii	"FM_MOSI_Write\000"
 1777      4F53495F 
 1777      57726974 
 1777      6500
 1778              	.LASF20:
 1779 0120 7370695F 		.ascii	"spi_SetReg\000"
 1779      53657452 
 1779      656700
 1780              	.LASF14:
 1781 012b 646F7562 		.ascii	"double\000"
 1781      6C6500
 1782              	.LASF12:
 1783 0132 75696E74 		.ascii	"uint16\000"
 1783      313600
 1784              	.LASF19:
 1785 0139 75635265 		.ascii	"ucRegVal\000"
 1785      6756616C 
 1785      00
 1786              	.LASF29:
 1787 0142 43794465 		.ascii	"CyDelayUs\000"
 1787      6C617955 
 1787      7300
 1788              	.LASF8:
 1789 014c 756E7369 		.ascii	"unsigned int\000"
 1789      676E6564 
 1789      20696E74 
 1789      00
 1790              	.LASF17:
 1791 0159 494E5438 		.ascii	"INT8U\000"
 1791      5500
 1792              	.LASF7:
 1793 015f 6C6F6E67 		.ascii	"long long unsigned int\000"
 1793      206C6F6E 
 1793      6720756E 
 1793      7369676E 
 1793      65642069 
 1794              	.LASF10:
 1795 0176 75696E74 		.ascii	"uint8_t\000"
ARM GAS  C:\Users\Administrator\AppData\Local\Temp\ccbSmWgx.s 			page 37


 1795      385F7400 
 1796              	.LASF22:
 1797 017e 7370695F 		.ascii	"spi_GetReg2\000"
 1797      47657452 
 1797      65673200 
 1798              	.LASF35:
 1799 018a 5350495F 		.ascii	"SPI_Receive_Dat\000"
 1799      52656365 
 1799      6976655F 
 1799      44617400 
 1800              	.LASF21:
 1801 019a 7370695F 		.ascii	"spi_GetReg\000"
 1801      47657452 
 1801      656700
 1802              	.LASF16:
 1803 01a5 73697A65 		.ascii	"sizetype\000"
 1803      74797065 
 1803      00
 1804              	.LASF6:
 1805 01ae 6C6F6E67 		.ascii	"long long int\000"
 1805      206C6F6E 
 1805      6720696E 
 1805      7400
 1806              	.LASF25:
 1807 01bc 73657175 		.ascii	"sequence_length\000"
 1807      656E6365 
 1807      5F6C656E 
 1807      67746800 
 1808              	.LASF26:
 1809 01cc 7265675F 		.ascii	"reg_value\000"
 1809      76616C75 
 1809      6500
 1810              	.LASF18:
 1811 01d6 75635265 		.ascii	"ucRegAddr\000"
 1811      67416464 
 1811      7200
 1812              	.LASF2:
 1813 01e0 73686F72 		.ascii	"short int\000"
 1813      7420696E 
 1813      7400
 1814              	.LASF32:
 1815 01ea 436F6465 		.ascii	"Code\\Device\\FM175XX\\SPI\\spi.c\000"
 1815      5C446576 
 1815      6963655C 
 1815      464D3137 
 1815      3558585C 
 1816              	.LASF11:
 1817 0208 75696E74 		.ascii	"uint8\000"
 1817      3800
 1818              	.LASF27:
 1819 020e 53504957 		.ascii	"SPIWrite_Sequence\000"
 1819      72697465 
 1819      5F536571 
 1819      75656E63 
 1819      6500
 1820              	.LASF4:
 1821 0220 6C6F6E67 		.ascii	"long int\000"
ARM GAS  C:\Users\Administrator\AppData\Local\Temp\ccbSmWgx.s 			page 38


 1821      20696E74 
 1821      00
 1822              	.LASF15:
 1823 0229 63686172 		.ascii	"char\000"
 1823      00
 1824              	.LASF0:
 1825 022e 7369676E 		.ascii	"signed char\000"
 1825      65642063 
 1825      68617200 
 1826              	.LASF33:
 1827 023a 473A5C50 		.ascii	"G:\\Psoc4_prj\\7.rental_house\\18-04-11\\second_ima"
 1827      736F6334 
 1827      5F70726A 
 1827      5C372E72 
 1827      656E7461 
 1828 0269 6765735B 		.ascii	"ges[4-9]\\EntranceGuard_171019-12.50\\EntranceGuard"
 1828      342D395D 
 1828      5C456E74 
 1828      72616E63 
 1828      65477561 
 1829 029a 2E637964 		.ascii	".cydsn\000"
 1829      736E00
 1830              	.LASF37:
 1831 02a1 464D5F4E 		.ascii	"FM_NCS_Write\000"
 1831      43535F57 
 1831      72697465 
 1831      00
 1832              		.ident	"GCC: (GNU Tools for ARM Embedded Processors) 4.9.3 20150303 (release) [ARM/embedded-4_9-br
