ARM GAS  C:\Users\Administrator\AppData\Local\Temp\ccDtb8Uo.s 			page 1


   1              		.cpu cortex-m0
   2              		.fpu softvfp
   3              		.eabi_attribute 20, 1
   4              		.eabi_attribute 21, 1
   5              		.eabi_attribute 23, 3
   6              		.eabi_attribute 24, 1
   7              		.eabi_attribute 25, 1
   8              		.eabi_attribute 26, 1
   9              		.eabi_attribute 30, 4
  10              		.eabi_attribute 34, 0
  11              		.eabi_attribute 18, 4
  12              		.code	16
  13              		.file	"Uart433.c"
  14              		.text
  15              	.Ltext0:
  16              		.cfi_sections	.debug_frame
  17              		.section	.text.Uart433Send,"ax",%progbits
  18              		.align	1
  19              		.global	Uart433Send
  20              		.code	16
  21              		.thumb_func
  22              		.type	Uart433Send, %function
  23              	Uart433Send:
  24              	.LFB63:
  25              		.file 1 "Code\\Device\\GPRS\\Uart433.c"
   1:Code\Device\GPRS/Uart433.c **** //*************************************************************************************************
   2:Code\Device\GPRS/Uart433.c **** // File name		: Protocol_CmdParse.c
   3:Code\Device\GPRS/Uart433.c **** // Description		: GPRS命令解析的相关函数
   4:Code\Device\GPRS/Uart433.c **** // Author			: Keno
   5:Code\Device\GPRS/Uart433.c **** // Date				: 2016.8.8
   6:Code\Device\GPRS/Uart433.c **** // Version			: V02
   7:Code\Device\GPRS/Uart433.c **** //-------------------------------------------------------------------------------------------------
   8:Code\Device\GPRS/Uart433.c **** // Info				: 
   9:Code\Device\GPRS/Uart433.c **** //*************************************************************************************************
  10:Code\Device\GPRS/Uart433.c **** #include "Uart433.h"
  11:Code\Device\GPRS/Uart433.c **** #include "config.h"
  12:Code\Device\GPRS/Uart433.c **** 
  13:Code\Device\GPRS/Uart433.c **** 
  14:Code\Device\GPRS/Uart433.c **** //******************************************* 外部变量声明 ****************************************
  15:Code\Device\GPRS/Uart433.c **** extern volatile char  GPRS_AT_Buf[64];      					// AT指令缓存，用于AT指令解析			//
  16:Code\Device\GPRS/Uart433.c **** extern volatile uint8 GPRS_AT_RecFinish;
  17:Code\Device\GPRS/Uart433.c **** 
  18:Code\Device\GPRS/Uart433.c **** extern volatile uint8 GPRSCmdParseFlag1;
  19:Code\Device\GPRS/Uart433.c **** extern volatile uint8 GPRSCmdParseFlag2;
  20:Code\Device\GPRS/Uart433.c **** extern volatile uint8 GPRSCmd_buf1[DATABUF_SIZE];
  21:Code\Device\GPRS/Uart433.c **** extern volatile uint8 GPRSCmd_buf2[DATABUF_SIZE];
  22:Code\Device\GPRS/Uart433.c **** 
  23:Code\Device\GPRS/Uart433.c **** 
  24:Code\Device\GPRS/Uart433.c **** 
  25:Code\Device\GPRS/Uart433.c **** //********************************************* 变量声明 ******************************************
  26:Code\Device\GPRS/Uart433.c **** volatile uint8  RecvType = 0;
  27:Code\Device\GPRS/Uart433.c **** 
  28:Code\Device\GPRS/Uart433.c **** volatile char   GPRS_AT_RecBuf[64];
  29:Code\Device\GPRS/Uart433.c **** volatile uint8  AT_RecvSta;
  30:Code\Device\GPRS/Uart433.c **** volatile uint8  AT_index;
  31:Code\Device\GPRS/Uart433.c **** 
  32:Code\Device\GPRS/Uart433.c **** volatile uint8  CmdRev_buf[DATABUF_SIZE];
ARM GAS  C:\Users\Administrator\AppData\Local\Temp\ccDtb8Uo.s 			page 2


  33:Code\Device\GPRS/Uart433.c **** volatile uint16 Cmd_Baglen;
  34:Code\Device\GPRS/Uart433.c **** volatile uint8  Cmd_Revsta;
  35:Code\Device\GPRS/Uart433.c **** volatile uint16 Cmd_index;
  36:Code\Device\GPRS/Uart433.c **** 
  37:Code\Device\GPRS/Uart433.c **** 
  38:Code\Device\GPRS/Uart433.c **** 
  39:Code\Device\GPRS/Uart433.c **** //*************************************************************************************************
  40:Code\Device\GPRS/Uart433.c **** // Function name	: Uart433Send
  41:Code\Device\GPRS/Uart433.c **** // Description		: 串口发送指定大小的数据
  42:Code\Device\GPRS/Uart433.c **** // Parameter		: *data
  43:Code\Device\GPRS/Uart433.c **** //					: size
  44:Code\Device\GPRS/Uart433.c **** // Return			: none
  45:Code\Device\GPRS/Uart433.c **** //-------------------------------------------------------------------------------------------------
  46:Code\Device\GPRS/Uart433.c **** // Info				: 通用的发送数据给GPRS模块的函数.
  47:Code\Device\GPRS/Uart433.c **** //*************************************************************************************************
  48:Code\Device\GPRS/Uart433.c **** void Uart433Send(uint8 *data, uint16 size)
  49:Code\Device\GPRS/Uart433.c **** {
  26              		.loc 1 49 0
  27              		.cfi_startproc
  28              	.LVL0:
  29 0000 38B5     		push	{r3, r4, r5, lr}
  30              		.cfi_def_cfa_offset 16
  31              		.cfi_offset 3, -16
  32              		.cfi_offset 4, -12
  33              		.cfi_offset 5, -8
  34              		.cfi_offset 14, -4
  35 0002 041C     		mov	r4, r0
  36 0004 4518     		add	r5, r0, r1
  37              	.LVL1:
  38              	.L2:
  50:Code\Device\GPRS/Uart433.c ****     uint16 i;
  51:Code\Device\GPRS/Uart433.c ****     
  52:Code\Device\GPRS/Uart433.c ****     for (i = 0; i < size; i++)
  39              		.loc 1 52 0 discriminator 1
  40 0006 AC42     		cmp	r4, r5
  41 0008 04D0     		beq	.L5
  53:Code\Device\GPRS/Uart433.c ****     {
  54:Code\Device\GPRS/Uart433.c **** 		UART_433_UartPutChar(data[i]);
  42              		.loc 1 54 0 discriminator 3
  43 000a 2078     		ldrb	r0, [r4]
  44 000c FFF7FEFF 		bl	UART_433_SpiUartWriteTxData
  45              	.LVL2:
  46 0010 0134     		add	r4, r4, #1
  47              	.LVL3:
  48 0012 F8E7     		b	.L2
  49              	.LVL4:
  50              	.L5:
  55:Code\Device\GPRS/Uart433.c ****     }
  56:Code\Device\GPRS/Uart433.c **** }
  51              		.loc 1 56 0
  52              		@ sp needed
  53              	.LVL5:
  54 0014 38BD     		pop	{r3, r4, r5, pc}
  55              		.cfi_endproc
  56              	.LFE63:
  57              		.size	Uart433Send, .-Uart433Send
  58              		.section	.text.Uart433Recv,"ax",%progbits
ARM GAS  C:\Users\Administrator\AppData\Local\Temp\ccDtb8Uo.s 			page 3


  59              		.align	1
  60              		.global	Uart433Recv
  61              		.code	16
  62              		.thumb_func
  63              		.type	Uart433Recv, %function
  64              	Uart433Recv:
  65              	.LFB64:
  57:Code\Device\GPRS/Uart433.c **** 
  58:Code\Device\GPRS/Uart433.c **** //*************************************************************************************************
  59:Code\Device\GPRS/Uart433.c **** // Function name	: Uart433Recv
  60:Code\Device\GPRS/Uart433.c **** // Description		: 串口接收GPRS模块的数据
  61:Code\Device\GPRS/Uart433.c **** // Parameter		: none
  62:Code\Device\GPRS/Uart433.c **** // Return			: none
  63:Code\Device\GPRS/Uart433.c **** //-------------------------------------------------------------------------------------------------
  64:Code\Device\GPRS/Uart433.c **** // Info				: 在串口中断中调用
  65:Code\Device\GPRS/Uart433.c **** //-------------------------------------------------------------------------------------------------
  66:Code\Device\GPRS/Uart433.c **** // 注意				: '>'括号后没有换行；
  67:Code\Device\GPRS/Uart433.c **** //*************************************************************************************************
  68:Code\Device\GPRS/Uart433.c **** void Uart433Recv(uint8 uData)
  69:Code\Device\GPRS/Uart433.c **** {
  66              		.loc 1 69 0
  67              		.cfi_startproc
  68              	.LVL6:
  69 0000 70B5     		push	{r4, r5, r6, lr}
  70              		.cfi_def_cfa_offset 16
  71              		.cfi_offset 4, -16
  72              		.cfi_offset 5, -12
  73              		.cfi_offset 6, -8
  74              		.cfi_offset 14, -4
  70:Code\Device\GPRS/Uart433.c **** 	switch (AT_RecvSta)
  75              		.loc 1 70 0
  76 0002 674B     		ldr	r3, .L32
  69:Code\Device\GPRS/Uart433.c **** 	switch (AT_RecvSta)
  77              		.loc 1 69 0
  78 0004 041C     		mov	r4, r0
  79              		.loc 1 70 0
  80 0006 1878     		ldrb	r0, [r3]
  81              	.LVL7:
  82 0008 C0B2     		uxtb	r0, r0
  83 000a 0428     		cmp	r0, #4
  84 000c 5ED8     		bhi	.L7
  85 000e FFF7FEFF 		bl	__gnu_thumb1_case_uqi
  86              	.L9:
  87 0012 03       		.byte	(.L8-.L9)/2
  88 0013 13       		.byte	(.L10-.L9)/2
  89 0014 20       		.byte	(.L11-.L9)/2
  90 0015 5D       		.byte	(.L7-.L9)/2
  91 0016 3D       		.byte	(.L12-.L9)/2
  92 0017 00       		.p2align 1
  93              	.L8:
  71:Code\Device\GPRS/Uart433.c **** 	{
  72:Code\Device\GPRS/Uart433.c **** 		case HEAD_R:
  73:Code\Device\GPRS/Uart433.c **** 			if ((uData == '\r') && (RecvType == 0))
  94              		.loc 1 73 0
  95 0018 0D2C     		cmp	r4, #13
  96 001a 57D1     		bne	.L7
  97              		.loc 1 73 0 is_stmt 0 discriminator 1
ARM GAS  C:\Users\Administrator\AppData\Local\Temp\ccDtb8Uo.s 			page 4


  98 001c 6149     		ldr	r1, .L32+4
  99 001e 0A78     		ldrb	r2, [r1]
 100 0020 D2B2     		uxtb	r2, r2
 101 0022 002A     		cmp	r2, #0
 102 0024 52D1     		bne	.L7
  74:Code\Device\GPRS/Uart433.c **** 			{
  75:Code\Device\GPRS/Uart433.c **** 				RecvType = 1;
 103              		.loc 1 75 0 is_stmt 1
 104 0026 0120     		mov	r0, #1
 105 0028 0870     		strb	r0, [r1]
  76:Code\Device\GPRS/Uart433.c **** 				AT_index = 0;
 106              		.loc 1 76 0
 107 002a 5F49     		ldr	r1, .L32+8
 108 002c 0A70     		strb	r2, [r1]
  77:Code\Device\GPRS/Uart433.c **** 				AT_RecvSta = HEAD_N;
 109              		.loc 1 77 0
 110 002e 1870     		strb	r0, [r3]
  78:Code\Device\GPRS/Uart433.c **** 				GPRS_AT_RecBuf[AT_index++] = uData;
 111              		.loc 1 78 0
 112 0030 0B78     		ldrb	r3, [r1]
 113 0032 DBB2     		uxtb	r3, r3
 114 0034 1A18     		add	r2, r3, r0
 115 0036 07E0     		b	.L27
 116              	.L10:
  79:Code\Device\GPRS/Uart433.c **** 			}
  80:Code\Device\GPRS/Uart433.c **** 			break;
  81:Code\Device\GPRS/Uart433.c **** 		case HEAD_N:
  82:Code\Device\GPRS/Uart433.c **** 			if (uData == '\n')
 117              		.loc 1 82 0
 118 0038 0A2C     		cmp	r4, #10
 119 003a 47D1     		bne	.L7
  83:Code\Device\GPRS/Uart433.c **** 			{
  84:Code\Device\GPRS/Uart433.c **** 				AT_RecvSta = REV_DATA;
 120              		.loc 1 84 0
 121 003c 0222     		mov	r2, #2
  85:Code\Device\GPRS/Uart433.c **** 				GPRS_AT_RecBuf[AT_index++] = uData;
 122              		.loc 1 85 0
 123 003e 5A49     		ldr	r1, .L32+8
  84:Code\Device\GPRS/Uart433.c **** 				GPRS_AT_RecBuf[AT_index++] = uData;
 124              		.loc 1 84 0
 125 0040 1A70     		strb	r2, [r3]
 126              		.loc 1 85 0
 127 0042 0B78     		ldrb	r3, [r1]
 128 0044 DBB2     		uxtb	r3, r3
 129 0046 5A1C     		add	r2, r3, #1
 130              	.L27:
 131 0048 D2B2     		uxtb	r2, r2
 132 004a 0A70     		strb	r2, [r1]
 133 004c 574A     		ldr	r2, .L32+12
 134 004e D454     		strb	r4, [r2, r3]
 135 0050 3CE0     		b	.L7
 136              	.L11:
 137 0052 554A     		ldr	r2, .L32+8
 138 0054 554D     		ldr	r5, .L32+12
  86:Code\Device\GPRS/Uart433.c **** 			}
  87:Code\Device\GPRS/Uart433.c **** 			break;
  88:Code\Device\GPRS/Uart433.c **** 		case REV_DATA:
ARM GAS  C:\Users\Administrator\AppData\Local\Temp\ccDtb8Uo.s 			page 5


  89:Code\Device\GPRS/Uart433.c **** 			if (uData == '>')
  90:Code\Device\GPRS/Uart433.c **** 			{
  91:Code\Device\GPRS/Uart433.c **** 				GPRS_AT_RecBuf[AT_index++] = uData;
 139              		.loc 1 91 0
 140 0056 1178     		ldrb	r1, [r2]
 141 0058 C9B2     		uxtb	r1, r1
 142 005a 481C     		add	r0, r1, #1
 143 005c C0B2     		uxtb	r0, r0
 144 005e 1070     		strb	r0, [r2]
 145 0060 6C54     		strb	r4, [r5, r1]
  89:Code\Device\GPRS/Uart433.c **** 			{
 146              		.loc 1 89 0
 147 0062 3E2C     		cmp	r4, #62
 148 0064 0DD1     		bne	.L15
  92:Code\Device\GPRS/Uart433.c **** 				AT_RecvSta = HEAD_R;
 149              		.loc 1 92 0
 150 0066 0026     		mov	r6, #0
 151 0068 1E70     		strb	r6, [r3]
  93:Code\Device\GPRS/Uart433.c **** 				AT_index = 0;
 152              		.loc 1 93 0
 153 006a 1670     		strb	r6, [r2]
  94:Code\Device\GPRS/Uart433.c **** 				GPRS_AT_RecFinish = 1;
 154              		.loc 1 94 0
 155 006c 0122     		mov	r2, #1
 156 006e 504B     		ldr	r3, .L32+16
  95:Code\Device\GPRS/Uart433.c **** 				memcpy((uint8 *)GPRS_AT_Buf, (uint8 *)GPRS_AT_RecBuf, sizeof(GPRS_AT_RecBuf));
 157              		.loc 1 95 0
 158 0070 291C     		mov	r1, r5
  94:Code\Device\GPRS/Uart433.c **** 				GPRS_AT_RecFinish = 1;
 159              		.loc 1 94 0
 160 0072 1A70     		strb	r2, [r3]
 161              		.loc 1 95 0
 162 0074 4F48     		ldr	r0, .L32+20
 163 0076 3F32     		add	r2, r2, #63
 164 0078 FFF7FEFF 		bl	memcpy
 165              	.LVL8:
  96:Code\Device\GPRS/Uart433.c **** 				memset((uint8 *)GPRS_AT_RecBuf, 0, sizeof(GPRS_AT_RecBuf));
 166              		.loc 1 96 0
 167 007c 281C     		mov	r0, r5
 168 007e 311C     		mov	r1, r6
 169 0080 21E0     		b	.L28
 170              	.L15:
  97:Code\Device\GPRS/Uart433.c **** 			}
  98:Code\Device\GPRS/Uart433.c **** 			else
  99:Code\Device\GPRS/Uart433.c **** 			{
 100:Code\Device\GPRS/Uart433.c **** 				GPRS_AT_RecBuf[AT_index++] = uData;
 101:Code\Device\GPRS/Uart433.c **** 				if (uData == '\r')
 171              		.loc 1 101 0
 172 0082 0D2C     		cmp	r4, #13
 173 0084 22D1     		bne	.L7
 102:Code\Device\GPRS/Uart433.c **** 				{
 103:Code\Device\GPRS/Uart433.c **** 					AT_RecvSta = TAIL_N;
 174              		.loc 1 103 0
 175 0086 0422     		mov	r2, #4
 176 0088 1A70     		strb	r2, [r3]
 177 008a 1FE0     		b	.L7
 178              	.L12:
ARM GAS  C:\Users\Administrator\AppData\Local\Temp\ccDtb8Uo.s 			page 6


 104:Code\Device\GPRS/Uart433.c **** 				}
 105:Code\Device\GPRS/Uart433.c **** 			}
 106:Code\Device\GPRS/Uart433.c **** 			break;
 107:Code\Device\GPRS/Uart433.c **** 		case TAIL_N:
 108:Code\Device\GPRS/Uart433.c **** 			if (uData == '\n')
 179              		.loc 1 108 0
 180 008c 0A2C     		cmp	r4, #10
 181 008e 1DD1     		bne	.L7
 109:Code\Device\GPRS/Uart433.c **** 			{
 110:Code\Device\GPRS/Uart433.c **** 				GPRS_AT_RecBuf[AT_index++] = uData;
 182              		.loc 1 110 0
 183 0090 4549     		ldr	r1, .L32+8
 184 0092 464E     		ldr	r6, .L32+12
 185 0094 0A78     		ldrb	r2, [r1]
 186 0096 D2B2     		uxtb	r2, r2
 187 0098 501C     		add	r0, r2, #1
 188 009a C0B2     		uxtb	r0, r0
 189 009c 0870     		strb	r0, [r1]
 190 009e B454     		strb	r4, [r6, r2]
 111:Code\Device\GPRS/Uart433.c **** 				AT_RecvSta = HEAD_R;
 191              		.loc 1 111 0
 192 00a0 0022     		mov	r2, #0
 193 00a2 1A70     		strb	r2, [r3]
 112:Code\Device\GPRS/Uart433.c **** 				AT_index = 0;
 113:Code\Device\GPRS/Uart433.c **** 				RecvType = 0;
 194              		.loc 1 113 0
 195 00a4 3F4B     		ldr	r3, .L32+4
 112:Code\Device\GPRS/Uart433.c **** 				AT_index = 0;
 196              		.loc 1 112 0
 197 00a6 0A70     		strb	r2, [r1]
 198              		.loc 1 113 0
 199 00a8 1A70     		strb	r2, [r3]
 114:Code\Device\GPRS/Uart433.c **** 				if (GPRS_AT_RecFinish == 0)
 200              		.loc 1 114 0
 201 00aa 414B     		ldr	r3, .L32+16
 202 00ac 1D78     		ldrb	r5, [r3]
 203 00ae EDB2     		uxtb	r5, r5
 204 00b0 9542     		cmp	r5, r2
 205 00b2 0BD1     		bne	.L7
 115:Code\Device\GPRS/Uart433.c **** 				{
 116:Code\Device\GPRS/Uart433.c **** 					GPRS_AT_RecFinish = 1;
 206              		.loc 1 116 0
 207 00b4 0132     		add	r2, r2, #1
 208 00b6 1A70     		strb	r2, [r3]
 117:Code\Device\GPRS/Uart433.c **** 					memcpy((uint8 *)GPRS_AT_Buf, (uint8 *)GPRS_AT_RecBuf, sizeof(GPRS_AT_RecBuf));
 209              		.loc 1 117 0
 210 00b8 311C     		mov	r1, r6
 211 00ba 3E48     		ldr	r0, .L32+20
 212 00bc 3F32     		add	r2, r2, #63
 213 00be FFF7FEFF 		bl	memcpy
 214              	.LVL9:
 118:Code\Device\GPRS/Uart433.c **** 					memset((uint8 *)GPRS_AT_RecBuf, 0, sizeof(GPRS_AT_RecBuf));
 215              		.loc 1 118 0
 216 00c2 301C     		mov	r0, r6
 217 00c4 291C     		mov	r1, r5
 218              	.L28:
 219 00c6 4022     		mov	r2, #64
ARM GAS  C:\Users\Administrator\AppData\Local\Temp\ccDtb8Uo.s 			page 7


 220 00c8 FFF7FEFF 		bl	memset
 221              	.LVL10:
 222              	.L7:
 119:Code\Device\GPRS/Uart433.c **** 				}
 120:Code\Device\GPRS/Uart433.c **** 			}
 121:Code\Device\GPRS/Uart433.c **** 			break;
 122:Code\Device\GPRS/Uart433.c **** 		default:
 123:Code\Device\GPRS/Uart433.c **** 			break;
 124:Code\Device\GPRS/Uart433.c **** 	}
 125:Code\Device\GPRS/Uart433.c **** 		
 126:Code\Device\GPRS/Uart433.c **** 	switch (Cmd_Revsta)
 223              		.loc 1 126 0
 224 00cc 3A4B     		ldr	r3, .L32+24
 225 00ce 1878     		ldrb	r0, [r3]
 226 00d0 C0B2     		uxtb	r0, r0
 227 00d2 0428     		cmp	r0, #4
 228 00d4 63D8     		bhi	.L6
 229 00d6 FFF7FEFF 		bl	__gnu_thumb1_case_uqi
 230              	.L18:
 231 00da 03       		.byte	(.L17-.L18)/2
 232 00db 14       		.byte	(.L19-.L18)/2
 233 00dc 21       		.byte	(.L20-.L18)/2
 234 00dd 23       		.byte	(.L21-.L18)/2
 235 00de 34       		.byte	(.L22-.L18)/2
 236 00df 00       		.p2align 1
 237              	.L17:
 127:Code\Device\GPRS/Uart433.c **** 	{
 128:Code\Device\GPRS/Uart433.c **** 		case HEX_EF:
 129:Code\Device\GPRS/Uart433.c **** 			if ((uData == 0xef) && (RecvType == 0))
 238              		.loc 1 129 0
 239 00e0 EF2C     		cmp	r4, #239
 240 00e2 5CD1     		bne	.L6
 241              		.loc 1 129 0 is_stmt 0 discriminator 1
 242 00e4 2F49     		ldr	r1, .L32+4
 243 00e6 0A78     		ldrb	r2, [r1]
 244 00e8 D2B2     		uxtb	r2, r2
 245 00ea 002A     		cmp	r2, #0
 246 00ec 57D1     		bne	.L6
 130:Code\Device\GPRS/Uart433.c **** 			{
 131:Code\Device\GPRS/Uart433.c **** 				RecvType = 2;
 247              		.loc 1 131 0 is_stmt 1
 248 00ee 0220     		mov	r0, #2
 249 00f0 0870     		strb	r0, [r1]
 132:Code\Device\GPRS/Uart433.c **** 				Cmd_index = 0;
 250              		.loc 1 132 0
 251 00f2 3249     		ldr	r1, .L32+28
 252 00f4 0A80     		strh	r2, [r1]
 133:Code\Device\GPRS/Uart433.c **** 				Cmd_Revsta = HEX_3A;
 253              		.loc 1 133 0
 254 00f6 0132     		add	r2, r2, #1
 255 00f8 1A70     		strb	r2, [r3]
 134:Code\Device\GPRS/Uart433.c **** 				CmdRev_buf[Cmd_index++] = uData;
 256              		.loc 1 134 0
 257 00fa 0B88     		ldrh	r3, [r1]
 258 00fc 9BB2     		uxth	r3, r3
 259 00fe 9A18     		add	r2, r3, r2
 260 0100 07E0     		b	.L30
ARM GAS  C:\Users\Administrator\AppData\Local\Temp\ccDtb8Uo.s 			page 8


 261              	.L19:
 135:Code\Device\GPRS/Uart433.c **** 			}
 136:Code\Device\GPRS/Uart433.c **** 			break;
 137:Code\Device\GPRS/Uart433.c **** 		case HEX_3A:
 138:Code\Device\GPRS/Uart433.c **** 			if (uData == 0x3a)
 262              		.loc 1 138 0
 263 0102 3A2C     		cmp	r4, #58
 264 0104 4BD1     		bne	.L6
 139:Code\Device\GPRS/Uart433.c **** 			{
 140:Code\Device\GPRS/Uart433.c **** 				Cmd_Revsta = HEX_LEN_H;
 265              		.loc 1 140 0
 266 0106 0222     		mov	r2, #2
 267              	.L31:
 141:Code\Device\GPRS/Uart433.c **** 				CmdRev_buf[Cmd_index++] = uData;
 268              		.loc 1 141 0
 269 0108 2C49     		ldr	r1, .L32+28
 140:Code\Device\GPRS/Uart433.c **** 				CmdRev_buf[Cmd_index++] = uData;
 270              		.loc 1 140 0
 271 010a 1A70     		strb	r2, [r3]
 272              		.loc 1 141 0
 273 010c 0B88     		ldrh	r3, [r1]
 274 010e 9BB2     		uxth	r3, r3
 275 0110 5A1C     		add	r2, r3, #1
 276              	.L30:
 277 0112 92B2     		uxth	r2, r2
 278 0114 0A80     		strh	r2, [r1]
 279 0116 2A4A     		ldr	r2, .L32+32
 280 0118 D454     		strb	r4, [r2, r3]
 281 011a 40E0     		b	.L6
 282              	.L20:
 142:Code\Device\GPRS/Uart433.c **** 			}
 143:Code\Device\GPRS/Uart433.c **** 			break;
 144:Code\Device\GPRS/Uart433.c **** 		case HEX_LEN_H:
 145:Code\Device\GPRS/Uart433.c **** 			Cmd_Revsta = HEX_LEN_L;
 283              		.loc 1 145 0
 284 011c 0322     		mov	r2, #3
 285 011e F3E7     		b	.L31
 286              	.L21:
 146:Code\Device\GPRS/Uart433.c **** 			CmdRev_buf[Cmd_index++] = uData;
 147:Code\Device\GPRS/Uart433.c **** 			break;
 148:Code\Device\GPRS/Uart433.c **** 		case HEX_LEN_L:
 149:Code\Device\GPRS/Uart433.c **** 			Cmd_Revsta = HEX_DATA;
 287              		.loc 1 149 0
 288 0120 0422     		mov	r2, #4
 150:Code\Device\GPRS/Uart433.c **** 			CmdRev_buf[Cmd_index++] = uData;
 289              		.loc 1 150 0
 290 0122 2649     		ldr	r1, .L32+28
 149:Code\Device\GPRS/Uart433.c **** 			CmdRev_buf[Cmd_index++] = uData;
 291              		.loc 1 149 0
 292 0124 1A70     		strb	r2, [r3]
 293              		.loc 1 150 0
 294 0126 0B88     		ldrh	r3, [r1]
 295 0128 9BB2     		uxth	r3, r3
 296 012a 5A1C     		add	r2, r3, #1
 297 012c 92B2     		uxth	r2, r2
 298 012e 0A80     		strh	r2, [r1]
 299 0130 234A     		ldr	r2, .L32+32
ARM GAS  C:\Users\Administrator\AppData\Local\Temp\ccDtb8Uo.s 			page 9


 300 0132 D454     		strb	r4, [r2, r3]
 151:Code\Device\GPRS/Uart433.c **** 			Cmd_Baglen = (CmdRev_buf[2] << 8) | CmdRev_buf[3];
 301              		.loc 1 151 0
 302 0134 9378     		ldrb	r3, [r2, #2]
 303 0136 D278     		ldrb	r2, [r2, #3]
 304 0138 1B02     		lsl	r3, r3, #8
 305 013a 1343     		orr	r3, r2
 306 013c 214A     		ldr	r2, .L32+36
 307 013e 1380     		strh	r3, [r2]
 152:Code\Device\GPRS/Uart433.c **** 			break;
 308              		.loc 1 152 0
 309 0140 2DE0     		b	.L6
 310              	.L22:
 153:Code\Device\GPRS/Uart433.c **** 		case HEX_DATA:
 154:Code\Device\GPRS/Uart433.c **** 			CmdRev_buf[Cmd_index++] = uData;
 311              		.loc 1 154 0
 312 0142 1E4A     		ldr	r2, .L32+28
 155:Code\Device\GPRS/Uart433.c **** 			if (Cmd_index == Cmd_Baglen + 4)
 313              		.loc 1 155 0
 314 0144 1F4D     		ldr	r5, .L32+36
 154:Code\Device\GPRS/Uart433.c **** 			if (Cmd_index == Cmd_Baglen + 4)
 315              		.loc 1 154 0
 316 0146 1188     		ldrh	r1, [r2]
 317 0148 89B2     		uxth	r1, r1
 318 014a 481C     		add	r0, r1, #1
 319 014c 80B2     		uxth	r0, r0
 320 014e 1080     		strh	r0, [r2]
 321 0150 1B48     		ldr	r0, .L32+32
 322 0152 4454     		strb	r4, [r0, r1]
 323              		.loc 1 155 0
 324 0154 1688     		ldrh	r6, [r2]
 325 0156 2988     		ldrh	r1, [r5]
 326 0158 041C     		mov	r4, r0
 327 015a 0431     		add	r1, r1, #4
 328 015c 8E42     		cmp	r6, r1
 329 015e 1ED1     		bne	.L6
 156:Code\Device\GPRS/Uart433.c **** 			{
 157:Code\Device\GPRS/Uart433.c **** 				Cmd_Revsta = HEX_EF;
 330              		.loc 1 157 0
 331 0160 0021     		mov	r1, #0
 332 0162 1970     		strb	r1, [r3]
 158:Code\Device\GPRS/Uart433.c **** 				Cmd_index = 0;
 159:Code\Device\GPRS/Uart433.c **** 				RecvType = 0;
 333              		.loc 1 159 0
 334 0164 0F4B     		ldr	r3, .L32+4
 160:Code\Device\GPRS/Uart433.c **** 				
 161:Code\Device\GPRS/Uart433.c **** 				if (GPRSCmdParseFlag1 == 0)
 335              		.loc 1 161 0
 336 0166 184E     		ldr	r6, .L32+40
 158:Code\Device\GPRS/Uart433.c **** 				Cmd_index = 0;
 337              		.loc 1 158 0
 338 0168 1180     		strh	r1, [r2]
 159:Code\Device\GPRS/Uart433.c **** 				
 339              		.loc 1 159 0
 340 016a 1970     		strb	r1, [r3]
 341              		.loc 1 161 0
 342 016c 3378     		ldrb	r3, [r6]
ARM GAS  C:\Users\Administrator\AppData\Local\Temp\ccDtb8Uo.s 			page 10


 343 016e 8B42     		cmp	r3, r1
 344 0170 03D1     		bne	.L25
 162:Code\Device\GPRS/Uart433.c **** 				{
 163:Code\Device\GPRS/Uart433.c **** 					memcpy((uint8 *)GPRSCmd_buf1, (uint8 *)CmdRev_buf, Cmd_Baglen + 4);
 345              		.loc 1 163 0
 346 0172 2A88     		ldrh	r2, [r5]
 347 0174 1548     		ldr	r0, .L32+44
 348 0176 0432     		add	r2, r2, #4
 349 0178 06E0     		b	.L29
 350              	.L25:
 164:Code\Device\GPRS/Uart433.c **** 					GPRSCmdParseFlag1 = 1;
 165:Code\Device\GPRS/Uart433.c **** 				}
 166:Code\Device\GPRS/Uart433.c **** 				else if(GPRSCmdParseFlag2 == 0)
 351              		.loc 1 166 0
 352 017a 154E     		ldr	r6, .L32+48
 353 017c 3378     		ldrb	r3, [r6]
 354 017e 002B     		cmp	r3, #0
 355 0180 07D1     		bne	.L26
 167:Code\Device\GPRS/Uart433.c **** 				{
 168:Code\Device\GPRS/Uart433.c **** 					// 
 169:Code\Device\GPRS/Uart433.c **** 					memcpy((uint8 *)GPRSCmd_buf2, (uint8 *)CmdRev_buf, Cmd_Baglen + 4);
 356              		.loc 1 169 0
 357 0182 2A88     		ldrh	r2, [r5]
 358 0184 1348     		ldr	r0, .L32+52
 359 0186 0432     		add	r2, r2, #4
 360              	.L29:
 361 0188 211C     		mov	r1, r4
 362 018a FFF7FEFF 		bl	memcpy
 363              	.LVL11:
 170:Code\Device\GPRS/Uart433.c **** 					GPRSCmdParseFlag2 = 1;
 364              		.loc 1 170 0
 365 018e 0123     		mov	r3, #1
 366 0190 3370     		strb	r3, [r6]
 367              	.L26:
 171:Code\Device\GPRS/Uart433.c **** 				}
 172:Code\Device\GPRS/Uart433.c **** 				Cmd_Baglen = 0;
 368              		.loc 1 172 0
 369 0192 0021     		mov	r1, #0
 173:Code\Device\GPRS/Uart433.c **** 				memset((uint8 *)CmdRev_buf, 0, sizeof(CmdRev_buf));
 370              		.loc 1 173 0
 371 0194 201C     		mov	r0, r4
 372 0196 104A     		ldr	r2, .L32+56
 172:Code\Device\GPRS/Uart433.c **** 				memset((uint8 *)CmdRev_buf, 0, sizeof(CmdRev_buf));
 373              		.loc 1 172 0
 374 0198 2980     		strh	r1, [r5]
 375              		.loc 1 173 0
 376 019a FFF7FEFF 		bl	memset
 377              	.LVL12:
 378              	.L6:
 174:Code\Device\GPRS/Uart433.c **** 			}
 175:Code\Device\GPRS/Uart433.c **** 			break;
 176:Code\Device\GPRS/Uart433.c **** 		default:
 177:Code\Device\GPRS/Uart433.c **** 			break;
 178:Code\Device\GPRS/Uart433.c **** 	}
 179:Code\Device\GPRS/Uart433.c **** }
 379              		.loc 1 179 0
 380              		@ sp needed
ARM GAS  C:\Users\Administrator\AppData\Local\Temp\ccDtb8Uo.s 			page 11


 381 019e 70BD     		pop	{r4, r5, r6, pc}
 382              	.L33:
 383              		.align	2
 384              	.L32:
 385 01a0 00000000 		.word	AT_RecvSta
 386 01a4 00000000 		.word	.LANCHOR0
 387 01a8 00000000 		.word	AT_index
 388 01ac 00000000 		.word	GPRS_AT_RecBuf
 389 01b0 00000000 		.word	GPRS_AT_RecFinish
 390 01b4 00000000 		.word	GPRS_AT_Buf
 391 01b8 00000000 		.word	Cmd_Revsta
 392 01bc 00000000 		.word	Cmd_index
 393 01c0 00000000 		.word	CmdRev_buf
 394 01c4 00000000 		.word	Cmd_Baglen
 395 01c8 00000000 		.word	GPRSCmdParseFlag1
 396 01cc 00000000 		.word	GPRSCmd_buf1
 397 01d0 00000000 		.word	GPRSCmdParseFlag2
 398 01d4 00000000 		.word	GPRSCmd_buf2
 399 01d8 1A040000 		.word	1050
 400              		.cfi_endproc
 401              	.LFE64:
 402              		.size	Uart433Recv, .-Uart433Recv
 403              		.comm	Cmd_index,2,2
 404              		.comm	Cmd_Revsta,1,1
 405              		.comm	Cmd_Baglen,2,2
 406              		.comm	CmdRev_buf,1050,1
 407              		.comm	AT_index,1,1
 408              		.comm	AT_RecvSta,1,1
 409              		.comm	GPRS_AT_RecBuf,64,1
 410              		.global	RecvType
 411              		.bss
 412              		.set	.LANCHOR0,. + 0
 413              		.type	RecvType, %object
 414              		.size	RecvType, 1
 415              	RecvType:
 416 0000 00       		.space	1
 417              		.text
 418              	.Letext0:
 419              		.file 2 "Generated_Source\\PSoC4/cytypes.h"
 420              		.file 3 "Generated_Source\\PSoC4/UART_433_SPI_UART.h"
 421              		.section	.debug_info,"",%progbits
 422              	.Ldebug_info0:
 423 0000 F4020000 		.4byte	0x2f4
 424 0004 0400     		.2byte	0x4
 425 0006 00000000 		.4byte	.Ldebug_abbrev0
 426 000a 04       		.byte	0x4
 427 000b 01       		.uleb128 0x1
 428 000c 00000000 		.4byte	.LASF37
 429 0010 01       		.byte	0x1
 430 0011 A0000000 		.4byte	.LASF38
 431 0015 47020000 		.4byte	.LASF39
 432 0019 00000000 		.4byte	.Ldebug_ranges0+0
 433 001d 00000000 		.4byte	0
 434 0021 00000000 		.4byte	.Ldebug_line0
 435 0025 02       		.uleb128 0x2
 436 0026 01       		.byte	0x1
 437 0027 06       		.byte	0x6
ARM GAS  C:\Users\Administrator\AppData\Local\Temp\ccDtb8Uo.s 			page 12


 438 0028 3B020000 		.4byte	.LASF0
 439 002c 02       		.uleb128 0x2
 440 002d 01       		.byte	0x1
 441 002e 08       		.byte	0x8
 442 002f 83010000 		.4byte	.LASF1
 443 0033 02       		.uleb128 0x2
 444 0034 02       		.byte	0x2
 445 0035 05       		.byte	0x5
 446 0036 02020000 		.4byte	.LASF2
 447 003a 02       		.uleb128 0x2
 448 003b 02       		.byte	0x2
 449 003c 07       		.byte	0x7
 450 003d D1000000 		.4byte	.LASF3
 451 0041 02       		.uleb128 0x2
 452 0042 04       		.byte	0x4
 453 0043 05       		.byte	0x5
 454 0044 27020000 		.4byte	.LASF4
 455 0048 02       		.uleb128 0x2
 456 0049 04       		.byte	0x4
 457 004a 07       		.byte	0x7
 458 004b 28010000 		.4byte	.LASF5
 459 004f 02       		.uleb128 0x2
 460 0050 08       		.byte	0x8
 461 0051 05       		.byte	0x5
 462 0052 E8010000 		.4byte	.LASF6
 463 0056 02       		.uleb128 0x2
 464 0057 08       		.byte	0x8
 465 0058 07       		.byte	0x7
 466 0059 B3010000 		.4byte	.LASF7
 467 005d 03       		.uleb128 0x3
 468 005e 04       		.byte	0x4
 469 005f 05       		.byte	0x5
 470 0060 696E7400 		.ascii	"int\000"
 471 0064 02       		.uleb128 0x2
 472 0065 04       		.byte	0x4
 473 0066 07       		.byte	0x7
 474 0067 91010000 		.4byte	.LASF8
 475 006b 04       		.uleb128 0x4
 476 006c 0C020000 		.4byte	.LASF9
 477 0070 02       		.byte	0x2
 478 0071 B901     		.2byte	0x1b9
 479 0073 2C000000 		.4byte	0x2c
 480 0077 04       		.uleb128 0x4
 481 0078 75010000 		.4byte	.LASF10
 482 007c 02       		.byte	0x2
 483 007d BA01     		.2byte	0x1ba
 484 007f 3A000000 		.4byte	0x3a
 485 0083 04       		.uleb128 0x4
 486 0084 7C010000 		.4byte	.LASF11
 487 0088 02       		.byte	0x2
 488 0089 BB01     		.2byte	0x1bb
 489 008b 48000000 		.4byte	0x48
 490 008f 02       		.uleb128 0x2
 491 0090 04       		.byte	0x4
 492 0091 04       		.byte	0x4
 493 0092 12010000 		.4byte	.LASF12
 494 0096 02       		.uleb128 0x2
ARM GAS  C:\Users\Administrator\AppData\Local\Temp\ccDtb8Uo.s 			page 13


 495 0097 08       		.byte	0x8
 496 0098 04       		.byte	0x4
 497 0099 6E010000 		.4byte	.LASF13
 498 009d 02       		.uleb128 0x2
 499 009e 01       		.byte	0x1
 500 009f 08       		.byte	0x8
 501 00a0 F6010000 		.4byte	.LASF14
 502 00a4 05       		.uleb128 0x5
 503 00a5 6B000000 		.4byte	0x6b
 504 00a9 05       		.uleb128 0x5
 505 00aa 77000000 		.4byte	0x77
 506 00ae 02       		.uleb128 0x2
 507 00af 04       		.byte	0x4
 508 00b0 07       		.byte	0x7
 509 00b1 D3010000 		.4byte	.LASF15
 510 00b5 06       		.uleb128 0x6
 511 00b6 04       		.byte	0x4
 512 00b7 07       		.uleb128 0x7
 513 00b8 04       		.byte	0x4
 514 00b9 6B000000 		.4byte	0x6b
 515 00bd 08       		.uleb128 0x8
 516 00be 9E010000 		.4byte	.LASF18
 517 00c2 01       		.byte	0x1
 518 00c3 30       		.byte	0x30
 519 00c4 00000000 		.4byte	.LFB63
 520 00c8 16000000 		.4byte	.LFE63-.LFB63
 521 00cc 01       		.uleb128 0x1
 522 00cd 9C       		.byte	0x9c
 523 00ce 07010000 		.4byte	0x107
 524 00d2 09       		.uleb128 0x9
 525 00d3 18010000 		.4byte	.LASF16
 526 00d7 01       		.byte	0x1
 527 00d8 30       		.byte	0x30
 528 00d9 B7000000 		.4byte	0xb7
 529 00dd 00000000 		.4byte	.LLST0
 530 00e1 09       		.uleb128 0x9
 531 00e2 1D010000 		.4byte	.LASF17
 532 00e6 01       		.byte	0x1
 533 00e7 30       		.byte	0x30
 534 00e8 77000000 		.4byte	0x77
 535 00ec 21000000 		.4byte	.LLST1
 536 00f0 0A       		.uleb128 0xa
 537 00f1 6900     		.ascii	"i\000"
 538 00f3 01       		.byte	0x1
 539 00f4 32       		.byte	0x32
 540 00f5 77000000 		.4byte	0x77
 541 00f9 42000000 		.4byte	.LLST2
 542 00fd 0B       		.uleb128 0xb
 543 00fe 10000000 		.4byte	.LVL2
 544 0102 A8020000 		.4byte	0x2a8
 545 0106 00       		.byte	0
 546 0107 08       		.uleb128 0x8
 547 0108 DC010000 		.4byte	.LASF19
 548 010c 01       		.byte	0x1
 549 010d 44       		.byte	0x44
 550 010e 00000000 		.4byte	.LFB64
 551 0112 DC010000 		.4byte	.LFE64-.LFB64
ARM GAS  C:\Users\Administrator\AppData\Local\Temp\ccDtb8Uo.s 			page 14


 552 0116 01       		.uleb128 0x1
 553 0117 9C       		.byte	0x9c
 554 0118 A4010000 		.4byte	0x1a4
 555 011c 09       		.uleb128 0x9
 556 011d 22010000 		.4byte	.LASF20
 557 0121 01       		.byte	0x1
 558 0122 44       		.byte	0x44
 559 0123 6B000000 		.4byte	0x6b
 560 0127 8B000000 		.4byte	.LLST3
 561 012b 0C       		.uleb128 0xc
 562 012c 7C000000 		.4byte	.LVL8
 563 0130 BA020000 		.4byte	0x2ba
 564 0134 45010000 		.4byte	0x145
 565 0138 0D       		.uleb128 0xd
 566 0139 01       		.uleb128 0x1
 567 013a 52       		.byte	0x52
 568 013b 02       		.uleb128 0x2
 569 013c 08       		.byte	0x8
 570 013d 40       		.byte	0x40
 571 013e 0D       		.uleb128 0xd
 572 013f 01       		.uleb128 0x1
 573 0140 51       		.byte	0x51
 574 0141 02       		.uleb128 0x2
 575 0142 75       		.byte	0x75
 576 0143 00       		.sleb128 0
 577 0144 00       		.byte	0
 578 0145 0C       		.uleb128 0xc
 579 0146 C2000000 		.4byte	.LVL9
 580 014a BA020000 		.4byte	0x2ba
 581 014e 5F010000 		.4byte	0x15f
 582 0152 0D       		.uleb128 0xd
 583 0153 01       		.uleb128 0x1
 584 0154 52       		.byte	0x52
 585 0155 02       		.uleb128 0x2
 586 0156 08       		.byte	0x8
 587 0157 40       		.byte	0x40
 588 0158 0D       		.uleb128 0xd
 589 0159 01       		.uleb128 0x1
 590 015a 51       		.byte	0x51
 591 015b 02       		.uleb128 0x2
 592 015c 76       		.byte	0x76
 593 015d 00       		.sleb128 0
 594 015e 00       		.byte	0
 595 015f 0C       		.uleb128 0xc
 596 0160 CC000000 		.4byte	.LVL10
 597 0164 DE020000 		.4byte	0x2de
 598 0168 73010000 		.4byte	0x173
 599 016c 0D       		.uleb128 0xd
 600 016d 01       		.uleb128 0x1
 601 016e 52       		.byte	0x52
 602 016f 02       		.uleb128 0x2
 603 0170 08       		.byte	0x8
 604 0171 40       		.byte	0x40
 605 0172 00       		.byte	0
 606 0173 0C       		.uleb128 0xc
 607 0174 8E010000 		.4byte	.LVL11
 608 0178 BA020000 		.4byte	0x2ba
ARM GAS  C:\Users\Administrator\AppData\Local\Temp\ccDtb8Uo.s 			page 15


 609 017c 87010000 		.4byte	0x187
 610 0180 0D       		.uleb128 0xd
 611 0181 01       		.uleb128 0x1
 612 0182 51       		.byte	0x51
 613 0183 02       		.uleb128 0x2
 614 0184 74       		.byte	0x74
 615 0185 00       		.sleb128 0
 616 0186 00       		.byte	0
 617 0187 0E       		.uleb128 0xe
 618 0188 9E010000 		.4byte	.LVL12
 619 018c DE020000 		.4byte	0x2de
 620 0190 0D       		.uleb128 0xd
 621 0191 01       		.uleb128 0x1
 622 0192 52       		.byte	0x52
 623 0193 03       		.uleb128 0x3
 624 0194 0A       		.byte	0xa
 625 0195 1A04     		.2byte	0x41a
 626 0197 0D       		.uleb128 0xd
 627 0198 01       		.uleb128 0x1
 628 0199 51       		.byte	0x51
 629 019a 01       		.uleb128 0x1
 630 019b 30       		.byte	0x30
 631 019c 0D       		.uleb128 0xd
 632 019d 01       		.uleb128 0x1
 633 019e 50       		.byte	0x50
 634 019f 02       		.uleb128 0x2
 635 01a0 74       		.byte	0x74
 636 01a1 00       		.sleb128 0
 637 01a2 00       		.byte	0
 638 01a3 00       		.byte	0
 639 01a4 0F       		.uleb128 0xf
 640 01a5 9D000000 		.4byte	0x9d
 641 01a9 B4010000 		.4byte	0x1b4
 642 01ad 10       		.uleb128 0x10
 643 01ae AE000000 		.4byte	0xae
 644 01b2 3F       		.byte	0x3f
 645 01b3 00       		.byte	0
 646 01b4 11       		.uleb128 0x11
 647 01b5 62010000 		.4byte	.LASF21
 648 01b9 01       		.byte	0x1
 649 01ba 0F       		.byte	0xf
 650 01bb BF010000 		.4byte	0x1bf
 651 01bf 05       		.uleb128 0x5
 652 01c0 A4010000 		.4byte	0x1a4
 653 01c4 11       		.uleb128 0x11
 654 01c5 3A010000 		.4byte	.LASF22
 655 01c9 01       		.byte	0x1
 656 01ca 10       		.byte	0x10
 657 01cb A4000000 		.4byte	0xa4
 658 01cf 11       		.uleb128 0x11
 659 01d0 E4000000 		.4byte	.LASF23
 660 01d4 01       		.byte	0x1
 661 01d5 12       		.byte	0x12
 662 01d6 A4000000 		.4byte	0xa4
 663 01da 11       		.uleb128 0x11
 664 01db 8E000000 		.4byte	.LASF24
 665 01df 01       		.byte	0x1
ARM GAS  C:\Users\Administrator\AppData\Local\Temp\ccDtb8Uo.s 			page 16


 666 01e0 13       		.byte	0x13
 667 01e1 A4000000 		.4byte	0xa4
 668 01e5 0F       		.uleb128 0xf
 669 01e6 6B000000 		.4byte	0x6b
 670 01ea F6010000 		.4byte	0x1f6
 671 01ee 12       		.uleb128 0x12
 672 01ef AE000000 		.4byte	0xae
 673 01f3 1904     		.2byte	0x419
 674 01f5 00       		.byte	0
 675 01f6 11       		.uleb128 0x11
 676 01f7 AE020000 		.4byte	.LASF25
 677 01fb 01       		.byte	0x1
 678 01fc 14       		.byte	0x14
 679 01fd 01020000 		.4byte	0x201
 680 0201 05       		.uleb128 0x5
 681 0202 E5010000 		.4byte	0x1e5
 682 0206 11       		.uleb128 0x11
 683 0207 BB020000 		.4byte	.LASF26
 684 020b 01       		.byte	0x1
 685 020c 15       		.byte	0x15
 686 020d 11020000 		.4byte	0x211
 687 0211 05       		.uleb128 0x5
 688 0212 E5010000 		.4byte	0x1e5
 689 0216 13       		.uleb128 0x13
 690 0217 CA010000 		.4byte	.LASF27
 691 021b 01       		.byte	0x1
 692 021c 1A       		.byte	0x1a
 693 021d A4000000 		.4byte	0xa4
 694 0221 05       		.uleb128 0x5
 695 0222 03       		.byte	0x3
 696 0223 00000000 		.4byte	RecvType
 697 0227 13       		.uleb128 0x13
 698 0228 4C010000 		.4byte	.LASF28
 699 022c 01       		.byte	0x1
 700 022d 1C       		.byte	0x1c
 701 022e 38020000 		.4byte	0x238
 702 0232 05       		.uleb128 0x5
 703 0233 03       		.byte	0x3
 704 0234 00000000 		.4byte	GPRS_AT_RecBuf
 705 0238 05       		.uleb128 0x5
 706 0239 A4010000 		.4byte	0x1a4
 707 023d 13       		.uleb128 0x13
 708 023e C6000000 		.4byte	.LASF29
 709 0242 01       		.byte	0x1
 710 0243 1D       		.byte	0x1d
 711 0244 A4000000 		.4byte	0xa4
 712 0248 05       		.uleb128 0x5
 713 0249 03       		.byte	0x3
 714 024a 00000000 		.4byte	AT_RecvSta
 715 024e 13       		.uleb128 0x13
 716 024f AA010000 		.4byte	.LASF30
 717 0253 01       		.byte	0x1
 718 0254 1E       		.byte	0x1e
 719 0255 A4000000 		.4byte	0xa4
 720 0259 05       		.uleb128 0x5
 721 025a 03       		.byte	0x3
 722 025b 00000000 		.4byte	AT_index
ARM GAS  C:\Users\Administrator\AppData\Local\Temp\ccDtb8Uo.s 			page 17


 723 025f 13       		.uleb128 0x13
 724 0260 BB000000 		.4byte	.LASF31
 725 0264 01       		.byte	0x1
 726 0265 20       		.byte	0x20
 727 0266 70020000 		.4byte	0x270
 728 026a 05       		.uleb128 0x5
 729 026b 03       		.byte	0x3
 730 026c 00000000 		.4byte	CmdRev_buf
 731 0270 05       		.uleb128 0x5
 732 0271 E5010000 		.4byte	0x1e5
 733 0275 13       		.uleb128 0x13
 734 0276 30020000 		.4byte	.LASF32
 735 027a 01       		.byte	0x1
 736 027b 21       		.byte	0x21
 737 027c A9000000 		.4byte	0xa9
 738 0280 05       		.uleb128 0x5
 739 0281 03       		.byte	0x3
 740 0282 00000000 		.4byte	Cmd_Baglen
 741 0286 13       		.uleb128 0x13
 742 0287 1C020000 		.4byte	.LASF33
 743 028b 01       		.byte	0x1
 744 028c 22       		.byte	0x22
 745 028d A4000000 		.4byte	0xa4
 746 0291 05       		.uleb128 0x5
 747 0292 03       		.byte	0x3
 748 0293 00000000 		.4byte	Cmd_Revsta
 749 0297 13       		.uleb128 0x13
 750 0298 12020000 		.4byte	.LASF34
 751 029c 01       		.byte	0x1
 752 029d 23       		.byte	0x23
 753 029e A9000000 		.4byte	0xa9
 754 02a2 05       		.uleb128 0x5
 755 02a3 03       		.byte	0x3
 756 02a4 00000000 		.4byte	Cmd_index
 757 02a8 14       		.uleb128 0x14
 758 02a9 F6000000 		.4byte	.LASF35
 759 02ad 03       		.byte	0x3
 760 02ae 3A03     		.2byte	0x33a
 761 02b0 BA020000 		.4byte	0x2ba
 762 02b4 15       		.uleb128 0x15
 763 02b5 83000000 		.4byte	0x83
 764 02b9 00       		.byte	0
 765 02ba 16       		.uleb128 0x16
 766 02bb FB010000 		.4byte	.LASF36
 767 02bf B5000000 		.4byte	0xb5
 768 02c3 D7020000 		.4byte	0x2d7
 769 02c7 15       		.uleb128 0x15
 770 02c8 B5000000 		.4byte	0xb5
 771 02cc 15       		.uleb128 0x15
 772 02cd D7020000 		.4byte	0x2d7
 773 02d1 15       		.uleb128 0x15
 774 02d2 AE000000 		.4byte	0xae
 775 02d6 00       		.byte	0
 776 02d7 07       		.uleb128 0x7
 777 02d8 04       		.byte	0x4
 778 02d9 DD020000 		.4byte	0x2dd
 779 02dd 17       		.uleb128 0x17
ARM GAS  C:\Users\Administrator\AppData\Local\Temp\ccDtb8Uo.s 			page 18


 780 02de 18       		.uleb128 0x18
 781 02df 5B010000 		.4byte	.LASF40
 782 02e3 B5000000 		.4byte	0xb5
 783 02e7 15       		.uleb128 0x15
 784 02e8 B5000000 		.4byte	0xb5
 785 02ec 15       		.uleb128 0x15
 786 02ed 5D000000 		.4byte	0x5d
 787 02f1 15       		.uleb128 0x15
 788 02f2 AE000000 		.4byte	0xae
 789 02f6 00       		.byte	0
 790 02f7 00       		.byte	0
 791              		.section	.debug_abbrev,"",%progbits
 792              	.Ldebug_abbrev0:
 793 0000 01       		.uleb128 0x1
 794 0001 11       		.uleb128 0x11
 795 0002 01       		.byte	0x1
 796 0003 25       		.uleb128 0x25
 797 0004 0E       		.uleb128 0xe
 798 0005 13       		.uleb128 0x13
 799 0006 0B       		.uleb128 0xb
 800 0007 03       		.uleb128 0x3
 801 0008 0E       		.uleb128 0xe
 802 0009 1B       		.uleb128 0x1b
 803 000a 0E       		.uleb128 0xe
 804 000b 55       		.uleb128 0x55
 805 000c 17       		.uleb128 0x17
 806 000d 11       		.uleb128 0x11
 807 000e 01       		.uleb128 0x1
 808 000f 10       		.uleb128 0x10
 809 0010 17       		.uleb128 0x17
 810 0011 00       		.byte	0
 811 0012 00       		.byte	0
 812 0013 02       		.uleb128 0x2
 813 0014 24       		.uleb128 0x24
 814 0015 00       		.byte	0
 815 0016 0B       		.uleb128 0xb
 816 0017 0B       		.uleb128 0xb
 817 0018 3E       		.uleb128 0x3e
 818 0019 0B       		.uleb128 0xb
 819 001a 03       		.uleb128 0x3
 820 001b 0E       		.uleb128 0xe
 821 001c 00       		.byte	0
 822 001d 00       		.byte	0
 823 001e 03       		.uleb128 0x3
 824 001f 24       		.uleb128 0x24
 825 0020 00       		.byte	0
 826 0021 0B       		.uleb128 0xb
 827 0022 0B       		.uleb128 0xb
 828 0023 3E       		.uleb128 0x3e
 829 0024 0B       		.uleb128 0xb
 830 0025 03       		.uleb128 0x3
 831 0026 08       		.uleb128 0x8
 832 0027 00       		.byte	0
 833 0028 00       		.byte	0
 834 0029 04       		.uleb128 0x4
 835 002a 16       		.uleb128 0x16
 836 002b 00       		.byte	0
ARM GAS  C:\Users\Administrator\AppData\Local\Temp\ccDtb8Uo.s 			page 19


 837 002c 03       		.uleb128 0x3
 838 002d 0E       		.uleb128 0xe
 839 002e 3A       		.uleb128 0x3a
 840 002f 0B       		.uleb128 0xb
 841 0030 3B       		.uleb128 0x3b
 842 0031 05       		.uleb128 0x5
 843 0032 49       		.uleb128 0x49
 844 0033 13       		.uleb128 0x13
 845 0034 00       		.byte	0
 846 0035 00       		.byte	0
 847 0036 05       		.uleb128 0x5
 848 0037 35       		.uleb128 0x35
 849 0038 00       		.byte	0
 850 0039 49       		.uleb128 0x49
 851 003a 13       		.uleb128 0x13
 852 003b 00       		.byte	0
 853 003c 00       		.byte	0
 854 003d 06       		.uleb128 0x6
 855 003e 0F       		.uleb128 0xf
 856 003f 00       		.byte	0
 857 0040 0B       		.uleb128 0xb
 858 0041 0B       		.uleb128 0xb
 859 0042 00       		.byte	0
 860 0043 00       		.byte	0
 861 0044 07       		.uleb128 0x7
 862 0045 0F       		.uleb128 0xf
 863 0046 00       		.byte	0
 864 0047 0B       		.uleb128 0xb
 865 0048 0B       		.uleb128 0xb
 866 0049 49       		.uleb128 0x49
 867 004a 13       		.uleb128 0x13
 868 004b 00       		.byte	0
 869 004c 00       		.byte	0
 870 004d 08       		.uleb128 0x8
 871 004e 2E       		.uleb128 0x2e
 872 004f 01       		.byte	0x1
 873 0050 3F       		.uleb128 0x3f
 874 0051 19       		.uleb128 0x19
 875 0052 03       		.uleb128 0x3
 876 0053 0E       		.uleb128 0xe
 877 0054 3A       		.uleb128 0x3a
 878 0055 0B       		.uleb128 0xb
 879 0056 3B       		.uleb128 0x3b
 880 0057 0B       		.uleb128 0xb
 881 0058 27       		.uleb128 0x27
 882 0059 19       		.uleb128 0x19
 883 005a 11       		.uleb128 0x11
 884 005b 01       		.uleb128 0x1
 885 005c 12       		.uleb128 0x12
 886 005d 06       		.uleb128 0x6
 887 005e 40       		.uleb128 0x40
 888 005f 18       		.uleb128 0x18
 889 0060 9742     		.uleb128 0x2117
 890 0062 19       		.uleb128 0x19
 891 0063 01       		.uleb128 0x1
 892 0064 13       		.uleb128 0x13
 893 0065 00       		.byte	0
ARM GAS  C:\Users\Administrator\AppData\Local\Temp\ccDtb8Uo.s 			page 20


 894 0066 00       		.byte	0
 895 0067 09       		.uleb128 0x9
 896 0068 05       		.uleb128 0x5
 897 0069 00       		.byte	0
 898 006a 03       		.uleb128 0x3
 899 006b 0E       		.uleb128 0xe
 900 006c 3A       		.uleb128 0x3a
 901 006d 0B       		.uleb128 0xb
 902 006e 3B       		.uleb128 0x3b
 903 006f 0B       		.uleb128 0xb
 904 0070 49       		.uleb128 0x49
 905 0071 13       		.uleb128 0x13
 906 0072 02       		.uleb128 0x2
 907 0073 17       		.uleb128 0x17
 908 0074 00       		.byte	0
 909 0075 00       		.byte	0
 910 0076 0A       		.uleb128 0xa
 911 0077 34       		.uleb128 0x34
 912 0078 00       		.byte	0
 913 0079 03       		.uleb128 0x3
 914 007a 08       		.uleb128 0x8
 915 007b 3A       		.uleb128 0x3a
 916 007c 0B       		.uleb128 0xb
 917 007d 3B       		.uleb128 0x3b
 918 007e 0B       		.uleb128 0xb
 919 007f 49       		.uleb128 0x49
 920 0080 13       		.uleb128 0x13
 921 0081 02       		.uleb128 0x2
 922 0082 17       		.uleb128 0x17
 923 0083 00       		.byte	0
 924 0084 00       		.byte	0
 925 0085 0B       		.uleb128 0xb
 926 0086 898201   		.uleb128 0x4109
 927 0089 00       		.byte	0
 928 008a 11       		.uleb128 0x11
 929 008b 01       		.uleb128 0x1
 930 008c 31       		.uleb128 0x31
 931 008d 13       		.uleb128 0x13
 932 008e 00       		.byte	0
 933 008f 00       		.byte	0
 934 0090 0C       		.uleb128 0xc
 935 0091 898201   		.uleb128 0x4109
 936 0094 01       		.byte	0x1
 937 0095 11       		.uleb128 0x11
 938 0096 01       		.uleb128 0x1
 939 0097 31       		.uleb128 0x31
 940 0098 13       		.uleb128 0x13
 941 0099 01       		.uleb128 0x1
 942 009a 13       		.uleb128 0x13
 943 009b 00       		.byte	0
 944 009c 00       		.byte	0
 945 009d 0D       		.uleb128 0xd
 946 009e 8A8201   		.uleb128 0x410a
 947 00a1 00       		.byte	0
 948 00a2 02       		.uleb128 0x2
 949 00a3 18       		.uleb128 0x18
 950 00a4 9142     		.uleb128 0x2111
ARM GAS  C:\Users\Administrator\AppData\Local\Temp\ccDtb8Uo.s 			page 21


 951 00a6 18       		.uleb128 0x18
 952 00a7 00       		.byte	0
 953 00a8 00       		.byte	0
 954 00a9 0E       		.uleb128 0xe
 955 00aa 898201   		.uleb128 0x4109
 956 00ad 01       		.byte	0x1
 957 00ae 11       		.uleb128 0x11
 958 00af 01       		.uleb128 0x1
 959 00b0 31       		.uleb128 0x31
 960 00b1 13       		.uleb128 0x13
 961 00b2 00       		.byte	0
 962 00b3 00       		.byte	0
 963 00b4 0F       		.uleb128 0xf
 964 00b5 01       		.uleb128 0x1
 965 00b6 01       		.byte	0x1
 966 00b7 49       		.uleb128 0x49
 967 00b8 13       		.uleb128 0x13
 968 00b9 01       		.uleb128 0x1
 969 00ba 13       		.uleb128 0x13
 970 00bb 00       		.byte	0
 971 00bc 00       		.byte	0
 972 00bd 10       		.uleb128 0x10
 973 00be 21       		.uleb128 0x21
 974 00bf 00       		.byte	0
 975 00c0 49       		.uleb128 0x49
 976 00c1 13       		.uleb128 0x13
 977 00c2 2F       		.uleb128 0x2f
 978 00c3 0B       		.uleb128 0xb
 979 00c4 00       		.byte	0
 980 00c5 00       		.byte	0
 981 00c6 11       		.uleb128 0x11
 982 00c7 34       		.uleb128 0x34
 983 00c8 00       		.byte	0
 984 00c9 03       		.uleb128 0x3
 985 00ca 0E       		.uleb128 0xe
 986 00cb 3A       		.uleb128 0x3a
 987 00cc 0B       		.uleb128 0xb
 988 00cd 3B       		.uleb128 0x3b
 989 00ce 0B       		.uleb128 0xb
 990 00cf 49       		.uleb128 0x49
 991 00d0 13       		.uleb128 0x13
 992 00d1 3F       		.uleb128 0x3f
 993 00d2 19       		.uleb128 0x19
 994 00d3 3C       		.uleb128 0x3c
 995 00d4 19       		.uleb128 0x19
 996 00d5 00       		.byte	0
 997 00d6 00       		.byte	0
 998 00d7 12       		.uleb128 0x12
 999 00d8 21       		.uleb128 0x21
 1000 00d9 00       		.byte	0
 1001 00da 49       		.uleb128 0x49
 1002 00db 13       		.uleb128 0x13
 1003 00dc 2F       		.uleb128 0x2f
 1004 00dd 05       		.uleb128 0x5
 1005 00de 00       		.byte	0
 1006 00df 00       		.byte	0
 1007 00e0 13       		.uleb128 0x13
ARM GAS  C:\Users\Administrator\AppData\Local\Temp\ccDtb8Uo.s 			page 22


 1008 00e1 34       		.uleb128 0x34
 1009 00e2 00       		.byte	0
 1010 00e3 03       		.uleb128 0x3
 1011 00e4 0E       		.uleb128 0xe
 1012 00e5 3A       		.uleb128 0x3a
 1013 00e6 0B       		.uleb128 0xb
 1014 00e7 3B       		.uleb128 0x3b
 1015 00e8 0B       		.uleb128 0xb
 1016 00e9 49       		.uleb128 0x49
 1017 00ea 13       		.uleb128 0x13
 1018 00eb 3F       		.uleb128 0x3f
 1019 00ec 19       		.uleb128 0x19
 1020 00ed 02       		.uleb128 0x2
 1021 00ee 18       		.uleb128 0x18
 1022 00ef 00       		.byte	0
 1023 00f0 00       		.byte	0
 1024 00f1 14       		.uleb128 0x14
 1025 00f2 2E       		.uleb128 0x2e
 1026 00f3 01       		.byte	0x1
 1027 00f4 3F       		.uleb128 0x3f
 1028 00f5 19       		.uleb128 0x19
 1029 00f6 03       		.uleb128 0x3
 1030 00f7 0E       		.uleb128 0xe
 1031 00f8 3A       		.uleb128 0x3a
 1032 00f9 0B       		.uleb128 0xb
 1033 00fa 3B       		.uleb128 0x3b
 1034 00fb 05       		.uleb128 0x5
 1035 00fc 27       		.uleb128 0x27
 1036 00fd 19       		.uleb128 0x19
 1037 00fe 3C       		.uleb128 0x3c
 1038 00ff 19       		.uleb128 0x19
 1039 0100 01       		.uleb128 0x1
 1040 0101 13       		.uleb128 0x13
 1041 0102 00       		.byte	0
 1042 0103 00       		.byte	0
 1043 0104 15       		.uleb128 0x15
 1044 0105 05       		.uleb128 0x5
 1045 0106 00       		.byte	0
 1046 0107 49       		.uleb128 0x49
 1047 0108 13       		.uleb128 0x13
 1048 0109 00       		.byte	0
 1049 010a 00       		.byte	0
 1050 010b 16       		.uleb128 0x16
 1051 010c 2E       		.uleb128 0x2e
 1052 010d 01       		.byte	0x1
 1053 010e 3F       		.uleb128 0x3f
 1054 010f 19       		.uleb128 0x19
 1055 0110 03       		.uleb128 0x3
 1056 0111 0E       		.uleb128 0xe
 1057 0112 27       		.uleb128 0x27
 1058 0113 19       		.uleb128 0x19
 1059 0114 49       		.uleb128 0x49
 1060 0115 13       		.uleb128 0x13
 1061 0116 34       		.uleb128 0x34
 1062 0117 19       		.uleb128 0x19
 1063 0118 3C       		.uleb128 0x3c
 1064 0119 19       		.uleb128 0x19
ARM GAS  C:\Users\Administrator\AppData\Local\Temp\ccDtb8Uo.s 			page 23


 1065 011a 01       		.uleb128 0x1
 1066 011b 13       		.uleb128 0x13
 1067 011c 00       		.byte	0
 1068 011d 00       		.byte	0
 1069 011e 17       		.uleb128 0x17
 1070 011f 26       		.uleb128 0x26
 1071 0120 00       		.byte	0
 1072 0121 00       		.byte	0
 1073 0122 00       		.byte	0
 1074 0123 18       		.uleb128 0x18
 1075 0124 2E       		.uleb128 0x2e
 1076 0125 01       		.byte	0x1
 1077 0126 3F       		.uleb128 0x3f
 1078 0127 19       		.uleb128 0x19
 1079 0128 03       		.uleb128 0x3
 1080 0129 0E       		.uleb128 0xe
 1081 012a 27       		.uleb128 0x27
 1082 012b 19       		.uleb128 0x19
 1083 012c 49       		.uleb128 0x49
 1084 012d 13       		.uleb128 0x13
 1085 012e 34       		.uleb128 0x34
 1086 012f 19       		.uleb128 0x19
 1087 0130 3C       		.uleb128 0x3c
 1088 0131 19       		.uleb128 0x19
 1089 0132 00       		.byte	0
 1090 0133 00       		.byte	0
 1091 0134 00       		.byte	0
 1092              		.section	.debug_loc,"",%progbits
 1093              	.Ldebug_loc0:
 1094              	.LLST0:
 1095 0000 00000000 		.4byte	.LVL0
 1096 0004 06000000 		.4byte	.LVL1
 1097 0008 0100     		.2byte	0x1
 1098 000a 50       		.byte	0x50
 1099 000b 06000000 		.4byte	.LVL1
 1100 000f 16000000 		.4byte	.LFE63
 1101 0013 0400     		.2byte	0x4
 1102 0015 F3       		.byte	0xf3
 1103 0016 01       		.uleb128 0x1
 1104 0017 50       		.byte	0x50
 1105 0018 9F       		.byte	0x9f
 1106 0019 00000000 		.4byte	0
 1107 001d 00000000 		.4byte	0
 1108              	.LLST1:
 1109 0021 00000000 		.4byte	.LVL0
 1110 0025 06000000 		.4byte	.LVL1
 1111 0029 0100     		.2byte	0x1
 1112 002b 51       		.byte	0x51
 1113 002c 06000000 		.4byte	.LVL1
 1114 0030 16000000 		.4byte	.LFE63
 1115 0034 0400     		.2byte	0x4
 1116 0036 F3       		.byte	0xf3
 1117 0037 01       		.uleb128 0x1
 1118 0038 51       		.byte	0x51
 1119 0039 9F       		.byte	0x9f
 1120 003a 00000000 		.4byte	0
 1121 003e 00000000 		.4byte	0
ARM GAS  C:\Users\Administrator\AppData\Local\Temp\ccDtb8Uo.s 			page 24


 1122              	.LLST2:
 1123 0042 00000000 		.4byte	.LVL0
 1124 0046 06000000 		.4byte	.LVL1
 1125 004a 0200     		.2byte	0x2
 1126 004c 30       		.byte	0x30
 1127 004d 9F       		.byte	0x9f
 1128 004e 06000000 		.4byte	.LVL1
 1129 0052 10000000 		.4byte	.LVL2
 1130 0056 0700     		.2byte	0x7
 1131 0058 74       		.byte	0x74
 1132 0059 00       		.sleb128 0
 1133 005a F3       		.byte	0xf3
 1134 005b 01       		.uleb128 0x1
 1135 005c 50       		.byte	0x50
 1136 005d 1C       		.byte	0x1c
 1137 005e 9F       		.byte	0x9f
 1138 005f 10000000 		.4byte	.LVL2
 1139 0063 12000000 		.4byte	.LVL3
 1140 0067 0900     		.2byte	0x9
 1141 0069 74       		.byte	0x74
 1142 006a 00       		.sleb128 0
 1143 006b F3       		.byte	0xf3
 1144 006c 01       		.uleb128 0x1
 1145 006d 50       		.byte	0x50
 1146 006e 1C       		.byte	0x1c
 1147 006f 23       		.byte	0x23
 1148 0070 01       		.uleb128 0x1
 1149 0071 9F       		.byte	0x9f
 1150 0072 14000000 		.4byte	.LVL4
 1151 0076 14000000 		.4byte	.LVL5
 1152 007a 0700     		.2byte	0x7
 1153 007c 74       		.byte	0x74
 1154 007d 00       		.sleb128 0
 1155 007e F3       		.byte	0xf3
 1156 007f 01       		.uleb128 0x1
 1157 0080 50       		.byte	0x50
 1158 0081 1C       		.byte	0x1c
 1159 0082 9F       		.byte	0x9f
 1160 0083 00000000 		.4byte	0
 1161 0087 00000000 		.4byte	0
 1162              	.LLST3:
 1163 008b 00000000 		.4byte	.LVL6
 1164 008f 08000000 		.4byte	.LVL7
 1165 0093 0100     		.2byte	0x1
 1166 0095 50       		.byte	0x50
 1167 0096 08000000 		.4byte	.LVL7
 1168 009a DC010000 		.4byte	.LFE64
 1169 009e 0400     		.2byte	0x4
 1170 00a0 F3       		.byte	0xf3
 1171 00a1 01       		.uleb128 0x1
 1172 00a2 50       		.byte	0x50
 1173 00a3 9F       		.byte	0x9f
 1174 00a4 00000000 		.4byte	0
 1175 00a8 00000000 		.4byte	0
 1176              		.section	.debug_aranges,"",%progbits
 1177 0000 24000000 		.4byte	0x24
 1178 0004 0200     		.2byte	0x2
ARM GAS  C:\Users\Administrator\AppData\Local\Temp\ccDtb8Uo.s 			page 25


 1179 0006 00000000 		.4byte	.Ldebug_info0
 1180 000a 04       		.byte	0x4
 1181 000b 00       		.byte	0
 1182 000c 0000     		.2byte	0
 1183 000e 0000     		.2byte	0
 1184 0010 00000000 		.4byte	.LFB63
 1185 0014 16000000 		.4byte	.LFE63-.LFB63
 1186 0018 00000000 		.4byte	.LFB64
 1187 001c DC010000 		.4byte	.LFE64-.LFB64
 1188 0020 00000000 		.4byte	0
 1189 0024 00000000 		.4byte	0
 1190              		.section	.debug_ranges,"",%progbits
 1191              	.Ldebug_ranges0:
 1192 0000 00000000 		.4byte	.LFB63
 1193 0004 16000000 		.4byte	.LFE63
 1194 0008 00000000 		.4byte	.LFB64
 1195 000c DC010000 		.4byte	.LFE64
 1196 0010 00000000 		.4byte	0
 1197 0014 00000000 		.4byte	0
 1198              		.section	.debug_line,"",%progbits
 1199              	.Ldebug_line0:
 1200 0000 F1000000 		.section	.debug_str,"MS",%progbits,1
 1200      02006C00 
 1200      00000201 
 1200      FB0E0D00 
 1200      01010101 
 1201              	.LASF37:
 1202 0000 474E5520 		.ascii	"GNU C 4.9.3 20150303 (release) [ARM/embedded-4_9-br"
 1202      4320342E 
 1202      392E3320 
 1202      32303135 
 1202      30333033 
 1203 0033 616E6368 		.ascii	"anch revision 221220] -mcpu=cortex-m0 -mthumb -g -O"
 1203      20726576 
 1203      6973696F 
 1203      6E203232 
 1203      31323230 
 1204 0066 73202D66 		.ascii	"s -ffunction-sections -ffat-lto-objects\000"
 1204      66756E63 
 1204      74696F6E 
 1204      2D736563 
 1204      74696F6E 
 1205              	.LASF24:
 1206 008e 47505253 		.ascii	"GPRSCmdParseFlag2\000"
 1206      436D6450 
 1206      61727365 
 1206      466C6167 
 1206      3200
 1207              	.LASF38:
 1208 00a0 436F6465 		.ascii	"Code\\Device\\GPRS\\Uart433.c\000"
 1208      5C446576 
 1208      6963655C 
 1208      47505253 
 1208      5C556172 
 1209              	.LASF31:
 1210 00bb 436D6452 		.ascii	"CmdRev_buf\000"
 1210      65765F62 
ARM GAS  C:\Users\Administrator\AppData\Local\Temp\ccDtb8Uo.s 			page 26


 1210      756600
 1211              	.LASF29:
 1212 00c6 41545F52 		.ascii	"AT_RecvSta\000"
 1212      65637653 
 1212      746100
 1213              	.LASF3:
 1214 00d1 73686F72 		.ascii	"short unsigned int\000"
 1214      7420756E 
 1214      7369676E 
 1214      65642069 
 1214      6E7400
 1215              	.LASF23:
 1216 00e4 47505253 		.ascii	"GPRSCmdParseFlag1\000"
 1216      436D6450 
 1216      61727365 
 1216      466C6167 
 1216      3100
 1217              	.LASF35:
 1218 00f6 55415254 		.ascii	"UART_433_SpiUartWriteTxData\000"
 1218      5F343333 
 1218      5F537069 
 1218      55617274 
 1218      57726974 
 1219              	.LASF12:
 1220 0112 666C6F61 		.ascii	"float\000"
 1220      7400
 1221              	.LASF16:
 1222 0118 64617461 		.ascii	"data\000"
 1222      00
 1223              	.LASF17:
 1224 011d 73697A65 		.ascii	"size\000"
 1224      00
 1225              	.LASF20:
 1226 0122 75446174 		.ascii	"uData\000"
 1226      6100
 1227              	.LASF5:
 1228 0128 6C6F6E67 		.ascii	"long unsigned int\000"
 1228      20756E73 
 1228      69676E65 
 1228      6420696E 
 1228      7400
 1229              	.LASF22:
 1230 013a 47505253 		.ascii	"GPRS_AT_RecFinish\000"
 1230      5F41545F 
 1230      52656346 
 1230      696E6973 
 1230      6800
 1231              	.LASF28:
 1232 014c 47505253 		.ascii	"GPRS_AT_RecBuf\000"
 1232      5F41545F 
 1232      52656342 
 1232      756600
 1233              	.LASF40:
 1234 015b 6D656D73 		.ascii	"memset\000"
 1234      657400
 1235              	.LASF21:
 1236 0162 47505253 		.ascii	"GPRS_AT_Buf\000"
ARM GAS  C:\Users\Administrator\AppData\Local\Temp\ccDtb8Uo.s 			page 27


 1236      5F41545F 
 1236      42756600 
 1237              	.LASF13:
 1238 016e 646F7562 		.ascii	"double\000"
 1238      6C6500
 1239              	.LASF10:
 1240 0175 75696E74 		.ascii	"uint16\000"
 1240      313600
 1241              	.LASF11:
 1242 017c 75696E74 		.ascii	"uint32\000"
 1242      333200
 1243              	.LASF1:
 1244 0183 756E7369 		.ascii	"unsigned char\000"
 1244      676E6564 
 1244      20636861 
 1244      7200
 1245              	.LASF8:
 1246 0191 756E7369 		.ascii	"unsigned int\000"
 1246      676E6564 
 1246      20696E74 
 1246      00
 1247              	.LASF18:
 1248 019e 55617274 		.ascii	"Uart433Send\000"
 1248      34333353 
 1248      656E6400 
 1249              	.LASF30:
 1250 01aa 41545F69 		.ascii	"AT_index\000"
 1250      6E646578 
 1250      00
 1251              	.LASF7:
 1252 01b3 6C6F6E67 		.ascii	"long long unsigned int\000"
 1252      206C6F6E 
 1252      6720756E 
 1252      7369676E 
 1252      65642069 
 1253              	.LASF27:
 1254 01ca 52656376 		.ascii	"RecvType\000"
 1254      54797065 
 1254      00
 1255              	.LASF15:
 1256 01d3 73697A65 		.ascii	"sizetype\000"
 1256      74797065 
 1256      00
 1257              	.LASF19:
 1258 01dc 55617274 		.ascii	"Uart433Recv\000"
 1258      34333352 
 1258      65637600 
 1259              	.LASF6:
 1260 01e8 6C6F6E67 		.ascii	"long long int\000"
 1260      206C6F6E 
 1260      6720696E 
 1260      7400
 1261              	.LASF14:
 1262 01f6 63686172 		.ascii	"char\000"
 1262      00
 1263              	.LASF36:
 1264 01fb 6D656D63 		.ascii	"memcpy\000"
ARM GAS  C:\Users\Administrator\AppData\Local\Temp\ccDtb8Uo.s 			page 28


 1264      707900
 1265              	.LASF2:
 1266 0202 73686F72 		.ascii	"short int\000"
 1266      7420696E 
 1266      7400
 1267              	.LASF9:
 1268 020c 75696E74 		.ascii	"uint8\000"
 1268      3800
 1269              	.LASF34:
 1270 0212 436D645F 		.ascii	"Cmd_index\000"
 1270      696E6465 
 1270      7800
 1271              	.LASF33:
 1272 021c 436D645F 		.ascii	"Cmd_Revsta\000"
 1272      52657673 
 1272      746100
 1273              	.LASF4:
 1274 0227 6C6F6E67 		.ascii	"long int\000"
 1274      20696E74 
 1274      00
 1275              	.LASF32:
 1276 0230 436D645F 		.ascii	"Cmd_Baglen\000"
 1276      4261676C 
 1276      656E00
 1277              	.LASF0:
 1278 023b 7369676E 		.ascii	"signed char\000"
 1278      65642063 
 1278      68617200 
 1279              	.LASF39:
 1280 0247 473A5C50 		.ascii	"G:\\Psoc4_prj\\7.rental_house\\18-04-11\\second_ima"
 1280      736F6334 
 1280      5F70726A 
 1280      5C372E72 
 1280      656E7461 
 1281 0276 6765735B 		.ascii	"ges[4-9]\\EntranceGuard_171019-12.50\\EntranceGuard"
 1281      342D395D 
 1281      5C456E74 
 1281      72616E63 
 1281      65477561 
 1282 02a7 2E637964 		.ascii	".cydsn\000"
 1282      736E00
 1283              	.LASF25:
 1284 02ae 47505253 		.ascii	"GPRSCmd_buf1\000"
 1284      436D645F 
 1284      62756631 
 1284      00
 1285              	.LASF26:
 1286 02bb 47505253 		.ascii	"GPRSCmd_buf2\000"
 1286      436D645F 
 1286      62756632 
 1286      00
 1287              		.ident	"GCC: (GNU Tools for ARM Embedded Processors) 4.9.3 20150303 (release) [ARM/embedded-4_9-br
