ARM GAS  C:\Users\zhiantec\AppData\Local\Temp\ccJdKxvF.s 			page 1


   1              		.cpu cortex-m0
   2              		.fpu softvfp
   3              		.eabi_attribute 20, 1
   4              		.eabi_attribute 21, 1
   5              		.eabi_attribute 23, 3
   6              		.eabi_attribute 24, 1
   7              		.eabi_attribute 25, 1
   8              		.eabi_attribute 26, 1
   9              		.eabi_attribute 30, 4
  10              		.eabi_attribute 34, 0
  11              		.eabi_attribute 18, 4
  12              		.code	16
  13              		.file	"UserWDT.c"
  14              		.text
  15              	.Ltext0:
  16              		.cfi_sections	.debug_frame
  17              		.section	.text.WDT_Start,"ax",%progbits
  18              		.align	1
  19              		.global	WDT_Start
  20              		.code	16
  21              		.thumb_func
  22              		.type	WDT_Start, %function
  23              	WDT_Start:
  24              	.LFB63:
  25              		.file 1 "Code\\Device\\WDT\\UserWDT.c"
   1:Code\Device\WDT/UserWDT.c **** //*************************************************************************************************
   2:Code\Device\WDT/UserWDT.c **** // File name		: UserWDT.c
   3:Code\Device\WDT/UserWDT.c **** // Description		: 看门狗配置的相关函数
   4:Code\Device\WDT/UserWDT.c **** // Author			: Keno
   5:Code\Device\WDT/UserWDT.c **** // Date				: 2016.8.8
   6:Code\Device\WDT/UserWDT.c **** // Version			: V02
   7:Code\Device\WDT/UserWDT.c **** //-------------------------------------------------------------------------------------------------
   8:Code\Device\WDT/UserWDT.c **** // Info				: 
   9:Code\Device\WDT/UserWDT.c **** //*************************************************************************************************
  10:Code\Device\WDT/UserWDT.c **** #include "UserWDT.h"
  11:Code\Device\WDT/UserWDT.c **** 
  12:Code\Device\WDT/UserWDT.c **** 
  13:Code\Device\WDT/UserWDT.c **** 
  14:Code\Device\WDT/UserWDT.c **** //*************************************************************************************************
  15:Code\Device\WDT/UserWDT.c **** // Function name	: SetSysRTCTime
  16:Code\Device\WDT/UserWDT.c **** // Description		: 设置系统RTC时间
  17:Code\Device\WDT/UserWDT.c **** // Parameter		: *arr	: 
  18:Code\Device\WDT/UserWDT.c **** //					: size	
  19:Code\Device\WDT/UserWDT.c **** // Return			: none
  20:Code\Device\WDT/UserWDT.c **** //-------------------------------------------------------------------------------------------------
  21:Code\Device\WDT/UserWDT.c **** // Info				: 
  22:Code\Device\WDT/UserWDT.c **** //*************************************************************************************************
  23:Code\Device\WDT/UserWDT.c **** void WDT_Start(void)
  24:Code\Device\WDT/UserWDT.c **** {  
  26              		.loc 1 24 0
  27              		.cfi_startproc
  28 0000 08B5     		push	{r3, lr}
  29              		.cfi_def_cfa_offset 8
  30              		.cfi_offset 3, -8
  31              		.cfi_offset 14, -4
  25:Code\Device\WDT/UserWDT.c **** 	#if 0  //关闭wdt
  26:Code\Device\WDT/UserWDT.c **** 	/* Set WDT counter 0 to generate interrupt on match */
ARM GAS  C:\Users\zhiantec\AppData\Local\Temp\ccJdKxvF.s 			page 2


  27:Code\Device\WDT/UserWDT.c **** 	CySysWdtWriteMode(CY_SYS_WDT_COUNTER0, CY_SYS_WDT_MODE_INT);
  28:Code\Device\WDT/UserWDT.c **** 	CySysWdtWriteMatch(CY_SYS_WDT_COUNTER0, WDT_COUNT0_MATCH);
  29:Code\Device\WDT/UserWDT.c **** 	CySysWdtWriteClearOnMatch(CY_SYS_WDT_COUNTER0, 1u);
  30:Code\Device\WDT/UserWDT.c **** 	CySysWdtEnable(CY_SYS_WDT_COUNTER0_MASK);
  31:Code\Device\WDT/UserWDT.c **** 	#endif
  32:Code\Device\WDT/UserWDT.c **** 	
  33:Code\Device\WDT/UserWDT.c **** 	#if 1
  34:Code\Device\WDT/UserWDT.c **** 	CySysWdtWriteMode(CY_SYS_WDT_COUNTER0, CY_SYS_WDT_MODE_INT);
  32              		.loc 1 34 0
  33 0002 0020     		mov	r0, #0
  34 0004 0121     		mov	r1, #1
  35 0006 FFF7FEFF 		bl	CySysWdtSetMode
  36              	.LVL0:
  35:Code\Device\WDT/UserWDT.c **** 	CySysWdtWriteMatch(CY_SYS_WDT_COUNTER0, WDT_COUNT0_MATCH);
  37              		.loc 1 35 0
  38 000a 0020     		mov	r0, #0
  39 000c 0D49     		ldr	r1, .L2
  40 000e FFF7FEFF 		bl	CySysWdtSetMatch
  41              	.LVL1:
  36:Code\Device\WDT/UserWDT.c **** 	CySysWdtWriteClearOnMatch(CY_SYS_WDT_COUNTER0, 1u);	
  42              		.loc 1 36 0
  43 0012 0121     		mov	r1, #1
  44 0014 0020     		mov	r0, #0
  45 0016 FFF7FEFF 		bl	CySysWdtSetClearOnMatch
  46              	.LVL2:
  37:Code\Device\WDT/UserWDT.c **** 	
  38:Code\Device\WDT/UserWDT.c **** 	/* Enable WDT counters 0 and 1 cascade */
  39:Code\Device\WDT/UserWDT.c **** 	CySysWdtWriteCascade(CY_SYS_WDT_CASCADE_01);
  47              		.loc 1 39 0
  48 001a 0820     		mov	r0, #8
  49 001c FFF7FEFF 		bl	CySysWdtSetCascade
  50              	.LVL3:
  40:Code\Device\WDT/UserWDT.c ****     
  41:Code\Device\WDT/UserWDT.c **** 	/* Set WDT counter 1 to generate reset on match */
  42:Code\Device\WDT/UserWDT.c **** 	CySysWdtWriteMatch(CY_SYS_WDT_COUNTER1, WDT_COUNT1_MATCH);
  51              		.loc 1 42 0
  52 0020 0120     		mov	r0, #1
  53 0022 0521     		mov	r1, #5
  54 0024 FFF7FEFF 		bl	CySysWdtSetMatch
  55              	.LVL4:
  43:Code\Device\WDT/UserWDT.c **** 	CySysWdtWriteMode(CY_SYS_WDT_COUNTER1, CY_SYS_WDT_MODE_RESET);
  56              		.loc 1 43 0
  57 0028 0120     		mov	r0, #1
  58 002a 0221     		mov	r1, #2
  59 002c FFF7FEFF 		bl	CySysWdtSetMode
  60              	.LVL5:
  44:Code\Device\WDT/UserWDT.c ****     CySysWdtWriteClearOnMatch(CY_SYS_WDT_COUNTER1, 1u);
  61              		.loc 1 44 0
  62 0030 0120     		mov	r0, #1
  63 0032 011C     		mov	r1, r0
  64 0034 FFF7FEFF 		bl	CySysWdtSetClearOnMatch
  65              	.LVL6:
  45:Code\Device\WDT/UserWDT.c **** 	
  46:Code\Device\WDT/UserWDT.c **** 	/* Enable WDT counters 0 and 1 */
  47:Code\Device\WDT/UserWDT.c **** 	CySysWdtEnable(CY_SYS_WDT_COUNTER0_MASK | CY_SYS_WDT_COUNTER1_MASK);
  66              		.loc 1 47 0
  67 0038 0220     		mov	r0, #2
ARM GAS  C:\Users\zhiantec\AppData\Local\Temp\ccJdKxvF.s 			page 3


  68 003a FF30     		add	r0, r0, #255
  69 003c FFF7FEFF 		bl	CySysWdtEnable
  70              	.LVL7:
  48:Code\Device\WDT/UserWDT.c **** 	#endif
  49:Code\Device\WDT/UserWDT.c **** }
  71              		.loc 1 49 0
  72              		@ sp needed
  73 0040 08BD     		pop	{r3, pc}
  74              	.L3:
  75 0042 C046     		.align	2
  76              	.L2:
  77 0044 FF7F0000 		.word	32767
  78              		.cfi_endproc
  79              	.LFE63:
  80              		.size	WDT_Start, .-WDT_Start
  81              		.section	.text.WDT_FeedDog,"ax",%progbits
  82              		.align	1
  83              		.global	WDT_FeedDog
  84              		.code	16
  85              		.thumb_func
  86              		.type	WDT_FeedDog, %function
  87              	WDT_FeedDog:
  88              	.LFB64:
  50:Code\Device\WDT/UserWDT.c **** 
  51:Code\Device\WDT/UserWDT.c **** //*************************************************************************************************
  52:Code\Device\WDT/UserWDT.c **** // Function name	: WDT_FeedDog
  53:Code\Device\WDT/UserWDT.c **** // Description		: 设置系统RTC时间
  54:Code\Device\WDT/UserWDT.c **** // Parameter		: *arr	: 
  55:Code\Device\WDT/UserWDT.c **** //					: size	
  56:Code\Device\WDT/UserWDT.c **** // Return			: none
  57:Code\Device\WDT/UserWDT.c **** //-------------------------------------------------------------------------------------------------
  58:Code\Device\WDT/UserWDT.c **** // Info				: 
  59:Code\Device\WDT/UserWDT.c **** //*************************************************************************************************
  60:Code\Device\WDT/UserWDT.c **** void WDT_FeedDog(void)
  61:Code\Device\WDT/UserWDT.c **** {
  89              		.loc 1 61 0
  90              		.cfi_startproc
  91 0000 08B5     		push	{r3, lr}
  92              		.cfi_def_cfa_offset 8
  93              		.cfi_offset 3, -8
  94              		.cfi_offset 14, -4
  62:Code\Device\WDT/UserWDT.c **** 	CySysWatchdogFeed(CY_SYS_WDT_COUNTER1);
  95              		.loc 1 62 0
  96 0002 0120     		mov	r0, #1
  97 0004 FFF7FEFF 		bl	CySysWatchdogFeed
  98              	.LVL8:
  63:Code\Device\WDT/UserWDT.c **** }
  99              		.loc 1 63 0
 100              		@ sp needed
 101 0008 08BD     		pop	{r3, pc}
 102              		.cfi_endproc
 103              	.LFE64:
 104              		.size	WDT_FeedDog, .-WDT_FeedDog
 105              		.text
 106              	.Letext0:
 107              		.file 2 "Generated_Source\\PSoC4/CyLFClk.h"
 108              		.file 3 "Generated_Source\\PSoC4/cytypes.h"
ARM GAS  C:\Users\zhiantec\AppData\Local\Temp\ccJdKxvF.s 			page 4


 109              		.section	.debug_info,"",%progbits
 110              	.Ldebug_info0:
 111 0000 F2010000 		.4byte	0x1f2
 112 0004 0400     		.2byte	0x4
 113 0006 00000000 		.4byte	.Ldebug_abbrev0
 114 000a 04       		.byte	0x4
 115 000b 01       		.uleb128 0x1
 116 000c C0000000 		.4byte	.LASF20
 117 0010 01       		.byte	0x1
 118 0011 1D020000 		.4byte	.LASF21
 119 0015 22000000 		.4byte	.LASF22
 120 0019 00000000 		.4byte	.Ldebug_ranges0+0
 121 001d 00000000 		.4byte	0
 122 0021 00000000 		.4byte	.Ldebug_line0
 123 0025 02       		.uleb128 0x2
 124 0026 01       		.byte	0x1
 125 0027 06       		.byte	0x6
 126 0028 F7010000 		.4byte	.LASF0
 127 002c 02       		.uleb128 0x2
 128 002d 01       		.byte	0x1
 129 002e 08       		.byte	0x8
 130 002f B1010000 		.4byte	.LASF1
 131 0033 02       		.uleb128 0x2
 132 0034 02       		.byte	0x2
 133 0035 05       		.byte	0x5
 134 0036 13020000 		.4byte	.LASF2
 135 003a 02       		.uleb128 0x2
 136 003b 02       		.byte	0x2
 137 003c 07       		.byte	0x7
 138 003d 77010000 		.4byte	.LASF3
 139 0041 02       		.uleb128 0x2
 140 0042 04       		.byte	0x4
 141 0043 05       		.byte	0x5
 142 0044 C4010000 		.4byte	.LASF4
 143 0048 02       		.uleb128 0x2
 144 0049 04       		.byte	0x4
 145 004a 07       		.byte	0x7
 146 004b 4E010000 		.4byte	.LASF5
 147 004f 02       		.uleb128 0x2
 148 0050 08       		.byte	0x8
 149 0051 05       		.byte	0x5
 150 0052 00000000 		.4byte	.LASF6
 151 0056 02       		.uleb128 0x2
 152 0057 08       		.byte	0x8
 153 0058 07       		.byte	0x7
 154 0059 60010000 		.4byte	.LASF7
 155 005d 03       		.uleb128 0x3
 156 005e 04       		.byte	0x4
 157 005f 05       		.byte	0x5
 158 0060 696E7400 		.ascii	"int\000"
 159 0064 02       		.uleb128 0x2
 160 0065 04       		.byte	0x4
 161 0066 07       		.byte	0x7
 162 0067 15000000 		.4byte	.LASF8
 163 006b 04       		.uleb128 0x4
 164 006c 0E000000 		.4byte	.LASF23
 165 0070 03       		.byte	0x3
ARM GAS  C:\Users\zhiantec\AppData\Local\Temp\ccJdKxvF.s 			page 5


 166 0071 BB01     		.2byte	0x1bb
 167 0073 48000000 		.4byte	0x48
 168 0077 02       		.uleb128 0x2
 169 0078 04       		.byte	0x4
 170 0079 04       		.byte	0x4
 171 007a 0D020000 		.4byte	.LASF9
 172 007e 02       		.uleb128 0x2
 173 007f 08       		.byte	0x8
 174 0080 04       		.byte	0x4
 175 0081 DF010000 		.4byte	.LASF10
 176 0085 02       		.uleb128 0x2
 177 0086 01       		.byte	0x1
 178 0087 08       		.byte	0x8
 179 0088 BF010000 		.4byte	.LASF11
 180 008c 02       		.uleb128 0x2
 181 008d 04       		.byte	0x4
 182 008e 07       		.byte	0x7
 183 008f 47020000 		.4byte	.LASF12
 184 0093 05       		.uleb128 0x5
 185 0094 03020000 		.4byte	.LASF13
 186 0098 01       		.byte	0x1
 187 0099 17       		.byte	0x17
 188 009a 00000000 		.4byte	.LFB63
 189 009e 48000000 		.4byte	.LFE63-.LFB63
 190 00a2 01       		.uleb128 0x1
 191 00a3 9C       		.byte	0x9c
 192 00a4 5F010000 		.4byte	0x15f
 193 00a8 06       		.uleb128 0x6
 194 00a9 0A000000 		.4byte	.LVL0
 195 00ad 84010000 		.4byte	0x184
 196 00b1 C0000000 		.4byte	0xc0
 197 00b5 07       		.uleb128 0x7
 198 00b6 01       		.uleb128 0x1
 199 00b7 51       		.byte	0x51
 200 00b8 01       		.uleb128 0x1
 201 00b9 31       		.byte	0x31
 202 00ba 07       		.uleb128 0x7
 203 00bb 01       		.uleb128 0x1
 204 00bc 50       		.byte	0x50
 205 00bd 01       		.uleb128 0x1
 206 00be 30       		.byte	0x30
 207 00bf 00       		.byte	0
 208 00c0 06       		.uleb128 0x6
 209 00c1 12000000 		.4byte	.LVL1
 210 00c5 9A010000 		.4byte	0x19a
 211 00c9 DA000000 		.4byte	0xda
 212 00cd 07       		.uleb128 0x7
 213 00ce 01       		.uleb128 0x1
 214 00cf 51       		.byte	0x51
 215 00d0 03       		.uleb128 0x3
 216 00d1 0A       		.byte	0xa
 217 00d2 FF7F     		.2byte	0x7fff
 218 00d4 07       		.uleb128 0x7
 219 00d5 01       		.uleb128 0x1
 220 00d6 50       		.byte	0x50
 221 00d7 01       		.uleb128 0x1
 222 00d8 30       		.byte	0x30
ARM GAS  C:\Users\zhiantec\AppData\Local\Temp\ccJdKxvF.s 			page 6


 223 00d9 00       		.byte	0
 224 00da 06       		.uleb128 0x6
 225 00db 1A000000 		.4byte	.LVL2
 226 00df B0010000 		.4byte	0x1b0
 227 00e3 F2000000 		.4byte	0xf2
 228 00e7 07       		.uleb128 0x7
 229 00e8 01       		.uleb128 0x1
 230 00e9 51       		.byte	0x51
 231 00ea 01       		.uleb128 0x1
 232 00eb 31       		.byte	0x31
 233 00ec 07       		.uleb128 0x7
 234 00ed 01       		.uleb128 0x1
 235 00ee 50       		.byte	0x50
 236 00ef 01       		.uleb128 0x1
 237 00f0 30       		.byte	0x30
 238 00f1 00       		.byte	0
 239 00f2 06       		.uleb128 0x6
 240 00f3 20000000 		.4byte	.LVL3
 241 00f7 C6010000 		.4byte	0x1c6
 242 00fb 05010000 		.4byte	0x105
 243 00ff 07       		.uleb128 0x7
 244 0100 01       		.uleb128 0x1
 245 0101 50       		.byte	0x50
 246 0102 01       		.uleb128 0x1
 247 0103 38       		.byte	0x38
 248 0104 00       		.byte	0
 249 0105 06       		.uleb128 0x6
 250 0106 28000000 		.4byte	.LVL4
 251 010a 9A010000 		.4byte	0x19a
 252 010e 1D010000 		.4byte	0x11d
 253 0112 07       		.uleb128 0x7
 254 0113 01       		.uleb128 0x1
 255 0114 51       		.byte	0x51
 256 0115 01       		.uleb128 0x1
 257 0116 35       		.byte	0x35
 258 0117 07       		.uleb128 0x7
 259 0118 01       		.uleb128 0x1
 260 0119 50       		.byte	0x50
 261 011a 01       		.uleb128 0x1
 262 011b 31       		.byte	0x31
 263 011c 00       		.byte	0
 264 011d 06       		.uleb128 0x6
 265 011e 30000000 		.4byte	.LVL5
 266 0122 84010000 		.4byte	0x184
 267 0126 35010000 		.4byte	0x135
 268 012a 07       		.uleb128 0x7
 269 012b 01       		.uleb128 0x1
 270 012c 51       		.byte	0x51
 271 012d 01       		.uleb128 0x1
 272 012e 32       		.byte	0x32
 273 012f 07       		.uleb128 0x7
 274 0130 01       		.uleb128 0x1
 275 0131 50       		.byte	0x50
 276 0132 01       		.uleb128 0x1
 277 0133 31       		.byte	0x31
 278 0134 00       		.byte	0
 279 0135 06       		.uleb128 0x6
ARM GAS  C:\Users\zhiantec\AppData\Local\Temp\ccJdKxvF.s 			page 7


 280 0136 38000000 		.4byte	.LVL6
 281 013a B0010000 		.4byte	0x1b0
 282 013e 4D010000 		.4byte	0x14d
 283 0142 07       		.uleb128 0x7
 284 0143 01       		.uleb128 0x1
 285 0144 51       		.byte	0x51
 286 0145 01       		.uleb128 0x1
 287 0146 31       		.byte	0x31
 288 0147 07       		.uleb128 0x7
 289 0148 01       		.uleb128 0x1
 290 0149 50       		.byte	0x50
 291 014a 01       		.uleb128 0x1
 292 014b 31       		.byte	0x31
 293 014c 00       		.byte	0
 294 014d 08       		.uleb128 0x8
 295 014e 40000000 		.4byte	.LVL7
 296 0152 D7010000 		.4byte	0x1d7
 297 0156 07       		.uleb128 0x7
 298 0157 01       		.uleb128 0x1
 299 0158 50       		.byte	0x50
 300 0159 03       		.uleb128 0x3
 301 015a 0A       		.byte	0xa
 302 015b 0101     		.2byte	0x101
 303 015d 00       		.byte	0
 304 015e 00       		.byte	0
 305 015f 05       		.uleb128 0x5
 306 0160 50020000 		.4byte	.LASF14
 307 0164 01       		.byte	0x1
 308 0165 3C       		.byte	0x3c
 309 0166 00000000 		.4byte	.LFB64
 310 016a 0A000000 		.4byte	.LFE64-.LFB64
 311 016e 01       		.uleb128 0x1
 312 016f 9C       		.byte	0x9c
 313 0170 84010000 		.4byte	0x184
 314 0174 08       		.uleb128 0x8
 315 0175 08000000 		.4byte	.LVL8
 316 0179 E8010000 		.4byte	0x1e8
 317 017d 07       		.uleb128 0x7
 318 017e 01       		.uleb128 0x1
 319 017f 50       		.byte	0x50
 320 0180 01       		.uleb128 0x1
 321 0181 31       		.byte	0x31
 322 0182 00       		.byte	0
 323 0183 00       		.byte	0
 324 0184 09       		.uleb128 0x9
 325 0185 37020000 		.4byte	.LASF15
 326 0189 02       		.byte	0x2
 327 018a 67       		.byte	0x67
 328 018b 9A010000 		.4byte	0x19a
 329 018f 0A       		.uleb128 0xa
 330 0190 6B000000 		.4byte	0x6b
 331 0194 0A       		.uleb128 0xa
 332 0195 6B000000 		.4byte	0x6b
 333 0199 00       		.byte	0
 334 019a 09       		.uleb128 0x9
 335 019b E6010000 		.4byte	.LASF16
 336 019f 02       		.byte	0x2
ARM GAS  C:\Users\zhiantec\AppData\Local\Temp\ccJdKxvF.s 			page 8


 337 01a0 70       		.byte	0x70
 338 01a1 B0010000 		.4byte	0x1b0
 339 01a5 0A       		.uleb128 0xa
 340 01a6 6B000000 		.4byte	0x6b
 341 01aa 0A       		.uleb128 0xa
 342 01ab 6B000000 		.4byte	0x6b
 343 01af 00       		.byte	0
 344 01b0 09       		.uleb128 0x9
 345 01b1 8A010000 		.4byte	.LASF17
 346 01b5 02       		.byte	0x2
 347 01b6 6A       		.byte	0x6a
 348 01b7 C6010000 		.4byte	0x1c6
 349 01bb 0A       		.uleb128 0xa
 350 01bc 6B000000 		.4byte	0x6b
 351 01c0 0A       		.uleb128 0xa
 352 01c1 6B000000 		.4byte	0x6b
 353 01c5 00       		.byte	0
 354 01c6 09       		.uleb128 0x9
 355 01c7 AD000000 		.4byte	.LASF18
 356 01cb 02       		.byte	0x2
 357 01cc 6E       		.byte	0x6e
 358 01cd D7010000 		.4byte	0x1d7
 359 01d1 0A       		.uleb128 0xa
 360 01d2 6B000000 		.4byte	0x6b
 361 01d6 00       		.byte	0
 362 01d7 09       		.uleb128 0x9
 363 01d8 A2010000 		.4byte	.LASF19
 364 01dc 02       		.byte	0x2
 365 01dd 6C       		.byte	0x6c
 366 01de E8010000 		.4byte	0x1e8
 367 01e2 0A       		.uleb128 0xa
 368 01e3 6B000000 		.4byte	0x6b
 369 01e7 00       		.byte	0
 370 01e8 0B       		.uleb128 0xb
 371 01e9 CD010000 		.4byte	.LASF24
 372 01ed 02       		.byte	0x2
 373 01ee 7C       		.byte	0x7c
 374 01ef 0A       		.uleb128 0xa
 375 01f0 6B000000 		.4byte	0x6b
 376 01f4 00       		.byte	0
 377 01f5 00       		.byte	0
 378              		.section	.debug_abbrev,"",%progbits
 379              	.Ldebug_abbrev0:
 380 0000 01       		.uleb128 0x1
 381 0001 11       		.uleb128 0x11
 382 0002 01       		.byte	0x1
 383 0003 25       		.uleb128 0x25
 384 0004 0E       		.uleb128 0xe
 385 0005 13       		.uleb128 0x13
 386 0006 0B       		.uleb128 0xb
 387 0007 03       		.uleb128 0x3
 388 0008 0E       		.uleb128 0xe
 389 0009 1B       		.uleb128 0x1b
 390 000a 0E       		.uleb128 0xe
 391 000b 55       		.uleb128 0x55
 392 000c 17       		.uleb128 0x17
 393 000d 11       		.uleb128 0x11
ARM GAS  C:\Users\zhiantec\AppData\Local\Temp\ccJdKxvF.s 			page 9


 394 000e 01       		.uleb128 0x1
 395 000f 10       		.uleb128 0x10
 396 0010 17       		.uleb128 0x17
 397 0011 00       		.byte	0
 398 0012 00       		.byte	0
 399 0013 02       		.uleb128 0x2
 400 0014 24       		.uleb128 0x24
 401 0015 00       		.byte	0
 402 0016 0B       		.uleb128 0xb
 403 0017 0B       		.uleb128 0xb
 404 0018 3E       		.uleb128 0x3e
 405 0019 0B       		.uleb128 0xb
 406 001a 03       		.uleb128 0x3
 407 001b 0E       		.uleb128 0xe
 408 001c 00       		.byte	0
 409 001d 00       		.byte	0
 410 001e 03       		.uleb128 0x3
 411 001f 24       		.uleb128 0x24
 412 0020 00       		.byte	0
 413 0021 0B       		.uleb128 0xb
 414 0022 0B       		.uleb128 0xb
 415 0023 3E       		.uleb128 0x3e
 416 0024 0B       		.uleb128 0xb
 417 0025 03       		.uleb128 0x3
 418 0026 08       		.uleb128 0x8
 419 0027 00       		.byte	0
 420 0028 00       		.byte	0
 421 0029 04       		.uleb128 0x4
 422 002a 16       		.uleb128 0x16
 423 002b 00       		.byte	0
 424 002c 03       		.uleb128 0x3
 425 002d 0E       		.uleb128 0xe
 426 002e 3A       		.uleb128 0x3a
 427 002f 0B       		.uleb128 0xb
 428 0030 3B       		.uleb128 0x3b
 429 0031 05       		.uleb128 0x5
 430 0032 49       		.uleb128 0x49
 431 0033 13       		.uleb128 0x13
 432 0034 00       		.byte	0
 433 0035 00       		.byte	0
 434 0036 05       		.uleb128 0x5
 435 0037 2E       		.uleb128 0x2e
 436 0038 01       		.byte	0x1
 437 0039 3F       		.uleb128 0x3f
 438 003a 19       		.uleb128 0x19
 439 003b 03       		.uleb128 0x3
 440 003c 0E       		.uleb128 0xe
 441 003d 3A       		.uleb128 0x3a
 442 003e 0B       		.uleb128 0xb
 443 003f 3B       		.uleb128 0x3b
 444 0040 0B       		.uleb128 0xb
 445 0041 27       		.uleb128 0x27
 446 0042 19       		.uleb128 0x19
 447 0043 11       		.uleb128 0x11
 448 0044 01       		.uleb128 0x1
 449 0045 12       		.uleb128 0x12
 450 0046 06       		.uleb128 0x6
ARM GAS  C:\Users\zhiantec\AppData\Local\Temp\ccJdKxvF.s 			page 10


 451 0047 40       		.uleb128 0x40
 452 0048 18       		.uleb128 0x18
 453 0049 9742     		.uleb128 0x2117
 454 004b 19       		.uleb128 0x19
 455 004c 01       		.uleb128 0x1
 456 004d 13       		.uleb128 0x13
 457 004e 00       		.byte	0
 458 004f 00       		.byte	0
 459 0050 06       		.uleb128 0x6
 460 0051 898201   		.uleb128 0x4109
 461 0054 01       		.byte	0x1
 462 0055 11       		.uleb128 0x11
 463 0056 01       		.uleb128 0x1
 464 0057 31       		.uleb128 0x31
 465 0058 13       		.uleb128 0x13
 466 0059 01       		.uleb128 0x1
 467 005a 13       		.uleb128 0x13
 468 005b 00       		.byte	0
 469 005c 00       		.byte	0
 470 005d 07       		.uleb128 0x7
 471 005e 8A8201   		.uleb128 0x410a
 472 0061 00       		.byte	0
 473 0062 02       		.uleb128 0x2
 474 0063 18       		.uleb128 0x18
 475 0064 9142     		.uleb128 0x2111
 476 0066 18       		.uleb128 0x18
 477 0067 00       		.byte	0
 478 0068 00       		.byte	0
 479 0069 08       		.uleb128 0x8
 480 006a 898201   		.uleb128 0x4109
 481 006d 01       		.byte	0x1
 482 006e 11       		.uleb128 0x11
 483 006f 01       		.uleb128 0x1
 484 0070 31       		.uleb128 0x31
 485 0071 13       		.uleb128 0x13
 486 0072 00       		.byte	0
 487 0073 00       		.byte	0
 488 0074 09       		.uleb128 0x9
 489 0075 2E       		.uleb128 0x2e
 490 0076 01       		.byte	0x1
 491 0077 3F       		.uleb128 0x3f
 492 0078 19       		.uleb128 0x19
 493 0079 03       		.uleb128 0x3
 494 007a 0E       		.uleb128 0xe
 495 007b 3A       		.uleb128 0x3a
 496 007c 0B       		.uleb128 0xb
 497 007d 3B       		.uleb128 0x3b
 498 007e 0B       		.uleb128 0xb
 499 007f 27       		.uleb128 0x27
 500 0080 19       		.uleb128 0x19
 501 0081 3C       		.uleb128 0x3c
 502 0082 19       		.uleb128 0x19
 503 0083 01       		.uleb128 0x1
 504 0084 13       		.uleb128 0x13
 505 0085 00       		.byte	0
 506 0086 00       		.byte	0
 507 0087 0A       		.uleb128 0xa
ARM GAS  C:\Users\zhiantec\AppData\Local\Temp\ccJdKxvF.s 			page 11


 508 0088 05       		.uleb128 0x5
 509 0089 00       		.byte	0
 510 008a 49       		.uleb128 0x49
 511 008b 13       		.uleb128 0x13
 512 008c 00       		.byte	0
 513 008d 00       		.byte	0
 514 008e 0B       		.uleb128 0xb
 515 008f 2E       		.uleb128 0x2e
 516 0090 01       		.byte	0x1
 517 0091 3F       		.uleb128 0x3f
 518 0092 19       		.uleb128 0x19
 519 0093 03       		.uleb128 0x3
 520 0094 0E       		.uleb128 0xe
 521 0095 3A       		.uleb128 0x3a
 522 0096 0B       		.uleb128 0xb
 523 0097 3B       		.uleb128 0x3b
 524 0098 0B       		.uleb128 0xb
 525 0099 27       		.uleb128 0x27
 526 009a 19       		.uleb128 0x19
 527 009b 3C       		.uleb128 0x3c
 528 009c 19       		.uleb128 0x19
 529 009d 00       		.byte	0
 530 009e 00       		.byte	0
 531 009f 00       		.byte	0
 532              		.section	.debug_aranges,"",%progbits
 533 0000 24000000 		.4byte	0x24
 534 0004 0200     		.2byte	0x2
 535 0006 00000000 		.4byte	.Ldebug_info0
 536 000a 04       		.byte	0x4
 537 000b 00       		.byte	0
 538 000c 0000     		.2byte	0
 539 000e 0000     		.2byte	0
 540 0010 00000000 		.4byte	.LFB63
 541 0014 48000000 		.4byte	.LFE63-.LFB63
 542 0018 00000000 		.4byte	.LFB64
 543 001c 0A000000 		.4byte	.LFE64-.LFB64
 544 0020 00000000 		.4byte	0
 545 0024 00000000 		.4byte	0
 546              		.section	.debug_ranges,"",%progbits
 547              	.Ldebug_ranges0:
 548 0000 00000000 		.4byte	.LFB63
 549 0004 48000000 		.4byte	.LFE63
 550 0008 00000000 		.4byte	.LFB64
 551 000c 0A000000 		.4byte	.LFE64
 552 0010 00000000 		.4byte	0
 553 0014 00000000 		.4byte	0
 554              		.section	.debug_line,"",%progbits
 555              	.Ldebug_line0:
 556 0000 92000000 		.section	.debug_str,"MS",%progbits,1
 556      02006100 
 556      00000201 
 556      FB0E0D00 
 556      01010101 
 557              	.LASF6:
 558 0000 6C6F6E67 		.ascii	"long long int\000"
 558      206C6F6E 
 558      6720696E 
ARM GAS  C:\Users\zhiantec\AppData\Local\Temp\ccJdKxvF.s 			page 12


 558      7400
 559              	.LASF23:
 560 000e 75696E74 		.ascii	"uint32\000"
 560      333200
 561              	.LASF8:
 562 0015 756E7369 		.ascii	"unsigned int\000"
 562      676E6564 
 562      20696E74 
 562      00
 563              	.LASF22:
 564 0022 433A5C55 		.ascii	"C:\\Users\\zhiantec\\Documents\\Tencent Files\\1241"
 564      73657273 
 564      5C7A6869 
 564      616E7465 
 564      635C446F 
 565 0050 39333938 		.ascii	"939835\\FileRecv\\MobileFile\\second_images[4-8]\\E"
 565      33355C46 
 565      696C6552 
 565      6563765C 
 565      4D6F6269 
 566 007f 6E747261 		.ascii	"ntranceGuard_171019-12.50\\EntranceGuard.cydsn\000"
 566      6E636547 
 566      75617264 
 566      5F313731 
 566      3031392D 
 567              	.LASF18:
 568 00ad 43795379 		.ascii	"CySysWdtSetCascade\000"
 568      73576474 
 568      53657443 
 568      61736361 
 568      646500
 569              	.LASF20:
 570 00c0 474E5520 		.ascii	"GNU C 4.9.3 20150303 (release) [ARM/embedded-4_9-br"
 570      4320342E 
 570      392E3320 
 570      32303135 
 570      30333033 
 571 00f3 616E6368 		.ascii	"anch revision 221220] -mcpu=cortex-m0 -mthumb -g -O"
 571      20726576 
 571      6973696F 
 571      6E203232 
 571      31323230 
 572 0126 73202D66 		.ascii	"s -ffunction-sections -ffat-lto-objects\000"
 572      66756E63 
 572      74696F6E 
 572      2D736563 
 572      74696F6E 
 573              	.LASF5:
 574 014e 6C6F6E67 		.ascii	"long unsigned int\000"
 574      20756E73 
 574      69676E65 
 574      6420696E 
 574      7400
 575              	.LASF7:
 576 0160 6C6F6E67 		.ascii	"long long unsigned int\000"
 576      206C6F6E 
 576      6720756E 
ARM GAS  C:\Users\zhiantec\AppData\Local\Temp\ccJdKxvF.s 			page 13


 576      7369676E 
 576      65642069 
 577              	.LASF3:
 578 0177 73686F72 		.ascii	"short unsigned int\000"
 578      7420756E 
 578      7369676E 
 578      65642069 
 578      6E7400
 579              	.LASF17:
 580 018a 43795379 		.ascii	"CySysWdtSetClearOnMatch\000"
 580      73576474 
 580      53657443 
 580      6C656172 
 580      4F6E4D61 
 581              	.LASF19:
 582 01a2 43795379 		.ascii	"CySysWdtEnable\000"
 582      73576474 
 582      456E6162 
 582      6C6500
 583              	.LASF1:
 584 01b1 756E7369 		.ascii	"unsigned char\000"
 584      676E6564 
 584      20636861 
 584      7200
 585              	.LASF11:
 586 01bf 63686172 		.ascii	"char\000"
 586      00
 587              	.LASF4:
 588 01c4 6C6F6E67 		.ascii	"long int\000"
 588      20696E74 
 588      00
 589              	.LASF24:
 590 01cd 43795379 		.ascii	"CySysWatchdogFeed\000"
 590      73576174 
 590      6368646F 
 590      67466565 
 590      6400
 591              	.LASF10:
 592 01df 646F7562 		.ascii	"double\000"
 592      6C6500
 593              	.LASF16:
 594 01e6 43795379 		.ascii	"CySysWdtSetMatch\000"
 594      73576474 
 594      5365744D 
 594      61746368 
 594      00
 595              	.LASF0:
 596 01f7 7369676E 		.ascii	"signed char\000"
 596      65642063 
 596      68617200 
 597              	.LASF13:
 598 0203 5744545F 		.ascii	"WDT_Start\000"
 598      53746172 
 598      7400
 599              	.LASF9:
 600 020d 666C6F61 		.ascii	"float\000"
 600      7400
ARM GAS  C:\Users\zhiantec\AppData\Local\Temp\ccJdKxvF.s 			page 14


 601              	.LASF2:
 602 0213 73686F72 		.ascii	"short int\000"
 602      7420696E 
 602      7400
 603              	.LASF21:
 604 021d 436F6465 		.ascii	"Code\\Device\\WDT\\UserWDT.c\000"
 604      5C446576 
 604      6963655C 
 604      5744545C 
 604      55736572 
 605              	.LASF15:
 606 0237 43795379 		.ascii	"CySysWdtSetMode\000"
 606      73576474 
 606      5365744D 
 606      6F646500 
 607              	.LASF12:
 608 0247 73697A65 		.ascii	"sizetype\000"
 608      74797065 
 608      00
 609              	.LASF14:
 610 0250 5744545F 		.ascii	"WDT_FeedDog\000"
 610      46656564 
 610      446F6700 
 611              		.ident	"GCC: (GNU Tools for ARM Embedded Processors) 4.9.3 20150303 (release) [ARM/embedded-4_9-br
