ARM GAS  C:\Users\Administrator\AppData\Local\Temp\ccY1SQ34.s 			page 1


   1              		.syntax unified
   2              		.cpu cortex-m0
   3              		.fpu softvfp
   4              		.eabi_attribute 20, 1
   5              		.eabi_attribute 21, 1
   6              		.eabi_attribute 23, 3
   7              		.eabi_attribute 24, 1
   8              		.eabi_attribute 25, 1
   9              		.eabi_attribute 26, 1
  10              		.eabi_attribute 30, 4
  11              		.eabi_attribute 34, 0
  12              		.eabi_attribute 18, 4
  13              		.thumb
  14              		.syntax unified
  15              		.file	"cyfitter_cfg.c"
  16              		.text
  17              	.Ltext0:
  18              		.cfi_sections	.debug_frame
  19              		.section	.psocinit,"ax",%progbits
  20              		.align	1
  21              		.global	cyfitter_cfg
  22              		.code	16
  23              		.thumb_func
  24              		.type	cyfitter_cfg, %function
  25              	cyfitter_cfg:
  26              	.LFB7:
  27              		.file 1 "Generated_Source\\PSoC4\\cyfitter_cfg.c"
   1:Generated_Source\PSoC4/cyfitter_cfg.c **** 
   2:Generated_Source\PSoC4/cyfitter_cfg.c **** /*******************************************************************************
   3:Generated_Source\PSoC4/cyfitter_cfg.c **** * File Name: cyfitter_cfg.c
   4:Generated_Source\PSoC4/cyfitter_cfg.c **** * 
   5:Generated_Source\PSoC4/cyfitter_cfg.c **** * PSoC Creator  4.1 Update 1
   6:Generated_Source\PSoC4/cyfitter_cfg.c **** *
   7:Generated_Source\PSoC4/cyfitter_cfg.c **** * Description:
   8:Generated_Source\PSoC4/cyfitter_cfg.c **** * This file contains device initialization code.
   9:Generated_Source\PSoC4/cyfitter_cfg.c **** * Except for the user defined sections in CyClockStartupError(), this file should not be modified.
  10:Generated_Source\PSoC4/cyfitter_cfg.c **** * This file is automatically generated by PSoC Creator.
  11:Generated_Source\PSoC4/cyfitter_cfg.c **** *
  12:Generated_Source\PSoC4/cyfitter_cfg.c **** ********************************************************************************
  13:Generated_Source\PSoC4/cyfitter_cfg.c **** * Copyright (c) 2007-2017 Cypress Semiconductor.  All rights reserved.
  14:Generated_Source\PSoC4/cyfitter_cfg.c **** * You may use this file only in accordance with the license, terms, conditions, 
  15:Generated_Source\PSoC4/cyfitter_cfg.c **** * disclaimers, and limitations in the end user license agreement accompanying 
  16:Generated_Source\PSoC4/cyfitter_cfg.c **** * the software package with which this file was provided.
  17:Generated_Source\PSoC4/cyfitter_cfg.c **** ********************************************************************************/
  18:Generated_Source\PSoC4/cyfitter_cfg.c **** 
  19:Generated_Source\PSoC4/cyfitter_cfg.c **** #include <string.h>
  20:Generated_Source\PSoC4/cyfitter_cfg.c **** #include "cytypes.h"
  21:Generated_Source\PSoC4/cyfitter_cfg.c **** #include "cydevice_trm.h"
  22:Generated_Source\PSoC4/cyfitter_cfg.c **** #include "cyfitter.h"
  23:Generated_Source\PSoC4/cyfitter_cfg.c **** #include "CyLib.h"
  24:Generated_Source\PSoC4/cyfitter_cfg.c **** #include "cyfitter_cfg.h"
  25:Generated_Source\PSoC4/cyfitter_cfg.c **** 
  26:Generated_Source\PSoC4/cyfitter_cfg.c **** 
  27:Generated_Source\PSoC4/cyfitter_cfg.c **** #if defined(__GNUC__) || defined(__ARMCC_VERSION)
  28:Generated_Source\PSoC4/cyfitter_cfg.c ****     #define CYPACKED 
  29:Generated_Source\PSoC4/cyfitter_cfg.c ****     #define CYPACKED_ATTR __attribute__ ((packed))
  30:Generated_Source\PSoC4/cyfitter_cfg.c ****     #define CYALIGNED __attribute__ ((aligned))
ARM GAS  C:\Users\Administrator\AppData\Local\Temp\ccY1SQ34.s 			page 2


  31:Generated_Source\PSoC4/cyfitter_cfg.c ****     #define CY_CFG_UNUSED __attribute__ ((unused))
  32:Generated_Source\PSoC4/cyfitter_cfg.c ****     #ifndef CY_CFG_SECTION
  33:Generated_Source\PSoC4/cyfitter_cfg.c ****         #define CY_CFG_SECTION __attribute__ ((section(".psocinit")))
  34:Generated_Source\PSoC4/cyfitter_cfg.c ****     #endif
  35:Generated_Source\PSoC4/cyfitter_cfg.c ****     
  36:Generated_Source\PSoC4/cyfitter_cfg.c ****     #if defined(__ARMCC_VERSION)
  37:Generated_Source\PSoC4/cyfitter_cfg.c ****         #define CY_CFG_MEMORY_BARRIER() __memory_changed()
  38:Generated_Source\PSoC4/cyfitter_cfg.c ****     #else
  39:Generated_Source\PSoC4/cyfitter_cfg.c ****         #define CY_CFG_MEMORY_BARRIER() __sync_synchronize()
  40:Generated_Source\PSoC4/cyfitter_cfg.c ****     #endif
  41:Generated_Source\PSoC4/cyfitter_cfg.c ****     
  42:Generated_Source\PSoC4/cyfitter_cfg.c **** #elif defined(__ICCARM__)
  43:Generated_Source\PSoC4/cyfitter_cfg.c ****     #include <intrinsics.h>
  44:Generated_Source\PSoC4/cyfitter_cfg.c **** 
  45:Generated_Source\PSoC4/cyfitter_cfg.c ****     #define CYPACKED __packed
  46:Generated_Source\PSoC4/cyfitter_cfg.c ****     #define CYPACKED_ATTR 
  47:Generated_Source\PSoC4/cyfitter_cfg.c ****     #define CYALIGNED _Pragma("data_alignment=4")
  48:Generated_Source\PSoC4/cyfitter_cfg.c ****     #define CY_CFG_UNUSED _Pragma("diag_suppress=Pe177")
  49:Generated_Source\PSoC4/cyfitter_cfg.c ****     #define CY_CFG_SECTION _Pragma("location=\".psocinit\"")
  50:Generated_Source\PSoC4/cyfitter_cfg.c ****     
  51:Generated_Source\PSoC4/cyfitter_cfg.c ****     #define CY_CFG_MEMORY_BARRIER() __DMB()
  52:Generated_Source\PSoC4/cyfitter_cfg.c ****     
  53:Generated_Source\PSoC4/cyfitter_cfg.c **** #else
  54:Generated_Source\PSoC4/cyfitter_cfg.c ****     #error Unsupported toolchain
  55:Generated_Source\PSoC4/cyfitter_cfg.c **** #endif
  56:Generated_Source\PSoC4/cyfitter_cfg.c **** 
  57:Generated_Source\PSoC4/cyfitter_cfg.c **** #ifndef CYCODE
  58:Generated_Source\PSoC4/cyfitter_cfg.c ****     #define CYCODE
  59:Generated_Source\PSoC4/cyfitter_cfg.c **** #endif
  60:Generated_Source\PSoC4/cyfitter_cfg.c **** #ifndef CYDATA
  61:Generated_Source\PSoC4/cyfitter_cfg.c ****     #define CYDATA
  62:Generated_Source\PSoC4/cyfitter_cfg.c **** #endif
  63:Generated_Source\PSoC4/cyfitter_cfg.c **** #ifndef CYFAR
  64:Generated_Source\PSoC4/cyfitter_cfg.c ****     #define CYFAR
  65:Generated_Source\PSoC4/cyfitter_cfg.c **** #endif
  66:Generated_Source\PSoC4/cyfitter_cfg.c **** #ifndef CYXDATA
  67:Generated_Source\PSoC4/cyfitter_cfg.c ****     #define CYXDATA
  68:Generated_Source\PSoC4/cyfitter_cfg.c **** #endif
  69:Generated_Source\PSoC4/cyfitter_cfg.c **** 
  70:Generated_Source\PSoC4/cyfitter_cfg.c **** 
  71:Generated_Source\PSoC4/cyfitter_cfg.c **** CY_CFG_UNUSED
  72:Generated_Source\PSoC4/cyfitter_cfg.c **** static void CYMEMZERO(void *s, size_t n);
  73:Generated_Source\PSoC4/cyfitter_cfg.c **** CY_CFG_UNUSED
  74:Generated_Source\PSoC4/cyfitter_cfg.c **** static void CYMEMZERO(void *s, size_t n)
  75:Generated_Source\PSoC4/cyfitter_cfg.c **** {
  76:Generated_Source\PSoC4/cyfitter_cfg.c **** 	(void)memset(s, 0, n);
  77:Generated_Source\PSoC4/cyfitter_cfg.c **** }
  78:Generated_Source\PSoC4/cyfitter_cfg.c **** CY_CFG_UNUSED
  79:Generated_Source\PSoC4/cyfitter_cfg.c **** static void CYCONFIGCPY(void *dest, const void *src, size_t n);
  80:Generated_Source\PSoC4/cyfitter_cfg.c **** CY_CFG_UNUSED
  81:Generated_Source\PSoC4/cyfitter_cfg.c **** static void CYCONFIGCPY(void *dest, const void *src, size_t n)
  82:Generated_Source\PSoC4/cyfitter_cfg.c **** {
  83:Generated_Source\PSoC4/cyfitter_cfg.c **** 	(void)memcpy(dest, src, n);
  84:Generated_Source\PSoC4/cyfitter_cfg.c **** }
  85:Generated_Source\PSoC4/cyfitter_cfg.c **** CY_CFG_UNUSED
  86:Generated_Source\PSoC4/cyfitter_cfg.c **** static void CYCONFIGCPYCODE(void *dest, const void *src, size_t n);
  87:Generated_Source\PSoC4/cyfitter_cfg.c **** CY_CFG_UNUSED
ARM GAS  C:\Users\Administrator\AppData\Local\Temp\ccY1SQ34.s 			page 3


  88:Generated_Source\PSoC4/cyfitter_cfg.c **** static void CYCONFIGCPYCODE(void *dest, const void *src, size_t n)
  89:Generated_Source\PSoC4/cyfitter_cfg.c **** {
  90:Generated_Source\PSoC4/cyfitter_cfg.c **** 	(void)memcpy(dest, src, n);
  91:Generated_Source\PSoC4/cyfitter_cfg.c **** }
  92:Generated_Source\PSoC4/cyfitter_cfg.c **** 
  93:Generated_Source\PSoC4/cyfitter_cfg.c **** 
  94:Generated_Source\PSoC4/cyfitter_cfg.c **** 
  95:Generated_Source\PSoC4/cyfitter_cfg.c **** 
  96:Generated_Source\PSoC4/cyfitter_cfg.c **** /* Clock startup error codes                                                   */
  97:Generated_Source\PSoC4/cyfitter_cfg.c **** #define CYCLOCKSTART_NO_ERROR    0u
  98:Generated_Source\PSoC4/cyfitter_cfg.c **** #define CYCLOCKSTART_XTAL_ERROR  1u
  99:Generated_Source\PSoC4/cyfitter_cfg.c **** #define CYCLOCKSTART_32KHZ_ERROR 2u
 100:Generated_Source\PSoC4/cyfitter_cfg.c **** #define CYCLOCKSTART_PLL_ERROR   3u
 101:Generated_Source\PSoC4/cyfitter_cfg.c **** #define CYCLOCKSTART_FLL_ERROR   4u
 102:Generated_Source\PSoC4/cyfitter_cfg.c **** 
 103:Generated_Source\PSoC4/cyfitter_cfg.c **** 
 104:Generated_Source\PSoC4/cyfitter_cfg.c **** #ifdef CY_NEED_CYCLOCKSTARTUPERROR
 105:Generated_Source\PSoC4/cyfitter_cfg.c **** /*******************************************************************************
 106:Generated_Source\PSoC4/cyfitter_cfg.c **** * Function Name: CyClockStartupError
 107:Generated_Source\PSoC4/cyfitter_cfg.c **** ********************************************************************************
 108:Generated_Source\PSoC4/cyfitter_cfg.c **** * Summary:
 109:Generated_Source\PSoC4/cyfitter_cfg.c **** *  If an error is encountered during clock configuration (crystal startup error,
 110:Generated_Source\PSoC4/cyfitter_cfg.c **** *  PLL lock error, etc.), the system will end up here.  Unless reimplemented by
 111:Generated_Source\PSoC4/cyfitter_cfg.c **** *  the customer, this function will stop in an infinite loop.
 112:Generated_Source\PSoC4/cyfitter_cfg.c **** *
 113:Generated_Source\PSoC4/cyfitter_cfg.c **** * Parameters:
 114:Generated_Source\PSoC4/cyfitter_cfg.c **** *   void
 115:Generated_Source\PSoC4/cyfitter_cfg.c **** *
 116:Generated_Source\PSoC4/cyfitter_cfg.c **** * Return:
 117:Generated_Source\PSoC4/cyfitter_cfg.c **** *   void
 118:Generated_Source\PSoC4/cyfitter_cfg.c **** *
 119:Generated_Source\PSoC4/cyfitter_cfg.c **** *******************************************************************************/
 120:Generated_Source\PSoC4/cyfitter_cfg.c **** CY_CFG_UNUSED
 121:Generated_Source\PSoC4/cyfitter_cfg.c **** static void CyClockStartupError(uint8 errorCode);
 122:Generated_Source\PSoC4/cyfitter_cfg.c **** CY_CFG_UNUSED
 123:Generated_Source\PSoC4/cyfitter_cfg.c **** static void CyClockStartupError(uint8 errorCode)
 124:Generated_Source\PSoC4/cyfitter_cfg.c **** {
 125:Generated_Source\PSoC4/cyfitter_cfg.c ****     /* To remove the compiler warning if errorCode not used. */
 126:Generated_Source\PSoC4/cyfitter_cfg.c **** #if defined(CY_PSOC3) && (CY_PSOC3)
 127:Generated_Source\PSoC4/cyfitter_cfg.c ****     errorCode = errorCode;
 128:Generated_Source\PSoC4/cyfitter_cfg.c **** #else
 129:Generated_Source\PSoC4/cyfitter_cfg.c ****     (void)errorCode;
 130:Generated_Source\PSoC4/cyfitter_cfg.c **** #endif /* CY_PSOC3 */
 131:Generated_Source\PSoC4/cyfitter_cfg.c **** 
 132:Generated_Source\PSoC4/cyfitter_cfg.c ****     /* If we have a clock startup error (bad MHz crystal, PLL lock, etc.),  */
 133:Generated_Source\PSoC4/cyfitter_cfg.c ****     /* we will end up here to allow the customer to implement something to  */
 134:Generated_Source\PSoC4/cyfitter_cfg.c ****     /* deal with the clock condition.                                       */
 135:Generated_Source\PSoC4/cyfitter_cfg.c **** 
 136:Generated_Source\PSoC4/cyfitter_cfg.c **** #ifdef CY_CFG_CLOCK_STARTUP_ERROR_CALLBACK
 137:Generated_Source\PSoC4/cyfitter_cfg.c ****     CY_CFG_Clock_Startup_ErrorCallback();
 138:Generated_Source\PSoC4/cyfitter_cfg.c **** #else
 139:Generated_Source\PSoC4/cyfitter_cfg.c ****     /*  If not using CY_CFG_CLOCK_STARTUP_ERROR_CALLBACK, place your clock startup code here. */
 140:Generated_Source\PSoC4/cyfitter_cfg.c ****     /* `#START CyClockStartupError` */
 141:Generated_Source\PSoC4/cyfitter_cfg.c **** 
 142:Generated_Source\PSoC4/cyfitter_cfg.c ****     /* If we have a clock startup error (bad MHz crystal, PLL lock, etc.),  */
 143:Generated_Source\PSoC4/cyfitter_cfg.c ****     /* we will end up here to allow the customer to implement something to  */
 144:Generated_Source\PSoC4/cyfitter_cfg.c ****     /* deal with the clock condition.                                       */
ARM GAS  C:\Users\Administrator\AppData\Local\Temp\ccY1SQ34.s 			page 4


 145:Generated_Source\PSoC4/cyfitter_cfg.c **** 
 146:Generated_Source\PSoC4/cyfitter_cfg.c ****     /* `#END` */
 147:Generated_Source\PSoC4/cyfitter_cfg.c **** 
 148:Generated_Source\PSoC4/cyfitter_cfg.c ****     while(1) {}
 149:Generated_Source\PSoC4/cyfitter_cfg.c **** #endif /* CY_CFG_CLOCK_STARTUP_ERROR_CALLBACK */
 150:Generated_Source\PSoC4/cyfitter_cfg.c **** }
 151:Generated_Source\PSoC4/cyfitter_cfg.c **** #endif
 152:Generated_Source\PSoC4/cyfitter_cfg.c **** 
 153:Generated_Source\PSoC4/cyfitter_cfg.c **** 
 154:Generated_Source\PSoC4/cyfitter_cfg.c **** 
 155:Generated_Source\PSoC4/cyfitter_cfg.c **** /*******************************************************************************
 156:Generated_Source\PSoC4/cyfitter_cfg.c **** * Function Name: ClockSetup
 157:Generated_Source\PSoC4/cyfitter_cfg.c **** ********************************************************************************
 158:Generated_Source\PSoC4/cyfitter_cfg.c **** *
 159:Generated_Source\PSoC4/cyfitter_cfg.c **** * Summary:
 160:Generated_Source\PSoC4/cyfitter_cfg.c **** *   Performs the initialization of all of the clocks in the device based on the
 161:Generated_Source\PSoC4/cyfitter_cfg.c **** *   settings in the Clock tab of the DWR.  This includes enabling the requested
 162:Generated_Source\PSoC4/cyfitter_cfg.c **** *   clocks and setting the necessary dividers to produce the desired frequency. 
 163:Generated_Source\PSoC4/cyfitter_cfg.c **** *
 164:Generated_Source\PSoC4/cyfitter_cfg.c **** * Parameters:
 165:Generated_Source\PSoC4/cyfitter_cfg.c **** *   void
 166:Generated_Source\PSoC4/cyfitter_cfg.c **** *
 167:Generated_Source\PSoC4/cyfitter_cfg.c **** * Return:
 168:Generated_Source\PSoC4/cyfitter_cfg.c **** *   void
 169:Generated_Source\PSoC4/cyfitter_cfg.c **** *
 170:Generated_Source\PSoC4/cyfitter_cfg.c **** *******************************************************************************/
 171:Generated_Source\PSoC4/cyfitter_cfg.c **** static void ClockSetup(void);
 172:Generated_Source\PSoC4/cyfitter_cfg.c **** CY_CFG_SECTION
 173:Generated_Source\PSoC4/cyfitter_cfg.c **** static void ClockSetup(void)
 174:Generated_Source\PSoC4/cyfitter_cfg.c **** {
 175:Generated_Source\PSoC4/cyfitter_cfg.c **** 
 176:Generated_Source\PSoC4/cyfitter_cfg.c **** 	/* Set Flash Cycles based on max possible frequency in case a glitch occurs during ClockSetup(). *
 177:Generated_Source\PSoC4/cyfitter_cfg.c **** 	CY_SET_REG32((void CYXDATA *)(CYREG_CPUSS_FLASH_CTL), (0x0012u));
 178:Generated_Source\PSoC4/cyfitter_cfg.c **** 
 179:Generated_Source\PSoC4/cyfitter_cfg.c **** 	/* Start the WCO */
 180:Generated_Source\PSoC4/cyfitter_cfg.c **** 	CySysClkWcoStart();
 181:Generated_Source\PSoC4/cyfitter_cfg.c **** 	CyDelayCycles(12000000u); /* WCO may take up to 500ms to start */
 182:Generated_Source\PSoC4/cyfitter_cfg.c **** 	(void)CySysClkWcoSetPowerMode(CY_SYS_CLK_WCO_LPM);    /* Switch to the low power mode */
 183:Generated_Source\PSoC4/cyfitter_cfg.c **** 
 184:Generated_Source\PSoC4/cyfitter_cfg.c **** 	/* Setup and trim IMO based on desired frequency. */
 185:Generated_Source\PSoC4/cyfitter_cfg.c **** 	CySysClkWriteImoFreq(32u);
 186:Generated_Source\PSoC4/cyfitter_cfg.c **** 	/* CYDEV_CLK_ILO_CONFIG Starting address: CYDEV_CLK_ILO_CONFIG */
 187:Generated_Source\PSoC4/cyfitter_cfg.c **** 	CY_SET_REG32((void *)(CYREG_CLK_ILO_CONFIG), 0x80000006u);
 188:Generated_Source\PSoC4/cyfitter_cfg.c **** 
 189:Generated_Source\PSoC4/cyfitter_cfg.c **** 	/* CYDEV_WDT_CONFIG Starting address: CYDEV_WDT_CONFIG */
 190:Generated_Source\PSoC4/cyfitter_cfg.c **** 	CY_SET_REG32((void *)(CYREG_WDT_CONFIG), 0x40000000u);
 191:Generated_Source\PSoC4/cyfitter_cfg.c **** 
 192:Generated_Source\PSoC4/cyfitter_cfg.c **** 
 193:Generated_Source\PSoC4/cyfitter_cfg.c **** 	/* Enable fast start mode for XO */
 194:Generated_Source\PSoC4/cyfitter_cfg.c **** 	CY_SET_REG32((void*)CYREG_BLE_BLERD_BB_XO, CY_GET_REG32((void*)CYREG_BLE_BLERD_BB_XO) | (uint32)0x
 195:Generated_Source\PSoC4/cyfitter_cfg.c **** 	CY_SET_REG32((void *)(CYREG_BLE_BLERD_BB_XO_CAPTRIM), 0x00002D6Au);
 196:Generated_Source\PSoC4/cyfitter_cfg.c **** 	/*Set XTAL(ECO) divider*/
 197:Generated_Source\PSoC4/cyfitter_cfg.c **** 	CY_SET_REG32((void *)(CYREG_BLE_BLESS_XTAL_CLK_DIV_CONFIG), 0x00000000u);
 198:Generated_Source\PSoC4/cyfitter_cfg.c **** 	/* Disable Crystal Stable Interrupt before enabling ECO */
 199:Generated_Source\PSoC4/cyfitter_cfg.c **** 	CY_SET_REG32((void*)CYREG_BLE_BLESS_LL_DSM_CTRL, CY_GET_REG32((void*)CYREG_BLE_BLESS_LL_DSM_CTRL) 
 200:Generated_Source\PSoC4/cyfitter_cfg.c **** 	/* Start the ECO and do not check status since it is not needed for HFCLK */
 201:Generated_Source\PSoC4/cyfitter_cfg.c **** 	(void)CySysClkEcoStart(2000u);
ARM GAS  C:\Users\Administrator\AppData\Local\Temp\ccY1SQ34.s 			page 5


 202:Generated_Source\PSoC4/cyfitter_cfg.c **** 	CyDelayUs(1500u); /* Wait to stabilize */
 203:Generated_Source\PSoC4/cyfitter_cfg.c **** 
 204:Generated_Source\PSoC4/cyfitter_cfg.c **** 	/* Setup phase aligned clocks */
 205:Generated_Source\PSoC4/cyfitter_cfg.c **** 
 206:Generated_Source\PSoC4/cyfitter_cfg.c **** 	/* CYDEV_CLK_IMO_CONFIG Starting address: CYDEV_CLK_IMO_CONFIG */
 207:Generated_Source\PSoC4/cyfitter_cfg.c **** 	CY_SET_REG32((void *)(CYREG_CLK_IMO_CONFIG), 0x80000000u);
 208:Generated_Source\PSoC4/cyfitter_cfg.c **** 
 209:Generated_Source\PSoC4/cyfitter_cfg.c **** 	/* CYDEV_CLK_SELECT Starting address: CYDEV_CLK_SELECT */
 210:Generated_Source\PSoC4/cyfitter_cfg.c **** 	CY_SET_REG32((void *)(CYREG_CLK_SELECT), 0x00080000u);
 211:Generated_Source\PSoC4/cyfitter_cfg.c **** 
 212:Generated_Source\PSoC4/cyfitter_cfg.c **** 	CY_SET_REG32((void *)(CYREG_WDT_CONFIG), 0x40000000u);
 213:Generated_Source\PSoC4/cyfitter_cfg.c **** 	/* Set Flash Cycles based on newly configured 32.00MHz HFCLK. */
 214:Generated_Source\PSoC4/cyfitter_cfg.c **** 	CY_SET_REG32((void CYXDATA *)(CYREG_CPUSS_FLASH_CTL), (0x0011u));
 215:Generated_Source\PSoC4/cyfitter_cfg.c **** }
 216:Generated_Source\PSoC4/cyfitter_cfg.c **** 
 217:Generated_Source\PSoC4/cyfitter_cfg.c **** 
 218:Generated_Source\PSoC4/cyfitter_cfg.c **** /* Analog API Functions */
 219:Generated_Source\PSoC4/cyfitter_cfg.c **** 
 220:Generated_Source\PSoC4/cyfitter_cfg.c **** 
 221:Generated_Source\PSoC4/cyfitter_cfg.c **** /*******************************************************************************
 222:Generated_Source\PSoC4/cyfitter_cfg.c **** * Function Name: AnalogSetDefault
 223:Generated_Source\PSoC4/cyfitter_cfg.c **** ********************************************************************************
 224:Generated_Source\PSoC4/cyfitter_cfg.c **** *
 225:Generated_Source\PSoC4/cyfitter_cfg.c **** * Summary:
 226:Generated_Source\PSoC4/cyfitter_cfg.c **** *  Sets up the analog portions of the chip to default values based on chip
 227:Generated_Source\PSoC4/cyfitter_cfg.c **** *  configuration options from the project.
 228:Generated_Source\PSoC4/cyfitter_cfg.c **** *
 229:Generated_Source\PSoC4/cyfitter_cfg.c **** * Parameters:
 230:Generated_Source\PSoC4/cyfitter_cfg.c **** *  void
 231:Generated_Source\PSoC4/cyfitter_cfg.c **** *
 232:Generated_Source\PSoC4/cyfitter_cfg.c **** * Return:
 233:Generated_Source\PSoC4/cyfitter_cfg.c **** *  void
 234:Generated_Source\PSoC4/cyfitter_cfg.c **** *
 235:Generated_Source\PSoC4/cyfitter_cfg.c **** *******************************************************************************/
 236:Generated_Source\PSoC4/cyfitter_cfg.c **** static void AnalogSetDefault(void);
 237:Generated_Source\PSoC4/cyfitter_cfg.c **** static void AnalogSetDefault(void)
 238:Generated_Source\PSoC4/cyfitter_cfg.c **** {
 239:Generated_Source\PSoC4/cyfitter_cfg.c **** 	CY_SET_XTND_REG32((void CYFAR *)CYREG_CTBM0_DFT_CTRL, 0x00000003u);
 240:Generated_Source\PSoC4/cyfitter_cfg.c **** 	CY_SET_XTND_REG32((void CYFAR *)CYREG_CTBM1_DFT_CTRL, 0x00000003u);
 241:Generated_Source\PSoC4/cyfitter_cfg.c **** 	CY_SET_XTND_REG32((void CYFAR *)CYREG_PASS_DSAB_DSAB_CTRL, 0x00000000u);
 242:Generated_Source\PSoC4/cyfitter_cfg.c **** }
 243:Generated_Source\PSoC4/cyfitter_cfg.c **** 
 244:Generated_Source\PSoC4/cyfitter_cfg.c **** 
 245:Generated_Source\PSoC4/cyfitter_cfg.c **** 
 246:Generated_Source\PSoC4/cyfitter_cfg.c **** 
 247:Generated_Source\PSoC4/cyfitter_cfg.c **** /*******************************************************************************
 248:Generated_Source\PSoC4/cyfitter_cfg.c **** * Function Name: cyfitter_cfg
 249:Generated_Source\PSoC4/cyfitter_cfg.c **** ********************************************************************************
 250:Generated_Source\PSoC4/cyfitter_cfg.c **** * Summary:
 251:Generated_Source\PSoC4/cyfitter_cfg.c **** *  This function is called by the start-up code for the selected device. It
 252:Generated_Source\PSoC4/cyfitter_cfg.c **** *  performs all of the necessary device configuration based on the design
 253:Generated_Source\PSoC4/cyfitter_cfg.c **** *  settings.  This includes settings from the Design Wide Resources (DWR) such
 254:Generated_Source\PSoC4/cyfitter_cfg.c **** *  as Clocks and Pins as well as any component configuration that is necessary.
 255:Generated_Source\PSoC4/cyfitter_cfg.c **** *
 256:Generated_Source\PSoC4/cyfitter_cfg.c **** * Parameters:
 257:Generated_Source\PSoC4/cyfitter_cfg.c **** *   void
 258:Generated_Source\PSoC4/cyfitter_cfg.c **** *
ARM GAS  C:\Users\Administrator\AppData\Local\Temp\ccY1SQ34.s 			page 6


 259:Generated_Source\PSoC4/cyfitter_cfg.c **** * Return:
 260:Generated_Source\PSoC4/cyfitter_cfg.c **** *   void
 261:Generated_Source\PSoC4/cyfitter_cfg.c **** *
 262:Generated_Source\PSoC4/cyfitter_cfg.c **** *******************************************************************************/
 263:Generated_Source\PSoC4/cyfitter_cfg.c **** CY_CFG_SECTION
 264:Generated_Source\PSoC4/cyfitter_cfg.c **** void cyfitter_cfg(void)
 265:Generated_Source\PSoC4/cyfitter_cfg.c **** {
  28              		.loc 1 265 0
  29              		.cfi_startproc
  30              		@ args = 0, pretend = 0, frame = 0
  31              		@ frame_needed = 0, uses_anonymous_args = 0
  32 0000 F8B5     		push	{r3, r4, r5, r6, r7, lr}
  33              		.cfi_def_cfa_offset 24
  34              		.cfi_offset 3, -24
  35              		.cfi_offset 4, -20
  36              		.cfi_offset 5, -16
  37              		.cfi_offset 6, -12
  38              		.cfi_offset 7, -8
  39              		.cfi_offset 14, -4
 266:Generated_Source\PSoC4/cyfitter_cfg.c **** 	/* Disable interrupts by default. Let user enable if/when they want. */
 267:Generated_Source\PSoC4/cyfitter_cfg.c **** 	CyGlobalIntDisable;
  40              		.loc 1 267 0
  41              		.syntax divided
  42              	@ 267 "Generated_Source\PSoC4\cyfitter_cfg.c" 1
  43 0002 72B6     		CPSID   i
  44              	@ 0 "" 2
  45              		.thumb
  46              		.syntax unified
  47              	.LBB10:
  48              	.LBB11:
  49              	.LBB12:
  50              	.LBB13:
  76:Generated_Source\PSoC4/cyfitter_cfg.c **** }
  51              		.loc 1 76 0
  52 0004 8026     		movs	r6, #128
  53              	.LBE13:
  54              	.LBE12:
  55              	.LBE11:
  56              	.LBE10:
 268:Generated_Source\PSoC4/cyfitter_cfg.c **** 
 269:Generated_Source\PSoC4/cyfitter_cfg.c **** 	CY_SET_REG32((void *)(CYREG_BLE_BLESS_LL_DSM_CTRL), 0x00000000u);
  57              		.loc 1 269 0
  58 0006 0024     		movs	r4, #0
  59 0008 2E4D     		ldr	r5, .L2
  60              	.LBB20:
  61              	.LBB18:
  62              	.LBB16:
  63              	.LBB14:
  76:Generated_Source\PSoC4/cyfitter_cfg.c **** }
  64              		.loc 1 76 0
  65 000a F600     		lsls	r6, r6, #3
  66              	.LBE14:
  67              	.LBE16:
  68              	.LBE18:
  69              	.LBE20:
  70              		.loc 1 269 0
  71 000c 2C60     		str	r4, [r5]
ARM GAS  C:\Users\Administrator\AppData\Local\Temp\ccY1SQ34.s 			page 7


  72              	.LVL0:
  73              	.LBB21:
  74              	.LBB19:
  75              	.LBB17:
  76              	.LBB15:
  76:Generated_Source\PSoC4/cyfitter_cfg.c **** }
  77              		.loc 1 76 0
  78 000e 3200     		movs	r2, r6
  79 0010 2100     		movs	r1, r4
  80 0012 2D48     		ldr	r0, .L2+4
  81 0014 FFF7FEFF 		bl	memset
  82              	.LVL1:
  83 0018 3200     		movs	r2, r6
  84 001a 2100     		movs	r1, r4
  85 001c 2B48     		ldr	r0, .L2+8
  86 001e FFF7FEFF 		bl	memset
  87              	.LVL2:
  88              	.LBE15:
  89              	.LBE17:
  90              	.LBE19:
 270:Generated_Source\PSoC4/cyfitter_cfg.c **** 
 271:Generated_Source\PSoC4/cyfitter_cfg.c **** 	{
 272:Generated_Source\PSoC4/cyfitter_cfg.c **** 
 273:Generated_Source\PSoC4/cyfitter_cfg.c **** 		CYPACKED typedef struct {
 274:Generated_Source\PSoC4/cyfitter_cfg.c **** 			void CYFAR *address;
 275:Generated_Source\PSoC4/cyfitter_cfg.c **** 			uint16 size;
 276:Generated_Source\PSoC4/cyfitter_cfg.c **** 		} CYPACKED_ATTR cfg_memset_t;
 277:Generated_Source\PSoC4/cyfitter_cfg.c **** 
 278:Generated_Source\PSoC4/cyfitter_cfg.c **** 		static const cfg_memset_t CYCODE cfg_memset_list[] = {
 279:Generated_Source\PSoC4/cyfitter_cfg.c **** 			/* address, size */
 280:Generated_Source\PSoC4/cyfitter_cfg.c **** 			{(void CYFAR *)(CYDEV_UDB_P0_U0_BASE), 1024u},
 281:Generated_Source\PSoC4/cyfitter_cfg.c **** 			{(void CYFAR *)(CYDEV_UDB_DSI0_BASE), 1024u},
 282:Generated_Source\PSoC4/cyfitter_cfg.c **** 		};
 283:Generated_Source\PSoC4/cyfitter_cfg.c **** 
 284:Generated_Source\PSoC4/cyfitter_cfg.c **** 		uint8 CYDATA i;
 285:Generated_Source\PSoC4/cyfitter_cfg.c **** 
 286:Generated_Source\PSoC4/cyfitter_cfg.c **** 		/* Zero out critical memory blocks before beginning configuration */
 287:Generated_Source\PSoC4/cyfitter_cfg.c **** 		for (i = 0u; i < (sizeof(cfg_memset_list)/sizeof(cfg_memset_list[0])); i++)
 288:Generated_Source\PSoC4/cyfitter_cfg.c **** 		{
 289:Generated_Source\PSoC4/cyfitter_cfg.c **** 			const cfg_memset_t CYCODE * CYDATA ms = &cfg_memset_list[i];
 290:Generated_Source\PSoC4/cyfitter_cfg.c **** 			CYMEMZERO(ms->address, (size_t)(uint32)(ms->size));
 291:Generated_Source\PSoC4/cyfitter_cfg.c **** 		}
 292:Generated_Source\PSoC4/cyfitter_cfg.c **** 
 293:Generated_Source\PSoC4/cyfitter_cfg.c **** 		/* HSIOM Starting address: CYDEV_HSIOM_BASE */
 294:Generated_Source\PSoC4/cyfitter_cfg.c **** 		CY_SET_REG32((void *)(CYDEV_HSIOM_BASE), 0xEE000000u);
  91              		.loc 1 294 0
  92 0022 EE22     		movs	r2, #238
  93 0024 2A4B     		ldr	r3, .L2+12
  94 0026 1206     		lsls	r2, r2, #24
  95 0028 1A60     		str	r2, [r3]
 295:Generated_Source\PSoC4/cyfitter_cfg.c **** 
 296:Generated_Source\PSoC4/cyfitter_cfg.c **** 		/* UDB_PA_0 Starting address: CYDEV_UDB_PA0_BASE */
 297:Generated_Source\PSoC4/cyfitter_cfg.c **** 		CY_SET_REG32((void *)(CYDEV_UDB_PA0_BASE), 0x00990000u);
  96              		.loc 1 297 0
  97 002a 9922     		movs	r2, #153
  98 002c 294B     		ldr	r3, .L2+16
  99 002e 1204     		lsls	r2, r2, #16
ARM GAS  C:\Users\Administrator\AppData\Local\Temp\ccY1SQ34.s 			page 8


 100 0030 1A60     		str	r2, [r3]
 298:Generated_Source\PSoC4/cyfitter_cfg.c **** 
 299:Generated_Source\PSoC4/cyfitter_cfg.c **** 		/* Enable digital routing */
 300:Generated_Source\PSoC4/cyfitter_cfg.c **** 		CY_SET_XTND_REG8((void *)CYREG_UDB_UDBIF_BANK_CTL, (uint8)(CY_GET_XTND_REG8((void *)CYREG_UDB_UDB
 101              		.loc 1 300 0
 102 0032 0622     		movs	r2, #6
 103 0034 2849     		ldr	r1, .L2+20
 104              	.LBE21:
 105              	.LBB22:
 106              	.LBB23:
 177:Generated_Source\PSoC4/cyfitter_cfg.c **** 
 107              		.loc 1 177 0
 108 0036 294E     		ldr	r6, .L2+24
 109              	.LBE23:
 110              	.LBE22:
 111              	.LBB27:
 112              		.loc 1 300 0
 113 0038 0B78     		ldrb	r3, [r1]
 114              	.LBE27:
 115              	.LBB28:
 116              	.LBB24:
 190:Generated_Source\PSoC4/cyfitter_cfg.c **** 
 117              		.loc 1 190 0
 118 003a 294F     		ldr	r7, .L2+28
 119              	.LBE24:
 120              	.LBE28:
 121              	.LBB29:
 122              		.loc 1 300 0
 123 003c 1343     		orrs	r3, r2
 124 003e 0B70     		strb	r3, [r1]
 125              	.LBE29:
 301:Generated_Source\PSoC4/cyfitter_cfg.c **** 	}
 302:Generated_Source\PSoC4/cyfitter_cfg.c **** 
 303:Generated_Source\PSoC4/cyfitter_cfg.c **** 	/* Perform second pass device configuration. These items must be configured in specific order afte
 304:Generated_Source\PSoC4/cyfitter_cfg.c **** 	/* IOPINS0_0 Starting address: CYDEV_GPIO_PRT0_BASE */
 305:Generated_Source\PSoC4/cyfitter_cfg.c **** 	CY_SET_REG32((void *)(CYDEV_GPIO_PRT0_BASE), 0x00000006u);
 126              		.loc 1 305 0
 127 0040 284B     		ldr	r3, .L2+32
 306:Generated_Source\PSoC4/cyfitter_cfg.c **** 	CY_SET_REG32((void *)(CYREG_GPIO_PRT0_PC), 0x00D86D8Eu);
 307:Generated_Source\PSoC4/cyfitter_cfg.c **** 
 308:Generated_Source\PSoC4/cyfitter_cfg.c **** 
 309:Generated_Source\PSoC4/cyfitter_cfg.c **** 	/* Setup clocks based on selections from Clock DWR */
 310:Generated_Source\PSoC4/cyfitter_cfg.c **** 	ClockSetup();
 311:Generated_Source\PSoC4/cyfitter_cfg.c **** 
 312:Generated_Source\PSoC4/cyfitter_cfg.c **** 	/* Perform basic analog initialization to defaults */
 313:Generated_Source\PSoC4/cyfitter_cfg.c **** 	AnalogSetDefault();
 314:Generated_Source\PSoC4/cyfitter_cfg.c **** 
 315:Generated_Source\PSoC4/cyfitter_cfg.c **** }
 128              		.loc 1 315 0
 129              		@ sp needed
 305:Generated_Source\PSoC4/cyfitter_cfg.c **** 	CY_SET_REG32((void *)(CYREG_GPIO_PRT0_PC), 0x00D86D8Eu);
 130              		.loc 1 305 0
 131 0042 1A60     		str	r2, [r3]
 306:Generated_Source\PSoC4/cyfitter_cfg.c **** 	CY_SET_REG32((void *)(CYREG_GPIO_PRT0_PC), 0x00D86D8Eu);
 132              		.loc 1 306 0
 133 0044 284A     		ldr	r2, .L2+36
 134 0046 294B     		ldr	r3, .L2+40
ARM GAS  C:\Users\Administrator\AppData\Local\Temp\ccY1SQ34.s 			page 9


 135 0048 1A60     		str	r2, [r3]
 136              	.LBB30:
 137              	.LBB25:
 177:Generated_Source\PSoC4/cyfitter_cfg.c **** 
 138              		.loc 1 177 0
 139 004a 1223     		movs	r3, #18
 140 004c 3360     		str	r3, [r6]
 180:Generated_Source\PSoC4/cyfitter_cfg.c **** 	CyDelayCycles(12000000u); /* WCO may take up to 500ms to start */
 141              		.loc 1 180 0
 142 004e FFF7FEFF 		bl	CySysClkWcoStart
 143              	.LVL3:
 181:Generated_Source\PSoC4/cyfitter_cfg.c **** 	(void)CySysClkWcoSetPowerMode(CY_SYS_CLK_WCO_LPM);    /* Switch to the low power mode */
 144              		.loc 1 181 0
 145 0052 2748     		ldr	r0, .L2+44
 146 0054 FFF7FEFF 		bl	CyDelayCycles
 147              	.LVL4:
 182:Generated_Source\PSoC4/cyfitter_cfg.c **** 
 148              		.loc 1 182 0
 149 0058 0120     		movs	r0, #1
 150 005a FFF7FEFF 		bl	CySysClkWcoSetPowerMode
 151              	.LVL5:
 185:Generated_Source\PSoC4/cyfitter_cfg.c **** 	/* CYDEV_CLK_ILO_CONFIG Starting address: CYDEV_CLK_ILO_CONFIG */
 152              		.loc 1 185 0
 153 005e 2020     		movs	r0, #32
 154 0060 FFF7FEFF 		bl	CySysClkWriteImoFreq
 155              	.LVL6:
 187:Generated_Source\PSoC4/cyfitter_cfg.c **** 
 156              		.loc 1 187 0
 157 0064 234A     		ldr	r2, .L2+48
 158 0066 244B     		ldr	r3, .L2+52
 194:Generated_Source\PSoC4/cyfitter_cfg.c **** 	CY_SET_REG32((void *)(CYREG_BLE_BLERD_BB_XO_CAPTRIM), 0x00002D6Au);
 159              		.loc 1 194 0
 160 0068 0221     		movs	r1, #2
 187:Generated_Source\PSoC4/cyfitter_cfg.c **** 
 161              		.loc 1 187 0
 162 006a 1A60     		str	r2, [r3]
 190:Generated_Source\PSoC4/cyfitter_cfg.c **** 
 163              		.loc 1 190 0
 164 006c 8023     		movs	r3, #128
 194:Generated_Source\PSoC4/cyfitter_cfg.c **** 	CY_SET_REG32((void *)(CYREG_BLE_BLERD_BB_XO_CAPTRIM), 0x00002D6Au);
 165              		.loc 1 194 0
 166 006e 234A     		ldr	r2, .L2+56
 190:Generated_Source\PSoC4/cyfitter_cfg.c **** 
 167              		.loc 1 190 0
 168 0070 DB05     		lsls	r3, r3, #23
 169 0072 3B60     		str	r3, [r7]
 194:Generated_Source\PSoC4/cyfitter_cfg.c **** 	CY_SET_REG32((void *)(CYREG_BLE_BLERD_BB_XO_CAPTRIM), 0x00002D6Au);
 170              		.loc 1 194 0
 171 0074 1368     		ldr	r3, [r2]
 201:Generated_Source\PSoC4/cyfitter_cfg.c **** 	CyDelayUs(1500u); /* Wait to stabilize */
 172              		.loc 1 201 0
 173 0076 FA20     		movs	r0, #250
 194:Generated_Source\PSoC4/cyfitter_cfg.c **** 	CY_SET_REG32((void *)(CYREG_BLE_BLERD_BB_XO_CAPTRIM), 0x00002D6Au);
 174              		.loc 1 194 0
 175 0078 0B43     		orrs	r3, r1
 176 007a 1360     		str	r3, [r2]
 195:Generated_Source\PSoC4/cyfitter_cfg.c **** 	/*Set XTAL(ECO) divider*/
ARM GAS  C:\Users\Administrator\AppData\Local\Temp\ccY1SQ34.s 			page 10


 177              		.loc 1 195 0
 178 007c 204A     		ldr	r2, .L2+60
 179 007e 214B     		ldr	r3, .L2+64
 201:Generated_Source\PSoC4/cyfitter_cfg.c **** 	CyDelayUs(1500u); /* Wait to stabilize */
 180              		.loc 1 201 0
 181 0080 C000     		lsls	r0, r0, #3
 195:Generated_Source\PSoC4/cyfitter_cfg.c **** 	/*Set XTAL(ECO) divider*/
 182              		.loc 1 195 0
 183 0082 1A60     		str	r2, [r3]
 199:Generated_Source\PSoC4/cyfitter_cfg.c **** 	/* Start the ECO and do not check status since it is not needed for HFCLK */
 184              		.loc 1 199 0
 185 0084 0822     		movs	r2, #8
 197:Generated_Source\PSoC4/cyfitter_cfg.c **** 	/* Disable Crystal Stable Interrupt before enabling ECO */
 186              		.loc 1 197 0
 187 0086 204B     		ldr	r3, .L2+68
 188 0088 1C60     		str	r4, [r3]
 199:Generated_Source\PSoC4/cyfitter_cfg.c **** 	/* Start the ECO and do not check status since it is not needed for HFCLK */
 189              		.loc 1 199 0
 190 008a 2B68     		ldr	r3, [r5]
 191 008c 9343     		bics	r3, r2
 192 008e 2B60     		str	r3, [r5]
 201:Generated_Source\PSoC4/cyfitter_cfg.c **** 	CyDelayUs(1500u); /* Wait to stabilize */
 193              		.loc 1 201 0
 194 0090 FFF7FEFF 		bl	CySysClkEcoStart
 195              	.LVL7:
 202:Generated_Source\PSoC4/cyfitter_cfg.c **** 
 196              		.loc 1 202 0
 197 0094 1D48     		ldr	r0, .L2+72
 198 0096 FFF7FEFF 		bl	CyDelayUs
 199              	.LVL8:
 207:Generated_Source\PSoC4/cyfitter_cfg.c **** 
 200              		.loc 1 207 0
 201 009a 8022     		movs	r2, #128
 202 009c 1C4B     		ldr	r3, .L2+76
 203 009e 1206     		lsls	r2, r2, #24
 204 00a0 1A60     		str	r2, [r3]
 210:Generated_Source\PSoC4/cyfitter_cfg.c **** 
 205              		.loc 1 210 0
 206 00a2 8022     		movs	r2, #128
 207 00a4 1B4B     		ldr	r3, .L2+80
 208 00a6 1203     		lsls	r2, r2, #12
 209 00a8 1A60     		str	r2, [r3]
 212:Generated_Source\PSoC4/cyfitter_cfg.c **** 	/* Set Flash Cycles based on newly configured 32.00MHz HFCLK. */
 210              		.loc 1 212 0
 211 00aa 8023     		movs	r3, #128
 212 00ac DB05     		lsls	r3, r3, #23
 213 00ae 3B60     		str	r3, [r7]
 214:Generated_Source\PSoC4/cyfitter_cfg.c **** }
 214              		.loc 1 214 0
 215 00b0 1123     		movs	r3, #17
 216              	.LBE25:
 217              	.LBE30:
 218              	.LBB31:
 219              	.LBB32:
 239:Generated_Source\PSoC4/cyfitter_cfg.c **** 	CY_SET_XTND_REG32((void CYFAR *)CYREG_CTBM1_DFT_CTRL, 0x00000003u);
 220              		.loc 1 239 0
 221 00b2 194A     		ldr	r2, .L2+84
ARM GAS  C:\Users\Administrator\AppData\Local\Temp\ccY1SQ34.s 			page 11


 222              	.LBE32:
 223              	.LBE31:
 224              	.LBB34:
 225              	.LBB26:
 214:Generated_Source\PSoC4/cyfitter_cfg.c **** }
 226              		.loc 1 214 0
 227 00b4 3360     		str	r3, [r6]
 228              	.LBE26:
 229              	.LBE34:
 230              	.LBB35:
 231              	.LBB33:
 239:Generated_Source\PSoC4/cyfitter_cfg.c **** 	CY_SET_XTND_REG32((void CYFAR *)CYREG_CTBM1_DFT_CTRL, 0x00000003u);
 232              		.loc 1 239 0
 233 00b6 0E3B     		subs	r3, r3, #14
 234 00b8 1360     		str	r3, [r2]
 240:Generated_Source\PSoC4/cyfitter_cfg.c **** 	CY_SET_XTND_REG32((void CYFAR *)CYREG_PASS_DSAB_DSAB_CTRL, 0x00000000u);
 235              		.loc 1 240 0
 236 00ba 184A     		ldr	r2, .L2+88
 237 00bc 1360     		str	r3, [r2]
 241:Generated_Source\PSoC4/cyfitter_cfg.c **** }
 238              		.loc 1 241 0
 239 00be 184B     		ldr	r3, .L2+92
 240 00c0 1C60     		str	r4, [r3]
 241              	.LBE33:
 242              	.LBE35:
 243              		.loc 1 315 0
 244 00c2 F8BD     		pop	{r3, r4, r5, r6, r7, pc}
 245              	.L3:
 246              		.align	2
 247              	.L2:
 248 00c4 6CF02E40 		.word	1076818028
 249 00c8 00300F40 		.word	1074737152
 250 00cc 00400F40 		.word	1074741248
 251 00d0 00000240 		.word	1073872896
 252 00d4 00500F40 		.word	1074745344
 253 00d8 00700F40 		.word	1074753536
 254 00dc 30001040 		.word	1074790448
 255 00e0 0C020B40 		.word	1074463244
 256 00e4 00000440 		.word	1074003968
 257 00e8 8E6DD800 		.word	14183822
 258 00ec 08000440 		.word	1074003976
 259 00f0 001BB700 		.word	12000000
 260 00f4 06000080 		.word	-2147483642
 261 00f8 04010B40 		.word	1074462980
 262 00fc 78002E40 		.word	1076756600
 263 0100 6A2D0000 		.word	11626
 264 0104 7C002E40 		.word	1076756604
 265 0108 64F02E40 		.word	1076818020
 266 010c DC050000 		.word	1500
 267 0110 08010B40 		.word	1074462984
 268 0114 00010B40 		.word	1074462976
 269 0118 30003040 		.word	1076887600
 270 011c 30003140 		.word	1076953136
 271 0120 000E3F40 		.word	1077874176
 272              		.cfi_endproc
 273              	.LFE7:
 274              		.size	cyfitter_cfg, .-cyfitter_cfg
ARM GAS  C:\Users\Administrator\AppData\Local\Temp\ccY1SQ34.s 			page 12


 275              		.text
 276              	.Letext0:
 277              		.file 2 "c:\\program files (x86)\\cypress\\psoc creator\\4.1\\psoc creator\\import\\gnu\\arm\\5.4.
 278              		.file 3 "Generated_Source\\PSoC4\\cytypes.h"
 279              		.file 4 "Generated_Source\\PSoC4\\CyLFClk.h"
 280              		.file 5 "Generated_Source\\PSoC4\\CyLib.h"
 281              		.section	.debug_info,"",%progbits
 282              	.Ldebug_info0:
 283 0000 FC020000 		.4byte	0x2fc
 284 0004 0400     		.2byte	0x4
 285 0006 00000000 		.4byte	.Ldebug_abbrev0
 286 000a 04       		.byte	0x4
 287 000b 01       		.uleb128 0x1
 288 000c 40020000 		.4byte	.LASF32
 289 0010 0C       		.byte	0xc
 290 0011 1A020000 		.4byte	.LASF33
 291 0015 CA000000 		.4byte	.LASF34
 292 0019 90000000 		.4byte	.Ldebug_ranges0+0x90
 293 001d 00000000 		.4byte	0
 294 0021 00000000 		.4byte	.Ldebug_line0
 295 0025 02       		.uleb128 0x2
 296 0026 04       		.byte	0x4
 297 0027 05       		.byte	0x5
 298 0028 696E7400 		.ascii	"int\000"
 299 002c 03       		.uleb128 0x3
 300 002d 14000000 		.4byte	.LASF12
 301 0031 02       		.byte	0x2
 302 0032 D8       		.byte	0xd8
 303 0033 37000000 		.4byte	0x37
 304 0037 04       		.uleb128 0x4
 305 0038 04       		.byte	0x4
 306 0039 07       		.byte	0x7
 307 003a 6A010000 		.4byte	.LASF0
 308 003e 04       		.uleb128 0x4
 309 003f 08       		.byte	0x8
 310 0040 05       		.byte	0x5
 311 0041 AC010000 		.4byte	.LASF1
 312 0045 04       		.uleb128 0x4
 313 0046 08       		.byte	0x8
 314 0047 04       		.byte	0x4
 315 0048 02020000 		.4byte	.LASF2
 316 004c 04       		.uleb128 0x4
 317 004d 01       		.byte	0x1
 318 004e 06       		.byte	0x6
 319 004f 0E020000 		.4byte	.LASF3
 320 0053 04       		.uleb128 0x4
 321 0054 01       		.byte	0x1
 322 0055 08       		.byte	0x8
 323 0056 B5000000 		.4byte	.LASF4
 324 005a 04       		.uleb128 0x4
 325 005b 02       		.byte	0x2
 326 005c 05       		.byte	0x5
 327 005d DA010000 		.4byte	.LASF5
 328 0061 04       		.uleb128 0x4
 329 0062 02       		.byte	0x2
 330 0063 07       		.byte	0x7
 331 0064 47000000 		.4byte	.LASF6
ARM GAS  C:\Users\Administrator\AppData\Local\Temp\ccY1SQ34.s 			page 13


 332 0068 04       		.uleb128 0x4
 333 0069 04       		.byte	0x4
 334 006a 05       		.byte	0x5
 335 006b F9010000 		.4byte	.LASF7
 336 006f 04       		.uleb128 0x4
 337 0070 04       		.byte	0x4
 338 0071 07       		.byte	0x7
 339 0072 82000000 		.4byte	.LASF8
 340 0076 04       		.uleb128 0x4
 341 0077 08       		.byte	0x8
 342 0078 07       		.byte	0x7
 343 0079 7F010000 		.4byte	.LASF9
 344 007d 04       		.uleb128 0x4
 345 007e 04       		.byte	0x4
 346 007f 07       		.byte	0x7
 347 0080 A3010000 		.4byte	.LASF10
 348 0084 05       		.uleb128 0x5
 349 0085 04       		.byte	0x4
 350 0086 04       		.uleb128 0x4
 351 0087 01       		.byte	0x1
 352 0088 08       		.byte	0x8
 353 0089 C4010000 		.4byte	.LASF11
 354 008d 06       		.uleb128 0x6
 355 008e 94000000 		.4byte	.LASF13
 356 0092 03       		.byte	0x3
 357 0093 D201     		.2byte	0x1d2
 358 0095 53000000 		.4byte	0x53
 359 0099 06       		.uleb128 0x6
 360 009a 5C010000 		.4byte	.LASF14
 361 009e 03       		.byte	0x3
 362 009f D301     		.2byte	0x1d3
 363 00a1 61000000 		.4byte	0x61
 364 00a5 06       		.uleb128 0x6
 365 00a6 63010000 		.4byte	.LASF15
 366 00aa 03       		.byte	0x3
 367 00ab D401     		.2byte	0x1d4
 368 00ad 6F000000 		.4byte	0x6f
 369 00b1 04       		.uleb128 0x4
 370 00b2 04       		.byte	0x4
 371 00b3 04       		.byte	0x4
 372 00b4 5A000000 		.4byte	.LASF16
 373 00b8 04       		.uleb128 0x4
 374 00b9 08       		.byte	0x8
 375 00ba 04       		.byte	0x4
 376 00bb 48010000 		.4byte	.LASF17
 377 00bf 06       		.uleb128 0x6
 378 00c0 7D000000 		.4byte	.LASF18
 379 00c4 03       		.byte	0x3
 380 00c5 7C02     		.2byte	0x27c
 381 00c7 CB000000 		.4byte	0xcb
 382 00cb 07       		.uleb128 0x7
 383 00cc 8D000000 		.4byte	0x8d
 384 00d0 06       		.uleb128 0x6
 385 00d1 0E000000 		.4byte	.LASF19
 386 00d5 03       		.byte	0x3
 387 00d6 7E02     		.2byte	0x27e
 388 00d8 DC000000 		.4byte	0xdc
ARM GAS  C:\Users\Administrator\AppData\Local\Temp\ccY1SQ34.s 			page 14


 389 00dc 07       		.uleb128 0x7
 390 00dd A5000000 		.4byte	0xa5
 391 00e1 08       		.uleb128 0x8
 392 00e2 AB000000 		.4byte	.LASF35
 393 00e6 01       		.byte	0x1
 394 00e7 4A       		.byte	0x4a
 395 00e8 01       		.byte	0x1
 396 00e9 00010000 		.4byte	0x100
 397 00ed 09       		.uleb128 0x9
 398 00ee 7300     		.ascii	"s\000"
 399 00f0 01       		.byte	0x1
 400 00f1 4A       		.byte	0x4a
 401 00f2 84000000 		.4byte	0x84
 402 00f6 09       		.uleb128 0x9
 403 00f7 6E00     		.ascii	"n\000"
 404 00f9 01       		.byte	0x1
 405 00fa 4A       		.byte	0x4a
 406 00fb 2C000000 		.4byte	0x2c
 407 00ff 00       		.byte	0
 408 0100 0A       		.uleb128 0xa
 409 0101 1B000000 		.4byte	.LASF20
 410 0105 01       		.byte	0x1
 411 0106 ED       		.byte	0xed
 412 0107 01       		.byte	0x1
 413 0108 0A       		.uleb128 0xa
 414 0109 3C000000 		.4byte	.LASF21
 415 010d 01       		.byte	0x1
 416 010e AD       		.byte	0xad
 417 010f 01       		.byte	0x1
 418 0110 0B       		.uleb128 0xb
 419 0111 4F010000 		.4byte	.LASF36
 420 0115 01       		.byte	0x1
 421 0116 0801     		.2byte	0x108
 422 0118 00000000 		.4byte	.LFB7
 423 011c 24010000 		.4byte	.LFE7-.LFB7
 424 0120 01       		.uleb128 0x1
 425 0121 9C       		.byte	0x9c
 426 0122 B4020000 		.4byte	0x2b4
 427 0126 0C       		.uleb128 0xc
 428 0127 00000000 		.4byte	.Ldebug_ranges0+0
 429 012b 21020000 		.4byte	0x221
 430 012f 0D       		.uleb128 0xd
 431 0130 06       		.byte	0x6
 432 0131 01       		.byte	0x1
 433 0132 1101     		.2byte	0x111
 434 0134 53010000 		.4byte	0x153
 435 0138 0E       		.uleb128 0xe
 436 0139 77010000 		.4byte	.LASF22
 437 013d 01       		.byte	0x1
 438 013e 1201     		.2byte	0x112
 439 0140 84000000 		.4byte	0x84
 440 0144 00       		.byte	0
 441 0145 0E       		.uleb128 0xe
 442 0146 60000000 		.4byte	.LASF23
 443 014a 01       		.byte	0x1
 444 014b 1301     		.2byte	0x113
 445 014d 99000000 		.4byte	0x99
ARM GAS  C:\Users\Administrator\AppData\Local\Temp\ccY1SQ34.s 			page 15


 446 0151 04       		.byte	0x4
 447 0152 00       		.byte	0
 448 0153 06       		.uleb128 0x6
 449 0154 96010000 		.4byte	.LASF24
 450 0158 01       		.byte	0x1
 451 0159 1401     		.2byte	0x114
 452 015b 2F010000 		.4byte	0x12f
 453 015f 0F       		.uleb128 0xf
 454 0160 6F010000 		.4byte	0x16f
 455 0164 6F010000 		.4byte	0x16f
 456 0168 10       		.uleb128 0x10
 457 0169 7D000000 		.4byte	0x7d
 458 016d 01       		.byte	0x1
 459 016e 00       		.byte	0
 460 016f 11       		.uleb128 0x11
 461 0170 53010000 		.4byte	0x153
 462 0174 12       		.uleb128 0x12
 463 0175 2C000000 		.4byte	.LASF25
 464 0179 01       		.byte	0x1
 465 017a 1601     		.2byte	0x116
 466 017c 8D010000 		.4byte	0x18d
 467 0180 0C       		.byte	0xc
 468 0181 00       		.byte	0
 469 0182 30       		.byte	0x30
 470 0183 0F       		.byte	0xf
 471 0184 40       		.byte	0x40
 472 0185 00       		.byte	0
 473 0186 04       		.byte	0x4
 474 0187 00       		.byte	0
 475 0188 40       		.byte	0x40
 476 0189 0F       		.byte	0xf
 477 018a 40       		.byte	0x40
 478 018b 00       		.byte	0
 479 018c 04       		.byte	0x4
 480 018d 11       		.uleb128 0x11
 481 018e 5F010000 		.4byte	0x15f
 482 0192 13       		.uleb128 0x13
 483 0193 6900     		.ascii	"i\000"
 484 0195 01       		.byte	0x1
 485 0196 1C01     		.2byte	0x11c
 486 0198 8D000000 		.4byte	0x8d
 487 019c 00000000 		.4byte	.LLST0
 488 01a0 14       		.uleb128 0x14
 489 01a1 30000000 		.4byte	.Ldebug_ranges0+0x30
 490 01a5 13       		.uleb128 0x13
 491 01a6 6D7300   		.ascii	"ms\000"
 492 01a9 01       		.byte	0x1
 493 01aa 2101     		.2byte	0x121
 494 01ac B4010000 		.4byte	0x1b4
 495 01b0 2C000000 		.4byte	.LLST1
 496 01b4 15       		.uleb128 0x15
 497 01b5 04       		.byte	0x4
 498 01b6 6F010000 		.4byte	0x16f
 499 01ba 16       		.uleb128 0x16
 500 01bb E1000000 		.4byte	0xe1
 501 01bf 04000000 		.4byte	.LBB12
 502 01c3 30000000 		.4byte	.Ldebug_ranges0+0x30
ARM GAS  C:\Users\Administrator\AppData\Local\Temp\ccY1SQ34.s 			page 16


 503 01c7 01       		.byte	0x1
 504 01c8 2201     		.2byte	0x122
 505 01ca 17       		.uleb128 0x17
 506 01cb F6000000 		.4byte	0xf6
 507 01cf 54000000 		.4byte	.LLST2
 508 01d3 17       		.uleb128 0x17
 509 01d4 ED000000 		.4byte	0xed
 510 01d8 6A000000 		.4byte	.LLST3
 511 01dc 18       		.uleb128 0x18
 512 01dd 18000000 		.4byte	.LVL1
 513 01e1 B4020000 		.4byte	0x2b4
 514 01e5 FF010000 		.4byte	0x1ff
 515 01e9 19       		.uleb128 0x19
 516 01ea 01       		.uleb128 0x1
 517 01eb 50       		.byte	0x50
 518 01ec 05       		.uleb128 0x5
 519 01ed 0C       		.byte	0xc
 520 01ee 00300F40 		.4byte	0x400f3000
 521 01f2 19       		.uleb128 0x19
 522 01f3 01       		.uleb128 0x1
 523 01f4 51       		.byte	0x51
 524 01f5 02       		.uleb128 0x2
 525 01f6 74       		.byte	0x74
 526 01f7 00       		.sleb128 0
 527 01f8 19       		.uleb128 0x19
 528 01f9 01       		.uleb128 0x1
 529 01fa 52       		.byte	0x52
 530 01fb 02       		.uleb128 0x2
 531 01fc 76       		.byte	0x76
 532 01fd 00       		.sleb128 0
 533 01fe 00       		.byte	0
 534 01ff 1A       		.uleb128 0x1a
 535 0200 22000000 		.4byte	.LVL2
 536 0204 B4020000 		.4byte	0x2b4
 537 0208 19       		.uleb128 0x19
 538 0209 01       		.uleb128 0x1
 539 020a 50       		.byte	0x50
 540 020b 05       		.uleb128 0x5
 541 020c 0C       		.byte	0xc
 542 020d 00400F40 		.4byte	0x400f4000
 543 0211 19       		.uleb128 0x19
 544 0212 01       		.uleb128 0x1
 545 0213 51       		.byte	0x51
 546 0214 02       		.uleb128 0x2
 547 0215 74       		.byte	0x74
 548 0216 00       		.sleb128 0
 549 0217 19       		.uleb128 0x19
 550 0218 01       		.uleb128 0x1
 551 0219 52       		.byte	0x52
 552 021a 02       		.uleb128 0x2
 553 021b 76       		.byte	0x76
 554 021c 00       		.sleb128 0
 555 021d 00       		.byte	0
 556 021e 00       		.byte	0
 557 021f 00       		.byte	0
 558 0220 00       		.byte	0
 559 0221 1B       		.uleb128 0x1b
ARM GAS  C:\Users\Administrator\AppData\Local\Temp\ccY1SQ34.s 			page 17


 560 0222 08010000 		.4byte	0x108
 561 0226 36000000 		.4byte	.LBB22
 562 022a 50000000 		.4byte	.Ldebug_ranges0+0x50
 563 022e 01       		.byte	0x1
 564 022f 3601     		.2byte	0x136
 565 0231 A3020000 		.4byte	0x2a3
 566 0235 1C       		.uleb128 0x1c
 567 0236 52000000 		.4byte	.LVL3
 568 023a BD020000 		.4byte	0x2bd
 569 023e 18       		.uleb128 0x18
 570 023f 58000000 		.4byte	.LVL4
 571 0243 C8020000 		.4byte	0x2c8
 572 0247 55020000 		.4byte	0x255
 573 024b 19       		.uleb128 0x19
 574 024c 01       		.uleb128 0x1
 575 024d 50       		.byte	0x50
 576 024e 05       		.uleb128 0x5
 577 024f 0C       		.byte	0xc
 578 0250 001BB700 		.4byte	0xb71b00
 579 0254 00       		.byte	0
 580 0255 18       		.uleb128 0x18
 581 0256 5E000000 		.4byte	.LVL5
 582 025a D3020000 		.4byte	0x2d3
 583 025e 68020000 		.4byte	0x268
 584 0262 19       		.uleb128 0x19
 585 0263 01       		.uleb128 0x1
 586 0264 50       		.byte	0x50
 587 0265 01       		.uleb128 0x1
 588 0266 31       		.byte	0x31
 589 0267 00       		.byte	0
 590 0268 18       		.uleb128 0x18
 591 0269 64000000 		.4byte	.LVL6
 592 026d DE020000 		.4byte	0x2de
 593 0271 7C020000 		.4byte	0x27c
 594 0275 19       		.uleb128 0x19
 595 0276 01       		.uleb128 0x1
 596 0277 50       		.byte	0x50
 597 0278 02       		.uleb128 0x2
 598 0279 08       		.byte	0x8
 599 027a 20       		.byte	0x20
 600 027b 00       		.byte	0
 601 027c 18       		.uleb128 0x18
 602 027d 94000000 		.4byte	.LVL7
 603 0281 E9020000 		.4byte	0x2e9
 604 0285 91020000 		.4byte	0x291
 605 0289 19       		.uleb128 0x19
 606 028a 01       		.uleb128 0x1
 607 028b 50       		.byte	0x50
 608 028c 03       		.uleb128 0x3
 609 028d 0A       		.byte	0xa
 610 028e D007     		.2byte	0x7d0
 611 0290 00       		.byte	0
 612 0291 1A       		.uleb128 0x1a
 613 0292 9A000000 		.4byte	.LVL8
 614 0296 F4020000 		.4byte	0x2f4
 615 029a 19       		.uleb128 0x19
 616 029b 01       		.uleb128 0x1
ARM GAS  C:\Users\Administrator\AppData\Local\Temp\ccY1SQ34.s 			page 18


 617 029c 50       		.byte	0x50
 618 029d 03       		.uleb128 0x3
 619 029e 0A       		.byte	0xa
 620 029f DC05     		.2byte	0x5dc
 621 02a1 00       		.byte	0
 622 02a2 00       		.byte	0
 623 02a3 1D       		.uleb128 0x1d
 624 02a4 00010000 		.4byte	0x100
 625 02a8 B2000000 		.4byte	.LBB31
 626 02ac 78000000 		.4byte	.Ldebug_ranges0+0x78
 627 02b0 01       		.byte	0x1
 628 02b1 3901     		.2byte	0x139
 629 02b3 00       		.byte	0
 630 02b4 1E       		.uleb128 0x1e
 631 02b5 C3000000 		.4byte	.LASF37
 632 02b9 C3000000 		.4byte	.LASF37
 633 02bd 1F       		.uleb128 0x1f
 634 02be 9A000000 		.4byte	.LASF26
 635 02c2 9A000000 		.4byte	.LASF26
 636 02c6 04       		.byte	0x4
 637 02c7 4E       		.byte	0x4e
 638 02c8 1F       		.uleb128 0x1f
 639 02c9 00000000 		.4byte	.LASF27
 640 02cd 00000000 		.4byte	.LASF27
 641 02d1 05       		.byte	0x5
 642 02d2 DC       		.byte	0xdc
 643 02d3 1F       		.uleb128 0x1f
 644 02d4 65000000 		.4byte	.LASF28
 645 02d8 65000000 		.4byte	.LASF28
 646 02dc 04       		.byte	0x4
 647 02dd 50       		.byte	0x50
 648 02de 1F       		.uleb128 0x1f
 649 02df E4010000 		.4byte	.LASF29
 650 02e3 E4010000 		.4byte	.LASF29
 651 02e7 05       		.byte	0x5
 652 02e8 6C       		.byte	0x6c
 653 02e9 1F       		.uleb128 0x1f
 654 02ea C9010000 		.4byte	.LASF30
 655 02ee C9010000 		.4byte	.LASF30
 656 02f2 05       		.byte	0x5
 657 02f3 84       		.byte	0x84
 658 02f4 1F       		.uleb128 0x1f
 659 02f5 BA010000 		.4byte	.LASF31
 660 02f9 BA010000 		.4byte	.LASF31
 661 02fd 05       		.byte	0x5
 662 02fe DA       		.byte	0xda
 663 02ff 00       		.byte	0
 664              		.section	.debug_abbrev,"",%progbits
 665              	.Ldebug_abbrev0:
 666 0000 01       		.uleb128 0x1
 667 0001 11       		.uleb128 0x11
 668 0002 01       		.byte	0x1
 669 0003 25       		.uleb128 0x25
 670 0004 0E       		.uleb128 0xe
 671 0005 13       		.uleb128 0x13
 672 0006 0B       		.uleb128 0xb
 673 0007 03       		.uleb128 0x3
ARM GAS  C:\Users\Administrator\AppData\Local\Temp\ccY1SQ34.s 			page 19


 674 0008 0E       		.uleb128 0xe
 675 0009 1B       		.uleb128 0x1b
 676 000a 0E       		.uleb128 0xe
 677 000b 55       		.uleb128 0x55
 678 000c 17       		.uleb128 0x17
 679 000d 11       		.uleb128 0x11
 680 000e 01       		.uleb128 0x1
 681 000f 10       		.uleb128 0x10
 682 0010 17       		.uleb128 0x17
 683 0011 00       		.byte	0
 684 0012 00       		.byte	0
 685 0013 02       		.uleb128 0x2
 686 0014 24       		.uleb128 0x24
 687 0015 00       		.byte	0
 688 0016 0B       		.uleb128 0xb
 689 0017 0B       		.uleb128 0xb
 690 0018 3E       		.uleb128 0x3e
 691 0019 0B       		.uleb128 0xb
 692 001a 03       		.uleb128 0x3
 693 001b 08       		.uleb128 0x8
 694 001c 00       		.byte	0
 695 001d 00       		.byte	0
 696 001e 03       		.uleb128 0x3
 697 001f 16       		.uleb128 0x16
 698 0020 00       		.byte	0
 699 0021 03       		.uleb128 0x3
 700 0022 0E       		.uleb128 0xe
 701 0023 3A       		.uleb128 0x3a
 702 0024 0B       		.uleb128 0xb
 703 0025 3B       		.uleb128 0x3b
 704 0026 0B       		.uleb128 0xb
 705 0027 49       		.uleb128 0x49
 706 0028 13       		.uleb128 0x13
 707 0029 00       		.byte	0
 708 002a 00       		.byte	0
 709 002b 04       		.uleb128 0x4
 710 002c 24       		.uleb128 0x24
 711 002d 00       		.byte	0
 712 002e 0B       		.uleb128 0xb
 713 002f 0B       		.uleb128 0xb
 714 0030 3E       		.uleb128 0x3e
 715 0031 0B       		.uleb128 0xb
 716 0032 03       		.uleb128 0x3
 717 0033 0E       		.uleb128 0xe
 718 0034 00       		.byte	0
 719 0035 00       		.byte	0
 720 0036 05       		.uleb128 0x5
 721 0037 0F       		.uleb128 0xf
 722 0038 00       		.byte	0
 723 0039 0B       		.uleb128 0xb
 724 003a 0B       		.uleb128 0xb
 725 003b 00       		.byte	0
 726 003c 00       		.byte	0
 727 003d 06       		.uleb128 0x6
 728 003e 16       		.uleb128 0x16
 729 003f 00       		.byte	0
 730 0040 03       		.uleb128 0x3
ARM GAS  C:\Users\Administrator\AppData\Local\Temp\ccY1SQ34.s 			page 20


 731 0041 0E       		.uleb128 0xe
 732 0042 3A       		.uleb128 0x3a
 733 0043 0B       		.uleb128 0xb
 734 0044 3B       		.uleb128 0x3b
 735 0045 05       		.uleb128 0x5
 736 0046 49       		.uleb128 0x49
 737 0047 13       		.uleb128 0x13
 738 0048 00       		.byte	0
 739 0049 00       		.byte	0
 740 004a 07       		.uleb128 0x7
 741 004b 35       		.uleb128 0x35
 742 004c 00       		.byte	0
 743 004d 49       		.uleb128 0x49
 744 004e 13       		.uleb128 0x13
 745 004f 00       		.byte	0
 746 0050 00       		.byte	0
 747 0051 08       		.uleb128 0x8
 748 0052 2E       		.uleb128 0x2e
 749 0053 01       		.byte	0x1
 750 0054 03       		.uleb128 0x3
 751 0055 0E       		.uleb128 0xe
 752 0056 3A       		.uleb128 0x3a
 753 0057 0B       		.uleb128 0xb
 754 0058 3B       		.uleb128 0x3b
 755 0059 0B       		.uleb128 0xb
 756 005a 27       		.uleb128 0x27
 757 005b 19       		.uleb128 0x19
 758 005c 20       		.uleb128 0x20
 759 005d 0B       		.uleb128 0xb
 760 005e 01       		.uleb128 0x1
 761 005f 13       		.uleb128 0x13
 762 0060 00       		.byte	0
 763 0061 00       		.byte	0
 764 0062 09       		.uleb128 0x9
 765 0063 05       		.uleb128 0x5
 766 0064 00       		.byte	0
 767 0065 03       		.uleb128 0x3
 768 0066 08       		.uleb128 0x8
 769 0067 3A       		.uleb128 0x3a
 770 0068 0B       		.uleb128 0xb
 771 0069 3B       		.uleb128 0x3b
 772 006a 0B       		.uleb128 0xb
 773 006b 49       		.uleb128 0x49
 774 006c 13       		.uleb128 0x13
 775 006d 00       		.byte	0
 776 006e 00       		.byte	0
 777 006f 0A       		.uleb128 0xa
 778 0070 2E       		.uleb128 0x2e
 779 0071 00       		.byte	0
 780 0072 03       		.uleb128 0x3
 781 0073 0E       		.uleb128 0xe
 782 0074 3A       		.uleb128 0x3a
 783 0075 0B       		.uleb128 0xb
 784 0076 3B       		.uleb128 0x3b
 785 0077 0B       		.uleb128 0xb
 786 0078 27       		.uleb128 0x27
 787 0079 19       		.uleb128 0x19
ARM GAS  C:\Users\Administrator\AppData\Local\Temp\ccY1SQ34.s 			page 21


 788 007a 20       		.uleb128 0x20
 789 007b 0B       		.uleb128 0xb
 790 007c 00       		.byte	0
 791 007d 00       		.byte	0
 792 007e 0B       		.uleb128 0xb
 793 007f 2E       		.uleb128 0x2e
 794 0080 01       		.byte	0x1
 795 0081 3F       		.uleb128 0x3f
 796 0082 19       		.uleb128 0x19
 797 0083 03       		.uleb128 0x3
 798 0084 0E       		.uleb128 0xe
 799 0085 3A       		.uleb128 0x3a
 800 0086 0B       		.uleb128 0xb
 801 0087 3B       		.uleb128 0x3b
 802 0088 05       		.uleb128 0x5
 803 0089 27       		.uleb128 0x27
 804 008a 19       		.uleb128 0x19
 805 008b 11       		.uleb128 0x11
 806 008c 01       		.uleb128 0x1
 807 008d 12       		.uleb128 0x12
 808 008e 06       		.uleb128 0x6
 809 008f 40       		.uleb128 0x40
 810 0090 18       		.uleb128 0x18
 811 0091 9742     		.uleb128 0x2117
 812 0093 19       		.uleb128 0x19
 813 0094 01       		.uleb128 0x1
 814 0095 13       		.uleb128 0x13
 815 0096 00       		.byte	0
 816 0097 00       		.byte	0
 817 0098 0C       		.uleb128 0xc
 818 0099 0B       		.uleb128 0xb
 819 009a 01       		.byte	0x1
 820 009b 55       		.uleb128 0x55
 821 009c 17       		.uleb128 0x17
 822 009d 01       		.uleb128 0x1
 823 009e 13       		.uleb128 0x13
 824 009f 00       		.byte	0
 825 00a0 00       		.byte	0
 826 00a1 0D       		.uleb128 0xd
 827 00a2 13       		.uleb128 0x13
 828 00a3 01       		.byte	0x1
 829 00a4 0B       		.uleb128 0xb
 830 00a5 0B       		.uleb128 0xb
 831 00a6 3A       		.uleb128 0x3a
 832 00a7 0B       		.uleb128 0xb
 833 00a8 3B       		.uleb128 0x3b
 834 00a9 05       		.uleb128 0x5
 835 00aa 01       		.uleb128 0x1
 836 00ab 13       		.uleb128 0x13
 837 00ac 00       		.byte	0
 838 00ad 00       		.byte	0
 839 00ae 0E       		.uleb128 0xe
 840 00af 0D       		.uleb128 0xd
 841 00b0 00       		.byte	0
 842 00b1 03       		.uleb128 0x3
 843 00b2 0E       		.uleb128 0xe
 844 00b3 3A       		.uleb128 0x3a
ARM GAS  C:\Users\Administrator\AppData\Local\Temp\ccY1SQ34.s 			page 22


 845 00b4 0B       		.uleb128 0xb
 846 00b5 3B       		.uleb128 0x3b
 847 00b6 05       		.uleb128 0x5
 848 00b7 49       		.uleb128 0x49
 849 00b8 13       		.uleb128 0x13
 850 00b9 38       		.uleb128 0x38
 851 00ba 0B       		.uleb128 0xb
 852 00bb 00       		.byte	0
 853 00bc 00       		.byte	0
 854 00bd 0F       		.uleb128 0xf
 855 00be 01       		.uleb128 0x1
 856 00bf 01       		.byte	0x1
 857 00c0 49       		.uleb128 0x49
 858 00c1 13       		.uleb128 0x13
 859 00c2 01       		.uleb128 0x1
 860 00c3 13       		.uleb128 0x13
 861 00c4 00       		.byte	0
 862 00c5 00       		.byte	0
 863 00c6 10       		.uleb128 0x10
 864 00c7 21       		.uleb128 0x21
 865 00c8 00       		.byte	0
 866 00c9 49       		.uleb128 0x49
 867 00ca 13       		.uleb128 0x13
 868 00cb 2F       		.uleb128 0x2f
 869 00cc 0B       		.uleb128 0xb
 870 00cd 00       		.byte	0
 871 00ce 00       		.byte	0
 872 00cf 11       		.uleb128 0x11
 873 00d0 26       		.uleb128 0x26
 874 00d1 00       		.byte	0
 875 00d2 49       		.uleb128 0x49
 876 00d3 13       		.uleb128 0x13
 877 00d4 00       		.byte	0
 878 00d5 00       		.byte	0
 879 00d6 12       		.uleb128 0x12
 880 00d7 34       		.uleb128 0x34
 881 00d8 00       		.byte	0
 882 00d9 03       		.uleb128 0x3
 883 00da 0E       		.uleb128 0xe
 884 00db 3A       		.uleb128 0x3a
 885 00dc 0B       		.uleb128 0xb
 886 00dd 3B       		.uleb128 0x3b
 887 00de 05       		.uleb128 0x5
 888 00df 49       		.uleb128 0x49
 889 00e0 13       		.uleb128 0x13
 890 00e1 1C       		.uleb128 0x1c
 891 00e2 0A       		.uleb128 0xa
 892 00e3 00       		.byte	0
 893 00e4 00       		.byte	0
 894 00e5 13       		.uleb128 0x13
 895 00e6 34       		.uleb128 0x34
 896 00e7 00       		.byte	0
 897 00e8 03       		.uleb128 0x3
 898 00e9 08       		.uleb128 0x8
 899 00ea 3A       		.uleb128 0x3a
 900 00eb 0B       		.uleb128 0xb
 901 00ec 3B       		.uleb128 0x3b
ARM GAS  C:\Users\Administrator\AppData\Local\Temp\ccY1SQ34.s 			page 23


 902 00ed 05       		.uleb128 0x5
 903 00ee 49       		.uleb128 0x49
 904 00ef 13       		.uleb128 0x13
 905 00f0 02       		.uleb128 0x2
 906 00f1 17       		.uleb128 0x17
 907 00f2 00       		.byte	0
 908 00f3 00       		.byte	0
 909 00f4 14       		.uleb128 0x14
 910 00f5 0B       		.uleb128 0xb
 911 00f6 01       		.byte	0x1
 912 00f7 55       		.uleb128 0x55
 913 00f8 17       		.uleb128 0x17
 914 00f9 00       		.byte	0
 915 00fa 00       		.byte	0
 916 00fb 15       		.uleb128 0x15
 917 00fc 0F       		.uleb128 0xf
 918 00fd 00       		.byte	0
 919 00fe 0B       		.uleb128 0xb
 920 00ff 0B       		.uleb128 0xb
 921 0100 49       		.uleb128 0x49
 922 0101 13       		.uleb128 0x13
 923 0102 00       		.byte	0
 924 0103 00       		.byte	0
 925 0104 16       		.uleb128 0x16
 926 0105 1D       		.uleb128 0x1d
 927 0106 01       		.byte	0x1
 928 0107 31       		.uleb128 0x31
 929 0108 13       		.uleb128 0x13
 930 0109 52       		.uleb128 0x52
 931 010a 01       		.uleb128 0x1
 932 010b 55       		.uleb128 0x55
 933 010c 17       		.uleb128 0x17
 934 010d 58       		.uleb128 0x58
 935 010e 0B       		.uleb128 0xb
 936 010f 59       		.uleb128 0x59
 937 0110 05       		.uleb128 0x5
 938 0111 00       		.byte	0
 939 0112 00       		.byte	0
 940 0113 17       		.uleb128 0x17
 941 0114 05       		.uleb128 0x5
 942 0115 00       		.byte	0
 943 0116 31       		.uleb128 0x31
 944 0117 13       		.uleb128 0x13
 945 0118 02       		.uleb128 0x2
 946 0119 17       		.uleb128 0x17
 947 011a 00       		.byte	0
 948 011b 00       		.byte	0
 949 011c 18       		.uleb128 0x18
 950 011d 898201   		.uleb128 0x4109
 951 0120 01       		.byte	0x1
 952 0121 11       		.uleb128 0x11
 953 0122 01       		.uleb128 0x1
 954 0123 31       		.uleb128 0x31
 955 0124 13       		.uleb128 0x13
 956 0125 01       		.uleb128 0x1
 957 0126 13       		.uleb128 0x13
 958 0127 00       		.byte	0
ARM GAS  C:\Users\Administrator\AppData\Local\Temp\ccY1SQ34.s 			page 24


 959 0128 00       		.byte	0
 960 0129 19       		.uleb128 0x19
 961 012a 8A8201   		.uleb128 0x410a
 962 012d 00       		.byte	0
 963 012e 02       		.uleb128 0x2
 964 012f 18       		.uleb128 0x18
 965 0130 9142     		.uleb128 0x2111
 966 0132 18       		.uleb128 0x18
 967 0133 00       		.byte	0
 968 0134 00       		.byte	0
 969 0135 1A       		.uleb128 0x1a
 970 0136 898201   		.uleb128 0x4109
 971 0139 01       		.byte	0x1
 972 013a 11       		.uleb128 0x11
 973 013b 01       		.uleb128 0x1
 974 013c 31       		.uleb128 0x31
 975 013d 13       		.uleb128 0x13
 976 013e 00       		.byte	0
 977 013f 00       		.byte	0
 978 0140 1B       		.uleb128 0x1b
 979 0141 1D       		.uleb128 0x1d
 980 0142 01       		.byte	0x1
 981 0143 31       		.uleb128 0x31
 982 0144 13       		.uleb128 0x13
 983 0145 52       		.uleb128 0x52
 984 0146 01       		.uleb128 0x1
 985 0147 55       		.uleb128 0x55
 986 0148 17       		.uleb128 0x17
 987 0149 58       		.uleb128 0x58
 988 014a 0B       		.uleb128 0xb
 989 014b 59       		.uleb128 0x59
 990 014c 05       		.uleb128 0x5
 991 014d 01       		.uleb128 0x1
 992 014e 13       		.uleb128 0x13
 993 014f 00       		.byte	0
 994 0150 00       		.byte	0
 995 0151 1C       		.uleb128 0x1c
 996 0152 898201   		.uleb128 0x4109
 997 0155 00       		.byte	0
 998 0156 11       		.uleb128 0x11
 999 0157 01       		.uleb128 0x1
 1000 0158 31       		.uleb128 0x31
 1001 0159 13       		.uleb128 0x13
 1002 015a 00       		.byte	0
 1003 015b 00       		.byte	0
 1004 015c 1D       		.uleb128 0x1d
 1005 015d 1D       		.uleb128 0x1d
 1006 015e 00       		.byte	0
 1007 015f 31       		.uleb128 0x31
 1008 0160 13       		.uleb128 0x13
 1009 0161 52       		.uleb128 0x52
 1010 0162 01       		.uleb128 0x1
 1011 0163 55       		.uleb128 0x55
 1012 0164 17       		.uleb128 0x17
 1013 0165 58       		.uleb128 0x58
 1014 0166 0B       		.uleb128 0xb
 1015 0167 59       		.uleb128 0x59
ARM GAS  C:\Users\Administrator\AppData\Local\Temp\ccY1SQ34.s 			page 25


 1016 0168 05       		.uleb128 0x5
 1017 0169 00       		.byte	0
 1018 016a 00       		.byte	0
 1019 016b 1E       		.uleb128 0x1e
 1020 016c 2E       		.uleb128 0x2e
 1021 016d 00       		.byte	0
 1022 016e 3F       		.uleb128 0x3f
 1023 016f 19       		.uleb128 0x19
 1024 0170 3C       		.uleb128 0x3c
 1025 0171 19       		.uleb128 0x19
 1026 0172 6E       		.uleb128 0x6e
 1027 0173 0E       		.uleb128 0xe
 1028 0174 03       		.uleb128 0x3
 1029 0175 0E       		.uleb128 0xe
 1030 0176 00       		.byte	0
 1031 0177 00       		.byte	0
 1032 0178 1F       		.uleb128 0x1f
 1033 0179 2E       		.uleb128 0x2e
 1034 017a 00       		.byte	0
 1035 017b 3F       		.uleb128 0x3f
 1036 017c 19       		.uleb128 0x19
 1037 017d 3C       		.uleb128 0x3c
 1038 017e 19       		.uleb128 0x19
 1039 017f 6E       		.uleb128 0x6e
 1040 0180 0E       		.uleb128 0xe
 1041 0181 03       		.uleb128 0x3
 1042 0182 0E       		.uleb128 0xe
 1043 0183 3A       		.uleb128 0x3a
 1044 0184 0B       		.uleb128 0xb
 1045 0185 3B       		.uleb128 0x3b
 1046 0186 0B       		.uleb128 0xb
 1047 0187 00       		.byte	0
 1048 0188 00       		.byte	0
 1049 0189 00       		.byte	0
 1050              		.section	.debug_loc,"",%progbits
 1051              	.Ldebug_loc0:
 1052              	.LLST0:
 1053 0000 0E000000 		.4byte	.LVL0
 1054 0004 18000000 		.4byte	.LVL1
 1055 0008 0200     		.2byte	0x2
 1056 000a 30       		.byte	0x30
 1057 000b 9F       		.byte	0x9f
 1058 000c 18000000 		.4byte	.LVL1
 1059 0010 22000000 		.4byte	.LVL2
 1060 0014 0200     		.2byte	0x2
 1061 0016 31       		.byte	0x31
 1062 0017 9F       		.byte	0x9f
 1063 0018 22000000 		.4byte	.LVL2
 1064 001c 24010000 		.4byte	.LFE7
 1065 0020 0200     		.2byte	0x2
 1066 0022 32       		.byte	0x32
 1067 0023 9F       		.byte	0x9f
 1068 0024 00000000 		.4byte	0
 1069 0028 00000000 		.4byte	0
 1070              	.LLST1:
 1071 002c 0E000000 		.4byte	.LVL0
 1072 0030 18000000 		.4byte	.LVL1
ARM GAS  C:\Users\Administrator\AppData\Local\Temp\ccY1SQ34.s 			page 26


 1073 0034 0600     		.2byte	0x6
 1074 0036 F2       		.byte	0xf2
 1075 0037 74010000 		.4byte	.Ldebug_info0+372
 1076 003b 00       		.sleb128 0
 1077 003c 18000000 		.4byte	.LVL1
 1078 0040 24010000 		.4byte	.LFE7
 1079 0044 0600     		.2byte	0x6
 1080 0046 F2       		.byte	0xf2
 1081 0047 74010000 		.4byte	.Ldebug_info0+372
 1082 004b 06       		.sleb128 6
 1083 004c 00000000 		.4byte	0
 1084 0050 00000000 		.4byte	0
 1085              	.LLST2:
 1086 0054 0E000000 		.4byte	.LVL0
 1087 0058 22000000 		.4byte	.LVL2
 1088 005c 0400     		.2byte	0x4
 1089 005e 0A       		.byte	0xa
 1090 005f 0004     		.2byte	0x400
 1091 0061 9F       		.byte	0x9f
 1092 0062 00000000 		.4byte	0
 1093 0066 00000000 		.4byte	0
 1094              	.LLST3:
 1095 006a 0E000000 		.4byte	.LVL0
 1096 006e 18000000 		.4byte	.LVL1
 1097 0072 0600     		.2byte	0x6
 1098 0074 0C       		.byte	0xc
 1099 0075 00300F40 		.4byte	0x400f3000
 1100 0079 9F       		.byte	0x9f
 1101 007a 18000000 		.4byte	.LVL1
 1102 007e 22000000 		.4byte	.LVL2
 1103 0082 0600     		.2byte	0x6
 1104 0084 0C       		.byte	0xc
 1105 0085 00400F40 		.4byte	0x400f4000
 1106 0089 9F       		.byte	0x9f
 1107 008a 00000000 		.4byte	0
 1108 008e 00000000 		.4byte	0
 1109              		.section	.debug_aranges,"",%progbits
 1110 0000 1C000000 		.4byte	0x1c
 1111 0004 0200     		.2byte	0x2
 1112 0006 00000000 		.4byte	.Ldebug_info0
 1113 000a 04       		.byte	0x4
 1114 000b 00       		.byte	0
 1115 000c 0000     		.2byte	0
 1116 000e 0000     		.2byte	0
 1117 0010 00000000 		.4byte	.LFB7
 1118 0014 24010000 		.4byte	.LFE7-.LFB7
 1119 0018 00000000 		.4byte	0
 1120 001c 00000000 		.4byte	0
 1121              		.section	.debug_ranges,"",%progbits
 1122              	.Ldebug_ranges0:
 1123 0000 04000000 		.4byte	.LBB10
 1124 0004 06000000 		.4byte	.LBE10
 1125 0008 0A000000 		.4byte	.LBB20
 1126 000c 0C000000 		.4byte	.LBE20
 1127 0010 0E000000 		.4byte	.LBB21
 1128 0014 36000000 		.4byte	.LBE21
 1129 0018 38000000 		.4byte	.LBB27
ARM GAS  C:\Users\Administrator\AppData\Local\Temp\ccY1SQ34.s 			page 27


 1130 001c 3A000000 		.4byte	.LBE27
 1131 0020 3C000000 		.4byte	.LBB29
 1132 0024 40000000 		.4byte	.LBE29
 1133 0028 00000000 		.4byte	0
 1134 002c 00000000 		.4byte	0
 1135 0030 04000000 		.4byte	.LBB11
 1136 0034 06000000 		.4byte	.LBE11
 1137 0038 0A000000 		.4byte	.LBB18
 1138 003c 0C000000 		.4byte	.LBE18
 1139 0040 0E000000 		.4byte	.LBB19
 1140 0044 22000000 		.4byte	.LBE19
 1141 0048 00000000 		.4byte	0
 1142 004c 00000000 		.4byte	0
 1143 0050 36000000 		.4byte	.LBB22
 1144 0054 38000000 		.4byte	.LBE22
 1145 0058 3A000000 		.4byte	.LBB28
 1146 005c 3C000000 		.4byte	.LBE28
 1147 0060 4A000000 		.4byte	.LBB30
 1148 0064 B2000000 		.4byte	.LBE30
 1149 0068 B4000000 		.4byte	.LBB34
 1150 006c B6000000 		.4byte	.LBE34
 1151 0070 00000000 		.4byte	0
 1152 0074 00000000 		.4byte	0
 1153 0078 B2000000 		.4byte	.LBB31
 1154 007c B4000000 		.4byte	.LBE31
 1155 0080 B6000000 		.4byte	.LBB35
 1156 0084 C2000000 		.4byte	.LBE35
 1157 0088 00000000 		.4byte	0
 1158 008c 00000000 		.4byte	0
 1159 0090 00000000 		.4byte	.LFB7
 1160 0094 24010000 		.4byte	.LFE7
 1161 0098 00000000 		.4byte	0
 1162 009c 00000000 		.4byte	0
 1163              		.section	.debug_line,"",%progbits
 1164              	.Ldebug_line0:
 1165 0000 5E010000 		.section	.debug_str,"MS",%progbits,1
 1165      0200E300 
 1165      00000201 
 1165      FB0E0D00 
 1165      01010101 
 1166              	.LASF27:
 1167 0000 43794465 		.ascii	"CyDelayCycles\000"
 1167      6C617943 
 1167      79636C65 
 1167      7300
 1168              	.LASF19:
 1169 000e 72656733 		.ascii	"reg32\000"
 1169      3200
 1170              	.LASF12:
 1171 0014 73697A65 		.ascii	"size_t\000"
 1171      5F7400
 1172              	.LASF20:
 1173 001b 416E616C 		.ascii	"AnalogSetDefault\000"
 1173      6F675365 
 1173      74446566 
 1173      61756C74 
 1173      00
ARM GAS  C:\Users\Administrator\AppData\Local\Temp\ccY1SQ34.s 			page 28


 1174              	.LASF25:
 1175 002c 6366675F 		.ascii	"cfg_memset_list\000"
 1175      6D656D73 
 1175      65745F6C 
 1175      69737400 
 1176              	.LASF21:
 1177 003c 436C6F63 		.ascii	"ClockSetup\000"
 1177      6B536574 
 1177      757000
 1178              	.LASF6:
 1179 0047 73686F72 		.ascii	"short unsigned int\000"
 1179      7420756E 
 1179      7369676E 
 1179      65642069 
 1179      6E7400
 1180              	.LASF16:
 1181 005a 666C6F61 		.ascii	"float\000"
 1181      7400
 1182              	.LASF23:
 1183 0060 73697A65 		.ascii	"size\000"
 1183      00
 1184              	.LASF28:
 1185 0065 43795379 		.ascii	"CySysClkWcoSetPowerMode\000"
 1185      73436C6B 
 1185      57636F53 
 1185      6574506F 
 1185      7765724D 
 1186              	.LASF18:
 1187 007d 72656738 		.ascii	"reg8\000"
 1187      00
 1188              	.LASF8:
 1189 0082 6C6F6E67 		.ascii	"long unsigned int\000"
 1189      20756E73 
 1189      69676E65 
 1189      6420696E 
 1189      7400
 1190              	.LASF13:
 1191 0094 75696E74 		.ascii	"uint8\000"
 1191      3800
 1192              	.LASF26:
 1193 009a 43795379 		.ascii	"CySysClkWcoStart\000"
 1193      73436C6B 
 1193      57636F53 
 1193      74617274 
 1193      00
 1194              	.LASF35:
 1195 00ab 43594D45 		.ascii	"CYMEMZERO\000"
 1195      4D5A4552 
 1195      4F00
 1196              	.LASF4:
 1197 00b5 756E7369 		.ascii	"unsigned char\000"
 1197      676E6564 
 1197      20636861 
 1197      7200
 1198              	.LASF37:
 1199 00c3 6D656D73 		.ascii	"memset\000"
 1199      657400
ARM GAS  C:\Users\Administrator\AppData\Local\Temp\ccY1SQ34.s 			page 29


 1200              	.LASF34:
 1201 00ca 473A5C50 		.ascii	"G:\\Psoc4_prj\\7.rental_house\\18-04-11\\second_ima"
 1201      736F6334 
 1201      5F70726A 
 1201      5C372E72 
 1201      656E7461 
 1202 00f9 6765735B 		.ascii	"ges[4-9]\\EntranceGuard_171019-12.50\\BLE_OTA_Exter"
 1202      342D395D 
 1202      5C456E74 
 1202      72616E63 
 1202      65477561 
 1203 012a 6E616C5F 		.ascii	"nal_Memory_Bootloader01.cydsn\000"
 1203      4D656D6F 
 1203      72795F42 
 1203      6F6F746C 
 1203      6F616465 
 1204              	.LASF17:
 1205 0148 646F7562 		.ascii	"double\000"
 1205      6C6500
 1206              	.LASF36:
 1207 014f 63796669 		.ascii	"cyfitter_cfg\000"
 1207      74746572 
 1207      5F636667 
 1207      00
 1208              	.LASF14:
 1209 015c 75696E74 		.ascii	"uint16\000"
 1209      313600
 1210              	.LASF15:
 1211 0163 75696E74 		.ascii	"uint32\000"
 1211      333200
 1212              	.LASF0:
 1213 016a 756E7369 		.ascii	"unsigned int\000"
 1213      676E6564 
 1213      20696E74 
 1213      00
 1214              	.LASF22:
 1215 0177 61646472 		.ascii	"address\000"
 1215      65737300 
 1216              	.LASF9:
 1217 017f 6C6F6E67 		.ascii	"long long unsigned int\000"
 1217      206C6F6E 
 1217      6720756E 
 1217      7369676E 
 1217      65642069 
 1218              	.LASF24:
 1219 0196 6366675F 		.ascii	"cfg_memset_t\000"
 1219      6D656D73 
 1219      65745F74 
 1219      00
 1220              	.LASF10:
 1221 01a3 73697A65 		.ascii	"sizetype\000"
 1221      74797065 
 1221      00
 1222              	.LASF1:
 1223 01ac 6C6F6E67 		.ascii	"long long int\000"
 1223      206C6F6E 
 1223      6720696E 
ARM GAS  C:\Users\Administrator\AppData\Local\Temp\ccY1SQ34.s 			page 30


 1223      7400
 1224              	.LASF31:
 1225 01ba 43794465 		.ascii	"CyDelayUs\000"
 1225      6C617955 
 1225      7300
 1226              	.LASF11:
 1227 01c4 63686172 		.ascii	"char\000"
 1227      00
 1228              	.LASF30:
 1229 01c9 43795379 		.ascii	"CySysClkEcoStart\000"
 1229      73436C6B 
 1229      45636F53 
 1229      74617274 
 1229      00
 1230              	.LASF5:
 1231 01da 73686F72 		.ascii	"short int\000"
 1231      7420696E 
 1231      7400
 1232              	.LASF29:
 1233 01e4 43795379 		.ascii	"CySysClkWriteImoFreq\000"
 1233      73436C6B 
 1233      57726974 
 1233      65496D6F 
 1233      46726571 
 1234              	.LASF7:
 1235 01f9 6C6F6E67 		.ascii	"long int\000"
 1235      20696E74 
 1235      00
 1236              	.LASF2:
 1237 0202 6C6F6E67 		.ascii	"long double\000"
 1237      20646F75 
 1237      626C6500 
 1238              	.LASF3:
 1239 020e 7369676E 		.ascii	"signed char\000"
 1239      65642063 
 1239      68617200 
 1240              	.LASF33:
 1241 021a 47656E65 		.ascii	"Generated_Source\\PSoC4\\cyfitter_cfg.c\000"
 1241      72617465 
 1241      645F536F 
 1241      75726365 
 1241      5C50536F 
 1242              	.LASF32:
 1243 0240 474E5520 		.ascii	"GNU C11 5.4.1 20160609 (release) [ARM/embedded-5-br"
 1243      43313120 
 1243      352E342E 
 1243      31203230 
 1243      31363036 
 1244 0273 616E6368 		.ascii	"anch revision 237715] -mcpu=cortex-m0 -mthumb -g -O"
 1244      20726576 
 1244      6973696F 
 1244      6E203233 
 1244      37373135 
 1245 02a6 73202D66 		.ascii	"s -ffunction-sections -ffat-lto-objects\000"
 1245      66756E63 
 1245      74696F6E 
 1245      2D736563 
ARM GAS  C:\Users\Administrator\AppData\Local\Temp\ccY1SQ34.s 			page 31


 1245      74696F6E 
 1246              		.ident	"GCC: (GNU Tools for ARM Embedded Processors) 5.4.1 20160609 (release) [ARM/embedded-5-bran
