ARM GAS  C:\Users\Administrator\AppData\Local\Temp\ccnPx2kd.s 			page 1


   1              		.syntax unified
   2              		.cpu cortex-m0
   3              		.fpu softvfp
   4              		.eabi_attribute 20, 1
   5              		.eabi_attribute 21, 1
   6              		.eabi_attribute 23, 3
   7              		.eabi_attribute 24, 1
   8              		.eabi_attribute 25, 1
   9              		.eabi_attribute 26, 1
  10              		.eabi_attribute 30, 4
  11              		.eabi_attribute 34, 0
  12              		.eabi_attribute 18, 4
  13              		.thumb
  14              		.syntax unified
  15              		.file	"OTAMandatory.c"
  16              		.text
  17              	.Ltext0:
  18              		.cfi_sections	.debug_frame
  19              		.comm	emiWriteBuffer,300,1
  20              		.global	encryptionEnabled
  21              		.global	appExtMemChecksum
  22              		.comm	appSizeInRows,2,2
  23              		.comm	appFirstRowNum,2,2
  24              		.comm	metadata,256,1
  25              		.bss
  26              		.align	1
  27              		.type	encryptionEnabled, %object
  28              		.size	encryptionEnabled, 1
  29              	encryptionEnabled:
  30 0000 00       		.space	1
  31 0001 00       		.space	1
  32              		.type	appExtMemChecksum, %object
  33              		.size	appExtMemChecksum, 2
  34              	appExtMemChecksum:
  35 0002 0000     		.space	2
  36              		.text
  37              	.Letext0:
  38              		.file 1 "Generated_Source\\PSoC4/cytypes.h"
  39              		.file 2 "OTAMandatory.c"
  40              		.file 3 "Generated_Source\\PSoC4/BLE_Stack.h"
  41              		.section	.debug_info,"",%progbits
  42              	.Ldebug_info0:
  43 0000 E0020000 		.4byte	0x2e0
  44 0004 0400     		.2byte	0x4
  45 0006 00000000 		.4byte	.Ldebug_abbrev0
  46 000a 04       		.byte	0x4
  47 000b 01       		.uleb128 0x1
  48 000c C8010000 		.4byte	.LASF94
  49 0010 0C       		.byte	0xc
  50 0011 1D010000 		.4byte	.LASF95
  51 0015 010A0000 		.4byte	.LASF96
  52 0019 00000000 		.4byte	.Ldebug_line0
  53 001d 02       		.uleb128 0x2
  54 001e 01       		.byte	0x1
  55 001f 06       		.byte	0x6
  56 0020 9A050000 		.4byte	.LASF0
  57 0024 02       		.uleb128 0x2
ARM GAS  C:\Users\Administrator\AppData\Local\Temp\ccnPx2kd.s 			page 2


  58 0025 01       		.byte	0x1
  59 0026 08       		.byte	0x8
  60 0027 21050000 		.4byte	.LASF1
  61 002b 02       		.uleb128 0x2
  62 002c 02       		.byte	0x2
  63 002d 05       		.byte	0x5
  64 002e A3000000 		.4byte	.LASF2
  65 0032 02       		.uleb128 0x2
  66 0033 02       		.byte	0x2
  67 0034 07       		.byte	0x7
  68 0035 DF060000 		.4byte	.LASF3
  69 0039 02       		.uleb128 0x2
  70 003a 04       		.byte	0x4
  71 003b 05       		.byte	0x5
  72 003c B8030000 		.4byte	.LASF4
  73 0040 02       		.uleb128 0x2
  74 0041 04       		.byte	0x4
  75 0042 07       		.byte	0x7
  76 0043 3D060000 		.4byte	.LASF5
  77 0047 02       		.uleb128 0x2
  78 0048 08       		.byte	0x8
  79 0049 05       		.byte	0x5
  80 004a 0F010000 		.4byte	.LASF6
  81 004e 02       		.uleb128 0x2
  82 004f 08       		.byte	0x8
  83 0050 07       		.byte	0x7
  84 0051 80030000 		.4byte	.LASF7
  85 0055 03       		.uleb128 0x3
  86 0056 04       		.byte	0x4
  87 0057 05       		.byte	0x5
  88 0058 696E7400 		.ascii	"int\000"
  89 005c 02       		.uleb128 0x2
  90 005d 04       		.byte	0x4
  91 005e 07       		.byte	0x7
  92 005f 03060000 		.4byte	.LASF8
  93 0063 04       		.uleb128 0x4
  94 0064 7B070000 		.4byte	.LASF9
  95 0068 01       		.byte	0x1
  96 0069 D201     		.2byte	0x1d2
  97 006b 24000000 		.4byte	0x24
  98 006f 04       		.uleb128 0x4
  99 0070 56020000 		.4byte	.LASF10
 100 0074 01       		.byte	0x1
 101 0075 D301     		.2byte	0x1d3
 102 0077 32000000 		.4byte	0x32
 103 007b 02       		.uleb128 0x2
 104 007c 04       		.byte	0x4
 105 007d 04       		.byte	0x4
 106 007e 17030000 		.4byte	.LASF11
 107 0082 02       		.uleb128 0x2
 108 0083 08       		.byte	0x8
 109 0084 04       		.byte	0x4
 110 0085 27080000 		.4byte	.LASF12
 111 0089 02       		.uleb128 0x2
 112 008a 01       		.byte	0x1
 113 008b 08       		.byte	0x8
 114 008c 5A070000 		.4byte	.LASF13
ARM GAS  C:\Users\Administrator\AppData\Local\Temp\ccnPx2kd.s 			page 3


 115 0090 02       		.uleb128 0x2
 116 0091 08       		.byte	0x8
 117 0092 04       		.byte	0x4
 118 0093 E0040000 		.4byte	.LASF14
 119 0097 02       		.uleb128 0x2
 120 0098 04       		.byte	0x4
 121 0099 07       		.byte	0x7
 122 009a E5000000 		.4byte	.LASF15
 123 009e 05       		.uleb128 0x5
 124 009f 01       		.byte	0x1
 125 00a0 24000000 		.4byte	0x24
 126 00a4 03       		.byte	0x3
 127 00a5 3501     		.2byte	0x135
 128 00a7 5C020000 		.4byte	0x25c
 129 00ab 06       		.uleb128 0x6
 130 00ac C1020000 		.4byte	.LASF16
 131 00b0 00       		.byte	0
 132 00b1 06       		.uleb128 0x6
 133 00b2 62010000 		.4byte	.LASF17
 134 00b6 01       		.byte	0x1
 135 00b7 06       		.uleb128 0x6
 136 00b8 77090000 		.4byte	.LASF18
 137 00bc 02       		.byte	0x2
 138 00bd 06       		.uleb128 0x6
 139 00be 6E080000 		.4byte	.LASF19
 140 00c2 03       		.byte	0x3
 141 00c3 06       		.uleb128 0x6
 142 00c4 2C010000 		.4byte	.LASF20
 143 00c8 04       		.byte	0x4
 144 00c9 06       		.uleb128 0x6
 145 00ca 4A040000 		.4byte	.LASF21
 146 00ce 05       		.byte	0x5
 147 00cf 06       		.uleb128 0x6
 148 00d0 3E000000 		.4byte	.LASF22
 149 00d4 06       		.byte	0x6
 150 00d5 06       		.uleb128 0x6
 151 00d6 CC080000 		.4byte	.LASF23
 152 00da 20       		.byte	0x20
 153 00db 06       		.uleb128 0x6
 154 00dc 4F060000 		.4byte	.LASF24
 155 00e0 21       		.byte	0x21
 156 00e1 06       		.uleb128 0x6
 157 00e2 00000000 		.4byte	.LASF25
 158 00e6 22       		.byte	0x22
 159 00e7 06       		.uleb128 0x6
 160 00e8 66040000 		.4byte	.LASF26
 161 00ec 23       		.byte	0x23
 162 00ed 06       		.uleb128 0x6
 163 00ee E7050000 		.4byte	.LASF27
 164 00f2 24       		.byte	0x24
 165 00f3 06       		.uleb128 0x6
 166 00f4 AD000000 		.4byte	.LASF28
 167 00f8 25       		.byte	0x25
 168 00f9 06       		.uleb128 0x6
 169 00fa 01040000 		.4byte	.LASF29
 170 00fe 26       		.byte	0x26
 171 00ff 06       		.uleb128 0x6
ARM GAS  C:\Users\Administrator\AppData\Local\Temp\ccnPx2kd.s 			page 4


 172 0100 E2030000 		.4byte	.LASF30
 173 0104 27       		.byte	0x27
 174 0105 06       		.uleb128 0x6
 175 0106 7F0A0000 		.4byte	.LASF31
 176 010a 28       		.byte	0x28
 177 010b 06       		.uleb128 0x6
 178 010c 87060000 		.4byte	.LASF32
 179 0110 29       		.byte	0x29
 180 0111 06       		.uleb128 0x6
 181 0112 0A070000 		.4byte	.LASF33
 182 0116 2A       		.byte	0x2a
 183 0117 06       		.uleb128 0x6
 184 0118 C7070000 		.4byte	.LASF34
 185 011c 2B       		.byte	0x2b
 186 011d 06       		.uleb128 0x6
 187 011e 5D020000 		.4byte	.LASF35
 188 0122 2C       		.byte	0x2c
 189 0123 06       		.uleb128 0x6
 190 0124 36030000 		.4byte	.LASF36
 191 0128 2D       		.byte	0x2d
 192 0129 06       		.uleb128 0x6
 193 012a 7F000000 		.4byte	.LASF37
 194 012e 2E       		.byte	0x2e
 195 012f 06       		.uleb128 0x6
 196 0130 D70A0000 		.4byte	.LASF38
 197 0134 2F       		.byte	0x2f
 198 0135 06       		.uleb128 0x6
 199 0136 EE000000 		.4byte	.LASF39
 200 013a 30       		.byte	0x30
 201 013b 06       		.uleb128 0x6
 202 013c BC040000 		.4byte	.LASF40
 203 0140 31       		.byte	0x31
 204 0141 06       		.uleb128 0x6
 205 0142 5F030000 		.4byte	.LASF41
 206 0146 32       		.byte	0x32
 207 0147 06       		.uleb128 0x6
 208 0148 33070000 		.4byte	.LASF42
 209 014c 33       		.byte	0x33
 210 014d 06       		.uleb128 0x6
 211 014e A4060000 		.4byte	.LASF43
 212 0152 34       		.byte	0x34
 213 0153 06       		.uleb128 0x6
 214 0154 51080000 		.4byte	.LASF44
 215 0158 35       		.byte	0x35
 216 0159 06       		.uleb128 0x6
 217 015a 97030000 		.4byte	.LASF45
 218 015e 36       		.byte	0x36
 219 015f 06       		.uleb128 0x6
 220 0160 75010000 		.4byte	.LASF46
 221 0164 37       		.byte	0x37
 222 0165 06       		.uleb128 0x6
 223 0166 57000000 		.4byte	.LASF47
 224 016a 40       		.byte	0x40
 225 016b 06       		.uleb128 0x6
 226 016c 22060000 		.4byte	.LASF48
 227 0170 41       		.byte	0x41
 228 0171 06       		.uleb128 0x6
ARM GAS  C:\Users\Administrator\AppData\Local\Temp\ccnPx2kd.s 			page 5


 229 0172 C7000000 		.4byte	.LASF49
 230 0176 42       		.byte	0x42
 231 0177 06       		.uleb128 0x6
 232 0178 AA010000 		.4byte	.LASF50
 233 017c 43       		.byte	0x43
 234 017d 06       		.uleb128 0x6
 235 017e 35090000 		.4byte	.LASF51
 236 0182 44       		.byte	0x44
 237 0183 06       		.uleb128 0x6
 238 0184 F0080000 		.4byte	.LASF52
 239 0188 45       		.byte	0x45
 240 0189 06       		.uleb128 0x6
 241 018a 41010000 		.4byte	.LASF53
 242 018e 46       		.byte	0x46
 243 018f 06       		.uleb128 0x6
 244 0190 7C050000 		.4byte	.LASF54
 245 0194 47       		.byte	0x47
 246 0195 06       		.uleb128 0x6
 247 0196 C0050000 		.4byte	.LASF55
 248 019a 48       		.byte	0x48
 249 019b 06       		.uleb128 0x6
 250 019c 1D030000 		.4byte	.LASF56
 251 01a0 49       		.byte	0x49
 252 01a1 06       		.uleb128 0x6
 253 01a2 8A070000 		.4byte	.LASF57
 254 01a6 4A       		.byte	0x4a
 255 01a7 06       		.uleb128 0x6
 256 01a8 81020000 		.4byte	.LASF58
 257 01ac 4B       		.byte	0x4b
 258 01ad 06       		.uleb128 0x6
 259 01ae A6050000 		.4byte	.LASF59
 260 01b2 4C       		.byte	0x4c
 261 01b3 06       		.uleb128 0x6
 262 01b4 24000000 		.4byte	.LASF60
 263 01b8 4D       		.byte	0x4d
 264 01b9 06       		.uleb128 0x6
 265 01ba 17090000 		.4byte	.LASF61
 266 01be 4E       		.byte	0x4e
 267 01bf 06       		.uleb128 0x6
 268 01c0 2F050000 		.4byte	.LASF62
 269 01c4 4F       		.byte	0x4f
 270 01c5 06       		.uleb128 0x6
 271 01c6 E2090000 		.4byte	.LASF63
 272 01ca 50       		.byte	0x50
 273 01cb 06       		.uleb128 0x6
 274 01cc A8070000 		.4byte	.LASF64
 275 01d0 51       		.byte	0x51
 276 01d1 06       		.uleb128 0x6
 277 01d2 29040000 		.4byte	.LASF65
 278 01d6 52       		.byte	0x52
 279 01d7 06       		.uleb128 0x6
 280 01d8 C1030000 		.4byte	.LASF66
 281 01dc 53       		.byte	0x53
 282 01dd 06       		.uleb128 0x6
 283 01de A0020000 		.4byte	.LASF67
 284 01e2 54       		.byte	0x54
 285 01e3 06       		.uleb128 0x6
ARM GAS  C:\Users\Administrator\AppData\Local\Temp\ccnPx2kd.s 			page 6


 286 01e4 A10A0000 		.4byte	.LASF68
 287 01e8 55       		.byte	0x55
 288 01e9 06       		.uleb128 0x6
 289 01ea C0090000 		.4byte	.LASF69
 290 01ee 56       		.byte	0x56
 291 01ef 06       		.uleb128 0x6
 292 01f0 97090000 		.4byte	.LASF70
 293 01f4 57       		.byte	0x57
 294 01f5 06       		.uleb128 0x6
 295 01f6 BC060000 		.4byte	.LASF71
 296 01fa 58       		.byte	0x58
 297 01fb 06       		.uleb128 0x6
 298 01fc FB040000 		.4byte	.LASF72
 299 0200 70       		.byte	0x70
 300 0201 06       		.uleb128 0x6
 301 0202 A6080000 		.4byte	.LASF73
 302 0206 71       		.byte	0x71
 303 0207 06       		.uleb128 0x6
 304 0208 5F070000 		.4byte	.LASF74
 305 020c 72       		.byte	0x72
 306 020d 06       		.uleb128 0x6
 307 020e D8020000 		.4byte	.LASF75
 308 0212 73       		.byte	0x73
 309 0213 06       		.uleb128 0x6
 310 0214 9E040000 		.4byte	.LASF76
 311 0218 74       		.byte	0x74
 312 0219 06       		.uleb128 0x6
 313 021a 66060000 		.4byte	.LASF77
 314 021e 75       		.byte	0x75
 315 021f 06       		.uleb128 0x6
 316 0220 F6020000 		.4byte	.LASF78
 317 0224 76       		.byte	0x76
 318 0225 06       		.uleb128 0x6
 319 0226 87080000 		.4byte	.LASF79
 320 022a 77       		.byte	0x77
 321 022b 06       		.uleb128 0x6
 322 022c 04080000 		.4byte	.LASF80
 323 0230 78       		.byte	0x78
 324 0231 06       		.uleb128 0x6
 325 0232 2E080000 		.4byte	.LASF81
 326 0236 79       		.byte	0x79
 327 0237 06       		.uleb128 0x6
 328 0238 53090000 		.4byte	.LASF82
 329 023c 7A       		.byte	0x7a
 330 023d 06       		.uleb128 0x6
 331 023e E6070000 		.4byte	.LASF83
 332 0242 FA       		.byte	0xfa
 333 0243 06       		.uleb128 0x6
 334 0244 5D050000 		.4byte	.LASF84
 335 0248 FB       		.byte	0xfb
 336 0249 06       		.uleb128 0x6
 337 024a C50A0000 		.4byte	.LASF85
 338 024e FC       		.byte	0xfc
 339 024f 06       		.uleb128 0x6
 340 0250 F2060000 		.4byte	.LASF86
 341 0254 FD       		.byte	0xfd
 342 0255 06       		.uleb128 0x6
ARM GAS  C:\Users\Administrator\AppData\Local\Temp\ccnPx2kd.s 			page 7


 343 0256 89090000 		.4byte	.LASF87
 344 025a FF       		.byte	0xff
 345 025b 00       		.byte	0
 346 025c 07       		.uleb128 0x7
 347 025d 8C040000 		.4byte	.LASF88
 348 0261 02       		.byte	0x2
 349 0262 2A       		.byte	0x2a
 350 0263 63000000 		.4byte	0x63
 351 0267 05       		.uleb128 0x5
 352 0268 03       		.byte	0x3
 353 0269 00000000 		.4byte	encryptionEnabled
 354 026d 08       		.uleb128 0x8
 355 026e 63000000 		.4byte	0x63
 356 0272 7D020000 		.4byte	0x27d
 357 0276 09       		.uleb128 0x9
 358 0277 97000000 		.4byte	0x97
 359 027b FF       		.byte	0xff
 360 027c 00       		.byte	0
 361 027d 07       		.uleb128 0x7
 362 027e 81070000 		.4byte	.LASF89
 363 0282 02       		.byte	0x2
 364 0283 1C       		.byte	0x1c
 365 0284 6D020000 		.4byte	0x26d
 366 0288 05       		.uleb128 0x5
 367 0289 03       		.byte	0x3
 368 028a 00000000 		.4byte	metadata
 369 028e 07       		.uleb128 0x7
 370 028f EC040000 		.4byte	.LASF90
 371 0293 02       		.byte	0x2
 372 0294 1D       		.byte	0x1d
 373 0295 6F000000 		.4byte	0x6f
 374 0299 05       		.uleb128 0x5
 375 029a 03       		.byte	0x3
 376 029b 00000000 		.4byte	appFirstRowNum
 377 029f 07       		.uleb128 0x7
 378 02a0 71000000 		.4byte	.LASF91
 379 02a4 02       		.byte	0x2
 380 02a5 1F       		.byte	0x1f
 381 02a6 6F000000 		.4byte	0x6f
 382 02aa 05       		.uleb128 0x5
 383 02ab 03       		.byte	0x3
 384 02ac 00000000 		.4byte	appSizeInRows
 385 02b0 07       		.uleb128 0x7
 386 02b1 10060000 		.4byte	.LASF92
 387 02b5 02       		.byte	0x2
 388 02b6 20       		.byte	0x20
 389 02b7 6F000000 		.4byte	0x6f
 390 02bb 05       		.uleb128 0x5
 391 02bc 03       		.byte	0x3
 392 02bd 00000000 		.4byte	appExtMemChecksum
 393 02c1 08       		.uleb128 0x8
 394 02c2 63000000 		.4byte	0x63
 395 02c6 D2020000 		.4byte	0x2d2
 396 02ca 0A       		.uleb128 0xa
 397 02cb 97000000 		.4byte	0x97
 398 02cf 2B01     		.2byte	0x12b
 399 02d1 00       		.byte	0
ARM GAS  C:\Users\Administrator\AppData\Local\Temp\ccnPx2kd.s 			page 8


 400 02d2 07       		.uleb128 0x7
 401 02d3 4E050000 		.4byte	.LASF93
 402 02d7 02       		.byte	0x2
 403 02d8 36       		.byte	0x36
 404 02d9 C1020000 		.4byte	0x2c1
 405 02dd 05       		.uleb128 0x5
 406 02de 03       		.byte	0x3
 407 02df 00000000 		.4byte	emiWriteBuffer
 408 02e3 00       		.byte	0
 409              		.section	.debug_abbrev,"",%progbits
 410              	.Ldebug_abbrev0:
 411 0000 01       		.uleb128 0x1
 412 0001 11       		.uleb128 0x11
 413 0002 01       		.byte	0x1
 414 0003 25       		.uleb128 0x25
 415 0004 0E       		.uleb128 0xe
 416 0005 13       		.uleb128 0x13
 417 0006 0B       		.uleb128 0xb
 418 0007 03       		.uleb128 0x3
 419 0008 0E       		.uleb128 0xe
 420 0009 1B       		.uleb128 0x1b
 421 000a 0E       		.uleb128 0xe
 422 000b 10       		.uleb128 0x10
 423 000c 17       		.uleb128 0x17
 424 000d 00       		.byte	0
 425 000e 00       		.byte	0
 426 000f 02       		.uleb128 0x2
 427 0010 24       		.uleb128 0x24
 428 0011 00       		.byte	0
 429 0012 0B       		.uleb128 0xb
 430 0013 0B       		.uleb128 0xb
 431 0014 3E       		.uleb128 0x3e
 432 0015 0B       		.uleb128 0xb
 433 0016 03       		.uleb128 0x3
 434 0017 0E       		.uleb128 0xe
 435 0018 00       		.byte	0
 436 0019 00       		.byte	0
 437 001a 03       		.uleb128 0x3
 438 001b 24       		.uleb128 0x24
 439 001c 00       		.byte	0
 440 001d 0B       		.uleb128 0xb
 441 001e 0B       		.uleb128 0xb
 442 001f 3E       		.uleb128 0x3e
 443 0020 0B       		.uleb128 0xb
 444 0021 03       		.uleb128 0x3
 445 0022 08       		.uleb128 0x8
 446 0023 00       		.byte	0
 447 0024 00       		.byte	0
 448 0025 04       		.uleb128 0x4
 449 0026 16       		.uleb128 0x16
 450 0027 00       		.byte	0
 451 0028 03       		.uleb128 0x3
 452 0029 0E       		.uleb128 0xe
 453 002a 3A       		.uleb128 0x3a
 454 002b 0B       		.uleb128 0xb
 455 002c 3B       		.uleb128 0x3b
 456 002d 05       		.uleb128 0x5
ARM GAS  C:\Users\Administrator\AppData\Local\Temp\ccnPx2kd.s 			page 9


 457 002e 49       		.uleb128 0x49
 458 002f 13       		.uleb128 0x13
 459 0030 00       		.byte	0
 460 0031 00       		.byte	0
 461 0032 05       		.uleb128 0x5
 462 0033 04       		.uleb128 0x4
 463 0034 01       		.byte	0x1
 464 0035 0B       		.uleb128 0xb
 465 0036 0B       		.uleb128 0xb
 466 0037 49       		.uleb128 0x49
 467 0038 13       		.uleb128 0x13
 468 0039 3A       		.uleb128 0x3a
 469 003a 0B       		.uleb128 0xb
 470 003b 3B       		.uleb128 0x3b
 471 003c 05       		.uleb128 0x5
 472 003d 01       		.uleb128 0x1
 473 003e 13       		.uleb128 0x13
 474 003f 00       		.byte	0
 475 0040 00       		.byte	0
 476 0041 06       		.uleb128 0x6
 477 0042 28       		.uleb128 0x28
 478 0043 00       		.byte	0
 479 0044 03       		.uleb128 0x3
 480 0045 0E       		.uleb128 0xe
 481 0046 1C       		.uleb128 0x1c
 482 0047 0B       		.uleb128 0xb
 483 0048 00       		.byte	0
 484 0049 00       		.byte	0
 485 004a 07       		.uleb128 0x7
 486 004b 34       		.uleb128 0x34
 487 004c 00       		.byte	0
 488 004d 03       		.uleb128 0x3
 489 004e 0E       		.uleb128 0xe
 490 004f 3A       		.uleb128 0x3a
 491 0050 0B       		.uleb128 0xb
 492 0051 3B       		.uleb128 0x3b
 493 0052 0B       		.uleb128 0xb
 494 0053 49       		.uleb128 0x49
 495 0054 13       		.uleb128 0x13
 496 0055 3F       		.uleb128 0x3f
 497 0056 19       		.uleb128 0x19
 498 0057 02       		.uleb128 0x2
 499 0058 18       		.uleb128 0x18
 500 0059 00       		.byte	0
 501 005a 00       		.byte	0
 502 005b 08       		.uleb128 0x8
 503 005c 01       		.uleb128 0x1
 504 005d 01       		.byte	0x1
 505 005e 49       		.uleb128 0x49
 506 005f 13       		.uleb128 0x13
 507 0060 01       		.uleb128 0x1
 508 0061 13       		.uleb128 0x13
 509 0062 00       		.byte	0
 510 0063 00       		.byte	0
 511 0064 09       		.uleb128 0x9
 512 0065 21       		.uleb128 0x21
 513 0066 00       		.byte	0
ARM GAS  C:\Users\Administrator\AppData\Local\Temp\ccnPx2kd.s 			page 10


 514 0067 49       		.uleb128 0x49
 515 0068 13       		.uleb128 0x13
 516 0069 2F       		.uleb128 0x2f
 517 006a 0B       		.uleb128 0xb
 518 006b 00       		.byte	0
 519 006c 00       		.byte	0
 520 006d 0A       		.uleb128 0xa
 521 006e 21       		.uleb128 0x21
 522 006f 00       		.byte	0
 523 0070 49       		.uleb128 0x49
 524 0071 13       		.uleb128 0x13
 525 0072 2F       		.uleb128 0x2f
 526 0073 05       		.uleb128 0x5
 527 0074 00       		.byte	0
 528 0075 00       		.byte	0
 529 0076 00       		.byte	0
 530              		.section	.debug_aranges,"",%progbits
 531 0000 14000000 		.4byte	0x14
 532 0004 0200     		.2byte	0x2
 533 0006 00000000 		.4byte	.Ldebug_info0
 534 000a 04       		.byte	0x4
 535 000b 00       		.byte	0
 536 000c 0000     		.2byte	0
 537 000e 0000     		.2byte	0
 538 0010 00000000 		.4byte	0
 539 0014 00000000 		.4byte	0
 540              		.section	.debug_line,"",%progbits
 541              	.Ldebug_line0:
 542 0000 5E000000 		.section	.debug_str,"MS",%progbits,1
 542      02005800 
 542      00000201 
 542      FB0E0D00 
 542      01010101 
 543              	.LASF25:
 544 0000 4359424C 		.ascii	"CYBLE_EVT_GAP_PASSKEY_ENTRY_REQUEST\000"
 544      455F4556 
 544      545F4741 
 544      505F5041 
 544      53534B45 
 545              	.LASF60:
 546 0024 4359424C 		.ascii	"CYBLE_EVT_GATTC_WRITE_RSP\000"
 546      455F4556 
 546      545F4741 
 546      5454435F 
 546      57524954 
 547              	.LASF22:
 548 003e 4359424C 		.ascii	"CYBLE_EVT_MEMORY_REQUEST\000"
 548      455F4556 
 548      545F4D45 
 548      4D4F5259 
 548      5F524551 
 549              	.LASF47:
 550 0057 4359424C 		.ascii	"CYBLE_EVT_GATTC_ERROR_RSP\000"
 550      455F4556 
 550      545F4741 
 550      5454435F 
 550      4552524F 
ARM GAS  C:\Users\Administrator\AppData\Local\Temp\ccnPx2kd.s 			page 11


 551              	.LASF91:
 552 0071 61707053 		.ascii	"appSizeInRows\000"
 552      697A6549 
 552      6E526F77 
 552      7300
 553              	.LASF37:
 554 007f 4359424C 		.ascii	"CYBLE_EVT_GAP_KEYPRESS_NOTIFICATION\000"
 554      455F4556 
 554      545F4741 
 554      505F4B45 
 554      59505245 
 555              	.LASF2:
 556 00a3 73686F72 		.ascii	"short int\000"
 556      7420696E 
 556      7400
 557              	.LASF28:
 558 00ad 4359424C 		.ascii	"CYBLE_EVT_GAP_AUTH_FAILED\000"
 558      455F4556 
 558      545F4741 
 558      505F4155 
 558      54485F46 
 559              	.LASF49:
 560 00c7 4359424C 		.ascii	"CYBLE_EVT_GATT_DISCONNECT_IND\000"
 560      455F4556 
 560      545F4741 
 560      54545F44 
 560      4953434F 
 561              	.LASF15:
 562 00e5 73697A65 		.ascii	"sizetype\000"
 562      74797065 
 562      00
 563              	.LASF39:
 564 00ee 4359424C 		.ascii	"CYBLE_EVT_GAP_DATA_LENGTH_CHANGE\000"
 564      455F4556 
 564      545F4741 
 564      505F4441 
 564      54415F4C 
 565              	.LASF6:
 566 010f 6C6F6E67 		.ascii	"long long int\000"
 566      206C6F6E 
 566      6720696E 
 566      7400
 567              	.LASF95:
 568 011d 4F54414D 		.ascii	"OTAMandatory.c\000"
 568      616E6461 
 568      746F7279 
 568      2E6300
 569              	.LASF20:
 570 012c 4359424C 		.ascii	"CYBLE_EVT_HCI_STATUS\000"
 570      455F4556 
 570      545F4843 
 570      495F5354 
 570      41545553 
 571              	.LASF53:
 572 0141 4359424C 		.ascii	"CYBLE_EVT_GATTC_READ_BY_TYPE_RSP\000"
 572      455F4556 
 572      545F4741 
ARM GAS  C:\Users\Administrator\AppData\Local\Temp\ccnPx2kd.s 			page 12


 572      5454435F 
 572      52454144 
 573              	.LASF17:
 574 0162 4359424C 		.ascii	"CYBLE_EVT_STACK_ON\000"
 574      455F4556 
 574      545F5354 
 574      41434B5F 
 574      4F4E00
 575              	.LASF46:
 576 0175 4359424C 		.ascii	"CYBLE_EVT_GAP_SMP_LOC_P256_KEYS_GEN_AND_SET_COMPLET"
 576      455F4556 
 576      545F4741 
 576      505F534D 
 576      505F4C4F 
 577 01a8 4500     		.ascii	"E\000"
 578              	.LASF50:
 579 01aa 4359424C 		.ascii	"CYBLE_EVT_GATTS_XCNHG_MTU_REQ\000"
 579      455F4556 
 579      545F4741 
 579      5454535F 
 579      58434E48 
 580              	.LASF94:
 581 01c8 474E5520 		.ascii	"GNU C11 5.4.1 20160609 (release) [ARM/embedded-5-br"
 581      43313120 
 581      352E342E 
 581      31203230 
 581      31363036 
 582 01fb 616E6368 		.ascii	"anch revision 237715] -mcpu=cortex-m0 -mthumb -g -O"
 582      20726576 
 582      6973696F 
 582      6E203233 
 582      37373135 
 583 022e 73202D66 		.ascii	"s -ffunction-sections -ffat-lto-objects\000"
 583      66756E63 
 583      74696F6E 
 583      2D736563 
 583      74696F6E 
 584              	.LASF10:
 585 0256 75696E74 		.ascii	"uint16\000"
 585      313600
 586              	.LASF35:
 587 025d 4359424C 		.ascii	"CYBLE_EVT_GAP_KEYINFO_EXCHNGE_CMPLT\000"
 587      455F4556 
 587      545F4741 
 587      505F4B45 
 587      59494E46 
 588              	.LASF58:
 589 0281 4359424C 		.ascii	"CYBLE_EVT_GATTC_READ_MULTI_RSP\000"
 589      455F4556 
 589      545F4741 
 589      5454435F 
 589      52454144 
 590              	.LASF67:
 591 02a0 4359424C 		.ascii	"CYBLE_EVT_GATTS_HANDLE_VALUE_CNF\000"
 591      455F4556 
 591      545F4741 
 591      5454535F 
ARM GAS  C:\Users\Administrator\AppData\Local\Temp\ccnPx2kd.s 			page 13


 591      48414E44 
 592              	.LASF16:
 593 02c1 4359424C 		.ascii	"CYBLE_EVT_HOST_INVALID\000"
 593      455F4556 
 593      545F484F 
 593      53545F49 
 593      4E56414C 
 594              	.LASF75:
 595 02d8 4359424C 		.ascii	"CYBLE_EVT_L2CAP_CBFC_CONN_IND\000"
 595      455F4556 
 595      545F4C32 
 595      4341505F 
 595      43424643 
 596              	.LASF78:
 597 02f6 4359424C 		.ascii	"CYBLE_EVT_L2CAP_CBFC_DISCONN_CNF\000"
 597      455F4556 
 597      545F4C32 
 597      4341505F 
 597      43424643 
 598              	.LASF11:
 599 0317 666C6F61 		.ascii	"float\000"
 599      7400
 600              	.LASF56:
 601 031d 4359424C 		.ascii	"CYBLE_EVT_GATTC_READ_RSP\000"
 601      455F4556 
 601      545F4741 
 601      5454435F 
 601      52454144 
 602              	.LASF36:
 603 0336 4359424C 		.ascii	"CYBLE_EVT_GAP_NUMERIC_COMPARISON_REQUEST\000"
 603      455F4556 
 603      545F4741 
 603      505F4E55 
 603      4D455249 
 604              	.LASF41:
 605 035f 4359424C 		.ascii	"CYBLE_EVT_GAPC_DIRECT_ADV_REPORT\000"
 605      455F4556 
 605      545F4741 
 605      50435F44 
 605      49524543 
 606              	.LASF7:
 607 0380 6C6F6E67 		.ascii	"long long unsigned int\000"
 607      206C6F6E 
 607      6720756E 
 607      7369676E 
 607      65642069 
 608              	.LASF45:
 609 0397 4359424C 		.ascii	"CYBLE_EVT_GAP_AUTH_REQ_REPLY_ERR\000"
 609      455F4556 
 609      545F4741 
 609      505F4155 
 609      54485F52 
 610              	.LASF4:
 611 03b8 6C6F6E67 		.ascii	"long int\000"
 611      20696E74 
 611      00
 612              	.LASF66:
ARM GAS  C:\Users\Administrator\AppData\Local\Temp\ccnPx2kd.s 			page 14


 613 03c1 4359424C 		.ascii	"CYBLE_EVT_GATTC_HANDLE_VALUE_IND\000"
 613      455F4556 
 613      545F4741 
 613      5454435F 
 613      48414E44 
 614              	.LASF30:
 615 03e2 4359424C 		.ascii	"CYBLE_EVT_GAP_DEVICE_CONNECTED\000"
 615      455F4556 
 615      545F4741 
 615      505F4445 
 615      56494345 
 616              	.LASF29:
 617 0401 4359424C 		.ascii	"CYBLE_EVT_GAPP_ADVERTISEMENT_START_STOP\000"
 617      455F4556 
 617      545F4741 
 617      50505F41 
 617      44564552 
 618              	.LASF65:
 619 0429 4359424C 		.ascii	"CYBLE_EVT_GATTC_HANDLE_VALUE_NTF\000"
 619      455F4556 
 619      545F4741 
 619      5454435F 
 619      48414E44 
 620              	.LASF21:
 621 044a 4359424C 		.ascii	"CYBLE_EVT_STACK_BUSY_STATUS\000"
 621      455F4556 
 621      545F5354 
 621      41434B5F 
 621      42555359 
 622              	.LASF26:
 623 0466 4359424C 		.ascii	"CYBLE_EVT_GAP_PASSKEY_DISPLAY_REQUEST\000"
 623      455F4556 
 623      545F4741 
 623      505F5041 
 623      53534B45 
 624              	.LASF88:
 625 048c 656E6372 		.ascii	"encryptionEnabled\000"
 625      79707469 
 625      6F6E456E 
 625      61626C65 
 625      6400
 626              	.LASF76:
 627 049e 4359424C 		.ascii	"CYBLE_EVT_L2CAP_CBFC_CONN_CNF\000"
 627      455F4556 
 627      545F4C32 
 627      4341505F 
 627      43424643 
 628              	.LASF40:
 629 04bc 4359424C 		.ascii	"CYBLE_EVT_GAP_ENHANCE_CONN_COMPLETE\000"
 629      455F4556 
 629      545F4741 
 629      505F454E 
 629      48414E43 
 630              	.LASF14:
 631 04e0 6C6F6E67 		.ascii	"long double\000"
 631      20646F75 
 631      626C6500 
ARM GAS  C:\Users\Administrator\AppData\Local\Temp\ccnPx2kd.s 			page 15


 632              	.LASF90:
 633 04ec 61707046 		.ascii	"appFirstRowNum\000"
 633      69727374 
 633      526F774E 
 633      756D00
 634              	.LASF72:
 635 04fb 4359424C 		.ascii	"CYBLE_EVT_L2CAP_CONN_PARAM_UPDATE_REQ\000"
 635      455F4556 
 635      545F4C32 
 635      4341505F 
 635      434F4E4E 
 636              	.LASF1:
 637 0521 756E7369 		.ascii	"unsigned char\000"
 637      676E6564 
 637      20636861 
 637      7200
 638              	.LASF62:
 639 052f 4359424C 		.ascii	"CYBLE_EVT_GATTS_PREP_WRITE_REQ\000"
 639      455F4556 
 639      545F4741 
 639      5454535F 
 639      50524550 
 640              	.LASF93:
 641 054e 656D6957 		.ascii	"emiWriteBuffer\000"
 641      72697465 
 641      42756666 
 641      657200
 642              	.LASF84:
 643 055d 4359424C 		.ascii	"CYBLE_EVT_LE_PING_AUTH_TIMEOUT\000"
 643      455F4556 
 643      545F4C45 
 643      5F50494E 
 643      475F4155 
 644              	.LASF54:
 645 057c 4359424C 		.ascii	"CYBLE_EVT_GATTC_FIND_INFO_RSP\000"
 645      455F4556 
 645      545F4741 
 645      5454435F 
 645      46494E44 
 646              	.LASF0:
 647 059a 7369676E 		.ascii	"signed char\000"
 647      65642063 
 647      68617200 
 648              	.LASF59:
 649 05a6 4359424C 		.ascii	"CYBLE_EVT_GATTS_WRITE_REQ\000"
 649      455F4556 
 649      545F4741 
 649      5454535F 
 649      57524954 
 650              	.LASF55:
 651 05c0 4359424C 		.ascii	"CYBLE_EVT_GATTC_FIND_BY_TYPE_VALUE_RSP\000"
 651      455F4556 
 651      545F4741 
 651      5454435F 
 651      46494E44 
 652              	.LASF27:
 653 05e7 4359424C 		.ascii	"CYBLE_EVT_GAP_AUTH_COMPLETE\000"
ARM GAS  C:\Users\Administrator\AppData\Local\Temp\ccnPx2kd.s 			page 16


 653      455F4556 
 653      545F4741 
 653      505F4155 
 653      54485F43 
 654              	.LASF8:
 655 0603 756E7369 		.ascii	"unsigned int\000"
 655      676E6564 
 655      20696E74 
 655      00
 656              	.LASF92:
 657 0610 61707045 		.ascii	"appExtMemChecksum\000"
 657      78744D65 
 657      6D436865 
 657      636B7375 
 657      6D00
 658              	.LASF48:
 659 0622 4359424C 		.ascii	"CYBLE_EVT_GATT_CONNECT_IND\000"
 659      455F4556 
 659      545F4741 
 659      54545F43 
 659      4F4E4E45 
 660              	.LASF5:
 661 063d 6C6F6E67 		.ascii	"long unsigned int\000"
 661      20756E73 
 661      69676E65 
 661      6420696E 
 661      7400
 662              	.LASF24:
 663 064f 4359424C 		.ascii	"CYBLE_EVT_GAP_AUTH_REQ\000"
 663      455F4556 
 663      545F4741 
 663      505F4155 
 663      54485F52 
 664              	.LASF77:
 665 0666 4359424C 		.ascii	"CYBLE_EVT_L2CAP_CBFC_DISCONN_IND\000"
 665      455F4556 
 665      545F4C32 
 665      4341505F 
 665      43424643 
 666              	.LASF32:
 667 0687 4359424C 		.ascii	"CYBLE_EVT_GAP_ENCRYPT_CHANGE\000"
 667      455F4556 
 667      545F4741 
 667      505F454E 
 667      43525950 
 668              	.LASF43:
 669 06a4 4359424C 		.ascii	"CYBLE_EVT_GAP_CONN_ESTB\000"
 669      455F4556 
 669      545F4741 
 669      505F434F 
 669      4E4E5F45 
 670              	.LASF71:
 671 06bc 4359424C 		.ascii	"CYBLE_EVT_GATTC_LONG_PROCEDURE_END\000"
 671      455F4556 
 671      545F4741 
 671      5454435F 
 671      4C4F4E47 
ARM GAS  C:\Users\Administrator\AppData\Local\Temp\ccnPx2kd.s 			page 17


 672              	.LASF3:
 673 06df 73686F72 		.ascii	"short unsigned int\000"
 673      7420756E 
 673      7369676E 
 673      65642069 
 673      6E7400
 674              	.LASF86:
 675 06f2 4359424C 		.ascii	"CYBLE_EVT_FLASH_CORRUPT\000"
 675      455F4556 
 675      545F464C 
 675      4153485F 
 675      434F5252 
 676              	.LASF33:
 677 070a 4359424C 		.ascii	"CYBLE_EVT_GAP_CONNECTION_UPDATE_COMPLETE\000"
 677      455F4556 
 677      545F4741 
 677      505F434F 
 677      4E4E4543 
 678              	.LASF42:
 679 0733 4359424C 		.ascii	"CYBLE_EVT_GAP_SMP_NEGOTIATED_AUTH_INFO\000"
 679      455F4556 
 679      545F4741 
 679      505F534D 
 679      505F4E45 
 680              	.LASF13:
 681 075a 63686172 		.ascii	"char\000"
 681      00
 682              	.LASF74:
 683 075f 4359424C 		.ascii	"CYBLE_EVT_L2CAP_COMMAND_REJ\000"
 683      455F4556 
 683      545F4C32 
 683      4341505F 
 683      434F4D4D 
 684              	.LASF9:
 685 077b 75696E74 		.ascii	"uint8\000"
 685      3800
 686              	.LASF89:
 687 0781 6D657461 		.ascii	"metadata\000"
 687      64617461 
 687      00
 688              	.LASF57:
 689 078a 4359424C 		.ascii	"CYBLE_EVT_GATTC_READ_BLOB_RSP\000"
 689      455F4556 
 689      545F4741 
 689      5454435F 
 689      52454144 
 690              	.LASF64:
 691 07a8 4359424C 		.ascii	"CYBLE_EVT_GATTC_EXEC_WRITE_RSP\000"
 691      455F4556 
 691      545F4741 
 691      5454435F 
 691      45584543 
 692              	.LASF34:
 693 07c7 4359424C 		.ascii	"CYBLE_EVT_GAPC_SCAN_START_STOP\000"
 693      455F4556 
 693      545F4741 
 693      50435F53 
ARM GAS  C:\Users\Administrator\AppData\Local\Temp\ccnPx2kd.s 			page 18


 693      43414E5F 
 694              	.LASF83:
 695 07e6 4359424C 		.ascii	"CYBLE_EVT_PENDING_FLASH_WRITE\000"
 695      455F4556 
 695      545F5045 
 695      4E44494E 
 695      475F464C 
 696              	.LASF80:
 697 0804 4359424C 		.ascii	"CYBLE_EVT_L2CAP_CBFC_RX_CREDIT_IND\000"
 697      455F4556 
 697      545F4C32 
 697      4341505F 
 697      43424643 
 698              	.LASF12:
 699 0827 646F7562 		.ascii	"double\000"
 699      6C6500
 700              	.LASF81:
 701 082e 4359424C 		.ascii	"CYBLE_EVT_L2CAP_CBFC_TX_CREDIT_IND\000"
 701      455F4556 
 701      545F4C32 
 701      4341505F 
 701      43424643 
 702              	.LASF44:
 703 0851 4359424C 		.ascii	"CYBLE_EVT_GAP_SCAN_REQ_RECVD\000"
 703      455F4556 
 703      545F4741 
 703      505F5343 
 703      414E5F52 
 704              	.LASF19:
 705 086e 4359424C 		.ascii	"CYBLE_EVT_HARDWARE_ERROR\000"
 705      455F4556 
 705      545F4841 
 705      52445741 
 705      52455F45 
 706              	.LASF79:
 707 0887 4359424C 		.ascii	"CYBLE_EVT_L2CAP_CBFC_DATA_READ\000"
 707      455F4556 
 707      545F4C32 
 707      4341505F 
 707      43424643 
 708              	.LASF73:
 709 08a6 4359424C 		.ascii	"CYBLE_EVT_L2CAP_CONN_PARAM_UPDATE_RSP\000"
 709      455F4556 
 709      545F4C32 
 709      4341505F 
 709      434F4E4E 
 710              	.LASF23:
 711 08cc 4359424C 		.ascii	"CYBLE_EVT_GAPC_SCAN_PROGRESS_RESULT\000"
 711      455F4556 
 711      545F4741 
 711      50435F53 
 711      43414E5F 
 712              	.LASF52:
 713 08f0 4359424C 		.ascii	"CYBLE_EVT_GATTC_READ_BY_GROUP_TYPE_RSP\000"
 713      455F4556 
 713      545F4741 
 713      5454435F 
ARM GAS  C:\Users\Administrator\AppData\Local\Temp\ccnPx2kd.s 			page 19


 713      52454144 
 714              	.LASF61:
 715 0917 4359424C 		.ascii	"CYBLE_EVT_GATTS_WRITE_CMD_REQ\000"
 715      455F4556 
 715      545F4741 
 715      5454535F 
 715      57524954 
 716              	.LASF51:
 717 0935 4359424C 		.ascii	"CYBLE_EVT_GATTC_XCHNG_MTU_RSP\000"
 717      455F4556 
 717      545F4741 
 717      5454435F 
 717      5843484E 
 718              	.LASF82:
 719 0953 4359424C 		.ascii	"CYBLE_EVT_L2CAP_CBFC_DATA_WRITE_IND\000"
 719      455F4556 
 719      545F4C32 
 719      4341505F 
 719      43424643 
 720              	.LASF18:
 721 0977 4359424C 		.ascii	"CYBLE_EVT_TIMEOUT\000"
 721      455F4556 
 721      545F5449 
 721      4D454F55 
 721      5400
 722              	.LASF87:
 723 0989 4359424C 		.ascii	"CYBLE_EVT_MAX\000"
 723      455F4556 
 723      545F4D41 
 723      5800
 724              	.LASF70:
 725 0997 4359424C 		.ascii	"CYBLE_EVT_GATTS_READ_CHAR_VAL_ACCESS_REQ\000"
 725      455F4556 
 725      545F4741 
 725      5454535F 
 725      52454144 
 726              	.LASF69:
 727 09c0 4359424C 		.ascii	"CYBLE_EVT_GATTC_STOP_CMD_COMPLETE\000"
 727      455F4556 
 727      545F4741 
 727      5454435F 
 727      53544F50 
 728              	.LASF63:
 729 09e2 4359424C 		.ascii	"CYBLE_EVT_GATTS_EXEC_WRITE_REQ\000"
 729      455F4556 
 729      545F4741 
 729      5454535F 
 729      45584543 
 730              	.LASF96:
 731 0a01 473A5C50 		.ascii	"G:\\Psoc4_prj\\7.rental_house\\18-04-11\\second_ima"
 731      736F6334 
 731      5F70726A 
 731      5C372E72 
 731      656E7461 
 732 0a30 6765735B 		.ascii	"ges[4-9]\\EntranceGuard_171019-12.50\\BLE_OTA_Exter"
 732      342D395D 
 732      5C456E74 
ARM GAS  C:\Users\Administrator\AppData\Local\Temp\ccnPx2kd.s 			page 20


 732      72616E63 
 732      65477561 
 733 0a61 6E616C5F 		.ascii	"nal_Memory_Bootloader01.cydsn\000"
 733      4D656D6F 
 733      72795F42 
 733      6F6F746C 
 733      6F616465 
 734              	.LASF31:
 735 0a7f 4359424C 		.ascii	"CYBLE_EVT_GAP_DEVICE_DISCONNECTED\000"
 735      455F4556 
 735      545F4741 
 735      505F4445 
 735      56494345 
 736              	.LASF68:
 737 0aa1 4359424C 		.ascii	"CYBLE_EVT_GATTS_DATA_SIGNED_CMD_REQ\000"
 737      455F4556 
 737      545F4741 
 737      5454535F 
 737      44415441 
 738              	.LASF85:
 739 0ac5 4359424C 		.ascii	"CYBLE_EVT_HCI_PKT\000"
 739      455F4556 
 739      545F4843 
 739      495F504B 
 739      5400
 740              	.LASF38:
 741 0ad7 4359424C 		.ascii	"CYBLE_EVT_GAP_OOB_GENERATED_NOTIFICATION\000"
 741      455F4556 
 741      545F4741 
 741      505F4F4F 
 741      425F4745 
 742              		.ident	"GCC: (GNU Tools for ARM Embedded Processors) 5.4.1 20160609 (release) [ARM/embedded-5-bran
