ARM GAS  C:\Users\Administrator\AppData\Local\Temp\cceBI3BL.s 			page 1


   1              		.syntax unified
   2              		.cpu cortex-m0
   3              		.fpu softvfp
   4              		.eabi_attribute 20, 1
   5              		.eabi_attribute 21, 1
   6              		.eabi_attribute 23, 3
   7              		.eabi_attribute 24, 1
   8              		.eabi_attribute 25, 1
   9              		.eabi_attribute 26, 1
  10              		.eabi_attribute 30, 4
  11              		.eabi_attribute 34, 0
  12              		.eabi_attribute 18, 4
  13              		.thumb
  14              		.syntax unified
  15              		.file	"UART.c"
  16              		.text
  17              	.Ltext0:
  18              		.cfi_sections	.debug_frame
  19              		.section	.text.UART_Start,"ax",%progbits
  20              		.align	1
  21              		.global	UART_Start
  22              		.code	16
  23              		.thumb_func
  24              		.type	UART_Start, %function
  25              	UART_Start:
  26              	.LFB8:
  27              		.cfi_startproc
  28              		@ args = 0, pretend = 0, frame = 0
  29              		@ frame_needed = 0, uses_anonymous_args = 0
  30              		@ link register save eliminated.
  31              		@ sp needed
  32 0000 7047     		bx	lr
  33              		.cfi_endproc
  34              	.LFE8:
  35              		.size	UART_Start, .-UART_Start
  36              		.section	.text.UART_Stop,"ax",%progbits
  37              		.align	1
  38              		.global	UART_Stop
  39              		.code	16
  40              		.thumb_func
  41              		.type	UART_Stop, %function
  42              	UART_Stop:
  43              	.LFB1:
  44              		.file 1 "Generated_Source\\PSoC4\\UART.c"
   1:Generated_Source\PSoC4/UART.c **** /*******************************************************************************
   2:Generated_Source\PSoC4/UART.c **** * File Name: UART.c
   3:Generated_Source\PSoC4/UART.c **** * Version 1.50
   4:Generated_Source\PSoC4/UART.c **** *
   5:Generated_Source\PSoC4/UART.c **** * Description:
   6:Generated_Source\PSoC4/UART.c **** *  This file provides the source code to the API for the Software Transmit UART.
   7:Generated_Source\PSoC4/UART.c **** *
   8:Generated_Source\PSoC4/UART.c **** ********************************************************************************
   9:Generated_Source\PSoC4/UART.c **** * Copyright 2013-2015, Cypress Semiconductor Corporation.  All rights reserved.
  10:Generated_Source\PSoC4/UART.c **** * You may use this file only in accordance with the license, terms, conditions,
  11:Generated_Source\PSoC4/UART.c **** * disclaimers, and limitations in the end user license agreement accompanying
  12:Generated_Source\PSoC4/UART.c **** * the software package with which this file was provided.
  13:Generated_Source\PSoC4/UART.c **** *******************************************************************************/
ARM GAS  C:\Users\Administrator\AppData\Local\Temp\cceBI3BL.s 			page 2


  14:Generated_Source\PSoC4/UART.c **** 
  15:Generated_Source\PSoC4/UART.c **** #include "UART_PVT.h"
  16:Generated_Source\PSoC4/UART.c **** 
  17:Generated_Source\PSoC4/UART.c **** #if(UART_PIN_STATIC_MODE == 1u)
  18:Generated_Source\PSoC4/UART.c ****     uint32 UART_pinNumber = UART_PIN_NUMBER;
  19:Generated_Source\PSoC4/UART.c ****     uint32 UART_pinPortNumber = UART_PIN_PORT_NUMBER;
  20:Generated_Source\PSoC4/UART.c ****     #if(CY_PSOC3)
  21:Generated_Source\PSoC4/UART.c ****         uint32 pdata UART_pinDrAdress = UART_PIN_DR;
  22:Generated_Source\PSoC4/UART.c ****     #else
  23:Generated_Source\PSoC4/UART.c ****         uint32 UART_pinDrAdress = UART_PIN_DR;
  24:Generated_Source\PSoC4/UART.c ****     #endif /* (CY_PSOC3) */
  25:Generated_Source\PSoC4/UART.c **** #else
  26:Generated_Source\PSoC4/UART.c ****     uint32 UART_pinNumber;
  27:Generated_Source\PSoC4/UART.c ****     uint32 UART_pinPortNumber;
  28:Generated_Source\PSoC4/UART.c ****     #if(CY_PSOC3)
  29:Generated_Source\PSoC4/UART.c ****         uint32 pdata UART_pinDrAdress;
  30:Generated_Source\PSoC4/UART.c ****     #else
  31:Generated_Source\PSoC4/UART.c ****         uint32 UART_pinDrAdress;
  32:Generated_Source\PSoC4/UART.c ****     #endif /* (CY_PSOC3) */
  33:Generated_Source\PSoC4/UART.c **** #endif /* (UART_PIN_STATIC_MODE == 1u) */
  34:Generated_Source\PSoC4/UART.c **** 
  35:Generated_Source\PSoC4/UART.c **** 
  36:Generated_Source\PSoC4/UART.c **** #if(UART_PIN_STATIC_MODE == 1u)
  37:Generated_Source\PSoC4/UART.c ****     /*******************************************************************************
  38:Generated_Source\PSoC4/UART.c ****     * Function Name: UART_Start
  39:Generated_Source\PSoC4/UART.c ****     ********************************************************************************
  40:Generated_Source\PSoC4/UART.c ****     *
  41:Generated_Source\PSoC4/UART.c ****     * Summary:
  42:Generated_Source\PSoC4/UART.c ****     *  Empty function. Included for consistency with other
  43:Generated_Source\PSoC4/UART.c ****     *  components. This API is not available when PinAssignmentMethod
  44:Generated_Source\PSoC4/UART.c ****     *  is set to Dynamic.
  45:Generated_Source\PSoC4/UART.c ****     *
  46:Generated_Source\PSoC4/UART.c ****     * Parameters:
  47:Generated_Source\PSoC4/UART.c ****     *  None
  48:Generated_Source\PSoC4/UART.c ****     *
  49:Generated_Source\PSoC4/UART.c ****     * Return:
  50:Generated_Source\PSoC4/UART.c ****     *  None
  51:Generated_Source\PSoC4/UART.c ****     *
  52:Generated_Source\PSoC4/UART.c ****     *******************************************************************************/
  53:Generated_Source\PSoC4/UART.c ****     void UART_Start(void) 
  54:Generated_Source\PSoC4/UART.c ****     {
  55:Generated_Source\PSoC4/UART.c **** 
  56:Generated_Source\PSoC4/UART.c ****     }
  57:Generated_Source\PSoC4/UART.c **** #else
  58:Generated_Source\PSoC4/UART.c ****     /*******************************************************************************
  59:Generated_Source\PSoC4/UART.c ****     * Function Name: UART_StartEx
  60:Generated_Source\PSoC4/UART.c ****     ********************************************************************************
  61:Generated_Source\PSoC4/UART.c ****     *
  62:Generated_Source\PSoC4/UART.c ****     * Summary:
  63:Generated_Source\PSoC4/UART.c ****     *  Configures the SW Tx UART to use the pin specified
  64:Generated_Source\PSoC4/UART.c ****     *  by the parameters. This API is only available when
  65:Generated_Source\PSoC4/UART.c ****     *  PinAssignmentMethod is set to Dynamic.
  66:Generated_Source\PSoC4/UART.c ****     *
  67:Generated_Source\PSoC4/UART.c ****     * Parameters:
  68:Generated_Source\PSoC4/UART.c ****     *  port:  Port number for dynamic pin assignment
  69:Generated_Source\PSoC4/UART.c ****     *  pin:   Pin number for dynamic pin assignment
  70:Generated_Source\PSoC4/UART.c ****     *
ARM GAS  C:\Users\Administrator\AppData\Local\Temp\cceBI3BL.s 			page 3


  71:Generated_Source\PSoC4/UART.c ****     * Return:
  72:Generated_Source\PSoC4/UART.c ****     *  None
  73:Generated_Source\PSoC4/UART.c ****     *
  74:Generated_Source\PSoC4/UART.c ****     *******************************************************************************/
  75:Generated_Source\PSoC4/UART.c ****     void UART_StartEx(uint8 port, uint8 pin) 
  76:Generated_Source\PSoC4/UART.c ****     {
  77:Generated_Source\PSoC4/UART.c ****         uint32 portConfigAddr;
  78:Generated_Source\PSoC4/UART.c **** 
  79:Generated_Source\PSoC4/UART.c ****         #if (CY_PSOC4)
  80:Generated_Source\PSoC4/UART.c ****             uint32 portDataRegAddr;
  81:Generated_Source\PSoC4/UART.c ****         #endif /* (CY_PSOC4) */
  82:Generated_Source\PSoC4/UART.c **** 
  83:Generated_Source\PSoC4/UART.c ****         if ((pin <= UART_MAX_PIN_NUMBER) && (port <= UART_MAX_PORT_NUMBER))
  84:Generated_Source\PSoC4/UART.c ****         {
  85:Generated_Source\PSoC4/UART.c ****             #if (!CY_PSOC4)
  86:Generated_Source\PSoC4/UART.c ****                 portConfigAddr = UART_PORT_CNF_BASE;
  87:Generated_Source\PSoC4/UART.c ****                 portConfigAddr += ((uint32)port * (UART_MAX_PIN_NUMBER + 1u)) + pin;
  88:Generated_Source\PSoC4/UART.c ****                 CyPins_SetPinDriveMode(portConfigAddr, CY_PINS_DM_STRONG);
  89:Generated_Source\PSoC4/UART.c ****                 CyPins_SetPin(portConfigAddr);
  90:Generated_Source\PSoC4/UART.c ****                 UART_pinDrAdress = portConfigAddr;
  91:Generated_Source\PSoC4/UART.c ****             #else
  92:Generated_Source\PSoC4/UART.c ****                 portConfigAddr = UART_PORT_CNF_BASE + (UART_PORT_CNF_SIZE * port) +
  93:Generated_Source\PSoC4/UART.c ****                                                                                 UART_PORT_CNF_MODE_
  94:Generated_Source\PSoC4/UART.c ****                 CY_SYS_PINS_SET_DRIVE_MODE(portConfigAddr, pin, CY_SYS_PINS_DM_STRONG);
  95:Generated_Source\PSoC4/UART.c ****                 portDataRegAddr = UART_PORT_CNF_BASE + (UART_PORT_CNF_SIZE * port) +
  96:Generated_Source\PSoC4/UART.c ****                                                                                 UART_PORT_CNF_DR_OF
  97:Generated_Source\PSoC4/UART.c ****                 CY_SYS_PINS_SET_PIN(portDataRegAddr, pin);
  98:Generated_Source\PSoC4/UART.c ****                 UART_pinDrAdress = portDataRegAddr;
  99:Generated_Source\PSoC4/UART.c ****             #endif /* (!CY_PSOC4) */
 100:Generated_Source\PSoC4/UART.c ****             UART_pinNumber = pin;
 101:Generated_Source\PSoC4/UART.c ****             UART_pinPortNumber = port;
 102:Generated_Source\PSoC4/UART.c ****         }
 103:Generated_Source\PSoC4/UART.c ****     }
 104:Generated_Source\PSoC4/UART.c **** #endif /* (UART_PIN_STATIC_MODE == 1u) */
 105:Generated_Source\PSoC4/UART.c **** 
 106:Generated_Source\PSoC4/UART.c **** 
 107:Generated_Source\PSoC4/UART.c **** /*******************************************************************************
 108:Generated_Source\PSoC4/UART.c **** * Function Name: UART_Stop
 109:Generated_Source\PSoC4/UART.c **** ********************************************************************************
 110:Generated_Source\PSoC4/UART.c **** *
 111:Generated_Source\PSoC4/UART.c **** * Summary:
 112:Generated_Source\PSoC4/UART.c **** *  Empty function. Included for consistency with other components.
 113:Generated_Source\PSoC4/UART.c **** *
 114:Generated_Source\PSoC4/UART.c **** * Parameters:
 115:Generated_Source\PSoC4/UART.c **** *  None
 116:Generated_Source\PSoC4/UART.c **** *
 117:Generated_Source\PSoC4/UART.c **** * Return:
 118:Generated_Source\PSoC4/UART.c **** *  None
 119:Generated_Source\PSoC4/UART.c **** *
 120:Generated_Source\PSoC4/UART.c **** *******************************************************************************/
 121:Generated_Source\PSoC4/UART.c **** void UART_Stop(void) 
 122:Generated_Source\PSoC4/UART.c **** {
  45              		.loc 1 122 0
  46              		.cfi_startproc
  47              		@ args = 0, pretend = 0, frame = 0
  48              		@ frame_needed = 0, uses_anonymous_args = 0
  49              		@ link register save eliminated.
ARM GAS  C:\Users\Administrator\AppData\Local\Temp\cceBI3BL.s 			page 4


 123:Generated_Source\PSoC4/UART.c **** 
 124:Generated_Source\PSoC4/UART.c **** }
  50              		.loc 1 124 0
  51              		@ sp needed
  52 0000 7047     		bx	lr
  53              		.cfi_endproc
  54              	.LFE1:
  55              		.size	UART_Stop, .-UART_Stop
  56              		.section	.text.UART_PutString,"ax",%progbits
  57              		.align	1
  58              		.global	UART_PutString
  59              		.code	16
  60              		.thumb_func
  61              		.type	UART_PutString, %function
  62              	UART_PutString:
  63              	.LFB2:
 125:Generated_Source\PSoC4/UART.c **** 
 126:Generated_Source\PSoC4/UART.c **** 
 127:Generated_Source\PSoC4/UART.c **** /*******************************************************************************
 128:Generated_Source\PSoC4/UART.c **** * Function Name: UART_PutString
 129:Generated_Source\PSoC4/UART.c **** ********************************************************************************
 130:Generated_Source\PSoC4/UART.c **** *
 131:Generated_Source\PSoC4/UART.c **** * Summary:
 132:Generated_Source\PSoC4/UART.c **** *  Sends a NULL terminated string via the Tx pin.
 133:Generated_Source\PSoC4/UART.c **** *
 134:Generated_Source\PSoC4/UART.c **** * Parameters:
 135:Generated_Source\PSoC4/UART.c **** *  string: Pointer to the null terminated string to send
 136:Generated_Source\PSoC4/UART.c **** *
 137:Generated_Source\PSoC4/UART.c **** * Return:
 138:Generated_Source\PSoC4/UART.c **** *  None
 139:Generated_Source\PSoC4/UART.c **** *
 140:Generated_Source\PSoC4/UART.c **** *******************************************************************************/
 141:Generated_Source\PSoC4/UART.c **** void UART_PutString(const char8 string[]) 
 142:Generated_Source\PSoC4/UART.c **** {
  64              		.loc 1 142 0
  65              		.cfi_startproc
  66              		@ args = 0, pretend = 0, frame = 0
  67              		@ frame_needed = 0, uses_anonymous_args = 0
  68              	.LVL0:
  69 0000 70B5     		push	{r4, r5, r6, lr}
  70              		.cfi_def_cfa_offset 16
  71              		.cfi_offset 4, -16
  72              		.cfi_offset 5, -12
  73              		.cfi_offset 6, -8
  74              		.cfi_offset 14, -4
 143:Generated_Source\PSoC4/UART.c ****     uint8 stringIndex = 1u;
  75              		.loc 1 143 0
  76 0002 0124     		movs	r4, #1
 142:Generated_Source\PSoC4/UART.c ****     uint8 stringIndex = 1u;
  77              		.loc 1 142 0
  78 0004 0500     		movs	r5, r0
 144:Generated_Source\PSoC4/UART.c ****     char8 current = *string;
  79              		.loc 1 144 0
  80 0006 0078     		ldrb	r0, [r0]
  81              	.LVL1:
  82              	.L4:
 145:Generated_Source\PSoC4/UART.c **** 
ARM GAS  C:\Users\Administrator\AppData\Local\Temp\cceBI3BL.s 			page 5


 146:Generated_Source\PSoC4/UART.c ****     /* Until null is reached, print next character */
 147:Generated_Source\PSoC4/UART.c ****     while((char8) '\0' != current)
  83              		.loc 1 147 0
  84 0008 0028     		cmp	r0, #0
  85 000a 05D0     		beq	.L7
 148:Generated_Source\PSoC4/UART.c ****     {
 149:Generated_Source\PSoC4/UART.c ****         UART_PutChar((uint8)current);
  86              		.loc 1 149 0
  87 000c FFF7FEFF 		bl	UART_PutChar
  88              	.LVL2:
 150:Generated_Source\PSoC4/UART.c ****         current = string[stringIndex];
  89              		.loc 1 150 0
  90 0010 285D     		ldrb	r0, [r5, r4]
  91              	.LVL3:
 151:Generated_Source\PSoC4/UART.c ****         stringIndex++;
  92              		.loc 1 151 0
  93 0012 0134     		adds	r4, r4, #1
  94              	.LVL4:
  95 0014 E4B2     		uxtb	r4, r4
  96              	.LVL5:
  97 0016 F7E7     		b	.L4
  98              	.L7:
 152:Generated_Source\PSoC4/UART.c ****     }
 153:Generated_Source\PSoC4/UART.c **** }
  99              		.loc 1 153 0
 100              		@ sp needed
 101              	.LVL6:
 102              	.LVL7:
 103 0018 70BD     		pop	{r4, r5, r6, pc}
 104              		.cfi_endproc
 105              	.LFE2:
 106              		.size	UART_PutString, .-UART_PutString
 107              		.section	.text.UART_PutArray,"ax",%progbits
 108              		.align	1
 109              		.global	UART_PutArray
 110              		.code	16
 111              		.thumb_func
 112              		.type	UART_PutArray, %function
 113              	UART_PutArray:
 114              	.LFB3:
 154:Generated_Source\PSoC4/UART.c **** 
 155:Generated_Source\PSoC4/UART.c **** 
 156:Generated_Source\PSoC4/UART.c **** /*******************************************************************************
 157:Generated_Source\PSoC4/UART.c **** * Function Name: UART_PutArray
 158:Generated_Source\PSoC4/UART.c **** ********************************************************************************
 159:Generated_Source\PSoC4/UART.c **** *
 160:Generated_Source\PSoC4/UART.c **** * Summary:
 161:Generated_Source\PSoC4/UART.c **** *  Sends byteCount bytes from a memory array via the Tx pin.
 162:Generated_Source\PSoC4/UART.c **** *
 163:Generated_Source\PSoC4/UART.c **** * Parameters:
 164:Generated_Source\PSoC4/UART.c **** *  data: Pointer to the memory array
 165:Generated_Source\PSoC4/UART.c **** *  byteCount: Number of bytes to be transmitted
 166:Generated_Source\PSoC4/UART.c **** *
 167:Generated_Source\PSoC4/UART.c **** * Return:
 168:Generated_Source\PSoC4/UART.c **** *  None
 169:Generated_Source\PSoC4/UART.c **** *
 170:Generated_Source\PSoC4/UART.c **** *******************************************************************************/
ARM GAS  C:\Users\Administrator\AppData\Local\Temp\cceBI3BL.s 			page 6


 171:Generated_Source\PSoC4/UART.c **** void UART_PutArray(const uint8 array[], uint32 byteCount) 
 172:Generated_Source\PSoC4/UART.c **** {
 115              		.loc 1 172 0
 116              		.cfi_startproc
 117              		@ args = 0, pretend = 0, frame = 0
 118              		@ frame_needed = 0, uses_anonymous_args = 0
 119              	.LVL8:
 120 0000 70B5     		push	{r4, r5, r6, lr}
 121              		.cfi_def_cfa_offset 16
 122              		.cfi_offset 4, -16
 123              		.cfi_offset 5, -12
 124              		.cfi_offset 6, -8
 125              		.cfi_offset 14, -4
 126 0002 0400     		movs	r4, r0
 127 0004 4518     		adds	r5, r0, r1
 128              	.LVL9:
 129              	.L9:
 173:Generated_Source\PSoC4/UART.c ****     uint32 arrayIndex;
 174:Generated_Source\PSoC4/UART.c **** 
 175:Generated_Source\PSoC4/UART.c ****     for (arrayIndex = 0u; arrayIndex < byteCount; arrayIndex++)
 130              		.loc 1 175 0 discriminator 1
 131 0006 AC42     		cmp	r4, r5
 132 0008 04D0     		beq	.L11
 176:Generated_Source\PSoC4/UART.c ****     {
 177:Generated_Source\PSoC4/UART.c ****         UART_PutChar(array[arrayIndex]);
 133              		.loc 1 177 0 discriminator 3
 134 000a 2078     		ldrb	r0, [r4]
 135 000c FFF7FEFF 		bl	UART_PutChar
 136              	.LVL10:
 137 0010 0134     		adds	r4, r4, #1
 138              	.LVL11:
 139 0012 F8E7     		b	.L9
 140              	.L11:
 178:Generated_Source\PSoC4/UART.c ****     }
 179:Generated_Source\PSoC4/UART.c **** }
 141              		.loc 1 179 0
 142              		@ sp needed
 143              	.LVL12:
 144 0014 70BD     		pop	{r4, r5, r6, pc}
 145              		.cfi_endproc
 146              	.LFE3:
 147              		.size	UART_PutArray, .-UART_PutArray
 148              		.section	.text.UART_PutHexByte,"ax",%progbits
 149              		.align	1
 150              		.global	UART_PutHexByte
 151              		.code	16
 152              		.thumb_func
 153              		.type	UART_PutHexByte, %function
 154              	UART_PutHexByte:
 155              	.LFB4:
 180:Generated_Source\PSoC4/UART.c **** 
 181:Generated_Source\PSoC4/UART.c **** 
 182:Generated_Source\PSoC4/UART.c **** /*******************************************************************************
 183:Generated_Source\PSoC4/UART.c **** * Function Name: UART_PutHexByte
 184:Generated_Source\PSoC4/UART.c **** ********************************************************************************
 185:Generated_Source\PSoC4/UART.c **** *
 186:Generated_Source\PSoC4/UART.c **** * Summary:
ARM GAS  C:\Users\Administrator\AppData\Local\Temp\cceBI3BL.s 			page 7


 187:Generated_Source\PSoC4/UART.c **** *  Sends a byte in Hex representation (two characters, uppercase for A-F) via
 188:Generated_Source\PSoC4/UART.c **** *  the Tx pin.
 189:Generated_Source\PSoC4/UART.c **** *
 190:Generated_Source\PSoC4/UART.c **** * Parameters:
 191:Generated_Source\PSoC4/UART.c **** *  TxHexByte: The byte to be converted to ASCII characters and
 192:Generated_Source\PSoC4/UART.c **** *             sent via the Tx pin.
 193:Generated_Source\PSoC4/UART.c **** *
 194:Generated_Source\PSoC4/UART.c **** * Return:
 195:Generated_Source\PSoC4/UART.c **** *  None
 196:Generated_Source\PSoC4/UART.c **** *
 197:Generated_Source\PSoC4/UART.c **** *******************************************************************************/
 198:Generated_Source\PSoC4/UART.c **** void UART_PutHexByte(uint8 txHexByte) 
 199:Generated_Source\PSoC4/UART.c **** {
 156              		.loc 1 199 0
 157              		.cfi_startproc
 158              		@ args = 0, pretend = 0, frame = 0
 159              		@ frame_needed = 0, uses_anonymous_args = 0
 160              	.LVL13:
 161 0000 70B5     		push	{r4, r5, r6, lr}
 162              		.cfi_def_cfa_offset 16
 163              		.cfi_offset 4, -16
 164              		.cfi_offset 5, -12
 165              		.cfi_offset 6, -8
 166              		.cfi_offset 14, -4
 200:Generated_Source\PSoC4/UART.c ****     static char8 const CYCODE UART_hex[] = "0123456789ABCDEF";
 201:Generated_Source\PSoC4/UART.c **** 
 202:Generated_Source\PSoC4/UART.c ****     UART_PutChar((uint8) UART_hex[txHexByte >> UART_BYTE_UPPER_NIBBLE_SHIFT]);
 167              		.loc 1 202 0
 168 0002 064C     		ldr	r4, .L13
 169 0004 0309     		lsrs	r3, r0, #4
 199:Generated_Source\PSoC4/UART.c ****     static char8 const CYCODE UART_hex[] = "0123456789ABCDEF";
 170              		.loc 1 199 0
 171 0006 0500     		movs	r5, r0
 172              		.loc 1 202 0
 173 0008 E05C     		ldrb	r0, [r4, r3]
 174              	.LVL14:
 175 000a FFF7FEFF 		bl	UART_PutChar
 176              	.LVL15:
 203:Generated_Source\PSoC4/UART.c ****     UART_PutChar((uint8) UART_hex[txHexByte & UART_BYTE_LOWER_NIBBLE_MASK]);
 177              		.loc 1 203 0
 178 000e 0F20     		movs	r0, #15
 179 0010 2840     		ands	r0, r5
 180 0012 205C     		ldrb	r0, [r4, r0]
 181 0014 FFF7FEFF 		bl	UART_PutChar
 182              	.LVL16:
 204:Generated_Source\PSoC4/UART.c **** }
 183              		.loc 1 204 0
 184              		@ sp needed
 185 0018 70BD     		pop	{r4, r5, r6, pc}
 186              	.L14:
 187 001a C046     		.align	2
 188              	.L13:
 189 001c 00000000 		.word	.LANCHOR0
 190              		.cfi_endproc
 191              	.LFE4:
 192              		.size	UART_PutHexByte, .-UART_PutHexByte
 193              		.section	.text.UART_PutHexInt,"ax",%progbits
ARM GAS  C:\Users\Administrator\AppData\Local\Temp\cceBI3BL.s 			page 8


 194              		.align	1
 195              		.global	UART_PutHexInt
 196              		.code	16
 197              		.thumb_func
 198              		.type	UART_PutHexInt, %function
 199              	UART_PutHexInt:
 200              	.LFB5:
 205:Generated_Source\PSoC4/UART.c **** 
 206:Generated_Source\PSoC4/UART.c **** 
 207:Generated_Source\PSoC4/UART.c **** /*******************************************************************************
 208:Generated_Source\PSoC4/UART.c **** * Function Name: UART_PutHexInt
 209:Generated_Source\PSoC4/UART.c **** ********************************************************************************
 210:Generated_Source\PSoC4/UART.c **** *
 211:Generated_Source\PSoC4/UART.c **** * Summary:
 212:Generated_Source\PSoC4/UART.c **** *  Sends a 16-bit unsigned integer in Hex representation (four characters,
 213:Generated_Source\PSoC4/UART.c **** *  uppercase for A-F) via the Tx pin.
 214:Generated_Source\PSoC4/UART.c **** *
 215:Generated_Source\PSoC4/UART.c **** * Parameters:
 216:Generated_Source\PSoC4/UART.c **** *  TxHexInt: The uint16 to be converted to ASCII characters and sent via
 217:Generated_Source\PSoC4/UART.c **** *            the Tx pin.
 218:Generated_Source\PSoC4/UART.c **** *
 219:Generated_Source\PSoC4/UART.c **** * Return:
 220:Generated_Source\PSoC4/UART.c **** *  None
 221:Generated_Source\PSoC4/UART.c **** *
 222:Generated_Source\PSoC4/UART.c **** *******************************************************************************/
 223:Generated_Source\PSoC4/UART.c **** void UART_PutHexInt(uint16 txHexInt) 
 224:Generated_Source\PSoC4/UART.c **** {
 201              		.loc 1 224 0
 202              		.cfi_startproc
 203              		@ args = 0, pretend = 0, frame = 0
 204              		@ frame_needed = 0, uses_anonymous_args = 0
 205              	.LVL17:
 206 0000 10B5     		push	{r4, lr}
 207              		.cfi_def_cfa_offset 8
 208              		.cfi_offset 4, -8
 209              		.cfi_offset 14, -4
 210              		.loc 1 224 0
 211 0002 0400     		movs	r4, r0
 225:Generated_Source\PSoC4/UART.c ****     UART_PutHexByte((uint8)(txHexInt >> UART_U16_UPPER_BYTE_SHIFT));
 212              		.loc 1 225 0
 213 0004 000A     		lsrs	r0, r0, #8
 214              	.LVL18:
 215 0006 FFF7FEFF 		bl	UART_PutHexByte
 216              	.LVL19:
 226:Generated_Source\PSoC4/UART.c ****     UART_PutHexByte((uint8)(txHexInt & UART_U16_LOWER_BYTE_MASK));
 217              		.loc 1 226 0
 218 000a E0B2     		uxtb	r0, r4
 219 000c FFF7FEFF 		bl	UART_PutHexByte
 220              	.LVL20:
 227:Generated_Source\PSoC4/UART.c **** }
 221              		.loc 1 227 0
 222              		@ sp needed
 223 0010 10BD     		pop	{r4, pc}
 224              		.cfi_endproc
 225              	.LFE5:
 226              		.size	UART_PutHexInt, .-UART_PutHexInt
 227              		.section	.text.UART_PutCRLF,"ax",%progbits
ARM GAS  C:\Users\Administrator\AppData\Local\Temp\cceBI3BL.s 			page 9


 228              		.align	1
 229              		.global	UART_PutCRLF
 230              		.code	16
 231              		.thumb_func
 232              		.type	UART_PutCRLF, %function
 233              	UART_PutCRLF:
 234              	.LFB6:
 228:Generated_Source\PSoC4/UART.c **** 
 229:Generated_Source\PSoC4/UART.c **** 
 230:Generated_Source\PSoC4/UART.c **** /*******************************************************************************
 231:Generated_Source\PSoC4/UART.c **** * Function Name: UART_PutCRLF
 232:Generated_Source\PSoC4/UART.c **** ********************************************************************************
 233:Generated_Source\PSoC4/UART.c **** *
 234:Generated_Source\PSoC4/UART.c **** * Summary:
 235:Generated_Source\PSoC4/UART.c **** *  Sends a carriage return (0x0D) and a line feed (0x0A) via the Tx pin.
 236:Generated_Source\PSoC4/UART.c **** *
 237:Generated_Source\PSoC4/UART.c **** * Parameters:
 238:Generated_Source\PSoC4/UART.c **** *  None
 239:Generated_Source\PSoC4/UART.c **** *
 240:Generated_Source\PSoC4/UART.c **** * Return:
 241:Generated_Source\PSoC4/UART.c **** *  None
 242:Generated_Source\PSoC4/UART.c **** *
 243:Generated_Source\PSoC4/UART.c **** *******************************************************************************/
 244:Generated_Source\PSoC4/UART.c **** void UART_PutCRLF(void) 
 245:Generated_Source\PSoC4/UART.c **** {
 235              		.loc 1 245 0
 236              		.cfi_startproc
 237              		@ args = 0, pretend = 0, frame = 0
 238              		@ frame_needed = 0, uses_anonymous_args = 0
 239 0000 10B5     		push	{r4, lr}
 240              		.cfi_def_cfa_offset 8
 241              		.cfi_offset 4, -8
 242              		.cfi_offset 14, -4
 246:Generated_Source\PSoC4/UART.c ****     UART_PutChar(0x0Du);
 243              		.loc 1 246 0
 244 0002 0D20     		movs	r0, #13
 245 0004 FFF7FEFF 		bl	UART_PutChar
 246              	.LVL21:
 247:Generated_Source\PSoC4/UART.c ****     UART_PutChar(0x0Au);
 247              		.loc 1 247 0
 248 0008 0A20     		movs	r0, #10
 249 000a FFF7FEFF 		bl	UART_PutChar
 250              	.LVL22:
 248:Generated_Source\PSoC4/UART.c **** }
 251              		.loc 1 248 0
 252              		@ sp needed
 253 000e 10BD     		pop	{r4, pc}
 254              		.cfi_endproc
 255              	.LFE6:
 256              		.size	UART_PutCRLF, .-UART_PutCRLF
 257              		.global	UART_pinDrAdress
 258              		.global	UART_pinPortNumber
 259              		.global	UART_pinNumber
 260              		.section	.rodata
 261              		.set	.LANCHOR0,. + 0
 262              		.type	UART_hex.4276, %object
 263              		.size	UART_hex.4276, 17
ARM GAS  C:\Users\Administrator\AppData\Local\Temp\cceBI3BL.s 			page 10


 264              	UART_hex.4276:
 265 0000 30313233 		.ascii	"0123456789ABCDEF\000"
 265      34353637 
 265      38394142 
 265      43444546 
 265      00
 266              		.data
 267              		.align	2
 268              		.type	UART_pinDrAdress, %object
 269              		.size	UART_pinDrAdress, 4
 270              	UART_pinDrAdress:
 271 0000 00000440 		.word	1074003968
 272              		.type	UART_pinNumber, %object
 273              		.size	UART_pinNumber, 4
 274              	UART_pinNumber:
 275 0004 02000000 		.word	2
 276              		.bss
 277              		.align	2
 278              		.type	UART_pinPortNumber, %object
 279              		.size	UART_pinPortNumber, 4
 280              	UART_pinPortNumber:
 281 0000 00000000 		.space	4
 282              		.text
 283              	.Letext0:
 284              		.file 2 "Generated_Source\\PSoC4\\cytypes.h"
 285              		.file 3 "Generated_Source\\PSoC4\\UART.h"
 286              		.section	.debug_info,"",%progbits
 287              	.Ldebug_info0:
 288 0000 B7020000 		.4byte	0x2b7
 289 0004 0400     		.2byte	0x4
 290 0006 00000000 		.4byte	.Ldebug_abbrev0
 291 000a 04       		.byte	0x4
 292 000b 01       		.uleb128 0x1
 293 000c A5010000 		.4byte	.LASF34
 294 0010 0C       		.byte	0xc
 295 0011 78000000 		.4byte	.LASF35
 296 0015 3D020000 		.4byte	.LASF36
 297 0019 00000000 		.4byte	.Ldebug_ranges0+0
 298 001d 00000000 		.4byte	0
 299 0021 00000000 		.4byte	.Ldebug_line0
 300 0025 02       		.uleb128 0x2
 301 0026 01       		.byte	0x1
 302 0027 06       		.byte	0x6
 303 0028 BA000000 		.4byte	.LASF0
 304 002c 02       		.uleb128 0x2
 305 002d 01       		.byte	0x1
 306 002e 08       		.byte	0x8
 307 002f A0000000 		.4byte	.LASF1
 308 0033 02       		.uleb128 0x2
 309 0034 02       		.byte	0x2
 310 0035 05       		.byte	0x5
 311 0036 00000000 		.4byte	.LASF2
 312 003a 02       		.uleb128 0x2
 313 003b 02       		.byte	0x2
 314 003c 07       		.byte	0x7
 315 003d 13010000 		.4byte	.LASF3
 316 0041 02       		.uleb128 0x2
ARM GAS  C:\Users\Administrator\AppData\Local\Temp\cceBI3BL.s 			page 11


 317 0042 04       		.byte	0x4
 318 0043 05       		.byte	0x5
 319 0044 68000000 		.4byte	.LASF4
 320 0048 02       		.uleb128 0x2
 321 0049 04       		.byte	0x4
 322 004a 07       		.byte	0x7
 323 004b 5B010000 		.4byte	.LASF5
 324 004f 02       		.uleb128 0x2
 325 0050 08       		.byte	0x8
 326 0051 05       		.byte	0x5
 327 0052 4B000000 		.4byte	.LASF6
 328 0056 02       		.uleb128 0x2
 329 0057 08       		.byte	0x8
 330 0058 07       		.byte	0x7
 331 0059 D5000000 		.4byte	.LASF7
 332 005d 03       		.uleb128 0x3
 333 005e 04       		.byte	0x4
 334 005f 05       		.byte	0x5
 335 0060 696E7400 		.ascii	"int\000"
 336 0064 02       		.uleb128 0x2
 337 0065 04       		.byte	0x4
 338 0066 07       		.byte	0x7
 339 0067 F5000000 		.4byte	.LASF8
 340 006b 04       		.uleb128 0x4
 341 006c 3F000000 		.4byte	.LASF9
 342 0070 02       		.byte	0x2
 343 0071 D201     		.2byte	0x1d2
 344 0073 2C000000 		.4byte	0x2c
 345 0077 04       		.uleb128 0x4
 346 0078 38000000 		.4byte	.LASF10
 347 007c 02       		.byte	0x2
 348 007d D301     		.2byte	0x1d3
 349 007f 3A000000 		.4byte	0x3a
 350 0083 04       		.uleb128 0x4
 351 0084 47010000 		.4byte	.LASF11
 352 0088 02       		.byte	0x2
 353 0089 D401     		.2byte	0x1d4
 354 008b 48000000 		.4byte	0x48
 355 008f 02       		.uleb128 0x2
 356 0090 04       		.byte	0x4
 357 0091 04       		.byte	0x4
 358 0092 45000000 		.4byte	.LASF12
 359 0096 02       		.uleb128 0x2
 360 0097 08       		.byte	0x8
 361 0098 04       		.byte	0x4
 362 0099 80010000 		.4byte	.LASF13
 363 009d 04       		.uleb128 0x4
 364 009e 13000000 		.4byte	.LASF14
 365 00a2 02       		.byte	0x2
 366 00a3 E301     		.2byte	0x1e3
 367 00a5 A9000000 		.4byte	0xa9
 368 00a9 02       		.uleb128 0x2
 369 00aa 01       		.byte	0x1
 370 00ab 08       		.byte	0x8
 371 00ac 26010000 		.4byte	.LASF15
 372 00b0 05       		.uleb128 0x5
 373 00b1 33020000 		.4byte	.LASF37
ARM GAS  C:\Users\Administrator\AppData\Local\Temp\cceBI3BL.s 			page 12


 374 00b5 01       		.byte	0x1
 375 00b6 79       		.byte	0x79
 376 00b7 01       		.byte	0x1
 377 00b8 06       		.uleb128 0x6
 378 00b9 B0000000 		.4byte	0xb0
 379 00bd 00000000 		.4byte	.LFB1
 380 00c1 02000000 		.4byte	.LFE1-.LFB1
 381 00c5 01       		.uleb128 0x1
 382 00c6 9C       		.byte	0x9c
 383 00c7 07       		.uleb128 0x7
 384 00c8 29000000 		.4byte	.LASF18
 385 00cc 01       		.byte	0x1
 386 00cd 8D       		.byte	0x8d
 387 00ce 00000000 		.4byte	.LFB2
 388 00d2 1A000000 		.4byte	.LFE2-.LFB2
 389 00d6 01       		.uleb128 0x1
 390 00d7 9C       		.byte	0x9c
 391 00d8 13010000 		.4byte	0x113
 392 00dc 08       		.uleb128 0x8
 393 00dd 71000000 		.4byte	.LASF20
 394 00e1 01       		.byte	0x1
 395 00e2 8D       		.byte	0x8d
 396 00e3 13010000 		.4byte	0x113
 397 00e7 00000000 		.4byte	.LLST0
 398 00eb 09       		.uleb128 0x9
 399 00ec AE000000 		.4byte	.LASF16
 400 00f0 01       		.byte	0x1
 401 00f1 8F       		.byte	0x8f
 402 00f2 6B000000 		.4byte	0x6b
 403 00f6 2C000000 		.4byte	.LLST1
 404 00fa 09       		.uleb128 0x9
 405 00fb 0B010000 		.4byte	.LASF17
 406 00ff 01       		.byte	0x1
 407 0100 90       		.byte	0x90
 408 0101 9D000000 		.4byte	0x9d
 409 0105 56000000 		.4byte	.LLST2
 410 0109 0A       		.uleb128 0xa
 411 010a 10000000 		.4byte	.LVL2
 412 010e AF020000 		.4byte	0x2af
 413 0112 00       		.byte	0
 414 0113 0B       		.uleb128 0xb
 415 0114 04       		.byte	0x4
 416 0115 19010000 		.4byte	0x119
 417 0119 0C       		.uleb128 0xc
 418 011a 9D000000 		.4byte	0x9d
 419 011e 07       		.uleb128 0x7
 420 011f 8D010000 		.4byte	.LASF19
 421 0123 01       		.byte	0x1
 422 0124 AB       		.byte	0xab
 423 0125 00000000 		.4byte	.LFB3
 424 0129 16000000 		.4byte	.LFE3-.LFB3
 425 012d 01       		.uleb128 0x1
 426 012e 9C       		.byte	0x9c
 427 012f 6A010000 		.4byte	0x16a
 428 0133 08       		.uleb128 0x8
 429 0134 87010000 		.4byte	.LASF21
 430 0138 01       		.byte	0x1
ARM GAS  C:\Users\Administrator\AppData\Local\Temp\cceBI3BL.s 			page 13


 431 0139 AB       		.byte	0xab
 432 013a 6A010000 		.4byte	0x16a
 433 013e 74000000 		.4byte	.LLST3
 434 0142 08       		.uleb128 0x8
 435 0143 9B010000 		.4byte	.LASF22
 436 0147 01       		.byte	0x1
 437 0148 AB       		.byte	0xab
 438 0149 83000000 		.4byte	0x83
 439 014d 95000000 		.4byte	.LLST4
 440 0151 09       		.uleb128 0x9
 441 0152 3C010000 		.4byte	.LASF23
 442 0156 01       		.byte	0x1
 443 0157 AD       		.byte	0xad
 444 0158 83000000 		.4byte	0x83
 445 015c B6000000 		.4byte	.LLST5
 446 0160 0A       		.uleb128 0xa
 447 0161 10000000 		.4byte	.LVL10
 448 0165 AF020000 		.4byte	0x2af
 449 0169 00       		.byte	0
 450 016a 0B       		.uleb128 0xb
 451 016b 04       		.byte	0x4
 452 016c 70010000 		.4byte	0x170
 453 0170 0C       		.uleb128 0xc
 454 0171 6B000000 		.4byte	0x6b
 455 0175 07       		.uleb128 0x7
 456 0176 19000000 		.4byte	.LASF24
 457 017a 01       		.byte	0x1
 458 017b C6       		.byte	0xc6
 459 017c 00000000 		.4byte	.LFB4
 460 0180 20000000 		.4byte	.LFE4-.LFB4
 461 0184 01       		.uleb128 0x1
 462 0185 9C       		.byte	0x9c
 463 0186 DD010000 		.4byte	0x1dd
 464 018a 08       		.uleb128 0x8
 465 018b 96000000 		.4byte	.LASF25
 466 018f 01       		.byte	0x1
 467 0190 C6       		.byte	0xc6
 468 0191 6B000000 		.4byte	0x6b
 469 0195 FF000000 		.4byte	.LLST6
 470 0199 0D       		.uleb128 0xd
 471 019a 02010000 		.4byte	.LASF26
 472 019e 01       		.byte	0x1
 473 019f C8       		.byte	0xc8
 474 01a0 F4010000 		.4byte	0x1f4
 475 01a4 05       		.uleb128 0x5
 476 01a5 03       		.byte	0x3
 477 01a6 00000000 		.4byte	UART_hex.4276
 478 01aa 0E       		.uleb128 0xe
 479 01ab 0E000000 		.4byte	.LVL15
 480 01af AF020000 		.4byte	0x2af
 481 01b3 C5010000 		.4byte	0x1c5
 482 01b7 0F       		.uleb128 0xf
 483 01b8 01       		.uleb128 0x1
 484 01b9 50       		.byte	0x50
 485 01ba 09       		.uleb128 0x9
 486 01bb 75       		.byte	0x75
 487 01bc 00       		.sleb128 0
ARM GAS  C:\Users\Administrator\AppData\Local\Temp\cceBI3BL.s 			page 14


 488 01bd 34       		.byte	0x34
 489 01be 25       		.byte	0x25
 490 01bf 74       		.byte	0x74
 491 01c0 00       		.sleb128 0
 492 01c1 22       		.byte	0x22
 493 01c2 94       		.byte	0x94
 494 01c3 01       		.byte	0x1
 495 01c4 00       		.byte	0
 496 01c5 10       		.uleb128 0x10
 497 01c6 18000000 		.4byte	.LVL16
 498 01ca AF020000 		.4byte	0x2af
 499 01ce 0F       		.uleb128 0xf
 500 01cf 01       		.uleb128 0x1
 501 01d0 50       		.byte	0x50
 502 01d1 09       		.uleb128 0x9
 503 01d2 75       		.byte	0x75
 504 01d3 00       		.sleb128 0
 505 01d4 3F       		.byte	0x3f
 506 01d5 1A       		.byte	0x1a
 507 01d6 74       		.byte	0x74
 508 01d7 00       		.sleb128 0
 509 01d8 22       		.byte	0x22
 510 01d9 94       		.byte	0x94
 511 01da 01       		.byte	0x1
 512 01db 00       		.byte	0
 513 01dc 00       		.byte	0
 514 01dd 11       		.uleb128 0x11
 515 01de 19010000 		.4byte	0x119
 516 01e2 ED010000 		.4byte	0x1ed
 517 01e6 12       		.uleb128 0x12
 518 01e7 ED010000 		.4byte	0x1ed
 519 01eb 10       		.byte	0x10
 520 01ec 00       		.byte	0
 521 01ed 02       		.uleb128 0x2
 522 01ee 04       		.byte	0x4
 523 01ef 07       		.byte	0x7
 524 01f0 0A000000 		.4byte	.LASF27
 525 01f4 0C       		.uleb128 0xc
 526 01f5 DD010000 		.4byte	0x1dd
 527 01f9 07       		.uleb128 0x7
 528 01fa 59000000 		.4byte	.LASF28
 529 01fe 01       		.byte	0x1
 530 01ff DF       		.byte	0xdf
 531 0200 00000000 		.4byte	.LFB5
 532 0204 12000000 		.4byte	.LFE5-.LFB5
 533 0208 01       		.uleb128 0x1
 534 0209 9C       		.byte	0x9c
 535 020a 44020000 		.4byte	0x244
 536 020e 08       		.uleb128 0x8
 537 020f EC000000 		.4byte	.LASF29
 538 0213 01       		.byte	0x1
 539 0214 DF       		.byte	0xdf
 540 0215 77000000 		.4byte	0x77
 541 0219 20010000 		.4byte	.LLST7
 542 021d 0E       		.uleb128 0xe
 543 021e 0A000000 		.4byte	.LVL19
 544 0222 75010000 		.4byte	0x175
ARM GAS  C:\Users\Administrator\AppData\Local\Temp\cceBI3BL.s 			page 15


 545 0226 33020000 		.4byte	0x233
 546 022a 0F       		.uleb128 0xf
 547 022b 01       		.uleb128 0x1
 548 022c 50       		.byte	0x50
 549 022d 04       		.uleb128 0x4
 550 022e 74       		.byte	0x74
 551 022f 00       		.sleb128 0
 552 0230 38       		.byte	0x38
 553 0231 25       		.byte	0x25
 554 0232 00       		.byte	0
 555 0233 10       		.uleb128 0x10
 556 0234 10000000 		.4byte	.LVL20
 557 0238 75010000 		.4byte	0x175
 558 023c 0F       		.uleb128 0xf
 559 023d 01       		.uleb128 0x1
 560 023e 50       		.byte	0x50
 561 023f 02       		.uleb128 0x2
 562 0240 74       		.byte	0x74
 563 0241 00       		.sleb128 0
 564 0242 00       		.byte	0
 565 0243 00       		.byte	0
 566 0244 07       		.uleb128 0x7
 567 0245 4E010000 		.4byte	.LASF30
 568 0249 01       		.byte	0x1
 569 024a F4       		.byte	0xf4
 570 024b 00000000 		.4byte	.LFB6
 571 024f 10000000 		.4byte	.LFE6-.LFB6
 572 0253 01       		.uleb128 0x1
 573 0254 9C       		.byte	0x9c
 574 0255 7C020000 		.4byte	0x27c
 575 0259 0E       		.uleb128 0xe
 576 025a 08000000 		.4byte	.LVL21
 577 025e AF020000 		.4byte	0x2af
 578 0262 6C020000 		.4byte	0x26c
 579 0266 0F       		.uleb128 0xf
 580 0267 01       		.uleb128 0x1
 581 0268 50       		.byte	0x50
 582 0269 01       		.uleb128 0x1
 583 026a 3D       		.byte	0x3d
 584 026b 00       		.byte	0
 585 026c 10       		.uleb128 0x10
 586 026d 0E000000 		.4byte	.LVL22
 587 0271 AF020000 		.4byte	0x2af
 588 0275 0F       		.uleb128 0xf
 589 0276 01       		.uleb128 0x1
 590 0277 50       		.byte	0x50
 591 0278 01       		.uleb128 0x1
 592 0279 3A       		.byte	0x3a
 593 027a 00       		.byte	0
 594 027b 00       		.byte	0
 595 027c 13       		.uleb128 0x13
 596 027d C6000000 		.4byte	.LASF31
 597 0281 01       		.byte	0x1
 598 0282 12       		.byte	0x12
 599 0283 83000000 		.4byte	0x83
 600 0287 05       		.uleb128 0x5
 601 0288 03       		.byte	0x3
ARM GAS  C:\Users\Administrator\AppData\Local\Temp\cceBI3BL.s 			page 16


 602 0289 00000000 		.4byte	UART_pinNumber
 603 028d 13       		.uleb128 0x13
 604 028e 6D010000 		.4byte	.LASF32
 605 0292 01       		.byte	0x1
 606 0293 13       		.byte	0x13
 607 0294 83000000 		.4byte	0x83
 608 0298 05       		.uleb128 0x5
 609 0299 03       		.byte	0x3
 610 029a 00000000 		.4byte	UART_pinPortNumber
 611 029e 13       		.uleb128 0x13
 612 029f 2B010000 		.4byte	.LASF33
 613 02a3 01       		.byte	0x1
 614 02a4 17       		.byte	0x17
 615 02a5 83000000 		.4byte	0x83
 616 02a9 05       		.uleb128 0x5
 617 02aa 03       		.byte	0x3
 618 02ab 00000000 		.4byte	UART_pinDrAdress
 619 02af 14       		.uleb128 0x14
 620 02b0 BB020000 		.4byte	.LASF38
 621 02b4 BB020000 		.4byte	.LASF38
 622 02b8 03       		.byte	0x3
 623 02b9 25       		.byte	0x25
 624 02ba 00       		.byte	0
 625              		.section	.debug_abbrev,"",%progbits
 626              	.Ldebug_abbrev0:
 627 0000 01       		.uleb128 0x1
 628 0001 11       		.uleb128 0x11
 629 0002 01       		.byte	0x1
 630 0003 25       		.uleb128 0x25
 631 0004 0E       		.uleb128 0xe
 632 0005 13       		.uleb128 0x13
 633 0006 0B       		.uleb128 0xb
 634 0007 03       		.uleb128 0x3
 635 0008 0E       		.uleb128 0xe
 636 0009 1B       		.uleb128 0x1b
 637 000a 0E       		.uleb128 0xe
 638 000b 55       		.uleb128 0x55
 639 000c 17       		.uleb128 0x17
 640 000d 11       		.uleb128 0x11
 641 000e 01       		.uleb128 0x1
 642 000f 10       		.uleb128 0x10
 643 0010 17       		.uleb128 0x17
 644 0011 00       		.byte	0
 645 0012 00       		.byte	0
 646 0013 02       		.uleb128 0x2
 647 0014 24       		.uleb128 0x24
 648 0015 00       		.byte	0
 649 0016 0B       		.uleb128 0xb
 650 0017 0B       		.uleb128 0xb
 651 0018 3E       		.uleb128 0x3e
 652 0019 0B       		.uleb128 0xb
 653 001a 03       		.uleb128 0x3
 654 001b 0E       		.uleb128 0xe
 655 001c 00       		.byte	0
 656 001d 00       		.byte	0
 657 001e 03       		.uleb128 0x3
 658 001f 24       		.uleb128 0x24
ARM GAS  C:\Users\Administrator\AppData\Local\Temp\cceBI3BL.s 			page 17


 659 0020 00       		.byte	0
 660 0021 0B       		.uleb128 0xb
 661 0022 0B       		.uleb128 0xb
 662 0023 3E       		.uleb128 0x3e
 663 0024 0B       		.uleb128 0xb
 664 0025 03       		.uleb128 0x3
 665 0026 08       		.uleb128 0x8
 666 0027 00       		.byte	0
 667 0028 00       		.byte	0
 668 0029 04       		.uleb128 0x4
 669 002a 16       		.uleb128 0x16
 670 002b 00       		.byte	0
 671 002c 03       		.uleb128 0x3
 672 002d 0E       		.uleb128 0xe
 673 002e 3A       		.uleb128 0x3a
 674 002f 0B       		.uleb128 0xb
 675 0030 3B       		.uleb128 0x3b
 676 0031 05       		.uleb128 0x5
 677 0032 49       		.uleb128 0x49
 678 0033 13       		.uleb128 0x13
 679 0034 00       		.byte	0
 680 0035 00       		.byte	0
 681 0036 05       		.uleb128 0x5
 682 0037 2E       		.uleb128 0x2e
 683 0038 00       		.byte	0
 684 0039 3F       		.uleb128 0x3f
 685 003a 19       		.uleb128 0x19
 686 003b 03       		.uleb128 0x3
 687 003c 0E       		.uleb128 0xe
 688 003d 3A       		.uleb128 0x3a
 689 003e 0B       		.uleb128 0xb
 690 003f 3B       		.uleb128 0x3b
 691 0040 0B       		.uleb128 0xb
 692 0041 27       		.uleb128 0x27
 693 0042 19       		.uleb128 0x19
 694 0043 20       		.uleb128 0x20
 695 0044 0B       		.uleb128 0xb
 696 0045 00       		.byte	0
 697 0046 00       		.byte	0
 698 0047 06       		.uleb128 0x6
 699 0048 2E       		.uleb128 0x2e
 700 0049 00       		.byte	0
 701 004a 31       		.uleb128 0x31
 702 004b 13       		.uleb128 0x13
 703 004c 11       		.uleb128 0x11
 704 004d 01       		.uleb128 0x1
 705 004e 12       		.uleb128 0x12
 706 004f 06       		.uleb128 0x6
 707 0050 40       		.uleb128 0x40
 708 0051 18       		.uleb128 0x18
 709 0052 9742     		.uleb128 0x2117
 710 0054 19       		.uleb128 0x19
 711 0055 00       		.byte	0
 712 0056 00       		.byte	0
 713 0057 07       		.uleb128 0x7
 714 0058 2E       		.uleb128 0x2e
 715 0059 01       		.byte	0x1
ARM GAS  C:\Users\Administrator\AppData\Local\Temp\cceBI3BL.s 			page 18


 716 005a 3F       		.uleb128 0x3f
 717 005b 19       		.uleb128 0x19
 718 005c 03       		.uleb128 0x3
 719 005d 0E       		.uleb128 0xe
 720 005e 3A       		.uleb128 0x3a
 721 005f 0B       		.uleb128 0xb
 722 0060 3B       		.uleb128 0x3b
 723 0061 0B       		.uleb128 0xb
 724 0062 27       		.uleb128 0x27
 725 0063 19       		.uleb128 0x19
 726 0064 11       		.uleb128 0x11
 727 0065 01       		.uleb128 0x1
 728 0066 12       		.uleb128 0x12
 729 0067 06       		.uleb128 0x6
 730 0068 40       		.uleb128 0x40
 731 0069 18       		.uleb128 0x18
 732 006a 9742     		.uleb128 0x2117
 733 006c 19       		.uleb128 0x19
 734 006d 01       		.uleb128 0x1
 735 006e 13       		.uleb128 0x13
 736 006f 00       		.byte	0
 737 0070 00       		.byte	0
 738 0071 08       		.uleb128 0x8
 739 0072 05       		.uleb128 0x5
 740 0073 00       		.byte	0
 741 0074 03       		.uleb128 0x3
 742 0075 0E       		.uleb128 0xe
 743 0076 3A       		.uleb128 0x3a
 744 0077 0B       		.uleb128 0xb
 745 0078 3B       		.uleb128 0x3b
 746 0079 0B       		.uleb128 0xb
 747 007a 49       		.uleb128 0x49
 748 007b 13       		.uleb128 0x13
 749 007c 02       		.uleb128 0x2
 750 007d 17       		.uleb128 0x17
 751 007e 00       		.byte	0
 752 007f 00       		.byte	0
 753 0080 09       		.uleb128 0x9
 754 0081 34       		.uleb128 0x34
 755 0082 00       		.byte	0
 756 0083 03       		.uleb128 0x3
 757 0084 0E       		.uleb128 0xe
 758 0085 3A       		.uleb128 0x3a
 759 0086 0B       		.uleb128 0xb
 760 0087 3B       		.uleb128 0x3b
 761 0088 0B       		.uleb128 0xb
 762 0089 49       		.uleb128 0x49
 763 008a 13       		.uleb128 0x13
 764 008b 02       		.uleb128 0x2
 765 008c 17       		.uleb128 0x17
 766 008d 00       		.byte	0
 767 008e 00       		.byte	0
 768 008f 0A       		.uleb128 0xa
 769 0090 898201   		.uleb128 0x4109
 770 0093 00       		.byte	0
 771 0094 11       		.uleb128 0x11
 772 0095 01       		.uleb128 0x1
ARM GAS  C:\Users\Administrator\AppData\Local\Temp\cceBI3BL.s 			page 19


 773 0096 31       		.uleb128 0x31
 774 0097 13       		.uleb128 0x13
 775 0098 00       		.byte	0
 776 0099 00       		.byte	0
 777 009a 0B       		.uleb128 0xb
 778 009b 0F       		.uleb128 0xf
 779 009c 00       		.byte	0
 780 009d 0B       		.uleb128 0xb
 781 009e 0B       		.uleb128 0xb
 782 009f 49       		.uleb128 0x49
 783 00a0 13       		.uleb128 0x13
 784 00a1 00       		.byte	0
 785 00a2 00       		.byte	0
 786 00a3 0C       		.uleb128 0xc
 787 00a4 26       		.uleb128 0x26
 788 00a5 00       		.byte	0
 789 00a6 49       		.uleb128 0x49
 790 00a7 13       		.uleb128 0x13
 791 00a8 00       		.byte	0
 792 00a9 00       		.byte	0
 793 00aa 0D       		.uleb128 0xd
 794 00ab 34       		.uleb128 0x34
 795 00ac 00       		.byte	0
 796 00ad 03       		.uleb128 0x3
 797 00ae 0E       		.uleb128 0xe
 798 00af 3A       		.uleb128 0x3a
 799 00b0 0B       		.uleb128 0xb
 800 00b1 3B       		.uleb128 0x3b
 801 00b2 0B       		.uleb128 0xb
 802 00b3 49       		.uleb128 0x49
 803 00b4 13       		.uleb128 0x13
 804 00b5 02       		.uleb128 0x2
 805 00b6 18       		.uleb128 0x18
 806 00b7 00       		.byte	0
 807 00b8 00       		.byte	0
 808 00b9 0E       		.uleb128 0xe
 809 00ba 898201   		.uleb128 0x4109
 810 00bd 01       		.byte	0x1
 811 00be 11       		.uleb128 0x11
 812 00bf 01       		.uleb128 0x1
 813 00c0 31       		.uleb128 0x31
 814 00c1 13       		.uleb128 0x13
 815 00c2 01       		.uleb128 0x1
 816 00c3 13       		.uleb128 0x13
 817 00c4 00       		.byte	0
 818 00c5 00       		.byte	0
 819 00c6 0F       		.uleb128 0xf
 820 00c7 8A8201   		.uleb128 0x410a
 821 00ca 00       		.byte	0
 822 00cb 02       		.uleb128 0x2
 823 00cc 18       		.uleb128 0x18
 824 00cd 9142     		.uleb128 0x2111
 825 00cf 18       		.uleb128 0x18
 826 00d0 00       		.byte	0
 827 00d1 00       		.byte	0
 828 00d2 10       		.uleb128 0x10
 829 00d3 898201   		.uleb128 0x4109
ARM GAS  C:\Users\Administrator\AppData\Local\Temp\cceBI3BL.s 			page 20


 830 00d6 01       		.byte	0x1
 831 00d7 11       		.uleb128 0x11
 832 00d8 01       		.uleb128 0x1
 833 00d9 31       		.uleb128 0x31
 834 00da 13       		.uleb128 0x13
 835 00db 00       		.byte	0
 836 00dc 00       		.byte	0
 837 00dd 11       		.uleb128 0x11
 838 00de 01       		.uleb128 0x1
 839 00df 01       		.byte	0x1
 840 00e0 49       		.uleb128 0x49
 841 00e1 13       		.uleb128 0x13
 842 00e2 01       		.uleb128 0x1
 843 00e3 13       		.uleb128 0x13
 844 00e4 00       		.byte	0
 845 00e5 00       		.byte	0
 846 00e6 12       		.uleb128 0x12
 847 00e7 21       		.uleb128 0x21
 848 00e8 00       		.byte	0
 849 00e9 49       		.uleb128 0x49
 850 00ea 13       		.uleb128 0x13
 851 00eb 2F       		.uleb128 0x2f
 852 00ec 0B       		.uleb128 0xb
 853 00ed 00       		.byte	0
 854 00ee 00       		.byte	0
 855 00ef 13       		.uleb128 0x13
 856 00f0 34       		.uleb128 0x34
 857 00f1 00       		.byte	0
 858 00f2 03       		.uleb128 0x3
 859 00f3 0E       		.uleb128 0xe
 860 00f4 3A       		.uleb128 0x3a
 861 00f5 0B       		.uleb128 0xb
 862 00f6 3B       		.uleb128 0x3b
 863 00f7 0B       		.uleb128 0xb
 864 00f8 49       		.uleb128 0x49
 865 00f9 13       		.uleb128 0x13
 866 00fa 3F       		.uleb128 0x3f
 867 00fb 19       		.uleb128 0x19
 868 00fc 02       		.uleb128 0x2
 869 00fd 18       		.uleb128 0x18
 870 00fe 00       		.byte	0
 871 00ff 00       		.byte	0
 872 0100 14       		.uleb128 0x14
 873 0101 2E       		.uleb128 0x2e
 874 0102 00       		.byte	0
 875 0103 3F       		.uleb128 0x3f
 876 0104 19       		.uleb128 0x19
 877 0105 3C       		.uleb128 0x3c
 878 0106 19       		.uleb128 0x19
 879 0107 6E       		.uleb128 0x6e
 880 0108 0E       		.uleb128 0xe
 881 0109 03       		.uleb128 0x3
 882 010a 0E       		.uleb128 0xe
 883 010b 3A       		.uleb128 0x3a
 884 010c 0B       		.uleb128 0xb
 885 010d 3B       		.uleb128 0x3b
 886 010e 0B       		.uleb128 0xb
ARM GAS  C:\Users\Administrator\AppData\Local\Temp\cceBI3BL.s 			page 21


 887 010f 00       		.byte	0
 888 0110 00       		.byte	0
 889 0111 00       		.byte	0
 890              		.section	.debug_loc,"",%progbits
 891              	.Ldebug_loc0:
 892              	.LLST0:
 893 0000 00000000 		.4byte	.LVL0
 894 0004 08000000 		.4byte	.LVL1
 895 0008 0100     		.2byte	0x1
 896 000a 50       		.byte	0x50
 897 000b 08000000 		.4byte	.LVL1
 898 000f 18000000 		.4byte	.LVL7
 899 0013 0100     		.2byte	0x1
 900 0015 55       		.byte	0x55
 901 0016 18000000 		.4byte	.LVL7
 902 001a 1A000000 		.4byte	.LFE2
 903 001e 0400     		.2byte	0x4
 904 0020 F3       		.byte	0xf3
 905 0021 01       		.uleb128 0x1
 906 0022 50       		.byte	0x50
 907 0023 9F       		.byte	0x9f
 908 0024 00000000 		.4byte	0
 909 0028 00000000 		.4byte	0
 910              	.LLST1:
 911 002c 00000000 		.4byte	.LVL0
 912 0030 08000000 		.4byte	.LVL1
 913 0034 0200     		.2byte	0x2
 914 0036 31       		.byte	0x31
 915 0037 9F       		.byte	0x9f
 916 0038 08000000 		.4byte	.LVL1
 917 003c 14000000 		.4byte	.LVL4
 918 0040 0100     		.2byte	0x1
 919 0042 54       		.byte	0x54
 920 0043 16000000 		.4byte	.LVL5
 921 0047 18000000 		.4byte	.LVL6
 922 004b 0100     		.2byte	0x1
 923 004d 54       		.byte	0x54
 924 004e 00000000 		.4byte	0
 925 0052 00000000 		.4byte	0
 926              	.LLST2:
 927 0056 08000000 		.4byte	.LVL1
 928 005a 0F000000 		.4byte	.LVL2-1
 929 005e 0100     		.2byte	0x1
 930 0060 50       		.byte	0x50
 931 0061 12000000 		.4byte	.LVL3
 932 0065 1A000000 		.4byte	.LFE2
 933 0069 0100     		.2byte	0x1
 934 006b 50       		.byte	0x50
 935 006c 00000000 		.4byte	0
 936 0070 00000000 		.4byte	0
 937              	.LLST3:
 938 0074 00000000 		.4byte	.LVL8
 939 0078 06000000 		.4byte	.LVL9
 940 007c 0100     		.2byte	0x1
 941 007e 50       		.byte	0x50
 942 007f 06000000 		.4byte	.LVL9
 943 0083 16000000 		.4byte	.LFE3
ARM GAS  C:\Users\Administrator\AppData\Local\Temp\cceBI3BL.s 			page 22


 944 0087 0400     		.2byte	0x4
 945 0089 F3       		.byte	0xf3
 946 008a 01       		.uleb128 0x1
 947 008b 50       		.byte	0x50
 948 008c 9F       		.byte	0x9f
 949 008d 00000000 		.4byte	0
 950 0091 00000000 		.4byte	0
 951              	.LLST4:
 952 0095 00000000 		.4byte	.LVL8
 953 0099 06000000 		.4byte	.LVL9
 954 009d 0100     		.2byte	0x1
 955 009f 51       		.byte	0x51
 956 00a0 06000000 		.4byte	.LVL9
 957 00a4 16000000 		.4byte	.LFE3
 958 00a8 0400     		.2byte	0x4
 959 00aa F3       		.byte	0xf3
 960 00ab 01       		.uleb128 0x1
 961 00ac 51       		.byte	0x51
 962 00ad 9F       		.byte	0x9f
 963 00ae 00000000 		.4byte	0
 964 00b2 00000000 		.4byte	0
 965              	.LLST5:
 966 00b6 00000000 		.4byte	.LVL8
 967 00ba 06000000 		.4byte	.LVL9
 968 00be 0200     		.2byte	0x2
 969 00c0 30       		.byte	0x30
 970 00c1 9F       		.byte	0x9f
 971 00c2 06000000 		.4byte	.LVL9
 972 00c6 10000000 		.4byte	.LVL10
 973 00ca 0700     		.2byte	0x7
 974 00cc 74       		.byte	0x74
 975 00cd 00       		.sleb128 0
 976 00ce F3       		.byte	0xf3
 977 00cf 01       		.uleb128 0x1
 978 00d0 50       		.byte	0x50
 979 00d1 1C       		.byte	0x1c
 980 00d2 9F       		.byte	0x9f
 981 00d3 10000000 		.4byte	.LVL10
 982 00d7 12000000 		.4byte	.LVL11
 983 00db 0900     		.2byte	0x9
 984 00dd 74       		.byte	0x74
 985 00de 00       		.sleb128 0
 986 00df F3       		.byte	0xf3
 987 00e0 01       		.uleb128 0x1
 988 00e1 50       		.byte	0x50
 989 00e2 1C       		.byte	0x1c
 990 00e3 23       		.byte	0x23
 991 00e4 01       		.uleb128 0x1
 992 00e5 9F       		.byte	0x9f
 993 00e6 12000000 		.4byte	.LVL11
 994 00ea 14000000 		.4byte	.LVL12
 995 00ee 0700     		.2byte	0x7
 996 00f0 74       		.byte	0x74
 997 00f1 00       		.sleb128 0
 998 00f2 F3       		.byte	0xf3
 999 00f3 01       		.uleb128 0x1
 1000 00f4 50       		.byte	0x50
ARM GAS  C:\Users\Administrator\AppData\Local\Temp\cceBI3BL.s 			page 23


 1001 00f5 1C       		.byte	0x1c
 1002 00f6 9F       		.byte	0x9f
 1003 00f7 00000000 		.4byte	0
 1004 00fb 00000000 		.4byte	0
 1005              	.LLST6:
 1006 00ff 00000000 		.4byte	.LVL13
 1007 0103 0A000000 		.4byte	.LVL14
 1008 0107 0100     		.2byte	0x1
 1009 0109 50       		.byte	0x50
 1010 010a 0A000000 		.4byte	.LVL14
 1011 010e 20000000 		.4byte	.LFE4
 1012 0112 0400     		.2byte	0x4
 1013 0114 F3       		.byte	0xf3
 1014 0115 01       		.uleb128 0x1
 1015 0116 50       		.byte	0x50
 1016 0117 9F       		.byte	0x9f
 1017 0118 00000000 		.4byte	0
 1018 011c 00000000 		.4byte	0
 1019              	.LLST7:
 1020 0120 00000000 		.4byte	.LVL17
 1021 0124 06000000 		.4byte	.LVL18
 1022 0128 0100     		.2byte	0x1
 1023 012a 50       		.byte	0x50
 1024 012b 06000000 		.4byte	.LVL18
 1025 012f 12000000 		.4byte	.LFE5
 1026 0133 0400     		.2byte	0x4
 1027 0135 F3       		.byte	0xf3
 1028 0136 01       		.uleb128 0x1
 1029 0137 50       		.byte	0x50
 1030 0138 9F       		.byte	0x9f
 1031 0139 00000000 		.4byte	0
 1032 013d 00000000 		.4byte	0
 1033              		.section	.debug_aranges,"",%progbits
 1034 0000 44000000 		.4byte	0x44
 1035 0004 0200     		.2byte	0x2
 1036 0006 00000000 		.4byte	.Ldebug_info0
 1037 000a 04       		.byte	0x4
 1038 000b 00       		.byte	0
 1039 000c 0000     		.2byte	0
 1040 000e 0000     		.2byte	0
 1041 0010 00000000 		.4byte	.LFB1
 1042 0014 02000000 		.4byte	.LFE1-.LFB1
 1043 0018 00000000 		.4byte	.LFB2
 1044 001c 1A000000 		.4byte	.LFE2-.LFB2
 1045 0020 00000000 		.4byte	.LFB3
 1046 0024 16000000 		.4byte	.LFE3-.LFB3
 1047 0028 00000000 		.4byte	.LFB4
 1048 002c 20000000 		.4byte	.LFE4-.LFB4
 1049 0030 00000000 		.4byte	.LFB5
 1050 0034 12000000 		.4byte	.LFE5-.LFB5
 1051 0038 00000000 		.4byte	.LFB6
 1052 003c 10000000 		.4byte	.LFE6-.LFB6
 1053 0040 00000000 		.4byte	0
 1054 0044 00000000 		.4byte	0
 1055              		.section	.debug_ranges,"",%progbits
 1056              	.Ldebug_ranges0:
 1057 0000 00000000 		.4byte	.LFB1
ARM GAS  C:\Users\Administrator\AppData\Local\Temp\cceBI3BL.s 			page 24


 1058 0004 02000000 		.4byte	.LFE1
 1059 0008 00000000 		.4byte	.LFB2
 1060 000c 1A000000 		.4byte	.LFE2
 1061 0010 00000000 		.4byte	.LFB3
 1062 0014 16000000 		.4byte	.LFE3
 1063 0018 00000000 		.4byte	.LFB4
 1064 001c 20000000 		.4byte	.LFE4
 1065 0020 00000000 		.4byte	.LFB5
 1066 0024 12000000 		.4byte	.LFE5
 1067 0028 00000000 		.4byte	.LFB6
 1068 002c 10000000 		.4byte	.LFE6
 1069 0030 00000000 		.4byte	0
 1070 0034 00000000 		.4byte	0
 1071              		.section	.debug_line,"",%progbits
 1072              	.Ldebug_line0:
 1073 0000 D1000000 		.section	.debug_str,"MS",%progbits,1
 1073      02004B00 
 1073      00000201 
 1073      FB0E0D00 
 1073      01010101 
 1074              	.LASF2:
 1075 0000 73686F72 		.ascii	"short int\000"
 1075      7420696E 
 1075      7400
 1076              	.LASF27:
 1077 000a 73697A65 		.ascii	"sizetype\000"
 1077      74797065 
 1077      00
 1078              	.LASF14:
 1079 0013 63686172 		.ascii	"char8\000"
 1079      3800
 1080              	.LASF24:
 1081 0019 55415254 		.ascii	"UART_PutHexByte\000"
 1081      5F507574 
 1081      48657842 
 1081      79746500 
 1082              	.LASF18:
 1083 0029 55415254 		.ascii	"UART_PutString\000"
 1083      5F507574 
 1083      53747269 
 1083      6E6700
 1084              	.LASF10:
 1085 0038 75696E74 		.ascii	"uint16\000"
 1085      313600
 1086              	.LASF9:
 1087 003f 75696E74 		.ascii	"uint8\000"
 1087      3800
 1088              	.LASF12:
 1089 0045 666C6F61 		.ascii	"float\000"
 1089      7400
 1090              	.LASF6:
 1091 004b 6C6F6E67 		.ascii	"long long int\000"
 1091      206C6F6E 
 1091      6720696E 
 1091      7400
 1092              	.LASF28:
 1093 0059 55415254 		.ascii	"UART_PutHexInt\000"
ARM GAS  C:\Users\Administrator\AppData\Local\Temp\cceBI3BL.s 			page 25


 1093      5F507574 
 1093      48657849 
 1093      6E7400
 1094              	.LASF4:
 1095 0068 6C6F6E67 		.ascii	"long int\000"
 1095      20696E74 
 1095      00
 1096              	.LASF20:
 1097 0071 73747269 		.ascii	"string\000"
 1097      6E6700
 1098              	.LASF35:
 1099 0078 47656E65 		.ascii	"Generated_Source\\PSoC4\\UART.c\000"
 1099      72617465 
 1099      645F536F 
 1099      75726365 
 1099      5C50536F 
 1100              	.LASF25:
 1101 0096 74784865 		.ascii	"txHexByte\000"
 1101      78427974 
 1101      6500
 1102              	.LASF1:
 1103 00a0 756E7369 		.ascii	"unsigned char\000"
 1103      676E6564 
 1103      20636861 
 1103      7200
 1104              	.LASF16:
 1105 00ae 73747269 		.ascii	"stringIndex\000"
 1105      6E67496E 
 1105      64657800 
 1106              	.LASF0:
 1107 00ba 7369676E 		.ascii	"signed char\000"
 1107      65642063 
 1107      68617200 
 1108              	.LASF31:
 1109 00c6 55415254 		.ascii	"UART_pinNumber\000"
 1109      5F70696E 
 1109      4E756D62 
 1109      657200
 1110              	.LASF7:
 1111 00d5 6C6F6E67 		.ascii	"long long unsigned int\000"
 1111      206C6F6E 
 1111      6720756E 
 1111      7369676E 
 1111      65642069 
 1112              	.LASF29:
 1113 00ec 74784865 		.ascii	"txHexInt\000"
 1113      78496E74 
 1113      00
 1114              	.LASF8:
 1115 00f5 756E7369 		.ascii	"unsigned int\000"
 1115      676E6564 
 1115      20696E74 
 1115      00
 1116              	.LASF26:
 1117 0102 55415254 		.ascii	"UART_hex\000"
 1117      5F686578 
 1117      00
ARM GAS  C:\Users\Administrator\AppData\Local\Temp\cceBI3BL.s 			page 26


 1118              	.LASF17:
 1119 010b 63757272 		.ascii	"current\000"
 1119      656E7400 
 1120              	.LASF3:
 1121 0113 73686F72 		.ascii	"short unsigned int\000"
 1121      7420756E 
 1121      7369676E 
 1121      65642069 
 1121      6E7400
 1122              	.LASF15:
 1123 0126 63686172 		.ascii	"char\000"
 1123      00
 1124              	.LASF33:
 1125 012b 55415254 		.ascii	"UART_pinDrAdress\000"
 1125      5F70696E 
 1125      44724164 
 1125      72657373 
 1125      00
 1126              	.LASF23:
 1127 013c 61727261 		.ascii	"arrayIndex\000"
 1127      79496E64 
 1127      657800
 1128              	.LASF11:
 1129 0147 75696E74 		.ascii	"uint32\000"
 1129      333200
 1130              	.LASF30:
 1131 014e 55415254 		.ascii	"UART_PutCRLF\000"
 1131      5F507574 
 1131      43524C46 
 1131      00
 1132              	.LASF5:
 1133 015b 6C6F6E67 		.ascii	"long unsigned int\000"
 1133      20756E73 
 1133      69676E65 
 1133      6420696E 
 1133      7400
 1134              	.LASF32:
 1135 016d 55415254 		.ascii	"UART_pinPortNumber\000"
 1135      5F70696E 
 1135      506F7274 
 1135      4E756D62 
 1135      657200
 1136              	.LASF13:
 1137 0180 646F7562 		.ascii	"double\000"
 1137      6C6500
 1138              	.LASF21:
 1139 0187 61727261 		.ascii	"array\000"
 1139      7900
 1140              	.LASF19:
 1141 018d 55415254 		.ascii	"UART_PutArray\000"
 1141      5F507574 
 1141      41727261 
 1141      7900
 1142              	.LASF22:
 1143 019b 62797465 		.ascii	"byteCount\000"
 1143      436F756E 
 1143      7400
ARM GAS  C:\Users\Administrator\AppData\Local\Temp\cceBI3BL.s 			page 27


 1144              	.LASF34:
 1145 01a5 474E5520 		.ascii	"GNU C11 5.4.1 20160609 (release) [ARM/embedded-5-br"
 1145      43313120 
 1145      352E342E 
 1145      31203230 
 1145      31363036 
 1146 01d8 616E6368 		.ascii	"anch revision 237715] -mcpu=cortex-m0 -mthumb -g -O"
 1146      20726576 
 1146      6973696F 
 1146      6E203233 
 1146      37373135 
 1147 020b 73202D66 		.ascii	"s -ffunction-sections -ffat-lto-objects\000"
 1147      66756E63 
 1147      74696F6E 
 1147      2D736563 
 1147      74696F6E 
 1148              	.LASF37:
 1149 0233 55415254 		.ascii	"UART_Stop\000"
 1149      5F53746F 
 1149      7000
 1150              	.LASF36:
 1151 023d 473A5C50 		.ascii	"G:\\Psoc4_prj\\7.rental_house\\18-04-11\\second_ima"
 1151      736F6334 
 1151      5F70726A 
 1151      5C372E72 
 1151      656E7461 
 1152 026c 6765735B 		.ascii	"ges[4-9]\\EntranceGuard_171019-12.50\\BLE_OTA_Exter"
 1152      342D395D 
 1152      5C456E74 
 1152      72616E63 
 1152      65477561 
 1153 029d 6E616C5F 		.ascii	"nal_Memory_Bootloader01.cydsn\000"
 1153      4D656D6F 
 1153      72795F42 
 1153      6F6F746C 
 1153      6F616465 
 1154              	.LASF38:
 1155 02bb 55415254 		.ascii	"UART_PutChar\000"
 1155      5F507574 
 1155      43686172 
 1155      00
 1156              		.ident	"GCC: (GNU Tools for ARM Embedded Processors) 5.4.1 20160609 (release) [ARM/embedded-5-bran
