ARM GAS  C:\Users\Administrator\AppData\Local\Temp\ccR7a92V.s 			page 1


   1              		.syntax unified
   2              		.cpu cortex-m0
   3              		.fpu softvfp
   4              		.eabi_attribute 20, 1
   5              		.eabi_attribute 21, 1
   6              		.eabi_attribute 23, 3
   7              		.eabi_attribute 24, 1
   8              		.eabi_attribute 25, 1
   9              		.eabi_attribute 26, 1
  10              		.eabi_attribute 30, 4
  11              		.eabi_attribute 34, 0
  12              		.eabi_attribute 18, 4
  13              		.thumb
  14              		.syntax unified
  15              		.file	"Bluetooth.c"
  16              		.text
  17              	.Ltext0:
  18              		.cfi_sections	.debug_frame
  19              		.section	.text.BleSend,"ax",%progbits
  20              		.align	1
  21              		.global	BleSend
  22              		.code	16
  23              		.thumb_func
  24              		.type	BleSend, %function
  25              	BleSend:
  26              	.LFB63:
  27              		.file 1 "Code\\Device\\BLE\\Bluetooth.c"
   1:Code\Device\BLE/Bluetooth.c **** //*************************************************************************************************
   2:Code\Device\BLE/Bluetooth.c **** // File name		: Bluetooth.c
   3:Code\Device\BLE/Bluetooth.c **** // Description		: 蓝牙接收发送的相关函数
   4:Code\Device\BLE/Bluetooth.c **** // Author			: Keno
   5:Code\Device\BLE/Bluetooth.c **** // Date				: 2016.8.8
   6:Code\Device\BLE/Bluetooth.c **** // Version			: V02
   7:Code\Device\BLE/Bluetooth.c **** //-------------------------------------------------------------------------------------------------
   8:Code\Device\BLE/Bluetooth.c **** // Info				: 
   9:Code\Device\BLE/Bluetooth.c **** //*************************************************************************************************
  10:Code\Device\BLE/Bluetooth.c **** #include "Bluetooth.h"
  11:Code\Device\BLE/Bluetooth.c **** 
  12:Code\Device\BLE/Bluetooth.c **** 
  13:Code\Device\BLE/Bluetooth.c **** 
  14:Code\Device\BLE/Bluetooth.c **** //*************************************************************************************************
  15:Code\Device\BLE/Bluetooth.c **** // Function name	: Protocol_BleSend
  16:Code\Device\BLE/Bluetooth.c **** // Description		: 蓝牙发送指定长度的数据包
  17:Code\Device\BLE/Bluetooth.c **** // Parameter		: data		: 数据
  18:Code\Device\BLE/Bluetooth.c **** //					: length	: 长度
  19:Code\Device\BLE/Bluetooth.c **** // Return			: none
  20:Code\Device\BLE/Bluetooth.c **** //-------------------------------------------------------------------------------------------------
  21:Code\Device\BLE/Bluetooth.c **** // Info				: 
  22:Code\Device\BLE/Bluetooth.c **** //*************************************************************************************************
  23:Code\Device\BLE/Bluetooth.c **** int BleSend(uint8 *data, uint16 length)
  24:Code\Device\BLE/Bluetooth.c **** {	
  28              		.loc 1 24 0
  29              		.cfi_startproc
  30              		@ args = 0, pretend = 0, frame = 16
  31              		@ frame_needed = 0, uses_anonymous_args = 0
  32              	.LVL0:
  33 0000 F0B5     		push	{r4, r5, r6, r7, lr}
ARM GAS  C:\Users\Administrator\AppData\Local\Temp\ccR7a92V.s 			page 2


  34              		.cfi_def_cfa_offset 20
  35              		.cfi_offset 4, -20
  36              		.cfi_offset 5, -16
  37              		.cfi_offset 6, -12
  38              		.cfi_offset 7, -8
  39              		.cfi_offset 14, -4
  40 0002 0500     		movs	r5, r0
  41              	.LVL1:
  42 0004 0C00     		movs	r4, r1
  43              	.LVL2:
  25:Code\Device\BLE/Bluetooth.c **** 	uint8 *ptr = data;
  26:Code\Device\BLE/Bluetooth.c **** 	uint16 sign_len = (uint16)length;				// 整个包的长度										//
  27:Code\Device\BLE/Bluetooth.c **** 	uint16 active_len = 0;							// 单次需要发送的数据长度，不大于CYBLE_MTU_LEN(20)	//
  28:Code\Device\BLE/Bluetooth.c **** 	CYBLE_API_RESULT_T ret = CYBLE_ERROR_OK;
  29:Code\Device\BLE/Bluetooth.c **** 	CYBLE_GATTS_HANDLE_VALUE_IND_T locationParam;   // 蓝牙传输数据格式包								//
  30:Code\Device\BLE/Bluetooth.c **** 	
  31:Code\Device\BLE/Bluetooth.c **** 	while (sign_len > 0) 
  32:Code\Device\BLE/Bluetooth.c **** 	{
  33:Code\Device\BLE/Bluetooth.c **** 		// 获取当前序包的包长度																			//
  34:Code\Device\BLE/Bluetooth.c **** 		active_len = sign_len > CYBLE_MTU_LEN? CYBLE_MTU_LEN: sign_len;	
  35:Code\Device\BLE/Bluetooth.c **** 		
  36:Code\Device\BLE/Bluetooth.c **** 		// 填充需要传送的数据       																	//
  37:Code\Device\BLE/Bluetooth.c **** 	    locationParam.attrHandle = CYBLE_LOCK_SERVICE_UP_CHARACTERISTIC_CHAR_HANDLE;
  44              		.loc 1 37 0
  45 0006 1027     		movs	r7, #16
  24:Code\Device\BLE/Bluetooth.c **** 	uint8 *ptr = data;
  46              		.loc 1 24 0
  47 0008 85B0     		sub	sp, sp, #20
  48              		.cfi_def_cfa_offset 40
  49              	.LVL3:
  50              	.L2:
  31:Code\Device\BLE/Bluetooth.c **** 	{
  51              		.loc 1 31 0
  52 000a 002C     		cmp	r4, #0
  53 000c 16D0     		beq	.L7
  34:Code\Device\BLE/Bluetooth.c **** 		
  54              		.loc 1 34 0
  55 000e 231C     		adds	r3, r4, #0
  56 0010 142C     		cmp	r4, #20
  57 0012 00D9     		bls	.L3
  58 0014 1423     		movs	r3, #20
  59              	.L3:
  38:Code\Device\BLE/Bluetooth.c **** 	    locationParam.value.actualLen = active_len;
  39:Code\Device\BLE/Bluetooth.c **** 	    locationParam.value.len = active_len;
  40:Code\Device\BLE/Bluetooth.c **** 	    locationParam.value.val = ptr;
  41:Code\Device\BLE/Bluetooth.c **** 		ret = CyBle_GattsNotification(cyBle_connHandle,&locationParam);
  60              		.loc 1 41 0
  61 0016 0B4A     		ldr	r2, .L8
  37:Code\Device\BLE/Bluetooth.c **** 	    locationParam.value.actualLen = active_len;
  62              		.loc 1 37 0
  63 0018 01A9     		add	r1, sp, #4
  64              		.loc 1 41 0
  65 001a 5078     		ldrb	r0, [r2, #1]
  34:Code\Device\BLE/Bluetooth.c **** 		
  66              		.loc 1 34 0
  67 001c 9EB2     		uxth	r6, r3
  68              	.LVL4:
ARM GAS  C:\Users\Administrator\AppData\Local\Temp\ccR7a92V.s 			page 3


  38:Code\Device\BLE/Bluetooth.c **** 	    locationParam.value.actualLen = active_len;
  69              		.loc 1 38 0
  70 001e CB80     		strh	r3, [r1, #6]
  39:Code\Device\BLE/Bluetooth.c **** 	    locationParam.value.val = ptr;
  71              		.loc 1 39 0
  72 0020 8B80     		strh	r3, [r1, #4]
  73              		.loc 1 41 0
  74 0022 1378     		ldrb	r3, [r2]
  75              	.LVL5:
  76 0024 0002     		lsls	r0, r0, #8
  77 0026 1843     		orrs	r0, r3
  37:Code\Device\BLE/Bluetooth.c **** 	    locationParam.value.actualLen = active_len;
  78              		.loc 1 37 0
  79 0028 0F81     		strh	r7, [r1, #8]
  40:Code\Device\BLE/Bluetooth.c **** 		ret = CyBle_GattsNotification(cyBle_connHandle,&locationParam);
  80              		.loc 1 40 0
  81 002a 0195     		str	r5, [sp, #4]
  82              		.loc 1 41 0
  83 002c FFF7FEFF 		bl	CyBle_GattsNotification
  84              	.LVL6:
  42:Code\Device\BLE/Bluetooth.c **** 		
  43:Code\Device\BLE/Bluetooth.c **** 		if (ret != CYBLE_ERROR_OK)
  85              		.loc 1 43 0
  86 0030 0028     		cmp	r0, #0
  87 0032 04D1     		bne	.L4
  44:Code\Device\BLE/Bluetooth.c **** 		{
  45:Code\Device\BLE/Bluetooth.c **** 			DBG_PRINTF("AppProtocol_Send--->send error\n");
  46:Code\Device\BLE/Bluetooth.c **** 			break;
  47:Code\Device\BLE/Bluetooth.c **** 		}
  48:Code\Device\BLE/Bluetooth.c **** 		
  49:Code\Device\BLE/Bluetooth.c **** 		sign_len -= active_len;						// 发完一次，总长度减去一个包的长度					//
  88              		.loc 1 49 0
  89 0034 A41B     		subs	r4, r4, r6
  90              	.LVL7:
  91 0036 A4B2     		uxth	r4, r4
  92              	.LVL8:
  50:Code\Device\BLE/Bluetooth.c **** 		ptr += active_len;							// 发完一次，数据指针往前移动一个包的长度			//
  93              		.loc 1 50 0
  94 0038 AD19     		adds	r5, r5, r6
  95              	.LVL9:
  96 003a E6E7     		b	.L2
  97              	.LVL10:
  98              	.L7:
  99 003c 2000     		movs	r0, r4
 100              	.LVL11:
 101              	.L4:
  51:Code\Device\BLE/Bluetooth.c **** 	}
  52:Code\Device\BLE/Bluetooth.c **** 
  53:Code\Device\BLE/Bluetooth.c **** 	DBG_PRINTF("AppProtocol_Send--->sent finish.\n");
  54:Code\Device\BLE/Bluetooth.c **** 	return ret;
  55:Code\Device\BLE/Bluetooth.c **** }
 102              		.loc 1 55 0
 103 003e 05B0     		add	sp, sp, #20
 104              		@ sp needed
 105              	.LVL12:
 106              	.LVL13:
 107 0040 F0BD     		pop	{r4, r5, r6, r7, pc}
ARM GAS  C:\Users\Administrator\AppData\Local\Temp\ccR7a92V.s 			page 4


 108              	.L9:
 109 0042 C046     		.align	2
 110              	.L8:
 111 0044 00000000 		.word	cyBle_connHandle
 112              		.cfi_endproc
 113              	.LFE63:
 114              		.size	BleSend, .-BleSend
 115              		.section	.text.BleRecv,"ax",%progbits
 116              		.align	1
 117              		.global	BleRecv
 118              		.code	16
 119              		.thumb_func
 120              		.type	BleRecv, %function
 121              	BleRecv:
 122              	.LFB64:
  56:Code\Device\BLE/Bluetooth.c **** 
  57:Code\Device\BLE/Bluetooth.c **** //*************************************************************************************************
  58:Code\Device\BLE/Bluetooth.c **** // Function name	: BleRecv
  59:Code\Device\BLE/Bluetooth.c **** // Description		: 蓝牙分组接收APP传来数据并组合成完整命令包
  60:Code\Device\BLE/Bluetooth.c **** // Parameter		: uint8  *cmd	APP传来的数据存放于该数组
  61:Code\Device\BLE/Bluetooth.c **** //					: uint16 len	长度
  62:Code\Device\BLE/Bluetooth.c **** // Return			: always TRUE
  63:Code\Device\BLE/Bluetooth.c **** //-------------------------------------------------------------------------------------------------
  64:Code\Device\BLE/Bluetooth.c **** // Info				: 
  65:Code\Device\BLE/Bluetooth.c **** //*************************************************************************************************
  66:Code\Device\BLE/Bluetooth.c **** uint8 BleRecv(uint8 *cmd, uint16 len)
  67:Code\Device\BLE/Bluetooth.c **** {
 123              		.loc 1 67 0
 124              		.cfi_startproc
 125              		@ args = 0, pretend = 0, frame = 0
 126              		@ frame_needed = 0, uses_anonymous_args = 0
 127              	.LVL14:
 128 0000 F8B5     		push	{r3, r4, r5, r6, r7, lr}
 129              		.cfi_def_cfa_offset 24
 130              		.cfi_offset 3, -24
 131              		.cfi_offset 4, -20
 132              		.cfi_offset 5, -16
 133              		.cfi_offset 6, -12
 134              		.cfi_offset 7, -8
 135              		.cfi_offset 14, -4
  68:Code\Device\BLE/Bluetooth.c **** 	DBG_PRINTF("%s\n", __FUNCTION__);
  69:Code\Device\BLE/Bluetooth.c **** 	
  70:Code\Device\BLE/Bluetooth.c **** 	if (CurrentDataNum == 0)
 136              		.loc 1 70 0
 137 0002 194D     		ldr	r5, .L17
  67:Code\Device\BLE/Bluetooth.c **** 	DBG_PRINTF("%s\n", __FUNCTION__);
 138              		.loc 1 67 0
 139 0004 0600     		movs	r6, r0
 140              		.loc 1 70 0
 141 0006 2F78     		ldrb	r7, [r5]
  67:Code\Device\BLE/Bluetooth.c **** 	DBG_PRINTF("%s\n", __FUNCTION__);
 142              		.loc 1 67 0
 143 0008 0C00     		movs	r4, r1
 144              		.loc 1 70 0
 145 000a 002F     		cmp	r7, #0
 146 000c 1ED1     		bne	.L11
  71:Code\Device\BLE/Bluetooth.c **** 	{
ARM GAS  C:\Users\Administrator\AppData\Local\Temp\ccR7a92V.s 			page 5


  72:Code\Device\BLE/Bluetooth.c **** 		if ((cmd[0] != HEAD_BYTE1) || (cmd[1] != HEAD_BYTE2))
 147              		.loc 1 72 0
 148 000e 0378     		ldrb	r3, [r0]
 149 0010 EF2B     		cmp	r3, #239
 150 0012 27D1     		bne	.L13
 151              		.loc 1 72 0 is_stmt 0 discriminator 1
 152 0014 4378     		ldrb	r3, [r0, #1]
 153 0016 3A2B     		cmp	r3, #58
 154 0018 24D1     		bne	.L13
  73:Code\Device\BLE/Bluetooth.c **** 		{
  74:Code\Device\BLE/Bluetooth.c **** 			return TRUE;
  75:Code\Device\BLE/Bluetooth.c **** 		}
  76:Code\Device\BLE/Bluetooth.c **** 		else
  77:Code\Device\BLE/Bluetooth.c **** 		{
  78:Code\Device\BLE/Bluetooth.c **** 			memcpy(BleCmdBuf, cmd, len);
 155              		.loc 1 78 0 is_stmt 1
 156 001a 0A00     		movs	r2, r1
 157 001c 0100     		movs	r1, r0
 158              	.LVL15:
 159 001e 1348     		ldr	r0, .L17+4
 160              	.LVL16:
 161 0020 FFF7FEFF 		bl	memcpy
 162              	.LVL17:
  79:Code\Device\BLE/Bluetooth.c **** 			CurrentDataNum = len;
  80:Code\Device\BLE/Bluetooth.c **** 			CurrentCommandPktTotalSize = (cmd[2] << 8) + cmd[3] + 4;
 163              		.loc 1 80 0
 164 0024 B378     		ldrb	r3, [r6, #2]
 165 0026 F278     		ldrb	r2, [r6, #3]
 166 0028 1B02     		lsls	r3, r3, #8
 167 002a 0432     		adds	r2, r2, #4
 168 002c 9B18     		adds	r3, r3, r2
 169 002e 104A     		ldr	r2, .L17+8
 170 0030 9BB2     		uxth	r3, r3
  79:Code\Device\BLE/Bluetooth.c **** 			CurrentDataNum = len;
 171              		.loc 1 79 0
 172 0032 2C70     		strb	r4, [r5]
 173              		.loc 1 80 0
 174 0034 1380     		strh	r3, [r2]
  81:Code\Device\BLE/Bluetooth.c ****             if(CurrentDataNum < CurrentCommandPktTotalSize)
 175              		.loc 1 81 0
 176 0036 E4B2     		uxtb	r4, r4
 177              	.L16:
 178 0038 A342     		cmp	r3, r4
 179 003a 13D8     		bhi	.L13
  82:Code\Device\BLE/Bluetooth.c ****             {
  83:Code\Device\BLE/Bluetooth.c ****                 return TRUE;
  84:Code\Device\BLE/Bluetooth.c ****             }
  85:Code\Device\BLE/Bluetooth.c ****             else
  86:Code\Device\BLE/Bluetooth.c ****             {
  87:Code\Device\BLE/Bluetooth.c ****                 CurrentDataNum = 0;
 180              		.loc 1 87 0
 181 003c 0023     		movs	r3, #0
  88:Code\Device\BLE/Bluetooth.c ****                 CurrentCommandPktTotalSize = 0;
 182              		.loc 1 88 0
 183 003e 0C4A     		ldr	r2, .L17+8
  87:Code\Device\BLE/Bluetooth.c ****                 CurrentCommandPktTotalSize = 0;
 184              		.loc 1 87 0
ARM GAS  C:\Users\Administrator\AppData\Local\Temp\ccR7a92V.s 			page 6


 185 0040 2B70     		strb	r3, [r5]
 186              		.loc 1 88 0
 187 0042 1380     		strh	r3, [r2]
  89:Code\Device\BLE/Bluetooth.c ****                 BleCmdValidFlag = 1;
 188              		.loc 1 89 0
 189 0044 0122     		movs	r2, #1
 190 0046 0B4B     		ldr	r3, .L17+12
 191 0048 1A70     		strb	r2, [r3]
  90:Code\Device\BLE/Bluetooth.c ****                 return TRUE;
 192              		.loc 1 90 0
 193 004a 0BE0     		b	.L13
 194              	.LVL18:
 195              	.L11:
  91:Code\Device\BLE/Bluetooth.c ****             }
  92:Code\Device\BLE/Bluetooth.c **** 		}
  93:Code\Device\BLE/Bluetooth.c **** 	}
  94:Code\Device\BLE/Bluetooth.c **** 	else
  95:Code\Device\BLE/Bluetooth.c **** 	{
  96:Code\Device\BLE/Bluetooth.c **** 		memcpy(BleCmdBuf + CurrentDataNum, cmd, len);
 196              		.loc 1 96 0
 197 004c 0748     		ldr	r0, .L17+4
 198              	.LVL19:
 199 004e 0A00     		movs	r2, r1
 200 0050 3818     		adds	r0, r7, r0
 201 0052 3100     		movs	r1, r6
 202              	.LVL20:
 203 0054 FFF7FEFF 		bl	memcpy
 204              	.LVL21:
  97:Code\Device\BLE/Bluetooth.c **** 		CurrentDataNum += len;
 205              		.loc 1 97 0
 206 0058 3C19     		adds	r4, r7, r4
  98:Code\Device\BLE/Bluetooth.c **** 		if (CurrentDataNum < CurrentCommandPktTotalSize)
 207              		.loc 1 98 0
 208 005a 054B     		ldr	r3, .L17+8
  97:Code\Device\BLE/Bluetooth.c **** 		CurrentDataNum += len;
 209              		.loc 1 97 0
 210 005c E4B2     		uxtb	r4, r4
 211 005e 2C70     		strb	r4, [r5]
 212              		.loc 1 98 0
 213 0060 1B88     		ldrh	r3, [r3]
 214 0062 E9E7     		b	.L16
 215              	.L13:
  99:Code\Device\BLE/Bluetooth.c **** 		{
 100:Code\Device\BLE/Bluetooth.c **** 			return TRUE;
 101:Code\Device\BLE/Bluetooth.c **** 		}
 102:Code\Device\BLE/Bluetooth.c **** 		else
 103:Code\Device\BLE/Bluetooth.c **** 		{
 104:Code\Device\BLE/Bluetooth.c **** 			CurrentDataNum = 0;
 105:Code\Device\BLE/Bluetooth.c **** 			CurrentCommandPktTotalSize = 0;
 106:Code\Device\BLE/Bluetooth.c **** 			BleCmdValidFlag = 1;
 107:Code\Device\BLE/Bluetooth.c **** 			return TRUE;
 108:Code\Device\BLE/Bluetooth.c **** 		}
 109:Code\Device\BLE/Bluetooth.c **** 	}
 110:Code\Device\BLE/Bluetooth.c **** }
 216              		.loc 1 110 0
 217 0064 0120     		movs	r0, #1
 218              		@ sp needed
ARM GAS  C:\Users\Administrator\AppData\Local\Temp\ccR7a92V.s 			page 7


 219              	.LVL22:
 220 0066 F8BD     		pop	{r3, r4, r5, r6, r7, pc}
 221              	.L18:
 222              		.align	2
 223              	.L17:
 224 0068 00000000 		.word	CurrentDataNum
 225 006c 00000000 		.word	BleCmdBuf
 226 0070 00000000 		.word	CurrentCommandPktTotalSize
 227 0074 00000000 		.word	BleCmdValidFlag
 228              		.cfi_endproc
 229              	.LFE64:
 230              		.size	BleRecv, .-BleRecv
 231              		.comm	ADCResultCenter,1,1
 232              		.text
 233              	.Letext0:
 234              		.file 2 "c:\\program files (x86)\\cypress\\psoc creator\\4.1\\psoc creator\\import\\gnu\\arm\\5.4.
 235              		.file 3 "c:\\program files (x86)\\cypress\\psoc creator\\4.1\\psoc creator\\import\\gnu\\arm\\5.4.
 236              		.file 4 "Generated_Source\\PSoC4/cytypes.h"
 237              		.file 5 "./OTAMandatory.h"
 238              		.file 6 "Generated_Source\\PSoC4/RTC.h"
 239              		.file 7 ".\\Code\\Device\\FM175XX\\LPCD/lpcd_api.h"
 240              		.file 8 "Code\\Device\\BLE\\Bluetooth.h"
 241              		.section	.debug_info,"",%progbits
 242              	.Ldebug_info0:
 243 0000 49040000 		.4byte	0x449
 244 0004 0400     		.2byte	0x4
 245 0006 00000000 		.4byte	.Ldebug_abbrev0
 246 000a 04       		.byte	0x4
 247 000b 01       		.uleb128 0x1
 248 000c 51080000 		.4byte	.LASF93
 249 0010 0C       		.byte	0xc
 250 0011 1C080000 		.4byte	.LASF94
 251 0015 4B070000 		.4byte	.LASF95
 252 0019 00000000 		.4byte	.Ldebug_ranges0+0
 253 001d 00000000 		.4byte	0
 254 0021 00000000 		.4byte	.Ldebug_line0
 255 0025 02       		.uleb128 0x2
 256 0026 01       		.byte	0x1
 257 0027 06       		.byte	0x6
 258 0028 52040000 		.4byte	.LASF0
 259 002c 03       		.uleb128 0x3
 260 002d 91030000 		.4byte	.LASF9
 261 0031 02       		.byte	0x2
 262 0032 1D       		.byte	0x1d
 263 0033 37000000 		.4byte	0x37
 264 0037 02       		.uleb128 0x2
 265 0038 01       		.byte	0x1
 266 0039 08       		.byte	0x8
 267 003a 20040000 		.4byte	.LASF1
 268 003e 02       		.uleb128 0x2
 269 003f 02       		.byte	0x2
 270 0040 05       		.byte	0x5
 271 0041 0F010000 		.4byte	.LASF2
 272 0045 02       		.uleb128 0x2
 273 0046 02       		.byte	0x2
 274 0047 07       		.byte	0x7
 275 0048 27050000 		.4byte	.LASF3
ARM GAS  C:\Users\Administrator\AppData\Local\Temp\ccR7a92V.s 			page 8


 276 004c 02       		.uleb128 0x2
 277 004d 04       		.byte	0x4
 278 004e 05       		.byte	0x5
 279 004f 45030000 		.4byte	.LASF4
 280 0053 02       		.uleb128 0x2
 281 0054 04       		.byte	0x4
 282 0055 07       		.byte	0x7
 283 0056 B9060000 		.4byte	.LASF5
 284 005a 02       		.uleb128 0x2
 285 005b 08       		.byte	0x8
 286 005c 05       		.byte	0x5
 287 005d 17030000 		.4byte	.LASF6
 288 0061 02       		.uleb128 0x2
 289 0062 08       		.byte	0x8
 290 0063 07       		.byte	0x7
 291 0064 5E040000 		.4byte	.LASF7
 292 0068 04       		.uleb128 0x4
 293 0069 04       		.byte	0x4
 294 006a 05       		.byte	0x5
 295 006b 696E7400 		.ascii	"int\000"
 296 006f 02       		.uleb128 0x2
 297 0070 04       		.byte	0x4
 298 0071 07       		.byte	0x7
 299 0072 A1040000 		.4byte	.LASF8
 300 0076 03       		.uleb128 0x3
 301 0077 50020000 		.4byte	.LASF10
 302 007b 03       		.byte	0x3
 303 007c 18       		.byte	0x18
 304 007d 2C000000 		.4byte	0x2c
 305 0081 05       		.uleb128 0x5
 306 0082 58020000 		.4byte	.LASF11
 307 0086 04       		.byte	0x4
 308 0087 D201     		.2byte	0x1d2
 309 0089 37000000 		.4byte	0x37
 310 008d 05       		.uleb128 0x5
 311 008e 46060000 		.4byte	.LASF12
 312 0092 04       		.byte	0x4
 313 0093 D301     		.2byte	0x1d3
 314 0095 45000000 		.4byte	0x45
 315 0099 02       		.uleb128 0x2
 316 009a 04       		.byte	0x4
 317 009b 04       		.byte	0x4
 318 009c 11030000 		.4byte	.LASF13
 319 00a0 02       		.uleb128 0x2
 320 00a1 08       		.byte	0x8
 321 00a2 04       		.byte	0x4
 322 00a3 D6060000 		.4byte	.LASF14
 323 00a7 02       		.uleb128 0x2
 324 00a8 01       		.byte	0x1
 325 00a9 08       		.byte	0x8
 326 00aa 86050000 		.4byte	.LASF15
 327 00ae 02       		.uleb128 0x2
 328 00af 08       		.byte	0x8
 329 00b0 04       		.byte	0x4
 330 00b1 F7030000 		.4byte	.LASF16
 331 00b5 02       		.uleb128 0x2
 332 00b6 04       		.byte	0x4
ARM GAS  C:\Users\Administrator\AppData\Local\Temp\ccR7a92V.s 			page 9


 333 00b7 07       		.byte	0x7
 334 00b8 19010000 		.4byte	.LASF17
 335 00bc 06       		.uleb128 0x6
 336 00bd 04       		.byte	0x4
 337 00be 81000000 		.4byte	0x81
 338 00c2 07       		.uleb128 0x7
 339 00c3 08       		.byte	0x8
 340 00c4 05       		.byte	0x5
 341 00c5 32       		.byte	0x32
 342 00c6 EF000000 		.4byte	0xef
 343 00ca 08       		.uleb128 0x8
 344 00cb 76616C00 		.ascii	"val\000"
 345 00cf 05       		.byte	0x5
 346 00d0 35       		.byte	0x35
 347 00d1 BC000000 		.4byte	0xbc
 348 00d5 00       		.byte	0
 349 00d6 08       		.uleb128 0x8
 350 00d7 6C656E00 		.ascii	"len\000"
 351 00db 05       		.byte	0x5
 352 00dc 38       		.byte	0x38
 353 00dd 8D000000 		.4byte	0x8d
 354 00e1 04       		.byte	0x4
 355 00e2 09       		.uleb128 0x9
 356 00e3 5B090000 		.4byte	.LASF18
 357 00e7 05       		.byte	0x5
 358 00e8 3C       		.byte	0x3c
 359 00e9 8D000000 		.4byte	0x8d
 360 00ed 06       		.byte	0x6
 361 00ee 00       		.byte	0
 362 00ef 03       		.uleb128 0x3
 363 00f0 A1050000 		.4byte	.LASF19
 364 00f4 05       		.byte	0x5
 365 00f5 3E       		.byte	0x3e
 366 00f6 C2000000 		.4byte	0xc2
 367 00fa 0A       		.uleb128 0xa
 368 00fb 02       		.byte	0x2
 369 00fc 45000000 		.4byte	0x45
 370 0100 05       		.byte	0x5
 371 0101 42       		.byte	0x42
 372 0102 3A020000 		.4byte	0x23a
 373 0106 0B       		.uleb128 0xb
 374 0107 22010000 		.4byte	.LASF20
 375 010b 00       		.byte	0
 376 010c 0B       		.uleb128 0xb
 377 010d E0010000 		.4byte	.LASF21
 378 0111 01       		.byte	0x1
 379 0112 0B       		.uleb128 0xb
 380 0113 32020000 		.4byte	.LASF22
 381 0117 02       		.byte	0x2
 382 0118 0B       		.uleb128 0xb
 383 0119 11060000 		.4byte	.LASF23
 384 011d 03       		.byte	0x3
 385 011e 0B       		.uleb128 0xb
 386 011f EE020000 		.4byte	.LASF24
 387 0123 04       		.byte	0x4
 388 0124 0B       		.uleb128 0xb
 389 0125 FE010000 		.4byte	.LASF25
ARM GAS  C:\Users\Administrator\AppData\Local\Temp\ccR7a92V.s 			page 10


 390 0129 05       		.byte	0x5
 391 012a 0B       		.uleb128 0xb
 392 012b 4E030000 		.4byte	.LASF26
 393 012f 06       		.byte	0x6
 394 0130 0B       		.uleb128 0xb
 395 0131 03040000 		.4byte	.LASF27
 396 0135 07       		.byte	0x7
 397 0136 0B       		.uleb128 0xb
 398 0137 9B030000 		.4byte	.LASF28
 399 013b 08       		.byte	0x8
 400 013c 0B       		.uleb128 0xb
 401 013d 8C040000 		.4byte	.LASF29
 402 0141 09       		.byte	0x9
 403 0142 0B       		.uleb128 0xb
 404 0143 4E000000 		.4byte	.LASF30
 405 0147 0A       		.byte	0xa
 406 0148 0B       		.uleb128 0xb
 407 0149 25030000 		.4byte	.LASF31
 408 014d 0B       		.byte	0xb
 409 014e 0B       		.uleb128 0xb
 410 014f 75040000 		.4byte	.LASF32
 411 0153 0C       		.byte	0xc
 412 0154 0B       		.uleb128 0xb
 413 0155 D9040000 		.4byte	.LASF33
 414 0159 0D       		.byte	0xd
 415 015a 0B       		.uleb128 0xb
 416 015b 25000000 		.4byte	.LASF34
 417 015f 0E       		.byte	0xe
 418 0160 0B       		.uleb128 0xb
 419 0161 00000000 		.4byte	.LASF35
 420 0165 0F       		.byte	0xf
 421 0166 0B       		.uleb128 0xb
 422 0167 65090000 		.4byte	.LASF36
 423 016b 10       		.byte	0x10
 424 016c 0B       		.uleb128 0xb
 425 016d 62050000 		.4byte	.LASF37
 426 0171 11       		.byte	0x11
 427 0172 0B       		.uleb128 0xb
 428 0173 B4050000 		.4byte	.LASF38
 429 0177 12       		.byte	0x12
 430 0178 0B       		.uleb128 0xb
 431 0179 9E070000 		.4byte	.LASF39
 432 017d 13       		.byte	0x13
 433 017e 0B       		.uleb128 0xb
 434 017f B9030000 		.4byte	.LASF40
 435 0183 14       		.byte	0x14
 436 0184 0B       		.uleb128 0xb
 437 0185 BE000000 		.4byte	.LASF41
 438 0189 15       		.byte	0x15
 439 018a 0B       		.uleb128 0xb
 440 018b AE040000 		.4byte	.LASF42
 441 018f 16       		.byte	0x16
 442 0190 0B       		.uleb128 0xb
 443 0191 68000000 		.4byte	.LASF43
 444 0195 17       		.byte	0x17
 445 0196 0B       		.uleb128 0xb
 446 0197 ED070000 		.4byte	.LASF44
ARM GAS  C:\Users\Administrator\AppData\Local\Temp\ccR7a92V.s 			page 11


 447 019b 18       		.byte	0x18
 448 019c 0B       		.uleb128 0xb
 449 019d DC090000 		.4byte	.LASF45
 450 01a1 19       		.byte	0x19
 451 01a2 0B       		.uleb128 0xb
 452 01a3 F4080000 		.4byte	.LASF46
 453 01a7 1A       		.byte	0x1a
 454 01a8 0B       		.uleb128 0xb
 455 01a9 3A050000 		.4byte	.LASF47
 456 01ad 1B       		.byte	0x1b
 457 01ae 0B       		.uleb128 0xb
 458 01af D9050000 		.4byte	.LASF48
 459 01b3 1C       		.byte	0x1c
 460 01b4 0B       		.uleb128 0xb
 461 01b5 4D060000 		.4byte	.LASF49
 462 01b9 1D       		.byte	0x1d
 463 01ba 0B       		.uleb128 0xb
 464 01bb 68030000 		.4byte	.LASF50
 465 01bf 1E       		.byte	0x1e
 466 01c0 0B       		.uleb128 0xb
 467 01c1 F0060000 		.4byte	.LASF51
 468 01c5 1F       		.byte	0x1f
 469 01c6 0B       		.uleb128 0xb
 470 01c7 94000000 		.4byte	.LASF52
 471 01cb 20       		.byte	0x20
 472 01cc 0B       		.uleb128 0xb
 473 01cd B0020000 		.4byte	.LASF53
 474 01d1 21       		.byte	0x21
 475 01d2 0B       		.uleb128 0xb
 476 01d3 31010000 		.4byte	.LASF54
 477 01d7 22       		.byte	0x22
 478 01d8 0B       		.uleb128 0xb
 479 01d9 93090000 		.4byte	.LASF55
 480 01dd 23       		.byte	0x23
 481 01de 0B       		.uleb128 0xb
 482 01df 8F060000 		.4byte	.LASF56
 483 01e3 24       		.byte	0x24
 484 01e4 0B       		.uleb128 0xb
 485 01e5 5E020000 		.4byte	.LASF57
 486 01e9 25       		.byte	0x25
 487 01ea 0B       		.uleb128 0xb
 488 01eb C1070000 		.4byte	.LASF58
 489 01ef 26       		.byte	0x26
 490 01f0 0B       		.uleb128 0xb
 491 01f1 A2010000 		.4byte	.LASF59
 492 01f5 27       		.byte	0x27
 493 01f6 0B       		.uleb128 0xb
 494 01f7 56010000 		.4byte	.LASF60
 495 01fb 28       		.byte	0x28
 496 01fc 0B       		.uleb128 0xb
 497 01fd C4010000 		.4byte	.LASF61
 498 0201 29       		.byte	0x29
 499 0202 0B       		.uleb128 0xb
 500 0203 19090000 		.4byte	.LASF62
 501 0207 FF       		.byte	0xff
 502 0208 0C       		.uleb128 0xc
 503 0209 DF080000 		.4byte	.LASF63
ARM GAS  C:\Users\Administrator\AppData\Local\Temp\ccR7a92V.s 			page 12


 504 020d 0001     		.2byte	0x100
 505 020f 0C       		.uleb128 0xc
 506 0210 3D040000 		.4byte	.LASF64
 507 0214 0101     		.2byte	0x101
 508 0216 0C       		.uleb128 0xc
 509 0217 8B050000 		.4byte	.LASF65
 510 021b 0201     		.2byte	0x102
 511 021d 0C       		.uleb128 0xc
 512 021e 38080000 		.4byte	.LASF66
 513 0222 0301     		.2byte	0x103
 514 0224 0C       		.uleb128 0xc
 515 0225 BB090000 		.4byte	.LASF67
 516 0229 0401     		.2byte	0x104
 517 022b 0C       		.uleb128 0xc
 518 022c 04050000 		.4byte	.LASF68
 519 0230 0501     		.2byte	0x105
 520 0232 0C       		.uleb128 0xc
 521 0233 29090000 		.4byte	.LASF69
 522 0237 0601     		.2byte	0x106
 523 0239 00       		.byte	0
 524 023a 03       		.uleb128 0x3
 525 023b DD060000 		.4byte	.LASF70
 526 023f 05       		.byte	0x5
 527 0240 D4       		.byte	0xd4
 528 0241 FA000000 		.4byte	0xfa
 529 0245 0D       		.uleb128 0xd
 530 0246 02       		.byte	0x2
 531 0247 05       		.byte	0x5
 532 0248 A902     		.2byte	0x2a9
 533 024a 69020000 		.4byte	0x269
 534 024e 0E       		.uleb128 0xe
 535 024f DE020000 		.4byte	.LASF71
 536 0253 05       		.byte	0x5
 537 0254 AC02     		.2byte	0x2ac
 538 0256 81000000 		.4byte	0x81
 539 025a 00       		.byte	0
 540 025b 0E       		.uleb128 0xe
 541 025c FE040000 		.4byte	.LASF72
 542 0260 05       		.byte	0x5
 543 0261 AF02     		.2byte	0x2af
 544 0263 81000000 		.4byte	0x81
 545 0267 01       		.byte	0x1
 546 0268 00       		.byte	0
 547 0269 05       		.uleb128 0x5
 548 026a 18070000 		.4byte	.LASF73
 549 026e 05       		.byte	0x5
 550 026f B102     		.2byte	0x2b1
 551 0271 45020000 		.4byte	0x245
 552 0275 05       		.uleb128 0x5
 553 0276 73060000 		.4byte	.LASF74
 554 027a 05       		.byte	0x5
 555 027b B302     		.2byte	0x2b3
 556 027d 8D000000 		.4byte	0x8d
 557 0281 0D       		.uleb128 0xd
 558 0282 0C       		.byte	0xc
 559 0283 05       		.byte	0x5
 560 0284 B602     		.2byte	0x2b6
ARM GAS  C:\Users\Administrator\AppData\Local\Temp\ccR7a92V.s 			page 13


 561 0286 A5020000 		.4byte	0x2a5
 562 028a 0E       		.uleb128 0xe
 563 028b 1C020000 		.4byte	.LASF75
 564 028f 05       		.byte	0x5
 565 0290 B902     		.2byte	0x2b9
 566 0292 EF000000 		.4byte	0xef
 567 0296 00       		.byte	0
 568 0297 0E       		.uleb128 0xe
 569 0298 CB060000 		.4byte	.LASF76
 570 029c 05       		.byte	0x5
 571 029d BC02     		.2byte	0x2bc
 572 029f 75020000 		.4byte	0x275
 573 02a3 08       		.byte	0x8
 574 02a4 00       		.byte	0
 575 02a5 05       		.uleb128 0x5
 576 02a6 2C070000 		.4byte	.LASF77
 577 02aa 05       		.byte	0x5
 578 02ab BE02     		.2byte	0x2be
 579 02ad 81020000 		.4byte	0x281
 580 02b1 05       		.uleb128 0x5
 581 02b2 91020000 		.4byte	.LASF78
 582 02b6 05       		.byte	0x5
 583 02b7 8704     		.2byte	0x487
 584 02b9 A5020000 		.4byte	0x2a5
 585 02bd 0F       		.uleb128 0xf
 586 02be 07010000 		.4byte	.LASF84
 587 02c2 01       		.byte	0x1
 588 02c3 17       		.byte	0x17
 589 02c4 68000000 		.4byte	0x68
 590 02c8 00000000 		.4byte	.LFB63
 591 02cc 48000000 		.4byte	.LFE63-.LFB63
 592 02d0 01       		.uleb128 0x1
 593 02d1 9C       		.byte	0x9c
 594 02d2 4F030000 		.4byte	0x34f
 595 02d6 10       		.uleb128 0x10
 596 02d7 36060000 		.4byte	.LASF79
 597 02db 01       		.byte	0x1
 598 02dc 17       		.byte	0x17
 599 02dd BC000000 		.4byte	0xbc
 600 02e1 00000000 		.4byte	.LLST0
 601 02e5 10       		.uleb128 0x10
 602 02e6 E7020000 		.4byte	.LASF80
 603 02ea 01       		.byte	0x1
 604 02eb 17       		.byte	0x17
 605 02ec 8D000000 		.4byte	0x8d
 606 02f0 21000000 		.4byte	.LLST1
 607 02f4 11       		.uleb128 0x11
 608 02f5 70747200 		.ascii	"ptr\000"
 609 02f9 01       		.byte	0x1
 610 02fa 19       		.byte	0x19
 611 02fb BC000000 		.4byte	0xbc
 612 02ff 42000000 		.4byte	.LLST2
 613 0303 12       		.uleb128 0x12
 614 0304 99010000 		.4byte	.LASF81
 615 0308 01       		.byte	0x1
 616 0309 1A       		.byte	0x1a
 617 030a 8D000000 		.4byte	0x8d
ARM GAS  C:\Users\Administrator\AppData\Local\Temp\ccR7a92V.s 			page 14


 618 030e 60000000 		.4byte	.LLST3
 619 0312 12       		.uleb128 0x12
 620 0313 3B060000 		.4byte	.LASF82
 621 0317 01       		.byte	0x1
 622 0318 1B       		.byte	0x1b
 623 0319 8D000000 		.4byte	0x8d
 624 031d 7E000000 		.4byte	.LLST4
 625 0321 11       		.uleb128 0x11
 626 0322 72657400 		.ascii	"ret\000"
 627 0326 01       		.byte	0x1
 628 0327 1C       		.byte	0x1c
 629 0328 3A020000 		.4byte	0x23a
 630 032c B4000000 		.4byte	.LLST5
 631 0330 13       		.uleb128 0x13
 632 0331 03060000 		.4byte	.LASF83
 633 0335 01       		.byte	0x1
 634 0336 1D       		.byte	0x1d
 635 0337 B1020000 		.4byte	0x2b1
 636 033b 02       		.uleb128 0x2
 637 033c 91       		.byte	0x91
 638 033d 5C       		.sleb128 -36
 639 033e 14       		.uleb128 0x14
 640 033f 30000000 		.4byte	.LVL6
 641 0343 37040000 		.4byte	0x437
 642 0347 15       		.uleb128 0x15
 643 0348 01       		.uleb128 0x1
 644 0349 51       		.byte	0x51
 645 034a 02       		.uleb128 0x2
 646 034b 91       		.byte	0x91
 647 034c 5C       		.sleb128 -36
 648 034d 00       		.byte	0
 649 034e 00       		.byte	0
 650 034f 0F       		.uleb128 0xf
 651 0350 D4090000 		.4byte	.LASF85
 652 0354 01       		.byte	0x1
 653 0355 42       		.byte	0x42
 654 0356 81000000 		.4byte	0x81
 655 035a 00000000 		.4byte	.LFB64
 656 035e 78000000 		.4byte	.LFE64-.LFB64
 657 0362 01       		.uleb128 0x1
 658 0363 9C       		.byte	0x9c
 659 0364 B7030000 		.4byte	0x3b7
 660 0368 16       		.uleb128 0x16
 661 0369 636D6400 		.ascii	"cmd\000"
 662 036d 01       		.byte	0x1
 663 036e 42       		.byte	0x42
 664 036f BC000000 		.4byte	0xbc
 665 0373 EA000000 		.4byte	.LLST6
 666 0377 16       		.uleb128 0x16
 667 0378 6C656E00 		.ascii	"len\000"
 668 037c 01       		.byte	0x1
 669 037d 42       		.byte	0x42
 670 037e 8D000000 		.4byte	0x8d
 671 0382 37010000 		.4byte	.LLST7
 672 0386 17       		.uleb128 0x17
 673 0387 24000000 		.4byte	.LVL17
 674 038b 43040000 		.4byte	0x443
ARM GAS  C:\Users\Administrator\AppData\Local\Temp\ccR7a92V.s 			page 15


 675 038f A0030000 		.4byte	0x3a0
 676 0393 15       		.uleb128 0x15
 677 0394 01       		.uleb128 0x1
 678 0395 51       		.byte	0x51
 679 0396 02       		.uleb128 0x2
 680 0397 76       		.byte	0x76
 681 0398 00       		.sleb128 0
 682 0399 15       		.uleb128 0x15
 683 039a 01       		.uleb128 0x1
 684 039b 52       		.byte	0x52
 685 039c 02       		.uleb128 0x2
 686 039d 74       		.byte	0x74
 687 039e 00       		.sleb128 0
 688 039f 00       		.byte	0
 689 03a0 14       		.uleb128 0x14
 690 03a1 58000000 		.4byte	.LVL21
 691 03a5 43040000 		.4byte	0x443
 692 03a9 15       		.uleb128 0x15
 693 03aa 01       		.uleb128 0x1
 694 03ab 51       		.byte	0x51
 695 03ac 02       		.uleb128 0x2
 696 03ad 76       		.byte	0x76
 697 03ae 00       		.sleb128 0
 698 03af 15       		.uleb128 0x15
 699 03b0 01       		.uleb128 0x1
 700 03b1 52       		.byte	0x52
 701 03b2 02       		.uleb128 0x2
 702 03b3 74       		.byte	0x74
 703 03b4 00       		.sleb128 0
 704 03b5 00       		.byte	0
 705 03b6 00       		.byte	0
 706 03b7 18       		.uleb128 0x18
 707 03b8 C7030000 		.4byte	0x3c7
 708 03bc C7030000 		.4byte	0x3c7
 709 03c0 19       		.uleb128 0x19
 710 03c1 B5000000 		.4byte	0xb5
 711 03c5 0B       		.byte	0xb
 712 03c6 00       		.byte	0
 713 03c7 1A       		.uleb128 0x1a
 714 03c8 8D000000 		.4byte	0x8d
 715 03cc 1B       		.uleb128 0x1b
 716 03cd 7B010000 		.4byte	.LASF86
 717 03d1 06       		.byte	0x6
 718 03d2 E001     		.2byte	0x1e0
 719 03d4 D8030000 		.4byte	0x3d8
 720 03d8 1A       		.uleb128 0x1a
 721 03d9 B7030000 		.4byte	0x3b7
 722 03dd 1C       		.uleb128 0x1c
 723 03de 22020000 		.4byte	.LASF87
 724 03e2 07       		.byte	0x7
 725 03e3 0A       		.byte	0xa
 726 03e4 76000000 		.4byte	0x76
 727 03e8 05       		.uleb128 0x5
 728 03e9 03       		.byte	0x3
 729 03ea 00000000 		.4byte	ADCResultCenter
 730 03ee 1B       		.uleb128 0x1b
 731 03ef 80020000 		.4byte	.LASF88
ARM GAS  C:\Users\Administrator\AppData\Local\Temp\ccR7a92V.s 			page 16


 732 03f3 05       		.byte	0x5
 733 03f4 BE0D     		.2byte	0xdbe
 734 03f6 69020000 		.4byte	0x269
 735 03fa 1D       		.uleb128 0x1d
 736 03fb DC030000 		.4byte	.LASF89
 737 03ff 08       		.byte	0x8
 738 0400 1A       		.byte	0x1a
 739 0401 8D000000 		.4byte	0x8d
 740 0405 1D       		.uleb128 0x1d
 741 0406 2E040000 		.4byte	.LASF90
 742 040a 08       		.byte	0x8
 743 040b 1B       		.byte	0x1b
 744 040c 81000000 		.4byte	0x81
 745 0410 18       		.uleb128 0x18
 746 0411 81000000 		.4byte	0x81
 747 0415 21040000 		.4byte	0x421
 748 0419 1E       		.uleb128 0x1e
 749 041a B5000000 		.4byte	0xb5
 750 041e 1904     		.2byte	0x419
 751 0420 00       		.byte	0
 752 0421 1D       		.uleb128 0x1d
 753 0422 ED000000 		.4byte	.LASF91
 754 0426 08       		.byte	0x8
 755 0427 1C       		.byte	0x1c
 756 0428 10040000 		.4byte	0x410
 757 042c 1D       		.uleb128 0x1d
 758 042d F7000000 		.4byte	.LASF92
 759 0431 08       		.byte	0x8
 760 0432 1D       		.byte	0x1d
 761 0433 81000000 		.4byte	0x81
 762 0437 1F       		.uleb128 0x1f
 763 0438 43090000 		.4byte	.LASF96
 764 043c 43090000 		.4byte	.LASF96
 765 0440 05       		.byte	0x5
 766 0441 830D     		.2byte	0xd83
 767 0443 20       		.uleb128 0x20
 768 0444 92010000 		.4byte	.LASF97
 769 0448 92010000 		.4byte	.LASF97
 770 044c 00       		.byte	0
 771              		.section	.debug_abbrev,"",%progbits
 772              	.Ldebug_abbrev0:
 773 0000 01       		.uleb128 0x1
 774 0001 11       		.uleb128 0x11
 775 0002 01       		.byte	0x1
 776 0003 25       		.uleb128 0x25
 777 0004 0E       		.uleb128 0xe
 778 0005 13       		.uleb128 0x13
 779 0006 0B       		.uleb128 0xb
 780 0007 03       		.uleb128 0x3
 781 0008 0E       		.uleb128 0xe
 782 0009 1B       		.uleb128 0x1b
 783 000a 0E       		.uleb128 0xe
 784 000b 55       		.uleb128 0x55
 785 000c 17       		.uleb128 0x17
 786 000d 11       		.uleb128 0x11
 787 000e 01       		.uleb128 0x1
 788 000f 10       		.uleb128 0x10
ARM GAS  C:\Users\Administrator\AppData\Local\Temp\ccR7a92V.s 			page 17


 789 0010 17       		.uleb128 0x17
 790 0011 00       		.byte	0
 791 0012 00       		.byte	0
 792 0013 02       		.uleb128 0x2
 793 0014 24       		.uleb128 0x24
 794 0015 00       		.byte	0
 795 0016 0B       		.uleb128 0xb
 796 0017 0B       		.uleb128 0xb
 797 0018 3E       		.uleb128 0x3e
 798 0019 0B       		.uleb128 0xb
 799 001a 03       		.uleb128 0x3
 800 001b 0E       		.uleb128 0xe
 801 001c 00       		.byte	0
 802 001d 00       		.byte	0
 803 001e 03       		.uleb128 0x3
 804 001f 16       		.uleb128 0x16
 805 0020 00       		.byte	0
 806 0021 03       		.uleb128 0x3
 807 0022 0E       		.uleb128 0xe
 808 0023 3A       		.uleb128 0x3a
 809 0024 0B       		.uleb128 0xb
 810 0025 3B       		.uleb128 0x3b
 811 0026 0B       		.uleb128 0xb
 812 0027 49       		.uleb128 0x49
 813 0028 13       		.uleb128 0x13
 814 0029 00       		.byte	0
 815 002a 00       		.byte	0
 816 002b 04       		.uleb128 0x4
 817 002c 24       		.uleb128 0x24
 818 002d 00       		.byte	0
 819 002e 0B       		.uleb128 0xb
 820 002f 0B       		.uleb128 0xb
 821 0030 3E       		.uleb128 0x3e
 822 0031 0B       		.uleb128 0xb
 823 0032 03       		.uleb128 0x3
 824 0033 08       		.uleb128 0x8
 825 0034 00       		.byte	0
 826 0035 00       		.byte	0
 827 0036 05       		.uleb128 0x5
 828 0037 16       		.uleb128 0x16
 829 0038 00       		.byte	0
 830 0039 03       		.uleb128 0x3
 831 003a 0E       		.uleb128 0xe
 832 003b 3A       		.uleb128 0x3a
 833 003c 0B       		.uleb128 0xb
 834 003d 3B       		.uleb128 0x3b
 835 003e 05       		.uleb128 0x5
 836 003f 49       		.uleb128 0x49
 837 0040 13       		.uleb128 0x13
 838 0041 00       		.byte	0
 839 0042 00       		.byte	0
 840 0043 06       		.uleb128 0x6
 841 0044 0F       		.uleb128 0xf
 842 0045 00       		.byte	0
 843 0046 0B       		.uleb128 0xb
 844 0047 0B       		.uleb128 0xb
 845 0048 49       		.uleb128 0x49
ARM GAS  C:\Users\Administrator\AppData\Local\Temp\ccR7a92V.s 			page 18


 846 0049 13       		.uleb128 0x13
 847 004a 00       		.byte	0
 848 004b 00       		.byte	0
 849 004c 07       		.uleb128 0x7
 850 004d 13       		.uleb128 0x13
 851 004e 01       		.byte	0x1
 852 004f 0B       		.uleb128 0xb
 853 0050 0B       		.uleb128 0xb
 854 0051 3A       		.uleb128 0x3a
 855 0052 0B       		.uleb128 0xb
 856 0053 3B       		.uleb128 0x3b
 857 0054 0B       		.uleb128 0xb
 858 0055 01       		.uleb128 0x1
 859 0056 13       		.uleb128 0x13
 860 0057 00       		.byte	0
 861 0058 00       		.byte	0
 862 0059 08       		.uleb128 0x8
 863 005a 0D       		.uleb128 0xd
 864 005b 00       		.byte	0
 865 005c 03       		.uleb128 0x3
 866 005d 08       		.uleb128 0x8
 867 005e 3A       		.uleb128 0x3a
 868 005f 0B       		.uleb128 0xb
 869 0060 3B       		.uleb128 0x3b
 870 0061 0B       		.uleb128 0xb
 871 0062 49       		.uleb128 0x49
 872 0063 13       		.uleb128 0x13
 873 0064 38       		.uleb128 0x38
 874 0065 0B       		.uleb128 0xb
 875 0066 00       		.byte	0
 876 0067 00       		.byte	0
 877 0068 09       		.uleb128 0x9
 878 0069 0D       		.uleb128 0xd
 879 006a 00       		.byte	0
 880 006b 03       		.uleb128 0x3
 881 006c 0E       		.uleb128 0xe
 882 006d 3A       		.uleb128 0x3a
 883 006e 0B       		.uleb128 0xb
 884 006f 3B       		.uleb128 0x3b
 885 0070 0B       		.uleb128 0xb
 886 0071 49       		.uleb128 0x49
 887 0072 13       		.uleb128 0x13
 888 0073 38       		.uleb128 0x38
 889 0074 0B       		.uleb128 0xb
 890 0075 00       		.byte	0
 891 0076 00       		.byte	0
 892 0077 0A       		.uleb128 0xa
 893 0078 04       		.uleb128 0x4
 894 0079 01       		.byte	0x1
 895 007a 0B       		.uleb128 0xb
 896 007b 0B       		.uleb128 0xb
 897 007c 49       		.uleb128 0x49
 898 007d 13       		.uleb128 0x13
 899 007e 3A       		.uleb128 0x3a
 900 007f 0B       		.uleb128 0xb
 901 0080 3B       		.uleb128 0x3b
 902 0081 0B       		.uleb128 0xb
ARM GAS  C:\Users\Administrator\AppData\Local\Temp\ccR7a92V.s 			page 19


 903 0082 01       		.uleb128 0x1
 904 0083 13       		.uleb128 0x13
 905 0084 00       		.byte	0
 906 0085 00       		.byte	0
 907 0086 0B       		.uleb128 0xb
 908 0087 28       		.uleb128 0x28
 909 0088 00       		.byte	0
 910 0089 03       		.uleb128 0x3
 911 008a 0E       		.uleb128 0xe
 912 008b 1C       		.uleb128 0x1c
 913 008c 0B       		.uleb128 0xb
 914 008d 00       		.byte	0
 915 008e 00       		.byte	0
 916 008f 0C       		.uleb128 0xc
 917 0090 28       		.uleb128 0x28
 918 0091 00       		.byte	0
 919 0092 03       		.uleb128 0x3
 920 0093 0E       		.uleb128 0xe
 921 0094 1C       		.uleb128 0x1c
 922 0095 05       		.uleb128 0x5
 923 0096 00       		.byte	0
 924 0097 00       		.byte	0
 925 0098 0D       		.uleb128 0xd
 926 0099 13       		.uleb128 0x13
 927 009a 01       		.byte	0x1
 928 009b 0B       		.uleb128 0xb
 929 009c 0B       		.uleb128 0xb
 930 009d 3A       		.uleb128 0x3a
 931 009e 0B       		.uleb128 0xb
 932 009f 3B       		.uleb128 0x3b
 933 00a0 05       		.uleb128 0x5
 934 00a1 01       		.uleb128 0x1
 935 00a2 13       		.uleb128 0x13
 936 00a3 00       		.byte	0
 937 00a4 00       		.byte	0
 938 00a5 0E       		.uleb128 0xe
 939 00a6 0D       		.uleb128 0xd
 940 00a7 00       		.byte	0
 941 00a8 03       		.uleb128 0x3
 942 00a9 0E       		.uleb128 0xe
 943 00aa 3A       		.uleb128 0x3a
 944 00ab 0B       		.uleb128 0xb
 945 00ac 3B       		.uleb128 0x3b
 946 00ad 05       		.uleb128 0x5
 947 00ae 49       		.uleb128 0x49
 948 00af 13       		.uleb128 0x13
 949 00b0 38       		.uleb128 0x38
 950 00b1 0B       		.uleb128 0xb
 951 00b2 00       		.byte	0
 952 00b3 00       		.byte	0
 953 00b4 0F       		.uleb128 0xf
 954 00b5 2E       		.uleb128 0x2e
 955 00b6 01       		.byte	0x1
 956 00b7 3F       		.uleb128 0x3f
 957 00b8 19       		.uleb128 0x19
 958 00b9 03       		.uleb128 0x3
 959 00ba 0E       		.uleb128 0xe
ARM GAS  C:\Users\Administrator\AppData\Local\Temp\ccR7a92V.s 			page 20


 960 00bb 3A       		.uleb128 0x3a
 961 00bc 0B       		.uleb128 0xb
 962 00bd 3B       		.uleb128 0x3b
 963 00be 0B       		.uleb128 0xb
 964 00bf 27       		.uleb128 0x27
 965 00c0 19       		.uleb128 0x19
 966 00c1 49       		.uleb128 0x49
 967 00c2 13       		.uleb128 0x13
 968 00c3 11       		.uleb128 0x11
 969 00c4 01       		.uleb128 0x1
 970 00c5 12       		.uleb128 0x12
 971 00c6 06       		.uleb128 0x6
 972 00c7 40       		.uleb128 0x40
 973 00c8 18       		.uleb128 0x18
 974 00c9 9742     		.uleb128 0x2117
 975 00cb 19       		.uleb128 0x19
 976 00cc 01       		.uleb128 0x1
 977 00cd 13       		.uleb128 0x13
 978 00ce 00       		.byte	0
 979 00cf 00       		.byte	0
 980 00d0 10       		.uleb128 0x10
 981 00d1 05       		.uleb128 0x5
 982 00d2 00       		.byte	0
 983 00d3 03       		.uleb128 0x3
 984 00d4 0E       		.uleb128 0xe
 985 00d5 3A       		.uleb128 0x3a
 986 00d6 0B       		.uleb128 0xb
 987 00d7 3B       		.uleb128 0x3b
 988 00d8 0B       		.uleb128 0xb
 989 00d9 49       		.uleb128 0x49
 990 00da 13       		.uleb128 0x13
 991 00db 02       		.uleb128 0x2
 992 00dc 17       		.uleb128 0x17
 993 00dd 00       		.byte	0
 994 00de 00       		.byte	0
 995 00df 11       		.uleb128 0x11
 996 00e0 34       		.uleb128 0x34
 997 00e1 00       		.byte	0
 998 00e2 03       		.uleb128 0x3
 999 00e3 08       		.uleb128 0x8
 1000 00e4 3A       		.uleb128 0x3a
 1001 00e5 0B       		.uleb128 0xb
 1002 00e6 3B       		.uleb128 0x3b
 1003 00e7 0B       		.uleb128 0xb
 1004 00e8 49       		.uleb128 0x49
 1005 00e9 13       		.uleb128 0x13
 1006 00ea 02       		.uleb128 0x2
 1007 00eb 17       		.uleb128 0x17
 1008 00ec 00       		.byte	0
 1009 00ed 00       		.byte	0
 1010 00ee 12       		.uleb128 0x12
 1011 00ef 34       		.uleb128 0x34
 1012 00f0 00       		.byte	0
 1013 00f1 03       		.uleb128 0x3
 1014 00f2 0E       		.uleb128 0xe
 1015 00f3 3A       		.uleb128 0x3a
 1016 00f4 0B       		.uleb128 0xb
ARM GAS  C:\Users\Administrator\AppData\Local\Temp\ccR7a92V.s 			page 21


 1017 00f5 3B       		.uleb128 0x3b
 1018 00f6 0B       		.uleb128 0xb
 1019 00f7 49       		.uleb128 0x49
 1020 00f8 13       		.uleb128 0x13
 1021 00f9 02       		.uleb128 0x2
 1022 00fa 17       		.uleb128 0x17
 1023 00fb 00       		.byte	0
 1024 00fc 00       		.byte	0
 1025 00fd 13       		.uleb128 0x13
 1026 00fe 34       		.uleb128 0x34
 1027 00ff 00       		.byte	0
 1028 0100 03       		.uleb128 0x3
 1029 0101 0E       		.uleb128 0xe
 1030 0102 3A       		.uleb128 0x3a
 1031 0103 0B       		.uleb128 0xb
 1032 0104 3B       		.uleb128 0x3b
 1033 0105 0B       		.uleb128 0xb
 1034 0106 49       		.uleb128 0x49
 1035 0107 13       		.uleb128 0x13
 1036 0108 02       		.uleb128 0x2
 1037 0109 18       		.uleb128 0x18
 1038 010a 00       		.byte	0
 1039 010b 00       		.byte	0
 1040 010c 14       		.uleb128 0x14
 1041 010d 898201   		.uleb128 0x4109
 1042 0110 01       		.byte	0x1
 1043 0111 11       		.uleb128 0x11
 1044 0112 01       		.uleb128 0x1
 1045 0113 31       		.uleb128 0x31
 1046 0114 13       		.uleb128 0x13
 1047 0115 00       		.byte	0
 1048 0116 00       		.byte	0
 1049 0117 15       		.uleb128 0x15
 1050 0118 8A8201   		.uleb128 0x410a
 1051 011b 00       		.byte	0
 1052 011c 02       		.uleb128 0x2
 1053 011d 18       		.uleb128 0x18
 1054 011e 9142     		.uleb128 0x2111
 1055 0120 18       		.uleb128 0x18
 1056 0121 00       		.byte	0
 1057 0122 00       		.byte	0
 1058 0123 16       		.uleb128 0x16
 1059 0124 05       		.uleb128 0x5
 1060 0125 00       		.byte	0
 1061 0126 03       		.uleb128 0x3
 1062 0127 08       		.uleb128 0x8
 1063 0128 3A       		.uleb128 0x3a
 1064 0129 0B       		.uleb128 0xb
 1065 012a 3B       		.uleb128 0x3b
 1066 012b 0B       		.uleb128 0xb
 1067 012c 49       		.uleb128 0x49
 1068 012d 13       		.uleb128 0x13
 1069 012e 02       		.uleb128 0x2
 1070 012f 17       		.uleb128 0x17
 1071 0130 00       		.byte	0
 1072 0131 00       		.byte	0
 1073 0132 17       		.uleb128 0x17
ARM GAS  C:\Users\Administrator\AppData\Local\Temp\ccR7a92V.s 			page 22


 1074 0133 898201   		.uleb128 0x4109
 1075 0136 01       		.byte	0x1
 1076 0137 11       		.uleb128 0x11
 1077 0138 01       		.uleb128 0x1
 1078 0139 31       		.uleb128 0x31
 1079 013a 13       		.uleb128 0x13
 1080 013b 01       		.uleb128 0x1
 1081 013c 13       		.uleb128 0x13
 1082 013d 00       		.byte	0
 1083 013e 00       		.byte	0
 1084 013f 18       		.uleb128 0x18
 1085 0140 01       		.uleb128 0x1
 1086 0141 01       		.byte	0x1
 1087 0142 49       		.uleb128 0x49
 1088 0143 13       		.uleb128 0x13
 1089 0144 01       		.uleb128 0x1
 1090 0145 13       		.uleb128 0x13
 1091 0146 00       		.byte	0
 1092 0147 00       		.byte	0
 1093 0148 19       		.uleb128 0x19
 1094 0149 21       		.uleb128 0x21
 1095 014a 00       		.byte	0
 1096 014b 49       		.uleb128 0x49
 1097 014c 13       		.uleb128 0x13
 1098 014d 2F       		.uleb128 0x2f
 1099 014e 0B       		.uleb128 0xb
 1100 014f 00       		.byte	0
 1101 0150 00       		.byte	0
 1102 0151 1A       		.uleb128 0x1a
 1103 0152 26       		.uleb128 0x26
 1104 0153 00       		.byte	0
 1105 0154 49       		.uleb128 0x49
 1106 0155 13       		.uleb128 0x13
 1107 0156 00       		.byte	0
 1108 0157 00       		.byte	0
 1109 0158 1B       		.uleb128 0x1b
 1110 0159 34       		.uleb128 0x34
 1111 015a 00       		.byte	0
 1112 015b 03       		.uleb128 0x3
 1113 015c 0E       		.uleb128 0xe
 1114 015d 3A       		.uleb128 0x3a
 1115 015e 0B       		.uleb128 0xb
 1116 015f 3B       		.uleb128 0x3b
 1117 0160 05       		.uleb128 0x5
 1118 0161 49       		.uleb128 0x49
 1119 0162 13       		.uleb128 0x13
 1120 0163 3F       		.uleb128 0x3f
 1121 0164 19       		.uleb128 0x19
 1122 0165 3C       		.uleb128 0x3c
 1123 0166 19       		.uleb128 0x19
 1124 0167 00       		.byte	0
 1125 0168 00       		.byte	0
 1126 0169 1C       		.uleb128 0x1c
 1127 016a 34       		.uleb128 0x34
 1128 016b 00       		.byte	0
 1129 016c 03       		.uleb128 0x3
 1130 016d 0E       		.uleb128 0xe
ARM GAS  C:\Users\Administrator\AppData\Local\Temp\ccR7a92V.s 			page 23


 1131 016e 3A       		.uleb128 0x3a
 1132 016f 0B       		.uleb128 0xb
 1133 0170 3B       		.uleb128 0x3b
 1134 0171 0B       		.uleb128 0xb
 1135 0172 49       		.uleb128 0x49
 1136 0173 13       		.uleb128 0x13
 1137 0174 3F       		.uleb128 0x3f
 1138 0175 19       		.uleb128 0x19
 1139 0176 02       		.uleb128 0x2
 1140 0177 18       		.uleb128 0x18
 1141 0178 00       		.byte	0
 1142 0179 00       		.byte	0
 1143 017a 1D       		.uleb128 0x1d
 1144 017b 34       		.uleb128 0x34
 1145 017c 00       		.byte	0
 1146 017d 03       		.uleb128 0x3
 1147 017e 0E       		.uleb128 0xe
 1148 017f 3A       		.uleb128 0x3a
 1149 0180 0B       		.uleb128 0xb
 1150 0181 3B       		.uleb128 0x3b
 1151 0182 0B       		.uleb128 0xb
 1152 0183 49       		.uleb128 0x49
 1153 0184 13       		.uleb128 0x13
 1154 0185 3F       		.uleb128 0x3f
 1155 0186 19       		.uleb128 0x19
 1156 0187 3C       		.uleb128 0x3c
 1157 0188 19       		.uleb128 0x19
 1158 0189 00       		.byte	0
 1159 018a 00       		.byte	0
 1160 018b 1E       		.uleb128 0x1e
 1161 018c 21       		.uleb128 0x21
 1162 018d 00       		.byte	0
 1163 018e 49       		.uleb128 0x49
 1164 018f 13       		.uleb128 0x13
 1165 0190 2F       		.uleb128 0x2f
 1166 0191 05       		.uleb128 0x5
 1167 0192 00       		.byte	0
 1168 0193 00       		.byte	0
 1169 0194 1F       		.uleb128 0x1f
 1170 0195 2E       		.uleb128 0x2e
 1171 0196 00       		.byte	0
 1172 0197 3F       		.uleb128 0x3f
 1173 0198 19       		.uleb128 0x19
 1174 0199 3C       		.uleb128 0x3c
 1175 019a 19       		.uleb128 0x19
 1176 019b 6E       		.uleb128 0x6e
 1177 019c 0E       		.uleb128 0xe
 1178 019d 03       		.uleb128 0x3
 1179 019e 0E       		.uleb128 0xe
 1180 019f 3A       		.uleb128 0x3a
 1181 01a0 0B       		.uleb128 0xb
 1182 01a1 3B       		.uleb128 0x3b
 1183 01a2 05       		.uleb128 0x5
 1184 01a3 00       		.byte	0
 1185 01a4 00       		.byte	0
 1186 01a5 20       		.uleb128 0x20
 1187 01a6 2E       		.uleb128 0x2e
ARM GAS  C:\Users\Administrator\AppData\Local\Temp\ccR7a92V.s 			page 24


 1188 01a7 00       		.byte	0
 1189 01a8 3F       		.uleb128 0x3f
 1190 01a9 19       		.uleb128 0x19
 1191 01aa 3C       		.uleb128 0x3c
 1192 01ab 19       		.uleb128 0x19
 1193 01ac 6E       		.uleb128 0x6e
 1194 01ad 0E       		.uleb128 0xe
 1195 01ae 03       		.uleb128 0x3
 1196 01af 0E       		.uleb128 0xe
 1197 01b0 00       		.byte	0
 1198 01b1 00       		.byte	0
 1199 01b2 00       		.byte	0
 1200              		.section	.debug_loc,"",%progbits
 1201              	.Ldebug_loc0:
 1202              	.LLST0:
 1203 0000 00000000 		.4byte	.LVL0
 1204 0004 0A000000 		.4byte	.LVL3
 1205 0008 0100     		.2byte	0x1
 1206 000a 50       		.byte	0x50
 1207 000b 0A000000 		.4byte	.LVL3
 1208 000f 48000000 		.4byte	.LFE63
 1209 0013 0400     		.2byte	0x4
 1210 0015 F3       		.byte	0xf3
 1211 0016 01       		.uleb128 0x1
 1212 0017 50       		.byte	0x50
 1213 0018 9F       		.byte	0x9f
 1214 0019 00000000 		.4byte	0
 1215 001d 00000000 		.4byte	0
 1216              	.LLST1:
 1217 0021 00000000 		.4byte	.LVL0
 1218 0025 0A000000 		.4byte	.LVL3
 1219 0029 0100     		.2byte	0x1
 1220 002b 51       		.byte	0x51
 1221 002c 0A000000 		.4byte	.LVL3
 1222 0030 48000000 		.4byte	.LFE63
 1223 0034 0400     		.2byte	0x4
 1224 0036 F3       		.byte	0xf3
 1225 0037 01       		.uleb128 0x1
 1226 0038 51       		.byte	0x51
 1227 0039 9F       		.byte	0x9f
 1228 003a 00000000 		.4byte	0
 1229 003e 00000000 		.4byte	0
 1230              	.LLST2:
 1231 0042 04000000 		.4byte	.LVL1
 1232 0046 0A000000 		.4byte	.LVL3
 1233 004a 0100     		.2byte	0x1
 1234 004c 50       		.byte	0x50
 1235 004d 0A000000 		.4byte	.LVL3
 1236 0051 40000000 		.4byte	.LVL13
 1237 0055 0100     		.2byte	0x1
 1238 0057 55       		.byte	0x55
 1239 0058 00000000 		.4byte	0
 1240 005c 00000000 		.4byte	0
 1241              	.LLST3:
 1242 0060 06000000 		.4byte	.LVL2
 1243 0064 36000000 		.4byte	.LVL7
 1244 0068 0100     		.2byte	0x1
ARM GAS  C:\Users\Administrator\AppData\Local\Temp\ccR7a92V.s 			page 25


 1245 006a 54       		.byte	0x54
 1246 006b 38000000 		.4byte	.LVL8
 1247 006f 40000000 		.4byte	.LVL12
 1248 0073 0100     		.2byte	0x1
 1249 0075 54       		.byte	0x54
 1250 0076 00000000 		.4byte	0
 1251 007a 00000000 		.4byte	0
 1252              	.LLST4:
 1253 007e 06000000 		.4byte	.LVL2
 1254 0082 0A000000 		.4byte	.LVL3
 1255 0086 0200     		.2byte	0x2
 1256 0088 30       		.byte	0x30
 1257 0089 9F       		.byte	0x9f
 1258 008a 1E000000 		.4byte	.LVL4
 1259 008e 24000000 		.4byte	.LVL5
 1260 0092 0100     		.2byte	0x1
 1261 0094 53       		.byte	0x53
 1262 0095 24000000 		.4byte	.LVL5
 1263 0099 2F000000 		.4byte	.LVL6-1
 1264 009d 0200     		.2byte	0x2
 1265 009f 71       		.byte	0x71
 1266 00a0 06       		.sleb128 6
 1267 00a1 2F000000 		.4byte	.LVL6-1
 1268 00a5 3C000000 		.4byte	.LVL10
 1269 00a9 0100     		.2byte	0x1
 1270 00ab 56       		.byte	0x56
 1271 00ac 00000000 		.4byte	0
 1272 00b0 00000000 		.4byte	0
 1273              	.LLST5:
 1274 00b4 06000000 		.4byte	.LVL2
 1275 00b8 30000000 		.4byte	.LVL6
 1276 00bc 0200     		.2byte	0x2
 1277 00be 30       		.byte	0x30
 1278 00bf 9F       		.byte	0x9f
 1279 00c0 30000000 		.4byte	.LVL6
 1280 00c4 3C000000 		.4byte	.LVL10
 1281 00c8 0100     		.2byte	0x1
 1282 00ca 50       		.byte	0x50
 1283 00cb 3C000000 		.4byte	.LVL10
 1284 00cf 3E000000 		.4byte	.LVL11
 1285 00d3 0200     		.2byte	0x2
 1286 00d5 30       		.byte	0x30
 1287 00d6 9F       		.byte	0x9f
 1288 00d7 3E000000 		.4byte	.LVL11
 1289 00db 48000000 		.4byte	.LFE63
 1290 00df 0100     		.2byte	0x1
 1291 00e1 50       		.byte	0x50
 1292 00e2 00000000 		.4byte	0
 1293 00e6 00000000 		.4byte	0
 1294              	.LLST6:
 1295 00ea 00000000 		.4byte	.LVL14
 1296 00ee 20000000 		.4byte	.LVL16
 1297 00f2 0100     		.2byte	0x1
 1298 00f4 50       		.byte	0x50
 1299 00f5 20000000 		.4byte	.LVL16
 1300 00f9 23000000 		.4byte	.LVL17-1
 1301 00fd 0100     		.2byte	0x1
ARM GAS  C:\Users\Administrator\AppData\Local\Temp\ccR7a92V.s 			page 26


 1302 00ff 51       		.byte	0x51
 1303 0100 23000000 		.4byte	.LVL17-1
 1304 0104 4C000000 		.4byte	.LVL18
 1305 0108 0100     		.2byte	0x1
 1306 010a 56       		.byte	0x56
 1307 010b 4C000000 		.4byte	.LVL18
 1308 010f 4E000000 		.4byte	.LVL19
 1309 0113 0100     		.2byte	0x1
 1310 0115 50       		.byte	0x50
 1311 0116 4E000000 		.4byte	.LVL19
 1312 011a 66000000 		.4byte	.LVL22
 1313 011e 0100     		.2byte	0x1
 1314 0120 56       		.byte	0x56
 1315 0121 66000000 		.4byte	.LVL22
 1316 0125 78000000 		.4byte	.LFE64
 1317 0129 0400     		.2byte	0x4
 1318 012b F3       		.byte	0xf3
 1319 012c 01       		.uleb128 0x1
 1320 012d 50       		.byte	0x50
 1321 012e 9F       		.byte	0x9f
 1322 012f 00000000 		.4byte	0
 1323 0133 00000000 		.4byte	0
 1324              	.LLST7:
 1325 0137 00000000 		.4byte	.LVL14
 1326 013b 1E000000 		.4byte	.LVL15
 1327 013f 0100     		.2byte	0x1
 1328 0141 51       		.byte	0x51
 1329 0142 1E000000 		.4byte	.LVL15
 1330 0146 4C000000 		.4byte	.LVL18
 1331 014a 0400     		.2byte	0x4
 1332 014c F3       		.byte	0xf3
 1333 014d 01       		.uleb128 0x1
 1334 014e 51       		.byte	0x51
 1335 014f 9F       		.byte	0x9f
 1336 0150 4C000000 		.4byte	.LVL18
 1337 0154 54000000 		.4byte	.LVL20
 1338 0158 0100     		.2byte	0x1
 1339 015a 51       		.byte	0x51
 1340 015b 54000000 		.4byte	.LVL20
 1341 015f 78000000 		.4byte	.LFE64
 1342 0163 0400     		.2byte	0x4
 1343 0165 F3       		.byte	0xf3
 1344 0166 01       		.uleb128 0x1
 1345 0167 51       		.byte	0x51
 1346 0168 9F       		.byte	0x9f
 1347 0169 00000000 		.4byte	0
 1348 016d 00000000 		.4byte	0
 1349              		.section	.debug_aranges,"",%progbits
 1350 0000 24000000 		.4byte	0x24
 1351 0004 0200     		.2byte	0x2
 1352 0006 00000000 		.4byte	.Ldebug_info0
 1353 000a 04       		.byte	0x4
 1354 000b 00       		.byte	0
 1355 000c 0000     		.2byte	0
 1356 000e 0000     		.2byte	0
 1357 0010 00000000 		.4byte	.LFB63
 1358 0014 48000000 		.4byte	.LFE63-.LFB63
ARM GAS  C:\Users\Administrator\AppData\Local\Temp\ccR7a92V.s 			page 27


 1359 0018 00000000 		.4byte	.LFB64
 1360 001c 78000000 		.4byte	.LFE64-.LFB64
 1361 0020 00000000 		.4byte	0
 1362 0024 00000000 		.4byte	0
 1363              		.section	.debug_ranges,"",%progbits
 1364              	.Ldebug_ranges0:
 1365 0000 00000000 		.4byte	.LFB63
 1366 0004 48000000 		.4byte	.LFE63
 1367 0008 00000000 		.4byte	.LFB64
 1368 000c 78000000 		.4byte	.LFE64
 1369 0010 00000000 		.4byte	0
 1370 0014 00000000 		.4byte	0
 1371              		.section	.debug_line,"",%progbits
 1372              	.Ldebug_line0:
 1373 0000 05020000 		.section	.debug_str,"MS",%progbits,1
 1373      0200A801 
 1373      00000201 
 1373      FB0E0D00 
 1373      01010101 
 1374              	.LASF35:
 1375 0000 4359424C 		.ascii	"CYBLE_ERROR_L2CAP_PSM_NOT_REGISTERED\000"
 1375      455F4552 
 1375      524F525F 
 1375      4C324341 
 1375      505F5053 
 1376              	.LASF34:
 1377 0025 4359424C 		.ascii	"CYBLE_ERROR_L2CAP_PSM_ALREADY_REGISTERED\000"
 1377      455F4552 
 1377      524F525F 
 1377      4C324341 
 1377      505F5053 
 1378              	.LASF30:
 1379 004e 4359424C 		.ascii	"CYBLE_ERROR_TX_POWER_READ\000"
 1379      455F4552 
 1379      524F525F 
 1379      54585F50 
 1379      4F574552 
 1380              	.LASF43:
 1381 0068 4359424C 		.ascii	"CYBLE_ERROR_GATT_DB_INSUFFICIENT_BUFFER_LEN\000"
 1381      455F4552 
 1381      524F525F 
 1381      47415454 
 1381      5F44425F 
 1382              	.LASF52:
 1383 0094 4359424C 		.ascii	"CYBLE_ERROR_GATT_DB_INSUFFICIENT_SECURITY\000"
 1383      455F4552 
 1383      524F525F 
 1383      47415454 
 1383      5F44425F 
 1384              	.LASF41:
 1385 00be 4359424C 		.ascii	"CYBLE_ERROR_GATT_DB_NULL_PARAMETER_NOT_ALLOWED\000"
 1385      455F4552 
 1385      524F525F 
 1385      47415454 
 1385      5F44425F 
 1386              	.LASF91:
 1387 00ed 426C6543 		.ascii	"BleCmdBuf\000"
ARM GAS  C:\Users\Administrator\AppData\Local\Temp\ccR7a92V.s 			page 28


 1387      6D644275 
 1387      6600
 1388              	.LASF92:
 1389 00f7 426C6543 		.ascii	"BleCmdValidFlag\000"
 1389      6D645661 
 1389      6C696446 
 1389      6C616700 
 1390              	.LASF84:
 1391 0107 426C6553 		.ascii	"BleSend\000"
 1391      656E6400 
 1392              	.LASF2:
 1393 010f 73686F72 		.ascii	"short int\000"
 1393      7420696E 
 1393      7400
 1394              	.LASF17:
 1395 0119 73697A65 		.ascii	"sizetype\000"
 1395      74797065 
 1395      00
 1396              	.LASF20:
 1397 0122 4359424C 		.ascii	"CYBLE_ERROR_OK\000"
 1397      455F4552 
 1397      524F525F 
 1397      4F4B00
 1398              	.LASF54:
 1399 0131 4359424C 		.ascii	"CYBLE_ERROR_GATT_DB_INVALID_INSTANCE\000"
 1399      455F4552 
 1399      524F525F 
 1399      47415454 
 1399      5F44425F 
 1400              	.LASF60:
 1401 0156 4359424C 		.ascii	"CYBLE_ERROR_FLASH_WRITE_NOT_PERMITED\000"
 1401      455F4552 
 1401      524F525F 
 1401      464C4153 
 1401      485F5752 
 1402              	.LASF86:
 1403 017b 5254435F 		.ascii	"RTC_daysBeforeMonthTbl\000"
 1403      64617973 
 1403      4265666F 
 1403      72654D6F 
 1403      6E746854 
 1404              	.LASF97:
 1405 0192 6D656D63 		.ascii	"memcpy\000"
 1405      707900
 1406              	.LASF81:
 1407 0199 7369676E 		.ascii	"sign_len\000"
 1407      5F6C656E 
 1407      00
 1408              	.LASF59:
 1409 01a2 4359424C 		.ascii	"CYBLE_ERROR_DEVICE_ALREADY_EXISTS\000"
 1409      455F4552 
 1409      524F525F 
 1409      44455649 
 1409      43455F41 
 1410              	.LASF61:
 1411 01c4 4359424C 		.ascii	"CYBLE_ERROR_MIC_AUTH_FAILED\000"
 1411      455F4552 
ARM GAS  C:\Users\Administrator\AppData\Local\Temp\ccR7a92V.s 			page 29


 1411      524F525F 
 1411      4D49435F 
 1411      41555448 
 1412              	.LASF21:
 1413 01e0 4359424C 		.ascii	"CYBLE_ERROR_INVALID_PARAMETER\000"
 1413      455F4552 
 1413      524F525F 
 1413      494E5641 
 1413      4C49445F 
 1414              	.LASF25:
 1415 01fe 4359424C 		.ascii	"CYBLE_ERROR_OOB_NOT_AVAILABLE\000"
 1415      455F4552 
 1415      524F525F 
 1415      4F4F425F 
 1415      4E4F545F 
 1416              	.LASF75:
 1417 021c 76616C75 		.ascii	"value\000"
 1417      6500
 1418              	.LASF87:
 1419 0222 41444352 		.ascii	"ADCResultCenter\000"
 1419      6573756C 
 1419      7443656E 
 1419      74657200 
 1420              	.LASF22:
 1421 0232 4359424C 		.ascii	"CYBLE_ERROR_INVALID_OPERATION\000"
 1421      455F4552 
 1421      524F525F 
 1421      494E5641 
 1421      4C49445F 
 1422              	.LASF10:
 1423 0250 75696E74 		.ascii	"uint8_t\000"
 1423      385F7400 
 1424              	.LASF11:
 1425 0258 75696E74 		.ascii	"uint8\000"
 1425      3800
 1426              	.LASF57:
 1427 025e 4359424C 		.ascii	"CYBLE_ERROR_GATT_DB_TYPE_MISMATCH\000"
 1427      455F4552 
 1427      524F525F 
 1427      47415454 
 1427      5F44425F 
 1428              	.LASF88:
 1429 0280 6379426C 		.ascii	"cyBle_connHandle\000"
 1429      655F636F 
 1429      6E6E4861 
 1429      6E646C65 
 1429      00
 1430              	.LASF78:
 1431 0291 4359424C 		.ascii	"CYBLE_GATTS_HANDLE_VALUE_IND_T\000"
 1431      455F4741 
 1431      5454535F 
 1431      48414E44 
 1431      4C455F56 
 1432              	.LASF53:
 1433 02b0 4359424C 		.ascii	"CYBLE_ERROR_GATT_DB_INSUFFICIENT_ENC_KEY_SIZE\000"
 1433      455F4552 
 1433      524F525F 
ARM GAS  C:\Users\Administrator\AppData\Local\Temp\ccR7a92V.s 			page 30


 1433      47415454 
 1433      5F44425F 
 1434              	.LASF71:
 1435 02de 62644861 		.ascii	"bdHandle\000"
 1435      6E646C65 
 1435      00
 1436              	.LASF80:
 1437 02e7 6C656E67 		.ascii	"length\000"
 1437      746800
 1438              	.LASF24:
 1439 02ee 4359424C 		.ascii	"CYBLE_ERROR_INSUFFICIENT_RESOURCES\000"
 1439      455F4552 
 1439      524F525F 
 1439      494E5355 
 1439      46464943 
 1440              	.LASF13:
 1441 0311 666C6F61 		.ascii	"float\000"
 1441      7400
 1442              	.LASF6:
 1443 0317 6C6F6E67 		.ascii	"long long int\000"
 1443      206C6F6E 
 1443      6720696E 
 1443      7400
 1444              	.LASF31:
 1445 0325 4359424C 		.ascii	"CYBLE_ERROR_BT_ON_NOT_COMPLETED\000"
 1445      455F4552 
 1445      524F525F 
 1445      42545F4F 
 1445      4E5F4E4F 
 1446              	.LASF4:
 1447 0345 6C6F6E67 		.ascii	"long int\000"
 1447      20696E74 
 1447      00
 1448              	.LASF26:
 1449 034e 4359424C 		.ascii	"CYBLE_ERROR_NO_CONNECTION\000"
 1449      455F4552 
 1449      524F525F 
 1449      4E4F5F43 
 1449      4F4E4E45 
 1450              	.LASF50:
 1451 0368 4359424C 		.ascii	"CYBLE_ERROR_GATT_DB_UUID_NOT_IN_BT_SPACE\000"
 1451      455F4552 
 1451      524F525F 
 1451      47415454 
 1451      5F44425F 
 1452              	.LASF9:
 1453 0391 5F5F7569 		.ascii	"__uint8_t\000"
 1453      6E74385F 
 1453      7400
 1454              	.LASF28:
 1455 039b 4359424C 		.ascii	"CYBLE_ERROR_REPEATED_ATTEMPTS\000"
 1455      455F4552 
 1455      524F525F 
 1455      52455045 
 1455      41544544 
 1456              	.LASF40:
 1457 03b9 4359424C 		.ascii	"CYBLE_ERROR_GATT_DB_INVALID_OFFSET\000"
ARM GAS  C:\Users\Administrator\AppData\Local\Temp\ccR7a92V.s 			page 31


 1457      455F4552 
 1457      524F525F 
 1457      47415454 
 1457      5F44425F 
 1458              	.LASF89:
 1459 03dc 43757272 		.ascii	"CurrentCommandPktTotalSize\000"
 1459      656E7443 
 1459      6F6D6D61 
 1459      6E64506B 
 1459      74546F74 
 1460              	.LASF16:
 1461 03f7 6C6F6E67 		.ascii	"long double\000"
 1461      20646F75 
 1461      626C6500 
 1462              	.LASF27:
 1463 0403 4359424C 		.ascii	"CYBLE_ERROR_NO_DEVICE_ENTITY\000"
 1463      455F4552 
 1463      524F525F 
 1463      4E4F5F44 
 1463      45564943 
 1464              	.LASF1:
 1465 0420 756E7369 		.ascii	"unsigned char\000"
 1465      676E6564 
 1465      20636861 
 1465      7200
 1466              	.LASF90:
 1467 042e 43757272 		.ascii	"CurrentDataNum\000"
 1467      656E7444 
 1467      6174614E 
 1467      756D00
 1468              	.LASF64:
 1469 043d 4359424C 		.ascii	"CYBLE_CHAR_DISC_DONE\000"
 1469      455F4348 
 1469      41525F44 
 1469      4953435F 
 1469      444F4E45 
 1470              	.LASF0:
 1471 0452 7369676E 		.ascii	"signed char\000"
 1471      65642063 
 1471      68617200 
 1472              	.LASF7:
 1473 045e 6C6F6E67 		.ascii	"long long unsigned int\000"
 1473      206C6F6E 
 1473      6720756E 
 1473      7369676E 
 1473      65642069 
 1474              	.LASF32:
 1475 0475 4359424C 		.ascii	"CYBLE_ERROR_SEC_FAILED\000"
 1475      455F4552 
 1475      524F525F 
 1475      5345435F 
 1475      4641494C 
 1476              	.LASF29:
 1477 048c 4359424C 		.ascii	"CYBLE_ERROR_GAP_ROLE\000"
 1477      455F4552 
 1477      524F525F 
 1477      4741505F 
ARM GAS  C:\Users\Administrator\AppData\Local\Temp\ccR7a92V.s 			page 32


 1477      524F4C45 
 1478              	.LASF8:
 1479 04a1 756E7369 		.ascii	"unsigned int\000"
 1479      676E6564 
 1479      20696E74 
 1479      00
 1480              	.LASF42:
 1481 04ae 4359424C 		.ascii	"CYBLE_ERROR_GATT_DB_UNSUPPORTED_GROUP_TYPE\000"
 1481      455F4552 
 1481      524F525F 
 1481      47415454 
 1481      5F44425F 
 1482              	.LASF33:
 1483 04d9 4359424C 		.ascii	"CYBLE_ERROR_L2CAP_PSM_WRONG_ENCODING\000"
 1483      455F4552 
 1483      524F525F 
 1483      4C324341 
 1483      505F5053 
 1484              	.LASF72:
 1485 04fe 61747449 		.ascii	"attId\000"
 1485      6400
 1486              	.LASF68:
 1487 0504 4359424C 		.ascii	"CYBLE_ERROR_CHAR_IS_NOT_DISCOVERED\000"
 1487      455F4552 
 1487      524F525F 
 1487      43484152 
 1487      5F49535F 
 1488              	.LASF3:
 1489 0527 73686F72 		.ascii	"short unsigned int\000"
 1489      7420756E 
 1489      7369676E 
 1489      65642069 
 1489      6E7400
 1490              	.LASF47:
 1491 053a 4359424C 		.ascii	"CYBLE_ERROR_GATT_DB_HANDLE_NOT_IN_RANGE\000"
 1491      455F4552 
 1491      524F525F 
 1491      47415454 
 1491      5F44425F 
 1492              	.LASF37:
 1493 0562 4359424C 		.ascii	"CYBLE_ERROR_L2CAP_CHANNEL_NOT_FOUND\000"
 1493      455F4552 
 1493      524F525F 
 1493      4C324341 
 1493      505F4348 
 1494              	.LASF15:
 1495 0586 63686172 		.ascii	"char\000"
 1495      00
 1496              	.LASF65:
 1497 058b 4359424C 		.ascii	"CYBLE_DESCR_DISC_DONE\000"
 1497      455F4445 
 1497      5343525F 
 1497      44495343 
 1497      5F444F4E 
 1498              	.LASF19:
 1499 05a1 4359424C 		.ascii	"CYBLE_GATT_VALUE_T\000"
 1499      455F4741 
ARM GAS  C:\Users\Administrator\AppData\Local\Temp\ccR7a92V.s 			page 33


 1499      54545F56 
 1499      414C5545 
 1499      5F5400
 1500              	.LASF38:
 1501 05b4 4359424C 		.ascii	"CYBLE_ERROR_L2CAP_NOT_ENOUGH_CREDITS\000"
 1501      455F4552 
 1501      524F525F 
 1501      4C324341 
 1501      505F4E4F 
 1502              	.LASF48:
 1503 05d9 4359424C 		.ascii	"CYBLE_ERROR_GATT_DB_HANDLE_IN_GROUP_RANGE\000"
 1503      455F4552 
 1503      524F525F 
 1503      47415454 
 1503      5F44425F 
 1504              	.LASF83:
 1505 0603 6C6F6361 		.ascii	"locationParam\000"
 1505      74696F6E 
 1505      50617261 
 1505      6D00
 1506              	.LASF23:
 1507 0611 4359424C 		.ascii	"CYBLE_ERROR_MEMORY_ALLOCATION_FAILED\000"
 1507      455F4552 
 1507      524F525F 
 1507      4D454D4F 
 1507      52595F41 
 1508              	.LASF79:
 1509 0636 64617461 		.ascii	"data\000"
 1509      00
 1510              	.LASF82:
 1511 063b 61637469 		.ascii	"active_len\000"
 1511      76655F6C 
 1511      656E00
 1512              	.LASF12:
 1513 0646 75696E74 		.ascii	"uint16\000"
 1513      313600
 1514              	.LASF49:
 1515 064d 4359424C 		.ascii	"CYBLE_ERROR_GATT_DB_INVALID_OPERATION\000"
 1515      455F4552 
 1515      524F525F 
 1515      47415454 
 1515      5F44425F 
 1516              	.LASF74:
 1517 0673 4359424C 		.ascii	"CYBLE_GATT_DB_ATTR_HANDLE_T\000"
 1517      455F4741 
 1517      54545F44 
 1517      425F4154 
 1517      54525F48 
 1518              	.LASF56:
 1519 068f 4359424C 		.ascii	"CYBLE_ERROR_GATT_DB_UUID_FRMT_UNSUPPORTED\000"
 1519      455F4552 
 1519      524F525F 
 1519      47415454 
 1519      5F44425F 
 1520              	.LASF5:
 1521 06b9 6C6F6E67 		.ascii	"long unsigned int\000"
 1521      20756E73 
ARM GAS  C:\Users\Administrator\AppData\Local\Temp\ccR7a92V.s 			page 34


 1521      69676E65 
 1521      6420696E 
 1521      7400
 1522              	.LASF76:
 1523 06cb 61747472 		.ascii	"attrHandle\000"
 1523      48616E64 
 1523      6C6500
 1524              	.LASF14:
 1525 06d6 646F7562 		.ascii	"double\000"
 1525      6C6500
 1526              	.LASF70:
 1527 06dd 4359424C 		.ascii	"CYBLE_API_RESULT_T\000"
 1527      455F4150 
 1527      495F5245 
 1527      53554C54 
 1527      5F5400
 1528              	.LASF51:
 1529 06f0 4359424C 		.ascii	"CYBLE_ERROR_GATT_DB_INVALID_ATTR_HANDLE\000"
 1529      455F4552 
 1529      524F525F 
 1529      47415454 
 1529      5F44425F 
 1530              	.LASF73:
 1531 0718 4359424C 		.ascii	"CYBLE_CONN_HANDLE_T\000"
 1531      455F434F 
 1531      4E4E5F48 
 1531      414E444C 
 1531      455F5400 
 1532              	.LASF77:
 1533 072c 4359424C 		.ascii	"CYBLE_GATT_HANDLE_VALUE_PAIR_T\000"
 1533      455F4741 
 1533      54545F48 
 1533      414E444C 
 1533      455F5641 
 1534              	.LASF95:
 1535 074b 473A5C50 		.ascii	"G:\\Psoc4_prj\\7.rental_house\\18-05-03\\EntranceGu"
 1535      736F6334 
 1535      5F70726A 
 1535      5C372E72 
 1535      656E7461 
 1536 077a 6172645F 		.ascii	"ard_180512-1624\\EntranceGuard.cydsn\000"
 1536      31383035 
 1536      31322D31 
 1536      3632345C 
 1536      456E7472 
 1537              	.LASF39:
 1538 079e 4359424C 		.ascii	"CYBLE_ERROR_L2CAP_PSM_NOT_IN_RANGE\000"
 1538      455F4552 
 1538      524F525F 
 1538      4C324341 
 1538      505F5053 
 1539              	.LASF58:
 1540 07c1 4359424C 		.ascii	"CYBLE_ERROR_GATT_DB_INSUFFICIENT_ENCRYPTION\000"
 1540      455F4552 
 1540      524F525F 
 1540      47415454 
 1540      5F44425F 
ARM GAS  C:\Users\Administrator\AppData\Local\Temp\ccR7a92V.s 			page 35


 1541              	.LASF44:
 1542 07ed 4359424C 		.ascii	"CYBLE_ERROR_GATT_DB_MORE_MATCHING_RESULT_FOUND\000"
 1542      455F4552 
 1542      524F525F 
 1542      47415454 
 1542      5F44425F 
 1543              	.LASF94:
 1544 081c 436F6465 		.ascii	"Code\\Device\\BLE\\Bluetooth.c\000"
 1544      5C446576 
 1544      6963655C 
 1544      424C455C 
 1544      426C7565 
 1545              	.LASF66:
 1546 0838 4359424C 		.ascii	"CYBLE_ERROR_NTF_DISABLED\000"
 1546      455F4552 
 1546      524F525F 
 1546      4E54465F 
 1546      44495341 
 1547              	.LASF93:
 1548 0851 474E5520 		.ascii	"GNU C11 5.4.1 20160609 (release) [ARM/embedded-5-br"
 1548      43313120 
 1548      352E342E 
 1548      31203230 
 1548      31363036 
 1549 0884 616E6368 		.ascii	"anch revision 237715] -mcpu=cortex-m0 -mthumb -g -O"
 1549      20726576 
 1549      6973696F 
 1549      6E203233 
 1549      37373135 
 1550 08b7 73202D66 		.ascii	"s -ffunction-sections -ffat-lto-objects\000"
 1550      66756E63 
 1550      74696F6E 
 1550      2D736563 
 1550      74696F6E 
 1551              	.LASF63:
 1552 08df 4359424C 		.ascii	"CYBLE_INCL_DISC_DONE\000"
 1552      455F494E 
 1552      434C5F44 
 1552      4953435F 
 1552      444F4E45 
 1553              	.LASF46:
 1554 08f4 4359424C 		.ascii	"CYBLE_ERROR_GATT_DB_HANDLE_NOT_FOUND\000"
 1554      455F4552 
 1554      524F525F 
 1554      47415454 
 1554      5F44425F 
 1555              	.LASF62:
 1556 0919 4359424C 		.ascii	"CYBLE_ERROR_MAX\000"
 1556      455F4552 
 1556      524F525F 
 1556      4D415800 
 1557              	.LASF69:
 1558 0929 4359424C 		.ascii	"CYBLE_ERROR_INVALID_STATE\000"
 1558      455F4552 
 1558      524F525F 
 1558      494E5641 
 1558      4C49445F 
ARM GAS  C:\Users\Administrator\AppData\Local\Temp\ccR7a92V.s 			page 36


 1559              	.LASF96:
 1560 0943 4379426C 		.ascii	"CyBle_GattsNotification\000"
 1560      655F4761 
 1560      7474734E 
 1560      6F746966 
 1560      69636174 
 1561              	.LASF18:
 1562 095b 61637475 		.ascii	"actualLen\000"
 1562      616C4C65 
 1562      6E00
 1563              	.LASF36:
 1564 0965 4359424C 		.ascii	"CYBLE_ERROR_L2CAP_CONNECTION_ENTITY_NOT_FOUND\000"
 1564      455F4552 
 1564      524F525F 
 1564      4C324341 
 1564      505F434F 
 1565              	.LASF55:
 1566 0993 4359424C 		.ascii	"CYBLE_ERROR_GATT_DB_INCORRECT_UUID_FRMT\000"
 1566      455F4552 
 1566      524F525F 
 1566      47415454 
 1566      5F44425F 
 1567              	.LASF67:
 1568 09bb 4359424C 		.ascii	"CYBLE_ERROR_IND_DISABLED\000"
 1568      455F4552 
 1568      524F525F 
 1568      494E445F 
 1568      44495341 
 1569              	.LASF85:
 1570 09d4 426C6552 		.ascii	"BleRecv\000"
 1570      65637600 
 1571              	.LASF45:
 1572 09dc 4359424C 		.ascii	"CYBLE_ERROR_GATT_DB_NO_MATCHING_RESULT\000"
 1572      455F4552 
 1572      524F525F 
 1572      47415454 
 1572      5F44425F 
 1573              		.ident	"GCC: (GNU Tools for ARM Embedded Processors) 5.4.1 20160609 (release) [ARM/embedded-5-bran
