ARM GAS  C:\Users\Administrator\AppData\Local\Temp\ccHe40ll.s 			page 1


   1              		.syntax unified
   2              		.cpu cortex-m0
   3              		.fpu softvfp
   4              		.eabi_attribute 20, 1
   5              		.eabi_attribute 21, 1
   6              		.eabi_attribute 23, 3
   7              		.eabi_attribute 24, 1
   8              		.eabi_attribute 25, 1
   9              		.eabi_attribute 26, 1
  10              		.eabi_attribute 30, 4
  11              		.eabi_attribute 34, 0
  12              		.eabi_attribute 18, 4
  13              		.thumb
  14              		.syntax unified
  15              		.file	"cymetadata.c"
  16              		.text
  17              	.Ltext0:
  18              		.cfi_sections	.debug_frame
  19              		.global	cy_meta_loadable
  20              		.section	.cyloadablemeta,"a",%progbits
  21              		.type	cy_meta_loadable, %object
  22              		.size	cy_meta_loadable, 64
  23              	cy_meta_loadable:
  24 0000 00000000 		.space	64
  24      00000000 
  24      00000000 
  24      00000000 
  24      00000000 
  25              		.text
  26              	.Letext0:
  27              		.file 1 "c:\\program files (x86)\\cypress\\psoc creator\\4.1\\psoc creator\\import\\gnu\\arm\\5.4.
  28              		.file 2 "c:\\program files (x86)\\cypress\\psoc creator\\4.1\\psoc creator\\import\\gnu\\arm\\5.4.
  29              		.file 3 "Generated_Source\\PSoC4\\cymetadata.c"
  30              		.section	.debug_info,"",%progbits
  31              	.Ldebug_info0:
  32 0000 A8000000 		.4byte	0xa8
  33 0004 0400     		.2byte	0x4
  34 0006 00000000 		.4byte	.Ldebug_abbrev0
  35 000a 04       		.byte	0x4
  36 000b 01       		.uleb128 0x1
  37 000c D4000000 		.4byte	.LASF12
  38 0010 0C       		.byte	0xc
  39 0011 18000000 		.4byte	.LASF13
  40 0015 62010000 		.4byte	.LASF14
  41 0019 00000000 		.4byte	.Ldebug_line0
  42 001d 02       		.uleb128 0x2
  43 001e 01       		.byte	0x1
  44 001f 06       		.byte	0x6
  45 0020 C8000000 		.4byte	.LASF0
  46 0024 03       		.uleb128 0x3
  47 0025 00000000 		.4byte	.LASF9
  48 0029 01       		.byte	0x1
  49 002a 1D       		.byte	0x1d
  50 002b 2F000000 		.4byte	0x2f
  51 002f 02       		.uleb128 0x2
  52 0030 01       		.byte	0x1
  53 0031 08       		.byte	0x8
ARM GAS  C:\Users\Administrator\AppData\Local\Temp\ccHe40ll.s 			page 2


  54 0032 0A000000 		.4byte	.LASF1
  55 0036 02       		.uleb128 0x2
  56 0037 02       		.byte	0x2
  57 0038 05       		.byte	0x5
  58 0039 B5000000 		.4byte	.LASF2
  59 003d 02       		.uleb128 0x2
  60 003e 02       		.byte	0x2
  61 003f 07       		.byte	0x7
  62 0040 4E000000 		.4byte	.LASF3
  63 0044 02       		.uleb128 0x2
  64 0045 04       		.byte	0x4
  65 0046 05       		.byte	0x5
  66 0047 BF000000 		.4byte	.LASF4
  67 004b 02       		.uleb128 0x2
  68 004c 04       		.byte	0x4
  69 004d 07       		.byte	0x7
  70 004e 3C000000 		.4byte	.LASF5
  71 0052 02       		.uleb128 0x2
  72 0053 08       		.byte	0x8
  73 0054 05       		.byte	0x5
  74 0055 A7000000 		.4byte	.LASF6
  75 0059 02       		.uleb128 0x2
  76 005a 08       		.byte	0x8
  77 005b 07       		.byte	0x7
  78 005c 6E000000 		.4byte	.LASF7
  79 0060 04       		.uleb128 0x4
  80 0061 04       		.byte	0x4
  81 0062 05       		.byte	0x5
  82 0063 696E7400 		.ascii	"int\000"
  83 0067 02       		.uleb128 0x2
  84 0068 04       		.byte	0x4
  85 0069 07       		.byte	0x7
  86 006a 61000000 		.4byte	.LASF8
  87 006e 03       		.uleb128 0x3
  88 006f 85000000 		.4byte	.LASF10
  89 0073 02       		.byte	0x2
  90 0074 18       		.byte	0x18
  91 0075 24000000 		.4byte	0x24
  92 0079 05       		.uleb128 0x5
  93 007a 90000000 		.4byte	0x90
  94 007e 89000000 		.4byte	0x89
  95 0082 06       		.uleb128 0x6
  96 0083 89000000 		.4byte	0x89
  97 0087 3F       		.byte	0x3f
  98 0088 00       		.byte	0
  99 0089 02       		.uleb128 0x2
 100 008a 04       		.byte	0x4
 101 008b 07       		.byte	0x7
 102 008c 9E000000 		.4byte	.LASF11
 103 0090 07       		.uleb128 0x7
 104 0091 6E000000 		.4byte	0x6e
 105 0095 08       		.uleb128 0x8
 106 0096 8D000000 		.4byte	.LASF15
 107 009a 03       		.byte	0x3
 108 009b 1F       		.byte	0x1f
 109 009c A6000000 		.4byte	0xa6
 110 00a0 05       		.uleb128 0x5
ARM GAS  C:\Users\Administrator\AppData\Local\Temp\ccHe40ll.s 			page 3


 111 00a1 03       		.byte	0x3
 112 00a2 00000000 		.4byte	cy_meta_loadable
 113 00a6 07       		.uleb128 0x7
 114 00a7 79000000 		.4byte	0x79
 115 00ab 00       		.byte	0
 116              		.section	.debug_abbrev,"",%progbits
 117              	.Ldebug_abbrev0:
 118 0000 01       		.uleb128 0x1
 119 0001 11       		.uleb128 0x11
 120 0002 01       		.byte	0x1
 121 0003 25       		.uleb128 0x25
 122 0004 0E       		.uleb128 0xe
 123 0005 13       		.uleb128 0x13
 124 0006 0B       		.uleb128 0xb
 125 0007 03       		.uleb128 0x3
 126 0008 0E       		.uleb128 0xe
 127 0009 1B       		.uleb128 0x1b
 128 000a 0E       		.uleb128 0xe
 129 000b 10       		.uleb128 0x10
 130 000c 17       		.uleb128 0x17
 131 000d 00       		.byte	0
 132 000e 00       		.byte	0
 133 000f 02       		.uleb128 0x2
 134 0010 24       		.uleb128 0x24
 135 0011 00       		.byte	0
 136 0012 0B       		.uleb128 0xb
 137 0013 0B       		.uleb128 0xb
 138 0014 3E       		.uleb128 0x3e
 139 0015 0B       		.uleb128 0xb
 140 0016 03       		.uleb128 0x3
 141 0017 0E       		.uleb128 0xe
 142 0018 00       		.byte	0
 143 0019 00       		.byte	0
 144 001a 03       		.uleb128 0x3
 145 001b 16       		.uleb128 0x16
 146 001c 00       		.byte	0
 147 001d 03       		.uleb128 0x3
 148 001e 0E       		.uleb128 0xe
 149 001f 3A       		.uleb128 0x3a
 150 0020 0B       		.uleb128 0xb
 151 0021 3B       		.uleb128 0x3b
 152 0022 0B       		.uleb128 0xb
 153 0023 49       		.uleb128 0x49
 154 0024 13       		.uleb128 0x13
 155 0025 00       		.byte	0
 156 0026 00       		.byte	0
 157 0027 04       		.uleb128 0x4
 158 0028 24       		.uleb128 0x24
 159 0029 00       		.byte	0
 160 002a 0B       		.uleb128 0xb
 161 002b 0B       		.uleb128 0xb
 162 002c 3E       		.uleb128 0x3e
 163 002d 0B       		.uleb128 0xb
 164 002e 03       		.uleb128 0x3
 165 002f 08       		.uleb128 0x8
 166 0030 00       		.byte	0
 167 0031 00       		.byte	0
ARM GAS  C:\Users\Administrator\AppData\Local\Temp\ccHe40ll.s 			page 4


 168 0032 05       		.uleb128 0x5
 169 0033 01       		.uleb128 0x1
 170 0034 01       		.byte	0x1
 171 0035 49       		.uleb128 0x49
 172 0036 13       		.uleb128 0x13
 173 0037 01       		.uleb128 0x1
 174 0038 13       		.uleb128 0x13
 175 0039 00       		.byte	0
 176 003a 00       		.byte	0
 177 003b 06       		.uleb128 0x6
 178 003c 21       		.uleb128 0x21
 179 003d 00       		.byte	0
 180 003e 49       		.uleb128 0x49
 181 003f 13       		.uleb128 0x13
 182 0040 2F       		.uleb128 0x2f
 183 0041 0B       		.uleb128 0xb
 184 0042 00       		.byte	0
 185 0043 00       		.byte	0
 186 0044 07       		.uleb128 0x7
 187 0045 26       		.uleb128 0x26
 188 0046 00       		.byte	0
 189 0047 49       		.uleb128 0x49
 190 0048 13       		.uleb128 0x13
 191 0049 00       		.byte	0
 192 004a 00       		.byte	0
 193 004b 08       		.uleb128 0x8
 194 004c 34       		.uleb128 0x34
 195 004d 00       		.byte	0
 196 004e 03       		.uleb128 0x3
 197 004f 0E       		.uleb128 0xe
 198 0050 3A       		.uleb128 0x3a
 199 0051 0B       		.uleb128 0xb
 200 0052 3B       		.uleb128 0x3b
 201 0053 0B       		.uleb128 0xb
 202 0054 49       		.uleb128 0x49
 203 0055 13       		.uleb128 0x13
 204 0056 3F       		.uleb128 0x3f
 205 0057 19       		.uleb128 0x19
 206 0058 02       		.uleb128 0x2
 207 0059 18       		.uleb128 0x18
 208 005a 00       		.byte	0
 209 005b 00       		.byte	0
 210 005c 00       		.byte	0
 211              		.section	.debug_aranges,"",%progbits
 212 0000 14000000 		.4byte	0x14
 213 0004 0200     		.2byte	0x2
 214 0006 00000000 		.4byte	.Ldebug_info0
 215 000a 04       		.byte	0x4
 216 000b 00       		.byte	0
 217 000c 0000     		.2byte	0
 218 000e 0000     		.2byte	0
 219 0010 00000000 		.4byte	0
 220 0014 00000000 		.4byte	0
 221              		.section	.debug_line,"",%progbits
 222              	.Ldebug_line0:
 223 0000 3D010000 		.section	.debug_str,"MS",%progbits,1
 223      02003701 
ARM GAS  C:\Users\Administrator\AppData\Local\Temp\ccHe40ll.s 			page 5


 223      00000201 
 223      FB0E0D00 
 223      01010101 
 224              	.LASF9:
 225 0000 5F5F7569 		.ascii	"__uint8_t\000"
 225      6E74385F 
 225      7400
 226              	.LASF1:
 227 000a 756E7369 		.ascii	"unsigned char\000"
 227      676E6564 
 227      20636861 
 227      7200
 228              	.LASF13:
 229 0018 47656E65 		.ascii	"Generated_Source\\PSoC4\\cymetadata.c\000"
 229      72617465 
 229      645F536F 
 229      75726365 
 229      5C50536F 
 230              	.LASF5:
 231 003c 6C6F6E67 		.ascii	"long unsigned int\000"
 231      20756E73 
 231      69676E65 
 231      6420696E 
 231      7400
 232              	.LASF3:
 233 004e 73686F72 		.ascii	"short unsigned int\000"
 233      7420756E 
 233      7369676E 
 233      65642069 
 233      6E7400
 234              	.LASF8:
 235 0061 756E7369 		.ascii	"unsigned int\000"
 235      676E6564 
 235      20696E74 
 235      00
 236              	.LASF7:
 237 006e 6C6F6E67 		.ascii	"long long unsigned int\000"
 237      206C6F6E 
 237      6720756E 
 237      7369676E 
 237      65642069 
 238              	.LASF10:
 239 0085 75696E74 		.ascii	"uint8_t\000"
 239      385F7400 
 240              	.LASF15:
 241 008d 63795F6D 		.ascii	"cy_meta_loadable\000"
 241      6574615F 
 241      6C6F6164 
 241      61626C65 
 241      00
 242              	.LASF11:
 243 009e 73697A65 		.ascii	"sizetype\000"
 243      74797065 
 243      00
 244              	.LASF6:
 245 00a7 6C6F6E67 		.ascii	"long long int\000"
 245      206C6F6E 
ARM GAS  C:\Users\Administrator\AppData\Local\Temp\ccHe40ll.s 			page 6


 245      6720696E 
 245      7400
 246              	.LASF2:
 247 00b5 73686F72 		.ascii	"short int\000"
 247      7420696E 
 247      7400
 248              	.LASF4:
 249 00bf 6C6F6E67 		.ascii	"long int\000"
 249      20696E74 
 249      00
 250              	.LASF0:
 251 00c8 7369676E 		.ascii	"signed char\000"
 251      65642063 
 251      68617200 
 252              	.LASF12:
 253 00d4 474E5520 		.ascii	"GNU C11 5.4.1 20160609 (release) [ARM/embedded-5-br"
 253      43313120 
 253      352E342E 
 253      31203230 
 253      31363036 
 254 0107 616E6368 		.ascii	"anch revision 237715] -mcpu=cortex-m0 -mthumb -g -O"
 254      20726576 
 254      6973696F 
 254      6E203233 
 254      37373135 
 255 013a 73202D66 		.ascii	"s -ffunction-sections -ffat-lto-objects\000"
 255      66756E63 
 255      74696F6E 
 255      2D736563 
 255      74696F6E 
 256              	.LASF14:
 257 0162 473A5C50 		.ascii	"G:\\Psoc4_prj\\7.rental_house\\18-04-11\\second_ima"
 257      736F6334 
 257      5F70726A 
 257      5C372E72 
 257      656E7461 
 258 0191 6765735B 		.ascii	"ges[4-9]\\EntranceGuard_171019-12.50\\EntranceGuard"
 258      342D395D 
 258      5C456E74 
 258      72616E63 
 258      65477561 
 259 01c2 2E637964 		.ascii	".cydsn\000"
 259      736E00
 260              		.ident	"GCC: (GNU Tools for ARM Embedded Processors) 5.4.1 20160609 (release) [ARM/embedded-5-bran
