ARM GAS  C:\Users\Administrator\AppData\Local\Temp\ccIjs2fN.s 			page 1


   1              		.syntax unified
   2              		.cpu cortex-m0
   3              		.fpu softvfp
   4              		.eabi_attribute 20, 1
   5              		.eabi_attribute 21, 1
   6              		.eabi_attribute 23, 3
   7              		.eabi_attribute 24, 1
   8              		.eabi_attribute 25, 1
   9              		.eabi_attribute 26, 1
  10              		.eabi_attribute 30, 4
  11              		.eabi_attribute 34, 0
  12              		.eabi_attribute 18, 4
  13              		.thumb
  14              		.syntax unified
  15              		.file	"isr.c"
  16              		.text
  17              	.Ltext0:
  18              		.cfi_sections	.debug_frame
  19              		.section	.text.WDT_Interrupt,"ax",%progbits
  20              		.align	1
  21              		.global	WDT_Interrupt
  22              		.code	16
  23              		.thumb_func
  24              		.type	WDT_Interrupt, %function
  25              	WDT_Interrupt:
  26              	.LFB63:
  27              		.file 1 "Code\\UserApp\\isr.c"
   1:Code\UserApp/isr.c **** //*************************************************************************************************
   2:Code\UserApp/isr.c **** // File name		: isr.c
   3:Code\UserApp/isr.c **** // Description		: 中断服务的相关信息
   4:Code\UserApp/isr.c **** // Author			: Keno
   5:Code\UserApp/isr.c **** // Date				: 2016.8.8
   6:Code\UserApp/isr.c **** // Version			: V02
   7:Code\UserApp/isr.c **** //-------------------------------------------------------------------------------------------------
   8:Code\UserApp/isr.c **** // Info				: 
   9:Code\UserApp/isr.c **** //*************************************************************************************************
  10:Code\UserApp/isr.c **** #include "isr.h"
  11:Code\UserApp/isr.c **** 
  12:Code\UserApp/isr.c **** 
  13:Code\UserApp/isr.c **** 
  14:Code\UserApp/isr.c **** //*************************************************************************************************
  15:Code\UserApp/isr.c **** // Function name	: WDT_Interrupt
  16:Code\UserApp/isr.c **** // Description		: 看门狗中断
  17:Code\UserApp/isr.c **** // Parameter		: none
  18:Code\UserApp/isr.c **** // Return			: none
  19:Code\UserApp/isr.c **** //-------------------------------------------------------------------------------------------------
  20:Code\UserApp/isr.c **** // Info				: 
  21:Code\UserApp/isr.c **** //*************************************************************************************************
  22:Code\UserApp/isr.c **** CY_ISR(WDT_Interrupt)
  23:Code\UserApp/isr.c **** {
  28              		.loc 1 23 0
  29              		.cfi_startproc
  30              		@ args = 0, pretend = 0, frame = 0
  31              		@ frame_needed = 0, uses_anonymous_args = 0
  32 0000 10B5     		push	{r4, lr}
  33              		.cfi_def_cfa_offset 8
  34              		.cfi_offset 4, -8
ARM GAS  C:\Users\Administrator\AppData\Local\Temp\ccIjs2fN.s 			page 2


  35              		.cfi_offset 14, -4
  24:Code\UserApp/isr.c **** 	if (CySysWdtGetInterruptSource() & CY_SYS_WDT_COUNTER0_INT)
  36              		.loc 1 24 0
  37 0002 FFF7FEFF 		bl	CySysWdtGetInterruptSource
  38              	.LVL0:
  39 0006 0423     		movs	r3, #4
  40 0008 1842     		tst	r0, r3
  41 000a 06D0     		beq	.L1
  25:Code\UserApp/isr.c **** 	{
  26:Code\UserApp/isr.c **** 		/* Clear interrupts state */
  27:Code\UserApp/isr.c **** 		CySysWdtClearInterrupt(CY_SYS_WDT_COUNTER0_INT);
  42              		.loc 1 27 0
  43 000c 1800     		movs	r0, r3
  44 000e FFF7FEFF 		bl	CySysWdtClearInterrupt
  45              	.LVL1:
  28:Code\UserApp/isr.c ****     	WDT_ISR_ClearPending();
  46              		.loc 1 28 0
  47 0012 FFF7FEFF 		bl	WDT_ISR_ClearPending
  48              	.LVL2:
  29:Code\UserApp/isr.c **** 		RTC_Update();
  49              		.loc 1 29 0
  50 0016 FFF7FEFF 		bl	RTC_Update
  51              	.LVL3:
  52              	.L1:
  30:Code\UserApp/isr.c **** 	}
  31:Code\UserApp/isr.c **** }
  53              		.loc 1 31 0
  54              		@ sp needed
  55 001a 10BD     		pop	{r4, pc}
  56              		.cfi_endproc
  57              	.LFE63:
  58              		.size	WDT_Interrupt, .-WDT_Interrupt
  59              		.section	.text.SYSTICK_IRQ_INTERRUPT,"ax",%progbits
  60              		.align	1
  61              		.global	SYSTICK_IRQ_INTERRUPT
  62              		.code	16
  63              		.thumb_func
  64              		.type	SYSTICK_IRQ_INTERRUPT, %function
  65              	SYSTICK_IRQ_INTERRUPT:
  66              	.LFB64:
  32:Code\UserApp/isr.c **** 
  33:Code\UserApp/isr.c **** //*************************************************************************************************
  34:Code\UserApp/isr.c **** // Function name	: SYSTICK_IRQ_INTERRUPT
  35:Code\UserApp/isr.c **** // Description		: SYSTICK定时器中断的服务函数
  36:Code\UserApp/isr.c **** // Parameter		: none
  37:Code\UserApp/isr.c **** // Return			: none
  38:Code\UserApp/isr.c **** //-------------------------------------------------------------------------------------------------
  39:Code\UserApp/isr.c **** // Info				: 1ms进入中断一次
  40:Code\UserApp/isr.c **** //*************************************************************************************************
  41:Code\UserApp/isr.c **** CY_ISR(SYSTICK_IRQ_INTERRUPT)
  42:Code\UserApp/isr.c **** {
  67              		.loc 1 42 0
  68              		.cfi_startproc
  69              		@ args = 0, pretend = 0, frame = 0
  70              		@ frame_needed = 0, uses_anonymous_args = 0
  71              		@ link register save eliminated.
  43:Code\UserApp/isr.c **** 
ARM GAS  C:\Users\Administrator\AppData\Local\Temp\ccIjs2fN.s 			page 3


  44:Code\UserApp/isr.c **** }
  72              		.loc 1 44 0
  73              		@ sp needed
  74 0000 7047     		bx	lr
  75              		.cfi_endproc
  76              	.LFE64:
  77              		.size	SYSTICK_IRQ_INTERRUPT, .-SYSTICK_IRQ_INTERRUPT
  78              		.section	.text.Timer_InterruptHandler,"ax",%progbits
  79              		.align	1
  80              		.global	Timer_InterruptHandler
  81              		.code	16
  82              		.thumb_func
  83              		.type	Timer_InterruptHandler, %function
  84              	Timer_InterruptHandler:
  85              	.LFB65:
  45:Code\UserApp/isr.c **** 
  46:Code\UserApp/isr.c **** //*************************************************************************************************
  47:Code\UserApp/isr.c **** // Function name	: Timer_InterruptHandler
  48:Code\UserApp/isr.c **** // Description		: 定时器中断的服务函数
  49:Code\UserApp/isr.c **** // Parameter		: none
  50:Code\UserApp/isr.c **** // Return			: none
  51:Code\UserApp/isr.c **** //-------------------------------------------------------------------------------------------------
  52:Code\UserApp/isr.c **** // Info				:
  53:Code\UserApp/isr.c **** //*************************************************************************************************
  54:Code\UserApp/isr.c **** CY_ISR(Timer_InterruptHandler)
  55:Code\UserApp/isr.c **** {
  86              		.loc 1 55 0
  87              		.cfi_startproc
  88              		@ args = 0, pretend = 0, frame = 0
  89              		@ frame_needed = 0, uses_anonymous_args = 0
  56:Code\UserApp/isr.c **** 	Timer_100ms_WriteCounter(1000);
  90              		.loc 1 56 0
  91 0000 FA20     		movs	r0, #250
  55:Code\UserApp/isr.c **** 	Timer_100ms_WriteCounter(1000);
  92              		.loc 1 55 0
  93 0002 10B5     		push	{r4, lr}
  94              		.cfi_def_cfa_offset 8
  95              		.cfi_offset 4, -8
  96              		.cfi_offset 14, -4
  97              		.loc 1 56 0
  98 0004 8000     		lsls	r0, r0, #2
  99 0006 FFF7FEFF 		bl	Timer_100ms_WriteCounter
 100              	.LVL4:
  57:Code\UserApp/isr.c **** 	Timer_100ms_ClearInterrupt(Timer_100ms__INTR_MASK_CC_MATCH);
 101              		.loc 1 57 0
 102 000a 0220     		movs	r0, #2
 103 000c FFF7FEFF 		bl	Timer_100ms_ClearInterrupt
 104              	.LVL5:
  58:Code\UserApp/isr.c **** 	WaitTimeOut();
  59:Code\UserApp/isr.c **** 	RecvTimeOut();
  60:Code\UserApp/isr.c **** 	UpdateTimeOut();
  61:Code\UserApp/isr.c **** 	BeepPlay_WaitTime();									// 蜂鸣器计时器								//
  62:Code\UserApp/isr.c ****     CardCheckTimeOut();
  63:Code\UserApp/isr.c **** 	Defendalarm_TimeOut();
  64:Code\UserApp/isr.c **** 	MgCheck_Count();
  65:Code\UserApp/isr.c **** 	FireCheck_Count();
  66:Code\UserApp/isr.c **** }
ARM GAS  C:\Users\Administrator\AppData\Local\Temp\ccIjs2fN.s 			page 4


 105              		.loc 1 66 0
 106              		@ sp needed
  58:Code\UserApp/isr.c **** 	WaitTimeOut();
 107              		.loc 1 58 0
 108 0010 FFF7FEFF 		bl	WaitTimeOut
 109              	.LVL6:
  59:Code\UserApp/isr.c **** 	UpdateTimeOut();
 110              		.loc 1 59 0
 111 0014 FFF7FEFF 		bl	RecvTimeOut
 112              	.LVL7:
  60:Code\UserApp/isr.c **** 	BeepPlay_WaitTime();									// 蜂鸣器计时器								//
 113              		.loc 1 60 0
 114 0018 FFF7FEFF 		bl	UpdateTimeOut
 115              	.LVL8:
  61:Code\UserApp/isr.c ****     CardCheckTimeOut();
 116              		.loc 1 61 0
 117 001c FFF7FEFF 		bl	BeepPlay_WaitTime
 118              	.LVL9:
  62:Code\UserApp/isr.c **** 	Defendalarm_TimeOut();
 119              		.loc 1 62 0
 120 0020 FFF7FEFF 		bl	CardCheckTimeOut
 121              	.LVL10:
  63:Code\UserApp/isr.c **** 	MgCheck_Count();
 122              		.loc 1 63 0
 123 0024 FFF7FEFF 		bl	Defendalarm_TimeOut
 124              	.LVL11:
  64:Code\UserApp/isr.c **** 	FireCheck_Count();
 125              		.loc 1 64 0
 126 0028 FFF7FEFF 		bl	MgCheck_Count
 127              	.LVL12:
  65:Code\UserApp/isr.c **** }
 128              		.loc 1 65 0
 129 002c FFF7FEFF 		bl	FireCheck_Count
 130              	.LVL13:
 131              		.loc 1 66 0
 132 0030 10BD     		pop	{r4, pc}
 133              		.cfi_endproc
 134              	.LFE65:
 135              		.size	Timer_InterruptHandler, .-Timer_InterruptHandler
 136              		.section	.text.RX_IRQ_INTERRUPT,"ax",%progbits
 137              		.align	1
 138              		.global	RX_IRQ_INTERRUPT
 139              		.code	16
 140              		.thumb_func
 141              		.type	RX_IRQ_INTERRUPT, %function
 142              	RX_IRQ_INTERRUPT:
 143              	.LFB66:
  67:Code\UserApp/isr.c **** 
  68:Code\UserApp/isr.c **** //*************************************************************************************************
  69:Code\UserApp/isr.c **** // Function name	: RX_IRQ_INTERRUPT
  70:Code\UserApp/isr.c **** // Description		: 串口中断的服务函数
  71:Code\UserApp/isr.c **** // Parameter		: none
  72:Code\UserApp/isr.c **** // Return			: none
  73:Code\UserApp/isr.c **** //-------------------------------------------------------------------------------------------------
  74:Code\UserApp/isr.c **** // Info				:
  75:Code\UserApp/isr.c **** //*************************************************************************************************
  76:Code\UserApp/isr.c **** CY_ISR(RX_IRQ_INTERRUPT)
ARM GAS  C:\Users\Administrator\AppData\Local\Temp\ccIjs2fN.s 			page 5


  77:Code\UserApp/isr.c **** {
 144              		.loc 1 77 0
 145              		.cfi_startproc
 146              		@ args = 0, pretend = 0, frame = 0
 147              		@ frame_needed = 0, uses_anonymous_args = 0
 148 0000 10B5     		push	{r4, lr}
 149              		.cfi_def_cfa_offset 8
 150              		.cfi_offset 4, -8
 151              		.cfi_offset 14, -4
  78:Code\UserApp/isr.c **** 	#if 0 
  79:Code\UserApp/isr.c ****     uint8 i, rxData;
  80:Code\UserApp/isr.c **** 	uint32 qty;
  81:Code\UserApp/isr.c **** 	
  82:Code\UserApp/isr.c **** 	if (UART_433_GetRxInterruptSourceMasked() & UART_433_INTR_RX_NOT_EMPTY)
  83:Code\UserApp/isr.c **** 	{
  84:Code\UserApp/isr.c **** 		qty = UART_433_SpiUartGetRxBufferSize();
  85:Code\UserApp/isr.c **** 		for (i = 0; i < qty; i++)
  86:Code\UserApp/isr.c **** 		{
  87:Code\UserApp/isr.c **** 			rxData = UART_433_SpiUartReadRxData();
  88:Code\UserApp/isr.c **** 			Uart433Recv(rxData);
  89:Code\UserApp/isr.c **** 		}
  90:Code\UserApp/isr.c **** 	}
  91:Code\UserApp/isr.c ****     UART_433_SpiUartClearRxBuffer();
  92:Code\UserApp/isr.c **** 	#endif
  93:Code\UserApp/isr.c **** 	// 优化数据接收速率问题！ @chensq 03-07
  94:Code\UserApp/isr.c **** 	if (0u != UART_433_SpiUartGetRxBufferSize())
 152              		.loc 1 94 0
 153 0002 FFF7FEFF 		bl	UART_433_SpiUartGetRxBufferSize
 154              	.LVL14:
 155 0006 0028     		cmp	r0, #0
 156 0008 04D0     		beq	.L10
  95:Code\UserApp/isr.c **** 	{
  96:Code\UserApp/isr.c **** 		Uart433Recv(UART_433_RX_FIFO_RD_REG);	
 157              		.loc 1 96 0
 158 000a 044B     		ldr	r3, .L14
 159 000c 1868     		ldr	r0, [r3]
 160 000e C0B2     		uxtb	r0, r0
 161 0010 FFF7FEFF 		bl	Uart433Recv
 162              	.LVL15:
 163              	.L10:
  97:Code\UserApp/isr.c **** 	}
  98:Code\UserApp/isr.c **** 		
  99:Code\UserApp/isr.c ****     UART_433_ClearRxInterruptSource(UART_433_INTR_RX_NOT_EMPTY);
 164              		.loc 1 99 0
 165 0014 0422     		movs	r2, #4
 166 0016 024B     		ldr	r3, .L14+4
 100:Code\UserApp/isr.c **** }
 167              		.loc 1 100 0
 168              		@ sp needed
  99:Code\UserApp/isr.c **** }
 169              		.loc 1 99 0
 170 0018 1A60     		str	r2, [r3]
 171              		.loc 1 100 0
 172 001a 10BD     		pop	{r4, pc}
 173              	.L15:
 174              		.align	2
 175              	.L14:
ARM GAS  C:\Users\Administrator\AppData\Local\Temp\ccIjs2fN.s 			page 6


 176 001c 40032440 		.word	1076101952
 177 0020 C00F2440 		.word	1076105152
 178              		.cfi_endproc
 179              	.LFE66:
 180              		.size	RX_IRQ_INTERRUPT, .-RX_IRQ_INTERRUPT
 181              		.text
 182              	.Letext0:
 183              		.file 2 "Generated_Source\\PSoC4/cytypes.h"
 184              		.file 3 "Generated_Source\\PSoC4/CyLFClk.h"
 185              		.file 4 "Generated_Source\\PSoC4/WDT_ISR.h"
 186              		.file 5 "Generated_Source\\PSoC4/RTC.h"
 187              		.file 6 "Generated_Source\\PSoC4/Timer_100ms.h"
 188              		.file 7 "Code\\UserApp\\isr.h"
 189              		.file 8 ".\\Code\\UserApp\\Voice/voice.h"
 190              		.file 9 "Generated_Source\\PSoC4/UART_433_SPI_UART.h"
 191              		.file 10 ".\\Code\\Device\\GPRS/Uart433.h"
 192              		.section	.debug_info,"",%progbits
 193              	.Ldebug_info0:
 194 0000 91020000 		.4byte	0x291
 195 0004 0400     		.2byte	0x4
 196 0006 00000000 		.4byte	.Ldebug_abbrev0
 197 000a 04       		.byte	0x4
 198 000b 01       		.uleb128 0x1
 199 000c 88020000 		.4byte	.LASF36
 200 0010 0C       		.byte	0xc
 201 0011 44010000 		.4byte	.LASF37
 202 0015 6B010000 		.4byte	.LASF38
 203 0019 00000000 		.4byte	.Ldebug_ranges0+0
 204 001d 00000000 		.4byte	0
 205 0021 00000000 		.4byte	.Ldebug_line0
 206 0025 02       		.uleb128 0x2
 207 0026 01       		.byte	0x1
 208 0027 06       		.byte	0x6
 209 0028 7C020000 		.4byte	.LASF0
 210 002c 02       		.uleb128 0x2
 211 002d 01       		.byte	0x1
 212 002e 08       		.byte	0x8
 213 002f 77000000 		.4byte	.LASF1
 214 0033 02       		.uleb128 0x2
 215 0034 02       		.byte	0x2
 216 0035 05       		.byte	0x5
 217 0036 32020000 		.4byte	.LASF2
 218 003a 02       		.uleb128 0x2
 219 003b 02       		.byte	0x2
 220 003c 07       		.byte	0x7
 221 003d 57000000 		.4byte	.LASF3
 222 0041 02       		.uleb128 0x2
 223 0042 04       		.byte	0x4
 224 0043 05       		.byte	0x5
 225 0044 4A020000 		.4byte	.LASF4
 226 0048 02       		.uleb128 0x2
 227 0049 04       		.byte	0x4
 228 004a 07       		.byte	0x7
 229 004b F9000000 		.4byte	.LASF5
 230 004f 02       		.uleb128 0x2
 231 0050 08       		.byte	0x8
 232 0051 05       		.byte	0x5
ARM GAS  C:\Users\Administrator\AppData\Local\Temp\ccIjs2fN.s 			page 7


 233 0052 09020000 		.4byte	.LASF6
 234 0056 02       		.uleb128 0x2
 235 0057 08       		.byte	0x8
 236 0058 07       		.byte	0x7
 237 0059 CC010000 		.4byte	.LASF7
 238 005d 03       		.uleb128 0x3
 239 005e 04       		.byte	0x4
 240 005f 05       		.byte	0x5
 241 0060 696E7400 		.ascii	"int\000"
 242 0064 02       		.uleb128 0x2
 243 0065 04       		.byte	0x4
 244 0066 07       		.byte	0x7
 245 0067 5E010000 		.4byte	.LASF8
 246 006b 04       		.uleb128 0x4
 247 006c 3D010000 		.4byte	.LASF9
 248 0070 02       		.byte	0x2
 249 0071 D301     		.2byte	0x1d3
 250 0073 3A000000 		.4byte	0x3a
 251 0077 04       		.uleb128 0x4
 252 0078 57010000 		.4byte	.LASF10
 253 007c 02       		.byte	0x2
 254 007d D401     		.2byte	0x1d4
 255 007f 48000000 		.4byte	0x48
 256 0083 02       		.uleb128 0x2
 257 0084 04       		.byte	0x4
 258 0085 04       		.byte	0x4
 259 0086 71000000 		.4byte	.LASF11
 260 008a 02       		.uleb128 0x2
 261 008b 08       		.byte	0x8
 262 008c 04       		.byte	0x4
 263 008d 6A000000 		.4byte	.LASF12
 264 0091 02       		.uleb128 0x2
 265 0092 01       		.byte	0x1
 266 0093 08       		.byte	0x8
 267 0094 17020000 		.4byte	.LASF13
 268 0098 04       		.uleb128 0x4
 269 0099 53020000 		.4byte	.LASF14
 270 009d 02       		.byte	0x2
 271 009e 7E02     		.2byte	0x27e
 272 00a0 A4000000 		.4byte	0xa4
 273 00a4 05       		.uleb128 0x5
 274 00a5 77000000 		.4byte	0x77
 275 00a9 02       		.uleb128 0x2
 276 00aa 08       		.byte	0x8
 277 00ab 04       		.byte	0x4
 278 00ac 70020000 		.4byte	.LASF15
 279 00b0 02       		.uleb128 0x2
 280 00b1 04       		.byte	0x4
 281 00b2 07       		.byte	0x7
 282 00b3 E3010000 		.4byte	.LASF16
 283 00b7 06       		.uleb128 0x6
 284 00b8 3C020000 		.4byte	.LASF17
 285 00bc 01       		.byte	0x1
 286 00bd 16       		.byte	0x16
 287 00be 00000000 		.4byte	.LFB63
 288 00c2 1C000000 		.4byte	.LFE63-.LFB63
 289 00c6 01       		.uleb128 0x1
ARM GAS  C:\Users\Administrator\AppData\Local\Temp\ccIjs2fN.s 			page 8


 290 00c7 9C       		.byte	0x9c
 291 00c8 FB000000 		.4byte	0xfb
 292 00cc 07       		.uleb128 0x7
 293 00cd 06000000 		.4byte	.LVL0
 294 00d1 E0010000 		.4byte	0x1e0
 295 00d5 08       		.uleb128 0x8
 296 00d6 12000000 		.4byte	.LVL1
 297 00da EB010000 		.4byte	0x1eb
 298 00de E8000000 		.4byte	0xe8
 299 00e2 09       		.uleb128 0x9
 300 00e3 01       		.uleb128 0x1
 301 00e4 50       		.byte	0x50
 302 00e5 01       		.uleb128 0x1
 303 00e6 34       		.byte	0x34
 304 00e7 00       		.byte	0
 305 00e8 07       		.uleb128 0x7
 306 00e9 16000000 		.4byte	.LVL2
 307 00ed F6010000 		.4byte	0x1f6
 308 00f1 07       		.uleb128 0x7
 309 00f2 1A000000 		.4byte	.LVL3
 310 00f6 01020000 		.4byte	0x201
 311 00fa 00       		.byte	0
 312 00fb 0A       		.uleb128 0xa
 313 00fc 1C020000 		.4byte	.LASF39
 314 0100 01       		.byte	0x1
 315 0101 29       		.byte	0x29
 316 0102 00000000 		.4byte	.LFB64
 317 0106 02000000 		.4byte	.LFE64-.LFB64
 318 010a 01       		.uleb128 0x1
 319 010b 9C       		.byte	0x9c
 320 010c 06       		.uleb128 0x6
 321 010d 26010000 		.4byte	.LASF18
 322 0111 01       		.byte	0x1
 323 0112 36       		.byte	0x36
 324 0113 00000000 		.4byte	.LFB65
 325 0117 32000000 		.4byte	.LFE65-.LFB65
 326 011b 01       		.uleb128 0x1
 327 011c 9C       		.byte	0x9c
 328 011d 92010000 		.4byte	0x192
 329 0121 08       		.uleb128 0x8
 330 0122 0A000000 		.4byte	.LVL4
 331 0126 0D020000 		.4byte	0x20d
 332 012a 36010000 		.4byte	0x136
 333 012e 09       		.uleb128 0x9
 334 012f 01       		.uleb128 0x1
 335 0130 50       		.byte	0x50
 336 0131 03       		.uleb128 0x3
 337 0132 0A       		.byte	0xa
 338 0133 E803     		.2byte	0x3e8
 339 0135 00       		.byte	0
 340 0136 08       		.uleb128 0x8
 341 0137 10000000 		.4byte	.LVL5
 342 013b 19020000 		.4byte	0x219
 343 013f 49010000 		.4byte	0x149
 344 0143 09       		.uleb128 0x9
 345 0144 01       		.uleb128 0x1
 346 0145 50       		.byte	0x50
ARM GAS  C:\Users\Administrator\AppData\Local\Temp\ccIjs2fN.s 			page 9


 347 0146 01       		.uleb128 0x1
 348 0147 32       		.byte	0x32
 349 0148 00       		.byte	0
 350 0149 07       		.uleb128 0x7
 351 014a 14000000 		.4byte	.LVL6
 352 014e 25020000 		.4byte	0x225
 353 0152 07       		.uleb128 0x7
 354 0153 18000000 		.4byte	.LVL7
 355 0157 30020000 		.4byte	0x230
 356 015b 07       		.uleb128 0x7
 357 015c 1C000000 		.4byte	.LVL8
 358 0160 3B020000 		.4byte	0x23b
 359 0164 07       		.uleb128 0x7
 360 0165 20000000 		.4byte	.LVL9
 361 0169 46020000 		.4byte	0x246
 362 016d 07       		.uleb128 0x7
 363 016e 24000000 		.4byte	.LVL10
 364 0172 51020000 		.4byte	0x251
 365 0176 07       		.uleb128 0x7
 366 0177 28000000 		.4byte	.LVL11
 367 017b 5C020000 		.4byte	0x25c
 368 017f 07       		.uleb128 0x7
 369 0180 2C000000 		.4byte	.LVL12
 370 0184 67020000 		.4byte	0x267
 371 0188 07       		.uleb128 0x7
 372 0189 30000000 		.4byte	.LVL13
 373 018d 72020000 		.4byte	0x272
 374 0191 00       		.byte	0
 375 0192 06       		.uleb128 0x6
 376 0193 F8010000 		.4byte	.LASF19
 377 0197 01       		.byte	0x1
 378 0198 4C       		.byte	0x4c
 379 0199 00000000 		.4byte	.LFB66
 380 019d 24000000 		.4byte	.LFE66-.LFB66
 381 01a1 01       		.uleb128 0x1
 382 01a2 9C       		.byte	0x9c
 383 01a3 BA010000 		.4byte	0x1ba
 384 01a7 07       		.uleb128 0x7
 385 01a8 06000000 		.4byte	.LVL14
 386 01ac 7D020000 		.4byte	0x27d
 387 01b0 07       		.uleb128 0x7
 388 01b1 14000000 		.4byte	.LVL15
 389 01b5 89020000 		.4byte	0x289
 390 01b9 00       		.byte	0
 391 01ba 0B       		.uleb128 0xb
 392 01bb CA010000 		.4byte	0x1ca
 393 01bf CA010000 		.4byte	0x1ca
 394 01c3 0C       		.uleb128 0xc
 395 01c4 B0000000 		.4byte	0xb0
 396 01c8 0B       		.byte	0xb
 397 01c9 00       		.byte	0
 398 01ca 0D       		.uleb128 0xd
 399 01cb 6B000000 		.4byte	0x6b
 400 01cf 0E       		.uleb128 0xe
 401 01d0 59020000 		.4byte	.LASF40
 402 01d4 05       		.byte	0x5
 403 01d5 E001     		.2byte	0x1e0
ARM GAS  C:\Users\Administrator\AppData\Local\Temp\ccIjs2fN.s 			page 10


 404 01d7 DB010000 		.4byte	0x1db
 405 01db 0D       		.uleb128 0xd
 406 01dc BA010000 		.4byte	0x1ba
 407 01e0 0F       		.uleb128 0xf
 408 01e1 0B010000 		.4byte	.LASF20
 409 01e5 0B010000 		.4byte	.LASF20
 410 01e9 03       		.byte	0x3
 411 01ea 75       		.byte	0x75
 412 01eb 0F       		.uleb128 0xf
 413 01ec 00000000 		.4byte	.LASF21
 414 01f0 00000000 		.4byte	.LASF21
 415 01f4 03       		.byte	0x3
 416 01f5 76       		.byte	0x76
 417 01f6 0F       		.uleb128 0xf
 418 01f7 42000000 		.4byte	.LASF22
 419 01fb 42000000 		.4byte	.LASF22
 420 01ff 04       		.byte	0x4
 421 0200 28       		.byte	0x28
 422 0201 10       		.uleb128 0x10
 423 0202 D0000000 		.4byte	.LASF23
 424 0206 D0000000 		.4byte	.LASF23
 425 020a 05       		.byte	0x5
 426 020b 0402     		.2byte	0x204
 427 020d 10       		.uleb128 0x10
 428 020e 2A030000 		.4byte	.LASF24
 429 0212 2A030000 		.4byte	.LASF24
 430 0216 06       		.byte	0x6
 431 0217 4A01     		.2byte	0x14a
 432 0219 10       		.uleb128 0x10
 433 021a B5000000 		.4byte	.LASF25
 434 021e B5000000 		.4byte	.LASF25
 435 0222 06       		.byte	0x6
 436 0223 4701     		.2byte	0x147
 437 0225 0F       		.uleb128 0xf
 438 0226 ED000000 		.4byte	.LASF26
 439 022a ED000000 		.4byte	.LASF26
 440 022e 07       		.byte	0x7
 441 022f 15       		.byte	0x15
 442 0230 0F       		.uleb128 0xf
 443 0231 36000000 		.4byte	.LASF27
 444 0235 36000000 		.4byte	.LASF27
 445 0239 07       		.byte	0x7
 446 023a 17       		.byte	0x17
 447 023b 0F       		.uleb128 0xf
 448 023c 17000000 		.4byte	.LASF28
 449 0240 17000000 		.4byte	.LASF28
 450 0244 07       		.byte	0x7
 451 0245 18       		.byte	0x18
 452 0246 0F       		.uleb128 0xf
 453 0247 DB000000 		.4byte	.LASF29
 454 024b DB000000 		.4byte	.LASF29
 455 024f 08       		.byte	0x8
 456 0250 28       		.byte	0x28
 457 0251 0F       		.uleb128 0xf
 458 0252 25000000 		.4byte	.LASF30
 459 0256 25000000 		.4byte	.LASF30
 460 025a 07       		.byte	0x7
ARM GAS  C:\Users\Administrator\AppData\Local\Temp\ccIjs2fN.s 			page 11


 461 025b 16       		.byte	0x16
 462 025c 0F       		.uleb128 0xf
 463 025d 16030000 		.4byte	.LASF31
 464 0261 16030000 		.4byte	.LASF31
 465 0265 07       		.byte	0x7
 466 0266 19       		.byte	0x19
 467 0267 0F       		.uleb128 0xf
 468 0268 BE010000 		.4byte	.LASF32
 469 026c BE010000 		.4byte	.LASF32
 470 0270 07       		.byte	0x7
 471 0271 1A       		.byte	0x1a
 472 0272 0F       		.uleb128 0xf
 473 0273 A5000000 		.4byte	.LASF33
 474 0277 A5000000 		.4byte	.LASF33
 475 027b 07       		.byte	0x7
 476 027c 1B       		.byte	0x1b
 477 027d 10       		.uleb128 0x10
 478 027e 85000000 		.4byte	.LASF34
 479 0282 85000000 		.4byte	.LASF34
 480 0286 09       		.byte	0x9
 481 0287 3E03     		.2byte	0x33e
 482 0289 0F       		.uleb128 0xf
 483 028a EC010000 		.4byte	.LASF35
 484 028e EC010000 		.4byte	.LASF35
 485 0292 0A       		.byte	0xa
 486 0293 2C       		.byte	0x2c
 487 0294 00       		.byte	0
 488              		.section	.debug_abbrev,"",%progbits
 489              	.Ldebug_abbrev0:
 490 0000 01       		.uleb128 0x1
 491 0001 11       		.uleb128 0x11
 492 0002 01       		.byte	0x1
 493 0003 25       		.uleb128 0x25
 494 0004 0E       		.uleb128 0xe
 495 0005 13       		.uleb128 0x13
 496 0006 0B       		.uleb128 0xb
 497 0007 03       		.uleb128 0x3
 498 0008 0E       		.uleb128 0xe
 499 0009 1B       		.uleb128 0x1b
 500 000a 0E       		.uleb128 0xe
 501 000b 55       		.uleb128 0x55
 502 000c 17       		.uleb128 0x17
 503 000d 11       		.uleb128 0x11
 504 000e 01       		.uleb128 0x1
 505 000f 10       		.uleb128 0x10
 506 0010 17       		.uleb128 0x17
 507 0011 00       		.byte	0
 508 0012 00       		.byte	0
 509 0013 02       		.uleb128 0x2
 510 0014 24       		.uleb128 0x24
 511 0015 00       		.byte	0
 512 0016 0B       		.uleb128 0xb
 513 0017 0B       		.uleb128 0xb
 514 0018 3E       		.uleb128 0x3e
 515 0019 0B       		.uleb128 0xb
 516 001a 03       		.uleb128 0x3
 517 001b 0E       		.uleb128 0xe
ARM GAS  C:\Users\Administrator\AppData\Local\Temp\ccIjs2fN.s 			page 12


 518 001c 00       		.byte	0
 519 001d 00       		.byte	0
 520 001e 03       		.uleb128 0x3
 521 001f 24       		.uleb128 0x24
 522 0020 00       		.byte	0
 523 0021 0B       		.uleb128 0xb
 524 0022 0B       		.uleb128 0xb
 525 0023 3E       		.uleb128 0x3e
 526 0024 0B       		.uleb128 0xb
 527 0025 03       		.uleb128 0x3
 528 0026 08       		.uleb128 0x8
 529 0027 00       		.byte	0
 530 0028 00       		.byte	0
 531 0029 04       		.uleb128 0x4
 532 002a 16       		.uleb128 0x16
 533 002b 00       		.byte	0
 534 002c 03       		.uleb128 0x3
 535 002d 0E       		.uleb128 0xe
 536 002e 3A       		.uleb128 0x3a
 537 002f 0B       		.uleb128 0xb
 538 0030 3B       		.uleb128 0x3b
 539 0031 05       		.uleb128 0x5
 540 0032 49       		.uleb128 0x49
 541 0033 13       		.uleb128 0x13
 542 0034 00       		.byte	0
 543 0035 00       		.byte	0
 544 0036 05       		.uleb128 0x5
 545 0037 35       		.uleb128 0x35
 546 0038 00       		.byte	0
 547 0039 49       		.uleb128 0x49
 548 003a 13       		.uleb128 0x13
 549 003b 00       		.byte	0
 550 003c 00       		.byte	0
 551 003d 06       		.uleb128 0x6
 552 003e 2E       		.uleb128 0x2e
 553 003f 01       		.byte	0x1
 554 0040 3F       		.uleb128 0x3f
 555 0041 19       		.uleb128 0x19
 556 0042 03       		.uleb128 0x3
 557 0043 0E       		.uleb128 0xe
 558 0044 3A       		.uleb128 0x3a
 559 0045 0B       		.uleb128 0xb
 560 0046 3B       		.uleb128 0x3b
 561 0047 0B       		.uleb128 0xb
 562 0048 27       		.uleb128 0x27
 563 0049 19       		.uleb128 0x19
 564 004a 11       		.uleb128 0x11
 565 004b 01       		.uleb128 0x1
 566 004c 12       		.uleb128 0x12
 567 004d 06       		.uleb128 0x6
 568 004e 40       		.uleb128 0x40
 569 004f 18       		.uleb128 0x18
 570 0050 9742     		.uleb128 0x2117
 571 0052 19       		.uleb128 0x19
 572 0053 01       		.uleb128 0x1
 573 0054 13       		.uleb128 0x13
 574 0055 00       		.byte	0
ARM GAS  C:\Users\Administrator\AppData\Local\Temp\ccIjs2fN.s 			page 13


 575 0056 00       		.byte	0
 576 0057 07       		.uleb128 0x7
 577 0058 898201   		.uleb128 0x4109
 578 005b 00       		.byte	0
 579 005c 11       		.uleb128 0x11
 580 005d 01       		.uleb128 0x1
 581 005e 31       		.uleb128 0x31
 582 005f 13       		.uleb128 0x13
 583 0060 00       		.byte	0
 584 0061 00       		.byte	0
 585 0062 08       		.uleb128 0x8
 586 0063 898201   		.uleb128 0x4109
 587 0066 01       		.byte	0x1
 588 0067 11       		.uleb128 0x11
 589 0068 01       		.uleb128 0x1
 590 0069 31       		.uleb128 0x31
 591 006a 13       		.uleb128 0x13
 592 006b 01       		.uleb128 0x1
 593 006c 13       		.uleb128 0x13
 594 006d 00       		.byte	0
 595 006e 00       		.byte	0
 596 006f 09       		.uleb128 0x9
 597 0070 8A8201   		.uleb128 0x410a
 598 0073 00       		.byte	0
 599 0074 02       		.uleb128 0x2
 600 0075 18       		.uleb128 0x18
 601 0076 9142     		.uleb128 0x2111
 602 0078 18       		.uleb128 0x18
 603 0079 00       		.byte	0
 604 007a 00       		.byte	0
 605 007b 0A       		.uleb128 0xa
 606 007c 2E       		.uleb128 0x2e
 607 007d 00       		.byte	0
 608 007e 3F       		.uleb128 0x3f
 609 007f 19       		.uleb128 0x19
 610 0080 03       		.uleb128 0x3
 611 0081 0E       		.uleb128 0xe
 612 0082 3A       		.uleb128 0x3a
 613 0083 0B       		.uleb128 0xb
 614 0084 3B       		.uleb128 0x3b
 615 0085 0B       		.uleb128 0xb
 616 0086 27       		.uleb128 0x27
 617 0087 19       		.uleb128 0x19
 618 0088 11       		.uleb128 0x11
 619 0089 01       		.uleb128 0x1
 620 008a 12       		.uleb128 0x12
 621 008b 06       		.uleb128 0x6
 622 008c 40       		.uleb128 0x40
 623 008d 18       		.uleb128 0x18
 624 008e 9742     		.uleb128 0x2117
 625 0090 19       		.uleb128 0x19
 626 0091 00       		.byte	0
 627 0092 00       		.byte	0
 628 0093 0B       		.uleb128 0xb
 629 0094 01       		.uleb128 0x1
 630 0095 01       		.byte	0x1
 631 0096 49       		.uleb128 0x49
ARM GAS  C:\Users\Administrator\AppData\Local\Temp\ccIjs2fN.s 			page 14


 632 0097 13       		.uleb128 0x13
 633 0098 01       		.uleb128 0x1
 634 0099 13       		.uleb128 0x13
 635 009a 00       		.byte	0
 636 009b 00       		.byte	0
 637 009c 0C       		.uleb128 0xc
 638 009d 21       		.uleb128 0x21
 639 009e 00       		.byte	0
 640 009f 49       		.uleb128 0x49
 641 00a0 13       		.uleb128 0x13
 642 00a1 2F       		.uleb128 0x2f
 643 00a2 0B       		.uleb128 0xb
 644 00a3 00       		.byte	0
 645 00a4 00       		.byte	0
 646 00a5 0D       		.uleb128 0xd
 647 00a6 26       		.uleb128 0x26
 648 00a7 00       		.byte	0
 649 00a8 49       		.uleb128 0x49
 650 00a9 13       		.uleb128 0x13
 651 00aa 00       		.byte	0
 652 00ab 00       		.byte	0
 653 00ac 0E       		.uleb128 0xe
 654 00ad 34       		.uleb128 0x34
 655 00ae 00       		.byte	0
 656 00af 03       		.uleb128 0x3
 657 00b0 0E       		.uleb128 0xe
 658 00b1 3A       		.uleb128 0x3a
 659 00b2 0B       		.uleb128 0xb
 660 00b3 3B       		.uleb128 0x3b
 661 00b4 05       		.uleb128 0x5
 662 00b5 49       		.uleb128 0x49
 663 00b6 13       		.uleb128 0x13
 664 00b7 3F       		.uleb128 0x3f
 665 00b8 19       		.uleb128 0x19
 666 00b9 3C       		.uleb128 0x3c
 667 00ba 19       		.uleb128 0x19
 668 00bb 00       		.byte	0
 669 00bc 00       		.byte	0
 670 00bd 0F       		.uleb128 0xf
 671 00be 2E       		.uleb128 0x2e
 672 00bf 00       		.byte	0
 673 00c0 3F       		.uleb128 0x3f
 674 00c1 19       		.uleb128 0x19
 675 00c2 3C       		.uleb128 0x3c
 676 00c3 19       		.uleb128 0x19
 677 00c4 6E       		.uleb128 0x6e
 678 00c5 0E       		.uleb128 0xe
 679 00c6 03       		.uleb128 0x3
 680 00c7 0E       		.uleb128 0xe
 681 00c8 3A       		.uleb128 0x3a
 682 00c9 0B       		.uleb128 0xb
 683 00ca 3B       		.uleb128 0x3b
 684 00cb 0B       		.uleb128 0xb
 685 00cc 00       		.byte	0
 686 00cd 00       		.byte	0
 687 00ce 10       		.uleb128 0x10
 688 00cf 2E       		.uleb128 0x2e
ARM GAS  C:\Users\Administrator\AppData\Local\Temp\ccIjs2fN.s 			page 15


 689 00d0 00       		.byte	0
 690 00d1 3F       		.uleb128 0x3f
 691 00d2 19       		.uleb128 0x19
 692 00d3 3C       		.uleb128 0x3c
 693 00d4 19       		.uleb128 0x19
 694 00d5 6E       		.uleb128 0x6e
 695 00d6 0E       		.uleb128 0xe
 696 00d7 03       		.uleb128 0x3
 697 00d8 0E       		.uleb128 0xe
 698 00d9 3A       		.uleb128 0x3a
 699 00da 0B       		.uleb128 0xb
 700 00db 3B       		.uleb128 0x3b
 701 00dc 05       		.uleb128 0x5
 702 00dd 00       		.byte	0
 703 00de 00       		.byte	0
 704 00df 00       		.byte	0
 705              		.section	.debug_aranges,"",%progbits
 706 0000 34000000 		.4byte	0x34
 707 0004 0200     		.2byte	0x2
 708 0006 00000000 		.4byte	.Ldebug_info0
 709 000a 04       		.byte	0x4
 710 000b 00       		.byte	0
 711 000c 0000     		.2byte	0
 712 000e 0000     		.2byte	0
 713 0010 00000000 		.4byte	.LFB63
 714 0014 1C000000 		.4byte	.LFE63-.LFB63
 715 0018 00000000 		.4byte	.LFB64
 716 001c 02000000 		.4byte	.LFE64-.LFB64
 717 0020 00000000 		.4byte	.LFB65
 718 0024 32000000 		.4byte	.LFE65-.LFB65
 719 0028 00000000 		.4byte	.LFB66
 720 002c 24000000 		.4byte	.LFE66-.LFB66
 721 0030 00000000 		.4byte	0
 722 0034 00000000 		.4byte	0
 723              		.section	.debug_ranges,"",%progbits
 724              	.Ldebug_ranges0:
 725 0000 00000000 		.4byte	.LFB63
 726 0004 1C000000 		.4byte	.LFE63
 727 0008 00000000 		.4byte	.LFB64
 728 000c 02000000 		.4byte	.LFE64
 729 0010 00000000 		.4byte	.LFB65
 730 0014 32000000 		.4byte	.LFE65
 731 0018 00000000 		.4byte	.LFB66
 732 001c 24000000 		.4byte	.LFE66
 733 0020 00000000 		.4byte	0
 734 0024 00000000 		.4byte	0
 735              		.section	.debug_line,"",%progbits
 736              	.Ldebug_line0:
 737 0000 44010000 		.section	.debug_str,"MS",%progbits,1
 737      0200E100 
 737      00000201 
 737      FB0E0D00 
 737      01010101 
 738              	.LASF21:
 739 0000 43795379 		.ascii	"CySysWdtClearInterrupt\000"
 739      73576474 
 739      436C6561 
ARM GAS  C:\Users\Administrator\AppData\Local\Temp\ccIjs2fN.s 			page 16


 739      72496E74 
 739      65727275 
 740              	.LASF28:
 741 0017 55706461 		.ascii	"UpdateTimeOut\000"
 741      74655469 
 741      6D654F75 
 741      7400
 742              	.LASF30:
 743 0025 43617264 		.ascii	"CardCheckTimeOut\000"
 743      43686563 
 743      6B54696D 
 743      654F7574 
 743      00
 744              	.LASF27:
 745 0036 52656376 		.ascii	"RecvTimeOut\000"
 745      54696D65 
 745      4F757400 
 746              	.LASF22:
 747 0042 5744545F 		.ascii	"WDT_ISR_ClearPending\000"
 747      4953525F 
 747      436C6561 
 747      7250656E 
 747      64696E67 
 748              	.LASF3:
 749 0057 73686F72 		.ascii	"short unsigned int\000"
 749      7420756E 
 749      7369676E 
 749      65642069 
 749      6E7400
 750              	.LASF12:
 751 006a 646F7562 		.ascii	"double\000"
 751      6C6500
 752              	.LASF11:
 753 0071 666C6F61 		.ascii	"float\000"
 753      7400
 754              	.LASF1:
 755 0077 756E7369 		.ascii	"unsigned char\000"
 755      676E6564 
 755      20636861 
 755      7200
 756              	.LASF34:
 757 0085 55415254 		.ascii	"UART_433_SpiUartGetRxBufferSize\000"
 757      5F343333 
 757      5F537069 
 757      55617274 
 757      47657452 
 758              	.LASF33:
 759 00a5 46697265 		.ascii	"FireCheck_Count\000"
 759      43686563 
 759      6B5F436F 
 759      756E7400 
 760              	.LASF25:
 761 00b5 54696D65 		.ascii	"Timer_100ms_ClearInterrupt\000"
 761      725F3130 
 761      306D735F 
 761      436C6561 
 761      72496E74 
ARM GAS  C:\Users\Administrator\AppData\Local\Temp\ccIjs2fN.s 			page 17


 762              	.LASF23:
 763 00d0 5254435F 		.ascii	"RTC_Update\000"
 763      55706461 
 763      746500
 764              	.LASF29:
 765 00db 42656570 		.ascii	"BeepPlay_WaitTime\000"
 765      506C6179 
 765      5F576169 
 765      7454696D 
 765      6500
 766              	.LASF26:
 767 00ed 57616974 		.ascii	"WaitTimeOut\000"
 767      54696D65 
 767      4F757400 
 768              	.LASF5:
 769 00f9 6C6F6E67 		.ascii	"long unsigned int\000"
 769      20756E73 
 769      69676E65 
 769      6420696E 
 769      7400
 770              	.LASF20:
 771 010b 43795379 		.ascii	"CySysWdtGetInterruptSource\000"
 771      73576474 
 771      47657449 
 771      6E746572 
 771      72757074 
 772              	.LASF18:
 773 0126 54696D65 		.ascii	"Timer_InterruptHandler\000"
 773      725F496E 
 773      74657272 
 773      75707448 
 773      616E646C 
 774              	.LASF9:
 775 013d 75696E74 		.ascii	"uint16\000"
 775      313600
 776              	.LASF37:
 777 0144 436F6465 		.ascii	"Code\\UserApp\\isr.c\000"
 777      5C557365 
 777      72417070 
 777      5C697372 
 777      2E6300
 778              	.LASF10:
 779 0157 75696E74 		.ascii	"uint32\000"
 779      333200
 780              	.LASF8:
 781 015e 756E7369 		.ascii	"unsigned int\000"
 781      676E6564 
 781      20696E74 
 781      00
 782              	.LASF38:
 783 016b 473A5C50 		.ascii	"G:\\Psoc4_prj\\7.rental_house\\18-05-03\\EntranceGu"
 783      736F6334 
 783      5F70726A 
 783      5C372E72 
 783      656E7461 
 784 019a 6172645F 		.ascii	"ard_180512-1624\\EntranceGuard.cydsn\000"
 784      31383035 
ARM GAS  C:\Users\Administrator\AppData\Local\Temp\ccIjs2fN.s 			page 18


 784      31322D31 
 784      3632345C 
 784      456E7472 
 785              	.LASF32:
 786 01be 4D674368 		.ascii	"MgCheck_Count\000"
 786      65636B5F 
 786      436F756E 
 786      7400
 787              	.LASF7:
 788 01cc 6C6F6E67 		.ascii	"long long unsigned int\000"
 788      206C6F6E 
 788      6720756E 
 788      7369676E 
 788      65642069 
 789              	.LASF16:
 790 01e3 73697A65 		.ascii	"sizetype\000"
 790      74797065 
 790      00
 791              	.LASF35:
 792 01ec 55617274 		.ascii	"Uart433Recv\000"
 792      34333352 
 792      65637600 
 793              	.LASF19:
 794 01f8 52585F49 		.ascii	"RX_IRQ_INTERRUPT\000"
 794      52515F49 
 794      4E544552 
 794      52555054 
 794      00
 795              	.LASF6:
 796 0209 6C6F6E67 		.ascii	"long long int\000"
 796      206C6F6E 
 796      6720696E 
 796      7400
 797              	.LASF13:
 798 0217 63686172 		.ascii	"char\000"
 798      00
 799              	.LASF39:
 800 021c 53595354 		.ascii	"SYSTICK_IRQ_INTERRUPT\000"
 800      49434B5F 
 800      4952515F 
 800      494E5445 
 800      52525550 
 801              	.LASF2:
 802 0232 73686F72 		.ascii	"short int\000"
 802      7420696E 
 802      7400
 803              	.LASF17:
 804 023c 5744545F 		.ascii	"WDT_Interrupt\000"
 804      496E7465 
 804      72727570 
 804      7400
 805              	.LASF4:
 806 024a 6C6F6E67 		.ascii	"long int\000"
 806      20696E74 
 806      00
 807              	.LASF14:
 808 0253 72656733 		.ascii	"reg32\000"
ARM GAS  C:\Users\Administrator\AppData\Local\Temp\ccIjs2fN.s 			page 19


 808      3200
 809              	.LASF40:
 810 0259 5254435F 		.ascii	"RTC_daysBeforeMonthTbl\000"
 810      64617973 
 810      4265666F 
 810      72654D6F 
 810      6E746854 
 811              	.LASF15:
 812 0270 6C6F6E67 		.ascii	"long double\000"
 812      20646F75 
 812      626C6500 
 813              	.LASF0:
 814 027c 7369676E 		.ascii	"signed char\000"
 814      65642063 
 814      68617200 
 815              	.LASF36:
 816 0288 474E5520 		.ascii	"GNU C11 5.4.1 20160609 (release) [ARM/embedded-5-br"
 816      43313120 
 816      352E342E 
 816      31203230 
 816      31363036 
 817 02bb 616E6368 		.ascii	"anch revision 237715] -mcpu=cortex-m0 -mthumb -g -O"
 817      20726576 
 817      6973696F 
 817      6E203233 
 817      37373135 
 818 02ee 73202D66 		.ascii	"s -ffunction-sections -ffat-lto-objects\000"
 818      66756E63 
 818      74696F6E 
 818      2D736563 
 818      74696F6E 
 819              	.LASF31:
 820 0316 44656665 		.ascii	"Defendalarm_TimeOut\000"
 820      6E64616C 
 820      61726D5F 
 820      54696D65 
 820      4F757400 
 821              	.LASF24:
 822 032a 54696D65 		.ascii	"Timer_100ms_WriteCounter\000"
 822      725F3130 
 822      306D735F 
 822      57726974 
 822      65436F75 
 823              		.ident	"GCC: (GNU Tools for ARM Embedded Processors) 5.4.1 20160609 (release) [ARM/embedded-5-bran
