ARM GAS  C:\Users\Administrator\AppData\Local\Temp\ccWQJvLm.s 			page 1


   1              		.syntax unified
   2              		.cpu cortex-m0
   3              		.fpu softvfp
   4              		.eabi_attribute 20, 1
   5              		.eabi_attribute 21, 1
   6              		.eabi_attribute 23, 3
   7              		.eabi_attribute 24, 1
   8              		.eabi_attribute 25, 1
   9              		.eabi_attribute 26, 1
  10              		.eabi_attribute 30, 4
  11              		.eabi_attribute 34, 0
  12              		.eabi_attribute 18, 4
  13              		.thumb
  14              		.syntax unified
  15              		.file	"OTAOptional.c"
  16              		.text
  17              	.Ltext0:
  18              		.cfi_sections	.debug_frame
  19              	.Letext0:
  20              		.file 1 "Generated_Source\\PSoC4/cytypes.h"
  21              		.file 2 "Generated_Source\\PSoC4/RTC.h"
  22              		.section	.debug_info,"",%progbits
  23              	.Ldebug_info0:
  24 0000 B5000000 		.4byte	0xb5
  25 0004 0400     		.2byte	0x4
  26 0006 00000000 		.4byte	.Ldebug_abbrev0
  27 000a 04       		.byte	0x4
  28 000b 01       		.uleb128 0x1
  29 000c 6E000000 		.4byte	.LASF14
  30 0010 0C       		.byte	0xc
  31 0011 73010000 		.4byte	.LASF15
  32 0015 1B000000 		.4byte	.LASF16
  33 0019 00000000 		.4byte	.Ldebug_line0
  34 001d 02       		.uleb128 0x2
  35 001e 01       		.byte	0x1
  36 001f 06       		.byte	0x6
  37 0020 5B010000 		.4byte	.LASF0
  38 0024 02       		.uleb128 0x2
  39 0025 01       		.byte	0x1
  40 0026 08       		.byte	0x8
  41 0027 25010000 		.4byte	.LASF1
  42 002b 02       		.uleb128 0x2
  43 002c 02       		.byte	0x2
  44 002d 05       		.byte	0x5
  45 002e 9E010000 		.4byte	.LASF2
  46 0032 02       		.uleb128 0x2
  47 0033 02       		.byte	0x2
  48 0034 07       		.byte	0x7
  49 0035 48010000 		.4byte	.LASF3
  50 0039 02       		.uleb128 0x2
  51 003a 04       		.byte	0x4
  52 003b 05       		.byte	0x5
  53 003c 38010000 		.4byte	.LASF4
  54 0040 02       		.uleb128 0x2
  55 0041 04       		.byte	0x4
  56 0042 07       		.byte	0x7
  57 0043 FC000000 		.4byte	.LASF5
ARM GAS  C:\Users\Administrator\AppData\Local\Temp\ccWQJvLm.s 			page 2


  58 0047 02       		.uleb128 0x2
  59 0048 08       		.byte	0x8
  60 0049 05       		.byte	0x5
  61 004a 00000000 		.4byte	.LASF6
  62 004e 02       		.uleb128 0x2
  63 004f 08       		.byte	0x8
  64 0050 07       		.byte	0x7
  65 0051 0E010000 		.4byte	.LASF7
  66 0055 03       		.uleb128 0x3
  67 0056 04       		.byte	0x4
  68 0057 05       		.byte	0x5
  69 0058 696E7400 		.ascii	"int\000"
  70 005c 02       		.uleb128 0x2
  71 005d 04       		.byte	0x4
  72 005e 07       		.byte	0x7
  73 005f 0E000000 		.4byte	.LASF8
  74 0063 04       		.uleb128 0x4
  75 0064 A8010000 		.4byte	.LASF17
  76 0068 01       		.byte	0x1
  77 0069 D301     		.2byte	0x1d3
  78 006b 32000000 		.4byte	0x32
  79 006f 02       		.uleb128 0x2
  80 0070 04       		.byte	0x4
  81 0071 04       		.byte	0x4
  82 0072 81010000 		.4byte	.LASF9
  83 0076 02       		.uleb128 0x2
  84 0077 08       		.byte	0x8
  85 0078 04       		.byte	0x4
  86 0079 41010000 		.4byte	.LASF10
  87 007d 02       		.uleb128 0x2
  88 007e 01       		.byte	0x1
  89 007f 08       		.byte	0x8
  90 0080 33010000 		.4byte	.LASF11
  91 0084 02       		.uleb128 0x2
  92 0085 08       		.byte	0x8
  93 0086 04       		.byte	0x4
  94 0087 67010000 		.4byte	.LASF12
  95 008b 02       		.uleb128 0x2
  96 008c 04       		.byte	0x4
  97 008d 07       		.byte	0x7
  98 008e AF010000 		.4byte	.LASF13
  99 0092 05       		.uleb128 0x5
 100 0093 A2000000 		.4byte	0xa2
 101 0097 A2000000 		.4byte	0xa2
 102 009b 06       		.uleb128 0x6
 103 009c 8B000000 		.4byte	0x8b
 104 00a0 0B       		.byte	0xb
 105 00a1 00       		.byte	0
 106 00a2 07       		.uleb128 0x7
 107 00a3 63000000 		.4byte	0x63
 108 00a7 08       		.uleb128 0x8
 109 00a8 87010000 		.4byte	.LASF18
 110 00ac 02       		.byte	0x2
 111 00ad E001     		.2byte	0x1e0
 112 00af B3000000 		.4byte	0xb3
 113 00b3 07       		.uleb128 0x7
 114 00b4 92000000 		.4byte	0x92
ARM GAS  C:\Users\Administrator\AppData\Local\Temp\ccWQJvLm.s 			page 3


 115 00b8 00       		.byte	0
 116              		.section	.debug_abbrev,"",%progbits
 117              	.Ldebug_abbrev0:
 118 0000 01       		.uleb128 0x1
 119 0001 11       		.uleb128 0x11
 120 0002 01       		.byte	0x1
 121 0003 25       		.uleb128 0x25
 122 0004 0E       		.uleb128 0xe
 123 0005 13       		.uleb128 0x13
 124 0006 0B       		.uleb128 0xb
 125 0007 03       		.uleb128 0x3
 126 0008 0E       		.uleb128 0xe
 127 0009 1B       		.uleb128 0x1b
 128 000a 0E       		.uleb128 0xe
 129 000b 10       		.uleb128 0x10
 130 000c 17       		.uleb128 0x17
 131 000d 00       		.byte	0
 132 000e 00       		.byte	0
 133 000f 02       		.uleb128 0x2
 134 0010 24       		.uleb128 0x24
 135 0011 00       		.byte	0
 136 0012 0B       		.uleb128 0xb
 137 0013 0B       		.uleb128 0xb
 138 0014 3E       		.uleb128 0x3e
 139 0015 0B       		.uleb128 0xb
 140 0016 03       		.uleb128 0x3
 141 0017 0E       		.uleb128 0xe
 142 0018 00       		.byte	0
 143 0019 00       		.byte	0
 144 001a 03       		.uleb128 0x3
 145 001b 24       		.uleb128 0x24
 146 001c 00       		.byte	0
 147 001d 0B       		.uleb128 0xb
 148 001e 0B       		.uleb128 0xb
 149 001f 3E       		.uleb128 0x3e
 150 0020 0B       		.uleb128 0xb
 151 0021 03       		.uleb128 0x3
 152 0022 08       		.uleb128 0x8
 153 0023 00       		.byte	0
 154 0024 00       		.byte	0
 155 0025 04       		.uleb128 0x4
 156 0026 16       		.uleb128 0x16
 157 0027 00       		.byte	0
 158 0028 03       		.uleb128 0x3
 159 0029 0E       		.uleb128 0xe
 160 002a 3A       		.uleb128 0x3a
 161 002b 0B       		.uleb128 0xb
 162 002c 3B       		.uleb128 0x3b
 163 002d 05       		.uleb128 0x5
 164 002e 49       		.uleb128 0x49
 165 002f 13       		.uleb128 0x13
 166 0030 00       		.byte	0
 167 0031 00       		.byte	0
 168 0032 05       		.uleb128 0x5
 169 0033 01       		.uleb128 0x1
 170 0034 01       		.byte	0x1
 171 0035 49       		.uleb128 0x49
ARM GAS  C:\Users\Administrator\AppData\Local\Temp\ccWQJvLm.s 			page 4


 172 0036 13       		.uleb128 0x13
 173 0037 01       		.uleb128 0x1
 174 0038 13       		.uleb128 0x13
 175 0039 00       		.byte	0
 176 003a 00       		.byte	0
 177 003b 06       		.uleb128 0x6
 178 003c 21       		.uleb128 0x21
 179 003d 00       		.byte	0
 180 003e 49       		.uleb128 0x49
 181 003f 13       		.uleb128 0x13
 182 0040 2F       		.uleb128 0x2f
 183 0041 0B       		.uleb128 0xb
 184 0042 00       		.byte	0
 185 0043 00       		.byte	0
 186 0044 07       		.uleb128 0x7
 187 0045 26       		.uleb128 0x26
 188 0046 00       		.byte	0
 189 0047 49       		.uleb128 0x49
 190 0048 13       		.uleb128 0x13
 191 0049 00       		.byte	0
 192 004a 00       		.byte	0
 193 004b 08       		.uleb128 0x8
 194 004c 34       		.uleb128 0x34
 195 004d 00       		.byte	0
 196 004e 03       		.uleb128 0x3
 197 004f 0E       		.uleb128 0xe
 198 0050 3A       		.uleb128 0x3a
 199 0051 0B       		.uleb128 0xb
 200 0052 3B       		.uleb128 0x3b
 201 0053 05       		.uleb128 0x5
 202 0054 49       		.uleb128 0x49
 203 0055 13       		.uleb128 0x13
 204 0056 3F       		.uleb128 0x3f
 205 0057 19       		.uleb128 0x19
 206 0058 3C       		.uleb128 0x3c
 207 0059 19       		.uleb128 0x19
 208 005a 00       		.byte	0
 209 005b 00       		.byte	0
 210 005c 00       		.byte	0
 211              		.section	.debug_aranges,"",%progbits
 212 0000 14000000 		.4byte	0x14
 213 0004 0200     		.2byte	0x2
 214 0006 00000000 		.4byte	.Ldebug_info0
 215 000a 04       		.byte	0x4
 216 000b 00       		.byte	0
 217 000c 0000     		.2byte	0
 218 000e 0000     		.2byte	0
 219 0010 00000000 		.4byte	0
 220 0014 00000000 		.4byte	0
 221              		.section	.debug_line,"",%progbits
 222              	.Ldebug_line0:
 223 0000 46000000 		.section	.debug_str,"MS",%progbits,1
 223      02004000 
 223      00000201 
 223      FB0E0D00 
 223      01010101 
 224              	.LASF6:
ARM GAS  C:\Users\Administrator\AppData\Local\Temp\ccWQJvLm.s 			page 5


 225 0000 6C6F6E67 		.ascii	"long long int\000"
 225      206C6F6E 
 225      6720696E 
 225      7400
 226              	.LASF8:
 227 000e 756E7369 		.ascii	"unsigned int\000"
 227      676E6564 
 227      20696E74 
 227      00
 228              	.LASF16:
 229 001b 473A5C50 		.ascii	"G:\\Psoc4_prj\\7.rental_house\\18-05-03\\EntranceGu"
 229      736F6334 
 229      5F70726A 
 229      5C372E72 
 229      656E7461 
 230 004a 6172645F 		.ascii	"ard_180427-1654\\EntranceGuard.cydsn\000"
 230      31383034 
 230      32372D31 
 230      3635345C 
 230      456E7472 
 231              	.LASF14:
 232 006e 474E5520 		.ascii	"GNU C11 5.4.1 20160609 (release) [ARM/embedded-5-br"
 232      43313120 
 232      352E342E 
 232      31203230 
 232      31363036 
 233 00a1 616E6368 		.ascii	"anch revision 237715] -mcpu=cortex-m0 -mthumb -g -O"
 233      20726576 
 233      6973696F 
 233      6E203233 
 233      37373135 
 234 00d4 73202D66 		.ascii	"s -ffunction-sections -ffat-lto-objects\000"
 234      66756E63 
 234      74696F6E 
 234      2D736563 
 234      74696F6E 
 235              	.LASF5:
 236 00fc 6C6F6E67 		.ascii	"long unsigned int\000"
 236      20756E73 
 236      69676E65 
 236      6420696E 
 236      7400
 237              	.LASF7:
 238 010e 6C6F6E67 		.ascii	"long long unsigned int\000"
 238      206C6F6E 
 238      6720756E 
 238      7369676E 
 238      65642069 
 239              	.LASF1:
 240 0125 756E7369 		.ascii	"unsigned char\000"
 240      676E6564 
 240      20636861 
 240      7200
 241              	.LASF11:
 242 0133 63686172 		.ascii	"char\000"
 242      00
 243              	.LASF4:
ARM GAS  C:\Users\Administrator\AppData\Local\Temp\ccWQJvLm.s 			page 6


 244 0138 6C6F6E67 		.ascii	"long int\000"
 244      20696E74 
 244      00
 245              	.LASF10:
 246 0141 646F7562 		.ascii	"double\000"
 246      6C6500
 247              	.LASF3:
 248 0148 73686F72 		.ascii	"short unsigned int\000"
 248      7420756E 
 248      7369676E 
 248      65642069 
 248      6E7400
 249              	.LASF0:
 250 015b 7369676E 		.ascii	"signed char\000"
 250      65642063 
 250      68617200 
 251              	.LASF12:
 252 0167 6C6F6E67 		.ascii	"long double\000"
 252      20646F75 
 252      626C6500 
 253              	.LASF15:
 254 0173 4F54414F 		.ascii	"OTAOptional.c\000"
 254      7074696F 
 254      6E616C2E 
 254      6300
 255              	.LASF9:
 256 0181 666C6F61 		.ascii	"float\000"
 256      7400
 257              	.LASF18:
 258 0187 5254435F 		.ascii	"RTC_daysBeforeMonthTbl\000"
 258      64617973 
 258      4265666F 
 258      72654D6F 
 258      6E746854 
 259              	.LASF2:
 260 019e 73686F72 		.ascii	"short int\000"
 260      7420696E 
 260      7400
 261              	.LASF17:
 262 01a8 75696E74 		.ascii	"uint16\000"
 262      313600
 263              	.LASF13:
 264 01af 73697A65 		.ascii	"sizetype\000"
 264      74797065 
 264      00
 265              		.ident	"GCC: (GNU Tools for ARM Embedded Processors) 5.4.1 20160609 (release) [ARM/embedded-5-bran
