ARM GAS  C:\Users\Administrator\AppData\Local\Temp\cci9wPBI.s 			page 1


   1              		.syntax unified
   2              		.cpu cortex-m0
   3              		.fpu softvfp
   4              		.eabi_attribute 20, 1
   5              		.eabi_attribute 21, 1
   6              		.eabi_attribute 23, 3
   7              		.eabi_attribute 24, 1
   8              		.eabi_attribute 25, 1
   9              		.eabi_attribute 26, 1
  10              		.eabi_attribute 30, 4
  11              		.eabi_attribute 34, 0
  12              		.eabi_attribute 18, 4
  13              		.thumb
  14              		.syntax unified
  15              		.file	"Uart433.c"
  16              		.text
  17              	.Ltext0:
  18              		.cfi_sections	.debug_frame
  19              		.section	.text.Uart433Send,"ax",%progbits
  20              		.align	1
  21              		.global	Uart433Send
  22              		.code	16
  23              		.thumb_func
  24              		.type	Uart433Send, %function
  25              	Uart433Send:
  26              	.LFB63:
  27              		.file 1 "Code\\Device\\GPRS\\Uart433.c"
   1:Code\Device\GPRS/Uart433.c **** //*************************************************************************************************
   2:Code\Device\GPRS/Uart433.c **** // File name		: Protocol_CmdParse.c
   3:Code\Device\GPRS/Uart433.c **** // Description		: GPRS命令解析的相关函数
   4:Code\Device\GPRS/Uart433.c **** // Author			: Keno
   5:Code\Device\GPRS/Uart433.c **** // Date				: 2016.8.8
   6:Code\Device\GPRS/Uart433.c **** // Version			: V02
   7:Code\Device\GPRS/Uart433.c **** //-------------------------------------------------------------------------------------------------
   8:Code\Device\GPRS/Uart433.c **** // Info				: 
   9:Code\Device\GPRS/Uart433.c **** //*************************************************************************************************
  10:Code\Device\GPRS/Uart433.c **** #include "Uart433.h"
  11:Code\Device\GPRS/Uart433.c **** #include "config.h"
  12:Code\Device\GPRS/Uart433.c **** 
  13:Code\Device\GPRS/Uart433.c **** 
  14:Code\Device\GPRS/Uart433.c **** //******************************************* 外部变量声明 ****************************************
  15:Code\Device\GPRS/Uart433.c **** extern volatile char  GPRS_AT_Buf[64];      					// AT指令缓存，用于AT指令解析			//
  16:Code\Device\GPRS/Uart433.c **** extern volatile uint8 GPRS_AT_RecFinish;
  17:Code\Device\GPRS/Uart433.c **** 
  18:Code\Device\GPRS/Uart433.c **** extern volatile uint8 GPRSCmdParseFlag1;
  19:Code\Device\GPRS/Uart433.c **** extern volatile uint8 GPRSCmdParseFlag2;
  20:Code\Device\GPRS/Uart433.c **** extern volatile uint8 GPRSCmd_buf1[DATABUF_SIZE];
  21:Code\Device\GPRS/Uart433.c **** extern volatile uint8 GPRSCmd_buf2[DATABUF_SIZE];
  22:Code\Device\GPRS/Uart433.c **** 
  23:Code\Device\GPRS/Uart433.c **** 
  24:Code\Device\GPRS/Uart433.c **** 
  25:Code\Device\GPRS/Uart433.c **** //********************************************* 变量声明 ******************************************
  26:Code\Device\GPRS/Uart433.c **** volatile uint8  RecvType = 0;
  27:Code\Device\GPRS/Uart433.c **** 
  28:Code\Device\GPRS/Uart433.c **** volatile char   GPRS_AT_RecBuf[64];
  29:Code\Device\GPRS/Uart433.c **** volatile uint8  AT_RecvSta;
  30:Code\Device\GPRS/Uart433.c **** volatile uint8  AT_index;
ARM GAS  C:\Users\Administrator\AppData\Local\Temp\cci9wPBI.s 			page 2


  31:Code\Device\GPRS/Uart433.c **** 
  32:Code\Device\GPRS/Uart433.c **** volatile uint8  CmdRev_buf[DATABUF_SIZE];
  33:Code\Device\GPRS/Uart433.c **** volatile uint16 Cmd_Baglen;
  34:Code\Device\GPRS/Uart433.c **** volatile uint8  Cmd_Revsta;
  35:Code\Device\GPRS/Uart433.c **** volatile uint16 Cmd_index;
  36:Code\Device\GPRS/Uart433.c **** 
  37:Code\Device\GPRS/Uart433.c **** 
  38:Code\Device\GPRS/Uart433.c **** 
  39:Code\Device\GPRS/Uart433.c **** //*************************************************************************************************
  40:Code\Device\GPRS/Uart433.c **** // Function name	: Uart433Send
  41:Code\Device\GPRS/Uart433.c **** // Description		: 串口发送指定大小的数据
  42:Code\Device\GPRS/Uart433.c **** // Parameter		: *data
  43:Code\Device\GPRS/Uart433.c **** //					: size
  44:Code\Device\GPRS/Uart433.c **** // Return			: none
  45:Code\Device\GPRS/Uart433.c **** //-------------------------------------------------------------------------------------------------
  46:Code\Device\GPRS/Uart433.c **** // Info				: 通用的发送数据给GPRS模块的函数.
  47:Code\Device\GPRS/Uart433.c **** //*************************************************************************************************
  48:Code\Device\GPRS/Uart433.c **** void Uart433Send(uint8 *data, uint16 size)
  49:Code\Device\GPRS/Uart433.c **** {
  28              		.loc 1 49 0
  29              		.cfi_startproc
  30              		@ args = 0, pretend = 0, frame = 0
  31              		@ frame_needed = 0, uses_anonymous_args = 0
  32              	.LVL0:
  33 0000 70B5     		push	{r4, r5, r6, lr}
  34              		.cfi_def_cfa_offset 16
  35              		.cfi_offset 4, -16
  36              		.cfi_offset 5, -12
  37              		.cfi_offset 6, -8
  38              		.cfi_offset 14, -4
  39 0002 0400     		movs	r4, r0
  40 0004 4518     		adds	r5, r0, r1
  41              	.LVL1:
  42              	.L2:
  50:Code\Device\GPRS/Uart433.c ****     uint16 i;
  51:Code\Device\GPRS/Uart433.c ****     
  52:Code\Device\GPRS/Uart433.c ****     for (i = 0; i < size; i++)
  43              		.loc 1 52 0 discriminator 1
  44 0006 AC42     		cmp	r4, r5
  45 0008 04D0     		beq	.L5
  53:Code\Device\GPRS/Uart433.c ****     {
  54:Code\Device\GPRS/Uart433.c **** 		UART_433_UartPutChar(data[i]);
  46              		.loc 1 54 0 discriminator 3
  47 000a 2078     		ldrb	r0, [r4]
  48 000c FFF7FEFF 		bl	UART_433_SpiUartWriteTxData
  49              	.LVL2:
  50 0010 0134     		adds	r4, r4, #1
  51              	.LVL3:
  52 0012 F8E7     		b	.L2
  53              	.LVL4:
  54              	.L5:
  55:Code\Device\GPRS/Uart433.c ****     }
  56:Code\Device\GPRS/Uart433.c **** }
  55              		.loc 1 56 0
  56              		@ sp needed
  57              	.LVL5:
  58 0014 70BD     		pop	{r4, r5, r6, pc}
ARM GAS  C:\Users\Administrator\AppData\Local\Temp\cci9wPBI.s 			page 3


  59              		.cfi_endproc
  60              	.LFE63:
  61              		.size	Uart433Send, .-Uart433Send
  62              		.section	.text.Uart433Recv,"ax",%progbits
  63              		.align	1
  64              		.global	Uart433Recv
  65              		.code	16
  66              		.thumb_func
  67              		.type	Uart433Recv, %function
  68              	Uart433Recv:
  69              	.LFB64:
  57:Code\Device\GPRS/Uart433.c **** 
  58:Code\Device\GPRS/Uart433.c **** //*************************************************************************************************
  59:Code\Device\GPRS/Uart433.c **** // Function name	: Uart433Recv
  60:Code\Device\GPRS/Uart433.c **** // Description		: 串口接收GPRS模块的数据
  61:Code\Device\GPRS/Uart433.c **** // Parameter		: none
  62:Code\Device\GPRS/Uart433.c **** // Return			: none
  63:Code\Device\GPRS/Uart433.c **** //-------------------------------------------------------------------------------------------------
  64:Code\Device\GPRS/Uart433.c **** // Info				: 在串口中断中调用
  65:Code\Device\GPRS/Uart433.c **** //-------------------------------------------------------------------------------------------------
  66:Code\Device\GPRS/Uart433.c **** // 注意				: '>'括号后没有换行；
  67:Code\Device\GPRS/Uart433.c **** //*************************************************************************************************
  68:Code\Device\GPRS/Uart433.c **** void Uart433Recv(uint8 uData)
  69:Code\Device\GPRS/Uart433.c **** {
  70              		.loc 1 69 0
  71              		.cfi_startproc
  72              		@ args = 0, pretend = 0, frame = 0
  73              		@ frame_needed = 0, uses_anonymous_args = 0
  74              	.LVL6:
  75 0000 70B5     		push	{r4, r5, r6, lr}
  76              		.cfi_def_cfa_offset 16
  77              		.cfi_offset 4, -16
  78              		.cfi_offset 5, -12
  79              		.cfi_offset 6, -8
  80              		.cfi_offset 14, -4
  70:Code\Device\GPRS/Uart433.c **** 	switch (AT_RecvSta)
  81              		.loc 1 70 0
  82 0002 684B     		ldr	r3, .L32
  69:Code\Device\GPRS/Uart433.c **** 	switch (AT_RecvSta)
  83              		.loc 1 69 0
  84 0004 0400     		movs	r4, r0
  85              		.loc 1 70 0
  86 0006 1878     		ldrb	r0, [r3]
  87              	.LVL7:
  88 0008 C0B2     		uxtb	r0, r0
  89 000a 0428     		cmp	r0, #4
  90 000c 5FD8     		bhi	.L7
  91 000e FFF7FEFF 		bl	__gnu_thumb1_case_uqi
  92              	.L9:
  93 0012 03       		.byte	(.L8-.L9)/2
  94 0013 13       		.byte	(.L10-.L9)/2
  95 0014 20       		.byte	(.L11-.L9)/2
  96 0015 5E       		.byte	(.L7-.L9)/2
  97 0016 3E       		.byte	(.L12-.L9)/2
  98 0017 00       		.p2align 1
  99              	.L8:
  71:Code\Device\GPRS/Uart433.c **** 	{
ARM GAS  C:\Users\Administrator\AppData\Local\Temp\cci9wPBI.s 			page 4


  72:Code\Device\GPRS/Uart433.c **** 		case HEAD_R:
  73:Code\Device\GPRS/Uart433.c **** 			if ((uData == '\r') && (RecvType == 0))
 100              		.loc 1 73 0
 101 0018 0D2C     		cmp	r4, #13
 102 001a 58D1     		bne	.L7
 103              		.loc 1 73 0 is_stmt 0 discriminator 1
 104 001c 6249     		ldr	r1, .L32+4
 105 001e 0A78     		ldrb	r2, [r1]
 106 0020 D2B2     		uxtb	r2, r2
 107 0022 002A     		cmp	r2, #0
 108 0024 53D1     		bne	.L7
  74:Code\Device\GPRS/Uart433.c **** 			{
  75:Code\Device\GPRS/Uart433.c **** 				RecvType = 1;
 109              		.loc 1 75 0 is_stmt 1
 110 0026 0120     		movs	r0, #1
 111 0028 0870     		strb	r0, [r1]
  76:Code\Device\GPRS/Uart433.c **** 				AT_index = 0;
 112              		.loc 1 76 0
 113 002a 6049     		ldr	r1, .L32+8
 114 002c 0A70     		strb	r2, [r1]
  77:Code\Device\GPRS/Uart433.c **** 				AT_RecvSta = HEAD_N;
 115              		.loc 1 77 0
 116 002e 1870     		strb	r0, [r3]
  78:Code\Device\GPRS/Uart433.c **** 				GPRS_AT_RecBuf[AT_index++] = uData;
 117              		.loc 1 78 0
 118 0030 0B78     		ldrb	r3, [r1]
 119 0032 DBB2     		uxtb	r3, r3
 120 0034 1A18     		adds	r2, r3, r0
 121 0036 07E0     		b	.L27
 122              	.L10:
  79:Code\Device\GPRS/Uart433.c **** 			}
  80:Code\Device\GPRS/Uart433.c **** 			break;
  81:Code\Device\GPRS/Uart433.c **** 		case HEAD_N:
  82:Code\Device\GPRS/Uart433.c **** 			if (uData == '\n')
 123              		.loc 1 82 0
 124 0038 0A2C     		cmp	r4, #10
 125 003a 48D1     		bne	.L7
  83:Code\Device\GPRS/Uart433.c **** 			{
  84:Code\Device\GPRS/Uart433.c **** 				AT_RecvSta = REV_DATA;
 126              		.loc 1 84 0
 127 003c 0222     		movs	r2, #2
  85:Code\Device\GPRS/Uart433.c **** 				GPRS_AT_RecBuf[AT_index++] = uData;
 128              		.loc 1 85 0
 129 003e 5B49     		ldr	r1, .L32+8
  84:Code\Device\GPRS/Uart433.c **** 				GPRS_AT_RecBuf[AT_index++] = uData;
 130              		.loc 1 84 0
 131 0040 1A70     		strb	r2, [r3]
 132              		.loc 1 85 0
 133 0042 0B78     		ldrb	r3, [r1]
 134 0044 DBB2     		uxtb	r3, r3
 135 0046 5A1C     		adds	r2, r3, #1
 136              	.L27:
 137 0048 D2B2     		uxtb	r2, r2
 138 004a 0A70     		strb	r2, [r1]
 139 004c 584A     		ldr	r2, .L32+12
 140 004e D454     		strb	r4, [r2, r3]
 141 0050 3DE0     		b	.L7
ARM GAS  C:\Users\Administrator\AppData\Local\Temp\cci9wPBI.s 			page 5


 142              	.L11:
 143 0052 564A     		ldr	r2, .L32+8
 144 0054 564D     		ldr	r5, .L32+12
  86:Code\Device\GPRS/Uart433.c **** 			}
  87:Code\Device\GPRS/Uart433.c **** 			break;
  88:Code\Device\GPRS/Uart433.c **** 		case REV_DATA:
  89:Code\Device\GPRS/Uart433.c **** 			if (uData == '>')
  90:Code\Device\GPRS/Uart433.c **** 			{
  91:Code\Device\GPRS/Uart433.c **** 				GPRS_AT_RecBuf[AT_index++] = uData;
 145              		.loc 1 91 0
 146 0056 1178     		ldrb	r1, [r2]
 147 0058 C9B2     		uxtb	r1, r1
 148 005a 481C     		adds	r0, r1, #1
 149 005c C0B2     		uxtb	r0, r0
 150 005e 1070     		strb	r0, [r2]
 151 0060 6C54     		strb	r4, [r5, r1]
  89:Code\Device\GPRS/Uart433.c **** 			{
 152              		.loc 1 89 0
 153 0062 3E2C     		cmp	r4, #62
 154 0064 0ED1     		bne	.L15
  92:Code\Device\GPRS/Uart433.c **** 				AT_RecvSta = HEAD_R;
 155              		.loc 1 92 0
 156 0066 0026     		movs	r6, #0
 157 0068 1E70     		strb	r6, [r3]
  93:Code\Device\GPRS/Uart433.c **** 				AT_index = 0;
 158              		.loc 1 93 0
 159 006a 1670     		strb	r6, [r2]
  94:Code\Device\GPRS/Uart433.c **** 				GPRS_AT_RecFinish = 1;
 160              		.loc 1 94 0
 161 006c 0122     		movs	r2, #1
 162 006e 514B     		ldr	r3, .L32+16
  95:Code\Device\GPRS/Uart433.c **** 				memcpy((uint8 *)GPRS_AT_Buf, (uint8 *)GPRS_AT_RecBuf, sizeof(GPRS_AT_RecBuf));
 163              		.loc 1 95 0
 164 0070 2900     		movs	r1, r5
  94:Code\Device\GPRS/Uart433.c **** 				GPRS_AT_RecFinish = 1;
 165              		.loc 1 94 0
 166 0072 1A70     		strb	r2, [r3]
 167              		.loc 1 95 0
 168 0074 5048     		ldr	r0, .L32+20
 169 0076 3F32     		adds	r2, r2, #63
 170 0078 FFF7FEFF 		bl	memcpy
 171              	.LVL8:
  96:Code\Device\GPRS/Uart433.c **** 				memset((uint8 *)GPRS_AT_RecBuf, 0, sizeof(GPRS_AT_RecBuf));
 172              		.loc 1 96 0
 173 007c 4022     		movs	r2, #64
 174 007e 3100     		movs	r1, r6
 175 0080 2800     		movs	r0, r5
 176 0082 22E0     		b	.L28
 177              	.L15:
  97:Code\Device\GPRS/Uart433.c **** 			}
  98:Code\Device\GPRS/Uart433.c **** 			else
  99:Code\Device\GPRS/Uart433.c **** 			{
 100:Code\Device\GPRS/Uart433.c **** 				GPRS_AT_RecBuf[AT_index++] = uData;
 101:Code\Device\GPRS/Uart433.c **** 				if (uData == '\r')
 178              		.loc 1 101 0
 179 0084 0D2C     		cmp	r4, #13
 180 0086 22D1     		bne	.L7
ARM GAS  C:\Users\Administrator\AppData\Local\Temp\cci9wPBI.s 			page 6


 102:Code\Device\GPRS/Uart433.c **** 				{
 103:Code\Device\GPRS/Uart433.c **** 					AT_RecvSta = TAIL_N;
 181              		.loc 1 103 0
 182 0088 0422     		movs	r2, #4
 183 008a 1A70     		strb	r2, [r3]
 184 008c 1FE0     		b	.L7
 185              	.L12:
 104:Code\Device\GPRS/Uart433.c **** 				}
 105:Code\Device\GPRS/Uart433.c **** 			}
 106:Code\Device\GPRS/Uart433.c **** 			break;
 107:Code\Device\GPRS/Uart433.c **** 		case TAIL_N:
 108:Code\Device\GPRS/Uart433.c **** 			if (uData == '\n')
 186              		.loc 1 108 0
 187 008e 0A2C     		cmp	r4, #10
 188 0090 1DD1     		bne	.L7
 109:Code\Device\GPRS/Uart433.c **** 			{
 110:Code\Device\GPRS/Uart433.c **** 				GPRS_AT_RecBuf[AT_index++] = uData;
 189              		.loc 1 110 0
 190 0092 4649     		ldr	r1, .L32+8
 191 0094 464E     		ldr	r6, .L32+12
 192 0096 0A78     		ldrb	r2, [r1]
 193 0098 D2B2     		uxtb	r2, r2
 194 009a 501C     		adds	r0, r2, #1
 195 009c C0B2     		uxtb	r0, r0
 196 009e 0870     		strb	r0, [r1]
 197 00a0 B454     		strb	r4, [r6, r2]
 111:Code\Device\GPRS/Uart433.c **** 				AT_RecvSta = HEAD_R;
 198              		.loc 1 111 0
 199 00a2 0022     		movs	r2, #0
 200 00a4 1A70     		strb	r2, [r3]
 112:Code\Device\GPRS/Uart433.c **** 				AT_index = 0;
 113:Code\Device\GPRS/Uart433.c **** 				RecvType = 0;
 201              		.loc 1 113 0
 202 00a6 404B     		ldr	r3, .L32+4
 112:Code\Device\GPRS/Uart433.c **** 				AT_index = 0;
 203              		.loc 1 112 0
 204 00a8 0A70     		strb	r2, [r1]
 205              		.loc 1 113 0
 206 00aa 1A70     		strb	r2, [r3]
 114:Code\Device\GPRS/Uart433.c **** 				if (GPRS_AT_RecFinish == 0)
 207              		.loc 1 114 0
 208 00ac 414B     		ldr	r3, .L32+16
 209 00ae 1D78     		ldrb	r5, [r3]
 210 00b0 EDB2     		uxtb	r5, r5
 211 00b2 9542     		cmp	r5, r2
 212 00b4 0BD1     		bne	.L7
 115:Code\Device\GPRS/Uart433.c **** 				{
 116:Code\Device\GPRS/Uart433.c **** 					GPRS_AT_RecFinish = 1;
 213              		.loc 1 116 0
 214 00b6 0132     		adds	r2, r2, #1
 215 00b8 1A70     		strb	r2, [r3]
 117:Code\Device\GPRS/Uart433.c **** 					memcpy((uint8 *)GPRS_AT_Buf, (uint8 *)GPRS_AT_RecBuf, sizeof(GPRS_AT_RecBuf));
 216              		.loc 1 117 0
 217 00ba 3100     		movs	r1, r6
 218 00bc 3F32     		adds	r2, r2, #63
 219 00be 3E48     		ldr	r0, .L32+20
 220 00c0 FFF7FEFF 		bl	memcpy
ARM GAS  C:\Users\Administrator\AppData\Local\Temp\cci9wPBI.s 			page 7


 221              	.LVL9:
 118:Code\Device\GPRS/Uart433.c **** 					memset((uint8 *)GPRS_AT_RecBuf, 0, sizeof(GPRS_AT_RecBuf));
 222              		.loc 1 118 0
 223 00c4 4022     		movs	r2, #64
 224 00c6 2900     		movs	r1, r5
 225 00c8 3000     		movs	r0, r6
 226              	.L28:
 227 00ca FFF7FEFF 		bl	memset
 228              	.LVL10:
 229              	.L7:
 119:Code\Device\GPRS/Uart433.c **** 				}
 120:Code\Device\GPRS/Uart433.c **** 			}
 121:Code\Device\GPRS/Uart433.c **** 			break;
 122:Code\Device\GPRS/Uart433.c **** 		default:
 123:Code\Device\GPRS/Uart433.c **** 			break;
 124:Code\Device\GPRS/Uart433.c **** 	}
 125:Code\Device\GPRS/Uart433.c **** 		
 126:Code\Device\GPRS/Uart433.c **** 	switch (Cmd_Revsta)
 230              		.loc 1 126 0
 231 00ce 3B4B     		ldr	r3, .L32+24
 232 00d0 1878     		ldrb	r0, [r3]
 233 00d2 C0B2     		uxtb	r0, r0
 234 00d4 0428     		cmp	r0, #4
 235 00d6 64D8     		bhi	.L6
 236 00d8 FFF7FEFF 		bl	__gnu_thumb1_case_uqi
 237              	.L18:
 238 00dc 03       		.byte	(.L17-.L18)/2
 239 00dd 14       		.byte	(.L19-.L18)/2
 240 00de 21       		.byte	(.L20-.L18)/2
 241 00df 23       		.byte	(.L21-.L18)/2
 242 00e0 34       		.byte	(.L22-.L18)/2
 243 00e1 00       		.p2align 1
 244              	.L17:
 127:Code\Device\GPRS/Uart433.c **** 	{
 128:Code\Device\GPRS/Uart433.c **** 		case HEX_EF:
 129:Code\Device\GPRS/Uart433.c **** 			if ((uData == 0xef) && (RecvType == 0))
 245              		.loc 1 129 0
 246 00e2 EF2C     		cmp	r4, #239
 247 00e4 5DD1     		bne	.L6
 248              		.loc 1 129 0 is_stmt 0 discriminator 1
 249 00e6 3049     		ldr	r1, .L32+4
 250 00e8 0A78     		ldrb	r2, [r1]
 251 00ea D2B2     		uxtb	r2, r2
 252 00ec 002A     		cmp	r2, #0
 253 00ee 58D1     		bne	.L6
 130:Code\Device\GPRS/Uart433.c **** 			{
 131:Code\Device\GPRS/Uart433.c **** 				RecvType = 2;
 254              		.loc 1 131 0 is_stmt 1
 255 00f0 0220     		movs	r0, #2
 256 00f2 0870     		strb	r0, [r1]
 132:Code\Device\GPRS/Uart433.c **** 				Cmd_index = 0;
 257              		.loc 1 132 0
 258 00f4 3249     		ldr	r1, .L32+28
 259 00f6 0A80     		strh	r2, [r1]
 133:Code\Device\GPRS/Uart433.c **** 				Cmd_Revsta = HEX_3A;
 260              		.loc 1 133 0
 261 00f8 0132     		adds	r2, r2, #1
ARM GAS  C:\Users\Administrator\AppData\Local\Temp\cci9wPBI.s 			page 8


 262 00fa 1A70     		strb	r2, [r3]
 134:Code\Device\GPRS/Uart433.c **** 				CmdRev_buf[Cmd_index++] = uData;
 263              		.loc 1 134 0
 264 00fc 0B88     		ldrh	r3, [r1]
 265 00fe 9BB2     		uxth	r3, r3
 266 0100 9A18     		adds	r2, r3, r2
 267 0102 07E0     		b	.L30
 268              	.L19:
 135:Code\Device\GPRS/Uart433.c **** 			}
 136:Code\Device\GPRS/Uart433.c **** 			break;
 137:Code\Device\GPRS/Uart433.c **** 		case HEX_3A:
 138:Code\Device\GPRS/Uart433.c **** 			if (uData == 0x3a)
 269              		.loc 1 138 0
 270 0104 3A2C     		cmp	r4, #58
 271 0106 4CD1     		bne	.L6
 139:Code\Device\GPRS/Uart433.c **** 			{
 140:Code\Device\GPRS/Uart433.c **** 				Cmd_Revsta = HEX_LEN_H;
 272              		.loc 1 140 0
 273 0108 0222     		movs	r2, #2
 274              	.L31:
 141:Code\Device\GPRS/Uart433.c **** 				CmdRev_buf[Cmd_index++] = uData;
 275              		.loc 1 141 0
 276 010a 2D49     		ldr	r1, .L32+28
 140:Code\Device\GPRS/Uart433.c **** 				CmdRev_buf[Cmd_index++] = uData;
 277              		.loc 1 140 0
 278 010c 1A70     		strb	r2, [r3]
 279              		.loc 1 141 0
 280 010e 0B88     		ldrh	r3, [r1]
 281 0110 9BB2     		uxth	r3, r3
 282 0112 5A1C     		adds	r2, r3, #1
 283              	.L30:
 284 0114 92B2     		uxth	r2, r2
 285 0116 0A80     		strh	r2, [r1]
 286 0118 2A4A     		ldr	r2, .L32+32
 287 011a D454     		strb	r4, [r2, r3]
 288 011c 41E0     		b	.L6
 289              	.L20:
 142:Code\Device\GPRS/Uart433.c **** 			}
 143:Code\Device\GPRS/Uart433.c **** 			break;
 144:Code\Device\GPRS/Uart433.c **** 		case HEX_LEN_H:
 145:Code\Device\GPRS/Uart433.c **** 			Cmd_Revsta = HEX_LEN_L;
 290              		.loc 1 145 0
 291 011e 0322     		movs	r2, #3
 292 0120 F3E7     		b	.L31
 293              	.L21:
 146:Code\Device\GPRS/Uart433.c **** 			CmdRev_buf[Cmd_index++] = uData;
 147:Code\Device\GPRS/Uart433.c **** 			break;
 148:Code\Device\GPRS/Uart433.c **** 		case HEX_LEN_L:
 149:Code\Device\GPRS/Uart433.c **** 			Cmd_Revsta = HEX_DATA;
 294              		.loc 1 149 0
 295 0122 0422     		movs	r2, #4
 150:Code\Device\GPRS/Uart433.c **** 			CmdRev_buf[Cmd_index++] = uData;
 296              		.loc 1 150 0
 297 0124 2649     		ldr	r1, .L32+28
 149:Code\Device\GPRS/Uart433.c **** 			CmdRev_buf[Cmd_index++] = uData;
 298              		.loc 1 149 0
 299 0126 1A70     		strb	r2, [r3]
ARM GAS  C:\Users\Administrator\AppData\Local\Temp\cci9wPBI.s 			page 9


 300              		.loc 1 150 0
 301 0128 0B88     		ldrh	r3, [r1]
 302 012a 9BB2     		uxth	r3, r3
 303 012c 5A1C     		adds	r2, r3, #1
 304 012e 92B2     		uxth	r2, r2
 305 0130 0A80     		strh	r2, [r1]
 306 0132 244A     		ldr	r2, .L32+32
 307 0134 D454     		strb	r4, [r2, r3]
 151:Code\Device\GPRS/Uart433.c **** 			Cmd_Baglen = (CmdRev_buf[2] << 8) | CmdRev_buf[3];
 308              		.loc 1 151 0
 309 0136 9378     		ldrb	r3, [r2, #2]
 310 0138 D278     		ldrb	r2, [r2, #3]
 311 013a 1B02     		lsls	r3, r3, #8
 312 013c 1343     		orrs	r3, r2
 313 013e 224A     		ldr	r2, .L32+36
 314 0140 1380     		strh	r3, [r2]
 152:Code\Device\GPRS/Uart433.c **** 			break;
 315              		.loc 1 152 0
 316 0142 2EE0     		b	.L6
 317              	.L22:
 153:Code\Device\GPRS/Uart433.c **** 		case HEX_DATA:
 154:Code\Device\GPRS/Uart433.c **** 			CmdRev_buf[Cmd_index++] = uData;
 318              		.loc 1 154 0
 319 0144 1E4A     		ldr	r2, .L32+28
 155:Code\Device\GPRS/Uart433.c **** 			if (Cmd_index == Cmd_Baglen + 4)
 320              		.loc 1 155 0
 321 0146 204D     		ldr	r5, .L32+36
 154:Code\Device\GPRS/Uart433.c **** 			if (Cmd_index == Cmd_Baglen + 4)
 322              		.loc 1 154 0
 323 0148 1188     		ldrh	r1, [r2]
 324 014a 89B2     		uxth	r1, r1
 325 014c 481C     		adds	r0, r1, #1
 326 014e 80B2     		uxth	r0, r0
 327 0150 1080     		strh	r0, [r2]
 328 0152 1C48     		ldr	r0, .L32+32
 329 0154 4454     		strb	r4, [r0, r1]
 330              		.loc 1 155 0
 331 0156 1688     		ldrh	r6, [r2]
 332 0158 2988     		ldrh	r1, [r5]
 333 015a 0400     		movs	r4, r0
 334 015c 0431     		adds	r1, r1, #4
 335 015e 8E42     		cmp	r6, r1
 336 0160 1FD1     		bne	.L6
 156:Code\Device\GPRS/Uart433.c **** 			{
 157:Code\Device\GPRS/Uart433.c **** 				Cmd_Revsta = HEX_EF;
 337              		.loc 1 157 0
 338 0162 0021     		movs	r1, #0
 339 0164 1970     		strb	r1, [r3]
 158:Code\Device\GPRS/Uart433.c **** 				Cmd_index = 0;
 159:Code\Device\GPRS/Uart433.c **** 				RecvType = 0;
 340              		.loc 1 159 0
 341 0166 104B     		ldr	r3, .L32+4
 160:Code\Device\GPRS/Uart433.c **** 				
 161:Code\Device\GPRS/Uart433.c **** 				if (GPRSCmdParseFlag1 == 0)
 342              		.loc 1 161 0
 343 0168 184E     		ldr	r6, .L32+40
 158:Code\Device\GPRS/Uart433.c **** 				Cmd_index = 0;
ARM GAS  C:\Users\Administrator\AppData\Local\Temp\cci9wPBI.s 			page 10


 344              		.loc 1 158 0
 345 016a 1180     		strh	r1, [r2]
 159:Code\Device\GPRS/Uart433.c **** 				
 346              		.loc 1 159 0
 347 016c 1970     		strb	r1, [r3]
 348              		.loc 1 161 0
 349 016e 3378     		ldrb	r3, [r6]
 350 0170 8B42     		cmp	r3, r1
 351 0172 04D1     		bne	.L25
 162:Code\Device\GPRS/Uart433.c **** 				{
 163:Code\Device\GPRS/Uart433.c **** 					memcpy((uint8 *)GPRSCmd_buf1, (uint8 *)CmdRev_buf, Cmd_Baglen + 4);
 352              		.loc 1 163 0
 353 0174 2A88     		ldrh	r2, [r5]
 354 0176 0100     		movs	r1, r0
 355 0178 0432     		adds	r2, r2, #4
 356 017a 1548     		ldr	r0, .L32+44
 357 017c 07E0     		b	.L29
 358              	.L25:
 164:Code\Device\GPRS/Uart433.c **** 					GPRSCmdParseFlag1 = 1;
 165:Code\Device\GPRS/Uart433.c **** 				}
 166:Code\Device\GPRS/Uart433.c **** 				else if(GPRSCmdParseFlag2 == 0)
 359              		.loc 1 166 0
 360 017e 154E     		ldr	r6, .L32+48
 361 0180 3378     		ldrb	r3, [r6]
 362 0182 002B     		cmp	r3, #0
 363 0184 07D1     		bne	.L26
 167:Code\Device\GPRS/Uart433.c **** 				{
 168:Code\Device\GPRS/Uart433.c **** 					// 
 169:Code\Device\GPRS/Uart433.c **** 					memcpy((uint8 *)GPRSCmd_buf2, (uint8 *)CmdRev_buf, Cmd_Baglen + 4);
 364              		.loc 1 169 0
 365 0186 2A88     		ldrh	r2, [r5]
 366 0188 0100     		movs	r1, r0
 367 018a 1348     		ldr	r0, .L32+52
 368 018c 0432     		adds	r2, r2, #4
 369              	.L29:
 370 018e FFF7FEFF 		bl	memcpy
 371              	.LVL11:
 170:Code\Device\GPRS/Uart433.c **** 					GPRSCmdParseFlag2 = 1;
 372              		.loc 1 170 0
 373 0192 0123     		movs	r3, #1
 374 0194 3370     		strb	r3, [r6]
 375              	.L26:
 171:Code\Device\GPRS/Uart433.c **** 				}
 172:Code\Device\GPRS/Uart433.c **** 				Cmd_Baglen = 0;
 376              		.loc 1 172 0
 377 0196 0021     		movs	r1, #0
 173:Code\Device\GPRS/Uart433.c **** 				memset((uint8 *)CmdRev_buf, 0, sizeof(CmdRev_buf));
 378              		.loc 1 173 0
 379 0198 104A     		ldr	r2, .L32+56
 380 019a 2000     		movs	r0, r4
 172:Code\Device\GPRS/Uart433.c **** 				memset((uint8 *)CmdRev_buf, 0, sizeof(CmdRev_buf));
 381              		.loc 1 172 0
 382 019c 2980     		strh	r1, [r5]
 383              		.loc 1 173 0
 384 019e FFF7FEFF 		bl	memset
 385              	.LVL12:
 386              	.L6:
ARM GAS  C:\Users\Administrator\AppData\Local\Temp\cci9wPBI.s 			page 11


 174:Code\Device\GPRS/Uart433.c **** 			}
 175:Code\Device\GPRS/Uart433.c **** 			break;
 176:Code\Device\GPRS/Uart433.c **** 		default:
 177:Code\Device\GPRS/Uart433.c **** 			break;
 178:Code\Device\GPRS/Uart433.c **** 	}
 179:Code\Device\GPRS/Uart433.c **** }
 387              		.loc 1 179 0
 388              		@ sp needed
 389 01a2 70BD     		pop	{r4, r5, r6, pc}
 390              	.L33:
 391              		.align	2
 392              	.L32:
 393 01a4 00000000 		.word	AT_RecvSta
 394 01a8 00000000 		.word	.LANCHOR0
 395 01ac 00000000 		.word	AT_index
 396 01b0 00000000 		.word	GPRS_AT_RecBuf
 397 01b4 00000000 		.word	GPRS_AT_RecFinish
 398 01b8 00000000 		.word	GPRS_AT_Buf
 399 01bc 00000000 		.word	Cmd_Revsta
 400 01c0 00000000 		.word	Cmd_index
 401 01c4 00000000 		.word	CmdRev_buf
 402 01c8 00000000 		.word	Cmd_Baglen
 403 01cc 00000000 		.word	GPRSCmdParseFlag1
 404 01d0 00000000 		.word	GPRSCmd_buf1
 405 01d4 00000000 		.word	GPRSCmdParseFlag2
 406 01d8 00000000 		.word	GPRSCmd_buf2
 407 01dc 1A040000 		.word	1050
 408              		.cfi_endproc
 409              	.LFE64:
 410              		.size	Uart433Recv, .-Uart433Recv
 411              		.comm	Cmd_index,2,2
 412              		.comm	Cmd_Revsta,1,1
 413              		.comm	Cmd_Baglen,2,2
 414              		.comm	CmdRev_buf,1050,1
 415              		.comm	AT_index,1,1
 416              		.comm	AT_RecvSta,1,1
 417              		.comm	GPRS_AT_RecBuf,64,1
 418              		.global	RecvType
 419              		.bss
 420              		.set	.LANCHOR0,. + 0
 421              		.type	RecvType, %object
 422              		.size	RecvType, 1
 423              	RecvType:
 424 0000 00       		.space	1
 425              		.text
 426              	.Letext0:
 427              		.file 2 "Generated_Source\\PSoC4/cytypes.h"
 428              		.file 3 "Generated_Source\\PSoC4/RTC.h"
 429              		.file 4 "Generated_Source\\PSoC4/UART_433_SPI_UART.h"
 430              		.section	.debug_info,"",%progbits
 431              	.Ldebug_info0:
 432 0000 DD020000 		.4byte	0x2dd
 433 0004 0400     		.2byte	0x4
 434 0006 00000000 		.4byte	.Ldebug_abbrev0
 435 000a 04       		.byte	0x4
 436 000b 01       		.uleb128 0x1
 437 000c 2F020000 		.4byte	.LASF39
ARM GAS  C:\Users\Administrator\AppData\Local\Temp\cci9wPBI.s 			page 12


 438 0010 0C       		.byte	0xc
 439 0011 1D000000 		.4byte	.LASF40
 440 0015 38000000 		.4byte	.LASF41
 441 0019 00000000 		.4byte	.Ldebug_ranges0+0
 442 001d 00000000 		.4byte	0
 443 0021 00000000 		.4byte	.Ldebug_line0
 444 0025 02       		.uleb128 0x2
 445 0026 01       		.byte	0x1
 446 0027 06       		.byte	0x6
 447 0028 23020000 		.4byte	.LASF0
 448 002c 02       		.uleb128 0x2
 449 002d 01       		.byte	0x1
 450 002e 08       		.byte	0x8
 451 002f 48010000 		.4byte	.LASF1
 452 0033 02       		.uleb128 0x2
 453 0034 02       		.byte	0x2
 454 0035 05       		.byte	0x5
 455 0036 C7010000 		.4byte	.LASF2
 456 003a 02       		.uleb128 0x2
 457 003b 02       		.byte	0x2
 458 003c 07       		.byte	0x7
 459 003d 96000000 		.4byte	.LASF3
 460 0041 02       		.uleb128 0x2
 461 0042 04       		.byte	0x4
 462 0043 05       		.byte	0x5
 463 0044 EC010000 		.4byte	.LASF4
 464 0048 02       		.uleb128 0x2
 465 0049 04       		.byte	0x4
 466 004a 07       		.byte	0x7
 467 004b ED000000 		.4byte	.LASF5
 468 004f 02       		.uleb128 0x2
 469 0050 08       		.byte	0x8
 470 0051 05       		.byte	0x5
 471 0052 AD010000 		.4byte	.LASF6
 472 0056 02       		.uleb128 0x2
 473 0057 08       		.byte	0x8
 474 0058 07       		.byte	0x7
 475 0059 78010000 		.4byte	.LASF7
 476 005d 03       		.uleb128 0x3
 477 005e 04       		.byte	0x4
 478 005f 05       		.byte	0x5
 479 0060 696E7400 		.ascii	"int\000"
 480 0064 02       		.uleb128 0x2
 481 0065 04       		.byte	0x4
 482 0066 07       		.byte	0x7
 483 0067 56010000 		.4byte	.LASF8
 484 006b 04       		.uleb128 0x4
 485 006c D1010000 		.4byte	.LASF9
 486 0070 02       		.byte	0x2
 487 0071 D201     		.2byte	0x1d2
 488 0073 2C000000 		.4byte	0x2c
 489 0077 04       		.uleb128 0x4
 490 0078 3A010000 		.4byte	.LASF10
 491 007c 02       		.byte	0x2
 492 007d D301     		.2byte	0x1d3
 493 007f 3A000000 		.4byte	0x3a
 494 0083 04       		.uleb128 0x4
ARM GAS  C:\Users\Administrator\AppData\Local\Temp\cci9wPBI.s 			page 13


 495 0084 41010000 		.4byte	.LASF11
 496 0088 02       		.byte	0x2
 497 0089 D401     		.2byte	0x1d4
 498 008b 48000000 		.4byte	0x48
 499 008f 02       		.uleb128 0x2
 500 0090 04       		.byte	0x4
 501 0091 04       		.byte	0x4
 502 0092 D7000000 		.4byte	.LASF12
 503 0096 02       		.uleb128 0x2
 504 0097 08       		.byte	0x8
 505 0098 04       		.byte	0x4
 506 0099 33010000 		.4byte	.LASF13
 507 009d 02       		.uleb128 0x2
 508 009e 01       		.byte	0x1
 509 009f 08       		.byte	0x8
 510 00a0 BB010000 		.4byte	.LASF14
 511 00a4 05       		.uleb128 0x5
 512 00a5 6B000000 		.4byte	0x6b
 513 00a9 05       		.uleb128 0x5
 514 00aa 77000000 		.4byte	0x77
 515 00ae 02       		.uleb128 0x2
 516 00af 08       		.byte	0x8
 517 00b0 04       		.byte	0x4
 518 00b1 17020000 		.4byte	.LASF15
 519 00b5 02       		.uleb128 0x2
 520 00b6 04       		.byte	0x4
 521 00b7 07       		.byte	0x7
 522 00b8 98010000 		.4byte	.LASF16
 523 00bc 06       		.uleb128 0x6
 524 00bd 04       		.byte	0x4
 525 00be 6B000000 		.4byte	0x6b
 526 00c2 07       		.uleb128 0x7
 527 00c3 63010000 		.4byte	.LASF19
 528 00c7 01       		.byte	0x1
 529 00c8 30       		.byte	0x30
 530 00c9 00000000 		.4byte	.LFB63
 531 00cd 16000000 		.4byte	.LFE63-.LFB63
 532 00d1 01       		.uleb128 0x1
 533 00d2 9C       		.byte	0x9c
 534 00d3 0C010000 		.4byte	0x10c
 535 00d7 08       		.uleb128 0x8
 536 00d8 DD000000 		.4byte	.LASF17
 537 00dc 01       		.byte	0x1
 538 00dd 30       		.byte	0x30
 539 00de BC000000 		.4byte	0xbc
 540 00e2 00000000 		.4byte	.LLST0
 541 00e6 08       		.uleb128 0x8
 542 00e7 E2000000 		.4byte	.LASF18
 543 00eb 01       		.byte	0x1
 544 00ec 30       		.byte	0x30
 545 00ed 77000000 		.4byte	0x77
 546 00f1 21000000 		.4byte	.LLST1
 547 00f5 09       		.uleb128 0x9
 548 00f6 6900     		.ascii	"i\000"
 549 00f8 01       		.byte	0x1
 550 00f9 32       		.byte	0x32
 551 00fa 77000000 		.4byte	0x77
ARM GAS  C:\Users\Administrator\AppData\Local\Temp\cci9wPBI.s 			page 14


 552 00fe 42000000 		.4byte	.LLST2
 553 0102 0A       		.uleb128 0xa
 554 0103 10000000 		.4byte	.LVL2
 555 0107 C2020000 		.4byte	0x2c2
 556 010b 00       		.byte	0
 557 010c 07       		.uleb128 0x7
 558 010d A1010000 		.4byte	.LASF20
 559 0111 01       		.byte	0x1
 560 0112 44       		.byte	0x44
 561 0113 00000000 		.4byte	.LFB64
 562 0117 E0010000 		.4byte	.LFE64-.LFB64
 563 011b 01       		.uleb128 0x1
 564 011c 9C       		.byte	0x9c
 565 011d 93010000 		.4byte	0x193
 566 0121 08       		.uleb128 0x8
 567 0122 E7000000 		.4byte	.LASF21
 568 0126 01       		.byte	0x1
 569 0127 44       		.byte	0x44
 570 0128 6B000000 		.4byte	0x6b
 571 012c 8B000000 		.4byte	.LLST3
 572 0130 0B       		.uleb128 0xb
 573 0131 7C000000 		.4byte	.LVL8
 574 0135 CE020000 		.4byte	0x2ce
 575 0139 4A010000 		.4byte	0x14a
 576 013d 0C       		.uleb128 0xc
 577 013e 01       		.uleb128 0x1
 578 013f 51       		.byte	0x51
 579 0140 02       		.uleb128 0x2
 580 0141 75       		.byte	0x75
 581 0142 00       		.sleb128 0
 582 0143 0C       		.uleb128 0xc
 583 0144 01       		.uleb128 0x1
 584 0145 52       		.byte	0x52
 585 0146 02       		.uleb128 0x2
 586 0147 08       		.byte	0x8
 587 0148 40       		.byte	0x40
 588 0149 00       		.byte	0
 589 014a 0B       		.uleb128 0xb
 590 014b C4000000 		.4byte	.LVL9
 591 014f CE020000 		.4byte	0x2ce
 592 0153 64010000 		.4byte	0x164
 593 0157 0C       		.uleb128 0xc
 594 0158 01       		.uleb128 0x1
 595 0159 51       		.byte	0x51
 596 015a 02       		.uleb128 0x2
 597 015b 76       		.byte	0x76
 598 015c 00       		.sleb128 0
 599 015d 0C       		.uleb128 0xc
 600 015e 01       		.uleb128 0x1
 601 015f 52       		.byte	0x52
 602 0160 02       		.uleb128 0x2
 603 0161 08       		.byte	0x8
 604 0162 40       		.byte	0x40
 605 0163 00       		.byte	0
 606 0164 0A       		.uleb128 0xa
 607 0165 CE000000 		.4byte	.LVL10
 608 0169 D7020000 		.4byte	0x2d7
ARM GAS  C:\Users\Administrator\AppData\Local\Temp\cci9wPBI.s 			page 15


 609 016d 0A       		.uleb128 0xa
 610 016e 92010000 		.4byte	.LVL11
 611 0172 CE020000 		.4byte	0x2ce
 612 0176 0D       		.uleb128 0xd
 613 0177 A2010000 		.4byte	.LVL12
 614 017b D7020000 		.4byte	0x2d7
 615 017f 0C       		.uleb128 0xc
 616 0180 01       		.uleb128 0x1
 617 0181 50       		.byte	0x50
 618 0182 02       		.uleb128 0x2
 619 0183 74       		.byte	0x74
 620 0184 00       		.sleb128 0
 621 0185 0C       		.uleb128 0xc
 622 0186 01       		.uleb128 0x1
 623 0187 51       		.byte	0x51
 624 0188 01       		.uleb128 0x1
 625 0189 30       		.byte	0x30
 626 018a 0C       		.uleb128 0xc
 627 018b 01       		.uleb128 0x1
 628 018c 52       		.byte	0x52
 629 018d 03       		.uleb128 0x3
 630 018e 0A       		.byte	0xa
 631 018f 1A04     		.2byte	0x41a
 632 0191 00       		.byte	0
 633 0192 00       		.byte	0
 634 0193 0E       		.uleb128 0xe
 635 0194 A3010000 		.4byte	0x1a3
 636 0198 A3010000 		.4byte	0x1a3
 637 019c 0F       		.uleb128 0xf
 638 019d B5000000 		.4byte	0xb5
 639 01a1 0B       		.byte	0xb
 640 01a2 00       		.byte	0
 641 01a3 10       		.uleb128 0x10
 642 01a4 77000000 		.4byte	0x77
 643 01a8 11       		.uleb128 0x11
 644 01a9 00020000 		.4byte	.LASF22
 645 01ad 03       		.byte	0x3
 646 01ae E001     		.2byte	0x1e0
 647 01b0 B4010000 		.4byte	0x1b4
 648 01b4 10       		.uleb128 0x10
 649 01b5 93010000 		.4byte	0x193
 650 01b9 0E       		.uleb128 0xe
 651 01ba C9010000 		.4byte	0x1c9
 652 01be C9010000 		.4byte	0x1c9
 653 01c2 0F       		.uleb128 0xf
 654 01c3 B5000000 		.4byte	0xb5
 655 01c7 3F       		.byte	0x3f
 656 01c8 00       		.byte	0
 657 01c9 05       		.uleb128 0x5
 658 01ca 9D000000 		.4byte	0x9d
 659 01ce 12       		.uleb128 0x12
 660 01cf 27010000 		.4byte	.LASF23
 661 01d3 01       		.byte	0x1
 662 01d4 0F       		.byte	0xf
 663 01d5 D9010000 		.4byte	0x1d9
 664 01d9 05       		.uleb128 0x5
 665 01da B9010000 		.4byte	0x1b9
ARM GAS  C:\Users\Administrator\AppData\Local\Temp\cci9wPBI.s 			page 16


 666 01de 12       		.uleb128 0x12
 667 01df FF000000 		.4byte	.LASF24
 668 01e3 01       		.byte	0x1
 669 01e4 10       		.byte	0x10
 670 01e5 A4000000 		.4byte	0xa4
 671 01e9 12       		.uleb128 0x12
 672 01ea A9000000 		.4byte	.LASF25
 673 01ee 01       		.byte	0x1
 674 01ef 12       		.byte	0x12
 675 01f0 A4000000 		.4byte	0xa4
 676 01f4 12       		.uleb128 0x12
 677 01f5 00000000 		.4byte	.LASF26
 678 01f9 01       		.byte	0x1
 679 01fa 13       		.byte	0x13
 680 01fb A4000000 		.4byte	0xa4
 681 01ff 0E       		.uleb128 0xe
 682 0200 A4000000 		.4byte	0xa4
 683 0204 10020000 		.4byte	0x210
 684 0208 13       		.uleb128 0x13
 685 0209 B5000000 		.4byte	0xb5
 686 020d 1904     		.2byte	0x419
 687 020f 00       		.byte	0
 688 0210 12       		.uleb128 0x12
 689 0211 BD020000 		.4byte	.LASF27
 690 0215 01       		.byte	0x1
 691 0216 14       		.byte	0x14
 692 0217 1B020000 		.4byte	0x21b
 693 021b 05       		.uleb128 0x5
 694 021c FF010000 		.4byte	0x1ff
 695 0220 12       		.uleb128 0x12
 696 0221 CA020000 		.4byte	.LASF28
 697 0225 01       		.byte	0x1
 698 0226 15       		.byte	0x15
 699 0227 2B020000 		.4byte	0x22b
 700 022b 05       		.uleb128 0x5
 701 022c FF010000 		.4byte	0x1ff
 702 0230 14       		.uleb128 0x14
 703 0231 8F010000 		.4byte	.LASF29
 704 0235 01       		.byte	0x1
 705 0236 1A       		.byte	0x1a
 706 0237 A4000000 		.4byte	0xa4
 707 023b 05       		.uleb128 0x5
 708 023c 03       		.byte	0x3
 709 023d 00000000 		.4byte	RecvType
 710 0241 14       		.uleb128 0x14
 711 0242 11010000 		.4byte	.LASF30
 712 0246 01       		.byte	0x1
 713 0247 1C       		.byte	0x1c
 714 0248 52020000 		.4byte	0x252
 715 024c 05       		.uleb128 0x5
 716 024d 03       		.byte	0x3
 717 024e 00000000 		.4byte	GPRS_AT_RecBuf
 718 0252 05       		.uleb128 0x5
 719 0253 B9010000 		.4byte	0x1b9
 720 0257 14       		.uleb128 0x14
 721 0258 8B000000 		.4byte	.LASF31
 722 025c 01       		.byte	0x1
ARM GAS  C:\Users\Administrator\AppData\Local\Temp\cci9wPBI.s 			page 17


 723 025d 1D       		.byte	0x1d
 724 025e A4000000 		.4byte	0xa4
 725 0262 05       		.uleb128 0x5
 726 0263 03       		.byte	0x3
 727 0264 00000000 		.4byte	AT_RecvSta
 728 0268 14       		.uleb128 0x14
 729 0269 6F010000 		.4byte	.LASF32
 730 026d 01       		.byte	0x1
 731 026e 1E       		.byte	0x1e
 732 026f A4000000 		.4byte	0xa4
 733 0273 05       		.uleb128 0x5
 734 0274 03       		.byte	0x3
 735 0275 00000000 		.4byte	AT_index
 736 0279 14       		.uleb128 0x14
 737 027a 12000000 		.4byte	.LASF33
 738 027e 01       		.byte	0x1
 739 027f 20       		.byte	0x20
 740 0280 8A020000 		.4byte	0x28a
 741 0284 05       		.uleb128 0x5
 742 0285 03       		.byte	0x3
 743 0286 00000000 		.4byte	CmdRev_buf
 744 028a 05       		.uleb128 0x5
 745 028b FF010000 		.4byte	0x1ff
 746 028f 14       		.uleb128 0x14
 747 0290 F5010000 		.4byte	.LASF34
 748 0294 01       		.byte	0x1
 749 0295 21       		.byte	0x21
 750 0296 A9000000 		.4byte	0xa9
 751 029a 05       		.uleb128 0x5
 752 029b 03       		.byte	0x3
 753 029c 00000000 		.4byte	Cmd_Baglen
 754 02a0 14       		.uleb128 0x14
 755 02a1 E1010000 		.4byte	.LASF35
 756 02a5 01       		.byte	0x1
 757 02a6 22       		.byte	0x22
 758 02a7 A4000000 		.4byte	0xa4
 759 02ab 05       		.uleb128 0x5
 760 02ac 03       		.byte	0x3
 761 02ad 00000000 		.4byte	Cmd_Revsta
 762 02b1 14       		.uleb128 0x14
 763 02b2 D7010000 		.4byte	.LASF36
 764 02b6 01       		.byte	0x1
 765 02b7 23       		.byte	0x23
 766 02b8 A9000000 		.4byte	0xa9
 767 02bc 05       		.uleb128 0x5
 768 02bd 03       		.byte	0x3
 769 02be 00000000 		.4byte	Cmd_index
 770 02c2 15       		.uleb128 0x15
 771 02c3 BB000000 		.4byte	.LASF42
 772 02c7 BB000000 		.4byte	.LASF42
 773 02cb 04       		.byte	0x4
 774 02cc 4403     		.2byte	0x344
 775 02ce 16       		.uleb128 0x16
 776 02cf C0010000 		.4byte	.LASF37
 777 02d3 C0010000 		.4byte	.LASF37
 778 02d7 16       		.uleb128 0x16
 779 02d8 20010000 		.4byte	.LASF38
ARM GAS  C:\Users\Administrator\AppData\Local\Temp\cci9wPBI.s 			page 18


 780 02dc 20010000 		.4byte	.LASF38
 781 02e0 00       		.byte	0
 782              		.section	.debug_abbrev,"",%progbits
 783              	.Ldebug_abbrev0:
 784 0000 01       		.uleb128 0x1
 785 0001 11       		.uleb128 0x11
 786 0002 01       		.byte	0x1
 787 0003 25       		.uleb128 0x25
 788 0004 0E       		.uleb128 0xe
 789 0005 13       		.uleb128 0x13
 790 0006 0B       		.uleb128 0xb
 791 0007 03       		.uleb128 0x3
 792 0008 0E       		.uleb128 0xe
 793 0009 1B       		.uleb128 0x1b
 794 000a 0E       		.uleb128 0xe
 795 000b 55       		.uleb128 0x55
 796 000c 17       		.uleb128 0x17
 797 000d 11       		.uleb128 0x11
 798 000e 01       		.uleb128 0x1
 799 000f 10       		.uleb128 0x10
 800 0010 17       		.uleb128 0x17
 801 0011 00       		.byte	0
 802 0012 00       		.byte	0
 803 0013 02       		.uleb128 0x2
 804 0014 24       		.uleb128 0x24
 805 0015 00       		.byte	0
 806 0016 0B       		.uleb128 0xb
 807 0017 0B       		.uleb128 0xb
 808 0018 3E       		.uleb128 0x3e
 809 0019 0B       		.uleb128 0xb
 810 001a 03       		.uleb128 0x3
 811 001b 0E       		.uleb128 0xe
 812 001c 00       		.byte	0
 813 001d 00       		.byte	0
 814 001e 03       		.uleb128 0x3
 815 001f 24       		.uleb128 0x24
 816 0020 00       		.byte	0
 817 0021 0B       		.uleb128 0xb
 818 0022 0B       		.uleb128 0xb
 819 0023 3E       		.uleb128 0x3e
 820 0024 0B       		.uleb128 0xb
 821 0025 03       		.uleb128 0x3
 822 0026 08       		.uleb128 0x8
 823 0027 00       		.byte	0
 824 0028 00       		.byte	0
 825 0029 04       		.uleb128 0x4
 826 002a 16       		.uleb128 0x16
 827 002b 00       		.byte	0
 828 002c 03       		.uleb128 0x3
 829 002d 0E       		.uleb128 0xe
 830 002e 3A       		.uleb128 0x3a
 831 002f 0B       		.uleb128 0xb
 832 0030 3B       		.uleb128 0x3b
 833 0031 05       		.uleb128 0x5
 834 0032 49       		.uleb128 0x49
 835 0033 13       		.uleb128 0x13
 836 0034 00       		.byte	0
ARM GAS  C:\Users\Administrator\AppData\Local\Temp\cci9wPBI.s 			page 19


 837 0035 00       		.byte	0
 838 0036 05       		.uleb128 0x5
 839 0037 35       		.uleb128 0x35
 840 0038 00       		.byte	0
 841 0039 49       		.uleb128 0x49
 842 003a 13       		.uleb128 0x13
 843 003b 00       		.byte	0
 844 003c 00       		.byte	0
 845 003d 06       		.uleb128 0x6
 846 003e 0F       		.uleb128 0xf
 847 003f 00       		.byte	0
 848 0040 0B       		.uleb128 0xb
 849 0041 0B       		.uleb128 0xb
 850 0042 49       		.uleb128 0x49
 851 0043 13       		.uleb128 0x13
 852 0044 00       		.byte	0
 853 0045 00       		.byte	0
 854 0046 07       		.uleb128 0x7
 855 0047 2E       		.uleb128 0x2e
 856 0048 01       		.byte	0x1
 857 0049 3F       		.uleb128 0x3f
 858 004a 19       		.uleb128 0x19
 859 004b 03       		.uleb128 0x3
 860 004c 0E       		.uleb128 0xe
 861 004d 3A       		.uleb128 0x3a
 862 004e 0B       		.uleb128 0xb
 863 004f 3B       		.uleb128 0x3b
 864 0050 0B       		.uleb128 0xb
 865 0051 27       		.uleb128 0x27
 866 0052 19       		.uleb128 0x19
 867 0053 11       		.uleb128 0x11
 868 0054 01       		.uleb128 0x1
 869 0055 12       		.uleb128 0x12
 870 0056 06       		.uleb128 0x6
 871 0057 40       		.uleb128 0x40
 872 0058 18       		.uleb128 0x18
 873 0059 9742     		.uleb128 0x2117
 874 005b 19       		.uleb128 0x19
 875 005c 01       		.uleb128 0x1
 876 005d 13       		.uleb128 0x13
 877 005e 00       		.byte	0
 878 005f 00       		.byte	0
 879 0060 08       		.uleb128 0x8
 880 0061 05       		.uleb128 0x5
 881 0062 00       		.byte	0
 882 0063 03       		.uleb128 0x3
 883 0064 0E       		.uleb128 0xe
 884 0065 3A       		.uleb128 0x3a
 885 0066 0B       		.uleb128 0xb
 886 0067 3B       		.uleb128 0x3b
 887 0068 0B       		.uleb128 0xb
 888 0069 49       		.uleb128 0x49
 889 006a 13       		.uleb128 0x13
 890 006b 02       		.uleb128 0x2
 891 006c 17       		.uleb128 0x17
 892 006d 00       		.byte	0
 893 006e 00       		.byte	0
ARM GAS  C:\Users\Administrator\AppData\Local\Temp\cci9wPBI.s 			page 20


 894 006f 09       		.uleb128 0x9
 895 0070 34       		.uleb128 0x34
 896 0071 00       		.byte	0
 897 0072 03       		.uleb128 0x3
 898 0073 08       		.uleb128 0x8
 899 0074 3A       		.uleb128 0x3a
 900 0075 0B       		.uleb128 0xb
 901 0076 3B       		.uleb128 0x3b
 902 0077 0B       		.uleb128 0xb
 903 0078 49       		.uleb128 0x49
 904 0079 13       		.uleb128 0x13
 905 007a 02       		.uleb128 0x2
 906 007b 17       		.uleb128 0x17
 907 007c 00       		.byte	0
 908 007d 00       		.byte	0
 909 007e 0A       		.uleb128 0xa
 910 007f 898201   		.uleb128 0x4109
 911 0082 00       		.byte	0
 912 0083 11       		.uleb128 0x11
 913 0084 01       		.uleb128 0x1
 914 0085 31       		.uleb128 0x31
 915 0086 13       		.uleb128 0x13
 916 0087 00       		.byte	0
 917 0088 00       		.byte	0
 918 0089 0B       		.uleb128 0xb
 919 008a 898201   		.uleb128 0x4109
 920 008d 01       		.byte	0x1
 921 008e 11       		.uleb128 0x11
 922 008f 01       		.uleb128 0x1
 923 0090 31       		.uleb128 0x31
 924 0091 13       		.uleb128 0x13
 925 0092 01       		.uleb128 0x1
 926 0093 13       		.uleb128 0x13
 927 0094 00       		.byte	0
 928 0095 00       		.byte	0
 929 0096 0C       		.uleb128 0xc
 930 0097 8A8201   		.uleb128 0x410a
 931 009a 00       		.byte	0
 932 009b 02       		.uleb128 0x2
 933 009c 18       		.uleb128 0x18
 934 009d 9142     		.uleb128 0x2111
 935 009f 18       		.uleb128 0x18
 936 00a0 00       		.byte	0
 937 00a1 00       		.byte	0
 938 00a2 0D       		.uleb128 0xd
 939 00a3 898201   		.uleb128 0x4109
 940 00a6 01       		.byte	0x1
 941 00a7 11       		.uleb128 0x11
 942 00a8 01       		.uleb128 0x1
 943 00a9 31       		.uleb128 0x31
 944 00aa 13       		.uleb128 0x13
 945 00ab 00       		.byte	0
 946 00ac 00       		.byte	0
 947 00ad 0E       		.uleb128 0xe
 948 00ae 01       		.uleb128 0x1
 949 00af 01       		.byte	0x1
 950 00b0 49       		.uleb128 0x49
ARM GAS  C:\Users\Administrator\AppData\Local\Temp\cci9wPBI.s 			page 21


 951 00b1 13       		.uleb128 0x13
 952 00b2 01       		.uleb128 0x1
 953 00b3 13       		.uleb128 0x13
 954 00b4 00       		.byte	0
 955 00b5 00       		.byte	0
 956 00b6 0F       		.uleb128 0xf
 957 00b7 21       		.uleb128 0x21
 958 00b8 00       		.byte	0
 959 00b9 49       		.uleb128 0x49
 960 00ba 13       		.uleb128 0x13
 961 00bb 2F       		.uleb128 0x2f
 962 00bc 0B       		.uleb128 0xb
 963 00bd 00       		.byte	0
 964 00be 00       		.byte	0
 965 00bf 10       		.uleb128 0x10
 966 00c0 26       		.uleb128 0x26
 967 00c1 00       		.byte	0
 968 00c2 49       		.uleb128 0x49
 969 00c3 13       		.uleb128 0x13
 970 00c4 00       		.byte	0
 971 00c5 00       		.byte	0
 972 00c6 11       		.uleb128 0x11
 973 00c7 34       		.uleb128 0x34
 974 00c8 00       		.byte	0
 975 00c9 03       		.uleb128 0x3
 976 00ca 0E       		.uleb128 0xe
 977 00cb 3A       		.uleb128 0x3a
 978 00cc 0B       		.uleb128 0xb
 979 00cd 3B       		.uleb128 0x3b
 980 00ce 05       		.uleb128 0x5
 981 00cf 49       		.uleb128 0x49
 982 00d0 13       		.uleb128 0x13
 983 00d1 3F       		.uleb128 0x3f
 984 00d2 19       		.uleb128 0x19
 985 00d3 3C       		.uleb128 0x3c
 986 00d4 19       		.uleb128 0x19
 987 00d5 00       		.byte	0
 988 00d6 00       		.byte	0
 989 00d7 12       		.uleb128 0x12
 990 00d8 34       		.uleb128 0x34
 991 00d9 00       		.byte	0
 992 00da 03       		.uleb128 0x3
 993 00db 0E       		.uleb128 0xe
 994 00dc 3A       		.uleb128 0x3a
 995 00dd 0B       		.uleb128 0xb
 996 00de 3B       		.uleb128 0x3b
 997 00df 0B       		.uleb128 0xb
 998 00e0 49       		.uleb128 0x49
 999 00e1 13       		.uleb128 0x13
 1000 00e2 3F       		.uleb128 0x3f
 1001 00e3 19       		.uleb128 0x19
 1002 00e4 3C       		.uleb128 0x3c
 1003 00e5 19       		.uleb128 0x19
 1004 00e6 00       		.byte	0
 1005 00e7 00       		.byte	0
 1006 00e8 13       		.uleb128 0x13
 1007 00e9 21       		.uleb128 0x21
ARM GAS  C:\Users\Administrator\AppData\Local\Temp\cci9wPBI.s 			page 22


 1008 00ea 00       		.byte	0
 1009 00eb 49       		.uleb128 0x49
 1010 00ec 13       		.uleb128 0x13
 1011 00ed 2F       		.uleb128 0x2f
 1012 00ee 05       		.uleb128 0x5
 1013 00ef 00       		.byte	0
 1014 00f0 00       		.byte	0
 1015 00f1 14       		.uleb128 0x14
 1016 00f2 34       		.uleb128 0x34
 1017 00f3 00       		.byte	0
 1018 00f4 03       		.uleb128 0x3
 1019 00f5 0E       		.uleb128 0xe
 1020 00f6 3A       		.uleb128 0x3a
 1021 00f7 0B       		.uleb128 0xb
 1022 00f8 3B       		.uleb128 0x3b
 1023 00f9 0B       		.uleb128 0xb
 1024 00fa 49       		.uleb128 0x49
 1025 00fb 13       		.uleb128 0x13
 1026 00fc 3F       		.uleb128 0x3f
 1027 00fd 19       		.uleb128 0x19
 1028 00fe 02       		.uleb128 0x2
 1029 00ff 18       		.uleb128 0x18
 1030 0100 00       		.byte	0
 1031 0101 00       		.byte	0
 1032 0102 15       		.uleb128 0x15
 1033 0103 2E       		.uleb128 0x2e
 1034 0104 00       		.byte	0
 1035 0105 3F       		.uleb128 0x3f
 1036 0106 19       		.uleb128 0x19
 1037 0107 3C       		.uleb128 0x3c
 1038 0108 19       		.uleb128 0x19
 1039 0109 6E       		.uleb128 0x6e
 1040 010a 0E       		.uleb128 0xe
 1041 010b 03       		.uleb128 0x3
 1042 010c 0E       		.uleb128 0xe
 1043 010d 3A       		.uleb128 0x3a
 1044 010e 0B       		.uleb128 0xb
 1045 010f 3B       		.uleb128 0x3b
 1046 0110 05       		.uleb128 0x5
 1047 0111 00       		.byte	0
 1048 0112 00       		.byte	0
 1049 0113 16       		.uleb128 0x16
 1050 0114 2E       		.uleb128 0x2e
 1051 0115 00       		.byte	0
 1052 0116 3F       		.uleb128 0x3f
 1053 0117 19       		.uleb128 0x19
 1054 0118 3C       		.uleb128 0x3c
 1055 0119 19       		.uleb128 0x19
 1056 011a 6E       		.uleb128 0x6e
 1057 011b 0E       		.uleb128 0xe
 1058 011c 03       		.uleb128 0x3
 1059 011d 0E       		.uleb128 0xe
 1060 011e 00       		.byte	0
 1061 011f 00       		.byte	0
 1062 0120 00       		.byte	0
 1063              		.section	.debug_loc,"",%progbits
 1064              	.Ldebug_loc0:
ARM GAS  C:\Users\Administrator\AppData\Local\Temp\cci9wPBI.s 			page 23


 1065              	.LLST0:
 1066 0000 00000000 		.4byte	.LVL0
 1067 0004 06000000 		.4byte	.LVL1
 1068 0008 0100     		.2byte	0x1
 1069 000a 50       		.byte	0x50
 1070 000b 06000000 		.4byte	.LVL1
 1071 000f 16000000 		.4byte	.LFE63
 1072 0013 0400     		.2byte	0x4
 1073 0015 F3       		.byte	0xf3
 1074 0016 01       		.uleb128 0x1
 1075 0017 50       		.byte	0x50
 1076 0018 9F       		.byte	0x9f
 1077 0019 00000000 		.4byte	0
 1078 001d 00000000 		.4byte	0
 1079              	.LLST1:
 1080 0021 00000000 		.4byte	.LVL0
 1081 0025 06000000 		.4byte	.LVL1
 1082 0029 0100     		.2byte	0x1
 1083 002b 51       		.byte	0x51
 1084 002c 06000000 		.4byte	.LVL1
 1085 0030 16000000 		.4byte	.LFE63
 1086 0034 0400     		.2byte	0x4
 1087 0036 F3       		.byte	0xf3
 1088 0037 01       		.uleb128 0x1
 1089 0038 51       		.byte	0x51
 1090 0039 9F       		.byte	0x9f
 1091 003a 00000000 		.4byte	0
 1092 003e 00000000 		.4byte	0
 1093              	.LLST2:
 1094 0042 00000000 		.4byte	.LVL0
 1095 0046 06000000 		.4byte	.LVL1
 1096 004a 0200     		.2byte	0x2
 1097 004c 30       		.byte	0x30
 1098 004d 9F       		.byte	0x9f
 1099 004e 06000000 		.4byte	.LVL1
 1100 0052 10000000 		.4byte	.LVL2
 1101 0056 0700     		.2byte	0x7
 1102 0058 74       		.byte	0x74
 1103 0059 00       		.sleb128 0
 1104 005a F3       		.byte	0xf3
 1105 005b 01       		.uleb128 0x1
 1106 005c 50       		.byte	0x50
 1107 005d 1C       		.byte	0x1c
 1108 005e 9F       		.byte	0x9f
 1109 005f 10000000 		.4byte	.LVL2
 1110 0063 12000000 		.4byte	.LVL3
 1111 0067 0900     		.2byte	0x9
 1112 0069 74       		.byte	0x74
 1113 006a 00       		.sleb128 0
 1114 006b F3       		.byte	0xf3
 1115 006c 01       		.uleb128 0x1
 1116 006d 50       		.byte	0x50
 1117 006e 1C       		.byte	0x1c
 1118 006f 23       		.byte	0x23
 1119 0070 01       		.uleb128 0x1
 1120 0071 9F       		.byte	0x9f
 1121 0072 14000000 		.4byte	.LVL4
ARM GAS  C:\Users\Administrator\AppData\Local\Temp\cci9wPBI.s 			page 24


 1122 0076 14000000 		.4byte	.LVL5
 1123 007a 0700     		.2byte	0x7
 1124 007c 74       		.byte	0x74
 1125 007d 00       		.sleb128 0
 1126 007e F3       		.byte	0xf3
 1127 007f 01       		.uleb128 0x1
 1128 0080 50       		.byte	0x50
 1129 0081 1C       		.byte	0x1c
 1130 0082 9F       		.byte	0x9f
 1131 0083 00000000 		.4byte	0
 1132 0087 00000000 		.4byte	0
 1133              	.LLST3:
 1134 008b 00000000 		.4byte	.LVL6
 1135 008f 08000000 		.4byte	.LVL7
 1136 0093 0100     		.2byte	0x1
 1137 0095 50       		.byte	0x50
 1138 0096 08000000 		.4byte	.LVL7
 1139 009a E0010000 		.4byte	.LFE64
 1140 009e 0400     		.2byte	0x4
 1141 00a0 F3       		.byte	0xf3
 1142 00a1 01       		.uleb128 0x1
 1143 00a2 50       		.byte	0x50
 1144 00a3 9F       		.byte	0x9f
 1145 00a4 00000000 		.4byte	0
 1146 00a8 00000000 		.4byte	0
 1147              		.section	.debug_aranges,"",%progbits
 1148 0000 24000000 		.4byte	0x24
 1149 0004 0200     		.2byte	0x2
 1150 0006 00000000 		.4byte	.Ldebug_info0
 1151 000a 04       		.byte	0x4
 1152 000b 00       		.byte	0
 1153 000c 0000     		.2byte	0
 1154 000e 0000     		.2byte	0
 1155 0010 00000000 		.4byte	.LFB63
 1156 0014 16000000 		.4byte	.LFE63-.LFB63
 1157 0018 00000000 		.4byte	.LFB64
 1158 001c E0010000 		.4byte	.LFE64-.LFB64
 1159 0020 00000000 		.4byte	0
 1160 0024 00000000 		.4byte	0
 1161              		.section	.debug_ranges,"",%progbits
 1162              	.Ldebug_ranges0:
 1163 0000 00000000 		.4byte	.LFB63
 1164 0004 16000000 		.4byte	.LFE63
 1165 0008 00000000 		.4byte	.LFB64
 1166 000c E0010000 		.4byte	.LFE64
 1167 0010 00000000 		.4byte	0
 1168 0014 00000000 		.4byte	0
 1169              		.section	.debug_line,"",%progbits
 1170              	.Ldebug_line0:
 1171 0000 FA000000 		.section	.debug_str,"MS",%progbits,1
 1171      02007500 
 1171      00000201 
 1171      FB0E0D00 
 1171      01010101 
 1172              	.LASF26:
 1173 0000 47505253 		.ascii	"GPRSCmdParseFlag2\000"
 1173      436D6450 
ARM GAS  C:\Users\Administrator\AppData\Local\Temp\cci9wPBI.s 			page 25


 1173      61727365 
 1173      466C6167 
 1173      3200
 1174              	.LASF33:
 1175 0012 436D6452 		.ascii	"CmdRev_buf\000"
 1175      65765F62 
 1175      756600
 1176              	.LASF40:
 1177 001d 436F6465 		.ascii	"Code\\Device\\GPRS\\Uart433.c\000"
 1177      5C446576 
 1177      6963655C 
 1177      47505253 
 1177      5C556172 
 1178              	.LASF41:
 1179 0038 473A5C50 		.ascii	"G:\\Psoc4_prj\\7.rental_house\\18-05-03\\EntranceGu"
 1179      736F6334 
 1179      5F70726A 
 1179      5C372E72 
 1179      656E7461 
 1180 0067 6172645F 		.ascii	"ard_180512-1624\\EntranceGuard.cydsn\000"
 1180      31383035 
 1180      31322D31 
 1180      3632345C 
 1180      456E7472 
 1181              	.LASF31:
 1182 008b 41545F52 		.ascii	"AT_RecvSta\000"
 1182      65637653 
 1182      746100
 1183              	.LASF3:
 1184 0096 73686F72 		.ascii	"short unsigned int\000"
 1184      7420756E 
 1184      7369676E 
 1184      65642069 
 1184      6E7400
 1185              	.LASF25:
 1186 00a9 47505253 		.ascii	"GPRSCmdParseFlag1\000"
 1186      436D6450 
 1186      61727365 
 1186      466C6167 
 1186      3100
 1187              	.LASF42:
 1188 00bb 55415254 		.ascii	"UART_433_SpiUartWriteTxData\000"
 1188      5F343333 
 1188      5F537069 
 1188      55617274 
 1188      57726974 
 1189              	.LASF12:
 1190 00d7 666C6F61 		.ascii	"float\000"
 1190      7400
 1191              	.LASF17:
 1192 00dd 64617461 		.ascii	"data\000"
 1192      00
 1193              	.LASF18:
 1194 00e2 73697A65 		.ascii	"size\000"
 1194      00
 1195              	.LASF21:
 1196 00e7 75446174 		.ascii	"uData\000"
ARM GAS  C:\Users\Administrator\AppData\Local\Temp\cci9wPBI.s 			page 26


 1196      6100
 1197              	.LASF5:
 1198 00ed 6C6F6E67 		.ascii	"long unsigned int\000"
 1198      20756E73 
 1198      69676E65 
 1198      6420696E 
 1198      7400
 1199              	.LASF24:
 1200 00ff 47505253 		.ascii	"GPRS_AT_RecFinish\000"
 1200      5F41545F 
 1200      52656346 
 1200      696E6973 
 1200      6800
 1201              	.LASF30:
 1202 0111 47505253 		.ascii	"GPRS_AT_RecBuf\000"
 1202      5F41545F 
 1202      52656342 
 1202      756600
 1203              	.LASF38:
 1204 0120 6D656D73 		.ascii	"memset\000"
 1204      657400
 1205              	.LASF23:
 1206 0127 47505253 		.ascii	"GPRS_AT_Buf\000"
 1206      5F41545F 
 1206      42756600 
 1207              	.LASF13:
 1208 0133 646F7562 		.ascii	"double\000"
 1208      6C6500
 1209              	.LASF10:
 1210 013a 75696E74 		.ascii	"uint16\000"
 1210      313600
 1211              	.LASF11:
 1212 0141 75696E74 		.ascii	"uint32\000"
 1212      333200
 1213              	.LASF1:
 1214 0148 756E7369 		.ascii	"unsigned char\000"
 1214      676E6564 
 1214      20636861 
 1214      7200
 1215              	.LASF8:
 1216 0156 756E7369 		.ascii	"unsigned int\000"
 1216      676E6564 
 1216      20696E74 
 1216      00
 1217              	.LASF19:
 1218 0163 55617274 		.ascii	"Uart433Send\000"
 1218      34333353 
 1218      656E6400 
 1219              	.LASF32:
 1220 016f 41545F69 		.ascii	"AT_index\000"
 1220      6E646578 
 1220      00
 1221              	.LASF7:
 1222 0178 6C6F6E67 		.ascii	"long long unsigned int\000"
 1222      206C6F6E 
 1222      6720756E 
 1222      7369676E 
ARM GAS  C:\Users\Administrator\AppData\Local\Temp\cci9wPBI.s 			page 27


 1222      65642069 
 1223              	.LASF29:
 1224 018f 52656376 		.ascii	"RecvType\000"
 1224      54797065 
 1224      00
 1225              	.LASF16:
 1226 0198 73697A65 		.ascii	"sizetype\000"
 1226      74797065 
 1226      00
 1227              	.LASF20:
 1228 01a1 55617274 		.ascii	"Uart433Recv\000"
 1228      34333352 
 1228      65637600 
 1229              	.LASF6:
 1230 01ad 6C6F6E67 		.ascii	"long long int\000"
 1230      206C6F6E 
 1230      6720696E 
 1230      7400
 1231              	.LASF14:
 1232 01bb 63686172 		.ascii	"char\000"
 1232      00
 1233              	.LASF37:
 1234 01c0 6D656D63 		.ascii	"memcpy\000"
 1234      707900
 1235              	.LASF2:
 1236 01c7 73686F72 		.ascii	"short int\000"
 1236      7420696E 
 1236      7400
 1237              	.LASF9:
 1238 01d1 75696E74 		.ascii	"uint8\000"
 1238      3800
 1239              	.LASF36:
 1240 01d7 436D645F 		.ascii	"Cmd_index\000"
 1240      696E6465 
 1240      7800
 1241              	.LASF35:
 1242 01e1 436D645F 		.ascii	"Cmd_Revsta\000"
 1242      52657673 
 1242      746100
 1243              	.LASF4:
 1244 01ec 6C6F6E67 		.ascii	"long int\000"
 1244      20696E74 
 1244      00
 1245              	.LASF34:
 1246 01f5 436D645F 		.ascii	"Cmd_Baglen\000"
 1246      4261676C 
 1246      656E00
 1247              	.LASF22:
 1248 0200 5254435F 		.ascii	"RTC_daysBeforeMonthTbl\000"
 1248      64617973 
 1248      4265666F 
 1248      72654D6F 
 1248      6E746854 
 1249              	.LASF15:
 1250 0217 6C6F6E67 		.ascii	"long double\000"
 1250      20646F75 
 1250      626C6500 
ARM GAS  C:\Users\Administrator\AppData\Local\Temp\cci9wPBI.s 			page 28


 1251              	.LASF0:
 1252 0223 7369676E 		.ascii	"signed char\000"
 1252      65642063 
 1252      68617200 
 1253              	.LASF39:
 1254 022f 474E5520 		.ascii	"GNU C11 5.4.1 20160609 (release) [ARM/embedded-5-br"
 1254      43313120 
 1254      352E342E 
 1254      31203230 
 1254      31363036 
 1255 0262 616E6368 		.ascii	"anch revision 237715] -mcpu=cortex-m0 -mthumb -g -O"
 1255      20726576 
 1255      6973696F 
 1255      6E203233 
 1255      37373135 
 1256 0295 73202D66 		.ascii	"s -ffunction-sections -ffat-lto-objects\000"
 1256      66756E63 
 1256      74696F6E 
 1256      2D736563 
 1256      74696F6E 
 1257              	.LASF27:
 1258 02bd 47505253 		.ascii	"GPRSCmd_buf1\000"
 1258      436D645F 
 1258      62756631 
 1258      00
 1259              	.LASF28:
 1260 02ca 47505253 		.ascii	"GPRSCmd_buf2\000"
 1260      436D645F 
 1260      62756632 
 1260      00
 1261              		.ident	"GCC: (GNU Tools for ARM Embedded Processors) 5.4.1 20160609 (release) [ARM/embedded-5-bran
