ARM GAS  C:\Users\Administrator\AppData\Local\Temp\ccSBpe1S.s 			page 1


   1              		.syntax unified
   2              		.cpu cortex-m0
   3              		.fpu softvfp
   4              		.eabi_attribute 20, 1
   5              		.eabi_attribute 21, 1
   6              		.eabi_attribute 23, 3
   7              		.eabi_attribute 24, 1
   8              		.eabi_attribute 25, 1
   9              		.eabi_attribute 26, 1
  10              		.eabi_attribute 30, 4
  11              		.eabi_attribute 34, 0
  12              		.eabi_attribute 18, 4
  13              		.thumb
  14              		.syntax unified
  15              		.file	"UserRTC.c"
  16              		.text
  17              	.Ltext0:
  18              		.cfi_sections	.debug_frame
  19              		.section	.text.SetSysRTCTime,"ax",%progbits
  20              		.align	1
  21              		.global	SetSysRTCTime
  22              		.code	16
  23              		.thumb_func
  24              		.type	SetSysRTCTime, %function
  25              	SetSysRTCTime:
  26              	.LFB63:
  27              		.file 1 "Code\\Device\\RTC\\UserRTC.c"
   1:Code\Device\RTC/UserRTC.c **** //*************************************************************************************************
   2:Code\Device\RTC/UserRTC.c **** // File name		: UserRTC.c
   3:Code\Device\RTC/UserRTC.c **** // Description		: RTC配置的相关函数
   4:Code\Device\RTC/UserRTC.c **** // Author			: Keno
   5:Code\Device\RTC/UserRTC.c **** // Date				: 2016.8.8
   6:Code\Device\RTC/UserRTC.c **** // Version			: V02
   7:Code\Device\RTC/UserRTC.c **** //-------------------------------------------------------------------------------------------------
   8:Code\Device\RTC/UserRTC.c **** // Info				: 
   9:Code\Device\RTC/UserRTC.c **** //*************************************************************************************************
  10:Code\Device\RTC/UserRTC.c **** #include "UserRTC.h"
  11:Code\Device\RTC/UserRTC.c **** 
  12:Code\Device\RTC/UserRTC.c **** 
  13:Code\Device\RTC/UserRTC.c **** 
  14:Code\Device\RTC/UserRTC.c **** //******************************************* 外部变量声明 **********************************
  15:Code\Device\RTC/UserRTC.c **** extern uint32 cur_time;
  16:Code\Device\RTC/UserRTC.c **** 
  17:Code\Device\RTC/UserRTC.c **** 
  18:Code\Device\RTC/UserRTC.c **** //*************************************************************************************************
  19:Code\Device\RTC/UserRTC.c **** // Function name	: SetSysRTCTime
  20:Code\Device\RTC/UserRTC.c **** // Description		: 设置系统RTC时间
  21:Code\Device\RTC/UserRTC.c **** // Parameter		: *arr	: 
  22:Code\Device\RTC/UserRTC.c **** //					: size	
  23:Code\Device\RTC/UserRTC.c **** // Return			: none
  24:Code\Device\RTC/UserRTC.c **** //-------------------------------------------------------------------------------------------------
  25:Code\Device\RTC/UserRTC.c **** // Info				: 
  26:Code\Device\RTC/UserRTC.c **** //*************************************************************************************************
  27:Code\Device\RTC/UserRTC.c **** void SetSysRTCTime(uint8_t *arr)
  28:Code\Device\RTC/UserRTC.c **** {
  28              		.loc 1 28 0
  29              		.cfi_startproc
ARM GAS  C:\Users\Administrator\AppData\Local\Temp\ccSBpe1S.s 			page 2


  30              		@ args = 0, pretend = 0, frame = 0
  31              		@ frame_needed = 0, uses_anonymous_args = 0
  32              	.LVL0:
  33 0000 0200     		movs	r2, r0
  34 0002 10B5     		push	{r4, lr}
  35              		.cfi_def_cfa_offset 8
  36              		.cfi_offset 4, -8
  37              		.cfi_offset 14, -4
  29:Code\Device\RTC/UserRTC.c **** 	uint8_t *p = arr;
  30:Code\Device\RTC/UserRTC.c **** 	cur_time = BYTE2LONG(*p, *(p + 1), *(p + 2), *(p + 3));
  38              		.loc 1 30 0
  39 0004 0378     		ldrb	r3, [r0]
  31:Code\Device\RTC/UserRTC.c **** 	RTC_SetUnixTime(cur_time);
  40              		.loc 1 31 0
  41 0006 0021     		movs	r1, #0
  30:Code\Device\RTC/UserRTC.c **** 	RTC_SetUnixTime(cur_time);
  42              		.loc 1 30 0
  43 0008 1806     		lsls	r0, r3, #24
  44              	.LVL1:
  45 000a 5378     		ldrb	r3, [r2, #1]
  32:Code\Device\RTC/UserRTC.c **** }
  46              		.loc 1 32 0
  47              		@ sp needed
  30:Code\Device\RTC/UserRTC.c **** 	RTC_SetUnixTime(cur_time);
  48              		.loc 1 30 0
  49 000c 1B04     		lsls	r3, r3, #16
  50 000e 0343     		orrs	r3, r0
  51 0010 D078     		ldrb	r0, [r2, #3]
  52 0012 1843     		orrs	r0, r3
  53 0014 9378     		ldrb	r3, [r2, #2]
  54 0016 1B02     		lsls	r3, r3, #8
  55 0018 1843     		orrs	r0, r3
  56 001a 024B     		ldr	r3, .L2
  57 001c 1860     		str	r0, [r3]
  31:Code\Device\RTC/UserRTC.c **** 	RTC_SetUnixTime(cur_time);
  58              		.loc 1 31 0
  59 001e FFF7FEFF 		bl	RTC_SetUnixTime
  60              	.LVL2:
  61              		.loc 1 32 0
  62 0022 10BD     		pop	{r4, pc}
  63              	.L3:
  64              		.align	2
  65              	.L2:
  66 0024 00000000 		.word	cur_time
  67              		.cfi_endproc
  68              	.LFE63:
  69              		.size	SetSysRTCTime, .-SetSysRTCTime
  70              		.text
  71              	.Letext0:
  72              		.file 2 "c:\\program files (x86)\\cypress\\psoc creator\\4.1\\psoc creator\\import\\gnu\\arm\\5.4.
  73              		.file 3 "c:\\program files (x86)\\cypress\\psoc creator\\4.1\\psoc creator\\import\\gnu\\arm\\5.4.
  74              		.file 4 "Generated_Source\\PSoC4/cytypes.h"
  75              		.file 5 "Generated_Source\\PSoC4/RTC.h"
  76              		.section	.debug_info,"",%progbits
  77              	.Ldebug_info0:
  78 0000 43010000 		.4byte	0x143
  79 0004 0400     		.2byte	0x4
ARM GAS  C:\Users\Administrator\AppData\Local\Temp\ccSBpe1S.s 			page 3


  80 0006 00000000 		.4byte	.Ldebug_abbrev0
  81 000a 04       		.byte	0x4
  82 000b 01       		.uleb128 0x1
  83 000c 83000000 		.4byte	.LASF21
  84 0010 0C       		.byte	0xc
  85 0011 58010000 		.4byte	.LASF22
  86 0015 30000000 		.4byte	.LASF23
  87 0019 00000000 		.4byte	.Ldebug_ranges0+0
  88 001d 00000000 		.4byte	0
  89 0021 00000000 		.4byte	.Ldebug_line0
  90 0025 02       		.uleb128 0x2
  91 0026 01       		.byte	0x1
  92 0027 06       		.byte	0x6
  93 0028 D2010000 		.4byte	.LASF0
  94 002c 03       		.uleb128 0x3
  95 002d 4E010000 		.4byte	.LASF9
  96 0031 02       		.byte	0x2
  97 0032 1D       		.byte	0x1d
  98 0033 37000000 		.4byte	0x37
  99 0037 02       		.uleb128 0x2
 100 0038 01       		.byte	0x1
 101 0039 08       		.byte	0x8
 102 003a 7A010000 		.4byte	.LASF1
 103 003e 02       		.uleb128 0x2
 104 003f 02       		.byte	0x2
 105 0040 05       		.byte	0x5
 106 0041 F0010000 		.4byte	.LASF2
 107 0045 02       		.uleb128 0x2
 108 0046 02       		.byte	0x2
 109 0047 07       		.byte	0x7
 110 0048 BF010000 		.4byte	.LASF3
 111 004c 02       		.uleb128 0x2
 112 004d 04       		.byte	0x4
 113 004e 05       		.byte	0x5
 114 004f 94010000 		.4byte	.LASF4
 115 0053 02       		.uleb128 0x2
 116 0054 04       		.byte	0x4
 117 0055 07       		.byte	0x7
 118 0056 9D010000 		.4byte	.LASF5
 119 005a 02       		.uleb128 0x2
 120 005b 08       		.byte	0x8
 121 005c 05       		.byte	0x5
 122 005d 00000000 		.4byte	.LASF6
 123 0061 02       		.uleb128 0x2
 124 0062 08       		.byte	0x8
 125 0063 07       		.byte	0x7
 126 0064 37010000 		.4byte	.LASF7
 127 0068 04       		.uleb128 0x4
 128 0069 04       		.byte	0x4
 129 006a 05       		.byte	0x5
 130 006b 696E7400 		.ascii	"int\000"
 131 006f 02       		.uleb128 0x2
 132 0070 04       		.byte	0x4
 133 0071 07       		.byte	0x7
 134 0072 23000000 		.4byte	.LASF8
 135 0076 03       		.uleb128 0x3
 136 0077 72010000 		.4byte	.LASF10
ARM GAS  C:\Users\Administrator\AppData\Local\Temp\ccSBpe1S.s 			page 4


 137 007b 03       		.byte	0x3
 138 007c 18       		.byte	0x18
 139 007d 2C000000 		.4byte	0x2c
 140 0081 05       		.uleb128 0x5
 141 0082 1A010000 		.4byte	.LASF11
 142 0086 04       		.byte	0x4
 143 0087 D201     		.2byte	0x1d2
 144 0089 37000000 		.4byte	0x37
 145 008d 05       		.uleb128 0x5
 146 008e FA010000 		.4byte	.LASF12
 147 0092 04       		.byte	0x4
 148 0093 D301     		.2byte	0x1d3
 149 0095 45000000 		.4byte	0x45
 150 0099 05       		.uleb128 0x5
 151 009a 0E000000 		.4byte	.LASF13
 152 009e 04       		.byte	0x4
 153 009f D401     		.2byte	0x1d4
 154 00a1 53000000 		.4byte	0x53
 155 00a5 02       		.uleb128 0x2
 156 00a6 04       		.byte	0x4
 157 00a7 04       		.byte	0x4
 158 00a8 EA010000 		.4byte	.LASF14
 159 00ac 02       		.uleb128 0x2
 160 00ad 08       		.byte	0x8
 161 00ae 04       		.byte	0x4
 162 00af 8D010000 		.4byte	.LASF15
 163 00b3 02       		.uleb128 0x2
 164 00b4 01       		.byte	0x1
 165 00b5 08       		.byte	0x8
 166 00b6 88010000 		.4byte	.LASF16
 167 00ba 02       		.uleb128 0x2
 168 00bb 08       		.byte	0x8
 169 00bc 04       		.byte	0x4
 170 00bd DE010000 		.4byte	.LASF17
 171 00c1 02       		.uleb128 0x2
 172 00c2 04       		.byte	0x4
 173 00c3 07       		.byte	0x7
 174 00c4 01020000 		.4byte	.LASF18
 175 00c8 06       		.uleb128 0x6
 176 00c9 15000000 		.4byte	.LASF24
 177 00cd 01       		.byte	0x1
 178 00ce 1B       		.byte	0x1b
 179 00cf 00000000 		.4byte	.LFB63
 180 00d3 28000000 		.4byte	.LFE63-.LFB63
 181 00d7 01       		.uleb128 0x1
 182 00d8 9C       		.byte	0x9c
 183 00d9 03010000 		.4byte	0x103
 184 00dd 07       		.uleb128 0x7
 185 00de 61727200 		.ascii	"arr\000"
 186 00e2 01       		.byte	0x1
 187 00e3 1B       		.byte	0x1b
 188 00e4 03010000 		.4byte	0x103
 189 00e8 00000000 		.4byte	.LLST0
 190 00ec 08       		.uleb128 0x8
 191 00ed 7000     		.ascii	"p\000"
 192 00ef 01       		.byte	0x1
 193 00f0 1D       		.byte	0x1d
ARM GAS  C:\Users\Administrator\AppData\Local\Temp\ccSBpe1S.s 			page 5


 194 00f1 03010000 		.4byte	0x103
 195 00f5 2C000000 		.4byte	.LLST1
 196 00f9 09       		.uleb128 0x9
 197 00fa 22000000 		.4byte	.LVL2
 198 00fe 3A010000 		.4byte	0x13a
 199 0102 00       		.byte	0
 200 0103 0A       		.uleb128 0xa
 201 0104 04       		.byte	0x4
 202 0105 76000000 		.4byte	0x76
 203 0109 0B       		.uleb128 0xb
 204 010a 19010000 		.4byte	0x119
 205 010e 19010000 		.4byte	0x119
 206 0112 0C       		.uleb128 0xc
 207 0113 C1000000 		.4byte	0xc1
 208 0117 0B       		.byte	0xb
 209 0118 00       		.byte	0
 210 0119 0D       		.uleb128 0xd
 211 011a 8D000000 		.4byte	0x8d
 212 011e 0E       		.uleb128 0xe
 213 011f 20010000 		.4byte	.LASF19
 214 0123 05       		.byte	0x5
 215 0124 E001     		.2byte	0x1e0
 216 0126 2A010000 		.4byte	0x12a
 217 012a 0D       		.uleb128 0xd
 218 012b 09010000 		.4byte	0x109
 219 012f 0F       		.uleb128 0xf
 220 0130 11010000 		.4byte	.LASF20
 221 0134 01       		.byte	0x1
 222 0135 0F       		.byte	0xf
 223 0136 99000000 		.4byte	0x99
 224 013a 10       		.uleb128 0x10
 225 013b AF010000 		.4byte	.LASF25
 226 013f AF010000 		.4byte	.LASF25
 227 0143 05       		.byte	0x5
 228 0144 EE01     		.2byte	0x1ee
 229 0146 00       		.byte	0
 230              		.section	.debug_abbrev,"",%progbits
 231              	.Ldebug_abbrev0:
 232 0000 01       		.uleb128 0x1
 233 0001 11       		.uleb128 0x11
 234 0002 01       		.byte	0x1
 235 0003 25       		.uleb128 0x25
 236 0004 0E       		.uleb128 0xe
 237 0005 13       		.uleb128 0x13
 238 0006 0B       		.uleb128 0xb
 239 0007 03       		.uleb128 0x3
 240 0008 0E       		.uleb128 0xe
 241 0009 1B       		.uleb128 0x1b
 242 000a 0E       		.uleb128 0xe
 243 000b 55       		.uleb128 0x55
 244 000c 17       		.uleb128 0x17
 245 000d 11       		.uleb128 0x11
 246 000e 01       		.uleb128 0x1
 247 000f 10       		.uleb128 0x10
 248 0010 17       		.uleb128 0x17
 249 0011 00       		.byte	0
 250 0012 00       		.byte	0
ARM GAS  C:\Users\Administrator\AppData\Local\Temp\ccSBpe1S.s 			page 6


 251 0013 02       		.uleb128 0x2
 252 0014 24       		.uleb128 0x24
 253 0015 00       		.byte	0
 254 0016 0B       		.uleb128 0xb
 255 0017 0B       		.uleb128 0xb
 256 0018 3E       		.uleb128 0x3e
 257 0019 0B       		.uleb128 0xb
 258 001a 03       		.uleb128 0x3
 259 001b 0E       		.uleb128 0xe
 260 001c 00       		.byte	0
 261 001d 00       		.byte	0
 262 001e 03       		.uleb128 0x3
 263 001f 16       		.uleb128 0x16
 264 0020 00       		.byte	0
 265 0021 03       		.uleb128 0x3
 266 0022 0E       		.uleb128 0xe
 267 0023 3A       		.uleb128 0x3a
 268 0024 0B       		.uleb128 0xb
 269 0025 3B       		.uleb128 0x3b
 270 0026 0B       		.uleb128 0xb
 271 0027 49       		.uleb128 0x49
 272 0028 13       		.uleb128 0x13
 273 0029 00       		.byte	0
 274 002a 00       		.byte	0
 275 002b 04       		.uleb128 0x4
 276 002c 24       		.uleb128 0x24
 277 002d 00       		.byte	0
 278 002e 0B       		.uleb128 0xb
 279 002f 0B       		.uleb128 0xb
 280 0030 3E       		.uleb128 0x3e
 281 0031 0B       		.uleb128 0xb
 282 0032 03       		.uleb128 0x3
 283 0033 08       		.uleb128 0x8
 284 0034 00       		.byte	0
 285 0035 00       		.byte	0
 286 0036 05       		.uleb128 0x5
 287 0037 16       		.uleb128 0x16
 288 0038 00       		.byte	0
 289 0039 03       		.uleb128 0x3
 290 003a 0E       		.uleb128 0xe
 291 003b 3A       		.uleb128 0x3a
 292 003c 0B       		.uleb128 0xb
 293 003d 3B       		.uleb128 0x3b
 294 003e 05       		.uleb128 0x5
 295 003f 49       		.uleb128 0x49
 296 0040 13       		.uleb128 0x13
 297 0041 00       		.byte	0
 298 0042 00       		.byte	0
 299 0043 06       		.uleb128 0x6
 300 0044 2E       		.uleb128 0x2e
 301 0045 01       		.byte	0x1
 302 0046 3F       		.uleb128 0x3f
 303 0047 19       		.uleb128 0x19
 304 0048 03       		.uleb128 0x3
 305 0049 0E       		.uleb128 0xe
 306 004a 3A       		.uleb128 0x3a
 307 004b 0B       		.uleb128 0xb
ARM GAS  C:\Users\Administrator\AppData\Local\Temp\ccSBpe1S.s 			page 7


 308 004c 3B       		.uleb128 0x3b
 309 004d 0B       		.uleb128 0xb
 310 004e 27       		.uleb128 0x27
 311 004f 19       		.uleb128 0x19
 312 0050 11       		.uleb128 0x11
 313 0051 01       		.uleb128 0x1
 314 0052 12       		.uleb128 0x12
 315 0053 06       		.uleb128 0x6
 316 0054 40       		.uleb128 0x40
 317 0055 18       		.uleb128 0x18
 318 0056 9742     		.uleb128 0x2117
 319 0058 19       		.uleb128 0x19
 320 0059 01       		.uleb128 0x1
 321 005a 13       		.uleb128 0x13
 322 005b 00       		.byte	0
 323 005c 00       		.byte	0
 324 005d 07       		.uleb128 0x7
 325 005e 05       		.uleb128 0x5
 326 005f 00       		.byte	0
 327 0060 03       		.uleb128 0x3
 328 0061 08       		.uleb128 0x8
 329 0062 3A       		.uleb128 0x3a
 330 0063 0B       		.uleb128 0xb
 331 0064 3B       		.uleb128 0x3b
 332 0065 0B       		.uleb128 0xb
 333 0066 49       		.uleb128 0x49
 334 0067 13       		.uleb128 0x13
 335 0068 02       		.uleb128 0x2
 336 0069 17       		.uleb128 0x17
 337 006a 00       		.byte	0
 338 006b 00       		.byte	0
 339 006c 08       		.uleb128 0x8
 340 006d 34       		.uleb128 0x34
 341 006e 00       		.byte	0
 342 006f 03       		.uleb128 0x3
 343 0070 08       		.uleb128 0x8
 344 0071 3A       		.uleb128 0x3a
 345 0072 0B       		.uleb128 0xb
 346 0073 3B       		.uleb128 0x3b
 347 0074 0B       		.uleb128 0xb
 348 0075 49       		.uleb128 0x49
 349 0076 13       		.uleb128 0x13
 350 0077 02       		.uleb128 0x2
 351 0078 17       		.uleb128 0x17
 352 0079 00       		.byte	0
 353 007a 00       		.byte	0
 354 007b 09       		.uleb128 0x9
 355 007c 898201   		.uleb128 0x4109
 356 007f 00       		.byte	0
 357 0080 11       		.uleb128 0x11
 358 0081 01       		.uleb128 0x1
 359 0082 31       		.uleb128 0x31
 360 0083 13       		.uleb128 0x13
 361 0084 00       		.byte	0
 362 0085 00       		.byte	0
 363 0086 0A       		.uleb128 0xa
 364 0087 0F       		.uleb128 0xf
ARM GAS  C:\Users\Administrator\AppData\Local\Temp\ccSBpe1S.s 			page 8


 365 0088 00       		.byte	0
 366 0089 0B       		.uleb128 0xb
 367 008a 0B       		.uleb128 0xb
 368 008b 49       		.uleb128 0x49
 369 008c 13       		.uleb128 0x13
 370 008d 00       		.byte	0
 371 008e 00       		.byte	0
 372 008f 0B       		.uleb128 0xb
 373 0090 01       		.uleb128 0x1
 374 0091 01       		.byte	0x1
 375 0092 49       		.uleb128 0x49
 376 0093 13       		.uleb128 0x13
 377 0094 01       		.uleb128 0x1
 378 0095 13       		.uleb128 0x13
 379 0096 00       		.byte	0
 380 0097 00       		.byte	0
 381 0098 0C       		.uleb128 0xc
 382 0099 21       		.uleb128 0x21
 383 009a 00       		.byte	0
 384 009b 49       		.uleb128 0x49
 385 009c 13       		.uleb128 0x13
 386 009d 2F       		.uleb128 0x2f
 387 009e 0B       		.uleb128 0xb
 388 009f 00       		.byte	0
 389 00a0 00       		.byte	0
 390 00a1 0D       		.uleb128 0xd
 391 00a2 26       		.uleb128 0x26
 392 00a3 00       		.byte	0
 393 00a4 49       		.uleb128 0x49
 394 00a5 13       		.uleb128 0x13
 395 00a6 00       		.byte	0
 396 00a7 00       		.byte	0
 397 00a8 0E       		.uleb128 0xe
 398 00a9 34       		.uleb128 0x34
 399 00aa 00       		.byte	0
 400 00ab 03       		.uleb128 0x3
 401 00ac 0E       		.uleb128 0xe
 402 00ad 3A       		.uleb128 0x3a
 403 00ae 0B       		.uleb128 0xb
 404 00af 3B       		.uleb128 0x3b
 405 00b0 05       		.uleb128 0x5
 406 00b1 49       		.uleb128 0x49
 407 00b2 13       		.uleb128 0x13
 408 00b3 3F       		.uleb128 0x3f
 409 00b4 19       		.uleb128 0x19
 410 00b5 3C       		.uleb128 0x3c
 411 00b6 19       		.uleb128 0x19
 412 00b7 00       		.byte	0
 413 00b8 00       		.byte	0
 414 00b9 0F       		.uleb128 0xf
 415 00ba 34       		.uleb128 0x34
 416 00bb 00       		.byte	0
 417 00bc 03       		.uleb128 0x3
 418 00bd 0E       		.uleb128 0xe
 419 00be 3A       		.uleb128 0x3a
 420 00bf 0B       		.uleb128 0xb
 421 00c0 3B       		.uleb128 0x3b
ARM GAS  C:\Users\Administrator\AppData\Local\Temp\ccSBpe1S.s 			page 9


 422 00c1 0B       		.uleb128 0xb
 423 00c2 49       		.uleb128 0x49
 424 00c3 13       		.uleb128 0x13
 425 00c4 3F       		.uleb128 0x3f
 426 00c5 19       		.uleb128 0x19
 427 00c6 3C       		.uleb128 0x3c
 428 00c7 19       		.uleb128 0x19
 429 00c8 00       		.byte	0
 430 00c9 00       		.byte	0
 431 00ca 10       		.uleb128 0x10
 432 00cb 2E       		.uleb128 0x2e
 433 00cc 00       		.byte	0
 434 00cd 3F       		.uleb128 0x3f
 435 00ce 19       		.uleb128 0x19
 436 00cf 3C       		.uleb128 0x3c
 437 00d0 19       		.uleb128 0x19
 438 00d1 6E       		.uleb128 0x6e
 439 00d2 0E       		.uleb128 0xe
 440 00d3 03       		.uleb128 0x3
 441 00d4 0E       		.uleb128 0xe
 442 00d5 3A       		.uleb128 0x3a
 443 00d6 0B       		.uleb128 0xb
 444 00d7 3B       		.uleb128 0x3b
 445 00d8 05       		.uleb128 0x5
 446 00d9 00       		.byte	0
 447 00da 00       		.byte	0
 448 00db 00       		.byte	0
 449              		.section	.debug_loc,"",%progbits
 450              	.Ldebug_loc0:
 451              	.LLST0:
 452 0000 00000000 		.4byte	.LVL0
 453 0004 0A000000 		.4byte	.LVL1
 454 0008 0100     		.2byte	0x1
 455 000a 50       		.byte	0x50
 456 000b 0A000000 		.4byte	.LVL1
 457 000f 21000000 		.4byte	.LVL2-1
 458 0013 0100     		.2byte	0x1
 459 0015 52       		.byte	0x52
 460 0016 21000000 		.4byte	.LVL2-1
 461 001a 28000000 		.4byte	.LFE63
 462 001e 0400     		.2byte	0x4
 463 0020 F3       		.byte	0xf3
 464 0021 01       		.uleb128 0x1
 465 0022 50       		.byte	0x50
 466 0023 9F       		.byte	0x9f
 467 0024 00000000 		.4byte	0
 468 0028 00000000 		.4byte	0
 469              	.LLST1:
 470 002c 00000000 		.4byte	.LVL0
 471 0030 0A000000 		.4byte	.LVL1
 472 0034 0100     		.2byte	0x1
 473 0036 50       		.byte	0x50
 474 0037 0A000000 		.4byte	.LVL1
 475 003b 21000000 		.4byte	.LVL2-1
 476 003f 0100     		.2byte	0x1
 477 0041 52       		.byte	0x52
 478 0042 21000000 		.4byte	.LVL2-1
ARM GAS  C:\Users\Administrator\AppData\Local\Temp\ccSBpe1S.s 			page 10


 479 0046 28000000 		.4byte	.LFE63
 480 004a 0400     		.2byte	0x4
 481 004c F3       		.byte	0xf3
 482 004d 01       		.uleb128 0x1
 483 004e 50       		.byte	0x50
 484 004f 9F       		.byte	0x9f
 485 0050 00000000 		.4byte	0
 486 0054 00000000 		.4byte	0
 487              		.section	.debug_aranges,"",%progbits
 488 0000 1C000000 		.4byte	0x1c
 489 0004 0200     		.2byte	0x2
 490 0006 00000000 		.4byte	.Ldebug_info0
 491 000a 04       		.byte	0x4
 492 000b 00       		.byte	0
 493 000c 0000     		.2byte	0
 494 000e 0000     		.2byte	0
 495 0010 00000000 		.4byte	.LFB63
 496 0014 28000000 		.4byte	.LFE63-.LFB63
 497 0018 00000000 		.4byte	0
 498 001c 00000000 		.4byte	0
 499              		.section	.debug_ranges,"",%progbits
 500              	.Ldebug_ranges0:
 501 0000 00000000 		.4byte	.LFB63
 502 0004 28000000 		.4byte	.LFE63
 503 0008 00000000 		.4byte	0
 504 000c 00000000 		.4byte	0
 505              		.section	.debug_line,"",%progbits
 506              	.Ldebug_line0:
 507 0000 76010000 		.section	.debug_str,"MS",%progbits,1
 507      02005A01 
 507      00000201 
 507      FB0E0D00 
 507      01010101 
 508              	.LASF6:
 509 0000 6C6F6E67 		.ascii	"long long int\000"
 509      206C6F6E 
 509      6720696E 
 509      7400
 510              	.LASF13:
 511 000e 75696E74 		.ascii	"uint32\000"
 511      333200
 512              	.LASF24:
 513 0015 53657453 		.ascii	"SetSysRTCTime\000"
 513      79735254 
 513      4354696D 
 513      6500
 514              	.LASF8:
 515 0023 756E7369 		.ascii	"unsigned int\000"
 515      676E6564 
 515      20696E74 
 515      00
 516              	.LASF23:
 517 0030 473A5C50 		.ascii	"G:\\Psoc4_prj\\7.rental_house\\18-05-03\\EntranceGu"
 517      736F6334 
 517      5F70726A 
 517      5C372E72 
 517      656E7461 
ARM GAS  C:\Users\Administrator\AppData\Local\Temp\ccSBpe1S.s 			page 11


 518 005f 6172645F 		.ascii	"ard_180427-1654\\EntranceGuard.cydsn\000"
 518      31383034 
 518      32372D31 
 518      3635345C 
 518      456E7472 
 519              	.LASF21:
 520 0083 474E5520 		.ascii	"GNU C11 5.4.1 20160609 (release) [ARM/embedded-5-br"
 520      43313120 
 520      352E342E 
 520      31203230 
 520      31363036 
 521 00b6 616E6368 		.ascii	"anch revision 237715] -mcpu=cortex-m0 -mthumb -g -O"
 521      20726576 
 521      6973696F 
 521      6E203233 
 521      37373135 
 522 00e9 73202D66 		.ascii	"s -ffunction-sections -ffat-lto-objects\000"
 522      66756E63 
 522      74696F6E 
 522      2D736563 
 522      74696F6E 
 523              	.LASF20:
 524 0111 6375725F 		.ascii	"cur_time\000"
 524      74696D65 
 524      00
 525              	.LASF11:
 526 011a 75696E74 		.ascii	"uint8\000"
 526      3800
 527              	.LASF19:
 528 0120 5254435F 		.ascii	"RTC_daysBeforeMonthTbl\000"
 528      64617973 
 528      4265666F 
 528      72654D6F 
 528      6E746854 
 529              	.LASF7:
 530 0137 6C6F6E67 		.ascii	"long long unsigned int\000"
 530      206C6F6E 
 530      6720756E 
 530      7369676E 
 530      65642069 
 531              	.LASF9:
 532 014e 5F5F7569 		.ascii	"__uint8_t\000"
 532      6E74385F 
 532      7400
 533              	.LASF22:
 534 0158 436F6465 		.ascii	"Code\\Device\\RTC\\UserRTC.c\000"
 534      5C446576 
 534      6963655C 
 534      5254435C 
 534      55736572 
 535              	.LASF10:
 536 0172 75696E74 		.ascii	"uint8_t\000"
 536      385F7400 
 537              	.LASF1:
 538 017a 756E7369 		.ascii	"unsigned char\000"
 538      676E6564 
 538      20636861 
ARM GAS  C:\Users\Administrator\AppData\Local\Temp\ccSBpe1S.s 			page 12


 538      7200
 539              	.LASF16:
 540 0188 63686172 		.ascii	"char\000"
 540      00
 541              	.LASF15:
 542 018d 646F7562 		.ascii	"double\000"
 542      6C6500
 543              	.LASF4:
 544 0194 6C6F6E67 		.ascii	"long int\000"
 544      20696E74 
 544      00
 545              	.LASF5:
 546 019d 6C6F6E67 		.ascii	"long unsigned int\000"
 546      20756E73 
 546      69676E65 
 546      6420696E 
 546      7400
 547              	.LASF25:
 548 01af 5254435F 		.ascii	"RTC_SetUnixTime\000"
 548      53657455 
 548      6E697854 
 548      696D6500 
 549              	.LASF3:
 550 01bf 73686F72 		.ascii	"short unsigned int\000"
 550      7420756E 
 550      7369676E 
 550      65642069 
 550      6E7400
 551              	.LASF0:
 552 01d2 7369676E 		.ascii	"signed char\000"
 552      65642063 
 552      68617200 
 553              	.LASF17:
 554 01de 6C6F6E67 		.ascii	"long double\000"
 554      20646F75 
 554      626C6500 
 555              	.LASF14:
 556 01ea 666C6F61 		.ascii	"float\000"
 556      7400
 557              	.LASF2:
 558 01f0 73686F72 		.ascii	"short int\000"
 558      7420696E 
 558      7400
 559              	.LASF12:
 560 01fa 75696E74 		.ascii	"uint16\000"
 560      313600
 561              	.LASF18:
 562 0201 73697A65 		.ascii	"sizetype\000"
 562      74797065 
 562      00
 563              		.ident	"GCC: (GNU Tools for ARM Embedded Processors) 5.4.1 20160609 (release) [ARM/embedded-5-bran
