ARM GAS  C:\Users\Administrator\AppData\Local\Temp\ccrOmBzB.s 			page 1


   1              		.syntax unified
   2              		.cpu cortex-m0
   3              		.fpu softvfp
   4              		.eabi_attribute 20, 1
   5              		.eabi_attribute 21, 1
   6              		.eabi_attribute 23, 3
   7              		.eabi_attribute 24, 1
   8              		.eabi_attribute 25, 1
   9              		.eabi_attribute 26, 1
  10              		.eabi_attribute 30, 4
  11              		.eabi_attribute 34, 0
  12              		.eabi_attribute 18, 4
  13              		.thumb
  14              		.syntax unified
  15              		.file	"utc.c"
  16              		.text
  17              	.Ltext0:
  18              		.cfi_sections	.debug_frame
  19              		.global	__aeabi_uidivmod
  20              		.global	__aeabi_uidiv
  21              		.section	.text.UtcTime_ConvertTo_Time,"ax",%progbits
  22              		.align	1
  23              		.global	UtcTime_ConvertTo_Time
  24              		.code	16
  25              		.thumb_func
  26              		.type	UtcTime_ConvertTo_Time, %function
  27              	UtcTime_ConvertTo_Time:
  28              	.LFB4:
  29              		.file 1 "Code\\Common\\utc.c"
   1:Code\Common/utc.c **** //*************************************************************************************************
   2:Code\Common/utc.c **** // File name		: utc.c
   3:Code\Common/utc.c **** // Description 		: 格林威治时间和时间的相互转化
   4:Code\Common/utc.c **** // Author			: Keno
   5:Code\Common/utc.c **** // Date				: 2016.8.8
   6:Code\Common/utc.c **** // Version			: V02
   7:Code\Common/utc.c **** //*************************************************************************************************
   8:Code\Common/utc.c **** #include "utc.h"
   9:Code\Common/utc.c **** 
  10:Code\Common/utc.c **** 
  11:Code\Common/utc.c **** 
  12:Code\Common/utc.c **** //*************************************************************************************************
  13:Code\Common/utc.c **** // Function name	: MonthLength
  14:Code\Common/utc.c **** // Description		: 计算月长度
  15:Code\Common/utc.c **** // Parameter		: LeapYearFlag	: 1(闰年)/0(非闰年)
  16:Code\Common/utc.c **** //					: Month			: 月份(1~12)
  17:Code\Common/utc.c **** // Return			: 当前月的天数
  18:Code\Common/utc.c **** //-------------------------------------------------------------------------------------------------
  19:Code\Common/utc.c **** // Info				: 
  20:Code\Common/utc.c **** //*************************************************************************************************
  21:Code\Common/utc.c **** static uint8 MonthLength(uint8 LeapYearFlag, uint8 Month)
  22:Code\Common/utc.c **** {
  23:Code\Common/utc.c **** 	uint8 days = 31;
  24:Code\Common/utc.c **** 
  25:Code\Common/utc.c **** 	if (Month == 1)
  26:Code\Common/utc.c **** 	{
  27:Code\Common/utc.c **** 		days = (28 + LeapYearFlag);
  28:Code\Common/utc.c **** 	}
ARM GAS  C:\Users\Administrator\AppData\Local\Temp\ccrOmBzB.s 			page 2


  29:Code\Common/utc.c **** 	else
  30:Code\Common/utc.c **** 	{
  31:Code\Common/utc.c **** 		if (Month > 6)
  32:Code\Common/utc.c **** 		{
  33:Code\Common/utc.c **** 			Month--;
  34:Code\Common/utc.c **** 		}
  35:Code\Common/utc.c **** 
  36:Code\Common/utc.c **** 		if (Month & 1)
  37:Code\Common/utc.c **** 		{
  38:Code\Common/utc.c **** 			days = 30;
  39:Code\Common/utc.c **** 		}
  40:Code\Common/utc.c **** 	}
  41:Code\Common/utc.c **** 
  42:Code\Common/utc.c **** 	return (days);
  43:Code\Common/utc.c **** }
  44:Code\Common/utc.c **** 
  45:Code\Common/utc.c **** 
  46:Code\Common/utc.c **** //*************************************************************************************************
  47:Code\Common/utc.c **** // Function name	: UtcTime_ConvertTo_Time
  48:Code\Common/utc.c **** // Description		: 将世界时间(格林威治时间)转化为日历时间
  49:Code\Common/utc.c **** // Parameter		: secTime	: 世界时间
  50:Code\Common/utc.c **** // Return			: tm		: 日历时间
  51:Code\Common/utc.c **** //-------------------------------------------------------------------------------------------------
  52:Code\Common/utc.c **** // Info				: 算法输出月份范围为[0-11]，天数范围为[0-30]，函数末尾分别强制转化为[1-12]和[1-31].
  53:Code\Common/utc.c **** //*************************************************************************************************
  54:Code\Common/utc.c **** TimeInfo UtcTime_ConvertTo_Time(UTCTime secTime)
  55:Code\Common/utc.c **** {
  30              		.loc 1 55 0
  31              		.cfi_startproc
  32              		@ args = 0, pretend = 0, frame = 16
  33              		@ frame_needed = 0, uses_anonymous_args = 0
  34              	.LVL0:
  35 0000 F0B5     		push	{r4, r5, r6, r7, lr}
  36              		.cfi_def_cfa_offset 20
  37              		.cfi_offset 4, -20
  38              		.cfi_offset 5, -16
  39              		.cfi_offset 6, -12
  40              		.cfi_offset 7, -8
  41              		.cfi_offset 14, -4
  42 0002 0C00     		movs	r4, r1
  43 0004 85B0     		sub	sp, sp, #20
  44              		.cfi_def_cfa_offset 40
  45              		.loc 1 55 0
  46 0006 0600     		movs	r6, r0
  47              	.LBB8:
  56:Code\Common/utc.c **** 	TimeInfo tm;
  57:Code\Common/utc.c **** 	
  58:Code\Common/utc.c **** 	//secTime += TimeZone * 3600;
  59:Code\Common/utc.c **** 	{
  60:Code\Common/utc.c **** 		uint32 day = secTime % OneDaySeconds;
  48              		.loc 1 60 0
  49 0008 4349     		ldr	r1, .L28
  50              	.LVL1:
  51 000a 2000     		movs	r0, r4
  52              	.LVL2:
  53 000c FFF7FEFF 		bl	__aeabi_uidivmod
  54              	.LVL3:
ARM GAS  C:\Users\Administrator\AppData\Local\Temp\ccrOmBzB.s 			page 3


  55 0010 0D00     		movs	r5, r1
  56              	.LVL4:
  61:Code\Common/utc.c **** 
  62:Code\Common/utc.c **** 		tm.Sec  =  day % 60UL;
  57              		.loc 1 62 0
  58 0012 3C21     		movs	r1, #60
  59              	.LVL5:
  60 0014 2800     		movs	r0, r5
  61 0016 FFF7FEFF 		bl	__aeabi_uidivmod
  62              	.LVL6:
  63 001a CBB2     		uxtb	r3, r1
  63:Code\Common/utc.c **** 		tm.Min  = (day % 3600UL) / 60UL;
  64              		.loc 1 63 0
  65 001c E121     		movs	r1, #225
  66 001e 2800     		movs	r0, r5
  67 0020 0901     		lsls	r1, r1, #4
  62:Code\Common/utc.c **** 		tm.Min  = (day % 3600UL) / 60UL;
  68              		.loc 1 62 0
  69 0022 0193     		str	r3, [sp, #4]
  70              	.LVL7:
  71              		.loc 1 63 0
  72 0024 FFF7FEFF 		bl	__aeabi_uidivmod
  73              	.LVL8:
  74 0028 0800     		movs	r0, r1
  75 002a 3C21     		movs	r1, #60
  76 002c FFF7FEFF 		bl	__aeabi_uidiv
  77              	.LVL9:
  64:Code\Common/utc.c **** 		tm.Hour =  day / 3600UL;
  78              		.loc 1 64 0
  79 0030 E121     		movs	r1, #225
  63:Code\Common/utc.c **** 		tm.Min  = (day % 3600UL) / 60UL;
  80              		.loc 1 63 0
  81 0032 C3B2     		uxtb	r3, r0
  82              		.loc 1 64 0
  83 0034 0901     		lsls	r1, r1, #4
  84 0036 2800     		movs	r0, r5
  63:Code\Common/utc.c **** 		tm.Min  = (day % 3600UL) / 60UL;
  85              		.loc 1 63 0
  86 0038 0293     		str	r3, [sp, #8]
  87              	.LVL10:
  88              		.loc 1 64 0
  89 003a FFF7FEFF 		bl	__aeabi_uidiv
  90              	.LVL11:
  91              	.LBE8:
  92              	.LBB9:
  65:Code\Common/utc.c **** 	}
  66:Code\Common/utc.c **** 
  67:Code\Common/utc.c **** 	{
  68:Code\Common/utc.c **** 		uint16 numDays = secTime / OneDaySeconds;
  93              		.loc 1 68 0
  94 003e 3649     		ldr	r1, .L28
  95              	.LBE9:
  96              	.LBB12:
  64:Code\Common/utc.c **** 		tm.Hour =  day / 3600UL;
  97              		.loc 1 64 0
  98 0040 C3B2     		uxtb	r3, r0
  99              	.LBE12:
ARM GAS  C:\Users\Administrator\AppData\Local\Temp\ccrOmBzB.s 			page 4


 100              	.LBB13:
 101              		.loc 1 68 0
 102 0042 2000     		movs	r0, r4
 103              	.LBE13:
 104              	.LBB14:
  64:Code\Common/utc.c **** 		tm.Hour =  day / 3600UL;
 105              		.loc 1 64 0
 106 0044 0393     		str	r3, [sp, #12]
 107              	.LVL12:
 108              	.LBE14:
 109              	.LBB15:
 110              		.loc 1 68 0
 111 0046 FFF7FEFF 		bl	__aeabi_uidiv
 112              	.LVL13:
  69:Code\Common/utc.c **** 		uint8 monthLen;
  70:Code\Common/utc.c **** 		tm.Year = BeginYear;
  71:Code\Common/utc.c **** 
  72:Code\Common/utc.c **** 		while (numDays >= YearLength(tm.Year))
 113              		.loc 1 72 0
 114 004a 0327     		movs	r7, #3
 115 004c 334D     		ldr	r5, .L28+4
 116              	.LVL14:
  68:Code\Common/utc.c **** 		uint8 monthLen;
 117              		.loc 1 68 0
 118 004e 84B2     		uxth	r4, r0
 119              	.LVL15:
 120              	.L2:
 121              		.loc 1 72 0
 122 0050 C821     		movs	r1, #200
 123 0052 2800     		movs	r0, r5
 124 0054 4900     		lsls	r1, r1, #1
 125 0056 FFF7FEFF 		bl	__aeabi_uidivmod
 126              	.LVL16:
 127 005a 8BB2     		uxth	r3, r1
 128 005c 0093     		str	r3, [sp]
 129 005e 002B     		cmp	r3, #0
 130 0060 3CD0     		beq	.L4
 131              		.loc 1 72 0 is_stmt 0 discriminator 2
 132 0062 6421     		movs	r1, #100
 133 0064 2800     		movs	r0, r5
 134 0066 FFF7FEFF 		bl	__aeabi_uidivmod
 135              	.LVL17:
 136 006a 89B2     		uxth	r1, r1
 137 006c 0029     		cmp	r1, #0
 138 006e 3CD0     		beq	.L5
 139              		.loc 1 72 0 discriminator 3
 140 0070 2800     		movs	r0, r5
 141 0072 3840     		ands	r0, r7
 142 0074 4342     		rsbs	r3, r0, #0
 143 0076 5841     		adcs	r0, r0, r3
 144 0078 6E30     		adds	r0, r0, #110
 145 007a FF30     		adds	r0, r0, #255
 146 007c 8442     		cmp	r4, r0
 147 007e 04DB     		blt	.L13
 148              	.L3:
  73:Code\Common/utc.c **** 		{
  74:Code\Common/utc.c **** 			numDays -= YearLength(tm.Year);
ARM GAS  C:\Users\Administrator\AppData\Local\Temp\ccrOmBzB.s 			page 5


 149              		.loc 1 74 0 is_stmt 1 discriminator 8
 150 0080 241A     		subs	r4, r4, r0
 151              	.LVL18:
 152 0082 0135     		adds	r5, r5, #1
 153              	.LVL19:
 154 0084 A4B2     		uxth	r4, r4
 155              	.LVL20:
 156 0086 ADB2     		uxth	r5, r5
 157 0088 E2E7     		b	.L2
 158              	.LVL21:
 159              	.L13:
  75:Code\Common/utc.c **** 			tm.Year++;
  76:Code\Common/utc.c **** 		}
  77:Code\Common/utc.c **** 
  78:Code\Common/utc.c **** 		tm.Mon = 0;
  79:Code\Common/utc.c **** 
  80:Code\Common/utc.c **** 		monthLen = MonthLength(IsLeapYear(tm.Year), tm.Mon);
  81:Code\Common/utc.c **** 
  82:Code\Common/utc.c **** 		while (numDays >= monthLen)
  83:Code\Common/utc.c **** 		{
  84:Code\Common/utc.c **** 			numDays -= monthLen;
  85:Code\Common/utc.c **** 			tm.Mon++;
  86:Code\Common/utc.c **** 
  87:Code\Common/utc.c **** 			monthLen = MonthLength(IsLeapYear(tm.Year), tm.Mon);
 160              		.loc 1 87 0
 161 008a 6421     		movs	r1, #100
 162 008c 2800     		movs	r0, r5
 163 008e FFF7FEFF 		bl	__aeabi_uidivmod
 164              	.LVL22:
 165 0092 0327     		movs	r7, #3
 166 0094 8BB2     		uxth	r3, r1
 167 0096 2F40     		ands	r7, r5
 168 0098 9C46     		mov	ip, r3
 169 009a 0022     		movs	r2, #0
 170 009c 1F20     		movs	r0, #31
 171 009e 7B42     		rsbs	r3, r7, #0
 172 00a0 5F41     		adcs	r7, r7, r3
 173              	.LVL23:
 174              	.L7:
  82:Code\Common/utc.c **** 		{
 175              		.loc 1 82 0
 176 00a2 83B2     		uxth	r3, r0
 177 00a4 501C     		adds	r0, r2, #1
 178              	.LVL24:
 179 00a6 9C42     		cmp	r4, r3
 180 00a8 26D3     		bcc	.L27
 181              		.loc 1 87 0
 182 00aa 0099     		ldr	r1, [sp]
  84:Code\Common/utc.c **** 			tm.Mon++;
 183              		.loc 1 84 0
 184 00ac E41A     		subs	r4, r4, r3
 185              	.LVL25:
 186 00ae A4B2     		uxth	r4, r4
 187              	.LVL26:
  85:Code\Common/utc.c **** 
 188              		.loc 1 85 0
 189 00b0 C3B2     		uxtb	r3, r0
ARM GAS  C:\Users\Administrator\AppData\Local\Temp\ccrOmBzB.s 			page 6


 190              	.LVL27:
 191              		.loc 1 87 0
 192 00b2 0120     		movs	r0, #1
 193 00b4 0029     		cmp	r1, #0
 194 00b6 04D0     		beq	.L8
 195              		.loc 1 87 0 is_stmt 0 discriminator 2
 196 00b8 0020     		movs	r0, #0
 197 00ba 6146     		mov	r1, ip
 198 00bc 8142     		cmp	r1, r0
 199 00be 00D0     		beq	.L8
 200              		.loc 1 87 0 discriminator 3
 201 00c0 3800     		movs	r0, r7
 202              	.L8:
 203              	.LVL28:
 204              	.LBB10:
 205              	.LBB11:
  27:Code\Common/utc.c **** 	}
 206              		.loc 1 27 0 is_stmt 1 discriminator 8
 207 00c2 1C30     		adds	r0, r0, #28
 208              	.LVL29:
 209 00c4 C0B2     		uxtb	r0, r0
  25:Code\Common/utc.c **** 	{
 210              		.loc 1 25 0 discriminator 8
 211 00c6 012B     		cmp	r3, #1
 212 00c8 06D0     		beq	.L10
  31:Code\Common/utc.c **** 		{
 213              		.loc 1 31 0
 214 00ca 062B     		cmp	r3, #6
 215 00cc 00D8     		bhi	.L11
 216 00ce 1A00     		movs	r2, r3
 217              	.L11:
 218              	.LVL30:
  23:Code\Common/utc.c **** 
 219              		.loc 1 23 0
 220 00d0 0120     		movs	r0, #1
 221 00d2 0240     		ands	r2, r0
 222 00d4 1E30     		adds	r0, r0, #30
 223 00d6 801A     		subs	r0, r0, r2
 224              	.L10:
 225              	.LBE11:
 226              	.LBE10:
 227              		.loc 1 87 0
 228 00d8 1A00     		movs	r2, r3
 229 00da E2E7     		b	.L7
 230              	.LVL31:
 231              	.L4:
  72:Code\Common/utc.c **** 		{
 232              		.loc 1 72 0
 233 00dc 6E23     		movs	r3, #110
 234 00de FF33     		adds	r3, r3, #255
 235 00e0 9C42     		cmp	r4, r3
 236 00e2 D2DD     		ble	.L13
  74:Code\Common/utc.c **** 			tm.Year++;
 237              		.loc 1 74 0
 238 00e4 B720     		movs	r0, #183
 239 00e6 4000     		lsls	r0, r0, #1
 240 00e8 CAE7     		b	.L3
ARM GAS  C:\Users\Administrator\AppData\Local\Temp\ccrOmBzB.s 			page 7


 241              	.L5:
  72:Code\Common/utc.c **** 		{
 242              		.loc 1 72 0
 243 00ea B623     		movs	r3, #182
 244 00ec 5B00     		lsls	r3, r3, #1
 245 00ee 9C42     		cmp	r4, r3
 246 00f0 CBDD     		ble	.L13
  74:Code\Common/utc.c **** 			tm.Year++;
 247              		.loc 1 74 0
 248 00f2 6E20     		movs	r0, #110
 249 00f4 FF30     		adds	r0, r0, #255
 250 00f6 C3E7     		b	.L3
 251              	.L27:
 252              	.LVL32:
 253              	.LBE15:
  88:Code\Common/utc.c **** 		}
  89:Code\Common/utc.c **** 
  90:Code\Common/utc.c **** 		tm.Day = numDays;
  91:Code\Common/utc.c **** 	}
  92:Code\Common/utc.c **** 	
  93:Code\Common/utc.c **** 	tm.Mon++;
  94:Code\Common/utc.c **** 	tm.Day++;
  95:Code\Common/utc.c **** 	
  96:Code\Common/utc.c **** 	return tm;
 254              		.loc 1 96 0
 255 00f8 6B46     		mov	r3, sp
 256 00fa 1B7B     		ldrb	r3, [r3, #12]
 257 00fc B070     		strb	r0, [r6, #2]
 258 00fe 3371     		strb	r3, [r6, #4]
 259 0100 6B46     		mov	r3, sp
 260 0102 1B7A     		ldrb	r3, [r3, #8]
  97:Code\Common/utc.c **** }
 261              		.loc 1 97 0
 262 0104 3000     		movs	r0, r6
  96:Code\Common/utc.c **** }
 263              		.loc 1 96 0
 264 0106 7371     		strb	r3, [r6, #5]
 265 0108 6B46     		mov	r3, sp
 266 010a 1B79     		ldrb	r3, [r3, #4]
 267 010c 0134     		adds	r4, r4, #1
 268              	.LVL33:
 269 010e 3580     		strh	r5, [r6]
 270 0110 F470     		strb	r4, [r6, #3]
 271 0112 B371     		strb	r3, [r6, #6]
 272              	.LVL34:
 273              		.loc 1 97 0
 274 0114 05B0     		add	sp, sp, #20
 275              		@ sp needed
 276              	.LVL35:
 277 0116 F0BD     		pop	{r4, r5, r6, r7, pc}
 278              	.L29:
 279              		.align	2
 280              	.L28:
 281 0118 80510100 		.word	86400
 282 011c B2070000 		.word	1970
 283              		.cfi_endproc
 284              	.LFE4:
ARM GAS  C:\Users\Administrator\AppData\Local\Temp\ccrOmBzB.s 			page 8


 285              		.size	UtcTime_ConvertTo_Time, .-UtcTime_ConvertTo_Time
 286              		.section	.text.Time_ConvertTo_UtcTime,"ax",%progbits
 287              		.align	1
 288              		.global	Time_ConvertTo_UtcTime
 289              		.code	16
 290              		.thumb_func
 291              		.type	Time_ConvertTo_UtcTime, %function
 292              	Time_ConvertTo_UtcTime:
 293              	.LFB5:
  98:Code\Common/utc.c **** 
  99:Code\Common/utc.c **** //*************************************************************************************************
 100:Code\Common/utc.c **** // Function name	: Time_ConvertTo_UtcTime
 101:Code\Common/utc.c **** // Description		: 将日历时间转化为世界时间
 102:Code\Common/utc.c **** // Parameter		: tm		: 日历时间
 103:Code\Common/utc.c **** //					: secTime	: 世界时间
 104:Code\Common/utc.c **** // Return			: 当前月的天数
 105:Code\Common/utc.c **** //-------------------------------------------------------------------------------------------------
 106:Code\Common/utc.c **** // Info				: 算法输入月份范围为[0-11]，天数范围为[0-30]，函数头部将[1-12]和[1-31]分别强制转化.
 107:Code\Common/utc.c **** //*************************************************************************************************
 108:Code\Common/utc.c **** UTCTime Time_ConvertTo_UtcTime(TimeInfo tm)
 109:Code\Common/utc.c **** {
 294              		.loc 1 109 0
 295              		.cfi_startproc
 296              		@ args = 0, pretend = 0, frame = 16
 297              		@ frame_needed = 0, uses_anonymous_args = 0
 298 0000 F0B5     		push	{r4, r5, r6, r7, lr}
 299              		.cfi_def_cfa_offset 20
 300              		.cfi_offset 4, -20
 301              		.cfi_offset 5, -16
 302              		.cfi_offset 6, -12
 303              		.cfi_offset 7, -8
 304              		.cfi_offset 14, -4
 305 0002 84B2     		uxth	r4, r0
 306              	.LVL36:
 307 0004 0500     		movs	r5, r0
 308 0006 070C     		lsrs	r7, r0, #16
 110:Code\Common/utc.c **** 	UTCTime seconds;
 111:Code\Common/utc.c **** 	
 112:Code\Common/utc.c **** 	tm.Mon--;
 113:Code\Common/utc.c **** 	tm.Day--;
 114:Code\Common/utc.c **** 	
 115:Code\Common/utc.c **** 	seconds = (((tm.Hour * 60UL) + tm.Min) * 60UL) + tm.Sec;
 309              		.loc 1 115 0
 310 0008 3C20     		movs	r0, #60
 109:Code\Common/utc.c **** 	UTCTime seconds;
 311              		.loc 1 109 0
 312 000a 0A00     		movs	r2, r1
 313 000c 0B1C     		adds	r3, r1, #0
 314              		.loc 1 115 0
 315 000e DBB2     		uxtb	r3, r3
 316 0010 4343     		muls	r3, r0
 109:Code\Common/utc.c **** 	UTCTime seconds;
 317              		.loc 1 109 0
 318 0012 120A     		lsrs	r2, r2, #8
 319              		.loc 1 115 0
 320 0014 D6B2     		uxtb	r6, r2
 321 0016 9A19     		adds	r2, r3, r6
ARM GAS  C:\Users\Administrator\AppData\Local\Temp\ccrOmBzB.s 			page 9


 109:Code\Common/utc.c **** 	UTCTime seconds;
 322              		.loc 1 109 0
 323 0018 090C     		lsrs	r1, r1, #16
 324              		.loc 1 115 0
 325 001a 4243     		muls	r2, r0
 326 001c C8B2     		uxtb	r0, r1
 327              	.LBB21:
 328              	.LBB22:
 116:Code\Common/utc.c **** 
 117:Code\Common/utc.c **** 	{
 118:Code\Common/utc.c **** 		uint16 days = tm.Day;
 119:Code\Common/utc.c **** 		{
 120:Code\Common/utc.c **** 			int8 month = tm.Mon;
 121:Code\Common/utc.c **** 			while (--month >= 0)
 122:Code\Common/utc.c **** 			{
 123:Code\Common/utc.c **** 				days += MonthLength(IsLeapYear(tm.Year), month);
 329              		.loc 1 123 0
 330 001e C821     		movs	r1, #200
 331              	.LBE22:
 332              	.LBE21:
 115:Code\Common/utc.c **** 
 333              		.loc 1 115 0
 334 0020 1318     		adds	r3, r2, r0
 109:Code\Common/utc.c **** 	UTCTime seconds;
 335              		.loc 1 109 0
 336 0022 85B0     		sub	sp, sp, #20
 337              		.cfi_def_cfa_offset 40
 338              	.LVL37:
 339              	.LBB29:
 340              	.LBB25:
 341              		.loc 1 123 0
 342 0024 4900     		lsls	r1, r1, #1
 343 0026 2000     		movs	r0, r4
 344              	.LBE25:
 345              	.LBE29:
 115:Code\Common/utc.c **** 
 346              		.loc 1 115 0
 347 0028 0193     		str	r3, [sp, #4]
 348              	.LVL38:
 349              	.LBB30:
 350              	.LBB26:
 351              		.loc 1 123 0
 352 002a FFF7FEFF 		bl	__aeabi_uidivmod
 353              	.LVL39:
 354 002e 2000     		movs	r0, r4
 355 0030 8EB2     		uxth	r6, r1
 356 0032 6421     		movs	r1, #100
 357 0034 FFF7FEFF 		bl	__aeabi_uidivmod
 358              	.LVL40:
 359 0038 0323     		movs	r3, #3
 360 003a 2340     		ands	r3, r4
 361 003c 5A42     		rsbs	r2, r3, #0
 362 003e 5A41     		adcs	r2, r2, r3
 363 0040 9446     		mov	ip, r2
 364              	.LBE26:
 118:Code\Common/utc.c **** 		{
 365              		.loc 1 118 0
ARM GAS  C:\Users\Administrator\AppData\Local\Temp\ccrOmBzB.s 			page 10


 366 0042 2D0E     		lsrs	r5, r5, #24
 367 0044 013D     		subs	r5, r5, #1
 368 0046 023F     		subs	r7, r7, #2
 369 0048 EDB2     		uxtb	r5, r5
 370              	.LVL41:
 371              	.LBB27:
 372              		.loc 1 123 0
 373 004a 89B2     		uxth	r1, r1
 374 004c F8B2     		uxtb	r0, r7
 375              	.LVL42:
 376              	.L31:
 121:Code\Common/utc.c **** 			{
 377              		.loc 1 121 0
 378 004e 43B2     		sxtb	r3, r0
 379 0050 0200     		movs	r2, r0
 380              	.LVL43:
 381 0052 002B     		cmp	r3, #0
 382 0054 18DB     		blt	.L49
 383              		.loc 1 123 0
 384 0056 0123     		movs	r3, #1
 385 0058 002E     		cmp	r6, #0
 386 005a 03D0     		beq	.L32
 387              		.loc 1 123 0 is_stmt 0 discriminator 2
 388 005c 0023     		movs	r3, #0
 389 005e 9942     		cmp	r1, r3
 390 0060 00D0     		beq	.L32
 391              		.loc 1 123 0 discriminator 3
 392 0062 6346     		mov	r3, ip
 393              	.L32:
 394              	.LVL44:
 395 0064 471E     		subs	r7, r0, #1
 396              	.LBB23:
 397              	.LBB24:
  25:Code\Common/utc.c **** 	{
 398              		.loc 1 25 0 is_stmt 1 discriminator 8
 399 0066 0128     		cmp	r0, #1
 400 0068 02D1     		bne	.L33
  27:Code\Common/utc.c **** 	}
 401              		.loc 1 27 0
 402 006a 1C33     		adds	r3, r3, #28
 403              	.LVL45:
 404 006c DAB2     		uxtb	r2, r3
 405              	.LVL46:
 406 006e 07E0     		b	.L34
 407              	.LVL47:
 408              	.L33:
  31:Code\Common/utc.c **** 		{
 409              		.loc 1 31 0
 410 0070 0628     		cmp	r0, #6
 411 0072 00D9     		bls	.L35
 412 0074 FAB2     		uxtb	r2, r7
 413              	.LVL48:
 414              	.L35:
  36:Code\Common/utc.c **** 		{
 415              		.loc 1 36 0
 416 0076 0123     		movs	r3, #1
 417              	.LVL49:
ARM GAS  C:\Users\Administrator\AppData\Local\Temp\ccrOmBzB.s 			page 11


 418 0078 1A40     		ands	r2, r3
 419              	.LVL50:
  38:Code\Common/utc.c **** 		}
 420              		.loc 1 38 0
 421 007a 5342     		rsbs	r3, r2, #0
 422 007c 5A41     		adcs	r2, r2, r3
 423 007e 1E32     		adds	r2, r2, #30
 424              	.LVL51:
 425              	.L34:
 426              	.LBE24:
 427              	.LBE23:
 428              		.loc 1 123 0
 429 0080 AD18     		adds	r5, r5, r2
 430              	.LVL52:
 431 0082 ADB2     		uxth	r5, r5
 432              	.LVL53:
 433 0084 F8B2     		uxtb	r0, r7
 434              	.LVL54:
 435 0086 E2E7     		b	.L31
 436              	.LVL55:
 437              	.L49:
 438              	.LBE27:
 439              	.LBB28:
 124:Code\Common/utc.c **** 			}
 125:Code\Common/utc.c **** 		}
 126:Code\Common/utc.c **** 
 127:Code\Common/utc.c **** 		{
 128:Code\Common/utc.c **** 			uint16 year = tm.Year;
 129:Code\Common/utc.c **** 			while (--year >= BeginYear)
 130:Code\Common/utc.c **** 			{
 131:Code\Common/utc.c **** 				days += YearLength(year);
 440              		.loc 1 131 0
 441 0088 0327     		movs	r7, #3
 129:Code\Common/utc.c **** 			{
 442              		.loc 1 129 0
 443 008a 144E     		ldr	r6, .L51
 444              	.LVL56:
 445              	.L37:
 446 008c 013C     		subs	r4, r4, #1
 447              	.LVL57:
 448 008e A4B2     		uxth	r4, r4
 449              	.LVL58:
 450 0090 B442     		cmp	r4, r6
 451 0092 1CD9     		bls	.L50
 452              		.loc 1 131 0
 453 0094 C821     		movs	r1, #200
 454 0096 2000     		movs	r0, r4
 455 0098 4900     		lsls	r1, r1, #1
 456 009a FFF7FEFF 		bl	__aeabi_uidivmod
 457              	.LVL59:
 458 009e 89B2     		uxth	r1, r1
 459 00a0 0029     		cmp	r1, #0
 460 00a2 0DD0     		beq	.L43
 461              		.loc 1 131 0 is_stmt 0 discriminator 2
 462 00a4 6421     		movs	r1, #100
 463 00a6 2000     		movs	r0, r4
 464 00a8 FFF7FEFF 		bl	__aeabi_uidivmod
ARM GAS  C:\Users\Administrator\AppData\Local\Temp\ccrOmBzB.s 			page 12


 465              	.LVL60:
 466 00ac 89B2     		uxth	r1, r1
 467 00ae 6E20     		movs	r0, #110
 468 00b0 0029     		cmp	r1, #0
 469 00b2 08D0     		beq	.L48
 470              		.loc 1 131 0 discriminator 3
 471 00b4 2000     		movs	r0, r4
 472 00b6 3840     		ands	r0, r7
 473 00b8 4342     		rsbs	r3, r0, #0
 474 00ba 5841     		adcs	r0, r0, r3
 475 00bc 6E30     		adds	r0, r0, #110
 476 00be 02E0     		b	.L48
 477              	.L43:
 478              		.loc 1 131 0
 479 00c0 B720     		movs	r0, #183
 480 00c2 4000     		lsls	r0, r0, #1
 481 00c4 00E0     		b	.L38
 482              	.L48:
 483 00c6 FF30     		adds	r0, r0, #255
 484              	.L38:
 485              		.loc 1 131 0 discriminator 8
 486 00c8 2D18     		adds	r5, r5, r0
 487              	.LVL61:
 488 00ca ADB2     		uxth	r5, r5
 489              	.LVL62:
 490 00cc DEE7     		b	.L37
 491              	.L50:
 492              	.LVL63:
 493              	.LBE28:
 494              	.LBE30:
 132:Code\Common/utc.c **** 			}
 133:Code\Common/utc.c **** 		}
 134:Code\Common/utc.c **** 
 135:Code\Common/utc.c **** 		seconds += (days * OneDaySeconds);
 136:Code\Common/utc.c **** 	}
 137:Code\Common/utc.c **** 	
 138:Code\Common/utc.c **** 	//seconds -= TimeZone * 3600;
 139:Code\Common/utc.c **** 	
 140:Code\Common/utc.c **** 	return (seconds);
 495              		.loc 1 140 0 is_stmt 1
 496 00ce 0448     		ldr	r0, .L51+4
 497 00d0 019B     		ldr	r3, [sp, #4]
 498 00d2 6843     		muls	r0, r5
 499 00d4 C018     		adds	r0, r0, r3
 141:Code\Common/utc.c **** }
 500              		.loc 1 141 0
 501 00d6 05B0     		add	sp, sp, #20
 502              		@ sp needed
 503              	.LVL64:
 504              	.LVL65:
 505 00d8 F0BD     		pop	{r4, r5, r6, r7, pc}
 506              	.L52:
 507 00da C046     		.align	2
 508              	.L51:
 509 00dc B1070000 		.word	1969
 510 00e0 80510100 		.word	86400
 511              		.cfi_endproc
ARM GAS  C:\Users\Administrator\AppData\Local\Temp\ccrOmBzB.s 			page 13


 512              	.LFE5:
 513              		.size	Time_ConvertTo_UtcTime, .-Time_ConvertTo_UtcTime
 514              		.text
 515              	.Letext0:
 516              		.file 2 "Generated_Source\\PSoC4/cytypes.h"
 517              		.file 3 "Code\\Common\\config.h"
 518              		.section	.debug_info,"",%progbits
 519              	.Ldebug_info0:
 520 0000 C6020000 		.4byte	0x2c6
 521 0004 0400     		.2byte	0x4
 522 0006 00000000 		.4byte	.Ldebug_abbrev0
 523 000a 04       		.byte	0x4
 524 000b 01       		.uleb128 0x1
 525 000c DB010000 		.4byte	.LASF33
 526 0010 0C       		.byte	0xc
 527 0011 8B000000 		.4byte	.LASF34
 528 0015 F7000000 		.4byte	.LASF35
 529 0019 88000000 		.4byte	.Ldebug_ranges0+0x88
 530 001d 00000000 		.4byte	0
 531 0021 00000000 		.4byte	.Ldebug_line0
 532 0025 02       		.uleb128 0x2
 533 0026 01       		.byte	0x1
 534 0027 06       		.byte	0x6
 535 0028 CF010000 		.4byte	.LASF0
 536 002c 02       		.uleb128 0x2
 537 002d 01       		.byte	0x1
 538 002e 08       		.byte	0x8
 539 002f 4D000000 		.4byte	.LASF1
 540 0033 02       		.uleb128 0x2
 541 0034 02       		.byte	0x2
 542 0035 05       		.byte	0x5
 543 0036 A3010000 		.4byte	.LASF2
 544 003a 02       		.uleb128 0x2
 545 003b 02       		.byte	0x2
 546 003c 07       		.byte	0x7
 547 003d 17000000 		.4byte	.LASF3
 548 0041 02       		.uleb128 0x2
 549 0042 04       		.byte	0x4
 550 0043 05       		.byte	0x5
 551 0044 B2010000 		.4byte	.LASF4
 552 0048 02       		.uleb128 0x2
 553 0049 04       		.byte	0x4
 554 004a 07       		.byte	0x7
 555 004b 6D000000 		.4byte	.LASF5
 556 004f 02       		.uleb128 0x2
 557 0050 08       		.byte	0x8
 558 0051 05       		.byte	0x5
 559 0052 88010000 		.4byte	.LASF6
 560 0056 02       		.uleb128 0x2
 561 0057 08       		.byte	0x8
 562 0058 07       		.byte	0x7
 563 0059 50010000 		.4byte	.LASF7
 564 005d 03       		.uleb128 0x3
 565 005e 04       		.byte	0x4
 566 005f 05       		.byte	0x5
 567 0060 696E7400 		.ascii	"int\000"
 568 0064 02       		.uleb128 0x2
ARM GAS  C:\Users\Administrator\AppData\Local\Temp\ccrOmBzB.s 			page 14


 569 0065 04       		.byte	0x4
 570 0066 07       		.byte	0x7
 571 0067 EA000000 		.4byte	.LASF8
 572 006b 04       		.uleb128 0x4
 573 006c 7F000000 		.4byte	.LASF9
 574 0070 02       		.byte	0x2
 575 0071 D201     		.2byte	0x1d2
 576 0073 2C000000 		.4byte	0x2c
 577 0077 04       		.uleb128 0x4
 578 0078 D7000000 		.4byte	.LASF10
 579 007c 02       		.byte	0x2
 580 007d D301     		.2byte	0x1d3
 581 007f 3A000000 		.4byte	0x3a
 582 0083 04       		.uleb128 0x4
 583 0084 E3000000 		.4byte	.LASF11
 584 0088 02       		.byte	0x2
 585 0089 D401     		.2byte	0x1d4
 586 008b 48000000 		.4byte	0x48
 587 008f 04       		.uleb128 0x4
 588 0090 DE000000 		.4byte	.LASF12
 589 0094 02       		.byte	0x2
 590 0095 D501     		.2byte	0x1d5
 591 0097 25000000 		.4byte	0x25
 592 009b 02       		.uleb128 0x2
 593 009c 04       		.byte	0x4
 594 009d 04       		.byte	0x4
 595 009e 47000000 		.4byte	.LASF13
 596 00a2 02       		.uleb128 0x2
 597 00a3 08       		.byte	0x8
 598 00a4 04       		.byte	0x4
 599 00a5 A2000000 		.4byte	.LASF14
 600 00a9 02       		.uleb128 0x2
 601 00aa 01       		.byte	0x1
 602 00ab 08       		.byte	0x8
 603 00ac 9E010000 		.4byte	.LASF15
 604 00b0 02       		.uleb128 0x2
 605 00b1 08       		.byte	0x8
 606 00b2 04       		.byte	0x4
 607 00b3 C3010000 		.4byte	.LASF16
 608 00b7 02       		.uleb128 0x2
 609 00b8 04       		.byte	0x4
 610 00b9 07       		.byte	0x7
 611 00ba 7F010000 		.4byte	.LASF17
 612 00be 05       		.uleb128 0x5
 613 00bf 4A010000 		.4byte	.LASF18
 614 00c3 03       		.byte	0x3
 615 00c4 13       		.byte	0x13
 616 00c5 2C000000 		.4byte	0x2c
 617 00c9 05       		.uleb128 0x5
 618 00ca 40000000 		.4byte	.LASF19
 619 00ce 03       		.byte	0x3
 620 00cf 15       		.byte	0x15
 621 00d0 3A000000 		.4byte	0x3a
 622 00d4 05       		.uleb128 0x5
 623 00d5 38000000 		.4byte	.LASF20
 624 00d9 03       		.byte	0x3
 625 00da 46       		.byte	0x46
ARM GAS  C:\Users\Administrator\AppData\Local\Temp\ccrOmBzB.s 			page 15


 626 00db 83000000 		.4byte	0x83
 627 00df 06       		.uleb128 0x6
 628 00e0 67010000 		.4byte	.LASF36
 629 00e4 08       		.byte	0x8
 630 00e5 03       		.byte	0x3
 631 00e6 47       		.byte	0x47
 632 00e7 34010000 		.4byte	0x134
 633 00eb 07       		.uleb128 0x7
 634 00ec 9D000000 		.4byte	.LASF21
 635 00f0 03       		.byte	0x3
 636 00f1 49       		.byte	0x49
 637 00f2 C9000000 		.4byte	0xc9
 638 00f6 00       		.byte	0
 639 00f7 08       		.uleb128 0x8
 640 00f8 4D6F6E00 		.ascii	"Mon\000"
 641 00fc 03       		.byte	0x3
 642 00fd 4A       		.byte	0x4a
 643 00fe BE000000 		.4byte	0xbe
 644 0102 02       		.byte	0x2
 645 0103 08       		.uleb128 0x8
 646 0104 44617900 		.ascii	"Day\000"
 647 0108 03       		.byte	0x3
 648 0109 4B       		.byte	0x4b
 649 010a BE000000 		.4byte	0xbe
 650 010e 03       		.byte	0x3
 651 010f 07       		.uleb128 0x7
 652 0110 AD010000 		.4byte	.LASF22
 653 0114 03       		.byte	0x3
 654 0115 4C       		.byte	0x4c
 655 0116 BE000000 		.4byte	0xbe
 656 011a 04       		.byte	0x4
 657 011b 08       		.uleb128 0x8
 658 011c 4D696E00 		.ascii	"Min\000"
 659 0120 03       		.byte	0x3
 660 0121 4D       		.byte	0x4d
 661 0122 BE000000 		.4byte	0xbe
 662 0126 05       		.byte	0x5
 663 0127 08       		.uleb128 0x8
 664 0128 53656300 		.ascii	"Sec\000"
 665 012c 03       		.byte	0x3
 666 012d 4E       		.byte	0x4e
 667 012e BE000000 		.4byte	0xbe
 668 0132 06       		.byte	0x6
 669 0133 00       		.byte	0
 670 0134 05       		.uleb128 0x5
 671 0135 5B000000 		.4byte	.LASF23
 672 0139 03       		.byte	0x3
 673 013a 4F       		.byte	0x4f
 674 013b DF000000 		.4byte	0xdf
 675 013f 09       		.uleb128 0x9
 676 0140 73010000 		.4byte	.LASF37
 677 0144 01       		.byte	0x1
 678 0145 15       		.byte	0x15
 679 0146 6B000000 		.4byte	0x6b
 680 014a 01       		.byte	0x1
 681 014b 71010000 		.4byte	0x171
 682 014f 0A       		.uleb128 0xa
ARM GAS  C:\Users\Administrator\AppData\Local\Temp\ccrOmBzB.s 			page 16


 683 0150 05000000 		.4byte	.LASF24
 684 0154 01       		.byte	0x1
 685 0155 15       		.byte	0x15
 686 0156 6B000000 		.4byte	0x6b
 687 015a 0A       		.uleb128 0xa
 688 015b 85000000 		.4byte	.LASF25
 689 015f 01       		.byte	0x1
 690 0160 15       		.byte	0x15
 691 0161 6B000000 		.4byte	0x6b
 692 0165 0B       		.uleb128 0xb
 693 0166 00000000 		.4byte	.LASF30
 694 016a 01       		.byte	0x1
 695 016b 17       		.byte	0x17
 696 016c 6B000000 		.4byte	0x6b
 697 0170 00       		.byte	0
 698 0171 0C       		.uleb128 0xc
 699 0172 C0000000 		.4byte	.LASF38
 700 0176 01       		.byte	0x1
 701 0177 36       		.byte	0x36
 702 0178 34010000 		.4byte	0x134
 703 017c 00000000 		.4byte	.LFB4
 704 0180 20010000 		.4byte	.LFE4-.LFB4
 705 0184 01       		.uleb128 0x1
 706 0185 9C       		.byte	0x9c
 707 0186 1A020000 		.4byte	0x21a
 708 018a 0D       		.uleb128 0xd
 709 018b BB010000 		.4byte	.LASF28
 710 018f 01       		.byte	0x1
 711 0190 36       		.byte	0x36
 712 0191 D4000000 		.4byte	0xd4
 713 0195 00000000 		.4byte	.LLST0
 714 0199 0E       		.uleb128 0xe
 715 019a 746D00   		.ascii	"tm\000"
 716 019d 01       		.byte	0x1
 717 019e 38       		.byte	0x38
 718 019f 34010000 		.4byte	0x134
 719 01a3 2C000000 		.4byte	.LLST1
 720 01a7 0F       		.uleb128 0xf
 721 01a8 00000000 		.4byte	.Ldebug_ranges0+0
 722 01ac C0010000 		.4byte	0x1c0
 723 01b0 0E       		.uleb128 0xe
 724 01b1 64617900 		.ascii	"day\000"
 725 01b5 01       		.byte	0x1
 726 01b6 3C       		.byte	0x3c
 727 01b7 83000000 		.4byte	0x83
 728 01bb 67010000 		.4byte	.LLST2
 729 01bf 00       		.byte	0
 730 01c0 10       		.uleb128 0x10
 731 01c1 20000000 		.4byte	.Ldebug_ranges0+0x20
 732 01c5 11       		.uleb128 0x11
 733 01c6 2A000000 		.4byte	.LASF26
 734 01ca 01       		.byte	0x1
 735 01cb 44       		.byte	0x44
 736 01cc 77000000 		.4byte	0x77
 737 01d0 85010000 		.4byte	.LLST3
 738 01d4 11       		.uleb128 0x11
 739 01d5 64000000 		.4byte	.LASF27
ARM GAS  C:\Users\Administrator\AppData\Local\Temp\ccrOmBzB.s 			page 17


 740 01d9 01       		.byte	0x1
 741 01da 45       		.byte	0x45
 742 01db 6B000000 		.4byte	0x6b
 743 01df AE010000 		.4byte	.LLST4
 744 01e3 12       		.uleb128 0x12
 745 01e4 3F010000 		.4byte	0x13f
 746 01e8 C2000000 		.4byte	.LBB10
 747 01ec 16000000 		.4byte	.LBE10-.LBB10
 748 01f0 01       		.byte	0x1
 749 01f1 57       		.byte	0x57
 750 01f2 13       		.uleb128 0x13
 751 01f3 5A010000 		.4byte	0x15a
 752 01f7 C1010000 		.4byte	.LLST5
 753 01fb 13       		.uleb128 0x13
 754 01fc 4F010000 		.4byte	0x14f
 755 0200 D4010000 		.4byte	.LLST6
 756 0204 14       		.uleb128 0x14
 757 0205 C2000000 		.4byte	.LBB11
 758 0209 16000000 		.4byte	.LBE11-.LBB11
 759 020d 15       		.uleb128 0x15
 760 020e 65010000 		.4byte	0x165
 761 0212 E7010000 		.4byte	.LLST7
 762 0216 00       		.byte	0
 763 0217 00       		.byte	0
 764 0218 00       		.byte	0
 765 0219 00       		.byte	0
 766 021a 16       		.uleb128 0x16
 767 021b A9000000 		.4byte	.LASF39
 768 021f 01       		.byte	0x1
 769 0220 6C       		.byte	0x6c
 770 0221 D4000000 		.4byte	0xd4
 771 0225 00000000 		.4byte	.LFB5
 772 0229 E4000000 		.4byte	.LFE5-.LFB5
 773 022d 01       		.uleb128 0x1
 774 022e 9C       		.byte	0x9c
 775 022f 17       		.uleb128 0x17
 776 0230 746D00   		.ascii	"tm\000"
 777 0233 01       		.byte	0x1
 778 0234 6C       		.byte	0x6c
 779 0235 34010000 		.4byte	0x134
 780 0239 FB010000 		.4byte	.LLST8
 781 023d 11       		.uleb128 0x11
 782 023e 96010000 		.4byte	.LASF29
 783 0242 01       		.byte	0x1
 784 0243 6E       		.byte	0x6e
 785 0244 D4000000 		.4byte	0xd4
 786 0248 53020000 		.4byte	.LLST9
 787 024c 10       		.uleb128 0x10
 788 024d 40000000 		.4byte	.Ldebug_ranges0+0x40
 789 0251 11       		.uleb128 0x11
 790 0252 00000000 		.4byte	.LASF30
 791 0256 01       		.byte	0x1
 792 0257 76       		.byte	0x76
 793 0258 77000000 		.4byte	0x77
 794 025c 8D020000 		.4byte	.LLST10
 795 0260 0F       		.uleb128 0xf
 796 0261 60000000 		.4byte	.Ldebug_ranges0+0x60
ARM GAS  C:\Users\Administrator\AppData\Local\Temp\ccrOmBzB.s 			page 18


 797 0265 AE020000 		.4byte	0x2ae
 798 0269 11       		.uleb128 0x11
 799 026a 32000000 		.4byte	.LASF31
 800 026e 01       		.byte	0x1
 801 026f 78       		.byte	0x78
 802 0270 8F000000 		.4byte	0x8f
 803 0274 B6020000 		.4byte	.LLST11
 804 0278 12       		.uleb128 0x12
 805 0279 3F010000 		.4byte	0x13f
 806 027d 66000000 		.4byte	.LBB23
 807 0281 1A000000 		.4byte	.LBE23-.LBB23
 808 0285 01       		.byte	0x1
 809 0286 7B       		.byte	0x7b
 810 0287 13       		.uleb128 0x13
 811 0288 5A010000 		.4byte	0x15a
 812 028c F2020000 		.4byte	.LLST12
 813 0290 13       		.uleb128 0x13
 814 0291 4F010000 		.4byte	0x14f
 815 0295 10030000 		.4byte	.LLST13
 816 0299 14       		.uleb128 0x14
 817 029a 66000000 		.4byte	.LBB24
 818 029e 1A000000 		.4byte	.LBE24-.LBB24
 819 02a2 15       		.uleb128 0x15
 820 02a3 65010000 		.4byte	0x165
 821 02a7 2E030000 		.4byte	.LLST14
 822 02ab 00       		.byte	0
 823 02ac 00       		.byte	0
 824 02ad 00       		.byte	0
 825 02ae 14       		.uleb128 0x14
 826 02af 88000000 		.4byte	.LBB28
 827 02b3 46000000 		.4byte	.LBE28-.LBB28
 828 02b7 11       		.uleb128 0x11
 829 02b8 12000000 		.4byte	.LASF32
 830 02bc 01       		.byte	0x1
 831 02bd 80       		.byte	0x80
 832 02be 77000000 		.4byte	0x77
 833 02c2 59030000 		.4byte	.LLST15
 834 02c6 00       		.byte	0
 835 02c7 00       		.byte	0
 836 02c8 00       		.byte	0
 837 02c9 00       		.byte	0
 838              		.section	.debug_abbrev,"",%progbits
 839              	.Ldebug_abbrev0:
 840 0000 01       		.uleb128 0x1
 841 0001 11       		.uleb128 0x11
 842 0002 01       		.byte	0x1
 843 0003 25       		.uleb128 0x25
 844 0004 0E       		.uleb128 0xe
 845 0005 13       		.uleb128 0x13
 846 0006 0B       		.uleb128 0xb
 847 0007 03       		.uleb128 0x3
 848 0008 0E       		.uleb128 0xe
 849 0009 1B       		.uleb128 0x1b
 850 000a 0E       		.uleb128 0xe
 851 000b 55       		.uleb128 0x55
 852 000c 17       		.uleb128 0x17
 853 000d 11       		.uleb128 0x11
ARM GAS  C:\Users\Administrator\AppData\Local\Temp\ccrOmBzB.s 			page 19


 854 000e 01       		.uleb128 0x1
 855 000f 10       		.uleb128 0x10
 856 0010 17       		.uleb128 0x17
 857 0011 00       		.byte	0
 858 0012 00       		.byte	0
 859 0013 02       		.uleb128 0x2
 860 0014 24       		.uleb128 0x24
 861 0015 00       		.byte	0
 862 0016 0B       		.uleb128 0xb
 863 0017 0B       		.uleb128 0xb
 864 0018 3E       		.uleb128 0x3e
 865 0019 0B       		.uleb128 0xb
 866 001a 03       		.uleb128 0x3
 867 001b 0E       		.uleb128 0xe
 868 001c 00       		.byte	0
 869 001d 00       		.byte	0
 870 001e 03       		.uleb128 0x3
 871 001f 24       		.uleb128 0x24
 872 0020 00       		.byte	0
 873 0021 0B       		.uleb128 0xb
 874 0022 0B       		.uleb128 0xb
 875 0023 3E       		.uleb128 0x3e
 876 0024 0B       		.uleb128 0xb
 877 0025 03       		.uleb128 0x3
 878 0026 08       		.uleb128 0x8
 879 0027 00       		.byte	0
 880 0028 00       		.byte	0
 881 0029 04       		.uleb128 0x4
 882 002a 16       		.uleb128 0x16
 883 002b 00       		.byte	0
 884 002c 03       		.uleb128 0x3
 885 002d 0E       		.uleb128 0xe
 886 002e 3A       		.uleb128 0x3a
 887 002f 0B       		.uleb128 0xb
 888 0030 3B       		.uleb128 0x3b
 889 0031 05       		.uleb128 0x5
 890 0032 49       		.uleb128 0x49
 891 0033 13       		.uleb128 0x13
 892 0034 00       		.byte	0
 893 0035 00       		.byte	0
 894 0036 05       		.uleb128 0x5
 895 0037 16       		.uleb128 0x16
 896 0038 00       		.byte	0
 897 0039 03       		.uleb128 0x3
 898 003a 0E       		.uleb128 0xe
 899 003b 3A       		.uleb128 0x3a
 900 003c 0B       		.uleb128 0xb
 901 003d 3B       		.uleb128 0x3b
 902 003e 0B       		.uleb128 0xb
 903 003f 49       		.uleb128 0x49
 904 0040 13       		.uleb128 0x13
 905 0041 00       		.byte	0
 906 0042 00       		.byte	0
 907 0043 06       		.uleb128 0x6
 908 0044 13       		.uleb128 0x13
 909 0045 01       		.byte	0x1
 910 0046 03       		.uleb128 0x3
ARM GAS  C:\Users\Administrator\AppData\Local\Temp\ccrOmBzB.s 			page 20


 911 0047 0E       		.uleb128 0xe
 912 0048 0B       		.uleb128 0xb
 913 0049 0B       		.uleb128 0xb
 914 004a 3A       		.uleb128 0x3a
 915 004b 0B       		.uleb128 0xb
 916 004c 3B       		.uleb128 0x3b
 917 004d 0B       		.uleb128 0xb
 918 004e 01       		.uleb128 0x1
 919 004f 13       		.uleb128 0x13
 920 0050 00       		.byte	0
 921 0051 00       		.byte	0
 922 0052 07       		.uleb128 0x7
 923 0053 0D       		.uleb128 0xd
 924 0054 00       		.byte	0
 925 0055 03       		.uleb128 0x3
 926 0056 0E       		.uleb128 0xe
 927 0057 3A       		.uleb128 0x3a
 928 0058 0B       		.uleb128 0xb
 929 0059 3B       		.uleb128 0x3b
 930 005a 0B       		.uleb128 0xb
 931 005b 49       		.uleb128 0x49
 932 005c 13       		.uleb128 0x13
 933 005d 38       		.uleb128 0x38
 934 005e 0B       		.uleb128 0xb
 935 005f 00       		.byte	0
 936 0060 00       		.byte	0
 937 0061 08       		.uleb128 0x8
 938 0062 0D       		.uleb128 0xd
 939 0063 00       		.byte	0
 940 0064 03       		.uleb128 0x3
 941 0065 08       		.uleb128 0x8
 942 0066 3A       		.uleb128 0x3a
 943 0067 0B       		.uleb128 0xb
 944 0068 3B       		.uleb128 0x3b
 945 0069 0B       		.uleb128 0xb
 946 006a 49       		.uleb128 0x49
 947 006b 13       		.uleb128 0x13
 948 006c 38       		.uleb128 0x38
 949 006d 0B       		.uleb128 0xb
 950 006e 00       		.byte	0
 951 006f 00       		.byte	0
 952 0070 09       		.uleb128 0x9
 953 0071 2E       		.uleb128 0x2e
 954 0072 01       		.byte	0x1
 955 0073 03       		.uleb128 0x3
 956 0074 0E       		.uleb128 0xe
 957 0075 3A       		.uleb128 0x3a
 958 0076 0B       		.uleb128 0xb
 959 0077 3B       		.uleb128 0x3b
 960 0078 0B       		.uleb128 0xb
 961 0079 27       		.uleb128 0x27
 962 007a 19       		.uleb128 0x19
 963 007b 49       		.uleb128 0x49
 964 007c 13       		.uleb128 0x13
 965 007d 20       		.uleb128 0x20
 966 007e 0B       		.uleb128 0xb
 967 007f 01       		.uleb128 0x1
ARM GAS  C:\Users\Administrator\AppData\Local\Temp\ccrOmBzB.s 			page 21


 968 0080 13       		.uleb128 0x13
 969 0081 00       		.byte	0
 970 0082 00       		.byte	0
 971 0083 0A       		.uleb128 0xa
 972 0084 05       		.uleb128 0x5
 973 0085 00       		.byte	0
 974 0086 03       		.uleb128 0x3
 975 0087 0E       		.uleb128 0xe
 976 0088 3A       		.uleb128 0x3a
 977 0089 0B       		.uleb128 0xb
 978 008a 3B       		.uleb128 0x3b
 979 008b 0B       		.uleb128 0xb
 980 008c 49       		.uleb128 0x49
 981 008d 13       		.uleb128 0x13
 982 008e 00       		.byte	0
 983 008f 00       		.byte	0
 984 0090 0B       		.uleb128 0xb
 985 0091 34       		.uleb128 0x34
 986 0092 00       		.byte	0
 987 0093 03       		.uleb128 0x3
 988 0094 0E       		.uleb128 0xe
 989 0095 3A       		.uleb128 0x3a
 990 0096 0B       		.uleb128 0xb
 991 0097 3B       		.uleb128 0x3b
 992 0098 0B       		.uleb128 0xb
 993 0099 49       		.uleb128 0x49
 994 009a 13       		.uleb128 0x13
 995 009b 00       		.byte	0
 996 009c 00       		.byte	0
 997 009d 0C       		.uleb128 0xc
 998 009e 2E       		.uleb128 0x2e
 999 009f 01       		.byte	0x1
 1000 00a0 3F       		.uleb128 0x3f
 1001 00a1 19       		.uleb128 0x19
 1002 00a2 03       		.uleb128 0x3
 1003 00a3 0E       		.uleb128 0xe
 1004 00a4 3A       		.uleb128 0x3a
 1005 00a5 0B       		.uleb128 0xb
 1006 00a6 3B       		.uleb128 0x3b
 1007 00a7 0B       		.uleb128 0xb
 1008 00a8 27       		.uleb128 0x27
 1009 00a9 19       		.uleb128 0x19
 1010 00aa 49       		.uleb128 0x49
 1011 00ab 13       		.uleb128 0x13
 1012 00ac 11       		.uleb128 0x11
 1013 00ad 01       		.uleb128 0x1
 1014 00ae 12       		.uleb128 0x12
 1015 00af 06       		.uleb128 0x6
 1016 00b0 40       		.uleb128 0x40
 1017 00b1 18       		.uleb128 0x18
 1018 00b2 9642     		.uleb128 0x2116
 1019 00b4 19       		.uleb128 0x19
 1020 00b5 01       		.uleb128 0x1
 1021 00b6 13       		.uleb128 0x13
 1022 00b7 00       		.byte	0
 1023 00b8 00       		.byte	0
 1024 00b9 0D       		.uleb128 0xd
ARM GAS  C:\Users\Administrator\AppData\Local\Temp\ccrOmBzB.s 			page 22


 1025 00ba 05       		.uleb128 0x5
 1026 00bb 00       		.byte	0
 1027 00bc 03       		.uleb128 0x3
 1028 00bd 0E       		.uleb128 0xe
 1029 00be 3A       		.uleb128 0x3a
 1030 00bf 0B       		.uleb128 0xb
 1031 00c0 3B       		.uleb128 0x3b
 1032 00c1 0B       		.uleb128 0xb
 1033 00c2 49       		.uleb128 0x49
 1034 00c3 13       		.uleb128 0x13
 1035 00c4 02       		.uleb128 0x2
 1036 00c5 17       		.uleb128 0x17
 1037 00c6 00       		.byte	0
 1038 00c7 00       		.byte	0
 1039 00c8 0E       		.uleb128 0xe
 1040 00c9 34       		.uleb128 0x34
 1041 00ca 00       		.byte	0
 1042 00cb 03       		.uleb128 0x3
 1043 00cc 08       		.uleb128 0x8
 1044 00cd 3A       		.uleb128 0x3a
 1045 00ce 0B       		.uleb128 0xb
 1046 00cf 3B       		.uleb128 0x3b
 1047 00d0 0B       		.uleb128 0xb
 1048 00d1 49       		.uleb128 0x49
 1049 00d2 13       		.uleb128 0x13
 1050 00d3 02       		.uleb128 0x2
 1051 00d4 17       		.uleb128 0x17
 1052 00d5 00       		.byte	0
 1053 00d6 00       		.byte	0
 1054 00d7 0F       		.uleb128 0xf
 1055 00d8 0B       		.uleb128 0xb
 1056 00d9 01       		.byte	0x1
 1057 00da 55       		.uleb128 0x55
 1058 00db 17       		.uleb128 0x17
 1059 00dc 01       		.uleb128 0x1
 1060 00dd 13       		.uleb128 0x13
 1061 00de 00       		.byte	0
 1062 00df 00       		.byte	0
 1063 00e0 10       		.uleb128 0x10
 1064 00e1 0B       		.uleb128 0xb
 1065 00e2 01       		.byte	0x1
 1066 00e3 55       		.uleb128 0x55
 1067 00e4 17       		.uleb128 0x17
 1068 00e5 00       		.byte	0
 1069 00e6 00       		.byte	0
 1070 00e7 11       		.uleb128 0x11
 1071 00e8 34       		.uleb128 0x34
 1072 00e9 00       		.byte	0
 1073 00ea 03       		.uleb128 0x3
 1074 00eb 0E       		.uleb128 0xe
 1075 00ec 3A       		.uleb128 0x3a
 1076 00ed 0B       		.uleb128 0xb
 1077 00ee 3B       		.uleb128 0x3b
 1078 00ef 0B       		.uleb128 0xb
 1079 00f0 49       		.uleb128 0x49
 1080 00f1 13       		.uleb128 0x13
 1081 00f2 02       		.uleb128 0x2
ARM GAS  C:\Users\Administrator\AppData\Local\Temp\ccrOmBzB.s 			page 23


 1082 00f3 17       		.uleb128 0x17
 1083 00f4 00       		.byte	0
 1084 00f5 00       		.byte	0
 1085 00f6 12       		.uleb128 0x12
 1086 00f7 1D       		.uleb128 0x1d
 1087 00f8 01       		.byte	0x1
 1088 00f9 31       		.uleb128 0x31
 1089 00fa 13       		.uleb128 0x13
 1090 00fb 11       		.uleb128 0x11
 1091 00fc 01       		.uleb128 0x1
 1092 00fd 12       		.uleb128 0x12
 1093 00fe 06       		.uleb128 0x6
 1094 00ff 58       		.uleb128 0x58
 1095 0100 0B       		.uleb128 0xb
 1096 0101 59       		.uleb128 0x59
 1097 0102 0B       		.uleb128 0xb
 1098 0103 00       		.byte	0
 1099 0104 00       		.byte	0
 1100 0105 13       		.uleb128 0x13
 1101 0106 05       		.uleb128 0x5
 1102 0107 00       		.byte	0
 1103 0108 31       		.uleb128 0x31
 1104 0109 13       		.uleb128 0x13
 1105 010a 02       		.uleb128 0x2
 1106 010b 17       		.uleb128 0x17
 1107 010c 00       		.byte	0
 1108 010d 00       		.byte	0
 1109 010e 14       		.uleb128 0x14
 1110 010f 0B       		.uleb128 0xb
 1111 0110 01       		.byte	0x1
 1112 0111 11       		.uleb128 0x11
 1113 0112 01       		.uleb128 0x1
 1114 0113 12       		.uleb128 0x12
 1115 0114 06       		.uleb128 0x6
 1116 0115 00       		.byte	0
 1117 0116 00       		.byte	0
 1118 0117 15       		.uleb128 0x15
 1119 0118 34       		.uleb128 0x34
 1120 0119 00       		.byte	0
 1121 011a 31       		.uleb128 0x31
 1122 011b 13       		.uleb128 0x13
 1123 011c 02       		.uleb128 0x2
 1124 011d 17       		.uleb128 0x17
 1125 011e 00       		.byte	0
 1126 011f 00       		.byte	0
 1127 0120 16       		.uleb128 0x16
 1128 0121 2E       		.uleb128 0x2e
 1129 0122 01       		.byte	0x1
 1130 0123 3F       		.uleb128 0x3f
 1131 0124 19       		.uleb128 0x19
 1132 0125 03       		.uleb128 0x3
 1133 0126 0E       		.uleb128 0xe
 1134 0127 3A       		.uleb128 0x3a
 1135 0128 0B       		.uleb128 0xb
 1136 0129 3B       		.uleb128 0x3b
 1137 012a 0B       		.uleb128 0xb
 1138 012b 27       		.uleb128 0x27
ARM GAS  C:\Users\Administrator\AppData\Local\Temp\ccrOmBzB.s 			page 24


 1139 012c 19       		.uleb128 0x19
 1140 012d 49       		.uleb128 0x49
 1141 012e 13       		.uleb128 0x13
 1142 012f 11       		.uleb128 0x11
 1143 0130 01       		.uleb128 0x1
 1144 0131 12       		.uleb128 0x12
 1145 0132 06       		.uleb128 0x6
 1146 0133 40       		.uleb128 0x40
 1147 0134 18       		.uleb128 0x18
 1148 0135 9642     		.uleb128 0x2116
 1149 0137 19       		.uleb128 0x19
 1150 0138 00       		.byte	0
 1151 0139 00       		.byte	0
 1152 013a 17       		.uleb128 0x17
 1153 013b 05       		.uleb128 0x5
 1154 013c 00       		.byte	0
 1155 013d 03       		.uleb128 0x3
 1156 013e 08       		.uleb128 0x8
 1157 013f 3A       		.uleb128 0x3a
 1158 0140 0B       		.uleb128 0xb
 1159 0141 3B       		.uleb128 0x3b
 1160 0142 0B       		.uleb128 0xb
 1161 0143 49       		.uleb128 0x49
 1162 0144 13       		.uleb128 0x13
 1163 0145 02       		.uleb128 0x2
 1164 0146 17       		.uleb128 0x17
 1165 0147 00       		.byte	0
 1166 0148 00       		.byte	0
 1167 0149 00       		.byte	0
 1168              		.section	.debug_loc,"",%progbits
 1169              	.Ldebug_loc0:
 1170              	.LLST0:
 1171 0000 00000000 		.4byte	.LVL0
 1172 0004 0A000000 		.4byte	.LVL1
 1173 0008 0100     		.2byte	0x1
 1174 000a 51       		.byte	0x51
 1175 000b 0A000000 		.4byte	.LVL1
 1176 000f 50000000 		.4byte	.LVL15
 1177 0013 0100     		.2byte	0x1
 1178 0015 54       		.byte	0x54
 1179 0016 50000000 		.4byte	.LVL15
 1180 001a 20010000 		.4byte	.LFE4
 1181 001e 0400     		.2byte	0x4
 1182 0020 F3       		.byte	0xf3
 1183 0021 01       		.uleb128 0x1
 1184 0022 51       		.byte	0x51
 1185 0023 9F       		.byte	0x9f
 1186 0024 00000000 		.4byte	0
 1187 0028 00000000 		.4byte	0
 1188              	.LLST1:
 1189 002c 24000000 		.4byte	.LVL7
 1190 0030 3A000000 		.4byte	.LVL10
 1191 0034 0800     		.2byte	0x8
 1192 0036 93       		.byte	0x93
 1193 0037 06       		.uleb128 0x6
 1194 0038 91       		.byte	0x91
 1195 0039 5C       		.sleb128 -36
ARM GAS  C:\Users\Administrator\AppData\Local\Temp\ccrOmBzB.s 			page 25


 1196 003a 93       		.byte	0x93
 1197 003b 01       		.uleb128 0x1
 1198 003c 93       		.byte	0x93
 1199 003d 01       		.uleb128 0x1
 1200 003e 3A000000 		.4byte	.LVL10
 1201 0042 46000000 		.4byte	.LVL12
 1202 0046 0C00     		.2byte	0xc
 1203 0048 93       		.byte	0x93
 1204 0049 05       		.uleb128 0x5
 1205 004a 91       		.byte	0x91
 1206 004b 60       		.sleb128 -32
 1207 004c 93       		.byte	0x93
 1208 004d 01       		.uleb128 0x1
 1209 004e 91       		.byte	0x91
 1210 004f 5C       		.sleb128 -36
 1211 0050 93       		.byte	0x93
 1212 0051 01       		.uleb128 0x1
 1213 0052 93       		.byte	0x93
 1214 0053 01       		.uleb128 0x1
 1215 0054 46000000 		.4byte	.LVL12
 1216 0058 50000000 		.4byte	.LVL15
 1217 005c 1000     		.2byte	0x10
 1218 005e 93       		.byte	0x93
 1219 005f 04       		.uleb128 0x4
 1220 0060 91       		.byte	0x91
 1221 0061 64       		.sleb128 -28
 1222 0062 93       		.byte	0x93
 1223 0063 01       		.uleb128 0x1
 1224 0064 91       		.byte	0x91
 1225 0065 60       		.sleb128 -32
 1226 0066 93       		.byte	0x93
 1227 0067 01       		.uleb128 0x1
 1228 0068 91       		.byte	0x91
 1229 0069 5C       		.sleb128 -36
 1230 006a 93       		.byte	0x93
 1231 006b 01       		.uleb128 0x1
 1232 006c 93       		.byte	0x93
 1233 006d 01       		.uleb128 0x1
 1234 006e 50000000 		.4byte	.LVL15
 1235 0072 84000000 		.4byte	.LVL19
 1236 0076 1300     		.2byte	0x13
 1237 0078 55       		.byte	0x55
 1238 0079 93       		.byte	0x93
 1239 007a 02       		.uleb128 0x2
 1240 007b 93       		.byte	0x93
 1241 007c 02       		.uleb128 0x2
 1242 007d 91       		.byte	0x91
 1243 007e 64       		.sleb128 -28
 1244 007f 93       		.byte	0x93
 1245 0080 01       		.uleb128 0x1
 1246 0081 91       		.byte	0x91
 1247 0082 60       		.sleb128 -32
 1248 0083 93       		.byte	0x93
 1249 0084 01       		.uleb128 0x1
 1250 0085 91       		.byte	0x91
 1251 0086 5C       		.sleb128 -36
 1252 0087 93       		.byte	0x93
ARM GAS  C:\Users\Administrator\AppData\Local\Temp\ccrOmBzB.s 			page 26


 1253 0088 01       		.uleb128 0x1
 1254 0089 93       		.byte	0x93
 1255 008a 01       		.uleb128 0x1
 1256 008b 84000000 		.4byte	.LVL19
 1257 008f 8A000000 		.4byte	.LVL21
 1258 0093 1000     		.2byte	0x10
 1259 0095 93       		.byte	0x93
 1260 0096 04       		.uleb128 0x4
 1261 0097 91       		.byte	0x91
 1262 0098 64       		.sleb128 -28
 1263 0099 93       		.byte	0x93
 1264 009a 01       		.uleb128 0x1
 1265 009b 91       		.byte	0x91
 1266 009c 60       		.sleb128 -32
 1267 009d 93       		.byte	0x93
 1268 009e 01       		.uleb128 0x1
 1269 009f 91       		.byte	0x91
 1270 00a0 5C       		.sleb128 -36
 1271 00a1 93       		.byte	0x93
 1272 00a2 01       		.uleb128 0x1
 1273 00a3 93       		.byte	0x93
 1274 00a4 01       		.uleb128 0x1
 1275 00a5 8A000000 		.4byte	.LVL21
 1276 00a9 A2000000 		.4byte	.LVL23
 1277 00ad 1700     		.2byte	0x17
 1278 00af 55       		.byte	0x55
 1279 00b0 93       		.byte	0x93
 1280 00b1 02       		.uleb128 0x2
 1281 00b2 30       		.byte	0x30
 1282 00b3 9F       		.byte	0x9f
 1283 00b4 93       		.byte	0x93
 1284 00b5 01       		.uleb128 0x1
 1285 00b6 93       		.byte	0x93
 1286 00b7 01       		.uleb128 0x1
 1287 00b8 91       		.byte	0x91
 1288 00b9 64       		.sleb128 -28
 1289 00ba 93       		.byte	0x93
 1290 00bb 01       		.uleb128 0x1
 1291 00bc 91       		.byte	0x91
 1292 00bd 60       		.sleb128 -32
 1293 00be 93       		.byte	0x93
 1294 00bf 01       		.uleb128 0x1
 1295 00c0 91       		.byte	0x91
 1296 00c1 5C       		.sleb128 -36
 1297 00c2 93       		.byte	0x93
 1298 00c3 01       		.uleb128 0x1
 1299 00c4 93       		.byte	0x93
 1300 00c5 01       		.uleb128 0x1
 1301 00c6 A2000000 		.4byte	.LVL23
 1302 00ca B2000000 		.4byte	.LVL27
 1303 00ce 1300     		.2byte	0x13
 1304 00d0 55       		.byte	0x55
 1305 00d1 93       		.byte	0x93
 1306 00d2 02       		.uleb128 0x2
 1307 00d3 93       		.byte	0x93
 1308 00d4 02       		.uleb128 0x2
 1309 00d5 91       		.byte	0x91
ARM GAS  C:\Users\Administrator\AppData\Local\Temp\ccrOmBzB.s 			page 27


 1310 00d6 64       		.sleb128 -28
 1311 00d7 93       		.byte	0x93
 1312 00d8 01       		.uleb128 0x1
 1313 00d9 91       		.byte	0x91
 1314 00da 60       		.sleb128 -32
 1315 00db 93       		.byte	0x93
 1316 00dc 01       		.uleb128 0x1
 1317 00dd 91       		.byte	0x91
 1318 00de 5C       		.sleb128 -36
 1319 00df 93       		.byte	0x93
 1320 00e0 01       		.uleb128 0x1
 1321 00e1 93       		.byte	0x93
 1322 00e2 01       		.uleb128 0x1
 1323 00e3 B2000000 		.4byte	.LVL27
 1324 00e7 DC000000 		.4byte	.LVL31
 1325 00eb 1600     		.2byte	0x16
 1326 00ed 55       		.byte	0x55
 1327 00ee 93       		.byte	0x93
 1328 00ef 02       		.uleb128 0x2
 1329 00f0 53       		.byte	0x53
 1330 00f1 93       		.byte	0x93
 1331 00f2 01       		.uleb128 0x1
 1332 00f3 93       		.byte	0x93
 1333 00f4 01       		.uleb128 0x1
 1334 00f5 91       		.byte	0x91
 1335 00f6 64       		.sleb128 -28
 1336 00f7 93       		.byte	0x93
 1337 00f8 01       		.uleb128 0x1
 1338 00f9 91       		.byte	0x91
 1339 00fa 60       		.sleb128 -32
 1340 00fb 93       		.byte	0x93
 1341 00fc 01       		.uleb128 0x1
 1342 00fd 91       		.byte	0x91
 1343 00fe 5C       		.sleb128 -36
 1344 00ff 93       		.byte	0x93
 1345 0100 01       		.uleb128 0x1
 1346 0101 93       		.byte	0x93
 1347 0102 01       		.uleb128 0x1
 1348 0103 DC000000 		.4byte	.LVL31
 1349 0107 F8000000 		.4byte	.LVL32
 1350 010b 1300     		.2byte	0x13
 1351 010d 55       		.byte	0x55
 1352 010e 93       		.byte	0x93
 1353 010f 02       		.uleb128 0x2
 1354 0110 93       		.byte	0x93
 1355 0111 02       		.uleb128 0x2
 1356 0112 91       		.byte	0x91
 1357 0113 64       		.sleb128 -28
 1358 0114 93       		.byte	0x93
 1359 0115 01       		.uleb128 0x1
 1360 0116 91       		.byte	0x91
 1361 0117 60       		.sleb128 -32
 1362 0118 93       		.byte	0x93
 1363 0119 01       		.uleb128 0x1
 1364 011a 91       		.byte	0x91
 1365 011b 5C       		.sleb128 -36
 1366 011c 93       		.byte	0x93
ARM GAS  C:\Users\Administrator\AppData\Local\Temp\ccrOmBzB.s 			page 28


 1367 011d 01       		.uleb128 0x1
 1368 011e 93       		.byte	0x93
 1369 011f 01       		.uleb128 0x1
 1370 0120 F8000000 		.4byte	.LVL32
 1371 0124 0E010000 		.4byte	.LVL33
 1372 0128 1800     		.2byte	0x18
 1373 012a 55       		.byte	0x55
 1374 012b 93       		.byte	0x93
 1375 012c 02       		.uleb128 0x2
 1376 012d 93       		.byte	0x93
 1377 012e 01       		.uleb128 0x1
 1378 012f 74       		.byte	0x74
 1379 0130 01       		.sleb128 1
 1380 0131 9F       		.byte	0x9f
 1381 0132 93       		.byte	0x93
 1382 0133 01       		.uleb128 0x1
 1383 0134 91       		.byte	0x91
 1384 0135 64       		.sleb128 -28
 1385 0136 93       		.byte	0x93
 1386 0137 01       		.uleb128 0x1
 1387 0138 91       		.byte	0x91
 1388 0139 60       		.sleb128 -32
 1389 013a 93       		.byte	0x93
 1390 013b 01       		.uleb128 0x1
 1391 013c 91       		.byte	0x91
 1392 013d 5C       		.sleb128 -36
 1393 013e 93       		.byte	0x93
 1394 013f 01       		.uleb128 0x1
 1395 0140 93       		.byte	0x93
 1396 0141 01       		.uleb128 0x1
 1397 0142 0E010000 		.4byte	.LVL33
 1398 0146 14010000 		.4byte	.LVL34
 1399 014a 1300     		.2byte	0x13
 1400 014c 55       		.byte	0x55
 1401 014d 93       		.byte	0x93
 1402 014e 02       		.uleb128 0x2
 1403 014f 93       		.byte	0x93
 1404 0150 02       		.uleb128 0x2
 1405 0151 91       		.byte	0x91
 1406 0152 64       		.sleb128 -28
 1407 0153 93       		.byte	0x93
 1408 0154 01       		.uleb128 0x1
 1409 0155 91       		.byte	0x91
 1410 0156 60       		.sleb128 -32
 1411 0157 93       		.byte	0x93
 1412 0158 01       		.uleb128 0x1
 1413 0159 91       		.byte	0x91
 1414 015a 5C       		.sleb128 -36
 1415 015b 93       		.byte	0x93
 1416 015c 01       		.uleb128 0x1
 1417 015d 93       		.byte	0x93
 1418 015e 01       		.uleb128 0x1
 1419 015f 00000000 		.4byte	0
 1420 0163 00000000 		.4byte	0
 1421              	.LLST2:
 1422 0167 12000000 		.4byte	.LVL4
 1423 016b 14000000 		.4byte	.LVL5
ARM GAS  C:\Users\Administrator\AppData\Local\Temp\ccrOmBzB.s 			page 29


 1424 016f 0100     		.2byte	0x1
 1425 0171 51       		.byte	0x51
 1426 0172 14000000 		.4byte	.LVL5
 1427 0176 4E000000 		.4byte	.LVL14
 1428 017a 0100     		.2byte	0x1
 1429 017c 55       		.byte	0x55
 1430 017d 00000000 		.4byte	0
 1431 0181 00000000 		.4byte	0
 1432              	.LLST3:
 1433 0185 50000000 		.4byte	.LVL15
 1434 0189 82000000 		.4byte	.LVL18
 1435 018d 0100     		.2byte	0x1
 1436 018f 54       		.byte	0x54
 1437 0190 86000000 		.4byte	.LVL20
 1438 0194 AE000000 		.4byte	.LVL25
 1439 0198 0100     		.2byte	0x1
 1440 019a 54       		.byte	0x54
 1441 019b B0000000 		.4byte	.LVL26
 1442 019f 0E010000 		.4byte	.LVL33
 1443 01a3 0100     		.2byte	0x1
 1444 01a5 54       		.byte	0x54
 1445 01a6 00000000 		.4byte	0
 1446 01aa 00000000 		.4byte	0
 1447              	.LLST4:
 1448 01ae A2000000 		.4byte	.LVL23
 1449 01b2 A6000000 		.4byte	.LVL24
 1450 01b6 0100     		.2byte	0x1
 1451 01b8 50       		.byte	0x50
 1452 01b9 00000000 		.4byte	0
 1453 01bd 00000000 		.4byte	0
 1454              	.LLST5:
 1455 01c1 C2000000 		.4byte	.LVL28
 1456 01c5 D0000000 		.4byte	.LVL30
 1457 01c9 0100     		.2byte	0x1
 1458 01cb 53       		.byte	0x53
 1459 01cc 00000000 		.4byte	0
 1460 01d0 00000000 		.4byte	0
 1461              	.LLST6:
 1462 01d4 C2000000 		.4byte	.LVL28
 1463 01d8 C4000000 		.4byte	.LVL29
 1464 01dc 0100     		.2byte	0x1
 1465 01de 50       		.byte	0x50
 1466 01df 00000000 		.4byte	0
 1467 01e3 00000000 		.4byte	0
 1468              	.LLST7:
 1469 01e7 C2000000 		.4byte	.LVL28
 1470 01eb DC000000 		.4byte	.LVL31
 1471 01ef 0200     		.2byte	0x2
 1472 01f1 4F       		.byte	0x4f
 1473 01f2 9F       		.byte	0x9f
 1474 01f3 00000000 		.4byte	0
 1475 01f7 00000000 		.4byte	0
 1476              	.LLST8:
 1477 01fb 04000000 		.4byte	.LVL36
 1478 01ff 24000000 		.4byte	.LVL37
 1479 0203 0500     		.2byte	0x5
 1480 0205 54       		.byte	0x54
ARM GAS  C:\Users\Administrator\AppData\Local\Temp\ccrOmBzB.s 			page 30


 1481 0206 93       		.byte	0x93
 1482 0207 02       		.uleb128 0x2
 1483 0208 93       		.byte	0x93
 1484 0209 06       		.uleb128 0x6
 1485 020a 24000000 		.4byte	.LVL37
 1486 020e 8C000000 		.4byte	.LVL56
 1487 0212 1700     		.2byte	0x17
 1488 0214 54       		.byte	0x54
 1489 0215 93       		.byte	0x93
 1490 0216 02       		.uleb128 0x2
 1491 0217 91       		.byte	0x91
 1492 0218 62       		.sleb128 -30
 1493 0219 94       		.byte	0x94
 1494 021a 01       		.byte	0x1
 1495 021b 31       		.byte	0x31
 1496 021c 1C       		.byte	0x1c
 1497 021d 9F       		.byte	0x9f
 1498 021e 93       		.byte	0x93
 1499 021f 01       		.uleb128 0x1
 1500 0220 91       		.byte	0x91
 1501 0221 63       		.sleb128 -29
 1502 0222 94       		.byte	0x94
 1503 0223 01       		.byte	0x1
 1504 0224 31       		.byte	0x31
 1505 0225 1C       		.byte	0x1c
 1506 0226 9F       		.byte	0x9f
 1507 0227 93       		.byte	0x93
 1508 0228 01       		.uleb128 0x1
 1509 0229 93       		.byte	0x93
 1510 022a 04       		.uleb128 0x4
 1511 022b 8C000000 		.4byte	.LVL56
 1512 022f E4000000 		.4byte	.LFE5
 1513 0233 1600     		.2byte	0x16
 1514 0235 93       		.byte	0x93
 1515 0236 02       		.uleb128 0x2
 1516 0237 91       		.byte	0x91
 1517 0238 62       		.sleb128 -30
 1518 0239 94       		.byte	0x94
 1519 023a 01       		.byte	0x1
 1520 023b 31       		.byte	0x31
 1521 023c 1C       		.byte	0x1c
 1522 023d 9F       		.byte	0x9f
 1523 023e 93       		.byte	0x93
 1524 023f 01       		.uleb128 0x1
 1525 0240 91       		.byte	0x91
 1526 0241 63       		.sleb128 -29
 1527 0242 94       		.byte	0x94
 1528 0243 01       		.byte	0x1
 1529 0244 31       		.byte	0x31
 1530 0245 1C       		.byte	0x1c
 1531 0246 9F       		.byte	0x9f
 1532 0247 93       		.byte	0x93
 1533 0248 01       		.uleb128 0x1
 1534 0249 93       		.byte	0x93
 1535 024a 04       		.uleb128 0x4
 1536 024b 00000000 		.4byte	0
 1537 024f 00000000 		.4byte	0
ARM GAS  C:\Users\Administrator\AppData\Local\Temp\ccrOmBzB.s 			page 31


 1538              	.LLST9:
 1539 0253 2A000000 		.4byte	.LVL38
 1540 0257 2D000000 		.4byte	.LVL39-1
 1541 025b 0100     		.2byte	0x1
 1542 025d 53       		.byte	0x53
 1543 025e 2D000000 		.4byte	.LVL39-1
 1544 0262 CE000000 		.4byte	.LVL63
 1545 0266 0200     		.2byte	0x2
 1546 0268 91       		.byte	0x91
 1547 0269 5C       		.sleb128 -36
 1548 026a CE000000 		.4byte	.LVL63
 1549 026e D8000000 		.4byte	.LVL65
 1550 0272 1100     		.2byte	0x11
 1551 0274 75       		.byte	0x75
 1552 0275 00       		.sleb128 0
 1553 0276 0A       		.byte	0xa
 1554 0277 FFFF     		.2byte	0xffff
 1555 0279 1A       		.byte	0x1a
 1556 027a 0C       		.byte	0xc
 1557 027b 80510100 		.4byte	0x15180
 1558 027f 1E       		.byte	0x1e
 1559 0280 91       		.byte	0x91
 1560 0281 5C       		.sleb128 -36
 1561 0282 06       		.byte	0x6
 1562 0283 22       		.byte	0x22
 1563 0284 9F       		.byte	0x9f
 1564 0285 00000000 		.4byte	0
 1565 0289 00000000 		.4byte	0
 1566              	.LLST10:
 1567 028d 4A000000 		.4byte	.LVL41
 1568 0291 82000000 		.4byte	.LVL52
 1569 0295 0100     		.2byte	0x1
 1570 0297 55       		.byte	0x55
 1571 0298 84000000 		.4byte	.LVL53
 1572 029c CA000000 		.4byte	.LVL61
 1573 02a0 0100     		.2byte	0x1
 1574 02a2 55       		.byte	0x55
 1575 02a3 CC000000 		.4byte	.LVL62
 1576 02a7 D8000000 		.4byte	.LVL65
 1577 02ab 0100     		.2byte	0x1
 1578 02ad 55       		.byte	0x55
 1579 02ae 00000000 		.4byte	0
 1580 02b2 00000000 		.4byte	0
 1581              	.LLST11:
 1582 02b6 4A000000 		.4byte	.LVL41
 1583 02ba 4E000000 		.4byte	.LVL42
 1584 02be 0700     		.2byte	0x7
 1585 02c0 91       		.byte	0x91
 1586 02c1 62       		.sleb128 -30
 1587 02c2 94       		.byte	0x94
 1588 02c3 01       		.byte	0x1
 1589 02c4 31       		.byte	0x31
 1590 02c5 1C       		.byte	0x1c
 1591 02c6 9F       		.byte	0x9f
 1592 02c7 4E000000 		.4byte	.LVL42
 1593 02cb 52000000 		.4byte	.LVL43
 1594 02cf 0300     		.2byte	0x3
ARM GAS  C:\Users\Administrator\AppData\Local\Temp\ccrOmBzB.s 			page 32


 1595 02d1 70       		.byte	0x70
 1596 02d2 01       		.sleb128 1
 1597 02d3 9F       		.byte	0x9f
 1598 02d4 52000000 		.4byte	.LVL43
 1599 02d8 86000000 		.4byte	.LVL54
 1600 02dc 0100     		.2byte	0x1
 1601 02de 50       		.byte	0x50
 1602 02df 88000000 		.4byte	.LVL55
 1603 02e3 8C000000 		.4byte	.LVL56
 1604 02e7 0100     		.2byte	0x1
 1605 02e9 50       		.byte	0x50
 1606 02ea 00000000 		.4byte	0
 1607 02ee 00000000 		.4byte	0
 1608              	.LLST12:
 1609 02f2 64000000 		.4byte	.LVL44
 1610 02f6 76000000 		.4byte	.LVL48
 1611 02fa 0100     		.2byte	0x1
 1612 02fc 50       		.byte	0x50
 1613 02fd 76000000 		.4byte	.LVL48
 1614 0301 7A000000 		.4byte	.LVL50
 1615 0305 0100     		.2byte	0x1
 1616 0307 52       		.byte	0x52
 1617 0308 00000000 		.4byte	0
 1618 030c 00000000 		.4byte	0
 1619              	.LLST13:
 1620 0310 64000000 		.4byte	.LVL44
 1621 0314 6C000000 		.4byte	.LVL45
 1622 0318 0100     		.2byte	0x1
 1623 031a 53       		.byte	0x53
 1624 031b 70000000 		.4byte	.LVL47
 1625 031f 78000000 		.4byte	.LVL49
 1626 0323 0100     		.2byte	0x1
 1627 0325 53       		.byte	0x53
 1628 0326 00000000 		.4byte	0
 1629 032a 00000000 		.4byte	0
 1630              	.LLST14:
 1631 032e 64000000 		.4byte	.LVL44
 1632 0332 6E000000 		.4byte	.LVL46
 1633 0336 0200     		.2byte	0x2
 1634 0338 4F       		.byte	0x4f
 1635 0339 9F       		.byte	0x9f
 1636 033a 6E000000 		.4byte	.LVL46
 1637 033e 70000000 		.4byte	.LVL47
 1638 0342 0100     		.2byte	0x1
 1639 0344 52       		.byte	0x52
 1640 0345 70000000 		.4byte	.LVL47
 1641 0349 80000000 		.4byte	.LVL51
 1642 034d 0200     		.2byte	0x2
 1643 034f 4F       		.byte	0x4f
 1644 0350 9F       		.byte	0x9f
 1645 0351 00000000 		.4byte	0
 1646 0355 00000000 		.4byte	0
 1647              	.LLST15:
 1648 0359 8C000000 		.4byte	.LVL56
 1649 035d 8E000000 		.4byte	.LVL57
 1650 0361 0100     		.2byte	0x1
 1651 0363 54       		.byte	0x54
ARM GAS  C:\Users\Administrator\AppData\Local\Temp\ccrOmBzB.s 			page 33


 1652 0364 90000000 		.4byte	.LVL58
 1653 0368 D8000000 		.4byte	.LVL64
 1654 036c 0100     		.2byte	0x1
 1655 036e 54       		.byte	0x54
 1656 036f 00000000 		.4byte	0
 1657 0373 00000000 		.4byte	0
 1658              		.section	.debug_aranges,"",%progbits
 1659 0000 24000000 		.4byte	0x24
 1660 0004 0200     		.2byte	0x2
 1661 0006 00000000 		.4byte	.Ldebug_info0
 1662 000a 04       		.byte	0x4
 1663 000b 00       		.byte	0
 1664 000c 0000     		.2byte	0
 1665 000e 0000     		.2byte	0
 1666 0010 00000000 		.4byte	.LFB4
 1667 0014 20010000 		.4byte	.LFE4-.LFB4
 1668 0018 00000000 		.4byte	.LFB5
 1669 001c E4000000 		.4byte	.LFE5-.LFB5
 1670 0020 00000000 		.4byte	0
 1671 0024 00000000 		.4byte	0
 1672              		.section	.debug_ranges,"",%progbits
 1673              	.Ldebug_ranges0:
 1674 0000 08000000 		.4byte	.LBB8
 1675 0004 3E000000 		.4byte	.LBE8
 1676 0008 40000000 		.4byte	.LBB12
 1677 000c 42000000 		.4byte	.LBE12
 1678 0010 44000000 		.4byte	.LBB14
 1679 0014 46000000 		.4byte	.LBE14
 1680 0018 00000000 		.4byte	0
 1681 001c 00000000 		.4byte	0
 1682 0020 3E000000 		.4byte	.LBB9
 1683 0024 40000000 		.4byte	.LBE9
 1684 0028 42000000 		.4byte	.LBB13
 1685 002c 44000000 		.4byte	.LBE13
 1686 0030 46000000 		.4byte	.LBB15
 1687 0034 F8000000 		.4byte	.LBE15
 1688 0038 00000000 		.4byte	0
 1689 003c 00000000 		.4byte	0
 1690 0040 1E000000 		.4byte	.LBB21
 1691 0044 20000000 		.4byte	.LBE21
 1692 0048 24000000 		.4byte	.LBB29
 1693 004c 28000000 		.4byte	.LBE29
 1694 0050 2A000000 		.4byte	.LBB30
 1695 0054 CE000000 		.4byte	.LBE30
 1696 0058 00000000 		.4byte	0
 1697 005c 00000000 		.4byte	0
 1698 0060 1E000000 		.4byte	.LBB22
 1699 0064 20000000 		.4byte	.LBE22
 1700 0068 24000000 		.4byte	.LBB25
 1701 006c 28000000 		.4byte	.LBE25
 1702 0070 2A000000 		.4byte	.LBB26
 1703 0074 42000000 		.4byte	.LBE26
 1704 0078 4A000000 		.4byte	.LBB27
 1705 007c 88000000 		.4byte	.LBE27
 1706 0080 00000000 		.4byte	0
 1707 0084 00000000 		.4byte	0
 1708 0088 00000000 		.4byte	.LFB4
ARM GAS  C:\Users\Administrator\AppData\Local\Temp\ccrOmBzB.s 			page 34


 1709 008c 20010000 		.4byte	.LFE4
 1710 0090 00000000 		.4byte	.LFB5
 1711 0094 E4000000 		.4byte	.LFE5
 1712 0098 00000000 		.4byte	0
 1713 009c 00000000 		.4byte	0
 1714              		.section	.debug_line,"",%progbits
 1715              	.Ldebug_line0:
 1716 0000 29010000 		.section	.debug_str,"MS",%progbits,1
 1716      02005800 
 1716      00000201 
 1716      FB0E0D00 
 1716      01010101 
 1717              	.LASF30:
 1718 0000 64617973 		.ascii	"days\000"
 1718      00
 1719              	.LASF24:
 1720 0005 4C656170 		.ascii	"LeapYearFlag\000"
 1720      59656172 
 1720      466C6167 
 1720      00
 1721              	.LASF32:
 1722 0012 79656172 		.ascii	"year\000"
 1722      00
 1723              	.LASF3:
 1724 0017 73686F72 		.ascii	"short unsigned int\000"
 1724      7420756E 
 1724      7369676E 
 1724      65642069 
 1724      6E7400
 1725              	.LASF26:
 1726 002a 6E756D44 		.ascii	"numDays\000"
 1726      61797300 
 1727              	.LASF31:
 1728 0032 6D6F6E74 		.ascii	"month\000"
 1728      6800
 1729              	.LASF20:
 1730 0038 55544354 		.ascii	"UTCTime\000"
 1730      696D6500 
 1731              	.LASF19:
 1732 0040 494E5431 		.ascii	"INT16U\000"
 1732      365500
 1733              	.LASF13:
 1734 0047 666C6F61 		.ascii	"float\000"
 1734      7400
 1735              	.LASF1:
 1736 004d 756E7369 		.ascii	"unsigned char\000"
 1736      676E6564 
 1736      20636861 
 1736      7200
 1737              	.LASF23:
 1738 005b 54696D65 		.ascii	"TimeInfo\000"
 1738      496E666F 
 1738      00
 1739              	.LASF27:
 1740 0064 6D6F6E74 		.ascii	"monthLen\000"
 1740      684C656E 
 1740      00
ARM GAS  C:\Users\Administrator\AppData\Local\Temp\ccrOmBzB.s 			page 35


 1741              	.LASF5:
 1742 006d 6C6F6E67 		.ascii	"long unsigned int\000"
 1742      20756E73 
 1742      69676E65 
 1742      6420696E 
 1742      7400
 1743              	.LASF9:
 1744 007f 75696E74 		.ascii	"uint8\000"
 1744      3800
 1745              	.LASF25:
 1746 0085 4D6F6E74 		.ascii	"Month\000"
 1746      6800
 1747              	.LASF34:
 1748 008b 436F6465 		.ascii	"Code\\Common\\utc.c\000"
 1748      5C436F6D 
 1748      6D6F6E5C 
 1748      7574632E 
 1748      6300
 1749              	.LASF21:
 1750 009d 59656172 		.ascii	"Year\000"
 1750      00
 1751              	.LASF14:
 1752 00a2 646F7562 		.ascii	"double\000"
 1752      6C6500
 1753              	.LASF39:
 1754 00a9 54696D65 		.ascii	"Time_ConvertTo_UtcTime\000"
 1754      5F436F6E 
 1754      76657274 
 1754      546F5F55 
 1754      74635469 
 1755              	.LASF38:
 1756 00c0 55746354 		.ascii	"UtcTime_ConvertTo_Time\000"
 1756      696D655F 
 1756      436F6E76 
 1756      65727454 
 1756      6F5F5469 
 1757              	.LASF10:
 1758 00d7 75696E74 		.ascii	"uint16\000"
 1758      313600
 1759              	.LASF12:
 1760 00de 696E7438 		.ascii	"int8\000"
 1760      00
 1761              	.LASF11:
 1762 00e3 75696E74 		.ascii	"uint32\000"
 1762      333200
 1763              	.LASF8:
 1764 00ea 756E7369 		.ascii	"unsigned int\000"
 1764      676E6564 
 1764      20696E74 
 1764      00
 1765              	.LASF35:
 1766 00f7 473A5C50 		.ascii	"G:\\Psoc4_prj\\7.rental_house\\18-05-03\\EntranceGu"
 1766      736F6334 
 1766      5F70726A 
 1766      5C372E72 
 1766      656E7461 
 1767 0126 6172645F 		.ascii	"ard_180512-1624\\EntranceGuard.cydsn\000"
ARM GAS  C:\Users\Administrator\AppData\Local\Temp\ccrOmBzB.s 			page 36


 1767      31383035 
 1767      31322D31 
 1767      3632345C 
 1767      456E7472 
 1768              	.LASF18:
 1769 014a 494E5438 		.ascii	"INT8U\000"
 1769      5500
 1770              	.LASF7:
 1771 0150 6C6F6E67 		.ascii	"long long unsigned int\000"
 1771      206C6F6E 
 1771      6720756E 
 1771      7369676E 
 1771      65642069 
 1772              	.LASF36:
 1773 0167 74616754 		.ascii	"tagTimeInfo\000"
 1773      696D6549 
 1773      6E666F00 
 1774              	.LASF37:
 1775 0173 4D6F6E74 		.ascii	"MonthLength\000"
 1775      684C656E 
 1775      67746800 
 1776              	.LASF17:
 1777 017f 73697A65 		.ascii	"sizetype\000"
 1777      74797065 
 1777      00
 1778              	.LASF6:
 1779 0188 6C6F6E67 		.ascii	"long long int\000"
 1779      206C6F6E 
 1779      6720696E 
 1779      7400
 1780              	.LASF29:
 1781 0196 7365636F 		.ascii	"seconds\000"
 1781      6E647300 
 1782              	.LASF15:
 1783 019e 63686172 		.ascii	"char\000"
 1783      00
 1784              	.LASF2:
 1785 01a3 73686F72 		.ascii	"short int\000"
 1785      7420696E 
 1785      7400
 1786              	.LASF22:
 1787 01ad 486F7572 		.ascii	"Hour\000"
 1787      00
 1788              	.LASF4:
 1789 01b2 6C6F6E67 		.ascii	"long int\000"
 1789      20696E74 
 1789      00
 1790              	.LASF28:
 1791 01bb 73656354 		.ascii	"secTime\000"
 1791      696D6500 
 1792              	.LASF16:
 1793 01c3 6C6F6E67 		.ascii	"long double\000"
 1793      20646F75 
 1793      626C6500 
 1794              	.LASF0:
 1795 01cf 7369676E 		.ascii	"signed char\000"
 1795      65642063 
ARM GAS  C:\Users\Administrator\AppData\Local\Temp\ccrOmBzB.s 			page 37


 1795      68617200 
 1796              	.LASF33:
 1797 01db 474E5520 		.ascii	"GNU C11 5.4.1 20160609 (release) [ARM/embedded-5-br"
 1797      43313120 
 1797      352E342E 
 1797      31203230 
 1797      31363036 
 1798 020e 616E6368 		.ascii	"anch revision 237715] -mcpu=cortex-m0 -mthumb -g -O"
 1798      20726576 
 1798      6973696F 
 1798      6E203233 
 1798      37373135 
 1799 0241 73202D66 		.ascii	"s -ffunction-sections -ffat-lto-objects\000"
 1799      66756E63 
 1799      74696F6E 
 1799      2D736563 
 1799      74696F6E 
 1800              		.ident	"GCC: (GNU Tools for ARM Embedded Processors) 5.4.1 20160609 (release) [ARM/embedded-5-bran
